[2024-03-26T12:41:19.786+0000] {taskinstance.py:1956} INFO - Dependencies all met for dep_context=non-requeueable deps ti=<TaskInstance: liver_disease_pipeline.preprocessing manual__2024-03-26T12:41:08.274698+00:00 [queued]>
[2024-03-26T12:41:19.793+0000] {taskinstance.py:1956} INFO - Dependencies all met for dep_context=requeueable deps ti=<TaskInstance: liver_disease_pipeline.preprocessing manual__2024-03-26T12:41:08.274698+00:00 [queued]>
[2024-03-26T12:41:19.793+0000] {taskinstance.py:2170} INFO - Starting attempt 1 of 2
[2024-03-26T12:41:19.804+0000] {taskinstance.py:2191} INFO - Executing <Task(PythonOperator): preprocessing> on 2024-03-26 12:41:08.274698+00:00
[2024-03-26T12:41:19.809+0000] {standard_task_runner.py:60} INFO - Started process 412 to run task
[2024-03-26T12:41:19.810+0000] {standard_task_runner.py:87} INFO - Running: ['***', 'tasks', 'run', 'liver_disease_pipeline', 'preprocessing', 'manual__2024-03-26T12:41:08.274698+00:00', '--job-id', '94', '--raw', '--subdir', 'DAGS_FOLDER/pipeline.py', '--cfg-path', '/tmp/tmpx4n__xxr']
[2024-03-26T12:41:19.812+0000] {standard_task_runner.py:88} INFO - Job 94: Subtask preprocessing
[2024-03-26T12:41:19.850+0000] {task_command.py:423} INFO - Running <TaskInstance: liver_disease_pipeline.preprocessing manual__2024-03-26T12:41:08.274698+00:00 [running]> on host 26e863625f16
[2024-03-26T12:41:19.910+0000] {taskinstance.py:2480} INFO - Exporting env vars: AIRFLOW_CTX_DAG_EMAIL='admin@localhost.com' AIRFLOW_CTX_DAG_OWNER='***' AIRFLOW_CTX_DAG_ID='liver_disease_pipeline' AIRFLOW_CTX_TASK_ID='preprocessing' AIRFLOW_CTX_EXECUTION_DATE='2024-03-26T12:41:08.274698+00:00' AIRFLOW_CTX_TRY_NUMBER='1' AIRFLOW_CTX_DAG_RUN_ID='manual__2024-03-26T12:41:08.274698+00:00'
[2024-03-26T12:41:20.243+0000] {python.py:201} INFO - Done. Returned value was:        Age of the patient  ...  Result
0                    65.0  ...       1
1                    62.0  ...       1
2                    62.0  ...       1
3                    58.0  ...       1
4                    72.0  ...       1
...                   ...  ...     ...
29974                58.0  ...       1
29976                28.0  ...       1
30686                50.0  ...       1
30688                54.0  ...       1
30689                48.0  ...       1

[16389 rows x 11 columns]
[2024-03-26T12:41:20.346+0000] {taskinstance.py:1138} INFO - Marking task as SUCCESS. dag_id=liver_disease_pipeline, task_id=preprocessing, execution_date=20240326T124108, start_date=20240326T124119, end_date=20240326T124120
[2024-03-26T12:41:20.386+0000] {local_task_job_runner.py:234} INFO - Task exited with return code 0
[2024-03-26T12:41:20.409+0000] {taskinstance.py:3280} INFO - 1 downstream tasks scheduled from follow-on schedule check
