[2024-04-08T17:03:25.901+0000] {taskinstance.py:1956} INFO - Dependencies all met for dep_context=non-requeueable deps ti=<TaskInstance: liver_disease_pipeline_2.creating_feature_store manual__2024-04-08T17:03:07.391211+00:00 [queued]>
[2024-04-08T17:03:25.910+0000] {taskinstance.py:1956} INFO - Dependencies all met for dep_context=requeueable deps ti=<TaskInstance: liver_disease_pipeline_2.creating_feature_store manual__2024-04-08T17:03:07.391211+00:00 [queued]>
[2024-04-08T17:03:25.911+0000] {taskinstance.py:2170} INFO - Starting attempt 1 of 2
[2024-04-08T17:03:25.922+0000] {taskinstance.py:2191} INFO - Executing <Task(PythonOperator): creating_feature_store> on 2024-04-08 17:03:07.391211+00:00
[2024-04-08T17:03:25.929+0000] {standard_task_runner.py:60} INFO - Started process 4500 to run task
[2024-04-08T17:03:25.931+0000] {standard_task_runner.py:87} INFO - Running: ['***', 'tasks', 'run', 'liver_disease_pipeline_2', 'creating_feature_store', 'manual__2024-04-08T17:03:07.391211+00:00', '--job-id', '232', '--raw', '--subdir', 'DAGS_FOLDER/pipeline.py', '--cfg-path', '/tmp/tmpiqxk_on8']
[2024-04-08T17:03:25.933+0000] {standard_task_runner.py:88} INFO - Job 232: Subtask creating_feature_store
[2024-04-08T17:03:25.969+0000] {task_command.py:423} INFO - Running <TaskInstance: liver_disease_pipeline_2.creating_feature_store manual__2024-04-08T17:03:07.391211+00:00 [running]> on host 60be0e44a1a9
[2024-04-08T17:03:26.035+0000] {taskinstance.py:2480} INFO - Exporting env vars: AIRFLOW_CTX_DAG_EMAIL='admin@localhost.com' AIRFLOW_CTX_DAG_OWNER='***' AIRFLOW_CTX_DAG_ID='liver_disease_pipeline_2' AIRFLOW_CTX_TASK_ID='creating_feature_store' AIRFLOW_CTX_EXECUTION_DATE='2024-04-08T17:03:07.391211+00:00' AIRFLOW_CTX_TRY_NUMBER='1' AIRFLOW_CTX_DAG_RUN_ID='manual__2024-04-08T17:03:07.391211+00:00'
[2024-04-08T17:03:29.431+0000] {logging_mixin.py:188} INFO - Uploaded X_train.csv to feature_store/X_train.csv.
[2024-04-08T17:03:30.919+0000] {logging_mixin.py:188} INFO - Uploaded X_test.csv to feature_store/X_test.csv.
[2024-04-08T17:03:31.481+0000] {logging_mixin.py:188} INFO - Uploaded y_train.csv to feature_store/y_train.csv.
[2024-04-08T17:03:31.994+0000] {logging_mixin.py:188} INFO - Uploaded y_test.csv to feature_store/y_test.csv.
[2024-04-08T17:03:31.995+0000] {logging_mixin.py:188} INFO - File X_train.csv removed successfully.
[2024-04-08T17:03:31.996+0000] {logging_mixin.py:188} INFO - File X_test.csv removed successfully.
[2024-04-08T17:03:31.996+0000] {logging_mixin.py:188} INFO - File y_train.csv removed successfully.
[2024-04-08T17:03:31.997+0000] {logging_mixin.py:188} INFO - File y_test.csv removed successfully.
[2024-04-08T17:03:31.998+0000] {python.py:201} INFO - Done. Returned value was: None
[2024-04-08T17:03:32.007+0000] {taskinstance.py:1138} INFO - Marking task as SUCCESS. dag_id=liver_disease_pipeline_2, task_id=creating_feature_store, execution_date=20240408T170307, start_date=20240408T170325, end_date=20240408T170332
[2024-04-08T17:03:32.070+0000] {local_task_job_runner.py:234} INFO - Task exited with return code 0
[2024-04-08T17:03:32.093+0000] {taskinstance.py:3280} INFO - 1 downstream tasks scheduled from follow-on schedule check
