[2024-03-26T12:41:21.991+0000] {taskinstance.py:1956} INFO - Dependencies all met for dep_context=non-requeueable deps ti=<TaskInstance: liver_disease_pipeline.creating_feature_store manual__2024-03-26T12:41:08.274698+00:00 [queued]>
[2024-03-26T12:41:21.999+0000] {taskinstance.py:1956} INFO - Dependencies all met for dep_context=requeueable deps ti=<TaskInstance: liver_disease_pipeline.creating_feature_store manual__2024-03-26T12:41:08.274698+00:00 [queued]>
[2024-03-26T12:41:22.000+0000] {taskinstance.py:2170} INFO - Starting attempt 1 of 2
[2024-03-26T12:41:22.012+0000] {taskinstance.py:2191} INFO - Executing <Task(PythonOperator): creating_feature_store> on 2024-03-26 12:41:08.274698+00:00
[2024-03-26T12:41:22.017+0000] {standard_task_runner.py:60} INFO - Started process 435 to run task
[2024-03-26T12:41:22.019+0000] {standard_task_runner.py:87} INFO - Running: ['***', 'tasks', 'run', 'liver_disease_pipeline', 'creating_feature_store', 'manual__2024-03-26T12:41:08.274698+00:00', '--job-id', '95', '--raw', '--subdir', 'DAGS_FOLDER/pipeline.py', '--cfg-path', '/tmp/tmp2p7ui6rg']
[2024-03-26T12:41:22.021+0000] {standard_task_runner.py:88} INFO - Job 95: Subtask creating_feature_store
[2024-03-26T12:41:22.057+0000] {task_command.py:423} INFO - Running <TaskInstance: liver_disease_pipeline.creating_feature_store manual__2024-03-26T12:41:08.274698+00:00 [running]> on host 26e863625f16
[2024-03-26T12:41:22.117+0000] {taskinstance.py:2480} INFO - Exporting env vars: AIRFLOW_CTX_DAG_EMAIL='admin@localhost.com' AIRFLOW_CTX_DAG_OWNER='***' AIRFLOW_CTX_DAG_ID='liver_disease_pipeline' AIRFLOW_CTX_TASK_ID='creating_feature_store' AIRFLOW_CTX_EXECUTION_DATE='2024-03-26T12:41:08.274698+00:00' AIRFLOW_CTX_TRY_NUMBER='1' AIRFLOW_CTX_DAG_RUN_ID='manual__2024-03-26T12:41:08.274698+00:00'
[2024-03-26T12:41:25.619+0000] {logging_mixin.py:188} INFO - Uploaded X_train.csv to feature_store/X_train.csv.
[2024-03-26T12:41:27.727+0000] {logging_mixin.py:188} INFO - Uploaded X_test.csv to feature_store/X_test.csv.
[2024-03-26T12:41:28.185+0000] {logging_mixin.py:188} INFO - Uploaded y_train.csv to feature_store/y_train.csv.
[2024-03-26T12:41:28.663+0000] {logging_mixin.py:188} INFO - Uploaded y_test.csv to feature_store/y_test.csv.
[2024-03-26T12:41:28.663+0000] {logging_mixin.py:188} INFO - File X_train.csv removed successfully.
[2024-03-26T12:41:28.664+0000] {logging_mixin.py:188} INFO - File X_test.csv removed successfully.
[2024-03-26T12:41:28.664+0000] {logging_mixin.py:188} INFO - File y_train.csv removed successfully.
[2024-03-26T12:41:28.665+0000] {logging_mixin.py:188} INFO - File y_test.csv removed successfully.
[2024-03-26T12:41:28.666+0000] {python.py:201} INFO - Done. Returned value was: None
[2024-03-26T12:41:28.674+0000] {taskinstance.py:1138} INFO - Marking task as SUCCESS. dag_id=liver_disease_pipeline, task_id=creating_feature_store, execution_date=20240326T124108, start_date=20240326T124121, end_date=20240326T124128
[2024-03-26T12:41:28.723+0000] {local_task_job_runner.py:234} INFO - Task exited with return code 0
[2024-03-26T12:41:28.743+0000] {taskinstance.py:3280} INFO - 1 downstream tasks scheduled from follow-on schedule check
