[2024-03-26T08:41:07.033+0000] {processor.py:161} INFO - Started process (PID=63) to work on /home/airflow/.local/lib/python3.8/site-packages/airflow/example_dags/example_sensors.py
[2024-03-26T08:41:07.034+0000] {processor.py:830} INFO - Processing file /home/airflow/.local/lib/python3.8/site-packages/airflow/example_dags/example_sensors.py for tasks to queue
[2024-03-26T08:41:07.035+0000] {logging_mixin.py:188} INFO - [2024-03-26T08:41:07.035+0000] {dagbag.py:538} INFO - Filling up the DagBag from /home/airflow/.local/lib/python3.8/site-packages/airflow/example_dags/example_sensors.py
[2024-03-26T08:41:07.045+0000] {processor.py:840} INFO - DAG(s) 'example_sensors' retrieved from /home/airflow/.local/lib/python3.8/site-packages/airflow/example_dags/example_sensors.py
[2024-03-26T08:41:07.053+0000] {logging_mixin.py:188} INFO - [2024-03-26T08:41:07.053+0000] {dag.py:3036} INFO - Sync 1 DAGs
[2024-03-26T08:41:07.064+0000] {logging_mixin.py:188} INFO - [2024-03-26T08:41:07.064+0000] {dag.py:3823} INFO - Setting next_dagrun for example_sensors to None, run_after=None
[2024-03-26T08:41:07.084+0000] {processor.py:183} INFO - Processing /home/airflow/.local/lib/python3.8/site-packages/airflow/example_dags/example_sensors.py took 0.053 seconds
[2024-03-26T08:41:38.320+0000] {processor.py:161} INFO - Started process (PID=119) to work on /home/airflow/.local/lib/python3.8/site-packages/airflow/example_dags/example_sensors.py
[2024-03-26T08:41:38.321+0000] {processor.py:830} INFO - Processing file /home/airflow/.local/lib/python3.8/site-packages/airflow/example_dags/example_sensors.py for tasks to queue
[2024-03-26T08:41:38.322+0000] {logging_mixin.py:188} INFO - [2024-03-26T08:41:38.322+0000] {dagbag.py:538} INFO - Filling up the DagBag from /home/airflow/.local/lib/python3.8/site-packages/airflow/example_dags/example_sensors.py
[2024-03-26T08:41:38.330+0000] {processor.py:840} INFO - DAG(s) 'example_sensors' retrieved from /home/airflow/.local/lib/python3.8/site-packages/airflow/example_dags/example_sensors.py
[2024-03-26T08:41:38.421+0000] {logging_mixin.py:188} INFO - [2024-03-26T08:41:38.421+0000] {dag.py:3036} INFO - Sync 1 DAGs
[2024-03-26T08:41:38.431+0000] {logging_mixin.py:188} INFO - [2024-03-26T08:41:38.430+0000] {dag.py:3823} INFO - Setting next_dagrun for example_sensors to None, run_after=None
[2024-03-26T08:41:38.447+0000] {processor.py:183} INFO - Processing /home/airflow/.local/lib/python3.8/site-packages/airflow/example_dags/example_sensors.py took 0.129 seconds
[2024-03-26T08:43:47.286+0000] {processor.py:161} INFO - Started process (PID=63) to work on /home/airflow/.local/lib/python3.8/site-packages/airflow/example_dags/example_sensors.py
[2024-03-26T08:43:47.287+0000] {processor.py:830} INFO - Processing file /home/airflow/.local/lib/python3.8/site-packages/airflow/example_dags/example_sensors.py for tasks to queue
[2024-03-26T08:43:47.288+0000] {logging_mixin.py:188} INFO - [2024-03-26T08:43:47.288+0000] {dagbag.py:538} INFO - Filling up the DagBag from /home/airflow/.local/lib/python3.8/site-packages/airflow/example_dags/example_sensors.py
[2024-03-26T08:43:47.298+0000] {processor.py:840} INFO - DAG(s) 'example_sensors' retrieved from /home/airflow/.local/lib/python3.8/site-packages/airflow/example_dags/example_sensors.py
[2024-03-26T08:43:47.309+0000] {logging_mixin.py:188} INFO - [2024-03-26T08:43:47.308+0000] {dag.py:3036} INFO - Sync 1 DAGs
[2024-03-26T08:43:47.321+0000] {logging_mixin.py:188} INFO - [2024-03-26T08:43:47.321+0000] {dag.py:3823} INFO - Setting next_dagrun for example_sensors to None, run_after=None
[2024-03-26T08:43:47.343+0000] {processor.py:183} INFO - Processing /home/airflow/.local/lib/python3.8/site-packages/airflow/example_dags/example_sensors.py took 0.059 seconds
[2024-03-26T08:44:18.635+0000] {processor.py:161} INFO - Started process (PID=119) to work on /home/airflow/.local/lib/python3.8/site-packages/airflow/example_dags/example_sensors.py
[2024-03-26T08:44:18.635+0000] {processor.py:830} INFO - Processing file /home/airflow/.local/lib/python3.8/site-packages/airflow/example_dags/example_sensors.py for tasks to queue
[2024-03-26T08:44:18.637+0000] {logging_mixin.py:188} INFO - [2024-03-26T08:44:18.637+0000] {dagbag.py:538} INFO - Filling up the DagBag from /home/airflow/.local/lib/python3.8/site-packages/airflow/example_dags/example_sensors.py
[2024-03-26T08:44:18.644+0000] {processor.py:840} INFO - DAG(s) 'example_sensors' retrieved from /home/airflow/.local/lib/python3.8/site-packages/airflow/example_dags/example_sensors.py
[2024-03-26T08:44:18.725+0000] {logging_mixin.py:188} INFO - [2024-03-26T08:44:18.725+0000] {dag.py:3036} INFO - Sync 1 DAGs
[2024-03-26T08:44:18.734+0000] {logging_mixin.py:188} INFO - [2024-03-26T08:44:18.734+0000] {dag.py:3823} INFO - Setting next_dagrun for example_sensors to None, run_after=None
[2024-03-26T08:44:18.750+0000] {processor.py:183} INFO - Processing /home/airflow/.local/lib/python3.8/site-packages/airflow/example_dags/example_sensors.py took 0.117 seconds
[2024-03-26T08:44:49.116+0000] {processor.py:161} INFO - Started process (PID=175) to work on /home/airflow/.local/lib/python3.8/site-packages/airflow/example_dags/example_sensors.py
[2024-03-26T08:44:49.117+0000] {processor.py:830} INFO - Processing file /home/airflow/.local/lib/python3.8/site-packages/airflow/example_dags/example_sensors.py for tasks to queue
[2024-03-26T08:44:49.118+0000] {logging_mixin.py:188} INFO - [2024-03-26T08:44:49.118+0000] {dagbag.py:538} INFO - Filling up the DagBag from /home/airflow/.local/lib/python3.8/site-packages/airflow/example_dags/example_sensors.py
[2024-03-26T08:44:49.125+0000] {processor.py:840} INFO - DAG(s) 'example_sensors' retrieved from /home/airflow/.local/lib/python3.8/site-packages/airflow/example_dags/example_sensors.py
[2024-03-26T08:44:49.145+0000] {logging_mixin.py:188} INFO - [2024-03-26T08:44:49.144+0000] {dag.py:3036} INFO - Sync 1 DAGs
[2024-03-26T08:44:49.155+0000] {logging_mixin.py:188} INFO - [2024-03-26T08:44:49.155+0000] {dag.py:3823} INFO - Setting next_dagrun for example_sensors to None, run_after=None
[2024-03-26T08:44:49.171+0000] {processor.py:183} INFO - Processing /home/airflow/.local/lib/python3.8/site-packages/airflow/example_dags/example_sensors.py took 0.057 seconds
[2024-03-26T08:45:19.439+0000] {processor.py:161} INFO - Started process (PID=231) to work on /home/airflow/.local/lib/python3.8/site-packages/airflow/example_dags/example_sensors.py
[2024-03-26T08:45:19.440+0000] {processor.py:830} INFO - Processing file /home/airflow/.local/lib/python3.8/site-packages/airflow/example_dags/example_sensors.py for tasks to queue
[2024-03-26T08:45:19.442+0000] {logging_mixin.py:188} INFO - [2024-03-26T08:45:19.442+0000] {dagbag.py:538} INFO - Filling up the DagBag from /home/airflow/.local/lib/python3.8/site-packages/airflow/example_dags/example_sensors.py
[2024-03-26T08:45:19.449+0000] {processor.py:840} INFO - DAG(s) 'example_sensors' retrieved from /home/airflow/.local/lib/python3.8/site-packages/airflow/example_dags/example_sensors.py
[2024-03-26T08:45:19.469+0000] {logging_mixin.py:188} INFO - [2024-03-26T08:45:19.469+0000] {dag.py:3036} INFO - Sync 1 DAGs
[2024-03-26T08:45:19.480+0000] {logging_mixin.py:188} INFO - [2024-03-26T08:45:19.480+0000] {dag.py:3823} INFO - Setting next_dagrun for example_sensors to None, run_after=None
[2024-03-26T08:45:19.499+0000] {processor.py:183} INFO - Processing /home/airflow/.local/lib/python3.8/site-packages/airflow/example_dags/example_sensors.py took 0.062 seconds
[2024-03-26T08:45:49.718+0000] {processor.py:161} INFO - Started process (PID=287) to work on /home/airflow/.local/lib/python3.8/site-packages/airflow/example_dags/example_sensors.py
[2024-03-26T08:45:49.719+0000] {processor.py:830} INFO - Processing file /home/airflow/.local/lib/python3.8/site-packages/airflow/example_dags/example_sensors.py for tasks to queue
[2024-03-26T08:45:49.721+0000] {logging_mixin.py:188} INFO - [2024-03-26T08:45:49.721+0000] {dagbag.py:538} INFO - Filling up the DagBag from /home/airflow/.local/lib/python3.8/site-packages/airflow/example_dags/example_sensors.py
[2024-03-26T08:45:49.728+0000] {processor.py:840} INFO - DAG(s) 'example_sensors' retrieved from /home/airflow/.local/lib/python3.8/site-packages/airflow/example_dags/example_sensors.py
[2024-03-26T08:45:49.749+0000] {logging_mixin.py:188} INFO - [2024-03-26T08:45:49.749+0000] {dag.py:3036} INFO - Sync 1 DAGs
[2024-03-26T08:45:49.760+0000] {logging_mixin.py:188} INFO - [2024-03-26T08:45:49.760+0000] {dag.py:3823} INFO - Setting next_dagrun for example_sensors to None, run_after=None
[2024-03-26T08:45:49.776+0000] {processor.py:183} INFO - Processing /home/airflow/.local/lib/python3.8/site-packages/airflow/example_dags/example_sensors.py took 0.060 seconds
[2024-03-26T08:46:19.889+0000] {processor.py:161} INFO - Started process (PID=343) to work on /home/airflow/.local/lib/python3.8/site-packages/airflow/example_dags/example_sensors.py
[2024-03-26T08:46:19.890+0000] {processor.py:830} INFO - Processing file /home/airflow/.local/lib/python3.8/site-packages/airflow/example_dags/example_sensors.py for tasks to queue
[2024-03-26T08:46:19.892+0000] {logging_mixin.py:188} INFO - [2024-03-26T08:46:19.892+0000] {dagbag.py:538} INFO - Filling up the DagBag from /home/airflow/.local/lib/python3.8/site-packages/airflow/example_dags/example_sensors.py
[2024-03-26T08:46:19.899+0000] {processor.py:840} INFO - DAG(s) 'example_sensors' retrieved from /home/airflow/.local/lib/python3.8/site-packages/airflow/example_dags/example_sensors.py
[2024-03-26T08:46:19.918+0000] {logging_mixin.py:188} INFO - [2024-03-26T08:46:19.918+0000] {dag.py:3036} INFO - Sync 1 DAGs
[2024-03-26T08:46:19.930+0000] {logging_mixin.py:188} INFO - [2024-03-26T08:46:19.930+0000] {dag.py:3823} INFO - Setting next_dagrun for example_sensors to None, run_after=None
[2024-03-26T08:46:19.947+0000] {processor.py:183} INFO - Processing /home/airflow/.local/lib/python3.8/site-packages/airflow/example_dags/example_sensors.py took 0.060 seconds
[2024-03-26T08:46:50.082+0000] {processor.py:161} INFO - Started process (PID=399) to work on /home/airflow/.local/lib/python3.8/site-packages/airflow/example_dags/example_sensors.py
[2024-03-26T08:46:50.083+0000] {processor.py:830} INFO - Processing file /home/airflow/.local/lib/python3.8/site-packages/airflow/example_dags/example_sensors.py for tasks to queue
[2024-03-26T08:46:50.084+0000] {logging_mixin.py:188} INFO - [2024-03-26T08:46:50.084+0000] {dagbag.py:538} INFO - Filling up the DagBag from /home/airflow/.local/lib/python3.8/site-packages/airflow/example_dags/example_sensors.py
[2024-03-26T08:46:50.091+0000] {processor.py:840} INFO - DAG(s) 'example_sensors' retrieved from /home/airflow/.local/lib/python3.8/site-packages/airflow/example_dags/example_sensors.py
[2024-03-26T08:46:50.110+0000] {logging_mixin.py:188} INFO - [2024-03-26T08:46:50.110+0000] {dag.py:3036} INFO - Sync 1 DAGs
[2024-03-26T08:46:50.121+0000] {logging_mixin.py:188} INFO - [2024-03-26T08:46:50.121+0000] {dag.py:3823} INFO - Setting next_dagrun for example_sensors to None, run_after=None
[2024-03-26T08:46:50.138+0000] {processor.py:183} INFO - Processing /home/airflow/.local/lib/python3.8/site-packages/airflow/example_dags/example_sensors.py took 0.059 seconds
[2024-03-26T08:47:20.417+0000] {processor.py:161} INFO - Started process (PID=455) to work on /home/airflow/.local/lib/python3.8/site-packages/airflow/example_dags/example_sensors.py
[2024-03-26T08:47:20.418+0000] {processor.py:830} INFO - Processing file /home/airflow/.local/lib/python3.8/site-packages/airflow/example_dags/example_sensors.py for tasks to queue
[2024-03-26T08:47:20.419+0000] {logging_mixin.py:188} INFO - [2024-03-26T08:47:20.419+0000] {dagbag.py:538} INFO - Filling up the DagBag from /home/airflow/.local/lib/python3.8/site-packages/airflow/example_dags/example_sensors.py
[2024-03-26T08:47:20.426+0000] {processor.py:840} INFO - DAG(s) 'example_sensors' retrieved from /home/airflow/.local/lib/python3.8/site-packages/airflow/example_dags/example_sensors.py
[2024-03-26T08:47:20.446+0000] {logging_mixin.py:188} INFO - [2024-03-26T08:47:20.446+0000] {dag.py:3036} INFO - Sync 1 DAGs
[2024-03-26T08:47:20.456+0000] {logging_mixin.py:188} INFO - [2024-03-26T08:47:20.456+0000] {dag.py:3823} INFO - Setting next_dagrun for example_sensors to None, run_after=None
[2024-03-26T08:47:20.473+0000] {processor.py:183} INFO - Processing /home/airflow/.local/lib/python3.8/site-packages/airflow/example_dags/example_sensors.py took 0.058 seconds
[2024-03-26T08:47:50.572+0000] {processor.py:161} INFO - Started process (PID=511) to work on /home/airflow/.local/lib/python3.8/site-packages/airflow/example_dags/example_sensors.py
[2024-03-26T08:47:50.573+0000] {processor.py:830} INFO - Processing file /home/airflow/.local/lib/python3.8/site-packages/airflow/example_dags/example_sensors.py for tasks to queue
[2024-03-26T08:47:50.575+0000] {logging_mixin.py:188} INFO - [2024-03-26T08:47:50.574+0000] {dagbag.py:538} INFO - Filling up the DagBag from /home/airflow/.local/lib/python3.8/site-packages/airflow/example_dags/example_sensors.py
[2024-03-26T08:47:50.582+0000] {processor.py:840} INFO - DAG(s) 'example_sensors' retrieved from /home/airflow/.local/lib/python3.8/site-packages/airflow/example_dags/example_sensors.py
[2024-03-26T08:47:50.603+0000] {logging_mixin.py:188} INFO - [2024-03-26T08:47:50.602+0000] {dag.py:3036} INFO - Sync 1 DAGs
[2024-03-26T08:47:50.614+0000] {logging_mixin.py:188} INFO - [2024-03-26T08:47:50.613+0000] {dag.py:3823} INFO - Setting next_dagrun for example_sensors to None, run_after=None
[2024-03-26T08:47:50.629+0000] {processor.py:183} INFO - Processing /home/airflow/.local/lib/python3.8/site-packages/airflow/example_dags/example_sensors.py took 0.059 seconds
[2024-03-26T08:48:20.814+0000] {processor.py:161} INFO - Started process (PID=567) to work on /home/airflow/.local/lib/python3.8/site-packages/airflow/example_dags/example_sensors.py
[2024-03-26T08:48:20.815+0000] {processor.py:830} INFO - Processing file /home/airflow/.local/lib/python3.8/site-packages/airflow/example_dags/example_sensors.py for tasks to queue
[2024-03-26T08:48:20.817+0000] {logging_mixin.py:188} INFO - [2024-03-26T08:48:20.816+0000] {dagbag.py:538} INFO - Filling up the DagBag from /home/airflow/.local/lib/python3.8/site-packages/airflow/example_dags/example_sensors.py
[2024-03-26T08:48:20.824+0000] {processor.py:840} INFO - DAG(s) 'example_sensors' retrieved from /home/airflow/.local/lib/python3.8/site-packages/airflow/example_dags/example_sensors.py
[2024-03-26T08:48:20.845+0000] {logging_mixin.py:188} INFO - [2024-03-26T08:48:20.845+0000] {dag.py:3036} INFO - Sync 1 DAGs
[2024-03-26T08:48:20.855+0000] {logging_mixin.py:188} INFO - [2024-03-26T08:48:20.855+0000] {dag.py:3823} INFO - Setting next_dagrun for example_sensors to None, run_after=None
[2024-03-26T08:48:20.870+0000] {processor.py:183} INFO - Processing /home/airflow/.local/lib/python3.8/site-packages/airflow/example_dags/example_sensors.py took 0.058 seconds
[2024-03-26T08:48:51.322+0000] {processor.py:161} INFO - Started process (PID=623) to work on /home/airflow/.local/lib/python3.8/site-packages/airflow/example_dags/example_sensors.py
[2024-03-26T08:48:51.323+0000] {processor.py:830} INFO - Processing file /home/airflow/.local/lib/python3.8/site-packages/airflow/example_dags/example_sensors.py for tasks to queue
[2024-03-26T08:48:51.325+0000] {logging_mixin.py:188} INFO - [2024-03-26T08:48:51.325+0000] {dagbag.py:538} INFO - Filling up the DagBag from /home/airflow/.local/lib/python3.8/site-packages/airflow/example_dags/example_sensors.py
[2024-03-26T08:48:51.332+0000] {processor.py:840} INFO - DAG(s) 'example_sensors' retrieved from /home/airflow/.local/lib/python3.8/site-packages/airflow/example_dags/example_sensors.py
[2024-03-26T08:48:51.351+0000] {logging_mixin.py:188} INFO - [2024-03-26T08:48:51.350+0000] {dag.py:3036} INFO - Sync 1 DAGs
[2024-03-26T08:48:51.364+0000] {logging_mixin.py:188} INFO - [2024-03-26T08:48:51.363+0000] {dag.py:3823} INFO - Setting next_dagrun for example_sensors to None, run_after=None
[2024-03-26T08:48:51.385+0000] {processor.py:183} INFO - Processing /home/airflow/.local/lib/python3.8/site-packages/airflow/example_dags/example_sensors.py took 0.065 seconds
[2024-03-26T08:49:21.665+0000] {processor.py:161} INFO - Started process (PID=679) to work on /home/airflow/.local/lib/python3.8/site-packages/airflow/example_dags/example_sensors.py
[2024-03-26T08:49:21.666+0000] {processor.py:830} INFO - Processing file /home/airflow/.local/lib/python3.8/site-packages/airflow/example_dags/example_sensors.py for tasks to queue
[2024-03-26T08:49:21.668+0000] {logging_mixin.py:188} INFO - [2024-03-26T08:49:21.667+0000] {dagbag.py:538} INFO - Filling up the DagBag from /home/airflow/.local/lib/python3.8/site-packages/airflow/example_dags/example_sensors.py
[2024-03-26T08:49:21.674+0000] {processor.py:840} INFO - DAG(s) 'example_sensors' retrieved from /home/airflow/.local/lib/python3.8/site-packages/airflow/example_dags/example_sensors.py
[2024-03-26T08:49:21.694+0000] {logging_mixin.py:188} INFO - [2024-03-26T08:49:21.694+0000] {dag.py:3036} INFO - Sync 1 DAGs
[2024-03-26T08:49:21.707+0000] {logging_mixin.py:188} INFO - [2024-03-26T08:49:21.706+0000] {dag.py:3823} INFO - Setting next_dagrun for example_sensors to None, run_after=None
[2024-03-26T08:49:21.724+0000] {processor.py:183} INFO - Processing /home/airflow/.local/lib/python3.8/site-packages/airflow/example_dags/example_sensors.py took 0.061 seconds
[2024-03-26T08:49:52.038+0000] {processor.py:161} INFO - Started process (PID=735) to work on /home/airflow/.local/lib/python3.8/site-packages/airflow/example_dags/example_sensors.py
[2024-03-26T08:49:52.039+0000] {processor.py:830} INFO - Processing file /home/airflow/.local/lib/python3.8/site-packages/airflow/example_dags/example_sensors.py for tasks to queue
[2024-03-26T08:49:52.041+0000] {logging_mixin.py:188} INFO - [2024-03-26T08:49:52.040+0000] {dagbag.py:538} INFO - Filling up the DagBag from /home/airflow/.local/lib/python3.8/site-packages/airflow/example_dags/example_sensors.py
[2024-03-26T08:49:52.048+0000] {processor.py:840} INFO - DAG(s) 'example_sensors' retrieved from /home/airflow/.local/lib/python3.8/site-packages/airflow/example_dags/example_sensors.py
[2024-03-26T08:49:52.072+0000] {logging_mixin.py:188} INFO - [2024-03-26T08:49:52.071+0000] {dag.py:3036} INFO - Sync 1 DAGs
[2024-03-26T08:49:52.084+0000] {logging_mixin.py:188} INFO - [2024-03-26T08:49:52.084+0000] {dag.py:3823} INFO - Setting next_dagrun for example_sensors to None, run_after=None
[2024-03-26T08:49:52.104+0000] {processor.py:183} INFO - Processing /home/airflow/.local/lib/python3.8/site-packages/airflow/example_dags/example_sensors.py took 0.069 seconds
[2024-03-26T08:50:22.513+0000] {processor.py:161} INFO - Started process (PID=790) to work on /home/airflow/.local/lib/python3.8/site-packages/airflow/example_dags/example_sensors.py
[2024-03-26T08:50:22.514+0000] {processor.py:830} INFO - Processing file /home/airflow/.local/lib/python3.8/site-packages/airflow/example_dags/example_sensors.py for tasks to queue
[2024-03-26T08:50:22.515+0000] {logging_mixin.py:188} INFO - [2024-03-26T08:50:22.515+0000] {dagbag.py:538} INFO - Filling up the DagBag from /home/airflow/.local/lib/python3.8/site-packages/airflow/example_dags/example_sensors.py
[2024-03-26T08:50:22.522+0000] {processor.py:840} INFO - DAG(s) 'example_sensors' retrieved from /home/airflow/.local/lib/python3.8/site-packages/airflow/example_dags/example_sensors.py
[2024-03-26T08:50:22.548+0000] {logging_mixin.py:188} INFO - [2024-03-26T08:50:22.548+0000] {dag.py:3036} INFO - Sync 1 DAGs
[2024-03-26T08:50:22.562+0000] {logging_mixin.py:188} INFO - [2024-03-26T08:50:22.562+0000] {dag.py:3823} INFO - Setting next_dagrun for example_sensors to None, run_after=None
[2024-03-26T08:50:22.577+0000] {processor.py:183} INFO - Processing /home/airflow/.local/lib/python3.8/site-packages/airflow/example_dags/example_sensors.py took 0.067 seconds
[2024-03-26T08:53:12.923+0000] {processor.py:161} INFO - Started process (PID=63) to work on /home/airflow/.local/lib/python3.8/site-packages/airflow/example_dags/example_sensors.py
[2024-03-26T08:53:12.924+0000] {processor.py:830} INFO - Processing file /home/airflow/.local/lib/python3.8/site-packages/airflow/example_dags/example_sensors.py for tasks to queue
[2024-03-26T08:53:12.926+0000] {logging_mixin.py:188} INFO - [2024-03-26T08:53:12.926+0000] {dagbag.py:538} INFO - Filling up the DagBag from /home/airflow/.local/lib/python3.8/site-packages/airflow/example_dags/example_sensors.py
[2024-03-26T08:53:12.937+0000] {processor.py:840} INFO - DAG(s) 'example_sensors' retrieved from /home/airflow/.local/lib/python3.8/site-packages/airflow/example_dags/example_sensors.py
[2024-03-26T08:53:12.949+0000] {logging_mixin.py:188} INFO - [2024-03-26T08:53:12.949+0000] {dag.py:3036} INFO - Sync 1 DAGs
[2024-03-26T08:53:12.964+0000] {logging_mixin.py:188} INFO - [2024-03-26T08:53:12.964+0000] {dag.py:3823} INFO - Setting next_dagrun for example_sensors to None, run_after=None
[2024-03-26T08:53:12.983+0000] {processor.py:183} INFO - Processing /home/airflow/.local/lib/python3.8/site-packages/airflow/example_dags/example_sensors.py took 0.063 seconds
[2024-03-26T08:53:44.575+0000] {processor.py:161} INFO - Started process (PID=119) to work on /home/airflow/.local/lib/python3.8/site-packages/airflow/example_dags/example_sensors.py
[2024-03-26T08:53:44.576+0000] {processor.py:830} INFO - Processing file /home/airflow/.local/lib/python3.8/site-packages/airflow/example_dags/example_sensors.py for tasks to queue
[2024-03-26T08:53:44.577+0000] {logging_mixin.py:188} INFO - [2024-03-26T08:53:44.577+0000] {dagbag.py:538} INFO - Filling up the DagBag from /home/airflow/.local/lib/python3.8/site-packages/airflow/example_dags/example_sensors.py
[2024-03-26T08:53:44.584+0000] {processor.py:840} INFO - DAG(s) 'example_sensors' retrieved from /home/airflow/.local/lib/python3.8/site-packages/airflow/example_dags/example_sensors.py
[2024-03-26T08:53:44.686+0000] {logging_mixin.py:188} INFO - [2024-03-26T08:53:44.686+0000] {dag.py:3036} INFO - Sync 1 DAGs
[2024-03-26T08:53:44.695+0000] {logging_mixin.py:188} INFO - [2024-03-26T08:53:44.694+0000] {dag.py:3823} INFO - Setting next_dagrun for example_sensors to None, run_after=None
[2024-03-26T08:53:44.710+0000] {processor.py:183} INFO - Processing /home/airflow/.local/lib/python3.8/site-packages/airflow/example_dags/example_sensors.py took 0.137 seconds
[2024-03-26T08:54:15.038+0000] {processor.py:161} INFO - Started process (PID=175) to work on /home/airflow/.local/lib/python3.8/site-packages/airflow/example_dags/example_sensors.py
[2024-03-26T08:54:15.039+0000] {processor.py:830} INFO - Processing file /home/airflow/.local/lib/python3.8/site-packages/airflow/example_dags/example_sensors.py for tasks to queue
[2024-03-26T08:54:15.041+0000] {logging_mixin.py:188} INFO - [2024-03-26T08:54:15.041+0000] {dagbag.py:538} INFO - Filling up the DagBag from /home/airflow/.local/lib/python3.8/site-packages/airflow/example_dags/example_sensors.py
[2024-03-26T08:54:15.048+0000] {processor.py:840} INFO - DAG(s) 'example_sensors' retrieved from /home/airflow/.local/lib/python3.8/site-packages/airflow/example_dags/example_sensors.py
[2024-03-26T08:54:15.069+0000] {logging_mixin.py:188} INFO - [2024-03-26T08:54:15.069+0000] {dag.py:3036} INFO - Sync 1 DAGs
[2024-03-26T08:54:15.079+0000] {logging_mixin.py:188} INFO - [2024-03-26T08:54:15.079+0000] {dag.py:3823} INFO - Setting next_dagrun for example_sensors to None, run_after=None
[2024-03-26T08:54:15.094+0000] {processor.py:183} INFO - Processing /home/airflow/.local/lib/python3.8/site-packages/airflow/example_dags/example_sensors.py took 0.059 seconds
[2024-03-26T08:54:45.757+0000] {processor.py:161} INFO - Started process (PID=231) to work on /home/airflow/.local/lib/python3.8/site-packages/airflow/example_dags/example_sensors.py
[2024-03-26T08:54:45.758+0000] {processor.py:830} INFO - Processing file /home/airflow/.local/lib/python3.8/site-packages/airflow/example_dags/example_sensors.py for tasks to queue
[2024-03-26T08:54:45.760+0000] {logging_mixin.py:188} INFO - [2024-03-26T08:54:45.759+0000] {dagbag.py:538} INFO - Filling up the DagBag from /home/airflow/.local/lib/python3.8/site-packages/airflow/example_dags/example_sensors.py
[2024-03-26T08:54:45.768+0000] {processor.py:840} INFO - DAG(s) 'example_sensors' retrieved from /home/airflow/.local/lib/python3.8/site-packages/airflow/example_dags/example_sensors.py
[2024-03-26T08:54:45.792+0000] {logging_mixin.py:188} INFO - [2024-03-26T08:54:45.791+0000] {dag.py:3036} INFO - Sync 1 DAGs
[2024-03-26T08:54:45.803+0000] {logging_mixin.py:188} INFO - [2024-03-26T08:54:45.803+0000] {dag.py:3823} INFO - Setting next_dagrun for example_sensors to None, run_after=None
[2024-03-26T08:54:45.822+0000] {processor.py:183} INFO - Processing /home/airflow/.local/lib/python3.8/site-packages/airflow/example_dags/example_sensors.py took 0.067 seconds
[2024-03-26T08:55:16.159+0000] {processor.py:161} INFO - Started process (PID=287) to work on /home/airflow/.local/lib/python3.8/site-packages/airflow/example_dags/example_sensors.py
[2024-03-26T08:55:16.160+0000] {processor.py:830} INFO - Processing file /home/airflow/.local/lib/python3.8/site-packages/airflow/example_dags/example_sensors.py for tasks to queue
[2024-03-26T08:55:16.161+0000] {logging_mixin.py:188} INFO - [2024-03-26T08:55:16.161+0000] {dagbag.py:538} INFO - Filling up the DagBag from /home/airflow/.local/lib/python3.8/site-packages/airflow/example_dags/example_sensors.py
[2024-03-26T08:55:16.168+0000] {processor.py:840} INFO - DAG(s) 'example_sensors' retrieved from /home/airflow/.local/lib/python3.8/site-packages/airflow/example_dags/example_sensors.py
[2024-03-26T08:55:16.189+0000] {logging_mixin.py:188} INFO - [2024-03-26T08:55:16.189+0000] {dag.py:3036} INFO - Sync 1 DAGs
[2024-03-26T08:55:16.199+0000] {logging_mixin.py:188} INFO - [2024-03-26T08:55:16.199+0000] {dag.py:3823} INFO - Setting next_dagrun for example_sensors to None, run_after=None
[2024-03-26T08:55:16.216+0000] {processor.py:183} INFO - Processing /home/airflow/.local/lib/python3.8/site-packages/airflow/example_dags/example_sensors.py took 0.059 seconds
[2024-03-26T08:55:46.628+0000] {processor.py:161} INFO - Started process (PID=343) to work on /home/airflow/.local/lib/python3.8/site-packages/airflow/example_dags/example_sensors.py
[2024-03-26T08:55:46.629+0000] {processor.py:830} INFO - Processing file /home/airflow/.local/lib/python3.8/site-packages/airflow/example_dags/example_sensors.py for tasks to queue
[2024-03-26T08:55:46.630+0000] {logging_mixin.py:188} INFO - [2024-03-26T08:55:46.630+0000] {dagbag.py:538} INFO - Filling up the DagBag from /home/airflow/.local/lib/python3.8/site-packages/airflow/example_dags/example_sensors.py
[2024-03-26T08:55:46.637+0000] {processor.py:840} INFO - DAG(s) 'example_sensors' retrieved from /home/airflow/.local/lib/python3.8/site-packages/airflow/example_dags/example_sensors.py
[2024-03-26T08:55:46.659+0000] {logging_mixin.py:188} INFO - [2024-03-26T08:55:46.658+0000] {dag.py:3036} INFO - Sync 1 DAGs
[2024-03-26T08:55:46.668+0000] {logging_mixin.py:188} INFO - [2024-03-26T08:55:46.668+0000] {dag.py:3823} INFO - Setting next_dagrun for example_sensors to None, run_after=None
[2024-03-26T08:55:46.683+0000] {processor.py:183} INFO - Processing /home/airflow/.local/lib/python3.8/site-packages/airflow/example_dags/example_sensors.py took 0.058 seconds
[2024-03-26T08:56:16.867+0000] {processor.py:161} INFO - Started process (PID=399) to work on /home/airflow/.local/lib/python3.8/site-packages/airflow/example_dags/example_sensors.py
[2024-03-26T08:56:16.868+0000] {processor.py:830} INFO - Processing file /home/airflow/.local/lib/python3.8/site-packages/airflow/example_dags/example_sensors.py for tasks to queue
[2024-03-26T08:56:16.869+0000] {logging_mixin.py:188} INFO - [2024-03-26T08:56:16.869+0000] {dagbag.py:538} INFO - Filling up the DagBag from /home/airflow/.local/lib/python3.8/site-packages/airflow/example_dags/example_sensors.py
[2024-03-26T08:56:16.876+0000] {processor.py:840} INFO - DAG(s) 'example_sensors' retrieved from /home/airflow/.local/lib/python3.8/site-packages/airflow/example_dags/example_sensors.py
[2024-03-26T08:56:16.895+0000] {logging_mixin.py:188} INFO - [2024-03-26T08:56:16.895+0000] {dag.py:3036} INFO - Sync 1 DAGs
[2024-03-26T08:56:16.905+0000] {logging_mixin.py:188} INFO - [2024-03-26T08:56:16.905+0000] {dag.py:3823} INFO - Setting next_dagrun for example_sensors to None, run_after=None
[2024-03-26T08:56:16.921+0000] {processor.py:183} INFO - Processing /home/airflow/.local/lib/python3.8/site-packages/airflow/example_dags/example_sensors.py took 0.056 seconds
[2024-03-26T08:56:47.223+0000] {processor.py:161} INFO - Started process (PID=455) to work on /home/airflow/.local/lib/python3.8/site-packages/airflow/example_dags/example_sensors.py
[2024-03-26T08:56:47.224+0000] {processor.py:830} INFO - Processing file /home/airflow/.local/lib/python3.8/site-packages/airflow/example_dags/example_sensors.py for tasks to queue
[2024-03-26T08:56:47.226+0000] {logging_mixin.py:188} INFO - [2024-03-26T08:56:47.226+0000] {dagbag.py:538} INFO - Filling up the DagBag from /home/airflow/.local/lib/python3.8/site-packages/airflow/example_dags/example_sensors.py
[2024-03-26T08:56:47.233+0000] {processor.py:840} INFO - DAG(s) 'example_sensors' retrieved from /home/airflow/.local/lib/python3.8/site-packages/airflow/example_dags/example_sensors.py
[2024-03-26T08:56:47.252+0000] {logging_mixin.py:188} INFO - [2024-03-26T08:56:47.252+0000] {dag.py:3036} INFO - Sync 1 DAGs
[2024-03-26T08:56:47.262+0000] {logging_mixin.py:188} INFO - [2024-03-26T08:56:47.262+0000] {dag.py:3823} INFO - Setting next_dagrun for example_sensors to None, run_after=None
[2024-03-26T08:56:47.277+0000] {processor.py:183} INFO - Processing /home/airflow/.local/lib/python3.8/site-packages/airflow/example_dags/example_sensors.py took 0.056 seconds
[2024-03-26T08:57:17.570+0000] {processor.py:161} INFO - Started process (PID=511) to work on /home/airflow/.local/lib/python3.8/site-packages/airflow/example_dags/example_sensors.py
[2024-03-26T08:57:17.571+0000] {processor.py:830} INFO - Processing file /home/airflow/.local/lib/python3.8/site-packages/airflow/example_dags/example_sensors.py for tasks to queue
[2024-03-26T08:57:17.572+0000] {logging_mixin.py:188} INFO - [2024-03-26T08:57:17.572+0000] {dagbag.py:538} INFO - Filling up the DagBag from /home/airflow/.local/lib/python3.8/site-packages/airflow/example_dags/example_sensors.py
[2024-03-26T08:57:17.579+0000] {processor.py:840} INFO - DAG(s) 'example_sensors' retrieved from /home/airflow/.local/lib/python3.8/site-packages/airflow/example_dags/example_sensors.py
[2024-03-26T08:57:17.598+0000] {logging_mixin.py:188} INFO - [2024-03-26T08:57:17.597+0000] {dag.py:3036} INFO - Sync 1 DAGs
[2024-03-26T08:57:17.608+0000] {logging_mixin.py:188} INFO - [2024-03-26T08:57:17.608+0000] {dag.py:3823} INFO - Setting next_dagrun for example_sensors to None, run_after=None
[2024-03-26T08:57:17.624+0000] {processor.py:183} INFO - Processing /home/airflow/.local/lib/python3.8/site-packages/airflow/example_dags/example_sensors.py took 0.056 seconds
[2024-03-26T08:57:48.108+0000] {processor.py:161} INFO - Started process (PID=567) to work on /home/airflow/.local/lib/python3.8/site-packages/airflow/example_dags/example_sensors.py
[2024-03-26T08:57:48.109+0000] {processor.py:830} INFO - Processing file /home/airflow/.local/lib/python3.8/site-packages/airflow/example_dags/example_sensors.py for tasks to queue
[2024-03-26T08:57:48.111+0000] {logging_mixin.py:188} INFO - [2024-03-26T08:57:48.111+0000] {dagbag.py:538} INFO - Filling up the DagBag from /home/airflow/.local/lib/python3.8/site-packages/airflow/example_dags/example_sensors.py
[2024-03-26T08:57:48.118+0000] {processor.py:840} INFO - DAG(s) 'example_sensors' retrieved from /home/airflow/.local/lib/python3.8/site-packages/airflow/example_dags/example_sensors.py
[2024-03-26T08:57:48.142+0000] {logging_mixin.py:188} INFO - [2024-03-26T08:57:48.141+0000] {dag.py:3036} INFO - Sync 1 DAGs
[2024-03-26T08:57:48.154+0000] {logging_mixin.py:188} INFO - [2024-03-26T08:57:48.153+0000] {dag.py:3823} INFO - Setting next_dagrun for example_sensors to None, run_after=None
[2024-03-26T08:57:48.172+0000] {processor.py:183} INFO - Processing /home/airflow/.local/lib/python3.8/site-packages/airflow/example_dags/example_sensors.py took 0.066 seconds
[2024-03-26T08:58:18.567+0000] {processor.py:161} INFO - Started process (PID=623) to work on /home/airflow/.local/lib/python3.8/site-packages/airflow/example_dags/example_sensors.py
[2024-03-26T08:58:18.568+0000] {processor.py:830} INFO - Processing file /home/airflow/.local/lib/python3.8/site-packages/airflow/example_dags/example_sensors.py for tasks to queue
[2024-03-26T08:58:18.570+0000] {logging_mixin.py:188} INFO - [2024-03-26T08:58:18.570+0000] {dagbag.py:538} INFO - Filling up the DagBag from /home/airflow/.local/lib/python3.8/site-packages/airflow/example_dags/example_sensors.py
[2024-03-26T08:58:18.578+0000] {processor.py:840} INFO - DAG(s) 'example_sensors' retrieved from /home/airflow/.local/lib/python3.8/site-packages/airflow/example_dags/example_sensors.py
[2024-03-26T08:58:18.602+0000] {logging_mixin.py:188} INFO - [2024-03-26T08:58:18.602+0000] {dag.py:3036} INFO - Sync 1 DAGs
[2024-03-26T08:58:18.613+0000] {logging_mixin.py:188} INFO - [2024-03-26T08:58:18.613+0000] {dag.py:3823} INFO - Setting next_dagrun for example_sensors to None, run_after=None
[2024-03-26T08:58:18.632+0000] {processor.py:183} INFO - Processing /home/airflow/.local/lib/python3.8/site-packages/airflow/example_dags/example_sensors.py took 0.067 seconds
[2024-03-26T08:58:49.065+0000] {processor.py:161} INFO - Started process (PID=679) to work on /home/airflow/.local/lib/python3.8/site-packages/airflow/example_dags/example_sensors.py
[2024-03-26T08:58:49.066+0000] {processor.py:830} INFO - Processing file /home/airflow/.local/lib/python3.8/site-packages/airflow/example_dags/example_sensors.py for tasks to queue
[2024-03-26T08:58:49.067+0000] {logging_mixin.py:188} INFO - [2024-03-26T08:58:49.067+0000] {dagbag.py:538} INFO - Filling up the DagBag from /home/airflow/.local/lib/python3.8/site-packages/airflow/example_dags/example_sensors.py
[2024-03-26T08:58:49.074+0000] {processor.py:840} INFO - DAG(s) 'example_sensors' retrieved from /home/airflow/.local/lib/python3.8/site-packages/airflow/example_dags/example_sensors.py
[2024-03-26T08:58:49.094+0000] {logging_mixin.py:188} INFO - [2024-03-26T08:58:49.094+0000] {dag.py:3036} INFO - Sync 1 DAGs
[2024-03-26T08:58:49.105+0000] {logging_mixin.py:188} INFO - [2024-03-26T08:58:49.104+0000] {dag.py:3823} INFO - Setting next_dagrun for example_sensors to None, run_after=None
[2024-03-26T08:58:49.122+0000] {processor.py:183} INFO - Processing /home/airflow/.local/lib/python3.8/site-packages/airflow/example_dags/example_sensors.py took 0.059 seconds
[2024-03-26T09:07:41.436+0000] {processor.py:161} INFO - Started process (PID=64) to work on /home/airflow/.local/lib/python3.8/site-packages/airflow/example_dags/example_sensors.py
[2024-03-26T09:07:41.438+0000] {processor.py:830} INFO - Processing file /home/airflow/.local/lib/python3.8/site-packages/airflow/example_dags/example_sensors.py for tasks to queue
[2024-03-26T09:07:41.440+0000] {logging_mixin.py:188} INFO - [2024-03-26T09:07:41.439+0000] {dagbag.py:538} INFO - Filling up the DagBag from /home/airflow/.local/lib/python3.8/site-packages/airflow/example_dags/example_sensors.py
[2024-03-26T09:07:41.451+0000] {processor.py:840} INFO - DAG(s) 'example_sensors' retrieved from /home/airflow/.local/lib/python3.8/site-packages/airflow/example_dags/example_sensors.py
[2024-03-26T09:07:41.463+0000] {logging_mixin.py:188} INFO - [2024-03-26T09:07:41.462+0000] {dag.py:3036} INFO - Sync 1 DAGs
[2024-03-26T09:07:41.477+0000] {logging_mixin.py:188} INFO - [2024-03-26T09:07:41.477+0000] {dag.py:3823} INFO - Setting next_dagrun for example_sensors to None, run_after=None
[2024-03-26T09:07:41.503+0000] {processor.py:183} INFO - Processing /home/airflow/.local/lib/python3.8/site-packages/airflow/example_dags/example_sensors.py took 0.069 seconds
[2024-03-26T09:08:12.236+0000] {processor.py:161} INFO - Started process (PID=122) to work on /home/airflow/.local/lib/python3.8/site-packages/airflow/example_dags/example_sensors.py
[2024-03-26T09:08:12.237+0000] {processor.py:830} INFO - Processing file /home/airflow/.local/lib/python3.8/site-packages/airflow/example_dags/example_sensors.py for tasks to queue
[2024-03-26T09:08:12.240+0000] {logging_mixin.py:188} INFO - [2024-03-26T09:08:12.239+0000] {dagbag.py:538} INFO - Filling up the DagBag from /home/airflow/.local/lib/python3.8/site-packages/airflow/example_dags/example_sensors.py
[2024-03-26T09:08:12.249+0000] {processor.py:840} INFO - DAG(s) 'example_sensors' retrieved from /home/airflow/.local/lib/python3.8/site-packages/airflow/example_dags/example_sensors.py
[2024-03-26T09:08:12.345+0000] {logging_mixin.py:188} INFO - [2024-03-26T09:08:12.345+0000] {dag.py:3036} INFO - Sync 1 DAGs
[2024-03-26T09:08:12.356+0000] {logging_mixin.py:188} INFO - [2024-03-26T09:08:12.355+0000] {dag.py:3823} INFO - Setting next_dagrun for example_sensors to None, run_after=None
[2024-03-26T09:08:12.378+0000] {processor.py:183} INFO - Processing /home/airflow/.local/lib/python3.8/site-packages/airflow/example_dags/example_sensors.py took 0.144 seconds
[2024-03-26T09:08:43.195+0000] {processor.py:161} INFO - Started process (PID=179) to work on /home/airflow/.local/lib/python3.8/site-packages/airflow/example_dags/example_sensors.py
[2024-03-26T09:08:43.196+0000] {processor.py:830} INFO - Processing file /home/airflow/.local/lib/python3.8/site-packages/airflow/example_dags/example_sensors.py for tasks to queue
[2024-03-26T09:08:43.198+0000] {logging_mixin.py:188} INFO - [2024-03-26T09:08:43.198+0000] {dagbag.py:538} INFO - Filling up the DagBag from /home/airflow/.local/lib/python3.8/site-packages/airflow/example_dags/example_sensors.py
[2024-03-26T09:08:43.205+0000] {processor.py:840} INFO - DAG(s) 'example_sensors' retrieved from /home/airflow/.local/lib/python3.8/site-packages/airflow/example_dags/example_sensors.py
[2024-03-26T09:08:43.225+0000] {logging_mixin.py:188} INFO - [2024-03-26T09:08:43.225+0000] {dag.py:3036} INFO - Sync 1 DAGs
[2024-03-26T09:08:43.235+0000] {logging_mixin.py:188} INFO - [2024-03-26T09:08:43.235+0000] {dag.py:3823} INFO - Setting next_dagrun for example_sensors to None, run_after=None
[2024-03-26T09:08:43.250+0000] {processor.py:183} INFO - Processing /home/airflow/.local/lib/python3.8/site-packages/airflow/example_dags/example_sensors.py took 0.057 seconds
[2024-03-26T09:09:13.807+0000] {processor.py:161} INFO - Started process (PID=236) to work on /home/airflow/.local/lib/python3.8/site-packages/airflow/example_dags/example_sensors.py
[2024-03-26T09:09:13.809+0000] {processor.py:830} INFO - Processing file /home/airflow/.local/lib/python3.8/site-packages/airflow/example_dags/example_sensors.py for tasks to queue
[2024-03-26T09:09:13.810+0000] {logging_mixin.py:188} INFO - [2024-03-26T09:09:13.810+0000] {dagbag.py:538} INFO - Filling up the DagBag from /home/airflow/.local/lib/python3.8/site-packages/airflow/example_dags/example_sensors.py
[2024-03-26T09:09:13.820+0000] {processor.py:840} INFO - DAG(s) 'example_sensors' retrieved from /home/airflow/.local/lib/python3.8/site-packages/airflow/example_dags/example_sensors.py
[2024-03-26T09:09:13.846+0000] {logging_mixin.py:188} INFO - [2024-03-26T09:09:13.846+0000] {dag.py:3036} INFO - Sync 1 DAGs
[2024-03-26T09:09:13.859+0000] {logging_mixin.py:188} INFO - [2024-03-26T09:09:13.859+0000] {dag.py:3823} INFO - Setting next_dagrun for example_sensors to None, run_after=None
[2024-03-26T09:09:13.881+0000] {processor.py:183} INFO - Processing /home/airflow/.local/lib/python3.8/site-packages/airflow/example_dags/example_sensors.py took 0.076 seconds
[2024-03-26T09:09:44.645+0000] {processor.py:161} INFO - Started process (PID=293) to work on /home/airflow/.local/lib/python3.8/site-packages/airflow/example_dags/example_sensors.py
[2024-03-26T09:09:44.646+0000] {processor.py:830} INFO - Processing file /home/airflow/.local/lib/python3.8/site-packages/airflow/example_dags/example_sensors.py for tasks to queue
[2024-03-26T09:09:44.648+0000] {logging_mixin.py:188} INFO - [2024-03-26T09:09:44.647+0000] {dagbag.py:538} INFO - Filling up the DagBag from /home/airflow/.local/lib/python3.8/site-packages/airflow/example_dags/example_sensors.py
[2024-03-26T09:09:44.655+0000] {processor.py:840} INFO - DAG(s) 'example_sensors' retrieved from /home/airflow/.local/lib/python3.8/site-packages/airflow/example_dags/example_sensors.py
[2024-03-26T09:09:44.676+0000] {logging_mixin.py:188} INFO - [2024-03-26T09:09:44.675+0000] {dag.py:3036} INFO - Sync 1 DAGs
[2024-03-26T09:09:44.686+0000] {logging_mixin.py:188} INFO - [2024-03-26T09:09:44.686+0000] {dag.py:3823} INFO - Setting next_dagrun for example_sensors to None, run_after=None
[2024-03-26T09:09:44.701+0000] {processor.py:183} INFO - Processing /home/airflow/.local/lib/python3.8/site-packages/airflow/example_dags/example_sensors.py took 0.058 seconds
[2024-03-26T09:10:15.218+0000] {processor.py:161} INFO - Started process (PID=350) to work on /home/airflow/.local/lib/python3.8/site-packages/airflow/example_dags/example_sensors.py
[2024-03-26T09:10:15.219+0000] {processor.py:830} INFO - Processing file /home/airflow/.local/lib/python3.8/site-packages/airflow/example_dags/example_sensors.py for tasks to queue
[2024-03-26T09:10:15.220+0000] {logging_mixin.py:188} INFO - [2024-03-26T09:10:15.220+0000] {dagbag.py:538} INFO - Filling up the DagBag from /home/airflow/.local/lib/python3.8/site-packages/airflow/example_dags/example_sensors.py
[2024-03-26T09:10:15.228+0000] {processor.py:840} INFO - DAG(s) 'example_sensors' retrieved from /home/airflow/.local/lib/python3.8/site-packages/airflow/example_dags/example_sensors.py
[2024-03-26T09:10:15.248+0000] {logging_mixin.py:188} INFO - [2024-03-26T09:10:15.247+0000] {dag.py:3036} INFO - Sync 1 DAGs
[2024-03-26T09:10:15.258+0000] {logging_mixin.py:188} INFO - [2024-03-26T09:10:15.258+0000] {dag.py:3823} INFO - Setting next_dagrun for example_sensors to None, run_after=None
[2024-03-26T09:10:15.276+0000] {processor.py:183} INFO - Processing /home/airflow/.local/lib/python3.8/site-packages/airflow/example_dags/example_sensors.py took 0.061 seconds
[2024-03-26T09:50:57.720+0000] {processor.py:161} INFO - Started process (PID=64) to work on /home/airflow/.local/lib/python3.8/site-packages/airflow/example_dags/example_sensors.py
[2024-03-26T09:50:57.721+0000] {processor.py:830} INFO - Processing file /home/airflow/.local/lib/python3.8/site-packages/airflow/example_dags/example_sensors.py for tasks to queue
[2024-03-26T09:50:57.724+0000] {logging_mixin.py:188} INFO - [2024-03-26T09:50:57.724+0000] {dagbag.py:538} INFO - Filling up the DagBag from /home/airflow/.local/lib/python3.8/site-packages/airflow/example_dags/example_sensors.py
[2024-03-26T09:50:57.740+0000] {processor.py:840} INFO - DAG(s) 'example_sensors' retrieved from /home/airflow/.local/lib/python3.8/site-packages/airflow/example_dags/example_sensors.py
[2024-03-26T09:50:57.751+0000] {logging_mixin.py:188} INFO - [2024-03-26T09:50:57.751+0000] {dag.py:3036} INFO - Sync 1 DAGs
[2024-03-26T09:50:57.764+0000] {logging_mixin.py:188} INFO - [2024-03-26T09:50:57.764+0000] {dag.py:3823} INFO - Setting next_dagrun for example_sensors to None, run_after=None
[2024-03-26T09:50:57.787+0000] {processor.py:183} INFO - Processing /home/airflow/.local/lib/python3.8/site-packages/airflow/example_dags/example_sensors.py took 0.070 seconds
[2024-03-26T09:51:28.298+0000] {processor.py:161} INFO - Started process (PID=121) to work on /home/airflow/.local/lib/python3.8/site-packages/airflow/example_dags/example_sensors.py
[2024-03-26T09:51:28.298+0000] {processor.py:830} INFO - Processing file /home/airflow/.local/lib/python3.8/site-packages/airflow/example_dags/example_sensors.py for tasks to queue
[2024-03-26T09:51:28.300+0000] {logging_mixin.py:188} INFO - [2024-03-26T09:51:28.300+0000] {dagbag.py:538} INFO - Filling up the DagBag from /home/airflow/.local/lib/python3.8/site-packages/airflow/example_dags/example_sensors.py
[2024-03-26T09:51:28.307+0000] {processor.py:840} INFO - DAG(s) 'example_sensors' retrieved from /home/airflow/.local/lib/python3.8/site-packages/airflow/example_dags/example_sensors.py
[2024-03-26T09:51:28.395+0000] {logging_mixin.py:188} INFO - [2024-03-26T09:51:28.395+0000] {dag.py:3036} INFO - Sync 1 DAGs
[2024-03-26T09:51:28.404+0000] {logging_mixin.py:188} INFO - [2024-03-26T09:51:28.404+0000] {dag.py:3823} INFO - Setting next_dagrun for example_sensors to None, run_after=None
[2024-03-26T09:51:28.421+0000] {processor.py:183} INFO - Processing /home/airflow/.local/lib/python3.8/site-packages/airflow/example_dags/example_sensors.py took 0.125 seconds
[2024-03-26T09:51:58.921+0000] {processor.py:161} INFO - Started process (PID=178) to work on /home/airflow/.local/lib/python3.8/site-packages/airflow/example_dags/example_sensors.py
[2024-03-26T09:51:58.922+0000] {processor.py:830} INFO - Processing file /home/airflow/.local/lib/python3.8/site-packages/airflow/example_dags/example_sensors.py for tasks to queue
[2024-03-26T09:51:58.924+0000] {logging_mixin.py:188} INFO - [2024-03-26T09:51:58.924+0000] {dagbag.py:538} INFO - Filling up the DagBag from /home/airflow/.local/lib/python3.8/site-packages/airflow/example_dags/example_sensors.py
[2024-03-26T09:51:58.930+0000] {processor.py:840} INFO - DAG(s) 'example_sensors' retrieved from /home/airflow/.local/lib/python3.8/site-packages/airflow/example_dags/example_sensors.py
[2024-03-26T09:51:58.950+0000] {logging_mixin.py:188} INFO - [2024-03-26T09:51:58.949+0000] {dag.py:3036} INFO - Sync 1 DAGs
[2024-03-26T09:51:58.959+0000] {logging_mixin.py:188} INFO - [2024-03-26T09:51:58.959+0000] {dag.py:3823} INFO - Setting next_dagrun for example_sensors to None, run_after=None
[2024-03-26T09:51:58.974+0000] {processor.py:183} INFO - Processing /home/airflow/.local/lib/python3.8/site-packages/airflow/example_dags/example_sensors.py took 0.054 seconds
[2024-03-26T09:52:29.641+0000] {processor.py:161} INFO - Started process (PID=235) to work on /home/airflow/.local/lib/python3.8/site-packages/airflow/example_dags/example_sensors.py
[2024-03-26T09:52:29.642+0000] {processor.py:830} INFO - Processing file /home/airflow/.local/lib/python3.8/site-packages/airflow/example_dags/example_sensors.py for tasks to queue
[2024-03-26T09:52:29.643+0000] {logging_mixin.py:188} INFO - [2024-03-26T09:52:29.643+0000] {dagbag.py:538} INFO - Filling up the DagBag from /home/airflow/.local/lib/python3.8/site-packages/airflow/example_dags/example_sensors.py
[2024-03-26T09:52:29.650+0000] {processor.py:840} INFO - DAG(s) 'example_sensors' retrieved from /home/airflow/.local/lib/python3.8/site-packages/airflow/example_dags/example_sensors.py
[2024-03-26T09:52:29.670+0000] {logging_mixin.py:188} INFO - [2024-03-26T09:52:29.670+0000] {dag.py:3036} INFO - Sync 1 DAGs
[2024-03-26T09:52:29.681+0000] {logging_mixin.py:188} INFO - [2024-03-26T09:52:29.681+0000] {dag.py:3823} INFO - Setting next_dagrun for example_sensors to None, run_after=None
[2024-03-26T09:52:29.701+0000] {processor.py:183} INFO - Processing /home/airflow/.local/lib/python3.8/site-packages/airflow/example_dags/example_sensors.py took 0.063 seconds
[2024-03-26T09:53:00.556+0000] {processor.py:161} INFO - Started process (PID=292) to work on /home/airflow/.local/lib/python3.8/site-packages/airflow/example_dags/example_sensors.py
[2024-03-26T09:53:00.557+0000] {processor.py:830} INFO - Processing file /home/airflow/.local/lib/python3.8/site-packages/airflow/example_dags/example_sensors.py for tasks to queue
[2024-03-26T09:53:00.558+0000] {logging_mixin.py:188} INFO - [2024-03-26T09:53:00.558+0000] {dagbag.py:538} INFO - Filling up the DagBag from /home/airflow/.local/lib/python3.8/site-packages/airflow/example_dags/example_sensors.py
[2024-03-26T09:53:00.565+0000] {processor.py:840} INFO - DAG(s) 'example_sensors' retrieved from /home/airflow/.local/lib/python3.8/site-packages/airflow/example_dags/example_sensors.py
[2024-03-26T09:53:00.586+0000] {logging_mixin.py:188} INFO - [2024-03-26T09:53:00.586+0000] {dag.py:3036} INFO - Sync 1 DAGs
[2024-03-26T09:53:00.597+0000] {logging_mixin.py:188} INFO - [2024-03-26T09:53:00.596+0000] {dag.py:3823} INFO - Setting next_dagrun for example_sensors to None, run_after=None
[2024-03-26T09:53:00.615+0000] {processor.py:183} INFO - Processing /home/airflow/.local/lib/python3.8/site-packages/airflow/example_dags/example_sensors.py took 0.061 seconds
[2024-03-26T09:53:30.940+0000] {processor.py:161} INFO - Started process (PID=349) to work on /home/airflow/.local/lib/python3.8/site-packages/airflow/example_dags/example_sensors.py
[2024-03-26T09:53:30.941+0000] {processor.py:830} INFO - Processing file /home/airflow/.local/lib/python3.8/site-packages/airflow/example_dags/example_sensors.py for tasks to queue
[2024-03-26T09:53:30.942+0000] {logging_mixin.py:188} INFO - [2024-03-26T09:53:30.942+0000] {dagbag.py:538} INFO - Filling up the DagBag from /home/airflow/.local/lib/python3.8/site-packages/airflow/example_dags/example_sensors.py
[2024-03-26T09:53:30.949+0000] {processor.py:840} INFO - DAG(s) 'example_sensors' retrieved from /home/airflow/.local/lib/python3.8/site-packages/airflow/example_dags/example_sensors.py
[2024-03-26T09:53:30.969+0000] {logging_mixin.py:188} INFO - [2024-03-26T09:53:30.969+0000] {dag.py:3036} INFO - Sync 1 DAGs
[2024-03-26T09:53:30.980+0000] {logging_mixin.py:188} INFO - [2024-03-26T09:53:30.980+0000] {dag.py:3823} INFO - Setting next_dagrun for example_sensors to None, run_after=None
[2024-03-26T09:53:30.997+0000] {processor.py:183} INFO - Processing /home/airflow/.local/lib/python3.8/site-packages/airflow/example_dags/example_sensors.py took 0.059 seconds
[2024-03-26T09:54:02.052+0000] {processor.py:161} INFO - Started process (PID=406) to work on /home/airflow/.local/lib/python3.8/site-packages/airflow/example_dags/example_sensors.py
[2024-03-26T09:54:02.053+0000] {processor.py:830} INFO - Processing file /home/airflow/.local/lib/python3.8/site-packages/airflow/example_dags/example_sensors.py for tasks to queue
[2024-03-26T09:54:02.054+0000] {logging_mixin.py:188} INFO - [2024-03-26T09:54:02.054+0000] {dagbag.py:538} INFO - Filling up the DagBag from /home/airflow/.local/lib/python3.8/site-packages/airflow/example_dags/example_sensors.py
[2024-03-26T09:54:02.061+0000] {processor.py:840} INFO - DAG(s) 'example_sensors' retrieved from /home/airflow/.local/lib/python3.8/site-packages/airflow/example_dags/example_sensors.py
[2024-03-26T09:54:02.081+0000] {logging_mixin.py:188} INFO - [2024-03-26T09:54:02.081+0000] {dag.py:3036} INFO - Sync 1 DAGs
[2024-03-26T09:54:02.092+0000] {logging_mixin.py:188} INFO - [2024-03-26T09:54:02.092+0000] {dag.py:3823} INFO - Setting next_dagrun for example_sensors to None, run_after=None
[2024-03-26T09:54:02.107+0000] {processor.py:183} INFO - Processing /home/airflow/.local/lib/python3.8/site-packages/airflow/example_dags/example_sensors.py took 0.057 seconds
[2024-03-26T09:54:32.668+0000] {processor.py:161} INFO - Started process (PID=463) to work on /home/airflow/.local/lib/python3.8/site-packages/airflow/example_dags/example_sensors.py
[2024-03-26T09:54:32.669+0000] {processor.py:830} INFO - Processing file /home/airflow/.local/lib/python3.8/site-packages/airflow/example_dags/example_sensors.py for tasks to queue
[2024-03-26T09:54:32.670+0000] {logging_mixin.py:188} INFO - [2024-03-26T09:54:32.670+0000] {dagbag.py:538} INFO - Filling up the DagBag from /home/airflow/.local/lib/python3.8/site-packages/airflow/example_dags/example_sensors.py
[2024-03-26T09:54:32.678+0000] {processor.py:840} INFO - DAG(s) 'example_sensors' retrieved from /home/airflow/.local/lib/python3.8/site-packages/airflow/example_dags/example_sensors.py
[2024-03-26T09:54:32.698+0000] {logging_mixin.py:188} INFO - [2024-03-26T09:54:32.698+0000] {dag.py:3036} INFO - Sync 1 DAGs
[2024-03-26T09:54:32.708+0000] {logging_mixin.py:188} INFO - [2024-03-26T09:54:32.708+0000] {dag.py:3823} INFO - Setting next_dagrun for example_sensors to None, run_after=None
[2024-03-26T09:54:32.722+0000] {processor.py:183} INFO - Processing /home/airflow/.local/lib/python3.8/site-packages/airflow/example_dags/example_sensors.py took 0.057 seconds
[2024-03-26T09:55:03.059+0000] {processor.py:161} INFO - Started process (PID=520) to work on /home/airflow/.local/lib/python3.8/site-packages/airflow/example_dags/example_sensors.py
[2024-03-26T09:55:03.060+0000] {processor.py:830} INFO - Processing file /home/airflow/.local/lib/python3.8/site-packages/airflow/example_dags/example_sensors.py for tasks to queue
[2024-03-26T09:55:03.061+0000] {logging_mixin.py:188} INFO - [2024-03-26T09:55:03.061+0000] {dagbag.py:538} INFO - Filling up the DagBag from /home/airflow/.local/lib/python3.8/site-packages/airflow/example_dags/example_sensors.py
[2024-03-26T09:55:03.068+0000] {processor.py:840} INFO - DAG(s) 'example_sensors' retrieved from /home/airflow/.local/lib/python3.8/site-packages/airflow/example_dags/example_sensors.py
[2024-03-26T09:55:03.089+0000] {logging_mixin.py:188} INFO - [2024-03-26T09:55:03.089+0000] {dag.py:3036} INFO - Sync 1 DAGs
[2024-03-26T09:55:03.100+0000] {logging_mixin.py:188} INFO - [2024-03-26T09:55:03.100+0000] {dag.py:3823} INFO - Setting next_dagrun for example_sensors to None, run_after=None
[2024-03-26T09:55:03.117+0000] {processor.py:183} INFO - Processing /home/airflow/.local/lib/python3.8/site-packages/airflow/example_dags/example_sensors.py took 0.060 seconds
[2024-03-26T09:55:33.575+0000] {processor.py:161} INFO - Started process (PID=576) to work on /home/airflow/.local/lib/python3.8/site-packages/airflow/example_dags/example_sensors.py
[2024-03-26T09:55:33.576+0000] {processor.py:830} INFO - Processing file /home/airflow/.local/lib/python3.8/site-packages/airflow/example_dags/example_sensors.py for tasks to queue
[2024-03-26T09:55:33.579+0000] {logging_mixin.py:188} INFO - [2024-03-26T09:55:33.578+0000] {dagbag.py:538} INFO - Filling up the DagBag from /home/airflow/.local/lib/python3.8/site-packages/airflow/example_dags/example_sensors.py
[2024-03-26T09:55:33.586+0000] {processor.py:840} INFO - DAG(s) 'example_sensors' retrieved from /home/airflow/.local/lib/python3.8/site-packages/airflow/example_dags/example_sensors.py
[2024-03-26T09:55:33.606+0000] {logging_mixin.py:188} INFO - [2024-03-26T09:55:33.606+0000] {dag.py:3036} INFO - Sync 1 DAGs
[2024-03-26T09:55:33.617+0000] {logging_mixin.py:188} INFO - [2024-03-26T09:55:33.616+0000] {dag.py:3823} INFO - Setting next_dagrun for example_sensors to None, run_after=None
[2024-03-26T09:55:33.632+0000] {processor.py:183} INFO - Processing /home/airflow/.local/lib/python3.8/site-packages/airflow/example_dags/example_sensors.py took 0.060 seconds
[2024-03-26T09:56:04.164+0000] {processor.py:161} INFO - Started process (PID=632) to work on /home/airflow/.local/lib/python3.8/site-packages/airflow/example_dags/example_sensors.py
[2024-03-26T09:56:04.165+0000] {processor.py:830} INFO - Processing file /home/airflow/.local/lib/python3.8/site-packages/airflow/example_dags/example_sensors.py for tasks to queue
[2024-03-26T09:56:04.166+0000] {logging_mixin.py:188} INFO - [2024-03-26T09:56:04.166+0000] {dagbag.py:538} INFO - Filling up the DagBag from /home/airflow/.local/lib/python3.8/site-packages/airflow/example_dags/example_sensors.py
[2024-03-26T09:56:04.173+0000] {processor.py:840} INFO - DAG(s) 'example_sensors' retrieved from /home/airflow/.local/lib/python3.8/site-packages/airflow/example_dags/example_sensors.py
[2024-03-26T09:56:04.197+0000] {logging_mixin.py:188} INFO - [2024-03-26T09:56:04.197+0000] {dag.py:3036} INFO - Sync 1 DAGs
[2024-03-26T09:56:04.208+0000] {logging_mixin.py:188} INFO - [2024-03-26T09:56:04.208+0000] {dag.py:3823} INFO - Setting next_dagrun for example_sensors to None, run_after=None
[2024-03-26T09:56:04.224+0000] {processor.py:183} INFO - Processing /home/airflow/.local/lib/python3.8/site-packages/airflow/example_dags/example_sensors.py took 0.063 seconds
[2024-03-26T09:57:47.408+0000] {processor.py:161} INFO - Started process (PID=64) to work on /home/airflow/.local/lib/python3.8/site-packages/airflow/example_dags/example_sensors.py
[2024-03-26T09:57:47.409+0000] {processor.py:830} INFO - Processing file /home/airflow/.local/lib/python3.8/site-packages/airflow/example_dags/example_sensors.py for tasks to queue
[2024-03-26T09:57:47.410+0000] {logging_mixin.py:188} INFO - [2024-03-26T09:57:47.410+0000] {dagbag.py:538} INFO - Filling up the DagBag from /home/airflow/.local/lib/python3.8/site-packages/airflow/example_dags/example_sensors.py
[2024-03-26T09:57:47.422+0000] {processor.py:840} INFO - DAG(s) 'example_sensors' retrieved from /home/airflow/.local/lib/python3.8/site-packages/airflow/example_dags/example_sensors.py
[2024-03-26T09:57:47.431+0000] {logging_mixin.py:188} INFO - [2024-03-26T09:57:47.431+0000] {dag.py:3036} INFO - Sync 1 DAGs
[2024-03-26T09:57:47.442+0000] {logging_mixin.py:188} INFO - [2024-03-26T09:57:47.442+0000] {dag.py:3823} INFO - Setting next_dagrun for example_sensors to None, run_after=None
[2024-03-26T09:57:47.461+0000] {processor.py:183} INFO - Processing /home/airflow/.local/lib/python3.8/site-packages/airflow/example_dags/example_sensors.py took 0.056 seconds
[2024-03-26T09:58:18.044+0000] {processor.py:161} INFO - Started process (PID=121) to work on /home/airflow/.local/lib/python3.8/site-packages/airflow/example_dags/example_sensors.py
[2024-03-26T09:58:18.045+0000] {processor.py:830} INFO - Processing file /home/airflow/.local/lib/python3.8/site-packages/airflow/example_dags/example_sensors.py for tasks to queue
[2024-03-26T09:58:18.047+0000] {logging_mixin.py:188} INFO - [2024-03-26T09:58:18.046+0000] {dagbag.py:538} INFO - Filling up the DagBag from /home/airflow/.local/lib/python3.8/site-packages/airflow/example_dags/example_sensors.py
[2024-03-26T09:58:18.055+0000] {processor.py:840} INFO - DAG(s) 'example_sensors' retrieved from /home/airflow/.local/lib/python3.8/site-packages/airflow/example_dags/example_sensors.py
[2024-03-26T09:58:18.141+0000] {logging_mixin.py:188} INFO - [2024-03-26T09:58:18.141+0000] {dag.py:3036} INFO - Sync 1 DAGs
[2024-03-26T09:58:18.150+0000] {logging_mixin.py:188} INFO - [2024-03-26T09:58:18.150+0000] {dag.py:3823} INFO - Setting next_dagrun for example_sensors to None, run_after=None
[2024-03-26T09:58:18.166+0000] {processor.py:183} INFO - Processing /home/airflow/.local/lib/python3.8/site-packages/airflow/example_dags/example_sensors.py took 0.124 seconds
[2024-03-26T09:58:48.767+0000] {processor.py:161} INFO - Started process (PID=178) to work on /home/airflow/.local/lib/python3.8/site-packages/airflow/example_dags/example_sensors.py
[2024-03-26T09:58:48.769+0000] {processor.py:830} INFO - Processing file /home/airflow/.local/lib/python3.8/site-packages/airflow/example_dags/example_sensors.py for tasks to queue
[2024-03-26T09:58:48.770+0000] {logging_mixin.py:188} INFO - [2024-03-26T09:58:48.770+0000] {dagbag.py:538} INFO - Filling up the DagBag from /home/airflow/.local/lib/python3.8/site-packages/airflow/example_dags/example_sensors.py
[2024-03-26T09:58:48.779+0000] {processor.py:840} INFO - DAG(s) 'example_sensors' retrieved from /home/airflow/.local/lib/python3.8/site-packages/airflow/example_dags/example_sensors.py
[2024-03-26T09:58:48.800+0000] {logging_mixin.py:188} INFO - [2024-03-26T09:58:48.800+0000] {dag.py:3036} INFO - Sync 1 DAGs
[2024-03-26T09:58:48.812+0000] {logging_mixin.py:188} INFO - [2024-03-26T09:58:48.812+0000] {dag.py:3823} INFO - Setting next_dagrun for example_sensors to None, run_after=None
[2024-03-26T09:58:48.830+0000] {processor.py:183} INFO - Processing /home/airflow/.local/lib/python3.8/site-packages/airflow/example_dags/example_sensors.py took 0.066 seconds
[2024-03-26T10:11:03.410+0000] {processor.py:161} INFO - Started process (PID=63) to work on /home/airflow/.local/lib/python3.8/site-packages/airflow/example_dags/example_sensors.py
[2024-03-26T10:11:03.411+0000] {processor.py:830} INFO - Processing file /home/airflow/.local/lib/python3.8/site-packages/airflow/example_dags/example_sensors.py for tasks to queue
[2024-03-26T10:11:03.413+0000] {logging_mixin.py:188} INFO - [2024-03-26T10:11:03.413+0000] {dagbag.py:538} INFO - Filling up the DagBag from /home/airflow/.local/lib/python3.8/site-packages/airflow/example_dags/example_sensors.py
[2024-03-26T10:11:03.425+0000] {processor.py:840} INFO - DAG(s) 'example_sensors' retrieved from /home/airflow/.local/lib/python3.8/site-packages/airflow/example_dags/example_sensors.py
[2024-03-26T10:11:03.440+0000] {logging_mixin.py:188} INFO - [2024-03-26T10:11:03.439+0000] {dag.py:3036} INFO - Sync 1 DAGs
[2024-03-26T10:11:03.454+0000] {logging_mixin.py:188} INFO - [2024-03-26T10:11:03.454+0000] {dag.py:3823} INFO - Setting next_dagrun for example_sensors to None, run_after=None
[2024-03-26T10:11:03.475+0000] {processor.py:183} INFO - Processing /home/airflow/.local/lib/python3.8/site-packages/airflow/example_dags/example_sensors.py took 0.069 seconds
[2024-03-26T10:11:35.047+0000] {processor.py:161} INFO - Started process (PID=119) to work on /home/airflow/.local/lib/python3.8/site-packages/airflow/example_dags/example_sensors.py
[2024-03-26T10:11:35.048+0000] {processor.py:830} INFO - Processing file /home/airflow/.local/lib/python3.8/site-packages/airflow/example_dags/example_sensors.py for tasks to queue
[2024-03-26T10:11:35.050+0000] {logging_mixin.py:188} INFO - [2024-03-26T10:11:35.050+0000] {dagbag.py:538} INFO - Filling up the DagBag from /home/airflow/.local/lib/python3.8/site-packages/airflow/example_dags/example_sensors.py
[2024-03-26T10:11:35.057+0000] {processor.py:840} INFO - DAG(s) 'example_sensors' retrieved from /home/airflow/.local/lib/python3.8/site-packages/airflow/example_dags/example_sensors.py
[2024-03-26T10:11:35.146+0000] {logging_mixin.py:188} INFO - [2024-03-26T10:11:35.146+0000] {dag.py:3036} INFO - Sync 1 DAGs
[2024-03-26T10:11:35.155+0000] {logging_mixin.py:188} INFO - [2024-03-26T10:11:35.155+0000] {dag.py:3823} INFO - Setting next_dagrun for example_sensors to None, run_after=None
[2024-03-26T10:11:35.172+0000] {processor.py:183} INFO - Processing /home/airflow/.local/lib/python3.8/site-packages/airflow/example_dags/example_sensors.py took 0.127 seconds
[2024-03-26T10:12:49.586+0000] {processor.py:161} INFO - Started process (PID=64) to work on /home/airflow/.local/lib/python3.8/site-packages/airflow/example_dags/example_sensors.py
[2024-03-26T10:12:49.587+0000] {processor.py:830} INFO - Processing file /home/airflow/.local/lib/python3.8/site-packages/airflow/example_dags/example_sensors.py for tasks to queue
[2024-03-26T10:12:49.589+0000] {logging_mixin.py:188} INFO - [2024-03-26T10:12:49.588+0000] {dagbag.py:538} INFO - Filling up the DagBag from /home/airflow/.local/lib/python3.8/site-packages/airflow/example_dags/example_sensors.py
[2024-03-26T10:12:49.601+0000] {processor.py:840} INFO - DAG(s) 'example_sensors' retrieved from /home/airflow/.local/lib/python3.8/site-packages/airflow/example_dags/example_sensors.py
[2024-03-26T10:12:49.613+0000] {logging_mixin.py:188} INFO - [2024-03-26T10:12:49.612+0000] {dag.py:3036} INFO - Sync 1 DAGs
[2024-03-26T10:12:49.629+0000] {logging_mixin.py:188} INFO - [2024-03-26T10:12:49.628+0000] {dag.py:3823} INFO - Setting next_dagrun for example_sensors to None, run_after=None
[2024-03-26T10:12:49.651+0000] {processor.py:183} INFO - Processing /home/airflow/.local/lib/python3.8/site-packages/airflow/example_dags/example_sensors.py took 0.069 seconds
[2024-03-26T10:13:20.360+0000] {processor.py:161} INFO - Started process (PID=121) to work on /home/airflow/.local/lib/python3.8/site-packages/airflow/example_dags/example_sensors.py
[2024-03-26T10:13:20.361+0000] {processor.py:830} INFO - Processing file /home/airflow/.local/lib/python3.8/site-packages/airflow/example_dags/example_sensors.py for tasks to queue
[2024-03-26T10:13:20.362+0000] {logging_mixin.py:188} INFO - [2024-03-26T10:13:20.362+0000] {dagbag.py:538} INFO - Filling up the DagBag from /home/airflow/.local/lib/python3.8/site-packages/airflow/example_dags/example_sensors.py
[2024-03-26T10:13:20.370+0000] {processor.py:840} INFO - DAG(s) 'example_sensors' retrieved from /home/airflow/.local/lib/python3.8/site-packages/airflow/example_dags/example_sensors.py
[2024-03-26T10:13:20.463+0000] {logging_mixin.py:188} INFO - [2024-03-26T10:13:20.463+0000] {dag.py:3036} INFO - Sync 1 DAGs
[2024-03-26T10:13:20.473+0000] {logging_mixin.py:188} INFO - [2024-03-26T10:13:20.473+0000] {dag.py:3823} INFO - Setting next_dagrun for example_sensors to None, run_after=None
[2024-03-26T10:13:20.490+0000] {processor.py:183} INFO - Processing /home/airflow/.local/lib/python3.8/site-packages/airflow/example_dags/example_sensors.py took 0.132 seconds
[2024-03-26T10:13:50.972+0000] {processor.py:161} INFO - Started process (PID=178) to work on /home/airflow/.local/lib/python3.8/site-packages/airflow/example_dags/example_sensors.py
[2024-03-26T10:13:50.973+0000] {processor.py:830} INFO - Processing file /home/airflow/.local/lib/python3.8/site-packages/airflow/example_dags/example_sensors.py for tasks to queue
[2024-03-26T10:13:50.975+0000] {logging_mixin.py:188} INFO - [2024-03-26T10:13:50.975+0000] {dagbag.py:538} INFO - Filling up the DagBag from /home/airflow/.local/lib/python3.8/site-packages/airflow/example_dags/example_sensors.py
[2024-03-26T10:13:50.982+0000] {processor.py:840} INFO - DAG(s) 'example_sensors' retrieved from /home/airflow/.local/lib/python3.8/site-packages/airflow/example_dags/example_sensors.py
[2024-03-26T10:13:51.002+0000] {logging_mixin.py:188} INFO - [2024-03-26T10:13:51.002+0000] {dag.py:3036} INFO - Sync 1 DAGs
[2024-03-26T10:13:51.012+0000] {logging_mixin.py:188} INFO - [2024-03-26T10:13:51.012+0000] {dag.py:3823} INFO - Setting next_dagrun for example_sensors to None, run_after=None
[2024-03-26T10:13:51.026+0000] {processor.py:183} INFO - Processing /home/airflow/.local/lib/python3.8/site-packages/airflow/example_dags/example_sensors.py took 0.056 seconds
[2024-03-26T10:14:21.377+0000] {processor.py:161} INFO - Started process (PID=235) to work on /home/airflow/.local/lib/python3.8/site-packages/airflow/example_dags/example_sensors.py
[2024-03-26T10:14:21.377+0000] {processor.py:830} INFO - Processing file /home/airflow/.local/lib/python3.8/site-packages/airflow/example_dags/example_sensors.py for tasks to queue
[2024-03-26T10:14:21.379+0000] {logging_mixin.py:188} INFO - [2024-03-26T10:14:21.379+0000] {dagbag.py:538} INFO - Filling up the DagBag from /home/airflow/.local/lib/python3.8/site-packages/airflow/example_dags/example_sensors.py
[2024-03-26T10:14:21.387+0000] {processor.py:840} INFO - DAG(s) 'example_sensors' retrieved from /home/airflow/.local/lib/python3.8/site-packages/airflow/example_dags/example_sensors.py
[2024-03-26T10:14:21.408+0000] {logging_mixin.py:188} INFO - [2024-03-26T10:14:21.408+0000] {dag.py:3036} INFO - Sync 1 DAGs
[2024-03-26T10:14:21.420+0000] {logging_mixin.py:188} INFO - [2024-03-26T10:14:21.419+0000] {dag.py:3823} INFO - Setting next_dagrun for example_sensors to None, run_after=None
[2024-03-26T10:14:21.436+0000] {processor.py:183} INFO - Processing /home/airflow/.local/lib/python3.8/site-packages/airflow/example_dags/example_sensors.py took 0.062 seconds
[2024-03-26T10:15:15.653+0000] {processor.py:161} INFO - Started process (PID=64) to work on /home/airflow/.local/lib/python3.8/site-packages/airflow/example_dags/example_sensors.py
[2024-03-26T10:15:15.654+0000] {processor.py:830} INFO - Processing file /home/airflow/.local/lib/python3.8/site-packages/airflow/example_dags/example_sensors.py for tasks to queue
[2024-03-26T10:15:15.657+0000] {logging_mixin.py:188} INFO - [2024-03-26T10:15:15.656+0000] {dagbag.py:538} INFO - Filling up the DagBag from /home/airflow/.local/lib/python3.8/site-packages/airflow/example_dags/example_sensors.py
[2024-03-26T10:15:15.676+0000] {processor.py:840} INFO - DAG(s) 'example_sensors' retrieved from /home/airflow/.local/lib/python3.8/site-packages/airflow/example_dags/example_sensors.py
[2024-03-26T10:15:15.686+0000] {logging_mixin.py:188} INFO - [2024-03-26T10:15:15.686+0000] {dag.py:3036} INFO - Sync 1 DAGs
[2024-03-26T10:15:15.699+0000] {logging_mixin.py:188} INFO - [2024-03-26T10:15:15.699+0000] {dag.py:3823} INFO - Setting next_dagrun for example_sensors to None, run_after=None
[2024-03-26T10:15:15.723+0000] {processor.py:183} INFO - Processing /home/airflow/.local/lib/python3.8/site-packages/airflow/example_dags/example_sensors.py took 0.074 seconds
[2024-03-26T10:17:22.846+0000] {processor.py:161} INFO - Started process (PID=64) to work on /home/airflow/.local/lib/python3.8/site-packages/airflow/example_dags/example_sensors.py
[2024-03-26T10:17:22.847+0000] {processor.py:830} INFO - Processing file /home/airflow/.local/lib/python3.8/site-packages/airflow/example_dags/example_sensors.py for tasks to queue
[2024-03-26T10:17:22.849+0000] {logging_mixin.py:188} INFO - [2024-03-26T10:17:22.848+0000] {dagbag.py:538} INFO - Filling up the DagBag from /home/airflow/.local/lib/python3.8/site-packages/airflow/example_dags/example_sensors.py
[2024-03-26T10:17:22.862+0000] {processor.py:840} INFO - DAG(s) 'example_sensors' retrieved from /home/airflow/.local/lib/python3.8/site-packages/airflow/example_dags/example_sensors.py
[2024-03-26T10:17:22.874+0000] {logging_mixin.py:188} INFO - [2024-03-26T10:17:22.874+0000] {dag.py:3036} INFO - Sync 1 DAGs
[2024-03-26T10:17:22.888+0000] {logging_mixin.py:188} INFO - [2024-03-26T10:17:22.887+0000] {dag.py:3823} INFO - Setting next_dagrun for example_sensors to None, run_after=None
[2024-03-26T10:17:22.912+0000] {processor.py:183} INFO - Processing /home/airflow/.local/lib/python3.8/site-packages/airflow/example_dags/example_sensors.py took 0.068 seconds
[2024-03-26T10:17:53.974+0000] {processor.py:161} INFO - Started process (PID=121) to work on /home/airflow/.local/lib/python3.8/site-packages/airflow/example_dags/example_sensors.py
[2024-03-26T10:17:53.975+0000] {processor.py:830} INFO - Processing file /home/airflow/.local/lib/python3.8/site-packages/airflow/example_dags/example_sensors.py for tasks to queue
[2024-03-26T10:17:53.978+0000] {logging_mixin.py:188} INFO - [2024-03-26T10:17:53.977+0000] {dagbag.py:538} INFO - Filling up the DagBag from /home/airflow/.local/lib/python3.8/site-packages/airflow/example_dags/example_sensors.py
[2024-03-26T10:17:53.988+0000] {processor.py:840} INFO - DAG(s) 'example_sensors' retrieved from /home/airflow/.local/lib/python3.8/site-packages/airflow/example_dags/example_sensors.py
[2024-03-26T10:17:54.087+0000] {logging_mixin.py:188} INFO - [2024-03-26T10:17:54.087+0000] {dag.py:3036} INFO - Sync 1 DAGs
[2024-03-26T10:17:54.098+0000] {logging_mixin.py:188} INFO - [2024-03-26T10:17:54.097+0000] {dag.py:3823} INFO - Setting next_dagrun for example_sensors to None, run_after=None
[2024-03-26T10:17:54.119+0000] {processor.py:183} INFO - Processing /home/airflow/.local/lib/python3.8/site-packages/airflow/example_dags/example_sensors.py took 0.148 seconds
