[2024-03-26T08:41:07.094+0000] {processor.py:161} INFO - Started process (PID=64) to work on /home/airflow/.local/lib/python3.8/site-packages/airflow/example_dags/example_branch_python_dop_operator_3.py
[2024-03-26T08:41:07.095+0000] {processor.py:830} INFO - Processing file /home/airflow/.local/lib/python3.8/site-packages/airflow/example_dags/example_branch_python_dop_operator_3.py for tasks to queue
[2024-03-26T08:41:07.098+0000] {logging_mixin.py:188} INFO - [2024-03-26T08:41:07.097+0000] {dagbag.py:538} INFO - Filling up the DagBag from /home/airflow/.local/lib/python3.8/site-packages/airflow/example_dags/example_branch_python_dop_operator_3.py
[2024-03-26T08:41:07.110+0000] {processor.py:840} INFO - DAG(s) 'example_branch_dop_operator_v3' retrieved from /home/airflow/.local/lib/python3.8/site-packages/airflow/example_dags/example_branch_python_dop_operator_3.py
[2024-03-26T08:41:07.123+0000] {logging_mixin.py:188} INFO - [2024-03-26T08:41:07.122+0000] {dag.py:3036} INFO - Sync 1 DAGs
[2024-03-26T08:41:07.150+0000] {logging_mixin.py:188} INFO - [2024-03-26T08:41:07.150+0000] {dag.py:3823} INFO - Setting next_dagrun for example_branch_dop_operator_v3 to 2024-03-26 08:40:00+00:00, run_after=2024-03-26 08:41:00+00:00
[2024-03-26T08:41:07.167+0000] {processor.py:183} INFO - Processing /home/airflow/.local/lib/python3.8/site-packages/airflow/example_dags/example_branch_python_dop_operator_3.py took 0.076 seconds
[2024-03-26T08:41:38.347+0000] {processor.py:161} INFO - Started process (PID=120) to work on /home/airflow/.local/lib/python3.8/site-packages/airflow/example_dags/example_branch_python_dop_operator_3.py
[2024-03-26T08:41:38.348+0000] {processor.py:830} INFO - Processing file /home/airflow/.local/lib/python3.8/site-packages/airflow/example_dags/example_branch_python_dop_operator_3.py for tasks to queue
[2024-03-26T08:41:38.349+0000] {logging_mixin.py:188} INFO - [2024-03-26T08:41:38.349+0000] {dagbag.py:538} INFO - Filling up the DagBag from /home/airflow/.local/lib/python3.8/site-packages/airflow/example_dags/example_branch_python_dop_operator_3.py
[2024-03-26T08:41:38.359+0000] {processor.py:840} INFO - DAG(s) 'example_branch_dop_operator_v3' retrieved from /home/airflow/.local/lib/python3.8/site-packages/airflow/example_dags/example_branch_python_dop_operator_3.py
[2024-03-26T08:41:38.442+0000] {logging_mixin.py:188} INFO - [2024-03-26T08:41:38.442+0000] {dag.py:3036} INFO - Sync 1 DAGs
[2024-03-26T08:41:38.466+0000] {logging_mixin.py:188} INFO - [2024-03-26T08:41:38.465+0000] {dag.py:3823} INFO - Setting next_dagrun for example_branch_dop_operator_v3 to 2024-03-26 08:40:00+00:00, run_after=2024-03-26 08:41:00+00:00
[2024-03-26T08:41:38.483+0000] {processor.py:183} INFO - Processing /home/airflow/.local/lib/python3.8/site-packages/airflow/example_dags/example_branch_python_dop_operator_3.py took 0.138 seconds
[2024-03-26T08:43:47.344+0000] {processor.py:161} INFO - Started process (PID=64) to work on /home/airflow/.local/lib/python3.8/site-packages/airflow/example_dags/example_branch_python_dop_operator_3.py
[2024-03-26T08:43:47.345+0000] {processor.py:830} INFO - Processing file /home/airflow/.local/lib/python3.8/site-packages/airflow/example_dags/example_branch_python_dop_operator_3.py for tasks to queue
[2024-03-26T08:43:47.347+0000] {logging_mixin.py:188} INFO - [2024-03-26T08:43:47.346+0000] {dagbag.py:538} INFO - Filling up the DagBag from /home/airflow/.local/lib/python3.8/site-packages/airflow/example_dags/example_branch_python_dop_operator_3.py
[2024-03-26T08:43:47.356+0000] {processor.py:840} INFO - DAG(s) 'example_branch_dop_operator_v3' retrieved from /home/airflow/.local/lib/python3.8/site-packages/airflow/example_dags/example_branch_python_dop_operator_3.py
[2024-03-26T08:43:47.364+0000] {logging_mixin.py:188} INFO - [2024-03-26T08:43:47.364+0000] {dag.py:3036} INFO - Sync 1 DAGs
[2024-03-26T08:43:47.396+0000] {logging_mixin.py:188} INFO - [2024-03-26T08:43:47.396+0000] {dag.py:3823} INFO - Setting next_dagrun for example_branch_dop_operator_v3 to 2024-03-26 08:42:00+00:00, run_after=2024-03-26 08:43:00+00:00
[2024-03-26T08:43:47.413+0000] {processor.py:183} INFO - Processing /home/airflow/.local/lib/python3.8/site-packages/airflow/example_dags/example_branch_python_dop_operator_3.py took 0.072 seconds
[2024-03-26T08:44:18.779+0000] {processor.py:161} INFO - Started process (PID=120) to work on /home/airflow/.local/lib/python3.8/site-packages/airflow/example_dags/example_branch_python_dop_operator_3.py
[2024-03-26T08:44:18.780+0000] {processor.py:830} INFO - Processing file /home/airflow/.local/lib/python3.8/site-packages/airflow/example_dags/example_branch_python_dop_operator_3.py for tasks to queue
[2024-03-26T08:44:18.781+0000] {logging_mixin.py:188} INFO - [2024-03-26T08:44:18.781+0000] {dagbag.py:538} INFO - Filling up the DagBag from /home/airflow/.local/lib/python3.8/site-packages/airflow/example_dags/example_branch_python_dop_operator_3.py
[2024-03-26T08:44:18.788+0000] {processor.py:840} INFO - DAG(s) 'example_branch_dop_operator_v3' retrieved from /home/airflow/.local/lib/python3.8/site-packages/airflow/example_dags/example_branch_python_dop_operator_3.py
[2024-03-26T08:44:18.868+0000] {logging_mixin.py:188} INFO - [2024-03-26T08:44:18.867+0000] {dag.py:3036} INFO - Sync 1 DAGs
[2024-03-26T08:44:18.887+0000] {logging_mixin.py:188} INFO - [2024-03-26T08:44:18.887+0000] {dag.py:3823} INFO - Setting next_dagrun for example_branch_dop_operator_v3 to 2024-03-26 08:43:00+00:00, run_after=2024-03-26 08:44:00+00:00
[2024-03-26T08:44:18.905+0000] {processor.py:183} INFO - Processing /home/airflow/.local/lib/python3.8/site-packages/airflow/example_dags/example_branch_python_dop_operator_3.py took 0.129 seconds
[2024-03-26T08:44:49.164+0000] {processor.py:161} INFO - Started process (PID=176) to work on /home/airflow/.local/lib/python3.8/site-packages/airflow/example_dags/example_branch_python_dop_operator_3.py
[2024-03-26T08:44:49.165+0000] {processor.py:830} INFO - Processing file /home/airflow/.local/lib/python3.8/site-packages/airflow/example_dags/example_branch_python_dop_operator_3.py for tasks to queue
[2024-03-26T08:44:49.166+0000] {logging_mixin.py:188} INFO - [2024-03-26T08:44:49.166+0000] {dagbag.py:538} INFO - Filling up the DagBag from /home/airflow/.local/lib/python3.8/site-packages/airflow/example_dags/example_branch_python_dop_operator_3.py
[2024-03-26T08:44:49.173+0000] {processor.py:840} INFO - DAG(s) 'example_branch_dop_operator_v3' retrieved from /home/airflow/.local/lib/python3.8/site-packages/airflow/example_dags/example_branch_python_dop_operator_3.py
[2024-03-26T08:44:49.192+0000] {logging_mixin.py:188} INFO - [2024-03-26T08:44:49.191+0000] {dag.py:3036} INFO - Sync 1 DAGs
[2024-03-26T08:44:49.215+0000] {logging_mixin.py:188} INFO - [2024-03-26T08:44:49.214+0000] {dag.py:3823} INFO - Setting next_dagrun for example_branch_dop_operator_v3 to 2024-03-26 08:43:00+00:00, run_after=2024-03-26 08:44:00+00:00
[2024-03-26T08:44:49.229+0000] {processor.py:183} INFO - Processing /home/airflow/.local/lib/python3.8/site-packages/airflow/example_dags/example_branch_python_dop_operator_3.py took 0.068 seconds
[2024-03-26T08:45:19.493+0000] {processor.py:161} INFO - Started process (PID=232) to work on /home/airflow/.local/lib/python3.8/site-packages/airflow/example_dags/example_branch_python_dop_operator_3.py
[2024-03-26T08:45:19.494+0000] {processor.py:830} INFO - Processing file /home/airflow/.local/lib/python3.8/site-packages/airflow/example_dags/example_branch_python_dop_operator_3.py for tasks to queue
[2024-03-26T08:45:19.496+0000] {logging_mixin.py:188} INFO - [2024-03-26T08:45:19.495+0000] {dagbag.py:538} INFO - Filling up the DagBag from /home/airflow/.local/lib/python3.8/site-packages/airflow/example_dags/example_branch_python_dop_operator_3.py
[2024-03-26T08:45:19.503+0000] {processor.py:840} INFO - DAG(s) 'example_branch_dop_operator_v3' retrieved from /home/airflow/.local/lib/python3.8/site-packages/airflow/example_dags/example_branch_python_dop_operator_3.py
[2024-03-26T08:45:19.520+0000] {logging_mixin.py:188} INFO - [2024-03-26T08:45:19.520+0000] {dag.py:3036} INFO - Sync 1 DAGs
[2024-03-26T08:45:19.543+0000] {logging_mixin.py:188} INFO - [2024-03-26T08:45:19.543+0000] {dag.py:3823} INFO - Setting next_dagrun for example_branch_dop_operator_v3 to 2024-03-26 08:44:00+00:00, run_after=2024-03-26 08:45:00+00:00
[2024-03-26T08:45:19.560+0000] {processor.py:183} INFO - Processing /home/airflow/.local/lib/python3.8/site-packages/airflow/example_dags/example_branch_python_dop_operator_3.py took 0.069 seconds
[2024-03-26T08:45:49.745+0000] {processor.py:161} INFO - Started process (PID=288) to work on /home/airflow/.local/lib/python3.8/site-packages/airflow/example_dags/example_branch_python_dop_operator_3.py
[2024-03-26T08:45:49.746+0000] {processor.py:830} INFO - Processing file /home/airflow/.local/lib/python3.8/site-packages/airflow/example_dags/example_branch_python_dop_operator_3.py for tasks to queue
[2024-03-26T08:45:49.748+0000] {logging_mixin.py:188} INFO - [2024-03-26T08:45:49.747+0000] {dagbag.py:538} INFO - Filling up the DagBag from /home/airflow/.local/lib/python3.8/site-packages/airflow/example_dags/example_branch_python_dop_operator_3.py
[2024-03-26T08:45:49.755+0000] {processor.py:840} INFO - DAG(s) 'example_branch_dop_operator_v3' retrieved from /home/airflow/.local/lib/python3.8/site-packages/airflow/example_dags/example_branch_python_dop_operator_3.py
[2024-03-26T08:45:49.770+0000] {logging_mixin.py:188} INFO - [2024-03-26T08:45:49.770+0000] {dag.py:3036} INFO - Sync 1 DAGs
[2024-03-26T08:45:49.793+0000] {logging_mixin.py:188} INFO - [2024-03-26T08:45:49.793+0000] {dag.py:3823} INFO - Setting next_dagrun for example_branch_dop_operator_v3 to 2024-03-26 08:44:00+00:00, run_after=2024-03-26 08:45:00+00:00
[2024-03-26T08:45:49.809+0000] {processor.py:183} INFO - Processing /home/airflow/.local/lib/python3.8/site-packages/airflow/example_dags/example_branch_python_dop_operator_3.py took 0.066 seconds
[2024-03-26T08:46:19.933+0000] {processor.py:161} INFO - Started process (PID=344) to work on /home/airflow/.local/lib/python3.8/site-packages/airflow/example_dags/example_branch_python_dop_operator_3.py
[2024-03-26T08:46:19.933+0000] {processor.py:830} INFO - Processing file /home/airflow/.local/lib/python3.8/site-packages/airflow/example_dags/example_branch_python_dop_operator_3.py for tasks to queue
[2024-03-26T08:46:19.935+0000] {logging_mixin.py:188} INFO - [2024-03-26T08:46:19.935+0000] {dagbag.py:538} INFO - Filling up the DagBag from /home/airflow/.local/lib/python3.8/site-packages/airflow/example_dags/example_branch_python_dop_operator_3.py
[2024-03-26T08:46:19.942+0000] {processor.py:840} INFO - DAG(s) 'example_branch_dop_operator_v3' retrieved from /home/airflow/.local/lib/python3.8/site-packages/airflow/example_dags/example_branch_python_dop_operator_3.py
[2024-03-26T08:46:19.959+0000] {logging_mixin.py:188} INFO - [2024-03-26T08:46:19.958+0000] {dag.py:3036} INFO - Sync 1 DAGs
[2024-03-26T08:46:19.982+0000] {logging_mixin.py:188} INFO - [2024-03-26T08:46:19.982+0000] {dag.py:3823} INFO - Setting next_dagrun for example_branch_dop_operator_v3 to 2024-03-26 08:45:00+00:00, run_after=2024-03-26 08:46:00+00:00
[2024-03-26T08:46:19.998+0000] {processor.py:183} INFO - Processing /home/airflow/.local/lib/python3.8/site-packages/airflow/example_dags/example_branch_python_dop_operator_3.py took 0.068 seconds
[2024-03-26T08:46:50.133+0000] {processor.py:161} INFO - Started process (PID=400) to work on /home/airflow/.local/lib/python3.8/site-packages/airflow/example_dags/example_branch_python_dop_operator_3.py
[2024-03-26T08:46:50.134+0000] {processor.py:830} INFO - Processing file /home/airflow/.local/lib/python3.8/site-packages/airflow/example_dags/example_branch_python_dop_operator_3.py for tasks to queue
[2024-03-26T08:46:50.136+0000] {logging_mixin.py:188} INFO - [2024-03-26T08:46:50.136+0000] {dagbag.py:538} INFO - Filling up the DagBag from /home/airflow/.local/lib/python3.8/site-packages/airflow/example_dags/example_branch_python_dop_operator_3.py
[2024-03-26T08:46:50.143+0000] {processor.py:840} INFO - DAG(s) 'example_branch_dop_operator_v3' retrieved from /home/airflow/.local/lib/python3.8/site-packages/airflow/example_dags/example_branch_python_dop_operator_3.py
[2024-03-26T08:46:50.160+0000] {logging_mixin.py:188} INFO - [2024-03-26T08:46:50.160+0000] {dag.py:3036} INFO - Sync 1 DAGs
[2024-03-26T08:46:50.183+0000] {logging_mixin.py:188} INFO - [2024-03-26T08:46:50.183+0000] {dag.py:3823} INFO - Setting next_dagrun for example_branch_dop_operator_v3 to 2024-03-26 08:45:00+00:00, run_after=2024-03-26 08:46:00+00:00
[2024-03-26T08:46:50.198+0000] {processor.py:183} INFO - Processing /home/airflow/.local/lib/python3.8/site-packages/airflow/example_dags/example_branch_python_dop_operator_3.py took 0.066 seconds
[2024-03-26T08:47:20.434+0000] {processor.py:161} INFO - Started process (PID=456) to work on /home/airflow/.local/lib/python3.8/site-packages/airflow/example_dags/example_branch_python_dop_operator_3.py
[2024-03-26T08:47:20.435+0000] {processor.py:830} INFO - Processing file /home/airflow/.local/lib/python3.8/site-packages/airflow/example_dags/example_branch_python_dop_operator_3.py for tasks to queue
[2024-03-26T08:47:20.436+0000] {logging_mixin.py:188} INFO - [2024-03-26T08:47:20.436+0000] {dagbag.py:538} INFO - Filling up the DagBag from /home/airflow/.local/lib/python3.8/site-packages/airflow/example_dags/example_branch_python_dop_operator_3.py
[2024-03-26T08:47:20.443+0000] {processor.py:840} INFO - DAG(s) 'example_branch_dop_operator_v3' retrieved from /home/airflow/.local/lib/python3.8/site-packages/airflow/example_dags/example_branch_python_dop_operator_3.py
[2024-03-26T08:47:20.458+0000] {logging_mixin.py:188} INFO - [2024-03-26T08:47:20.458+0000] {dag.py:3036} INFO - Sync 1 DAGs
[2024-03-26T08:47:20.481+0000] {logging_mixin.py:188} INFO - [2024-03-26T08:47:20.481+0000] {dag.py:3823} INFO - Setting next_dagrun for example_branch_dop_operator_v3 to 2024-03-26 08:46:00+00:00, run_after=2024-03-26 08:47:00+00:00
[2024-03-26T08:47:20.497+0000] {processor.py:183} INFO - Processing /home/airflow/.local/lib/python3.8/site-packages/airflow/example_dags/example_branch_python_dop_operator_3.py took 0.065 seconds
[2024-03-26T08:47:50.651+0000] {processor.py:161} INFO - Started process (PID=512) to work on /home/airflow/.local/lib/python3.8/site-packages/airflow/example_dags/example_branch_python_dop_operator_3.py
[2024-03-26T08:47:50.652+0000] {processor.py:830} INFO - Processing file /home/airflow/.local/lib/python3.8/site-packages/airflow/example_dags/example_branch_python_dop_operator_3.py for tasks to queue
[2024-03-26T08:47:50.653+0000] {logging_mixin.py:188} INFO - [2024-03-26T08:47:50.653+0000] {dagbag.py:538} INFO - Filling up the DagBag from /home/airflow/.local/lib/python3.8/site-packages/airflow/example_dags/example_branch_python_dop_operator_3.py
[2024-03-26T08:47:50.660+0000] {processor.py:840} INFO - DAG(s) 'example_branch_dop_operator_v3' retrieved from /home/airflow/.local/lib/python3.8/site-packages/airflow/example_dags/example_branch_python_dop_operator_3.py
[2024-03-26T08:47:50.675+0000] {logging_mixin.py:188} INFO - [2024-03-26T08:47:50.675+0000] {dag.py:3036} INFO - Sync 1 DAGs
[2024-03-26T08:47:50.698+0000] {logging_mixin.py:188} INFO - [2024-03-26T08:47:50.698+0000] {dag.py:3823} INFO - Setting next_dagrun for example_branch_dop_operator_v3 to 2024-03-26 08:46:00+00:00, run_after=2024-03-26 08:47:00+00:00
[2024-03-26T08:47:50.715+0000] {processor.py:183} INFO - Processing /home/airflow/.local/lib/python3.8/site-packages/airflow/example_dags/example_branch_python_dop_operator_3.py took 0.066 seconds
[2024-03-26T08:48:20.893+0000] {processor.py:161} INFO - Started process (PID=568) to work on /home/airflow/.local/lib/python3.8/site-packages/airflow/example_dags/example_branch_python_dop_operator_3.py
[2024-03-26T08:48:20.894+0000] {processor.py:830} INFO - Processing file /home/airflow/.local/lib/python3.8/site-packages/airflow/example_dags/example_branch_python_dop_operator_3.py for tasks to queue
[2024-03-26T08:48:20.896+0000] {logging_mixin.py:188} INFO - [2024-03-26T08:48:20.895+0000] {dagbag.py:538} INFO - Filling up the DagBag from /home/airflow/.local/lib/python3.8/site-packages/airflow/example_dags/example_branch_python_dop_operator_3.py
[2024-03-26T08:48:20.903+0000] {processor.py:840} INFO - DAG(s) 'example_branch_dop_operator_v3' retrieved from /home/airflow/.local/lib/python3.8/site-packages/airflow/example_dags/example_branch_python_dop_operator_3.py
[2024-03-26T08:48:20.917+0000] {logging_mixin.py:188} INFO - [2024-03-26T08:48:20.917+0000] {dag.py:3036} INFO - Sync 1 DAGs
[2024-03-26T08:48:20.941+0000] {logging_mixin.py:188} INFO - [2024-03-26T08:48:20.940+0000] {dag.py:3823} INFO - Setting next_dagrun for example_branch_dop_operator_v3 to 2024-03-26 08:47:00+00:00, run_after=2024-03-26 08:48:00+00:00
[2024-03-26T08:48:20.956+0000] {processor.py:183} INFO - Processing /home/airflow/.local/lib/python3.8/site-packages/airflow/example_dags/example_branch_python_dop_operator_3.py took 0.064 seconds
[2024-03-26T08:48:51.385+0000] {processor.py:161} INFO - Started process (PID=624) to work on /home/airflow/.local/lib/python3.8/site-packages/airflow/example_dags/example_branch_python_dop_operator_3.py
[2024-03-26T08:48:51.386+0000] {processor.py:830} INFO - Processing file /home/airflow/.local/lib/python3.8/site-packages/airflow/example_dags/example_branch_python_dop_operator_3.py for tasks to queue
[2024-03-26T08:48:51.387+0000] {logging_mixin.py:188} INFO - [2024-03-26T08:48:51.387+0000] {dagbag.py:538} INFO - Filling up the DagBag from /home/airflow/.local/lib/python3.8/site-packages/airflow/example_dags/example_branch_python_dop_operator_3.py
[2024-03-26T08:48:51.394+0000] {processor.py:840} INFO - DAG(s) 'example_branch_dop_operator_v3' retrieved from /home/airflow/.local/lib/python3.8/site-packages/airflow/example_dags/example_branch_python_dop_operator_3.py
[2024-03-26T08:48:51.410+0000] {logging_mixin.py:188} INFO - [2024-03-26T08:48:51.410+0000] {dag.py:3036} INFO - Sync 1 DAGs
[2024-03-26T08:48:51.432+0000] {logging_mixin.py:188} INFO - [2024-03-26T08:48:51.432+0000] {dag.py:3823} INFO - Setting next_dagrun for example_branch_dop_operator_v3 to 2024-03-26 08:47:00+00:00, run_after=2024-03-26 08:48:00+00:00
[2024-03-26T08:48:51.449+0000] {processor.py:183} INFO - Processing /home/airflow/.local/lib/python3.8/site-packages/airflow/example_dags/example_branch_python_dop_operator_3.py took 0.067 seconds
[2024-03-26T08:49:21.707+0000] {processor.py:161} INFO - Started process (PID=680) to work on /home/airflow/.local/lib/python3.8/site-packages/airflow/example_dags/example_branch_python_dop_operator_3.py
[2024-03-26T08:49:21.708+0000] {processor.py:830} INFO - Processing file /home/airflow/.local/lib/python3.8/site-packages/airflow/example_dags/example_branch_python_dop_operator_3.py for tasks to queue
[2024-03-26T08:49:21.709+0000] {logging_mixin.py:188} INFO - [2024-03-26T08:49:21.709+0000] {dagbag.py:538} INFO - Filling up the DagBag from /home/airflow/.local/lib/python3.8/site-packages/airflow/example_dags/example_branch_python_dop_operator_3.py
[2024-03-26T08:49:21.716+0000] {processor.py:840} INFO - DAG(s) 'example_branch_dop_operator_v3' retrieved from /home/airflow/.local/lib/python3.8/site-packages/airflow/example_dags/example_branch_python_dop_operator_3.py
[2024-03-26T08:49:21.732+0000] {logging_mixin.py:188} INFO - [2024-03-26T08:49:21.732+0000] {dag.py:3036} INFO - Sync 1 DAGs
[2024-03-26T08:49:21.755+0000] {logging_mixin.py:188} INFO - [2024-03-26T08:49:21.755+0000] {dag.py:3823} INFO - Setting next_dagrun for example_branch_dop_operator_v3 to 2024-03-26 08:48:00+00:00, run_after=2024-03-26 08:49:00+00:00
[2024-03-26T08:49:21.770+0000] {processor.py:183} INFO - Processing /home/airflow/.local/lib/python3.8/site-packages/airflow/example_dags/example_branch_python_dop_operator_3.py took 0.065 seconds
[2024-03-26T08:49:52.128+0000] {processor.py:161} INFO - Started process (PID=736) to work on /home/airflow/.local/lib/python3.8/site-packages/airflow/example_dags/example_branch_python_dop_operator_3.py
[2024-03-26T08:49:52.129+0000] {processor.py:830} INFO - Processing file /home/airflow/.local/lib/python3.8/site-packages/airflow/example_dags/example_branch_python_dop_operator_3.py for tasks to queue
[2024-03-26T08:49:52.130+0000] {logging_mixin.py:188} INFO - [2024-03-26T08:49:52.130+0000] {dagbag.py:538} INFO - Filling up the DagBag from /home/airflow/.local/lib/python3.8/site-packages/airflow/example_dags/example_branch_python_dop_operator_3.py
[2024-03-26T08:49:52.139+0000] {processor.py:840} INFO - DAG(s) 'example_branch_dop_operator_v3' retrieved from /home/airflow/.local/lib/python3.8/site-packages/airflow/example_dags/example_branch_python_dop_operator_3.py
[2024-03-26T08:49:52.156+0000] {logging_mixin.py:188} INFO - [2024-03-26T08:49:52.156+0000] {dag.py:3036} INFO - Sync 1 DAGs
[2024-03-26T08:49:52.180+0000] {logging_mixin.py:188} INFO - [2024-03-26T08:49:52.180+0000] {dag.py:3823} INFO - Setting next_dagrun for example_branch_dop_operator_v3 to 2024-03-26 08:48:00+00:00, run_after=2024-03-26 08:49:00+00:00
[2024-03-26T08:49:52.196+0000] {processor.py:183} INFO - Processing /home/airflow/.local/lib/python3.8/site-packages/airflow/example_dags/example_branch_python_dop_operator_3.py took 0.071 seconds
[2024-03-26T08:50:22.611+0000] {processor.py:161} INFO - Started process (PID=791) to work on /home/airflow/.local/lib/python3.8/site-packages/airflow/example_dags/example_branch_python_dop_operator_3.py
[2024-03-26T08:50:22.612+0000] {processor.py:830} INFO - Processing file /home/airflow/.local/lib/python3.8/site-packages/airflow/example_dags/example_branch_python_dop_operator_3.py for tasks to queue
[2024-03-26T08:50:22.614+0000] {logging_mixin.py:188} INFO - [2024-03-26T08:50:22.614+0000] {dagbag.py:538} INFO - Filling up the DagBag from /home/airflow/.local/lib/python3.8/site-packages/airflow/example_dags/example_branch_python_dop_operator_3.py
[2024-03-26T08:50:22.621+0000] {processor.py:840} INFO - DAG(s) 'example_branch_dop_operator_v3' retrieved from /home/airflow/.local/lib/python3.8/site-packages/airflow/example_dags/example_branch_python_dop_operator_3.py
[2024-03-26T08:50:22.637+0000] {logging_mixin.py:188} INFO - [2024-03-26T08:50:22.636+0000] {dag.py:3036} INFO - Sync 1 DAGs
[2024-03-26T08:50:22.658+0000] {logging_mixin.py:188} INFO - [2024-03-26T08:50:22.658+0000] {dag.py:3823} INFO - Setting next_dagrun for example_branch_dop_operator_v3 to 2024-03-26 08:49:00+00:00, run_after=2024-03-26 08:50:00+00:00
[2024-03-26T08:50:22.673+0000] {processor.py:183} INFO - Processing /home/airflow/.local/lib/python3.8/site-packages/airflow/example_dags/example_branch_python_dop_operator_3.py took 0.064 seconds
[2024-03-26T08:53:12.949+0000] {processor.py:161} INFO - Started process (PID=64) to work on /home/airflow/.local/lib/python3.8/site-packages/airflow/example_dags/example_branch_python_dop_operator_3.py
[2024-03-26T08:53:12.950+0000] {processor.py:830} INFO - Processing file /home/airflow/.local/lib/python3.8/site-packages/airflow/example_dags/example_branch_python_dop_operator_3.py for tasks to queue
[2024-03-26T08:53:12.953+0000] {logging_mixin.py:188} INFO - [2024-03-26T08:53:12.952+0000] {dagbag.py:538} INFO - Filling up the DagBag from /home/airflow/.local/lib/python3.8/site-packages/airflow/example_dags/example_branch_python_dop_operator_3.py
[2024-03-26T08:53:12.964+0000] {processor.py:840} INFO - DAG(s) 'example_branch_dop_operator_v3' retrieved from /home/airflow/.local/lib/python3.8/site-packages/airflow/example_dags/example_branch_python_dop_operator_3.py
[2024-03-26T08:53:12.974+0000] {logging_mixin.py:188} INFO - [2024-03-26T08:53:12.974+0000] {dag.py:3036} INFO - Sync 1 DAGs
[2024-03-26T08:53:13.001+0000] {logging_mixin.py:188} INFO - [2024-03-26T08:53:13.001+0000] {dag.py:3823} INFO - Setting next_dagrun for example_branch_dop_operator_v3 to 2024-03-26 08:52:00+00:00, run_after=2024-03-26 08:53:00+00:00
[2024-03-26T08:53:13.020+0000] {processor.py:183} INFO - Processing /home/airflow/.local/lib/python3.8/site-packages/airflow/example_dags/example_branch_python_dop_operator_3.py took 0.076 seconds
[2024-03-26T08:53:44.575+0000] {processor.py:161} INFO - Started process (PID=120) to work on /home/airflow/.local/lib/python3.8/site-packages/airflow/example_dags/example_branch_python_dop_operator_3.py
[2024-03-26T08:53:44.576+0000] {processor.py:830} INFO - Processing file /home/airflow/.local/lib/python3.8/site-packages/airflow/example_dags/example_branch_python_dop_operator_3.py for tasks to queue
[2024-03-26T08:53:44.577+0000] {logging_mixin.py:188} INFO - [2024-03-26T08:53:44.577+0000] {dagbag.py:538} INFO - Filling up the DagBag from /home/airflow/.local/lib/python3.8/site-packages/airflow/example_dags/example_branch_python_dop_operator_3.py
[2024-03-26T08:53:44.584+0000] {processor.py:840} INFO - DAG(s) 'example_branch_dop_operator_v3' retrieved from /home/airflow/.local/lib/python3.8/site-packages/airflow/example_dags/example_branch_python_dop_operator_3.py
[2024-03-26T08:53:44.683+0000] {logging_mixin.py:188} INFO - [2024-03-26T08:53:44.683+0000] {dag.py:3036} INFO - Sync 1 DAGs
[2024-03-26T08:53:44.705+0000] {logging_mixin.py:188} INFO - [2024-03-26T08:53:44.705+0000] {dag.py:3823} INFO - Setting next_dagrun for example_branch_dop_operator_v3 to 2024-03-26 08:52:00+00:00, run_after=2024-03-26 08:53:00+00:00
[2024-03-26T08:53:44.722+0000] {processor.py:183} INFO - Processing /home/airflow/.local/lib/python3.8/site-packages/airflow/example_dags/example_branch_python_dop_operator_3.py took 0.149 seconds
[2024-03-26T08:54:15.121+0000] {processor.py:161} INFO - Started process (PID=176) to work on /home/airflow/.local/lib/python3.8/site-packages/airflow/example_dags/example_branch_python_dop_operator_3.py
[2024-03-26T08:54:15.122+0000] {processor.py:830} INFO - Processing file /home/airflow/.local/lib/python3.8/site-packages/airflow/example_dags/example_branch_python_dop_operator_3.py for tasks to queue
[2024-03-26T08:54:15.124+0000] {logging_mixin.py:188} INFO - [2024-03-26T08:54:15.124+0000] {dagbag.py:538} INFO - Filling up the DagBag from /home/airflow/.local/lib/python3.8/site-packages/airflow/example_dags/example_branch_python_dop_operator_3.py
[2024-03-26T08:54:15.131+0000] {processor.py:840} INFO - DAG(s) 'example_branch_dop_operator_v3' retrieved from /home/airflow/.local/lib/python3.8/site-packages/airflow/example_dags/example_branch_python_dop_operator_3.py
[2024-03-26T08:54:15.145+0000] {logging_mixin.py:188} INFO - [2024-03-26T08:54:15.144+0000] {dag.py:3036} INFO - Sync 1 DAGs
[2024-03-26T08:54:15.165+0000] {logging_mixin.py:188} INFO - [2024-03-26T08:54:15.165+0000] {dag.py:3823} INFO - Setting next_dagrun for example_branch_dop_operator_v3 to 2024-03-26 08:53:00+00:00, run_after=2024-03-26 08:54:00+00:00
[2024-03-26T08:54:15.180+0000] {processor.py:183} INFO - Processing /home/airflow/.local/lib/python3.8/site-packages/airflow/example_dags/example_branch_python_dop_operator_3.py took 0.061 seconds
[2024-03-26T08:54:45.853+0000] {processor.py:161} INFO - Started process (PID=232) to work on /home/airflow/.local/lib/python3.8/site-packages/airflow/example_dags/example_branch_python_dop_operator_3.py
[2024-03-26T08:54:45.854+0000] {processor.py:830} INFO - Processing file /home/airflow/.local/lib/python3.8/site-packages/airflow/example_dags/example_branch_python_dop_operator_3.py for tasks to queue
[2024-03-26T08:54:45.856+0000] {logging_mixin.py:188} INFO - [2024-03-26T08:54:45.856+0000] {dagbag.py:538} INFO - Filling up the DagBag from /home/airflow/.local/lib/python3.8/site-packages/airflow/example_dags/example_branch_python_dop_operator_3.py
[2024-03-26T08:54:45.864+0000] {processor.py:840} INFO - DAG(s) 'example_branch_dop_operator_v3' retrieved from /home/airflow/.local/lib/python3.8/site-packages/airflow/example_dags/example_branch_python_dop_operator_3.py
[2024-03-26T08:54:45.881+0000] {logging_mixin.py:188} INFO - [2024-03-26T08:54:45.881+0000] {dag.py:3036} INFO - Sync 1 DAGs
[2024-03-26T08:54:45.904+0000] {logging_mixin.py:188} INFO - [2024-03-26T08:54:45.904+0000] {dag.py:3823} INFO - Setting next_dagrun for example_branch_dop_operator_v3 to 2024-03-26 08:53:00+00:00, run_after=2024-03-26 08:54:00+00:00
[2024-03-26T08:54:45.922+0000] {processor.py:183} INFO - Processing /home/airflow/.local/lib/python3.8/site-packages/airflow/example_dags/example_branch_python_dop_operator_3.py took 0.072 seconds
[2024-03-26T08:55:16.248+0000] {processor.py:161} INFO - Started process (PID=288) to work on /home/airflow/.local/lib/python3.8/site-packages/airflow/example_dags/example_branch_python_dop_operator_3.py
[2024-03-26T08:55:16.249+0000] {processor.py:830} INFO - Processing file /home/airflow/.local/lib/python3.8/site-packages/airflow/example_dags/example_branch_python_dop_operator_3.py for tasks to queue
[2024-03-26T08:55:16.251+0000] {logging_mixin.py:188} INFO - [2024-03-26T08:55:16.250+0000] {dagbag.py:538} INFO - Filling up the DagBag from /home/airflow/.local/lib/python3.8/site-packages/airflow/example_dags/example_branch_python_dop_operator_3.py
[2024-03-26T08:55:16.258+0000] {processor.py:840} INFO - DAG(s) 'example_branch_dop_operator_v3' retrieved from /home/airflow/.local/lib/python3.8/site-packages/airflow/example_dags/example_branch_python_dop_operator_3.py
[2024-03-26T08:55:16.273+0000] {logging_mixin.py:188} INFO - [2024-03-26T08:55:16.273+0000] {dag.py:3036} INFO - Sync 1 DAGs
[2024-03-26T08:55:16.295+0000] {logging_mixin.py:188} INFO - [2024-03-26T08:55:16.295+0000] {dag.py:3823} INFO - Setting next_dagrun for example_branch_dop_operator_v3 to 2024-03-26 08:54:00+00:00, run_after=2024-03-26 08:55:00+00:00
[2024-03-26T08:55:16.311+0000] {processor.py:183} INFO - Processing /home/airflow/.local/lib/python3.8/site-packages/airflow/example_dags/example_branch_python_dop_operator_3.py took 0.065 seconds
[2024-03-26T08:55:46.653+0000] {processor.py:161} INFO - Started process (PID=344) to work on /home/airflow/.local/lib/python3.8/site-packages/airflow/example_dags/example_branch_python_dop_operator_3.py
[2024-03-26T08:55:46.654+0000] {processor.py:830} INFO - Processing file /home/airflow/.local/lib/python3.8/site-packages/airflow/example_dags/example_branch_python_dop_operator_3.py for tasks to queue
[2024-03-26T08:55:46.655+0000] {logging_mixin.py:188} INFO - [2024-03-26T08:55:46.655+0000] {dagbag.py:538} INFO - Filling up the DagBag from /home/airflow/.local/lib/python3.8/site-packages/airflow/example_dags/example_branch_python_dop_operator_3.py
[2024-03-26T08:55:46.662+0000] {processor.py:840} INFO - DAG(s) 'example_branch_dop_operator_v3' retrieved from /home/airflow/.local/lib/python3.8/site-packages/airflow/example_dags/example_branch_python_dop_operator_3.py
[2024-03-26T08:55:46.676+0000] {logging_mixin.py:188} INFO - [2024-03-26T08:55:46.676+0000] {dag.py:3036} INFO - Sync 1 DAGs
[2024-03-26T08:55:46.698+0000] {logging_mixin.py:188} INFO - [2024-03-26T08:55:46.698+0000] {dag.py:3823} INFO - Setting next_dagrun for example_branch_dop_operator_v3 to 2024-03-26 08:54:00+00:00, run_after=2024-03-26 08:55:00+00:00
[2024-03-26T08:55:46.713+0000] {processor.py:183} INFO - Processing /home/airflow/.local/lib/python3.8/site-packages/airflow/example_dags/example_branch_python_dop_operator_3.py took 0.063 seconds
[2024-03-26T08:56:16.908+0000] {processor.py:161} INFO - Started process (PID=400) to work on /home/airflow/.local/lib/python3.8/site-packages/airflow/example_dags/example_branch_python_dop_operator_3.py
[2024-03-26T08:56:16.908+0000] {processor.py:830} INFO - Processing file /home/airflow/.local/lib/python3.8/site-packages/airflow/example_dags/example_branch_python_dop_operator_3.py for tasks to queue
[2024-03-26T08:56:16.910+0000] {logging_mixin.py:188} INFO - [2024-03-26T08:56:16.910+0000] {dagbag.py:538} INFO - Filling up the DagBag from /home/airflow/.local/lib/python3.8/site-packages/airflow/example_dags/example_branch_python_dop_operator_3.py
[2024-03-26T08:56:16.917+0000] {processor.py:840} INFO - DAG(s) 'example_branch_dop_operator_v3' retrieved from /home/airflow/.local/lib/python3.8/site-packages/airflow/example_dags/example_branch_python_dop_operator_3.py
[2024-03-26T08:56:16.932+0000] {logging_mixin.py:188} INFO - [2024-03-26T08:56:16.932+0000] {dag.py:3036} INFO - Sync 1 DAGs
[2024-03-26T08:56:16.955+0000] {logging_mixin.py:188} INFO - [2024-03-26T08:56:16.955+0000] {dag.py:3823} INFO - Setting next_dagrun for example_branch_dop_operator_v3 to 2024-03-26 08:55:00+00:00, run_after=2024-03-26 08:56:00+00:00
[2024-03-26T08:56:16.971+0000] {processor.py:183} INFO - Processing /home/airflow/.local/lib/python3.8/site-packages/airflow/example_dags/example_branch_python_dop_operator_3.py took 0.065 seconds
[2024-03-26T08:56:47.267+0000] {processor.py:161} INFO - Started process (PID=456) to work on /home/airflow/.local/lib/python3.8/site-packages/airflow/example_dags/example_branch_python_dop_operator_3.py
[2024-03-26T08:56:47.268+0000] {processor.py:830} INFO - Processing file /home/airflow/.local/lib/python3.8/site-packages/airflow/example_dags/example_branch_python_dop_operator_3.py for tasks to queue
[2024-03-26T08:56:47.269+0000] {logging_mixin.py:188} INFO - [2024-03-26T08:56:47.269+0000] {dagbag.py:538} INFO - Filling up the DagBag from /home/airflow/.local/lib/python3.8/site-packages/airflow/example_dags/example_branch_python_dop_operator_3.py
[2024-03-26T08:56:47.276+0000] {processor.py:840} INFO - DAG(s) 'example_branch_dop_operator_v3' retrieved from /home/airflow/.local/lib/python3.8/site-packages/airflow/example_dags/example_branch_python_dop_operator_3.py
[2024-03-26T08:56:47.292+0000] {logging_mixin.py:188} INFO - [2024-03-26T08:56:47.292+0000] {dag.py:3036} INFO - Sync 1 DAGs
[2024-03-26T08:56:47.314+0000] {logging_mixin.py:188} INFO - [2024-03-26T08:56:47.314+0000] {dag.py:3823} INFO - Setting next_dagrun for example_branch_dop_operator_v3 to 2024-03-26 08:55:00+00:00, run_after=2024-03-26 08:56:00+00:00
[2024-03-26T08:56:47.328+0000] {processor.py:183} INFO - Processing /home/airflow/.local/lib/python3.8/site-packages/airflow/example_dags/example_branch_python_dop_operator_3.py took 0.064 seconds
[2024-03-26T08:57:17.610+0000] {processor.py:161} INFO - Started process (PID=512) to work on /home/airflow/.local/lib/python3.8/site-packages/airflow/example_dags/example_branch_python_dop_operator_3.py
[2024-03-26T08:57:17.611+0000] {processor.py:830} INFO - Processing file /home/airflow/.local/lib/python3.8/site-packages/airflow/example_dags/example_branch_python_dop_operator_3.py for tasks to queue
[2024-03-26T08:57:17.613+0000] {logging_mixin.py:188} INFO - [2024-03-26T08:57:17.612+0000] {dagbag.py:538} INFO - Filling up the DagBag from /home/airflow/.local/lib/python3.8/site-packages/airflow/example_dags/example_branch_python_dop_operator_3.py
[2024-03-26T08:57:17.619+0000] {processor.py:840} INFO - DAG(s) 'example_branch_dop_operator_v3' retrieved from /home/airflow/.local/lib/python3.8/site-packages/airflow/example_dags/example_branch_python_dop_operator_3.py
[2024-03-26T08:57:17.636+0000] {logging_mixin.py:188} INFO - [2024-03-26T08:57:17.635+0000] {dag.py:3036} INFO - Sync 1 DAGs
[2024-03-26T08:57:17.661+0000] {logging_mixin.py:188} INFO - [2024-03-26T08:57:17.661+0000] {dag.py:3823} INFO - Setting next_dagrun for example_branch_dop_operator_v3 to 2024-03-26 08:56:00+00:00, run_after=2024-03-26 08:57:00+00:00
[2024-03-26T08:57:17.678+0000] {processor.py:183} INFO - Processing /home/airflow/.local/lib/python3.8/site-packages/airflow/example_dags/example_branch_python_dop_operator_3.py took 0.069 seconds
[2024-03-26T08:57:48.133+0000] {processor.py:161} INFO - Started process (PID=568) to work on /home/airflow/.local/lib/python3.8/site-packages/airflow/example_dags/example_branch_python_dop_operator_3.py
[2024-03-26T08:57:48.134+0000] {processor.py:830} INFO - Processing file /home/airflow/.local/lib/python3.8/site-packages/airflow/example_dags/example_branch_python_dop_operator_3.py for tasks to queue
[2024-03-26T08:57:48.136+0000] {logging_mixin.py:188} INFO - [2024-03-26T08:57:48.136+0000] {dagbag.py:538} INFO - Filling up the DagBag from /home/airflow/.local/lib/python3.8/site-packages/airflow/example_dags/example_branch_python_dop_operator_3.py
[2024-03-26T08:57:48.145+0000] {processor.py:840} INFO - DAG(s) 'example_branch_dop_operator_v3' retrieved from /home/airflow/.local/lib/python3.8/site-packages/airflow/example_dags/example_branch_python_dop_operator_3.py
[2024-03-26T08:57:48.161+0000] {logging_mixin.py:188} INFO - [2024-03-26T08:57:48.161+0000] {dag.py:3036} INFO - Sync 1 DAGs
[2024-03-26T08:57:48.188+0000] {logging_mixin.py:188} INFO - [2024-03-26T08:57:48.188+0000] {dag.py:3823} INFO - Setting next_dagrun for example_branch_dop_operator_v3 to 2024-03-26 08:56:00+00:00, run_after=2024-03-26 08:57:00+00:00
[2024-03-26T08:57:48.206+0000] {processor.py:183} INFO - Processing /home/airflow/.local/lib/python3.8/site-packages/airflow/example_dags/example_branch_python_dop_operator_3.py took 0.076 seconds
[2024-03-26T08:58:18.605+0000] {processor.py:161} INFO - Started process (PID=624) to work on /home/airflow/.local/lib/python3.8/site-packages/airflow/example_dags/example_branch_python_dop_operator_3.py
[2024-03-26T08:58:18.606+0000] {processor.py:830} INFO - Processing file /home/airflow/.local/lib/python3.8/site-packages/airflow/example_dags/example_branch_python_dop_operator_3.py for tasks to queue
[2024-03-26T08:58:18.607+0000] {logging_mixin.py:188} INFO - [2024-03-26T08:58:18.607+0000] {dagbag.py:538} INFO - Filling up the DagBag from /home/airflow/.local/lib/python3.8/site-packages/airflow/example_dags/example_branch_python_dop_operator_3.py
[2024-03-26T08:58:18.614+0000] {processor.py:840} INFO - DAG(s) 'example_branch_dop_operator_v3' retrieved from /home/airflow/.local/lib/python3.8/site-packages/airflow/example_dags/example_branch_python_dop_operator_3.py
[2024-03-26T08:58:18.631+0000] {logging_mixin.py:188} INFO - [2024-03-26T08:58:18.631+0000] {dag.py:3036} INFO - Sync 1 DAGs
[2024-03-26T08:58:18.655+0000] {logging_mixin.py:188} INFO - [2024-03-26T08:58:18.655+0000] {dag.py:3823} INFO - Setting next_dagrun for example_branch_dop_operator_v3 to 2024-03-26 08:57:00+00:00, run_after=2024-03-26 08:58:00+00:00
[2024-03-26T08:58:18.672+0000] {processor.py:183} INFO - Processing /home/airflow/.local/lib/python3.8/site-packages/airflow/example_dags/example_branch_python_dop_operator_3.py took 0.069 seconds
[2024-03-26T08:58:49.101+0000] {processor.py:161} INFO - Started process (PID=680) to work on /home/airflow/.local/lib/python3.8/site-packages/airflow/example_dags/example_branch_python_dop_operator_3.py
[2024-03-26T08:58:49.102+0000] {processor.py:830} INFO - Processing file /home/airflow/.local/lib/python3.8/site-packages/airflow/example_dags/example_branch_python_dop_operator_3.py for tasks to queue
[2024-03-26T08:58:49.103+0000] {logging_mixin.py:188} INFO - [2024-03-26T08:58:49.103+0000] {dagbag.py:538} INFO - Filling up the DagBag from /home/airflow/.local/lib/python3.8/site-packages/airflow/example_dags/example_branch_python_dop_operator_3.py
[2024-03-26T08:58:49.111+0000] {processor.py:840} INFO - DAG(s) 'example_branch_dop_operator_v3' retrieved from /home/airflow/.local/lib/python3.8/site-packages/airflow/example_dags/example_branch_python_dop_operator_3.py
[2024-03-26T08:58:49.127+0000] {logging_mixin.py:188} INFO - [2024-03-26T08:58:49.127+0000] {dag.py:3036} INFO - Sync 1 DAGs
[2024-03-26T08:58:49.151+0000] {logging_mixin.py:188} INFO - [2024-03-26T08:58:49.150+0000] {dag.py:3823} INFO - Setting next_dagrun for example_branch_dop_operator_v3 to 2024-03-26 08:57:00+00:00, run_after=2024-03-26 08:58:00+00:00
[2024-03-26T08:58:49.166+0000] {processor.py:183} INFO - Processing /home/airflow/.local/lib/python3.8/site-packages/airflow/example_dags/example_branch_python_dop_operator_3.py took 0.068 seconds
[2024-03-26T09:07:41.440+0000] {processor.py:161} INFO - Started process (PID=65) to work on /home/airflow/.local/lib/python3.8/site-packages/airflow/example_dags/example_branch_python_dop_operator_3.py
[2024-03-26T09:07:41.441+0000] {processor.py:830} INFO - Processing file /home/airflow/.local/lib/python3.8/site-packages/airflow/example_dags/example_branch_python_dop_operator_3.py for tasks to queue
[2024-03-26T09:07:41.443+0000] {logging_mixin.py:188} INFO - [2024-03-26T09:07:41.442+0000] {dagbag.py:538} INFO - Filling up the DagBag from /home/airflow/.local/lib/python3.8/site-packages/airflow/example_dags/example_branch_python_dop_operator_3.py
[2024-03-26T09:07:41.454+0000] {processor.py:840} INFO - DAG(s) 'example_branch_dop_operator_v3' retrieved from /home/airflow/.local/lib/python3.8/site-packages/airflow/example_dags/example_branch_python_dop_operator_3.py
[2024-03-26T09:07:41.465+0000] {logging_mixin.py:188} INFO - [2024-03-26T09:07:41.465+0000] {dag.py:3036} INFO - Sync 1 DAGs
[2024-03-26T09:07:41.498+0000] {logging_mixin.py:188} INFO - [2024-03-26T09:07:41.497+0000] {dag.py:3823} INFO - Setting next_dagrun for example_branch_dop_operator_v3 to 2024-03-26 09:06:00+00:00, run_after=2024-03-26 09:07:00+00:00
[2024-03-26T09:07:41.521+0000] {processor.py:183} INFO - Processing /home/airflow/.local/lib/python3.8/site-packages/airflow/example_dags/example_branch_python_dop_operator_3.py took 0.084 seconds
[2024-03-26T09:08:12.289+0000] {processor.py:161} INFO - Started process (PID=123) to work on /home/airflow/.local/lib/python3.8/site-packages/airflow/example_dags/example_branch_python_dop_operator_3.py
[2024-03-26T09:08:12.290+0000] {processor.py:830} INFO - Processing file /home/airflow/.local/lib/python3.8/site-packages/airflow/example_dags/example_branch_python_dop_operator_3.py for tasks to queue
[2024-03-26T09:08:12.291+0000] {logging_mixin.py:188} INFO - [2024-03-26T09:08:12.291+0000] {dagbag.py:538} INFO - Filling up the DagBag from /home/airflow/.local/lib/python3.8/site-packages/airflow/example_dags/example_branch_python_dop_operator_3.py
[2024-03-26T09:08:12.299+0000] {processor.py:840} INFO - DAG(s) 'example_branch_dop_operator_v3' retrieved from /home/airflow/.local/lib/python3.8/site-packages/airflow/example_dags/example_branch_python_dop_operator_3.py
[2024-03-26T09:08:12.391+0000] {logging_mixin.py:188} INFO - [2024-03-26T09:08:12.391+0000] {dag.py:3036} INFO - Sync 1 DAGs
[2024-03-26T09:08:12.414+0000] {logging_mixin.py:188} INFO - [2024-03-26T09:08:12.414+0000] {dag.py:3823} INFO - Setting next_dagrun for example_branch_dop_operator_v3 to 2024-03-26 09:07:00+00:00, run_after=2024-03-26 09:08:00+00:00
[2024-03-26T09:08:12.433+0000] {processor.py:183} INFO - Processing /home/airflow/.local/lib/python3.8/site-packages/airflow/example_dags/example_branch_python_dop_operator_3.py took 0.147 seconds
[2024-03-26T09:08:43.279+0000] {processor.py:161} INFO - Started process (PID=180) to work on /home/airflow/.local/lib/python3.8/site-packages/airflow/example_dags/example_branch_python_dop_operator_3.py
[2024-03-26T09:08:43.280+0000] {processor.py:830} INFO - Processing file /home/airflow/.local/lib/python3.8/site-packages/airflow/example_dags/example_branch_python_dop_operator_3.py for tasks to queue
[2024-03-26T09:08:43.281+0000] {logging_mixin.py:188} INFO - [2024-03-26T09:08:43.281+0000] {dagbag.py:538} INFO - Filling up the DagBag from /home/airflow/.local/lib/python3.8/site-packages/airflow/example_dags/example_branch_python_dop_operator_3.py
[2024-03-26T09:08:43.288+0000] {processor.py:840} INFO - DAG(s) 'example_branch_dop_operator_v3' retrieved from /home/airflow/.local/lib/python3.8/site-packages/airflow/example_dags/example_branch_python_dop_operator_3.py
[2024-03-26T09:08:43.311+0000] {logging_mixin.py:188} INFO - [2024-03-26T09:08:43.310+0000] {dag.py:3036} INFO - Sync 1 DAGs
[2024-03-26T09:08:43.341+0000] {logging_mixin.py:188} INFO - [2024-03-26T09:08:43.341+0000] {dag.py:3823} INFO - Setting next_dagrun for example_branch_dop_operator_v3 to 2024-03-26 09:07:00+00:00, run_after=2024-03-26 09:08:00+00:00
[2024-03-26T09:08:43.359+0000] {processor.py:183} INFO - Processing /home/airflow/.local/lib/python3.8/site-packages/airflow/example_dags/example_branch_python_dop_operator_3.py took 0.083 seconds
[2024-03-26T09:09:13.838+0000] {processor.py:161} INFO - Started process (PID=237) to work on /home/airflow/.local/lib/python3.8/site-packages/airflow/example_dags/example_branch_python_dop_operator_3.py
[2024-03-26T09:09:13.840+0000] {processor.py:830} INFO - Processing file /home/airflow/.local/lib/python3.8/site-packages/airflow/example_dags/example_branch_python_dop_operator_3.py for tasks to queue
[2024-03-26T09:09:13.841+0000] {logging_mixin.py:188} INFO - [2024-03-26T09:09:13.841+0000] {dagbag.py:538} INFO - Filling up the DagBag from /home/airflow/.local/lib/python3.8/site-packages/airflow/example_dags/example_branch_python_dop_operator_3.py
[2024-03-26T09:09:13.849+0000] {processor.py:840} INFO - DAG(s) 'example_branch_dop_operator_v3' retrieved from /home/airflow/.local/lib/python3.8/site-packages/airflow/example_dags/example_branch_python_dop_operator_3.py
[2024-03-26T09:09:13.868+0000] {logging_mixin.py:188} INFO - [2024-03-26T09:09:13.868+0000] {dag.py:3036} INFO - Sync 1 DAGs
[2024-03-26T09:09:13.900+0000] {logging_mixin.py:188} INFO - [2024-03-26T09:09:13.899+0000] {dag.py:3823} INFO - Setting next_dagrun for example_branch_dop_operator_v3 to 2024-03-26 09:08:00+00:00, run_after=2024-03-26 09:09:00+00:00
[2024-03-26T09:09:13.924+0000] {processor.py:183} INFO - Processing /home/airflow/.local/lib/python3.8/site-packages/airflow/example_dags/example_branch_python_dop_operator_3.py took 0.088 seconds
[2024-03-26T09:09:44.731+0000] {processor.py:161} INFO - Started process (PID=294) to work on /home/airflow/.local/lib/python3.8/site-packages/airflow/example_dags/example_branch_python_dop_operator_3.py
[2024-03-26T09:09:44.732+0000] {processor.py:830} INFO - Processing file /home/airflow/.local/lib/python3.8/site-packages/airflow/example_dags/example_branch_python_dop_operator_3.py for tasks to queue
[2024-03-26T09:09:44.733+0000] {logging_mixin.py:188} INFO - [2024-03-26T09:09:44.733+0000] {dagbag.py:538} INFO - Filling up the DagBag from /home/airflow/.local/lib/python3.8/site-packages/airflow/example_dags/example_branch_python_dop_operator_3.py
[2024-03-26T09:09:44.741+0000] {processor.py:840} INFO - DAG(s) 'example_branch_dop_operator_v3' retrieved from /home/airflow/.local/lib/python3.8/site-packages/airflow/example_dags/example_branch_python_dop_operator_3.py
[2024-03-26T09:09:44.756+0000] {logging_mixin.py:188} INFO - [2024-03-26T09:09:44.756+0000] {dag.py:3036} INFO - Sync 1 DAGs
[2024-03-26T09:09:44.778+0000] {logging_mixin.py:188} INFO - [2024-03-26T09:09:44.778+0000] {dag.py:3823} INFO - Setting next_dagrun for example_branch_dop_operator_v3 to 2024-03-26 09:08:00+00:00, run_after=2024-03-26 09:09:00+00:00
[2024-03-26T09:09:44.795+0000] {processor.py:183} INFO - Processing /home/airflow/.local/lib/python3.8/site-packages/airflow/example_dags/example_branch_python_dop_operator_3.py took 0.067 seconds
[2024-03-26T09:10:15.295+0000] {processor.py:161} INFO - Started process (PID=351) to work on /home/airflow/.local/lib/python3.8/site-packages/airflow/example_dags/example_branch_python_dop_operator_3.py
[2024-03-26T09:10:15.296+0000] {processor.py:830} INFO - Processing file /home/airflow/.local/lib/python3.8/site-packages/airflow/example_dags/example_branch_python_dop_operator_3.py for tasks to queue
[2024-03-26T09:10:15.298+0000] {logging_mixin.py:188} INFO - [2024-03-26T09:10:15.298+0000] {dagbag.py:538} INFO - Filling up the DagBag from /home/airflow/.local/lib/python3.8/site-packages/airflow/example_dags/example_branch_python_dop_operator_3.py
[2024-03-26T09:10:15.305+0000] {processor.py:840} INFO - DAG(s) 'example_branch_dop_operator_v3' retrieved from /home/airflow/.local/lib/python3.8/site-packages/airflow/example_dags/example_branch_python_dop_operator_3.py
[2024-03-26T09:10:15.322+0000] {logging_mixin.py:188} INFO - [2024-03-26T09:10:15.322+0000] {dag.py:3036} INFO - Sync 1 DAGs
[2024-03-26T09:10:15.347+0000] {logging_mixin.py:188} INFO - [2024-03-26T09:10:15.347+0000] {dag.py:3823} INFO - Setting next_dagrun for example_branch_dop_operator_v3 to 2024-03-26 09:09:00+00:00, run_after=2024-03-26 09:10:00+00:00
[2024-03-26T09:10:15.364+0000] {processor.py:183} INFO - Processing /home/airflow/.local/lib/python3.8/site-packages/airflow/example_dags/example_branch_python_dop_operator_3.py took 0.070 seconds
[2024-03-26T09:50:57.786+0000] {processor.py:161} INFO - Started process (PID=65) to work on /home/airflow/.local/lib/python3.8/site-packages/airflow/example_dags/example_branch_python_dop_operator_3.py
[2024-03-26T09:50:57.788+0000] {processor.py:830} INFO - Processing file /home/airflow/.local/lib/python3.8/site-packages/airflow/example_dags/example_branch_python_dop_operator_3.py for tasks to queue
[2024-03-26T09:50:57.789+0000] {logging_mixin.py:188} INFO - [2024-03-26T09:50:57.789+0000] {dagbag.py:538} INFO - Filling up the DagBag from /home/airflow/.local/lib/python3.8/site-packages/airflow/example_dags/example_branch_python_dop_operator_3.py
[2024-03-26T09:50:57.799+0000] {processor.py:840} INFO - DAG(s) 'example_branch_dop_operator_v3' retrieved from /home/airflow/.local/lib/python3.8/site-packages/airflow/example_dags/example_branch_python_dop_operator_3.py
[2024-03-26T09:50:57.809+0000] {logging_mixin.py:188} INFO - [2024-03-26T09:50:57.809+0000] {dag.py:3036} INFO - Sync 1 DAGs
[2024-03-26T09:50:57.836+0000] {logging_mixin.py:188} INFO - [2024-03-26T09:50:57.835+0000] {dag.py:3823} INFO - Setting next_dagrun for example_branch_dop_operator_v3 to 2024-03-26 09:49:00+00:00, run_after=2024-03-26 09:50:00+00:00
[2024-03-26T09:50:57.854+0000] {processor.py:183} INFO - Processing /home/airflow/.local/lib/python3.8/site-packages/airflow/example_dags/example_branch_python_dop_operator_3.py took 0.070 seconds
[2024-03-26T09:51:28.396+0000] {processor.py:161} INFO - Started process (PID=122) to work on /home/airflow/.local/lib/python3.8/site-packages/airflow/example_dags/example_branch_python_dop_operator_3.py
[2024-03-26T09:51:28.397+0000] {processor.py:830} INFO - Processing file /home/airflow/.local/lib/python3.8/site-packages/airflow/example_dags/example_branch_python_dop_operator_3.py for tasks to queue
[2024-03-26T09:51:28.398+0000] {logging_mixin.py:188} INFO - [2024-03-26T09:51:28.398+0000] {dagbag.py:538} INFO - Filling up the DagBag from /home/airflow/.local/lib/python3.8/site-packages/airflow/example_dags/example_branch_python_dop_operator_3.py
[2024-03-26T09:51:28.405+0000] {processor.py:840} INFO - DAG(s) 'example_branch_dop_operator_v3' retrieved from /home/airflow/.local/lib/python3.8/site-packages/airflow/example_dags/example_branch_python_dop_operator_3.py
[2024-03-26T09:51:28.485+0000] {logging_mixin.py:188} INFO - [2024-03-26T09:51:28.485+0000] {dag.py:3036} INFO - Sync 1 DAGs
[2024-03-26T09:51:28.506+0000] {logging_mixin.py:188} INFO - [2024-03-26T09:51:28.505+0000] {dag.py:3823} INFO - Setting next_dagrun for example_branch_dop_operator_v3 to 2024-03-26 09:50:00+00:00, run_after=2024-03-26 09:51:00+00:00
[2024-03-26T09:51:28.521+0000] {processor.py:183} INFO - Processing /home/airflow/.local/lib/python3.8/site-packages/airflow/example_dags/example_branch_python_dop_operator_3.py took 0.128 seconds
[2024-03-26T09:51:58.923+0000] {processor.py:161} INFO - Started process (PID=179) to work on /home/airflow/.local/lib/python3.8/site-packages/airflow/example_dags/example_branch_python_dop_operator_3.py
[2024-03-26T09:51:58.924+0000] {processor.py:830} INFO - Processing file /home/airflow/.local/lib/python3.8/site-packages/airflow/example_dags/example_branch_python_dop_operator_3.py for tasks to queue
[2024-03-26T09:51:58.925+0000] {logging_mixin.py:188} INFO - [2024-03-26T09:51:58.925+0000] {dagbag.py:538} INFO - Filling up the DagBag from /home/airflow/.local/lib/python3.8/site-packages/airflow/example_dags/example_branch_python_dop_operator_3.py
[2024-03-26T09:51:58.931+0000] {processor.py:840} INFO - DAG(s) 'example_branch_dop_operator_v3' retrieved from /home/airflow/.local/lib/python3.8/site-packages/airflow/example_dags/example_branch_python_dop_operator_3.py
[2024-03-26T09:51:58.945+0000] {logging_mixin.py:188} INFO - [2024-03-26T09:51:58.945+0000] {dag.py:3036} INFO - Sync 1 DAGs
[2024-03-26T09:51:58.966+0000] {logging_mixin.py:188} INFO - [2024-03-26T09:51:58.966+0000] {dag.py:3823} INFO - Setting next_dagrun for example_branch_dop_operator_v3 to 2024-03-26 09:50:00+00:00, run_after=2024-03-26 09:51:00+00:00
[2024-03-26T09:51:58.981+0000] {processor.py:183} INFO - Processing /home/airflow/.local/lib/python3.8/site-packages/airflow/example_dags/example_branch_python_dop_operator_3.py took 0.060 seconds
[2024-03-26T09:52:29.714+0000] {processor.py:161} INFO - Started process (PID=236) to work on /home/airflow/.local/lib/python3.8/site-packages/airflow/example_dags/example_branch_python_dop_operator_3.py
[2024-03-26T09:52:29.715+0000] {processor.py:830} INFO - Processing file /home/airflow/.local/lib/python3.8/site-packages/airflow/example_dags/example_branch_python_dop_operator_3.py for tasks to queue
[2024-03-26T09:52:29.717+0000] {logging_mixin.py:188} INFO - [2024-03-26T09:52:29.717+0000] {dagbag.py:538} INFO - Filling up the DagBag from /home/airflow/.local/lib/python3.8/site-packages/airflow/example_dags/example_branch_python_dop_operator_3.py
[2024-03-26T09:52:29.726+0000] {processor.py:840} INFO - DAG(s) 'example_branch_dop_operator_v3' retrieved from /home/airflow/.local/lib/python3.8/site-packages/airflow/example_dags/example_branch_python_dop_operator_3.py
[2024-03-26T09:52:29.744+0000] {logging_mixin.py:188} INFO - [2024-03-26T09:52:29.743+0000] {dag.py:3036} INFO - Sync 1 DAGs
[2024-03-26T09:52:29.767+0000] {logging_mixin.py:188} INFO - [2024-03-26T09:52:29.767+0000] {dag.py:3823} INFO - Setting next_dagrun for example_branch_dop_operator_v3 to 2024-03-26 09:51:00+00:00, run_after=2024-03-26 09:52:00+00:00
[2024-03-26T09:52:29.785+0000] {processor.py:183} INFO - Processing /home/airflow/.local/lib/python3.8/site-packages/airflow/example_dags/example_branch_python_dop_operator_3.py took 0.073 seconds
[2024-03-26T09:53:00.593+0000] {processor.py:161} INFO - Started process (PID=293) to work on /home/airflow/.local/lib/python3.8/site-packages/airflow/example_dags/example_branch_python_dop_operator_3.py
[2024-03-26T09:53:00.594+0000] {processor.py:830} INFO - Processing file /home/airflow/.local/lib/python3.8/site-packages/airflow/example_dags/example_branch_python_dop_operator_3.py for tasks to queue
[2024-03-26T09:53:00.595+0000] {logging_mixin.py:188} INFO - [2024-03-26T09:53:00.595+0000] {dagbag.py:538} INFO - Filling up the DagBag from /home/airflow/.local/lib/python3.8/site-packages/airflow/example_dags/example_branch_python_dop_operator_3.py
[2024-03-26T09:53:00.602+0000] {processor.py:840} INFO - DAG(s) 'example_branch_dop_operator_v3' retrieved from /home/airflow/.local/lib/python3.8/site-packages/airflow/example_dags/example_branch_python_dop_operator_3.py
[2024-03-26T09:53:00.620+0000] {logging_mixin.py:188} INFO - [2024-03-26T09:53:00.620+0000] {dag.py:3036} INFO - Sync 1 DAGs
[2024-03-26T09:53:00.644+0000] {logging_mixin.py:188} INFO - [2024-03-26T09:53:00.644+0000] {dag.py:3823} INFO - Setting next_dagrun for example_branch_dop_operator_v3 to 2024-03-26 09:52:00+00:00, run_after=2024-03-26 09:53:00+00:00
[2024-03-26T09:53:00.659+0000] {processor.py:183} INFO - Processing /home/airflow/.local/lib/python3.8/site-packages/airflow/example_dags/example_branch_python_dop_operator_3.py took 0.068 seconds
[2024-03-26T09:53:30.978+0000] {processor.py:161} INFO - Started process (PID=350) to work on /home/airflow/.local/lib/python3.8/site-packages/airflow/example_dags/example_branch_python_dop_operator_3.py
[2024-03-26T09:53:30.979+0000] {processor.py:830} INFO - Processing file /home/airflow/.local/lib/python3.8/site-packages/airflow/example_dags/example_branch_python_dop_operator_3.py for tasks to queue
[2024-03-26T09:53:30.980+0000] {logging_mixin.py:188} INFO - [2024-03-26T09:53:30.980+0000] {dagbag.py:538} INFO - Filling up the DagBag from /home/airflow/.local/lib/python3.8/site-packages/airflow/example_dags/example_branch_python_dop_operator_3.py
[2024-03-26T09:53:30.987+0000] {processor.py:840} INFO - DAG(s) 'example_branch_dop_operator_v3' retrieved from /home/airflow/.local/lib/python3.8/site-packages/airflow/example_dags/example_branch_python_dop_operator_3.py
[2024-03-26T09:53:31.002+0000] {logging_mixin.py:188} INFO - [2024-03-26T09:53:31.002+0000] {dag.py:3036} INFO - Sync 1 DAGs
[2024-03-26T09:53:31.025+0000] {logging_mixin.py:188} INFO - [2024-03-26T09:53:31.025+0000] {dag.py:3823} INFO - Setting next_dagrun for example_branch_dop_operator_v3 to 2024-03-26 09:52:00+00:00, run_after=2024-03-26 09:53:00+00:00
[2024-03-26T09:53:31.042+0000] {processor.py:183} INFO - Processing /home/airflow/.local/lib/python3.8/site-packages/airflow/example_dags/example_branch_python_dop_operator_3.py took 0.066 seconds
[2024-03-26T09:54:02.099+0000] {processor.py:161} INFO - Started process (PID=407) to work on /home/airflow/.local/lib/python3.8/site-packages/airflow/example_dags/example_branch_python_dop_operator_3.py
[2024-03-26T09:54:02.100+0000] {processor.py:830} INFO - Processing file /home/airflow/.local/lib/python3.8/site-packages/airflow/example_dags/example_branch_python_dop_operator_3.py for tasks to queue
[2024-03-26T09:54:02.102+0000] {logging_mixin.py:188} INFO - [2024-03-26T09:54:02.102+0000] {dagbag.py:538} INFO - Filling up the DagBag from /home/airflow/.local/lib/python3.8/site-packages/airflow/example_dags/example_branch_python_dop_operator_3.py
[2024-03-26T09:54:02.109+0000] {processor.py:840} INFO - DAG(s) 'example_branch_dop_operator_v3' retrieved from /home/airflow/.local/lib/python3.8/site-packages/airflow/example_dags/example_branch_python_dop_operator_3.py
[2024-03-26T09:54:02.125+0000] {logging_mixin.py:188} INFO - [2024-03-26T09:54:02.124+0000] {dag.py:3036} INFO - Sync 1 DAGs
[2024-03-26T09:54:02.147+0000] {logging_mixin.py:188} INFO - [2024-03-26T09:54:02.147+0000] {dag.py:3823} INFO - Setting next_dagrun for example_branch_dop_operator_v3 to 2024-03-26 09:53:00+00:00, run_after=2024-03-26 09:54:00+00:00
[2024-03-26T09:54:02.162+0000] {processor.py:183} INFO - Processing /home/airflow/.local/lib/python3.8/site-packages/airflow/example_dags/example_branch_python_dop_operator_3.py took 0.064 seconds
[2024-03-26T09:54:32.679+0000] {processor.py:161} INFO - Started process (PID=464) to work on /home/airflow/.local/lib/python3.8/site-packages/airflow/example_dags/example_branch_python_dop_operator_3.py
[2024-03-26T09:54:32.680+0000] {processor.py:830} INFO - Processing file /home/airflow/.local/lib/python3.8/site-packages/airflow/example_dags/example_branch_python_dop_operator_3.py for tasks to queue
[2024-03-26T09:54:32.681+0000] {logging_mixin.py:188} INFO - [2024-03-26T09:54:32.681+0000] {dagbag.py:538} INFO - Filling up the DagBag from /home/airflow/.local/lib/python3.8/site-packages/airflow/example_dags/example_branch_python_dop_operator_3.py
[2024-03-26T09:54:32.688+0000] {processor.py:840} INFO - DAG(s) 'example_branch_dop_operator_v3' retrieved from /home/airflow/.local/lib/python3.8/site-packages/airflow/example_dags/example_branch_python_dop_operator_3.py
[2024-03-26T09:54:32.703+0000] {logging_mixin.py:188} INFO - [2024-03-26T09:54:32.702+0000] {dag.py:3036} INFO - Sync 1 DAGs
[2024-03-26T09:54:32.724+0000] {logging_mixin.py:188} INFO - [2024-03-26T09:54:32.723+0000] {dag.py:3823} INFO - Setting next_dagrun for example_branch_dop_operator_v3 to 2024-03-26 09:53:00+00:00, run_after=2024-03-26 09:54:00+00:00
[2024-03-26T09:54:32.740+0000] {processor.py:183} INFO - Processing /home/airflow/.local/lib/python3.8/site-packages/airflow/example_dags/example_branch_python_dop_operator_3.py took 0.063 seconds
[2024-03-26T09:55:03.146+0000] {processor.py:161} INFO - Started process (PID=521) to work on /home/airflow/.local/lib/python3.8/site-packages/airflow/example_dags/example_branch_python_dop_operator_3.py
[2024-03-26T09:55:03.147+0000] {processor.py:830} INFO - Processing file /home/airflow/.local/lib/python3.8/site-packages/airflow/example_dags/example_branch_python_dop_operator_3.py for tasks to queue
[2024-03-26T09:55:03.149+0000] {logging_mixin.py:188} INFO - [2024-03-26T09:55:03.148+0000] {dagbag.py:538} INFO - Filling up the DagBag from /home/airflow/.local/lib/python3.8/site-packages/airflow/example_dags/example_branch_python_dop_operator_3.py
[2024-03-26T09:55:03.156+0000] {processor.py:840} INFO - DAG(s) 'example_branch_dop_operator_v3' retrieved from /home/airflow/.local/lib/python3.8/site-packages/airflow/example_dags/example_branch_python_dop_operator_3.py
[2024-03-26T09:55:03.172+0000] {logging_mixin.py:188} INFO - [2024-03-26T09:55:03.171+0000] {dag.py:3036} INFO - Sync 1 DAGs
[2024-03-26T09:55:03.197+0000] {logging_mixin.py:188} INFO - [2024-03-26T09:55:03.197+0000] {dag.py:3823} INFO - Setting next_dagrun for example_branch_dop_operator_v3 to 2024-03-26 09:54:00+00:00, run_after=2024-03-26 09:55:00+00:00
[2024-03-26T09:55:03.214+0000] {processor.py:183} INFO - Processing /home/airflow/.local/lib/python3.8/site-packages/airflow/example_dags/example_branch_python_dop_operator_3.py took 0.070 seconds
[2024-03-26T09:55:33.659+0000] {processor.py:161} INFO - Started process (PID=577) to work on /home/airflow/.local/lib/python3.8/site-packages/airflow/example_dags/example_branch_python_dop_operator_3.py
[2024-03-26T09:55:33.660+0000] {processor.py:830} INFO - Processing file /home/airflow/.local/lib/python3.8/site-packages/airflow/example_dags/example_branch_python_dop_operator_3.py for tasks to queue
[2024-03-26T09:55:33.661+0000] {logging_mixin.py:188} INFO - [2024-03-26T09:55:33.661+0000] {dagbag.py:538} INFO - Filling up the DagBag from /home/airflow/.local/lib/python3.8/site-packages/airflow/example_dags/example_branch_python_dop_operator_3.py
[2024-03-26T09:55:33.669+0000] {processor.py:840} INFO - DAG(s) 'example_branch_dop_operator_v3' retrieved from /home/airflow/.local/lib/python3.8/site-packages/airflow/example_dags/example_branch_python_dop_operator_3.py
[2024-03-26T09:55:33.685+0000] {logging_mixin.py:188} INFO - [2024-03-26T09:55:33.684+0000] {dag.py:3036} INFO - Sync 1 DAGs
[2024-03-26T09:55:33.707+0000] {logging_mixin.py:188} INFO - [2024-03-26T09:55:33.707+0000] {dag.py:3823} INFO - Setting next_dagrun for example_branch_dop_operator_v3 to 2024-03-26 09:54:00+00:00, run_after=2024-03-26 09:55:00+00:00
[2024-03-26T09:55:33.722+0000] {processor.py:183} INFO - Processing /home/airflow/.local/lib/python3.8/site-packages/airflow/example_dags/example_branch_python_dop_operator_3.py took 0.065 seconds
[2024-03-26T09:56:04.200+0000] {processor.py:161} INFO - Started process (PID=633) to work on /home/airflow/.local/lib/python3.8/site-packages/airflow/example_dags/example_branch_python_dop_operator_3.py
[2024-03-26T09:56:04.200+0000] {processor.py:830} INFO - Processing file /home/airflow/.local/lib/python3.8/site-packages/airflow/example_dags/example_branch_python_dop_operator_3.py for tasks to queue
[2024-03-26T09:56:04.202+0000] {logging_mixin.py:188} INFO - [2024-03-26T09:56:04.202+0000] {dagbag.py:538} INFO - Filling up the DagBag from /home/airflow/.local/lib/python3.8/site-packages/airflow/example_dags/example_branch_python_dop_operator_3.py
[2024-03-26T09:56:04.209+0000] {processor.py:840} INFO - DAG(s) 'example_branch_dop_operator_v3' retrieved from /home/airflow/.local/lib/python3.8/site-packages/airflow/example_dags/example_branch_python_dop_operator_3.py
[2024-03-26T09:56:04.225+0000] {logging_mixin.py:188} INFO - [2024-03-26T09:56:04.225+0000] {dag.py:3036} INFO - Sync 1 DAGs
[2024-03-26T09:56:04.257+0000] {logging_mixin.py:188} INFO - [2024-03-26T09:56:04.257+0000] {dag.py:3823} INFO - Setting next_dagrun for example_branch_dop_operator_v3 to 2024-03-26 09:55:00+00:00, run_after=2024-03-26 09:56:00+00:00
[2024-03-26T09:56:04.276+0000] {processor.py:183} INFO - Processing /home/airflow/.local/lib/python3.8/site-packages/airflow/example_dags/example_branch_python_dop_operator_3.py took 0.078 seconds
[2024-03-26T09:57:47.465+0000] {processor.py:161} INFO - Started process (PID=65) to work on /home/airflow/.local/lib/python3.8/site-packages/airflow/example_dags/example_branch_python_dop_operator_3.py
[2024-03-26T09:57:47.466+0000] {processor.py:830} INFO - Processing file /home/airflow/.local/lib/python3.8/site-packages/airflow/example_dags/example_branch_python_dop_operator_3.py for tasks to queue
[2024-03-26T09:57:47.468+0000] {logging_mixin.py:188} INFO - [2024-03-26T09:57:47.468+0000] {dagbag.py:538} INFO - Filling up the DagBag from /home/airflow/.local/lib/python3.8/site-packages/airflow/example_dags/example_branch_python_dop_operator_3.py
[2024-03-26T09:57:47.477+0000] {processor.py:840} INFO - DAG(s) 'example_branch_dop_operator_v3' retrieved from /home/airflow/.local/lib/python3.8/site-packages/airflow/example_dags/example_branch_python_dop_operator_3.py
[2024-03-26T09:57:47.486+0000] {logging_mixin.py:188} INFO - [2024-03-26T09:57:47.486+0000] {dag.py:3036} INFO - Sync 1 DAGs
[2024-03-26T09:57:47.512+0000] {logging_mixin.py:188} INFO - [2024-03-26T09:57:47.512+0000] {dag.py:3823} INFO - Setting next_dagrun for example_branch_dop_operator_v3 to 2024-03-26 09:56:00+00:00, run_after=2024-03-26 09:57:00+00:00
[2024-03-26T09:57:47.528+0000] {processor.py:183} INFO - Processing /home/airflow/.local/lib/python3.8/site-packages/airflow/example_dags/example_branch_python_dop_operator_3.py took 0.065 seconds
[2024-03-26T09:58:18.071+0000] {processor.py:161} INFO - Started process (PID=122) to work on /home/airflow/.local/lib/python3.8/site-packages/airflow/example_dags/example_branch_python_dop_operator_3.py
[2024-03-26T09:58:18.072+0000] {processor.py:830} INFO - Processing file /home/airflow/.local/lib/python3.8/site-packages/airflow/example_dags/example_branch_python_dop_operator_3.py for tasks to queue
[2024-03-26T09:58:18.073+0000] {logging_mixin.py:188} INFO - [2024-03-26T09:58:18.073+0000] {dagbag.py:538} INFO - Filling up the DagBag from /home/airflow/.local/lib/python3.8/site-packages/airflow/example_dags/example_branch_python_dop_operator_3.py
[2024-03-26T09:58:18.080+0000] {processor.py:840} INFO - DAG(s) 'example_branch_dop_operator_v3' retrieved from /home/airflow/.local/lib/python3.8/site-packages/airflow/example_dags/example_branch_python_dop_operator_3.py
[2024-03-26T09:58:18.160+0000] {logging_mixin.py:188} INFO - [2024-03-26T09:58:18.160+0000] {dag.py:3036} INFO - Sync 1 DAGs
[2024-03-26T09:58:18.182+0000] {logging_mixin.py:188} INFO - [2024-03-26T09:58:18.181+0000] {dag.py:3823} INFO - Setting next_dagrun for example_branch_dop_operator_v3 to 2024-03-26 09:57:00+00:00, run_after=2024-03-26 09:58:00+00:00
[2024-03-26T09:58:18.198+0000] {processor.py:183} INFO - Processing /home/airflow/.local/lib/python3.8/site-packages/airflow/example_dags/example_branch_python_dop_operator_3.py took 0.130 seconds
[2024-03-26T09:58:48.817+0000] {processor.py:161} INFO - Started process (PID=179) to work on /home/airflow/.local/lib/python3.8/site-packages/airflow/example_dags/example_branch_python_dop_operator_3.py
[2024-03-26T09:58:48.818+0000] {processor.py:830} INFO - Processing file /home/airflow/.local/lib/python3.8/site-packages/airflow/example_dags/example_branch_python_dop_operator_3.py for tasks to queue
[2024-03-26T09:58:48.820+0000] {logging_mixin.py:188} INFO - [2024-03-26T09:58:48.819+0000] {dagbag.py:538} INFO - Filling up the DagBag from /home/airflow/.local/lib/python3.8/site-packages/airflow/example_dags/example_branch_python_dop_operator_3.py
[2024-03-26T09:58:48.827+0000] {processor.py:840} INFO - DAG(s) 'example_branch_dop_operator_v3' retrieved from /home/airflow/.local/lib/python3.8/site-packages/airflow/example_dags/example_branch_python_dop_operator_3.py
[2024-03-26T09:58:48.850+0000] {logging_mixin.py:188} INFO - [2024-03-26T09:58:48.849+0000] {dag.py:3036} INFO - Sync 1 DAGs
[2024-03-26T09:58:48.881+0000] {logging_mixin.py:188} INFO - [2024-03-26T09:58:48.881+0000] {dag.py:3823} INFO - Setting next_dagrun for example_branch_dop_operator_v3 to 2024-03-26 09:57:00+00:00, run_after=2024-03-26 09:58:00+00:00
[2024-03-26T09:58:48.900+0000] {processor.py:183} INFO - Processing /home/airflow/.local/lib/python3.8/site-packages/airflow/example_dags/example_branch_python_dop_operator_3.py took 0.087 seconds
[2024-03-26T10:11:03.434+0000] {processor.py:161} INFO - Started process (PID=64) to work on /home/airflow/.local/lib/python3.8/site-packages/airflow/example_dags/example_branch_python_dop_operator_3.py
[2024-03-26T10:11:03.435+0000] {processor.py:830} INFO - Processing file /home/airflow/.local/lib/python3.8/site-packages/airflow/example_dags/example_branch_python_dop_operator_3.py for tasks to queue
[2024-03-26T10:11:03.437+0000] {logging_mixin.py:188} INFO - [2024-03-26T10:11:03.437+0000] {dagbag.py:538} INFO - Filling up the DagBag from /home/airflow/.local/lib/python3.8/site-packages/airflow/example_dags/example_branch_python_dop_operator_3.py
[2024-03-26T10:11:03.448+0000] {processor.py:840} INFO - DAG(s) 'example_branch_dop_operator_v3' retrieved from /home/airflow/.local/lib/python3.8/site-packages/airflow/example_dags/example_branch_python_dop_operator_3.py
[2024-03-26T10:11:03.460+0000] {logging_mixin.py:188} INFO - [2024-03-26T10:11:03.460+0000] {dag.py:3036} INFO - Sync 1 DAGs
[2024-03-26T10:11:03.489+0000] {logging_mixin.py:188} INFO - [2024-03-26T10:11:03.489+0000] {dag.py:3823} INFO - Setting next_dagrun for example_branch_dop_operator_v3 to 2024-03-26 10:10:00+00:00, run_after=2024-03-26 10:11:00+00:00
[2024-03-26T10:11:03.510+0000] {processor.py:183} INFO - Processing /home/airflow/.local/lib/python3.8/site-packages/airflow/example_dags/example_branch_python_dop_operator_3.py took 0.081 seconds
[2024-03-26T10:11:35.202+0000] {processor.py:161} INFO - Started process (PID=120) to work on /home/airflow/.local/lib/python3.8/site-packages/airflow/example_dags/example_branch_python_dop_operator_3.py
[2024-03-26T10:11:35.203+0000] {processor.py:830} INFO - Processing file /home/airflow/.local/lib/python3.8/site-packages/airflow/example_dags/example_branch_python_dop_operator_3.py for tasks to queue
[2024-03-26T10:11:35.205+0000] {logging_mixin.py:188} INFO - [2024-03-26T10:11:35.204+0000] {dagbag.py:538} INFO - Filling up the DagBag from /home/airflow/.local/lib/python3.8/site-packages/airflow/example_dags/example_branch_python_dop_operator_3.py
[2024-03-26T10:11:35.212+0000] {processor.py:840} INFO - DAG(s) 'example_branch_dop_operator_v3' retrieved from /home/airflow/.local/lib/python3.8/site-packages/airflow/example_dags/example_branch_python_dop_operator_3.py
[2024-03-26T10:11:35.296+0000] {logging_mixin.py:188} INFO - [2024-03-26T10:11:35.296+0000] {dag.py:3036} INFO - Sync 1 DAGs
[2024-03-26T10:11:35.317+0000] {logging_mixin.py:188} INFO - [2024-03-26T10:11:35.317+0000] {dag.py:3823} INFO - Setting next_dagrun for example_branch_dop_operator_v3 to 2024-03-26 10:10:00+00:00, run_after=2024-03-26 10:11:00+00:00
[2024-03-26T10:11:35.335+0000] {processor.py:183} INFO - Processing /home/airflow/.local/lib/python3.8/site-packages/airflow/example_dags/example_branch_python_dop_operator_3.py took 0.136 seconds
[2024-03-26T10:12:49.641+0000] {processor.py:161} INFO - Started process (PID=65) to work on /home/airflow/.local/lib/python3.8/site-packages/airflow/example_dags/example_branch_python_dop_operator_3.py
[2024-03-26T10:12:49.642+0000] {processor.py:830} INFO - Processing file /home/airflow/.local/lib/python3.8/site-packages/airflow/example_dags/example_branch_python_dop_operator_3.py for tasks to queue
[2024-03-26T10:12:49.643+0000] {logging_mixin.py:188} INFO - [2024-03-26T10:12:49.643+0000] {dagbag.py:538} INFO - Filling up the DagBag from /home/airflow/.local/lib/python3.8/site-packages/airflow/example_dags/example_branch_python_dop_operator_3.py
[2024-03-26T10:12:49.653+0000] {processor.py:840} INFO - DAG(s) 'example_branch_dop_operator_v3' retrieved from /home/airflow/.local/lib/python3.8/site-packages/airflow/example_dags/example_branch_python_dop_operator_3.py
[2024-03-26T10:12:49.665+0000] {logging_mixin.py:188} INFO - [2024-03-26T10:12:49.664+0000] {dag.py:3036} INFO - Sync 1 DAGs
[2024-03-26T10:12:49.698+0000] {logging_mixin.py:188} INFO - [2024-03-26T10:12:49.698+0000] {dag.py:3823} INFO - Setting next_dagrun for example_branch_dop_operator_v3 to 2024-03-26 10:11:00+00:00, run_after=2024-03-26 10:12:00+00:00
[2024-03-26T10:12:49.721+0000] {processor.py:183} INFO - Processing /home/airflow/.local/lib/python3.8/site-packages/airflow/example_dags/example_branch_python_dop_operator_3.py took 0.083 seconds
[2024-03-26T10:13:20.452+0000] {processor.py:161} INFO - Started process (PID=122) to work on /home/airflow/.local/lib/python3.8/site-packages/airflow/example_dags/example_branch_python_dop_operator_3.py
[2024-03-26T10:13:20.453+0000] {processor.py:830} INFO - Processing file /home/airflow/.local/lib/python3.8/site-packages/airflow/example_dags/example_branch_python_dop_operator_3.py for tasks to queue
[2024-03-26T10:13:20.455+0000] {logging_mixin.py:188} INFO - [2024-03-26T10:13:20.454+0000] {dagbag.py:538} INFO - Filling up the DagBag from /home/airflow/.local/lib/python3.8/site-packages/airflow/example_dags/example_branch_python_dop_operator_3.py
[2024-03-26T10:13:20.462+0000] {processor.py:840} INFO - DAG(s) 'example_branch_dop_operator_v3' retrieved from /home/airflow/.local/lib/python3.8/site-packages/airflow/example_dags/example_branch_python_dop_operator_3.py
[2024-03-26T10:13:20.544+0000] {logging_mixin.py:188} INFO - [2024-03-26T10:13:20.543+0000] {dag.py:3036} INFO - Sync 1 DAGs
[2024-03-26T10:13:20.565+0000] {logging_mixin.py:188} INFO - [2024-03-26T10:13:20.564+0000] {dag.py:3823} INFO - Setting next_dagrun for example_branch_dop_operator_v3 to 2024-03-26 10:12:00+00:00, run_after=2024-03-26 10:13:00+00:00
[2024-03-26T10:13:20.581+0000] {processor.py:183} INFO - Processing /home/airflow/.local/lib/python3.8/site-packages/airflow/example_dags/example_branch_python_dop_operator_3.py took 0.131 seconds
[2024-03-26T10:13:50.991+0000] {processor.py:161} INFO - Started process (PID=179) to work on /home/airflow/.local/lib/python3.8/site-packages/airflow/example_dags/example_branch_python_dop_operator_3.py
[2024-03-26T10:13:50.992+0000] {processor.py:830} INFO - Processing file /home/airflow/.local/lib/python3.8/site-packages/airflow/example_dags/example_branch_python_dop_operator_3.py for tasks to queue
[2024-03-26T10:13:50.994+0000] {logging_mixin.py:188} INFO - [2024-03-26T10:13:50.993+0000] {dagbag.py:538} INFO - Filling up the DagBag from /home/airflow/.local/lib/python3.8/site-packages/airflow/example_dags/example_branch_python_dop_operator_3.py
[2024-03-26T10:13:51.000+0000] {processor.py:840} INFO - DAG(s) 'example_branch_dop_operator_v3' retrieved from /home/airflow/.local/lib/python3.8/site-packages/airflow/example_dags/example_branch_python_dop_operator_3.py
[2024-03-26T10:13:51.015+0000] {logging_mixin.py:188} INFO - [2024-03-26T10:13:51.015+0000] {dag.py:3036} INFO - Sync 1 DAGs
[2024-03-26T10:13:51.039+0000] {logging_mixin.py:188} INFO - [2024-03-26T10:13:51.039+0000] {dag.py:3823} INFO - Setting next_dagrun for example_branch_dop_operator_v3 to 2024-03-26 10:12:00+00:00, run_after=2024-03-26 10:13:00+00:00
[2024-03-26T10:13:51.056+0000] {processor.py:183} INFO - Processing /home/airflow/.local/lib/python3.8/site-packages/airflow/example_dags/example_branch_python_dop_operator_3.py took 0.067 seconds
[2024-03-26T10:14:21.421+0000] {processor.py:161} INFO - Started process (PID=236) to work on /home/airflow/.local/lib/python3.8/site-packages/airflow/example_dags/example_branch_python_dop_operator_3.py
[2024-03-26T10:14:21.421+0000] {processor.py:830} INFO - Processing file /home/airflow/.local/lib/python3.8/site-packages/airflow/example_dags/example_branch_python_dop_operator_3.py for tasks to queue
[2024-03-26T10:14:21.423+0000] {logging_mixin.py:188} INFO - [2024-03-26T10:14:21.423+0000] {dagbag.py:538} INFO - Filling up the DagBag from /home/airflow/.local/lib/python3.8/site-packages/airflow/example_dags/example_branch_python_dop_operator_3.py
[2024-03-26T10:14:21.430+0000] {processor.py:840} INFO - DAG(s) 'example_branch_dop_operator_v3' retrieved from /home/airflow/.local/lib/python3.8/site-packages/airflow/example_dags/example_branch_python_dop_operator_3.py
[2024-03-26T10:14:21.446+0000] {logging_mixin.py:188} INFO - [2024-03-26T10:14:21.446+0000] {dag.py:3036} INFO - Sync 1 DAGs
[2024-03-26T10:14:21.472+0000] {logging_mixin.py:188} INFO - [2024-03-26T10:14:21.471+0000] {dag.py:3823} INFO - Setting next_dagrun for example_branch_dop_operator_v3 to 2024-03-26 10:13:00+00:00, run_after=2024-03-26 10:14:00+00:00
[2024-03-26T10:14:21.488+0000] {processor.py:183} INFO - Processing /home/airflow/.local/lib/python3.8/site-packages/airflow/example_dags/example_branch_python_dop_operator_3.py took 0.070 seconds
[2024-03-26T10:15:15.681+0000] {processor.py:161} INFO - Started process (PID=65) to work on /home/airflow/.local/lib/python3.8/site-packages/airflow/example_dags/example_branch_python_dop_operator_3.py
[2024-03-26T10:15:15.682+0000] {processor.py:830} INFO - Processing file /home/airflow/.local/lib/python3.8/site-packages/airflow/example_dags/example_branch_python_dop_operator_3.py for tasks to queue
[2024-03-26T10:15:15.683+0000] {logging_mixin.py:188} INFO - [2024-03-26T10:15:15.683+0000] {dagbag.py:538} INFO - Filling up the DagBag from /home/airflow/.local/lib/python3.8/site-packages/airflow/example_dags/example_branch_python_dop_operator_3.py
[2024-03-26T10:15:15.693+0000] {processor.py:840} INFO - DAG(s) 'example_branch_dop_operator_v3' retrieved from /home/airflow/.local/lib/python3.8/site-packages/airflow/example_dags/example_branch_python_dop_operator_3.py
[2024-03-26T10:15:15.705+0000] {logging_mixin.py:188} INFO - [2024-03-26T10:15:15.705+0000] {dag.py:3036} INFO - Sync 1 DAGs
[2024-03-26T10:15:15.739+0000] {logging_mixin.py:188} INFO - [2024-03-26T10:15:15.739+0000] {dag.py:3823} INFO - Setting next_dagrun for example_branch_dop_operator_v3 to 2024-03-26 10:14:00+00:00, run_after=2024-03-26 10:15:00+00:00
[2024-03-26T10:15:15.764+0000] {processor.py:183} INFO - Processing /home/airflow/.local/lib/python3.8/site-packages/airflow/example_dags/example_branch_python_dop_operator_3.py took 0.086 seconds
[2024-03-26T10:17:22.902+0000] {processor.py:161} INFO - Started process (PID=65) to work on /home/airflow/.local/lib/python3.8/site-packages/airflow/example_dags/example_branch_python_dop_operator_3.py
[2024-03-26T10:17:22.903+0000] {processor.py:830} INFO - Processing file /home/airflow/.local/lib/python3.8/site-packages/airflow/example_dags/example_branch_python_dop_operator_3.py for tasks to queue
[2024-03-26T10:17:22.905+0000] {logging_mixin.py:188} INFO - [2024-03-26T10:17:22.905+0000] {dagbag.py:538} INFO - Filling up the DagBag from /home/airflow/.local/lib/python3.8/site-packages/airflow/example_dags/example_branch_python_dop_operator_3.py
[2024-03-26T10:17:22.916+0000] {processor.py:840} INFO - DAG(s) 'example_branch_dop_operator_v3' retrieved from /home/airflow/.local/lib/python3.8/site-packages/airflow/example_dags/example_branch_python_dop_operator_3.py
[2024-03-26T10:17:22.926+0000] {logging_mixin.py:188} INFO - [2024-03-26T10:17:22.926+0000] {dag.py:3036} INFO - Sync 1 DAGs
[2024-03-26T10:17:22.962+0000] {logging_mixin.py:188} INFO - [2024-03-26T10:17:22.962+0000] {dag.py:3823} INFO - Setting next_dagrun for example_branch_dop_operator_v3 to 2024-03-26 10:16:00+00:00, run_after=2024-03-26 10:17:00+00:00
[2024-03-26T10:17:22.981+0000] {processor.py:183} INFO - Processing /home/airflow/.local/lib/python3.8/site-packages/airflow/example_dags/example_branch_python_dop_operator_3.py took 0.082 seconds
[2024-03-26T10:17:54.001+0000] {processor.py:161} INFO - Started process (PID=122) to work on /home/airflow/.local/lib/python3.8/site-packages/airflow/example_dags/example_branch_python_dop_operator_3.py
[2024-03-26T10:17:54.003+0000] {processor.py:830} INFO - Processing file /home/airflow/.local/lib/python3.8/site-packages/airflow/example_dags/example_branch_python_dop_operator_3.py for tasks to queue
[2024-03-26T10:17:54.004+0000] {logging_mixin.py:188} INFO - [2024-03-26T10:17:54.004+0000] {dagbag.py:538} INFO - Filling up the DagBag from /home/airflow/.local/lib/python3.8/site-packages/airflow/example_dags/example_branch_python_dop_operator_3.py
[2024-03-26T10:17:54.012+0000] {processor.py:840} INFO - DAG(s) 'example_branch_dop_operator_v3' retrieved from /home/airflow/.local/lib/python3.8/site-packages/airflow/example_dags/example_branch_python_dop_operator_3.py
[2024-03-26T10:17:54.101+0000] {logging_mixin.py:188} INFO - [2024-03-26T10:17:54.101+0000] {dag.py:3036} INFO - Sync 1 DAGs
[2024-03-26T10:17:54.124+0000] {logging_mixin.py:188} INFO - [2024-03-26T10:17:54.124+0000] {dag.py:3823} INFO - Setting next_dagrun for example_branch_dop_operator_v3 to 2024-03-26 10:16:00+00:00, run_after=2024-03-26 10:17:00+00:00
[2024-03-26T10:17:54.147+0000] {processor.py:183} INFO - Processing /home/airflow/.local/lib/python3.8/site-packages/airflow/example_dags/example_branch_python_dop_operator_3.py took 0.148 seconds
