[2024-03-26T08:41:06.576+0000] {processor.py:161} INFO - Started process (PID=55) to work on /home/airflow/.local/lib/python3.8/site-packages/airflow/example_dags/example_dag_decorator.py
[2024-03-26T08:41:06.577+0000] {processor.py:830} INFO - Processing file /home/airflow/.local/lib/python3.8/site-packages/airflow/example_dags/example_dag_decorator.py for tasks to queue
[2024-03-26T08:41:06.579+0000] {logging_mixin.py:188} INFO - [2024-03-26T08:41:06.579+0000] {dagbag.py:538} INFO - Filling up the DagBag from /home/airflow/.local/lib/python3.8/site-packages/airflow/example_dags/example_dag_decorator.py
[2024-03-26T08:41:06.759+0000] {processor.py:840} INFO - DAG(s) 'example_dag_decorator' retrieved from /home/airflow/.local/lib/python3.8/site-packages/airflow/example_dags/example_dag_decorator.py
[2024-03-26T08:41:06.768+0000] {logging_mixin.py:188} INFO - [2024-03-26T08:41:06.768+0000] {dag.py:3036} INFO - Sync 1 DAGs
[2024-03-26T08:41:06.779+0000] {logging_mixin.py:188} INFO - [2024-03-26T08:41:06.778+0000] {dag.py:3823} INFO - Setting next_dagrun for example_dag_decorator to None, run_after=None
[2024-03-26T08:41:06.797+0000] {processor.py:183} INFO - Processing /home/airflow/.local/lib/python3.8/site-packages/airflow/example_dags/example_dag_decorator.py took 0.225 seconds
[2024-03-26T08:41:37.658+0000] {processor.py:161} INFO - Started process (PID=111) to work on /home/airflow/.local/lib/python3.8/site-packages/airflow/example_dags/example_dag_decorator.py
[2024-03-26T08:41:37.659+0000] {processor.py:830} INFO - Processing file /home/airflow/.local/lib/python3.8/site-packages/airflow/example_dags/example_dag_decorator.py for tasks to queue
[2024-03-26T08:41:37.660+0000] {logging_mixin.py:188} INFO - [2024-03-26T08:41:37.660+0000] {dagbag.py:538} INFO - Filling up the DagBag from /home/airflow/.local/lib/python3.8/site-packages/airflow/example_dags/example_dag_decorator.py
[2024-03-26T08:41:37.741+0000] {processor.py:840} INFO - DAG(s) 'example_dag_decorator' retrieved from /home/airflow/.local/lib/python3.8/site-packages/airflow/example_dags/example_dag_decorator.py
[2024-03-26T08:41:37.828+0000] {logging_mixin.py:188} INFO - [2024-03-26T08:41:37.828+0000] {dag.py:3036} INFO - Sync 1 DAGs
[2024-03-26T08:41:37.837+0000] {logging_mixin.py:188} INFO - [2024-03-26T08:41:37.837+0000] {dag.py:3823} INFO - Setting next_dagrun for example_dag_decorator to None, run_after=None
[2024-03-26T08:41:37.853+0000] {processor.py:183} INFO - Processing /home/airflow/.local/lib/python3.8/site-packages/airflow/example_dags/example_dag_decorator.py took 0.197 seconds
[2024-03-26T08:43:46.756+0000] {processor.py:161} INFO - Started process (PID=55) to work on /home/airflow/.local/lib/python3.8/site-packages/airflow/example_dags/example_dag_decorator.py
[2024-03-26T08:43:46.757+0000] {processor.py:830} INFO - Processing file /home/airflow/.local/lib/python3.8/site-packages/airflow/example_dags/example_dag_decorator.py for tasks to queue
[2024-03-26T08:43:46.759+0000] {logging_mixin.py:188} INFO - [2024-03-26T08:43:46.758+0000] {dagbag.py:538} INFO - Filling up the DagBag from /home/airflow/.local/lib/python3.8/site-packages/airflow/example_dags/example_dag_decorator.py
[2024-03-26T08:43:46.937+0000] {processor.py:840} INFO - DAG(s) 'example_dag_decorator' retrieved from /home/airflow/.local/lib/python3.8/site-packages/airflow/example_dags/example_dag_decorator.py
[2024-03-26T08:43:46.946+0000] {logging_mixin.py:188} INFO - [2024-03-26T08:43:46.946+0000] {dag.py:3036} INFO - Sync 1 DAGs
[2024-03-26T08:43:46.956+0000] {logging_mixin.py:188} INFO - [2024-03-26T08:43:46.956+0000] {dag.py:3823} INFO - Setting next_dagrun for example_dag_decorator to None, run_after=None
[2024-03-26T08:43:46.974+0000] {processor.py:183} INFO - Processing /home/airflow/.local/lib/python3.8/site-packages/airflow/example_dags/example_dag_decorator.py took 0.221 seconds
[2024-03-26T08:44:17.907+0000] {processor.py:161} INFO - Started process (PID=111) to work on /home/airflow/.local/lib/python3.8/site-packages/airflow/example_dags/example_dag_decorator.py
[2024-03-26T08:44:17.908+0000] {processor.py:830} INFO - Processing file /home/airflow/.local/lib/python3.8/site-packages/airflow/example_dags/example_dag_decorator.py for tasks to queue
[2024-03-26T08:44:17.909+0000] {logging_mixin.py:188} INFO - [2024-03-26T08:44:17.909+0000] {dagbag.py:538} INFO - Filling up the DagBag from /home/airflow/.local/lib/python3.8/site-packages/airflow/example_dags/example_dag_decorator.py
[2024-03-26T08:44:17.995+0000] {processor.py:840} INFO - DAG(s) 'example_dag_decorator' retrieved from /home/airflow/.local/lib/python3.8/site-packages/airflow/example_dags/example_dag_decorator.py
[2024-03-26T08:44:18.091+0000] {logging_mixin.py:188} INFO - [2024-03-26T08:44:18.091+0000] {dag.py:3036} INFO - Sync 1 DAGs
[2024-03-26T08:44:18.101+0000] {logging_mixin.py:188} INFO - [2024-03-26T08:44:18.101+0000] {dag.py:3823} INFO - Setting next_dagrun for example_dag_decorator to None, run_after=None
[2024-03-26T08:44:18.119+0000] {processor.py:183} INFO - Processing /home/airflow/.local/lib/python3.8/site-packages/airflow/example_dags/example_dag_decorator.py took 0.216 seconds
[2024-03-26T08:44:48.714+0000] {processor.py:161} INFO - Started process (PID=167) to work on /home/airflow/.local/lib/python3.8/site-packages/airflow/example_dags/example_dag_decorator.py
[2024-03-26T08:44:48.715+0000] {processor.py:830} INFO - Processing file /home/airflow/.local/lib/python3.8/site-packages/airflow/example_dags/example_dag_decorator.py for tasks to queue
[2024-03-26T08:44:48.716+0000] {logging_mixin.py:188} INFO - [2024-03-26T08:44:48.716+0000] {dagbag.py:538} INFO - Filling up the DagBag from /home/airflow/.local/lib/python3.8/site-packages/airflow/example_dags/example_dag_decorator.py
[2024-03-26T08:44:48.800+0000] {processor.py:840} INFO - DAG(s) 'example_dag_decorator' retrieved from /home/airflow/.local/lib/python3.8/site-packages/airflow/example_dags/example_dag_decorator.py
[2024-03-26T08:44:48.887+0000] {logging_mixin.py:188} INFO - [2024-03-26T08:44:48.887+0000] {dag.py:3036} INFO - Sync 1 DAGs
[2024-03-26T08:44:48.896+0000] {logging_mixin.py:188} INFO - [2024-03-26T08:44:48.896+0000] {dag.py:3823} INFO - Setting next_dagrun for example_dag_decorator to None, run_after=None
[2024-03-26T08:44:48.911+0000] {processor.py:183} INFO - Processing /home/airflow/.local/lib/python3.8/site-packages/airflow/example_dags/example_dag_decorator.py took 0.199 seconds
[2024-03-26T08:45:19.032+0000] {processor.py:161} INFO - Started process (PID=223) to work on /home/airflow/.local/lib/python3.8/site-packages/airflow/example_dags/example_dag_decorator.py
[2024-03-26T08:45:19.033+0000] {processor.py:830} INFO - Processing file /home/airflow/.local/lib/python3.8/site-packages/airflow/example_dags/example_dag_decorator.py for tasks to queue
[2024-03-26T08:45:19.034+0000] {logging_mixin.py:188} INFO - [2024-03-26T08:45:19.034+0000] {dagbag.py:538} INFO - Filling up the DagBag from /home/airflow/.local/lib/python3.8/site-packages/airflow/example_dags/example_dag_decorator.py
[2024-03-26T08:45:19.115+0000] {processor.py:840} INFO - DAG(s) 'example_dag_decorator' retrieved from /home/airflow/.local/lib/python3.8/site-packages/airflow/example_dags/example_dag_decorator.py
[2024-03-26T08:45:19.201+0000] {logging_mixin.py:188} INFO - [2024-03-26T08:45:19.200+0000] {dag.py:3036} INFO - Sync 1 DAGs
[2024-03-26T08:45:19.209+0000] {logging_mixin.py:188} INFO - [2024-03-26T08:45:19.209+0000] {dag.py:3823} INFO - Setting next_dagrun for example_dag_decorator to None, run_after=None
[2024-03-26T08:45:19.224+0000] {processor.py:183} INFO - Processing /home/airflow/.local/lib/python3.8/site-packages/airflow/example_dags/example_dag_decorator.py took 0.194 seconds
[2024-03-26T08:45:49.370+0000] {processor.py:161} INFO - Started process (PID=280) to work on /home/airflow/.local/lib/python3.8/site-packages/airflow/example_dags/example_dag_decorator.py
[2024-03-26T08:45:49.371+0000] {processor.py:830} INFO - Processing file /home/airflow/.local/lib/python3.8/site-packages/airflow/example_dags/example_dag_decorator.py for tasks to queue
[2024-03-26T08:45:49.373+0000] {logging_mixin.py:188} INFO - [2024-03-26T08:45:49.372+0000] {dagbag.py:538} INFO - Filling up the DagBag from /home/airflow/.local/lib/python3.8/site-packages/airflow/example_dags/example_dag_decorator.py
[2024-03-26T08:45:49.452+0000] {processor.py:840} INFO - DAG(s) 'example_dag_decorator' retrieved from /home/airflow/.local/lib/python3.8/site-packages/airflow/example_dags/example_dag_decorator.py
[2024-03-26T08:45:49.534+0000] {logging_mixin.py:188} INFO - [2024-03-26T08:45:49.534+0000] {dag.py:3036} INFO - Sync 1 DAGs
[2024-03-26T08:45:49.545+0000] {logging_mixin.py:188} INFO - [2024-03-26T08:45:49.545+0000] {dag.py:3823} INFO - Setting next_dagrun for example_dag_decorator to None, run_after=None
[2024-03-26T08:45:49.561+0000] {processor.py:183} INFO - Processing /home/airflow/.local/lib/python3.8/site-packages/airflow/example_dags/example_dag_decorator.py took 0.193 seconds
[2024-03-26T08:46:19.640+0000] {processor.py:161} INFO - Started process (PID=338) to work on /home/airflow/.local/lib/python3.8/site-packages/airflow/example_dags/example_dag_decorator.py
[2024-03-26T08:46:19.641+0000] {processor.py:830} INFO - Processing file /home/airflow/.local/lib/python3.8/site-packages/airflow/example_dags/example_dag_decorator.py for tasks to queue
[2024-03-26T08:46:19.643+0000] {logging_mixin.py:188} INFO - [2024-03-26T08:46:19.642+0000] {dagbag.py:538} INFO - Filling up the DagBag from /home/airflow/.local/lib/python3.8/site-packages/airflow/example_dags/example_dag_decorator.py
[2024-03-26T08:46:19.719+0000] {processor.py:840} INFO - DAG(s) 'example_dag_decorator' retrieved from /home/airflow/.local/lib/python3.8/site-packages/airflow/example_dags/example_dag_decorator.py
[2024-03-26T08:46:19.804+0000] {logging_mixin.py:188} INFO - [2024-03-26T08:46:19.803+0000] {dag.py:3036} INFO - Sync 1 DAGs
[2024-03-26T08:46:19.814+0000] {logging_mixin.py:188} INFO - [2024-03-26T08:46:19.814+0000] {dag.py:3823} INFO - Setting next_dagrun for example_dag_decorator to None, run_after=None
[2024-03-26T08:46:19.829+0000] {processor.py:183} INFO - Processing /home/airflow/.local/lib/python3.8/site-packages/airflow/example_dags/example_dag_decorator.py took 0.191 seconds
[2024-03-26T08:46:49.923+0000] {processor.py:161} INFO - Started process (PID=396) to work on /home/airflow/.local/lib/python3.8/site-packages/airflow/example_dags/example_dag_decorator.py
[2024-03-26T08:46:49.924+0000] {processor.py:830} INFO - Processing file /home/airflow/.local/lib/python3.8/site-packages/airflow/example_dags/example_dag_decorator.py for tasks to queue
[2024-03-26T08:46:49.925+0000] {logging_mixin.py:188} INFO - [2024-03-26T08:46:49.925+0000] {dagbag.py:538} INFO - Filling up the DagBag from /home/airflow/.local/lib/python3.8/site-packages/airflow/example_dags/example_dag_decorator.py
[2024-03-26T08:46:50.001+0000] {processor.py:840} INFO - DAG(s) 'example_dag_decorator' retrieved from /home/airflow/.local/lib/python3.8/site-packages/airflow/example_dags/example_dag_decorator.py
[2024-03-26T08:46:50.083+0000] {logging_mixin.py:188} INFO - [2024-03-26T08:46:50.083+0000] {dag.py:3036} INFO - Sync 1 DAGs
[2024-03-26T08:46:50.093+0000] {logging_mixin.py:188} INFO - [2024-03-26T08:46:50.093+0000] {dag.py:3823} INFO - Setting next_dagrun for example_dag_decorator to None, run_after=None
[2024-03-26T08:46:50.109+0000] {processor.py:183} INFO - Processing /home/airflow/.local/lib/python3.8/site-packages/airflow/example_dags/example_dag_decorator.py took 0.188 seconds
[2024-03-26T08:47:20.203+0000] {processor.py:161} INFO - Started process (PID=451) to work on /home/airflow/.local/lib/python3.8/site-packages/airflow/example_dags/example_dag_decorator.py
[2024-03-26T08:47:20.204+0000] {processor.py:830} INFO - Processing file /home/airflow/.local/lib/python3.8/site-packages/airflow/example_dags/example_dag_decorator.py for tasks to queue
[2024-03-26T08:47:20.206+0000] {logging_mixin.py:188} INFO - [2024-03-26T08:47:20.206+0000] {dagbag.py:538} INFO - Filling up the DagBag from /home/airflow/.local/lib/python3.8/site-packages/airflow/example_dags/example_dag_decorator.py
[2024-03-26T08:47:20.284+0000] {processor.py:840} INFO - DAG(s) 'example_dag_decorator' retrieved from /home/airflow/.local/lib/python3.8/site-packages/airflow/example_dags/example_dag_decorator.py
[2024-03-26T08:47:20.368+0000] {logging_mixin.py:188} INFO - [2024-03-26T08:47:20.368+0000] {dag.py:3036} INFO - Sync 1 DAGs
[2024-03-26T08:47:20.377+0000] {logging_mixin.py:188} INFO - [2024-03-26T08:47:20.377+0000] {dag.py:3823} INFO - Setting next_dagrun for example_dag_decorator to None, run_after=None
[2024-03-26T08:47:20.394+0000] {processor.py:183} INFO - Processing /home/airflow/.local/lib/python3.8/site-packages/airflow/example_dags/example_dag_decorator.py took 0.193 seconds
[2024-03-26T08:47:50.493+0000] {processor.py:161} INFO - Started process (PID=509) to work on /home/airflow/.local/lib/python3.8/site-packages/airflow/example_dags/example_dag_decorator.py
[2024-03-26T08:47:50.494+0000] {processor.py:830} INFO - Processing file /home/airflow/.local/lib/python3.8/site-packages/airflow/example_dags/example_dag_decorator.py for tasks to queue
[2024-03-26T08:47:50.496+0000] {logging_mixin.py:188} INFO - [2024-03-26T08:47:50.495+0000] {dagbag.py:538} INFO - Filling up the DagBag from /home/airflow/.local/lib/python3.8/site-packages/airflow/example_dags/example_dag_decorator.py
[2024-03-26T08:47:50.573+0000] {processor.py:840} INFO - DAG(s) 'example_dag_decorator' retrieved from /home/airflow/.local/lib/python3.8/site-packages/airflow/example_dags/example_dag_decorator.py
[2024-03-26T08:47:50.659+0000] {logging_mixin.py:188} INFO - [2024-03-26T08:47:50.659+0000] {dag.py:3036} INFO - Sync 1 DAGs
[2024-03-26T08:47:50.668+0000] {logging_mixin.py:188} INFO - [2024-03-26T08:47:50.668+0000] {dag.py:3823} INFO - Setting next_dagrun for example_dag_decorator to None, run_after=None
[2024-03-26T08:47:50.684+0000] {processor.py:183} INFO - Processing /home/airflow/.local/lib/python3.8/site-packages/airflow/example_dags/example_dag_decorator.py took 0.193 seconds
[2024-03-26T08:48:20.814+0000] {processor.py:161} INFO - Started process (PID=566) to work on /home/airflow/.local/lib/python3.8/site-packages/airflow/example_dags/example_dag_decorator.py
[2024-03-26T08:48:20.815+0000] {processor.py:830} INFO - Processing file /home/airflow/.local/lib/python3.8/site-packages/airflow/example_dags/example_dag_decorator.py for tasks to queue
[2024-03-26T08:48:20.816+0000] {logging_mixin.py:188} INFO - [2024-03-26T08:48:20.816+0000] {dagbag.py:538} INFO - Filling up the DagBag from /home/airflow/.local/lib/python3.8/site-packages/airflow/example_dags/example_dag_decorator.py
[2024-03-26T08:48:20.895+0000] {processor.py:840} INFO - DAG(s) 'example_dag_decorator' retrieved from /home/airflow/.local/lib/python3.8/site-packages/airflow/example_dags/example_dag_decorator.py
[2024-03-26T08:48:20.980+0000] {logging_mixin.py:188} INFO - [2024-03-26T08:48:20.980+0000] {dag.py:3036} INFO - Sync 1 DAGs
[2024-03-26T08:48:20.989+0000] {logging_mixin.py:188} INFO - [2024-03-26T08:48:20.989+0000] {dag.py:3823} INFO - Setting next_dagrun for example_dag_decorator to None, run_after=None
[2024-03-26T08:48:21.004+0000] {processor.py:183} INFO - Processing /home/airflow/.local/lib/python3.8/site-packages/airflow/example_dags/example_dag_decorator.py took 0.193 seconds
[2024-03-26T08:48:51.163+0000] {processor.py:161} INFO - Started process (PID=620) to work on /home/airflow/.local/lib/python3.8/site-packages/airflow/example_dags/example_dag_decorator.py
[2024-03-26T08:48:51.163+0000] {processor.py:830} INFO - Processing file /home/airflow/.local/lib/python3.8/site-packages/airflow/example_dags/example_dag_decorator.py for tasks to queue
[2024-03-26T08:48:51.165+0000] {logging_mixin.py:188} INFO - [2024-03-26T08:48:51.165+0000] {dagbag.py:538} INFO - Filling up the DagBag from /home/airflow/.local/lib/python3.8/site-packages/airflow/example_dags/example_dag_decorator.py
[2024-03-26T08:48:51.242+0000] {processor.py:840} INFO - DAG(s) 'example_dag_decorator' retrieved from /home/airflow/.local/lib/python3.8/site-packages/airflow/example_dags/example_dag_decorator.py
[2024-03-26T08:48:51.329+0000] {logging_mixin.py:188} INFO - [2024-03-26T08:48:51.329+0000] {dag.py:3036} INFO - Sync 1 DAGs
[2024-03-26T08:48:51.338+0000] {logging_mixin.py:188} INFO - [2024-03-26T08:48:51.338+0000] {dag.py:3823} INFO - Setting next_dagrun for example_dag_decorator to None, run_after=None
[2024-03-26T08:48:51.353+0000] {processor.py:183} INFO - Processing /home/airflow/.local/lib/python3.8/site-packages/airflow/example_dags/example_dag_decorator.py took 0.193 seconds
[2024-03-26T08:49:21.494+0000] {processor.py:161} INFO - Started process (PID=676) to work on /home/airflow/.local/lib/python3.8/site-packages/airflow/example_dags/example_dag_decorator.py
[2024-03-26T08:49:21.496+0000] {processor.py:830} INFO - Processing file /home/airflow/.local/lib/python3.8/site-packages/airflow/example_dags/example_dag_decorator.py for tasks to queue
[2024-03-26T08:49:21.497+0000] {logging_mixin.py:188} INFO - [2024-03-26T08:49:21.497+0000] {dagbag.py:538} INFO - Filling up the DagBag from /home/airflow/.local/lib/python3.8/site-packages/airflow/example_dags/example_dag_decorator.py
[2024-03-26T08:49:21.574+0000] {processor.py:840} INFO - DAG(s) 'example_dag_decorator' retrieved from /home/airflow/.local/lib/python3.8/site-packages/airflow/example_dags/example_dag_decorator.py
[2024-03-26T08:49:21.657+0000] {logging_mixin.py:188} INFO - [2024-03-26T08:49:21.657+0000] {dag.py:3036} INFO - Sync 1 DAGs
[2024-03-26T08:49:21.668+0000] {logging_mixin.py:188} INFO - [2024-03-26T08:49:21.668+0000] {dag.py:3823} INFO - Setting next_dagrun for example_dag_decorator to None, run_after=None
[2024-03-26T08:49:21.683+0000] {processor.py:183} INFO - Processing /home/airflow/.local/lib/python3.8/site-packages/airflow/example_dags/example_dag_decorator.py took 0.191 seconds
[2024-03-26T08:49:52.021+0000] {processor.py:161} INFO - Started process (PID=734) to work on /home/airflow/.local/lib/python3.8/site-packages/airflow/example_dags/example_dag_decorator.py
[2024-03-26T08:49:52.022+0000] {processor.py:830} INFO - Processing file /home/airflow/.local/lib/python3.8/site-packages/airflow/example_dags/example_dag_decorator.py for tasks to queue
[2024-03-26T08:49:52.024+0000] {logging_mixin.py:188} INFO - [2024-03-26T08:49:52.024+0000] {dagbag.py:538} INFO - Filling up the DagBag from /home/airflow/.local/lib/python3.8/site-packages/airflow/example_dags/example_dag_decorator.py
[2024-03-26T08:49:52.113+0000] {processor.py:840} INFO - DAG(s) 'example_dag_decorator' retrieved from /home/airflow/.local/lib/python3.8/site-packages/airflow/example_dags/example_dag_decorator.py
[2024-03-26T08:49:52.203+0000] {logging_mixin.py:188} INFO - [2024-03-26T08:49:52.203+0000] {dag.py:3036} INFO - Sync 1 DAGs
[2024-03-26T08:49:52.215+0000] {logging_mixin.py:188} INFO - [2024-03-26T08:49:52.214+0000] {dag.py:3823} INFO - Setting next_dagrun for example_dag_decorator to None, run_after=None
[2024-03-26T08:49:52.232+0000] {processor.py:183} INFO - Processing /home/airflow/.local/lib/python3.8/site-packages/airflow/example_dags/example_dag_decorator.py took 0.214 seconds
[2024-03-26T08:50:22.702+0000] {processor.py:161} INFO - Started process (PID=792) to work on /home/airflow/.local/lib/python3.8/site-packages/airflow/example_dags/example_dag_decorator.py
[2024-03-26T08:50:22.703+0000] {processor.py:830} INFO - Processing file /home/airflow/.local/lib/python3.8/site-packages/airflow/example_dags/example_dag_decorator.py for tasks to queue
[2024-03-26T08:50:22.704+0000] {logging_mixin.py:188} INFO - [2024-03-26T08:50:22.704+0000] {dagbag.py:538} INFO - Filling up the DagBag from /home/airflow/.local/lib/python3.8/site-packages/airflow/example_dags/example_dag_decorator.py
[2024-03-26T08:50:22.782+0000] {processor.py:840} INFO - DAG(s) 'example_dag_decorator' retrieved from /home/airflow/.local/lib/python3.8/site-packages/airflow/example_dags/example_dag_decorator.py
[2024-03-26T08:50:22.871+0000] {logging_mixin.py:188} INFO - [2024-03-26T08:50:22.871+0000] {dag.py:3036} INFO - Sync 1 DAGs
[2024-03-26T08:50:22.881+0000] {logging_mixin.py:188} INFO - [2024-03-26T08:50:22.880+0000] {dag.py:3823} INFO - Setting next_dagrun for example_dag_decorator to None, run_after=None
[2024-03-26T08:50:22.897+0000] {processor.py:183} INFO - Processing /home/airflow/.local/lib/python3.8/site-packages/airflow/example_dags/example_dag_decorator.py took 0.197 seconds
[2024-03-26T08:53:12.443+0000] {processor.py:161} INFO - Started process (PID=55) to work on /home/airflow/.local/lib/python3.8/site-packages/airflow/example_dags/example_dag_decorator.py
[2024-03-26T08:53:12.445+0000] {processor.py:830} INFO - Processing file /home/airflow/.local/lib/python3.8/site-packages/airflow/example_dags/example_dag_decorator.py for tasks to queue
[2024-03-26T08:53:12.446+0000] {logging_mixin.py:188} INFO - [2024-03-26T08:53:12.446+0000] {dagbag.py:538} INFO - Filling up the DagBag from /home/airflow/.local/lib/python3.8/site-packages/airflow/example_dags/example_dag_decorator.py
[2024-03-26T08:53:12.646+0000] {processor.py:840} INFO - DAG(s) 'example_dag_decorator' retrieved from /home/airflow/.local/lib/python3.8/site-packages/airflow/example_dags/example_dag_decorator.py
[2024-03-26T08:53:12.659+0000] {logging_mixin.py:188} INFO - [2024-03-26T08:53:12.659+0000] {dag.py:3036} INFO - Sync 1 DAGs
[2024-03-26T08:53:12.673+0000] {logging_mixin.py:188} INFO - [2024-03-26T08:53:12.673+0000] {dag.py:3823} INFO - Setting next_dagrun for example_dag_decorator to None, run_after=None
[2024-03-26T08:53:12.693+0000] {processor.py:183} INFO - Processing /home/airflow/.local/lib/python3.8/site-packages/airflow/example_dags/example_dag_decorator.py took 0.252 seconds
[2024-03-26T08:53:43.763+0000] {processor.py:161} INFO - Started process (PID=111) to work on /home/airflow/.local/lib/python3.8/site-packages/airflow/example_dags/example_dag_decorator.py
[2024-03-26T08:53:43.764+0000] {processor.py:830} INFO - Processing file /home/airflow/.local/lib/python3.8/site-packages/airflow/example_dags/example_dag_decorator.py for tasks to queue
[2024-03-26T08:53:43.765+0000] {logging_mixin.py:188} INFO - [2024-03-26T08:53:43.765+0000] {dagbag.py:538} INFO - Filling up the DagBag from /home/airflow/.local/lib/python3.8/site-packages/airflow/example_dags/example_dag_decorator.py
[2024-03-26T08:53:43.843+0000] {processor.py:840} INFO - DAG(s) 'example_dag_decorator' retrieved from /home/airflow/.local/lib/python3.8/site-packages/airflow/example_dags/example_dag_decorator.py
[2024-03-26T08:53:43.935+0000] {logging_mixin.py:188} INFO - [2024-03-26T08:53:43.934+0000] {dag.py:3036} INFO - Sync 1 DAGs
[2024-03-26T08:53:43.944+0000] {logging_mixin.py:188} INFO - [2024-03-26T08:53:43.944+0000] {dag.py:3823} INFO - Setting next_dagrun for example_dag_decorator to None, run_after=None
[2024-03-26T08:53:43.960+0000] {processor.py:183} INFO - Processing /home/airflow/.local/lib/python3.8/site-packages/airflow/example_dags/example_dag_decorator.py took 0.199 seconds
[2024-03-26T08:54:14.406+0000] {processor.py:161} INFO - Started process (PID=167) to work on /home/airflow/.local/lib/python3.8/site-packages/airflow/example_dags/example_dag_decorator.py
[2024-03-26T08:54:14.407+0000] {processor.py:830} INFO - Processing file /home/airflow/.local/lib/python3.8/site-packages/airflow/example_dags/example_dag_decorator.py for tasks to queue
[2024-03-26T08:54:14.408+0000] {logging_mixin.py:188} INFO - [2024-03-26T08:54:14.408+0000] {dagbag.py:538} INFO - Filling up the DagBag from /home/airflow/.local/lib/python3.8/site-packages/airflow/example_dags/example_dag_decorator.py
[2024-03-26T08:54:14.497+0000] {processor.py:840} INFO - DAG(s) 'example_dag_decorator' retrieved from /home/airflow/.local/lib/python3.8/site-packages/airflow/example_dags/example_dag_decorator.py
[2024-03-26T08:54:14.588+0000] {logging_mixin.py:188} INFO - [2024-03-26T08:54:14.588+0000] {dag.py:3036} INFO - Sync 1 DAGs
[2024-03-26T08:54:14.599+0000] {logging_mixin.py:188} INFO - [2024-03-26T08:54:14.598+0000] {dag.py:3823} INFO - Setting next_dagrun for example_dag_decorator to None, run_after=None
[2024-03-26T08:54:14.618+0000] {processor.py:183} INFO - Processing /home/airflow/.local/lib/python3.8/site-packages/airflow/example_dags/example_dag_decorator.py took 0.214 seconds
[2024-03-26T08:54:45.313+0000] {processor.py:161} INFO - Started process (PID=224) to work on /home/airflow/.local/lib/python3.8/site-packages/airflow/example_dags/example_dag_decorator.py
[2024-03-26T08:54:45.314+0000] {processor.py:830} INFO - Processing file /home/airflow/.local/lib/python3.8/site-packages/airflow/example_dags/example_dag_decorator.py for tasks to queue
[2024-03-26T08:54:45.315+0000] {logging_mixin.py:188} INFO - [2024-03-26T08:54:45.315+0000] {dagbag.py:538} INFO - Filling up the DagBag from /home/airflow/.local/lib/python3.8/site-packages/airflow/example_dags/example_dag_decorator.py
[2024-03-26T08:54:45.415+0000] {processor.py:840} INFO - DAG(s) 'example_dag_decorator' retrieved from /home/airflow/.local/lib/python3.8/site-packages/airflow/example_dags/example_dag_decorator.py
[2024-03-26T08:54:45.524+0000] {logging_mixin.py:188} INFO - [2024-03-26T08:54:45.523+0000] {dag.py:3036} INFO - Sync 1 DAGs
[2024-03-26T08:54:45.534+0000] {logging_mixin.py:188} INFO - [2024-03-26T08:54:45.534+0000] {dag.py:3823} INFO - Setting next_dagrun for example_dag_decorator to None, run_after=None
[2024-03-26T08:54:45.554+0000] {processor.py:183} INFO - Processing /home/airflow/.local/lib/python3.8/site-packages/airflow/example_dags/example_dag_decorator.py took 0.243 seconds
[2024-03-26T08:55:15.717+0000] {processor.py:161} INFO - Started process (PID=279) to work on /home/airflow/.local/lib/python3.8/site-packages/airflow/example_dags/example_dag_decorator.py
[2024-03-26T08:55:15.718+0000] {processor.py:830} INFO - Processing file /home/airflow/.local/lib/python3.8/site-packages/airflow/example_dags/example_dag_decorator.py for tasks to queue
[2024-03-26T08:55:15.720+0000] {logging_mixin.py:188} INFO - [2024-03-26T08:55:15.719+0000] {dagbag.py:538} INFO - Filling up the DagBag from /home/airflow/.local/lib/python3.8/site-packages/airflow/example_dags/example_dag_decorator.py
[2024-03-26T08:55:15.807+0000] {processor.py:840} INFO - DAG(s) 'example_dag_decorator' retrieved from /home/airflow/.local/lib/python3.8/site-packages/airflow/example_dags/example_dag_decorator.py
[2024-03-26T08:55:15.827+0000] {logging_mixin.py:188} INFO - [2024-03-26T08:55:15.827+0000] {dag.py:3036} INFO - Sync 1 DAGs
[2024-03-26T08:55:15.838+0000] {logging_mixin.py:188} INFO - [2024-03-26T08:55:15.837+0000] {dag.py:3823} INFO - Setting next_dagrun for example_dag_decorator to None, run_after=None
[2024-03-26T08:55:15.853+0000] {processor.py:183} INFO - Processing /home/airflow/.local/lib/python3.8/site-packages/airflow/example_dags/example_dag_decorator.py took 0.138 seconds
[2024-03-26T08:55:46.204+0000] {processor.py:161} INFO - Started process (PID=335) to work on /home/airflow/.local/lib/python3.8/site-packages/airflow/example_dags/example_dag_decorator.py
[2024-03-26T08:55:46.205+0000] {processor.py:830} INFO - Processing file /home/airflow/.local/lib/python3.8/site-packages/airflow/example_dags/example_dag_decorator.py for tasks to queue
[2024-03-26T08:55:46.207+0000] {logging_mixin.py:188} INFO - [2024-03-26T08:55:46.206+0000] {dagbag.py:538} INFO - Filling up the DagBag from /home/airflow/.local/lib/python3.8/site-packages/airflow/example_dags/example_dag_decorator.py
[2024-03-26T08:55:46.282+0000] {processor.py:840} INFO - DAG(s) 'example_dag_decorator' retrieved from /home/airflow/.local/lib/python3.8/site-packages/airflow/example_dags/example_dag_decorator.py
[2024-03-26T08:55:46.363+0000] {logging_mixin.py:188} INFO - [2024-03-26T08:55:46.363+0000] {dag.py:3036} INFO - Sync 1 DAGs
[2024-03-26T08:55:46.373+0000] {logging_mixin.py:188} INFO - [2024-03-26T08:55:46.372+0000] {dag.py:3823} INFO - Setting next_dagrun for example_dag_decorator to None, run_after=None
[2024-03-26T08:55:46.388+0000] {processor.py:183} INFO - Processing /home/airflow/.local/lib/python3.8/site-packages/airflow/example_dags/example_dag_decorator.py took 0.185 seconds
[2024-03-26T08:56:16.460+0000] {processor.py:161} INFO - Started process (PID=391) to work on /home/airflow/.local/lib/python3.8/site-packages/airflow/example_dags/example_dag_decorator.py
[2024-03-26T08:56:16.461+0000] {processor.py:830} INFO - Processing file /home/airflow/.local/lib/python3.8/site-packages/airflow/example_dags/example_dag_decorator.py for tasks to queue
[2024-03-26T08:56:16.462+0000] {logging_mixin.py:188} INFO - [2024-03-26T08:56:16.462+0000] {dagbag.py:538} INFO - Filling up the DagBag from /home/airflow/.local/lib/python3.8/site-packages/airflow/example_dags/example_dag_decorator.py
[2024-03-26T08:56:16.539+0000] {processor.py:840} INFO - DAG(s) 'example_dag_decorator' retrieved from /home/airflow/.local/lib/python3.8/site-packages/airflow/example_dags/example_dag_decorator.py
[2024-03-26T08:56:16.621+0000] {logging_mixin.py:188} INFO - [2024-03-26T08:56:16.621+0000] {dag.py:3036} INFO - Sync 1 DAGs
[2024-03-26T08:56:16.630+0000] {logging_mixin.py:188} INFO - [2024-03-26T08:56:16.629+0000] {dag.py:3823} INFO - Setting next_dagrun for example_dag_decorator to None, run_after=None
[2024-03-26T08:56:16.646+0000] {processor.py:183} INFO - Processing /home/airflow/.local/lib/python3.8/site-packages/airflow/example_dags/example_dag_decorator.py took 0.188 seconds
[2024-03-26T08:56:46.814+0000] {processor.py:161} INFO - Started process (PID=447) to work on /home/airflow/.local/lib/python3.8/site-packages/airflow/example_dags/example_dag_decorator.py
[2024-03-26T08:56:46.815+0000] {processor.py:830} INFO - Processing file /home/airflow/.local/lib/python3.8/site-packages/airflow/example_dags/example_dag_decorator.py for tasks to queue
[2024-03-26T08:56:46.816+0000] {logging_mixin.py:188} INFO - [2024-03-26T08:56:46.816+0000] {dagbag.py:538} INFO - Filling up the DagBag from /home/airflow/.local/lib/python3.8/site-packages/airflow/example_dags/example_dag_decorator.py
[2024-03-26T08:56:46.895+0000] {processor.py:840} INFO - DAG(s) 'example_dag_decorator' retrieved from /home/airflow/.local/lib/python3.8/site-packages/airflow/example_dags/example_dag_decorator.py
[2024-03-26T08:56:46.979+0000] {logging_mixin.py:188} INFO - [2024-03-26T08:56:46.979+0000] {dag.py:3036} INFO - Sync 1 DAGs
[2024-03-26T08:56:46.988+0000] {logging_mixin.py:188} INFO - [2024-03-26T08:56:46.988+0000] {dag.py:3823} INFO - Setting next_dagrun for example_dag_decorator to None, run_after=None
[2024-03-26T08:56:47.003+0000] {processor.py:183} INFO - Processing /home/airflow/.local/lib/python3.8/site-packages/airflow/example_dags/example_dag_decorator.py took 0.192 seconds
[2024-03-26T08:57:17.162+0000] {processor.py:161} INFO - Started process (PID=503) to work on /home/airflow/.local/lib/python3.8/site-packages/airflow/example_dags/example_dag_decorator.py
[2024-03-26T08:57:17.163+0000] {processor.py:830} INFO - Processing file /home/airflow/.local/lib/python3.8/site-packages/airflow/example_dags/example_dag_decorator.py for tasks to queue
[2024-03-26T08:57:17.164+0000] {logging_mixin.py:188} INFO - [2024-03-26T08:57:17.164+0000] {dagbag.py:538} INFO - Filling up the DagBag from /home/airflow/.local/lib/python3.8/site-packages/airflow/example_dags/example_dag_decorator.py
[2024-03-26T08:57:17.241+0000] {processor.py:840} INFO - DAG(s) 'example_dag_decorator' retrieved from /home/airflow/.local/lib/python3.8/site-packages/airflow/example_dags/example_dag_decorator.py
[2024-03-26T08:57:17.329+0000] {logging_mixin.py:188} INFO - [2024-03-26T08:57:17.329+0000] {dag.py:3036} INFO - Sync 1 DAGs
[2024-03-26T08:57:17.338+0000] {logging_mixin.py:188} INFO - [2024-03-26T08:57:17.338+0000] {dag.py:3823} INFO - Setting next_dagrun for example_dag_decorator to None, run_after=None
[2024-03-26T08:57:17.353+0000] {processor.py:183} INFO - Processing /home/airflow/.local/lib/python3.8/site-packages/airflow/example_dags/example_dag_decorator.py took 0.193 seconds
[2024-03-26T08:57:47.641+0000] {processor.py:161} INFO - Started process (PID=559) to work on /home/airflow/.local/lib/python3.8/site-packages/airflow/example_dags/example_dag_decorator.py
[2024-03-26T08:57:47.642+0000] {processor.py:830} INFO - Processing file /home/airflow/.local/lib/python3.8/site-packages/airflow/example_dags/example_dag_decorator.py for tasks to queue
[2024-03-26T08:57:47.644+0000] {logging_mixin.py:188} INFO - [2024-03-26T08:57:47.644+0000] {dagbag.py:538} INFO - Filling up the DagBag from /home/airflow/.local/lib/python3.8/site-packages/airflow/example_dags/example_dag_decorator.py
[2024-03-26T08:57:47.724+0000] {processor.py:840} INFO - DAG(s) 'example_dag_decorator' retrieved from /home/airflow/.local/lib/python3.8/site-packages/airflow/example_dags/example_dag_decorator.py
[2024-03-26T08:57:47.821+0000] {logging_mixin.py:188} INFO - [2024-03-26T08:57:47.820+0000] {dag.py:3036} INFO - Sync 1 DAGs
[2024-03-26T08:57:47.832+0000] {logging_mixin.py:188} INFO - [2024-03-26T08:57:47.831+0000] {dag.py:3823} INFO - Setting next_dagrun for example_dag_decorator to None, run_after=None
[2024-03-26T08:57:47.853+0000] {processor.py:183} INFO - Processing /home/airflow/.local/lib/python3.8/site-packages/airflow/example_dags/example_dag_decorator.py took 0.214 seconds
[2024-03-26T08:58:18.106+0000] {processor.py:161} INFO - Started process (PID=615) to work on /home/airflow/.local/lib/python3.8/site-packages/airflow/example_dags/example_dag_decorator.py
[2024-03-26T08:58:18.107+0000] {processor.py:830} INFO - Processing file /home/airflow/.local/lib/python3.8/site-packages/airflow/example_dags/example_dag_decorator.py for tasks to queue
[2024-03-26T08:58:18.108+0000] {logging_mixin.py:188} INFO - [2024-03-26T08:58:18.108+0000] {dagbag.py:538} INFO - Filling up the DagBag from /home/airflow/.local/lib/python3.8/site-packages/airflow/example_dags/example_dag_decorator.py
[2024-03-26T08:58:18.188+0000] {processor.py:840} INFO - DAG(s) 'example_dag_decorator' retrieved from /home/airflow/.local/lib/python3.8/site-packages/airflow/example_dags/example_dag_decorator.py
[2024-03-26T08:58:18.285+0000] {logging_mixin.py:188} INFO - [2024-03-26T08:58:18.284+0000] {dag.py:3036} INFO - Sync 1 DAGs
[2024-03-26T08:58:18.295+0000] {logging_mixin.py:188} INFO - [2024-03-26T08:58:18.295+0000] {dag.py:3823} INFO - Setting next_dagrun for example_dag_decorator to None, run_after=None
[2024-03-26T08:58:18.314+0000] {processor.py:183} INFO - Processing /home/airflow/.local/lib/python3.8/site-packages/airflow/example_dags/example_dag_decorator.py took 0.210 seconds
[2024-03-26T08:58:48.648+0000] {processor.py:161} INFO - Started process (PID=671) to work on /home/airflow/.local/lib/python3.8/site-packages/airflow/example_dags/example_dag_decorator.py
[2024-03-26T08:58:48.649+0000] {processor.py:830} INFO - Processing file /home/airflow/.local/lib/python3.8/site-packages/airflow/example_dags/example_dag_decorator.py for tasks to queue
[2024-03-26T08:58:48.651+0000] {logging_mixin.py:188} INFO - [2024-03-26T08:58:48.651+0000] {dagbag.py:538} INFO - Filling up the DagBag from /home/airflow/.local/lib/python3.8/site-packages/airflow/example_dags/example_dag_decorator.py
[2024-03-26T08:58:48.731+0000] {processor.py:840} INFO - DAG(s) 'example_dag_decorator' retrieved from /home/airflow/.local/lib/python3.8/site-packages/airflow/example_dags/example_dag_decorator.py
[2024-03-26T08:58:48.817+0000] {logging_mixin.py:188} INFO - [2024-03-26T08:58:48.817+0000] {dag.py:3036} INFO - Sync 1 DAGs
[2024-03-26T08:58:48.828+0000] {logging_mixin.py:188} INFO - [2024-03-26T08:58:48.828+0000] {dag.py:3823} INFO - Setting next_dagrun for example_dag_decorator to None, run_after=None
[2024-03-26T08:58:48.843+0000] {processor.py:183} INFO - Processing /home/airflow/.local/lib/python3.8/site-packages/airflow/example_dags/example_dag_decorator.py took 0.197 seconds
[2024-03-26T09:07:40.957+0000] {processor.py:161} INFO - Started process (PID=56) to work on /home/airflow/.local/lib/python3.8/site-packages/airflow/example_dags/example_dag_decorator.py
[2024-03-26T09:07:40.959+0000] {processor.py:830} INFO - Processing file /home/airflow/.local/lib/python3.8/site-packages/airflow/example_dags/example_dag_decorator.py for tasks to queue
[2024-03-26T09:07:40.960+0000] {logging_mixin.py:188} INFO - [2024-03-26T09:07:40.960+0000] {dagbag.py:538} INFO - Filling up the DagBag from /home/airflow/.local/lib/python3.8/site-packages/airflow/example_dags/example_dag_decorator.py
[2024-03-26T09:07:41.057+0000] {processor.py:840} INFO - DAG(s) 'example_dag_decorator' retrieved from /home/airflow/.local/lib/python3.8/site-packages/airflow/example_dags/example_dag_decorator.py
[2024-03-26T09:07:41.067+0000] {logging_mixin.py:188} INFO - [2024-03-26T09:07:41.067+0000] {dag.py:3036} INFO - Sync 1 DAGs
[2024-03-26T09:07:41.081+0000] {logging_mixin.py:188} INFO - [2024-03-26T09:07:41.080+0000] {dag.py:3823} INFO - Setting next_dagrun for example_dag_decorator to None, run_after=None
[2024-03-26T09:07:41.102+0000] {processor.py:183} INFO - Processing /home/airflow/.local/lib/python3.8/site-packages/airflow/example_dags/example_dag_decorator.py took 0.148 seconds
[2024-03-26T09:08:11.538+0000] {processor.py:161} INFO - Started process (PID=114) to work on /home/airflow/.local/lib/python3.8/site-packages/airflow/example_dags/example_dag_decorator.py
[2024-03-26T09:08:11.539+0000] {processor.py:830} INFO - Processing file /home/airflow/.local/lib/python3.8/site-packages/airflow/example_dags/example_dag_decorator.py for tasks to queue
[2024-03-26T09:08:11.541+0000] {logging_mixin.py:188} INFO - [2024-03-26T09:08:11.540+0000] {dagbag.py:538} INFO - Filling up the DagBag from /home/airflow/.local/lib/python3.8/site-packages/airflow/example_dags/example_dag_decorator.py
[2024-03-26T09:08:11.619+0000] {processor.py:840} INFO - DAG(s) 'example_dag_decorator' retrieved from /home/airflow/.local/lib/python3.8/site-packages/airflow/example_dags/example_dag_decorator.py
[2024-03-26T09:08:11.709+0000] {logging_mixin.py:188} INFO - [2024-03-26T09:08:11.708+0000] {dag.py:3036} INFO - Sync 1 DAGs
[2024-03-26T09:08:11.718+0000] {logging_mixin.py:188} INFO - [2024-03-26T09:08:11.718+0000] {dag.py:3823} INFO - Setting next_dagrun for example_dag_decorator to None, run_after=None
[2024-03-26T09:08:11.734+0000] {processor.py:183} INFO - Processing /home/airflow/.local/lib/python3.8/site-packages/airflow/example_dags/example_dag_decorator.py took 0.198 seconds
[2024-03-26T09:08:42.590+0000] {processor.py:161} INFO - Started process (PID=171) to work on /home/airflow/.local/lib/python3.8/site-packages/airflow/example_dags/example_dag_decorator.py
[2024-03-26T09:08:42.591+0000] {processor.py:830} INFO - Processing file /home/airflow/.local/lib/python3.8/site-packages/airflow/example_dags/example_dag_decorator.py for tasks to queue
[2024-03-26T09:08:42.592+0000] {logging_mixin.py:188} INFO - [2024-03-26T09:08:42.592+0000] {dagbag.py:538} INFO - Filling up the DagBag from /home/airflow/.local/lib/python3.8/site-packages/airflow/example_dags/example_dag_decorator.py
[2024-03-26T09:08:42.674+0000] {processor.py:840} INFO - DAG(s) 'example_dag_decorator' retrieved from /home/airflow/.local/lib/python3.8/site-packages/airflow/example_dags/example_dag_decorator.py
[2024-03-26T09:08:42.759+0000] {logging_mixin.py:188} INFO - [2024-03-26T09:08:42.759+0000] {dag.py:3036} INFO - Sync 1 DAGs
[2024-03-26T09:08:42.769+0000] {logging_mixin.py:188} INFO - [2024-03-26T09:08:42.769+0000] {dag.py:3823} INFO - Setting next_dagrun for example_dag_decorator to None, run_after=None
[2024-03-26T09:08:42.785+0000] {processor.py:183} INFO - Processing /home/airflow/.local/lib/python3.8/site-packages/airflow/example_dags/example_dag_decorator.py took 0.198 seconds
[2024-03-26T09:09:13.307+0000] {processor.py:161} INFO - Started process (PID=228) to work on /home/airflow/.local/lib/python3.8/site-packages/airflow/example_dags/example_dag_decorator.py
[2024-03-26T09:09:13.308+0000] {processor.py:830} INFO - Processing file /home/airflow/.local/lib/python3.8/site-packages/airflow/example_dags/example_dag_decorator.py for tasks to queue
[2024-03-26T09:09:13.310+0000] {logging_mixin.py:188} INFO - [2024-03-26T09:09:13.309+0000] {dagbag.py:538} INFO - Filling up the DagBag from /home/airflow/.local/lib/python3.8/site-packages/airflow/example_dags/example_dag_decorator.py
[2024-03-26T09:09:13.411+0000] {processor.py:840} INFO - DAG(s) 'example_dag_decorator' retrieved from /home/airflow/.local/lib/python3.8/site-packages/airflow/example_dags/example_dag_decorator.py
[2024-03-26T09:09:13.509+0000] {logging_mixin.py:188} INFO - [2024-03-26T09:09:13.509+0000] {dag.py:3036} INFO - Sync 1 DAGs
[2024-03-26T09:09:13.520+0000] {logging_mixin.py:188} INFO - [2024-03-26T09:09:13.520+0000] {dag.py:3823} INFO - Setting next_dagrun for example_dag_decorator to None, run_after=None
[2024-03-26T09:09:13.543+0000] {processor.py:183} INFO - Processing /home/airflow/.local/lib/python3.8/site-packages/airflow/example_dags/example_dag_decorator.py took 0.239 seconds
[2024-03-26T09:09:43.896+0000] {processor.py:161} INFO - Started process (PID=284) to work on /home/airflow/.local/lib/python3.8/site-packages/airflow/example_dags/example_dag_decorator.py
[2024-03-26T09:09:43.897+0000] {processor.py:830} INFO - Processing file /home/airflow/.local/lib/python3.8/site-packages/airflow/example_dags/example_dag_decorator.py for tasks to queue
[2024-03-26T09:09:43.899+0000] {logging_mixin.py:188} INFO - [2024-03-26T09:09:43.899+0000] {dagbag.py:538} INFO - Filling up the DagBag from /home/airflow/.local/lib/python3.8/site-packages/airflow/example_dags/example_dag_decorator.py
[2024-03-26T09:09:43.988+0000] {processor.py:840} INFO - DAG(s) 'example_dag_decorator' retrieved from /home/airflow/.local/lib/python3.8/site-packages/airflow/example_dags/example_dag_decorator.py
[2024-03-26T09:09:44.077+0000] {logging_mixin.py:188} INFO - [2024-03-26T09:09:44.076+0000] {dag.py:3036} INFO - Sync 1 DAGs
[2024-03-26T09:09:44.087+0000] {logging_mixin.py:188} INFO - [2024-03-26T09:09:44.087+0000] {dag.py:3823} INFO - Setting next_dagrun for example_dag_decorator to None, run_after=None
[2024-03-26T09:09:44.104+0000] {processor.py:183} INFO - Processing /home/airflow/.local/lib/python3.8/site-packages/airflow/example_dags/example_dag_decorator.py took 0.210 seconds
[2024-03-26T09:10:14.490+0000] {processor.py:161} INFO - Started process (PID=341) to work on /home/airflow/.local/lib/python3.8/site-packages/airflow/example_dags/example_dag_decorator.py
[2024-03-26T09:10:14.491+0000] {processor.py:830} INFO - Processing file /home/airflow/.local/lib/python3.8/site-packages/airflow/example_dags/example_dag_decorator.py for tasks to queue
[2024-03-26T09:10:14.492+0000] {logging_mixin.py:188} INFO - [2024-03-26T09:10:14.492+0000] {dagbag.py:538} INFO - Filling up the DagBag from /home/airflow/.local/lib/python3.8/site-packages/airflow/example_dags/example_dag_decorator.py
[2024-03-26T09:10:14.570+0000] {processor.py:840} INFO - DAG(s) 'example_dag_decorator' retrieved from /home/airflow/.local/lib/python3.8/site-packages/airflow/example_dags/example_dag_decorator.py
[2024-03-26T09:10:14.655+0000] {logging_mixin.py:188} INFO - [2024-03-26T09:10:14.654+0000] {dag.py:3036} INFO - Sync 1 DAGs
[2024-03-26T09:10:14.665+0000] {logging_mixin.py:188} INFO - [2024-03-26T09:10:14.665+0000] {dag.py:3823} INFO - Setting next_dagrun for example_dag_decorator to None, run_after=None
[2024-03-26T09:10:14.681+0000] {processor.py:183} INFO - Processing /home/airflow/.local/lib/python3.8/site-packages/airflow/example_dags/example_dag_decorator.py took 0.194 seconds
[2024-03-26T09:50:57.031+0000] {processor.py:161} INFO - Started process (PID=56) to work on /home/airflow/.local/lib/python3.8/site-packages/airflow/example_dags/example_dag_decorator.py
[2024-03-26T09:50:57.032+0000] {processor.py:830} INFO - Processing file /home/airflow/.local/lib/python3.8/site-packages/airflow/example_dags/example_dag_decorator.py for tasks to queue
[2024-03-26T09:50:57.034+0000] {logging_mixin.py:188} INFO - [2024-03-26T09:50:57.034+0000] {dagbag.py:538} INFO - Filling up the DagBag from /home/airflow/.local/lib/python3.8/site-packages/airflow/example_dags/example_dag_decorator.py
[2024-03-26T09:50:57.273+0000] {processor.py:840} INFO - DAG(s) 'example_dag_decorator' retrieved from /home/airflow/.local/lib/python3.8/site-packages/airflow/example_dags/example_dag_decorator.py
[2024-03-26T09:50:57.287+0000] {logging_mixin.py:188} INFO - [2024-03-26T09:50:57.286+0000] {dag.py:3036} INFO - Sync 1 DAGs
[2024-03-26T09:50:57.302+0000] {logging_mixin.py:188} INFO - [2024-03-26T09:50:57.302+0000] {dag.py:3823} INFO - Setting next_dagrun for example_dag_decorator to None, run_after=None
[2024-03-26T09:50:57.335+0000] {processor.py:183} INFO - Processing /home/airflow/.local/lib/python3.8/site-packages/airflow/example_dags/example_dag_decorator.py took 0.306 seconds
[2024-03-26T09:51:27.473+0000] {processor.py:161} INFO - Started process (PID=112) to work on /home/airflow/.local/lib/python3.8/site-packages/airflow/example_dags/example_dag_decorator.py
[2024-03-26T09:51:27.474+0000] {processor.py:830} INFO - Processing file /home/airflow/.local/lib/python3.8/site-packages/airflow/example_dags/example_dag_decorator.py for tasks to queue
[2024-03-26T09:51:27.476+0000] {logging_mixin.py:188} INFO - [2024-03-26T09:51:27.475+0000] {dagbag.py:538} INFO - Filling up the DagBag from /home/airflow/.local/lib/python3.8/site-packages/airflow/example_dags/example_dag_decorator.py
[2024-03-26T09:51:27.553+0000] {processor.py:840} INFO - DAG(s) 'example_dag_decorator' retrieved from /home/airflow/.local/lib/python3.8/site-packages/airflow/example_dags/example_dag_decorator.py
[2024-03-26T09:51:27.638+0000] {logging_mixin.py:188} INFO - [2024-03-26T09:51:27.637+0000] {dag.py:3036} INFO - Sync 1 DAGs
[2024-03-26T09:51:27.647+0000] {logging_mixin.py:188} INFO - [2024-03-26T09:51:27.646+0000] {dag.py:3823} INFO - Setting next_dagrun for example_dag_decorator to None, run_after=None
[2024-03-26T09:51:27.662+0000] {processor.py:183} INFO - Processing /home/airflow/.local/lib/python3.8/site-packages/airflow/example_dags/example_dag_decorator.py took 0.190 seconds
[2024-03-26T09:51:58.165+0000] {processor.py:161} INFO - Started process (PID=168) to work on /home/airflow/.local/lib/python3.8/site-packages/airflow/example_dags/example_dag_decorator.py
[2024-03-26T09:51:58.166+0000] {processor.py:830} INFO - Processing file /home/airflow/.local/lib/python3.8/site-packages/airflow/example_dags/example_dag_decorator.py for tasks to queue
[2024-03-26T09:51:58.167+0000] {logging_mixin.py:188} INFO - [2024-03-26T09:51:58.167+0000] {dagbag.py:538} INFO - Filling up the DagBag from /home/airflow/.local/lib/python3.8/site-packages/airflow/example_dags/example_dag_decorator.py
[2024-03-26T09:51:58.247+0000] {processor.py:840} INFO - DAG(s) 'example_dag_decorator' retrieved from /home/airflow/.local/lib/python3.8/site-packages/airflow/example_dags/example_dag_decorator.py
[2024-03-26T09:51:58.334+0000] {logging_mixin.py:188} INFO - [2024-03-26T09:51:58.333+0000] {dag.py:3036} INFO - Sync 1 DAGs
[2024-03-26T09:51:58.343+0000] {logging_mixin.py:188} INFO - [2024-03-26T09:51:58.343+0000] {dag.py:3823} INFO - Setting next_dagrun for example_dag_decorator to None, run_after=None
[2024-03-26T09:51:58.359+0000] {processor.py:183} INFO - Processing /home/airflow/.local/lib/python3.8/site-packages/airflow/example_dags/example_dag_decorator.py took 0.197 seconds
[2024-03-26T09:52:28.871+0000] {processor.py:161} INFO - Started process (PID=225) to work on /home/airflow/.local/lib/python3.8/site-packages/airflow/example_dags/example_dag_decorator.py
[2024-03-26T09:52:28.872+0000] {processor.py:830} INFO - Processing file /home/airflow/.local/lib/python3.8/site-packages/airflow/example_dags/example_dag_decorator.py for tasks to queue
[2024-03-26T09:52:28.873+0000] {logging_mixin.py:188} INFO - [2024-03-26T09:52:28.873+0000] {dagbag.py:538} INFO - Filling up the DagBag from /home/airflow/.local/lib/python3.8/site-packages/airflow/example_dags/example_dag_decorator.py
[2024-03-26T09:52:28.958+0000] {processor.py:840} INFO - DAG(s) 'example_dag_decorator' retrieved from /home/airflow/.local/lib/python3.8/site-packages/airflow/example_dags/example_dag_decorator.py
[2024-03-26T09:52:29.057+0000] {logging_mixin.py:188} INFO - [2024-03-26T09:52:29.057+0000] {dag.py:3036} INFO - Sync 1 DAGs
[2024-03-26T09:52:29.067+0000] {logging_mixin.py:188} INFO - [2024-03-26T09:52:29.067+0000] {dag.py:3823} INFO - Setting next_dagrun for example_dag_decorator to None, run_after=None
[2024-03-26T09:52:29.086+0000] {processor.py:183} INFO - Processing /home/airflow/.local/lib/python3.8/site-packages/airflow/example_dags/example_dag_decorator.py took 0.218 seconds
[2024-03-26T09:53:00.138+0000] {processor.py:161} INFO - Started process (PID=284) to work on /home/airflow/.local/lib/python3.8/site-packages/airflow/example_dags/example_dag_decorator.py
[2024-03-26T09:53:00.138+0000] {processor.py:830} INFO - Processing file /home/airflow/.local/lib/python3.8/site-packages/airflow/example_dags/example_dag_decorator.py for tasks to queue
[2024-03-26T09:53:00.140+0000] {logging_mixin.py:188} INFO - [2024-03-26T09:53:00.140+0000] {dagbag.py:538} INFO - Filling up the DagBag from /home/airflow/.local/lib/python3.8/site-packages/airflow/example_dags/example_dag_decorator.py
[2024-03-26T09:53:00.218+0000] {processor.py:840} INFO - DAG(s) 'example_dag_decorator' retrieved from /home/airflow/.local/lib/python3.8/site-packages/airflow/example_dags/example_dag_decorator.py
[2024-03-26T09:53:00.301+0000] {logging_mixin.py:188} INFO - [2024-03-26T09:53:00.301+0000] {dag.py:3036} INFO - Sync 1 DAGs
[2024-03-26T09:53:00.313+0000] {logging_mixin.py:188} INFO - [2024-03-26T09:53:00.312+0000] {dag.py:3823} INFO - Setting next_dagrun for example_dag_decorator to None, run_after=None
[2024-03-26T09:53:00.328+0000] {processor.py:183} INFO - Processing /home/airflow/.local/lib/python3.8/site-packages/airflow/example_dags/example_dag_decorator.py took 0.193 seconds
[2024-03-26T09:53:30.425+0000] {processor.py:161} INFO - Started process (PID=342) to work on /home/airflow/.local/lib/python3.8/site-packages/airflow/example_dags/example_dag_decorator.py
[2024-03-26T09:53:30.426+0000] {processor.py:830} INFO - Processing file /home/airflow/.local/lib/python3.8/site-packages/airflow/example_dags/example_dag_decorator.py for tasks to queue
[2024-03-26T09:53:30.427+0000] {logging_mixin.py:188} INFO - [2024-03-26T09:53:30.427+0000] {dagbag.py:538} INFO - Filling up the DagBag from /home/airflow/.local/lib/python3.8/site-packages/airflow/example_dags/example_dag_decorator.py
[2024-03-26T09:53:30.506+0000] {processor.py:840} INFO - DAG(s) 'example_dag_decorator' retrieved from /home/airflow/.local/lib/python3.8/site-packages/airflow/example_dags/example_dag_decorator.py
[2024-03-26T09:53:30.593+0000] {logging_mixin.py:188} INFO - [2024-03-26T09:53:30.593+0000] {dag.py:3036} INFO - Sync 1 DAGs
[2024-03-26T09:53:30.602+0000] {logging_mixin.py:188} INFO - [2024-03-26T09:53:30.602+0000] {dag.py:3823} INFO - Setting next_dagrun for example_dag_decorator to None, run_after=None
[2024-03-26T09:53:30.619+0000] {processor.py:183} INFO - Processing /home/airflow/.local/lib/python3.8/site-packages/airflow/example_dags/example_dag_decorator.py took 0.197 seconds
[2024-03-26T09:54:01.471+0000] {processor.py:161} INFO - Started process (PID=398) to work on /home/airflow/.local/lib/python3.8/site-packages/airflow/example_dags/example_dag_decorator.py
[2024-03-26T09:54:01.472+0000] {processor.py:830} INFO - Processing file /home/airflow/.local/lib/python3.8/site-packages/airflow/example_dags/example_dag_decorator.py for tasks to queue
[2024-03-26T09:54:01.474+0000] {logging_mixin.py:188} INFO - [2024-03-26T09:54:01.474+0000] {dagbag.py:538} INFO - Filling up the DagBag from /home/airflow/.local/lib/python3.8/site-packages/airflow/example_dags/example_dag_decorator.py
[2024-03-26T09:54:01.550+0000] {processor.py:840} INFO - DAG(s) 'example_dag_decorator' retrieved from /home/airflow/.local/lib/python3.8/site-packages/airflow/example_dags/example_dag_decorator.py
[2024-03-26T09:54:01.633+0000] {logging_mixin.py:188} INFO - [2024-03-26T09:54:01.633+0000] {dag.py:3036} INFO - Sync 1 DAGs
[2024-03-26T09:54:01.642+0000] {logging_mixin.py:188} INFO - [2024-03-26T09:54:01.642+0000] {dag.py:3823} INFO - Setting next_dagrun for example_dag_decorator to None, run_after=None
[2024-03-26T09:54:01.657+0000] {processor.py:183} INFO - Processing /home/airflow/.local/lib/python3.8/site-packages/airflow/example_dags/example_dag_decorator.py took 0.188 seconds
[2024-03-26T09:54:32.056+0000] {processor.py:161} INFO - Started process (PID=455) to work on /home/airflow/.local/lib/python3.8/site-packages/airflow/example_dags/example_dag_decorator.py
[2024-03-26T09:54:32.057+0000] {processor.py:830} INFO - Processing file /home/airflow/.local/lib/python3.8/site-packages/airflow/example_dags/example_dag_decorator.py for tasks to queue
[2024-03-26T09:54:32.058+0000] {logging_mixin.py:188} INFO - [2024-03-26T09:54:32.058+0000] {dagbag.py:538} INFO - Filling up the DagBag from /home/airflow/.local/lib/python3.8/site-packages/airflow/example_dags/example_dag_decorator.py
[2024-03-26T09:54:32.144+0000] {processor.py:840} INFO - DAG(s) 'example_dag_decorator' retrieved from /home/airflow/.local/lib/python3.8/site-packages/airflow/example_dags/example_dag_decorator.py
[2024-03-26T09:54:32.164+0000] {logging_mixin.py:188} INFO - [2024-03-26T09:54:32.163+0000] {dag.py:3036} INFO - Sync 1 DAGs
[2024-03-26T09:54:32.174+0000] {logging_mixin.py:188} INFO - [2024-03-26T09:54:32.174+0000] {dag.py:3823} INFO - Setting next_dagrun for example_dag_decorator to None, run_after=None
[2024-03-26T09:54:32.189+0000] {processor.py:183} INFO - Processing /home/airflow/.local/lib/python3.8/site-packages/airflow/example_dags/example_dag_decorator.py took 0.135 seconds
[2024-03-26T09:55:02.584+0000] {processor.py:161} INFO - Started process (PID=511) to work on /home/airflow/.local/lib/python3.8/site-packages/airflow/example_dags/example_dag_decorator.py
[2024-03-26T09:55:02.585+0000] {processor.py:830} INFO - Processing file /home/airflow/.local/lib/python3.8/site-packages/airflow/example_dags/example_dag_decorator.py for tasks to queue
[2024-03-26T09:55:02.586+0000] {logging_mixin.py:188} INFO - [2024-03-26T09:55:02.586+0000] {dagbag.py:538} INFO - Filling up the DagBag from /home/airflow/.local/lib/python3.8/site-packages/airflow/example_dags/example_dag_decorator.py
[2024-03-26T09:55:02.664+0000] {processor.py:840} INFO - DAG(s) 'example_dag_decorator' retrieved from /home/airflow/.local/lib/python3.8/site-packages/airflow/example_dags/example_dag_decorator.py
[2024-03-26T09:55:02.754+0000] {logging_mixin.py:188} INFO - [2024-03-26T09:55:02.754+0000] {dag.py:3036} INFO - Sync 1 DAGs
[2024-03-26T09:55:02.763+0000] {logging_mixin.py:188} INFO - [2024-03-26T09:55:02.763+0000] {dag.py:3823} INFO - Setting next_dagrun for example_dag_decorator to None, run_after=None
[2024-03-26T09:55:02.779+0000] {processor.py:183} INFO - Processing /home/airflow/.local/lib/python3.8/site-packages/airflow/example_dags/example_dag_decorator.py took 0.197 seconds
[2024-03-26T09:55:33.104+0000] {processor.py:161} INFO - Started process (PID=568) to work on /home/airflow/.local/lib/python3.8/site-packages/airflow/example_dags/example_dag_decorator.py
[2024-03-26T09:55:33.106+0000] {processor.py:830} INFO - Processing file /home/airflow/.local/lib/python3.8/site-packages/airflow/example_dags/example_dag_decorator.py for tasks to queue
[2024-03-26T09:55:33.107+0000] {logging_mixin.py:188} INFO - [2024-03-26T09:55:33.107+0000] {dagbag.py:538} INFO - Filling up the DagBag from /home/airflow/.local/lib/python3.8/site-packages/airflow/example_dags/example_dag_decorator.py
[2024-03-26T09:55:33.190+0000] {processor.py:840} INFO - DAG(s) 'example_dag_decorator' retrieved from /home/airflow/.local/lib/python3.8/site-packages/airflow/example_dags/example_dag_decorator.py
[2024-03-26T09:55:33.292+0000] {logging_mixin.py:188} INFO - [2024-03-26T09:55:33.292+0000] {dag.py:3036} INFO - Sync 1 DAGs
[2024-03-26T09:55:33.305+0000] {logging_mixin.py:188} INFO - [2024-03-26T09:55:33.304+0000] {dag.py:3823} INFO - Setting next_dagrun for example_dag_decorator to None, run_after=None
[2024-03-26T09:55:33.327+0000] {processor.py:183} INFO - Processing /home/airflow/.local/lib/python3.8/site-packages/airflow/example_dags/example_dag_decorator.py took 0.225 seconds
[2024-03-26T09:56:03.785+0000] {processor.py:161} INFO - Started process (PID=625) to work on /home/airflow/.local/lib/python3.8/site-packages/airflow/example_dags/example_dag_decorator.py
[2024-03-26T09:56:03.786+0000] {processor.py:830} INFO - Processing file /home/airflow/.local/lib/python3.8/site-packages/airflow/example_dags/example_dag_decorator.py for tasks to queue
[2024-03-26T09:56:03.788+0000] {logging_mixin.py:188} INFO - [2024-03-26T09:56:03.787+0000] {dagbag.py:538} INFO - Filling up the DagBag from /home/airflow/.local/lib/python3.8/site-packages/airflow/example_dags/example_dag_decorator.py
[2024-03-26T09:56:03.875+0000] {processor.py:840} INFO - DAG(s) 'example_dag_decorator' retrieved from /home/airflow/.local/lib/python3.8/site-packages/airflow/example_dags/example_dag_decorator.py
[2024-03-26T09:56:03.970+0000] {logging_mixin.py:188} INFO - [2024-03-26T09:56:03.970+0000] {dag.py:3036} INFO - Sync 1 DAGs
[2024-03-26T09:56:03.982+0000] {logging_mixin.py:188} INFO - [2024-03-26T09:56:03.982+0000] {dag.py:3823} INFO - Setting next_dagrun for example_dag_decorator to None, run_after=None
[2024-03-26T09:56:04.000+0000] {processor.py:183} INFO - Processing /home/airflow/.local/lib/python3.8/site-packages/airflow/example_dags/example_dag_decorator.py took 0.218 seconds
[2024-03-26T09:57:46.723+0000] {processor.py:161} INFO - Started process (PID=56) to work on /home/airflow/.local/lib/python3.8/site-packages/airflow/example_dags/example_dag_decorator.py
[2024-03-26T09:57:46.725+0000] {processor.py:830} INFO - Processing file /home/airflow/.local/lib/python3.8/site-packages/airflow/example_dags/example_dag_decorator.py for tasks to queue
[2024-03-26T09:57:46.727+0000] {logging_mixin.py:188} INFO - [2024-03-26T09:57:46.726+0000] {dagbag.py:538} INFO - Filling up the DagBag from /home/airflow/.local/lib/python3.8/site-packages/airflow/example_dags/example_dag_decorator.py
[2024-03-26T09:57:46.953+0000] {processor.py:840} INFO - DAG(s) 'example_dag_decorator' retrieved from /home/airflow/.local/lib/python3.8/site-packages/airflow/example_dags/example_dag_decorator.py
[2024-03-26T09:57:46.966+0000] {logging_mixin.py:188} INFO - [2024-03-26T09:57:46.966+0000] {dag.py:3036} INFO - Sync 1 DAGs
[2024-03-26T09:57:46.980+0000] {logging_mixin.py:188} INFO - [2024-03-26T09:57:46.980+0000] {dag.py:3823} INFO - Setting next_dagrun for example_dag_decorator to None, run_after=None
[2024-03-26T09:57:47.004+0000] {processor.py:183} INFO - Processing /home/airflow/.local/lib/python3.8/site-packages/airflow/example_dags/example_dag_decorator.py took 0.285 seconds
[2024-03-26T09:58:17.166+0000] {processor.py:161} INFO - Started process (PID=112) to work on /home/airflow/.local/lib/python3.8/site-packages/airflow/example_dags/example_dag_decorator.py
[2024-03-26T09:58:17.167+0000] {processor.py:830} INFO - Processing file /home/airflow/.local/lib/python3.8/site-packages/airflow/example_dags/example_dag_decorator.py for tasks to queue
[2024-03-26T09:58:17.169+0000] {logging_mixin.py:188} INFO - [2024-03-26T09:58:17.168+0000] {dagbag.py:538} INFO - Filling up the DagBag from /home/airflow/.local/lib/python3.8/site-packages/airflow/example_dags/example_dag_decorator.py
[2024-03-26T09:58:17.264+0000] {processor.py:840} INFO - DAG(s) 'example_dag_decorator' retrieved from /home/airflow/.local/lib/python3.8/site-packages/airflow/example_dags/example_dag_decorator.py
[2024-03-26T09:58:17.369+0000] {logging_mixin.py:188} INFO - [2024-03-26T09:58:17.369+0000] {dag.py:3036} INFO - Sync 1 DAGs
[2024-03-26T09:58:17.380+0000] {logging_mixin.py:188} INFO - [2024-03-26T09:58:17.380+0000] {dag.py:3823} INFO - Setting next_dagrun for example_dag_decorator to None, run_after=None
[2024-03-26T09:58:17.397+0000] {processor.py:183} INFO - Processing /home/airflow/.local/lib/python3.8/site-packages/airflow/example_dags/example_dag_decorator.py took 0.234 seconds
[2024-03-26T09:58:48.294+0000] {processor.py:161} INFO - Started process (PID=170) to work on /home/airflow/.local/lib/python3.8/site-packages/airflow/example_dags/example_dag_decorator.py
[2024-03-26T09:58:48.295+0000] {processor.py:830} INFO - Processing file /home/airflow/.local/lib/python3.8/site-packages/airflow/example_dags/example_dag_decorator.py for tasks to queue
[2024-03-26T09:58:48.297+0000] {logging_mixin.py:188} INFO - [2024-03-26T09:58:48.297+0000] {dagbag.py:538} INFO - Filling up the DagBag from /home/airflow/.local/lib/python3.8/site-packages/airflow/example_dags/example_dag_decorator.py
[2024-03-26T09:58:48.384+0000] {processor.py:840} INFO - DAG(s) 'example_dag_decorator' retrieved from /home/airflow/.local/lib/python3.8/site-packages/airflow/example_dags/example_dag_decorator.py
[2024-03-26T09:58:48.483+0000] {logging_mixin.py:188} INFO - [2024-03-26T09:58:48.483+0000] {dag.py:3036} INFO - Sync 1 DAGs
[2024-03-26T09:58:48.494+0000] {logging_mixin.py:188} INFO - [2024-03-26T09:58:48.494+0000] {dag.py:3823} INFO - Setting next_dagrun for example_dag_decorator to None, run_after=None
[2024-03-26T09:58:48.515+0000] {processor.py:183} INFO - Processing /home/airflow/.local/lib/python3.8/site-packages/airflow/example_dags/example_dag_decorator.py took 0.223 seconds
[2024-03-26T10:11:02.910+0000] {processor.py:161} INFO - Started process (PID=55) to work on /home/airflow/.local/lib/python3.8/site-packages/airflow/example_dags/example_dag_decorator.py
[2024-03-26T10:11:02.911+0000] {processor.py:830} INFO - Processing file /home/airflow/.local/lib/python3.8/site-packages/airflow/example_dags/example_dag_decorator.py for tasks to queue
[2024-03-26T10:11:02.912+0000] {logging_mixin.py:188} INFO - [2024-03-26T10:11:02.912+0000] {dagbag.py:538} INFO - Filling up the DagBag from /home/airflow/.local/lib/python3.8/site-packages/airflow/example_dags/example_dag_decorator.py
[2024-03-26T10:11:03.132+0000] {processor.py:840} INFO - DAG(s) 'example_dag_decorator' retrieved from /home/airflow/.local/lib/python3.8/site-packages/airflow/example_dags/example_dag_decorator.py
[2024-03-26T10:11:03.143+0000] {logging_mixin.py:188} INFO - [2024-03-26T10:11:03.143+0000] {dag.py:3036} INFO - Sync 1 DAGs
[2024-03-26T10:11:03.156+0000] {logging_mixin.py:188} INFO - [2024-03-26T10:11:03.156+0000] {dag.py:3823} INFO - Setting next_dagrun for example_dag_decorator to None, run_after=None
[2024-03-26T10:11:03.179+0000] {processor.py:183} INFO - Processing /home/airflow/.local/lib/python3.8/site-packages/airflow/example_dags/example_dag_decorator.py took 0.272 seconds
[2024-03-26T10:11:34.510+0000] {processor.py:161} INFO - Started process (PID=113) to work on /home/airflow/.local/lib/python3.8/site-packages/airflow/example_dags/example_dag_decorator.py
[2024-03-26T10:11:34.511+0000] {processor.py:830} INFO - Processing file /home/airflow/.local/lib/python3.8/site-packages/airflow/example_dags/example_dag_decorator.py for tasks to queue
[2024-03-26T10:11:34.512+0000] {logging_mixin.py:188} INFO - [2024-03-26T10:11:34.512+0000] {dagbag.py:538} INFO - Filling up the DagBag from /home/airflow/.local/lib/python3.8/site-packages/airflow/example_dags/example_dag_decorator.py
[2024-03-26T10:11:34.592+0000] {processor.py:840} INFO - DAG(s) 'example_dag_decorator' retrieved from /home/airflow/.local/lib/python3.8/site-packages/airflow/example_dags/example_dag_decorator.py
[2024-03-26T10:11:34.678+0000] {logging_mixin.py:188} INFO - [2024-03-26T10:11:34.678+0000] {dag.py:3036} INFO - Sync 1 DAGs
[2024-03-26T10:11:34.687+0000] {logging_mixin.py:188} INFO - [2024-03-26T10:11:34.687+0000] {dag.py:3823} INFO - Setting next_dagrun for example_dag_decorator to None, run_after=None
[2024-03-26T10:11:34.706+0000] {processor.py:183} INFO - Processing /home/airflow/.local/lib/python3.8/site-packages/airflow/example_dags/example_dag_decorator.py took 0.199 seconds
[2024-03-26T10:12:49.116+0000] {processor.py:161} INFO - Started process (PID=56) to work on /home/airflow/.local/lib/python3.8/site-packages/airflow/example_dags/example_dag_decorator.py
[2024-03-26T10:12:49.117+0000] {processor.py:830} INFO - Processing file /home/airflow/.local/lib/python3.8/site-packages/airflow/example_dags/example_dag_decorator.py for tasks to queue
[2024-03-26T10:12:49.119+0000] {logging_mixin.py:188} INFO - [2024-03-26T10:12:49.119+0000] {dagbag.py:538} INFO - Filling up the DagBag from /home/airflow/.local/lib/python3.8/site-packages/airflow/example_dags/example_dag_decorator.py
[2024-03-26T10:12:49.209+0000] {processor.py:840} INFO - DAG(s) 'example_dag_decorator' retrieved from /home/airflow/.local/lib/python3.8/site-packages/airflow/example_dags/example_dag_decorator.py
[2024-03-26T10:12:49.222+0000] {logging_mixin.py:188} INFO - [2024-03-26T10:12:49.221+0000] {dag.py:3036} INFO - Sync 1 DAGs
[2024-03-26T10:12:49.238+0000] {logging_mixin.py:188} INFO - [2024-03-26T10:12:49.238+0000] {dag.py:3823} INFO - Setting next_dagrun for example_dag_decorator to None, run_after=None
[2024-03-26T10:12:49.268+0000] {processor.py:183} INFO - Processing /home/airflow/.local/lib/python3.8/site-packages/airflow/example_dags/example_dag_decorator.py took 0.154 seconds
[2024-03-26T10:13:19.679+0000] {processor.py:161} INFO - Started process (PID=113) to work on /home/airflow/.local/lib/python3.8/site-packages/airflow/example_dags/example_dag_decorator.py
[2024-03-26T10:13:19.680+0000] {processor.py:830} INFO - Processing file /home/airflow/.local/lib/python3.8/site-packages/airflow/example_dags/example_dag_decorator.py for tasks to queue
[2024-03-26T10:13:19.681+0000] {logging_mixin.py:188} INFO - [2024-03-26T10:13:19.681+0000] {dagbag.py:538} INFO - Filling up the DagBag from /home/airflow/.local/lib/python3.8/site-packages/airflow/example_dags/example_dag_decorator.py
[2024-03-26T10:13:19.756+0000] {processor.py:840} INFO - DAG(s) 'example_dag_decorator' retrieved from /home/airflow/.local/lib/python3.8/site-packages/airflow/example_dags/example_dag_decorator.py
[2024-03-26T10:13:19.846+0000] {logging_mixin.py:188} INFO - [2024-03-26T10:13:19.845+0000] {dag.py:3036} INFO - Sync 1 DAGs
[2024-03-26T10:13:19.855+0000] {logging_mixin.py:188} INFO - [2024-03-26T10:13:19.855+0000] {dag.py:3823} INFO - Setting next_dagrun for example_dag_decorator to None, run_after=None
[2024-03-26T10:13:19.870+0000] {processor.py:183} INFO - Processing /home/airflow/.local/lib/python3.8/site-packages/airflow/example_dags/example_dag_decorator.py took 0.193 seconds
[2024-03-26T10:13:50.526+0000] {processor.py:161} INFO - Started process (PID=170) to work on /home/airflow/.local/lib/python3.8/site-packages/airflow/example_dags/example_dag_decorator.py
[2024-03-26T10:13:50.527+0000] {processor.py:830} INFO - Processing file /home/airflow/.local/lib/python3.8/site-packages/airflow/example_dags/example_dag_decorator.py for tasks to queue
[2024-03-26T10:13:50.529+0000] {logging_mixin.py:188} INFO - [2024-03-26T10:13:50.528+0000] {dagbag.py:538} INFO - Filling up the DagBag from /home/airflow/.local/lib/python3.8/site-packages/airflow/example_dags/example_dag_decorator.py
[2024-03-26T10:13:50.610+0000] {processor.py:840} INFO - DAG(s) 'example_dag_decorator' retrieved from /home/airflow/.local/lib/python3.8/site-packages/airflow/example_dags/example_dag_decorator.py
[2024-03-26T10:13:50.698+0000] {logging_mixin.py:188} INFO - [2024-03-26T10:13:50.698+0000] {dag.py:3036} INFO - Sync 1 DAGs
[2024-03-26T10:13:50.708+0000] {logging_mixin.py:188} INFO - [2024-03-26T10:13:50.708+0000] {dag.py:3823} INFO - Setting next_dagrun for example_dag_decorator to None, run_after=None
[2024-03-26T10:13:50.725+0000] {processor.py:183} INFO - Processing /home/airflow/.local/lib/python3.8/site-packages/airflow/example_dags/example_dag_decorator.py took 0.201 seconds
[2024-03-26T10:14:20.962+0000] {processor.py:161} INFO - Started process (PID=228) to work on /home/airflow/.local/lib/python3.8/site-packages/airflow/example_dags/example_dag_decorator.py
[2024-03-26T10:14:20.963+0000] {processor.py:830} INFO - Processing file /home/airflow/.local/lib/python3.8/site-packages/airflow/example_dags/example_dag_decorator.py for tasks to queue
[2024-03-26T10:14:20.964+0000] {logging_mixin.py:188} INFO - [2024-03-26T10:14:20.964+0000] {dagbag.py:538} INFO - Filling up the DagBag from /home/airflow/.local/lib/python3.8/site-packages/airflow/example_dags/example_dag_decorator.py
[2024-03-26T10:14:21.044+0000] {processor.py:840} INFO - DAG(s) 'example_dag_decorator' retrieved from /home/airflow/.local/lib/python3.8/site-packages/airflow/example_dags/example_dag_decorator.py
[2024-03-26T10:14:21.130+0000] {logging_mixin.py:188} INFO - [2024-03-26T10:14:21.130+0000] {dag.py:3036} INFO - Sync 1 DAGs
[2024-03-26T10:14:21.140+0000] {logging_mixin.py:188} INFO - [2024-03-26T10:14:21.140+0000] {dag.py:3823} INFO - Setting next_dagrun for example_dag_decorator to None, run_after=None
[2024-03-26T10:14:21.155+0000] {processor.py:183} INFO - Processing /home/airflow/.local/lib/python3.8/site-packages/airflow/example_dags/example_dag_decorator.py took 0.196 seconds
[2024-03-26T10:15:15.160+0000] {processor.py:161} INFO - Started process (PID=56) to work on /home/airflow/.local/lib/python3.8/site-packages/airflow/example_dags/example_dag_decorator.py
[2024-03-26T10:15:15.161+0000] {processor.py:830} INFO - Processing file /home/airflow/.local/lib/python3.8/site-packages/airflow/example_dags/example_dag_decorator.py for tasks to queue
[2024-03-26T10:15:15.163+0000] {logging_mixin.py:188} INFO - [2024-03-26T10:15:15.162+0000] {dagbag.py:538} INFO - Filling up the DagBag from /home/airflow/.local/lib/python3.8/site-packages/airflow/example_dags/example_dag_decorator.py
[2024-03-26T10:15:15.287+0000] {processor.py:840} INFO - DAG(s) 'example_dag_decorator' retrieved from /home/airflow/.local/lib/python3.8/site-packages/airflow/example_dags/example_dag_decorator.py
[2024-03-26T10:15:15.299+0000] {logging_mixin.py:188} INFO - [2024-03-26T10:15:15.298+0000] {dag.py:3036} INFO - Sync 1 DAGs
[2024-03-26T10:15:15.313+0000] {logging_mixin.py:188} INFO - [2024-03-26T10:15:15.313+0000] {dag.py:3823} INFO - Setting next_dagrun for example_dag_decorator to None, run_after=None
[2024-03-26T10:15:15.336+0000] {processor.py:183} INFO - Processing /home/airflow/.local/lib/python3.8/site-packages/airflow/example_dags/example_dag_decorator.py took 0.179 seconds
[2024-03-26T10:15:45.894+0000] {processor.py:161} INFO - Started process (PID=113) to work on /home/airflow/.local/lib/python3.8/site-packages/airflow/example_dags/example_dag_decorator.py
[2024-03-26T10:15:45.895+0000] {processor.py:830} INFO - Processing file /home/airflow/.local/lib/python3.8/site-packages/airflow/example_dags/example_dag_decorator.py for tasks to queue
[2024-03-26T10:15:45.898+0000] {logging_mixin.py:188} INFO - [2024-03-26T10:15:45.897+0000] {dagbag.py:538} INFO - Filling up the DagBag from /home/airflow/.local/lib/python3.8/site-packages/airflow/example_dags/example_dag_decorator.py
[2024-03-26T10:15:45.994+0000] {processor.py:840} INFO - DAG(s) 'example_dag_decorator' retrieved from /home/airflow/.local/lib/python3.8/site-packages/airflow/example_dags/example_dag_decorator.py
[2024-03-26T10:15:46.090+0000] {logging_mixin.py:188} INFO - [2024-03-26T10:15:46.090+0000] {dag.py:3036} INFO - Sync 1 DAGs
[2024-03-26T10:15:46.101+0000] {logging_mixin.py:188} INFO - [2024-03-26T10:15:46.100+0000] {dag.py:3823} INFO - Setting next_dagrun for example_dag_decorator to None, run_after=None
[2024-03-26T10:15:46.123+0000] {processor.py:183} INFO - Processing /home/airflow/.local/lib/python3.8/site-packages/airflow/example_dags/example_dag_decorator.py took 0.232 seconds
[2024-03-26T10:17:22.190+0000] {processor.py:161} INFO - Started process (PID=56) to work on /home/airflow/.local/lib/python3.8/site-packages/airflow/example_dags/example_dag_decorator.py
[2024-03-26T10:17:22.191+0000] {processor.py:830} INFO - Processing file /home/airflow/.local/lib/python3.8/site-packages/airflow/example_dags/example_dag_decorator.py for tasks to queue
[2024-03-26T10:17:22.193+0000] {logging_mixin.py:188} INFO - [2024-03-26T10:17:22.193+0000] {dagbag.py:538} INFO - Filling up the DagBag from /home/airflow/.local/lib/python3.8/site-packages/airflow/example_dags/example_dag_decorator.py
[2024-03-26T10:17:22.427+0000] {processor.py:840} INFO - DAG(s) 'example_dag_decorator' retrieved from /home/airflow/.local/lib/python3.8/site-packages/airflow/example_dags/example_dag_decorator.py
[2024-03-26T10:17:22.440+0000] {logging_mixin.py:188} INFO - [2024-03-26T10:17:22.439+0000] {dag.py:3036} INFO - Sync 1 DAGs
[2024-03-26T10:17:22.454+0000] {logging_mixin.py:188} INFO - [2024-03-26T10:17:22.454+0000] {dag.py:3823} INFO - Setting next_dagrun for example_dag_decorator to None, run_after=None
[2024-03-26T10:17:22.483+0000] {processor.py:183} INFO - Processing /home/airflow/.local/lib/python3.8/site-packages/airflow/example_dags/example_dag_decorator.py took 0.299 seconds
[2024-03-26T10:17:52.838+0000] {processor.py:161} INFO - Started process (PID=112) to work on /home/airflow/.local/lib/python3.8/site-packages/airflow/example_dags/example_dag_decorator.py
[2024-03-26T10:17:52.839+0000] {processor.py:830} INFO - Processing file /home/airflow/.local/lib/python3.8/site-packages/airflow/example_dags/example_dag_decorator.py for tasks to queue
[2024-03-26T10:17:52.840+0000] {logging_mixin.py:188} INFO - [2024-03-26T10:17:52.840+0000] {dagbag.py:538} INFO - Filling up the DagBag from /home/airflow/.local/lib/python3.8/site-packages/airflow/example_dags/example_dag_decorator.py
[2024-03-26T10:17:52.930+0000] {processor.py:840} INFO - DAG(s) 'example_dag_decorator' retrieved from /home/airflow/.local/lib/python3.8/site-packages/airflow/example_dags/example_dag_decorator.py
[2024-03-26T10:17:53.077+0000] {logging_mixin.py:188} INFO - [2024-03-26T10:17:53.076+0000] {dag.py:3036} INFO - Sync 1 DAGs
[2024-03-26T10:17:53.094+0000] {logging_mixin.py:188} INFO - [2024-03-26T10:17:53.094+0000] {dag.py:3823} INFO - Setting next_dagrun for example_dag_decorator to None, run_after=None
[2024-03-26T10:17:53.150+0000] {processor.py:183} INFO - Processing /home/airflow/.local/lib/python3.8/site-packages/airflow/example_dags/example_dag_decorator.py took 0.315 seconds
