[2024-03-26T08:41:05.897+0000] {processor.py:161} INFO - Started process (PID=46) to work on /home/airflow/.local/lib/python3.8/site-packages/airflow/example_dags/example_branch_operator.py
[2024-03-26T08:41:05.898+0000] {processor.py:830} INFO - Processing file /home/airflow/.local/lib/python3.8/site-packages/airflow/example_dags/example_branch_operator.py for tasks to queue
[2024-03-26T08:41:05.900+0000] {logging_mixin.py:188} INFO - [2024-03-26T08:41:05.899+0000] {dagbag.py:538} INFO - Filling up the DagBag from /home/airflow/.local/lib/python3.8/site-packages/airflow/example_dags/example_branch_operator.py
[2024-03-26T08:41:05.921+0000] {processor.py:840} INFO - DAG(s) 'example_branch_operator' retrieved from /home/airflow/.local/lib/python3.8/site-packages/airflow/example_dags/example_branch_operator.py
[2024-03-26T08:41:05.931+0000] {logging_mixin.py:188} INFO - [2024-03-26T08:41:05.931+0000] {dag.py:3036} INFO - Sync 1 DAGs
[2024-03-26T08:41:05.953+0000] {logging_mixin.py:188} INFO - [2024-03-26T08:41:05.953+0000] {dag.py:3823} INFO - Setting next_dagrun for example_branch_operator to 2024-03-25 00:00:00+00:00, run_after=2024-03-26 00:00:00+00:00
[2024-03-26T08:41:05.972+0000] {processor.py:183} INFO - Processing /home/airflow/.local/lib/python3.8/site-packages/airflow/example_dags/example_branch_operator.py took 0.077 seconds
[2024-03-26T08:41:36.979+0000] {processor.py:161} INFO - Started process (PID=102) to work on /home/airflow/.local/lib/python3.8/site-packages/airflow/example_dags/example_branch_operator.py
[2024-03-26T08:41:36.980+0000] {processor.py:830} INFO - Processing file /home/airflow/.local/lib/python3.8/site-packages/airflow/example_dags/example_branch_operator.py for tasks to queue
[2024-03-26T08:41:36.981+0000] {logging_mixin.py:188} INFO - [2024-03-26T08:41:36.981+0000] {dagbag.py:538} INFO - Filling up the DagBag from /home/airflow/.local/lib/python3.8/site-packages/airflow/example_dags/example_branch_operator.py
[2024-03-26T08:41:36.996+0000] {processor.py:840} INFO - DAG(s) 'example_branch_operator' retrieved from /home/airflow/.local/lib/python3.8/site-packages/airflow/example_dags/example_branch_operator.py
[2024-03-26T08:41:37.081+0000] {logging_mixin.py:188} INFO - [2024-03-26T08:41:37.081+0000] {dag.py:3036} INFO - Sync 1 DAGs
[2024-03-26T08:41:37.098+0000] {logging_mixin.py:188} INFO - [2024-03-26T08:41:37.098+0000] {dag.py:3823} INFO - Setting next_dagrun for example_branch_operator to 2024-03-25 00:00:00+00:00, run_after=2024-03-26 00:00:00+00:00
[2024-03-26T08:41:37.116+0000] {processor.py:183} INFO - Processing /home/airflow/.local/lib/python3.8/site-packages/airflow/example_dags/example_branch_operator.py took 0.139 seconds
[2024-03-26T08:43:46.170+0000] {processor.py:161} INFO - Started process (PID=46) to work on /home/airflow/.local/lib/python3.8/site-packages/airflow/example_dags/example_branch_operator.py
[2024-03-26T08:43:46.171+0000] {processor.py:830} INFO - Processing file /home/airflow/.local/lib/python3.8/site-packages/airflow/example_dags/example_branch_operator.py for tasks to queue
[2024-03-26T08:43:46.173+0000] {logging_mixin.py:188} INFO - [2024-03-26T08:43:46.172+0000] {dagbag.py:538} INFO - Filling up the DagBag from /home/airflow/.local/lib/python3.8/site-packages/airflow/example_dags/example_branch_operator.py
[2024-03-26T08:43:46.195+0000] {processor.py:840} INFO - DAG(s) 'example_branch_operator' retrieved from /home/airflow/.local/lib/python3.8/site-packages/airflow/example_dags/example_branch_operator.py
[2024-03-26T08:43:46.205+0000] {logging_mixin.py:188} INFO - [2024-03-26T08:43:46.204+0000] {dag.py:3036} INFO - Sync 1 DAGs
[2024-03-26T08:43:46.231+0000] {logging_mixin.py:188} INFO - [2024-03-26T08:43:46.230+0000] {dag.py:3823} INFO - Setting next_dagrun for example_branch_operator to 2024-03-25 00:00:00+00:00, run_after=2024-03-26 00:00:00+00:00
[2024-03-26T08:43:46.251+0000] {processor.py:183} INFO - Processing /home/airflow/.local/lib/python3.8/site-packages/airflow/example_dags/example_branch_operator.py took 0.084 seconds
[2024-03-26T08:44:17.161+0000] {processor.py:161} INFO - Started process (PID=102) to work on /home/airflow/.local/lib/python3.8/site-packages/airflow/example_dags/example_branch_operator.py
[2024-03-26T08:44:17.162+0000] {processor.py:830} INFO - Processing file /home/airflow/.local/lib/python3.8/site-packages/airflow/example_dags/example_branch_operator.py for tasks to queue
[2024-03-26T08:44:17.163+0000] {logging_mixin.py:188} INFO - [2024-03-26T08:44:17.163+0000] {dagbag.py:538} INFO - Filling up the DagBag from /home/airflow/.local/lib/python3.8/site-packages/airflow/example_dags/example_branch_operator.py
[2024-03-26T08:44:17.177+0000] {processor.py:840} INFO - DAG(s) 'example_branch_operator' retrieved from /home/airflow/.local/lib/python3.8/site-packages/airflow/example_dags/example_branch_operator.py
[2024-03-26T08:44:17.261+0000] {logging_mixin.py:188} INFO - [2024-03-26T08:44:17.261+0000] {dag.py:3036} INFO - Sync 1 DAGs
[2024-03-26T08:44:17.279+0000] {logging_mixin.py:188} INFO - [2024-03-26T08:44:17.279+0000] {dag.py:3823} INFO - Setting next_dagrun for example_branch_operator to 2024-03-25 00:00:00+00:00, run_after=2024-03-26 00:00:00+00:00
[2024-03-26T08:44:17.295+0000] {processor.py:183} INFO - Processing /home/airflow/.local/lib/python3.8/site-packages/airflow/example_dags/example_branch_operator.py took 0.136 seconds
[2024-03-26T08:44:47.323+0000] {processor.py:161} INFO - Started process (PID=158) to work on /home/airflow/.local/lib/python3.8/site-packages/airflow/example_dags/example_branch_operator.py
[2024-03-26T08:44:47.324+0000] {processor.py:830} INFO - Processing file /home/airflow/.local/lib/python3.8/site-packages/airflow/example_dags/example_branch_operator.py for tasks to queue
[2024-03-26T08:44:47.325+0000] {logging_mixin.py:188} INFO - [2024-03-26T08:44:47.325+0000] {dagbag.py:538} INFO - Filling up the DagBag from /home/airflow/.local/lib/python3.8/site-packages/airflow/example_dags/example_branch_operator.py
[2024-03-26T08:44:47.338+0000] {processor.py:840} INFO - DAG(s) 'example_branch_operator' retrieved from /home/airflow/.local/lib/python3.8/site-packages/airflow/example_dags/example_branch_operator.py
[2024-03-26T08:44:47.360+0000] {logging_mixin.py:188} INFO - [2024-03-26T08:44:47.359+0000] {dag.py:3036} INFO - Sync 1 DAGs
[2024-03-26T08:44:47.380+0000] {logging_mixin.py:188} INFO - [2024-03-26T08:44:47.380+0000] {dag.py:3823} INFO - Setting next_dagrun for example_branch_operator to 2024-03-25 00:00:00+00:00, run_after=2024-03-26 00:00:00+00:00
[2024-03-26T08:44:47.396+0000] {processor.py:183} INFO - Processing /home/airflow/.local/lib/python3.8/site-packages/airflow/example_dags/example_branch_operator.py took 0.075 seconds
[2024-03-26T08:45:17.644+0000] {processor.py:161} INFO - Started process (PID=214) to work on /home/airflow/.local/lib/python3.8/site-packages/airflow/example_dags/example_branch_operator.py
[2024-03-26T08:45:17.645+0000] {processor.py:830} INFO - Processing file /home/airflow/.local/lib/python3.8/site-packages/airflow/example_dags/example_branch_operator.py for tasks to queue
[2024-03-26T08:45:17.647+0000] {logging_mixin.py:188} INFO - [2024-03-26T08:45:17.647+0000] {dagbag.py:538} INFO - Filling up the DagBag from /home/airflow/.local/lib/python3.8/site-packages/airflow/example_dags/example_branch_operator.py
[2024-03-26T08:45:17.660+0000] {processor.py:840} INFO - DAG(s) 'example_branch_operator' retrieved from /home/airflow/.local/lib/python3.8/site-packages/airflow/example_dags/example_branch_operator.py
[2024-03-26T08:45:17.681+0000] {logging_mixin.py:188} INFO - [2024-03-26T08:45:17.681+0000] {dag.py:3036} INFO - Sync 1 DAGs
[2024-03-26T08:45:17.700+0000] {logging_mixin.py:188} INFO - [2024-03-26T08:45:17.700+0000] {dag.py:3823} INFO - Setting next_dagrun for example_branch_operator to 2024-03-25 00:00:00+00:00, run_after=2024-03-26 00:00:00+00:00
[2024-03-26T08:45:17.715+0000] {processor.py:183} INFO - Processing /home/airflow/.local/lib/python3.8/site-packages/airflow/example_dags/example_branch_operator.py took 0.072 seconds
[2024-03-26T08:45:47.917+0000] {processor.py:161} INFO - Started process (PID=270) to work on /home/airflow/.local/lib/python3.8/site-packages/airflow/example_dags/example_branch_operator.py
[2024-03-26T08:45:47.918+0000] {processor.py:830} INFO - Processing file /home/airflow/.local/lib/python3.8/site-packages/airflow/example_dags/example_branch_operator.py for tasks to queue
[2024-03-26T08:45:47.919+0000] {logging_mixin.py:188} INFO - [2024-03-26T08:45:47.919+0000] {dagbag.py:538} INFO - Filling up the DagBag from /home/airflow/.local/lib/python3.8/site-packages/airflow/example_dags/example_branch_operator.py
[2024-03-26T08:45:47.932+0000] {processor.py:840} INFO - DAG(s) 'example_branch_operator' retrieved from /home/airflow/.local/lib/python3.8/site-packages/airflow/example_dags/example_branch_operator.py
[2024-03-26T08:45:47.953+0000] {logging_mixin.py:188} INFO - [2024-03-26T08:45:47.953+0000] {dag.py:3036} INFO - Sync 1 DAGs
[2024-03-26T08:45:47.973+0000] {logging_mixin.py:188} INFO - [2024-03-26T08:45:47.972+0000] {dag.py:3823} INFO - Setting next_dagrun for example_branch_operator to 2024-03-25 00:00:00+00:00, run_after=2024-03-26 00:00:00+00:00
[2024-03-26T08:45:47.988+0000] {processor.py:183} INFO - Processing /home/airflow/.local/lib/python3.8/site-packages/airflow/example_dags/example_branch_operator.py took 0.074 seconds
[2024-03-26T08:46:18.089+0000] {processor.py:161} INFO - Started process (PID=326) to work on /home/airflow/.local/lib/python3.8/site-packages/airflow/example_dags/example_branch_operator.py
[2024-03-26T08:46:18.090+0000] {processor.py:830} INFO - Processing file /home/airflow/.local/lib/python3.8/site-packages/airflow/example_dags/example_branch_operator.py for tasks to queue
[2024-03-26T08:46:18.091+0000] {logging_mixin.py:188} INFO - [2024-03-26T08:46:18.091+0000] {dagbag.py:538} INFO - Filling up the DagBag from /home/airflow/.local/lib/python3.8/site-packages/airflow/example_dags/example_branch_operator.py
[2024-03-26T08:46:18.105+0000] {processor.py:840} INFO - DAG(s) 'example_branch_operator' retrieved from /home/airflow/.local/lib/python3.8/site-packages/airflow/example_dags/example_branch_operator.py
[2024-03-26T08:46:18.126+0000] {logging_mixin.py:188} INFO - [2024-03-26T08:46:18.126+0000] {dag.py:3036} INFO - Sync 1 DAGs
[2024-03-26T08:46:18.146+0000] {logging_mixin.py:188} INFO - [2024-03-26T08:46:18.146+0000] {dag.py:3823} INFO - Setting next_dagrun for example_branch_operator to 2024-03-25 00:00:00+00:00, run_after=2024-03-26 00:00:00+00:00
[2024-03-26T08:46:18.161+0000] {processor.py:183} INFO - Processing /home/airflow/.local/lib/python3.8/site-packages/airflow/example_dags/example_branch_operator.py took 0.075 seconds
[2024-03-26T08:46:48.287+0000] {processor.py:161} INFO - Started process (PID=382) to work on /home/airflow/.local/lib/python3.8/site-packages/airflow/example_dags/example_branch_operator.py
[2024-03-26T08:46:48.288+0000] {processor.py:830} INFO - Processing file /home/airflow/.local/lib/python3.8/site-packages/airflow/example_dags/example_branch_operator.py for tasks to queue
[2024-03-26T08:46:48.289+0000] {logging_mixin.py:188} INFO - [2024-03-26T08:46:48.289+0000] {dagbag.py:538} INFO - Filling up the DagBag from /home/airflow/.local/lib/python3.8/site-packages/airflow/example_dags/example_branch_operator.py
[2024-03-26T08:46:48.303+0000] {processor.py:840} INFO - DAG(s) 'example_branch_operator' retrieved from /home/airflow/.local/lib/python3.8/site-packages/airflow/example_dags/example_branch_operator.py
[2024-03-26T08:46:48.324+0000] {logging_mixin.py:188} INFO - [2024-03-26T08:46:48.323+0000] {dag.py:3036} INFO - Sync 1 DAGs
[2024-03-26T08:46:48.346+0000] {logging_mixin.py:188} INFO - [2024-03-26T08:46:48.346+0000] {dag.py:3823} INFO - Setting next_dagrun for example_branch_operator to 2024-03-25 00:00:00+00:00, run_after=2024-03-26 00:00:00+00:00
[2024-03-26T08:46:48.362+0000] {processor.py:183} INFO - Processing /home/airflow/.local/lib/python3.8/site-packages/airflow/example_dags/example_branch_operator.py took 0.078 seconds
[2024-03-26T08:47:18.640+0000] {processor.py:161} INFO - Started process (PID=438) to work on /home/airflow/.local/lib/python3.8/site-packages/airflow/example_dags/example_branch_operator.py
[2024-03-26T08:47:18.641+0000] {processor.py:830} INFO - Processing file /home/airflow/.local/lib/python3.8/site-packages/airflow/example_dags/example_branch_operator.py for tasks to queue
[2024-03-26T08:47:18.642+0000] {logging_mixin.py:188} INFO - [2024-03-26T08:47:18.642+0000] {dagbag.py:538} INFO - Filling up the DagBag from /home/airflow/.local/lib/python3.8/site-packages/airflow/example_dags/example_branch_operator.py
[2024-03-26T08:47:18.656+0000] {processor.py:840} INFO - DAG(s) 'example_branch_operator' retrieved from /home/airflow/.local/lib/python3.8/site-packages/airflow/example_dags/example_branch_operator.py
[2024-03-26T08:47:18.677+0000] {logging_mixin.py:188} INFO - [2024-03-26T08:47:18.677+0000] {dag.py:3036} INFO - Sync 1 DAGs
[2024-03-26T08:47:18.696+0000] {logging_mixin.py:188} INFO - [2024-03-26T08:47:18.695+0000] {dag.py:3823} INFO - Setting next_dagrun for example_branch_operator to 2024-03-25 00:00:00+00:00, run_after=2024-03-26 00:00:00+00:00
[2024-03-26T08:47:18.711+0000] {processor.py:183} INFO - Processing /home/airflow/.local/lib/python3.8/site-packages/airflow/example_dags/example_branch_operator.py took 0.073 seconds
[2024-03-26T08:47:48.764+0000] {processor.py:161} INFO - Started process (PID=494) to work on /home/airflow/.local/lib/python3.8/site-packages/airflow/example_dags/example_branch_operator.py
[2024-03-26T08:47:48.765+0000] {processor.py:830} INFO - Processing file /home/airflow/.local/lib/python3.8/site-packages/airflow/example_dags/example_branch_operator.py for tasks to queue
[2024-03-26T08:47:48.767+0000] {logging_mixin.py:188} INFO - [2024-03-26T08:47:48.766+0000] {dagbag.py:538} INFO - Filling up the DagBag from /home/airflow/.local/lib/python3.8/site-packages/airflow/example_dags/example_branch_operator.py
[2024-03-26T08:47:48.780+0000] {processor.py:840} INFO - DAG(s) 'example_branch_operator' retrieved from /home/airflow/.local/lib/python3.8/site-packages/airflow/example_dags/example_branch_operator.py
[2024-03-26T08:47:48.801+0000] {logging_mixin.py:188} INFO - [2024-03-26T08:47:48.801+0000] {dag.py:3036} INFO - Sync 1 DAGs
[2024-03-26T08:47:48.821+0000] {logging_mixin.py:188} INFO - [2024-03-26T08:47:48.820+0000] {dag.py:3823} INFO - Setting next_dagrun for example_branch_operator to 2024-03-25 00:00:00+00:00, run_after=2024-03-26 00:00:00+00:00
[2024-03-26T08:47:48.835+0000] {processor.py:183} INFO - Processing /home/airflow/.local/lib/python3.8/site-packages/airflow/example_dags/example_branch_operator.py took 0.073 seconds
[2024-03-26T08:48:18.997+0000] {processor.py:161} INFO - Started process (PID=550) to work on /home/airflow/.local/lib/python3.8/site-packages/airflow/example_dags/example_branch_operator.py
[2024-03-26T08:48:18.998+0000] {processor.py:830} INFO - Processing file /home/airflow/.local/lib/python3.8/site-packages/airflow/example_dags/example_branch_operator.py for tasks to queue
[2024-03-26T08:48:18.999+0000] {logging_mixin.py:188} INFO - [2024-03-26T08:48:18.999+0000] {dagbag.py:538} INFO - Filling up the DagBag from /home/airflow/.local/lib/python3.8/site-packages/airflow/example_dags/example_branch_operator.py
[2024-03-26T08:48:19.013+0000] {processor.py:840} INFO - DAG(s) 'example_branch_operator' retrieved from /home/airflow/.local/lib/python3.8/site-packages/airflow/example_dags/example_branch_operator.py
[2024-03-26T08:48:19.035+0000] {logging_mixin.py:188} INFO - [2024-03-26T08:48:19.035+0000] {dag.py:3036} INFO - Sync 1 DAGs
[2024-03-26T08:48:19.054+0000] {logging_mixin.py:188} INFO - [2024-03-26T08:48:19.054+0000] {dag.py:3823} INFO - Setting next_dagrun for example_branch_operator to 2024-03-25 00:00:00+00:00, run_after=2024-03-26 00:00:00+00:00
[2024-03-26T08:48:19.069+0000] {processor.py:183} INFO - Processing /home/airflow/.local/lib/python3.8/site-packages/airflow/example_dags/example_branch_operator.py took 0.075 seconds
[2024-03-26T08:48:49.532+0000] {processor.py:161} INFO - Started process (PID=606) to work on /home/airflow/.local/lib/python3.8/site-packages/airflow/example_dags/example_branch_operator.py
[2024-03-26T08:48:49.533+0000] {processor.py:830} INFO - Processing file /home/airflow/.local/lib/python3.8/site-packages/airflow/example_dags/example_branch_operator.py for tasks to queue
[2024-03-26T08:48:49.535+0000] {logging_mixin.py:188} INFO - [2024-03-26T08:48:49.535+0000] {dagbag.py:538} INFO - Filling up the DagBag from /home/airflow/.local/lib/python3.8/site-packages/airflow/example_dags/example_branch_operator.py
[2024-03-26T08:48:49.550+0000] {processor.py:840} INFO - DAG(s) 'example_branch_operator' retrieved from /home/airflow/.local/lib/python3.8/site-packages/airflow/example_dags/example_branch_operator.py
[2024-03-26T08:48:49.572+0000] {logging_mixin.py:188} INFO - [2024-03-26T08:48:49.571+0000] {dag.py:3036} INFO - Sync 1 DAGs
[2024-03-26T08:48:49.591+0000] {logging_mixin.py:188} INFO - [2024-03-26T08:48:49.591+0000] {dag.py:3823} INFO - Setting next_dagrun for example_branch_operator to 2024-03-25 00:00:00+00:00, run_after=2024-03-26 00:00:00+00:00
[2024-03-26T08:48:49.606+0000] {processor.py:183} INFO - Processing /home/airflow/.local/lib/python3.8/site-packages/airflow/example_dags/example_branch_operator.py took 0.076 seconds
[2024-03-26T08:49:19.867+0000] {processor.py:161} INFO - Started process (PID=662) to work on /home/airflow/.local/lib/python3.8/site-packages/airflow/example_dags/example_branch_operator.py
[2024-03-26T08:49:19.868+0000] {processor.py:830} INFO - Processing file /home/airflow/.local/lib/python3.8/site-packages/airflow/example_dags/example_branch_operator.py for tasks to queue
[2024-03-26T08:49:19.869+0000] {logging_mixin.py:188} INFO - [2024-03-26T08:49:19.869+0000] {dagbag.py:538} INFO - Filling up the DagBag from /home/airflow/.local/lib/python3.8/site-packages/airflow/example_dags/example_branch_operator.py
[2024-03-26T08:49:19.884+0000] {processor.py:840} INFO - DAG(s) 'example_branch_operator' retrieved from /home/airflow/.local/lib/python3.8/site-packages/airflow/example_dags/example_branch_operator.py
[2024-03-26T08:49:19.905+0000] {logging_mixin.py:188} INFO - [2024-03-26T08:49:19.905+0000] {dag.py:3036} INFO - Sync 1 DAGs
[2024-03-26T08:49:19.926+0000] {logging_mixin.py:188} INFO - [2024-03-26T08:49:19.926+0000] {dag.py:3823} INFO - Setting next_dagrun for example_branch_operator to 2024-03-25 00:00:00+00:00, run_after=2024-03-26 00:00:00+00:00
[2024-03-26T08:49:19.941+0000] {processor.py:183} INFO - Processing /home/airflow/.local/lib/python3.8/site-packages/airflow/example_dags/example_branch_operator.py took 0.077 seconds
[2024-03-26T08:49:50.239+0000] {processor.py:161} INFO - Started process (PID=718) to work on /home/airflow/.local/lib/python3.8/site-packages/airflow/example_dags/example_branch_operator.py
[2024-03-26T08:49:50.240+0000] {processor.py:830} INFO - Processing file /home/airflow/.local/lib/python3.8/site-packages/airflow/example_dags/example_branch_operator.py for tasks to queue
[2024-03-26T08:49:50.241+0000] {logging_mixin.py:188} INFO - [2024-03-26T08:49:50.241+0000] {dagbag.py:538} INFO - Filling up the DagBag from /home/airflow/.local/lib/python3.8/site-packages/airflow/example_dags/example_branch_operator.py
[2024-03-26T08:49:50.255+0000] {processor.py:840} INFO - DAG(s) 'example_branch_operator' retrieved from /home/airflow/.local/lib/python3.8/site-packages/airflow/example_dags/example_branch_operator.py
[2024-03-26T08:49:50.276+0000] {logging_mixin.py:188} INFO - [2024-03-26T08:49:50.276+0000] {dag.py:3036} INFO - Sync 1 DAGs
[2024-03-26T08:49:50.295+0000] {logging_mixin.py:188} INFO - [2024-03-26T08:49:50.294+0000] {dag.py:3823} INFO - Setting next_dagrun for example_branch_operator to 2024-03-25 00:00:00+00:00, run_after=2024-03-26 00:00:00+00:00
[2024-03-26T08:49:50.311+0000] {processor.py:183} INFO - Processing /home/airflow/.local/lib/python3.8/site-packages/airflow/example_dags/example_branch_operator.py took 0.075 seconds
[2024-03-26T08:50:20.724+0000] {processor.py:161} INFO - Started process (PID=774) to work on /home/airflow/.local/lib/python3.8/site-packages/airflow/example_dags/example_branch_operator.py
[2024-03-26T08:50:20.725+0000] {processor.py:830} INFO - Processing file /home/airflow/.local/lib/python3.8/site-packages/airflow/example_dags/example_branch_operator.py for tasks to queue
[2024-03-26T08:50:20.727+0000] {logging_mixin.py:188} INFO - [2024-03-26T08:50:20.727+0000] {dagbag.py:538} INFO - Filling up the DagBag from /home/airflow/.local/lib/python3.8/site-packages/airflow/example_dags/example_branch_operator.py
[2024-03-26T08:50:20.744+0000] {processor.py:840} INFO - DAG(s) 'example_branch_operator' retrieved from /home/airflow/.local/lib/python3.8/site-packages/airflow/example_dags/example_branch_operator.py
[2024-03-26T08:50:20.771+0000] {logging_mixin.py:188} INFO - [2024-03-26T08:50:20.771+0000] {dag.py:3036} INFO - Sync 1 DAGs
[2024-03-26T08:50:20.795+0000] {logging_mixin.py:188} INFO - [2024-03-26T08:50:20.794+0000] {dag.py:3823} INFO - Setting next_dagrun for example_branch_operator to 2024-03-25 00:00:00+00:00, run_after=2024-03-26 00:00:00+00:00
[2024-03-26T08:50:20.816+0000] {processor.py:183} INFO - Processing /home/airflow/.local/lib/python3.8/site-packages/airflow/example_dags/example_branch_operator.py took 0.095 seconds
[2024-03-26T08:53:11.996+0000] {processor.py:161} INFO - Started process (PID=46) to work on /home/airflow/.local/lib/python3.8/site-packages/airflow/example_dags/example_branch_operator.py
[2024-03-26T08:53:11.997+0000] {processor.py:830} INFO - Processing file /home/airflow/.local/lib/python3.8/site-packages/airflow/example_dags/example_branch_operator.py for tasks to queue
[2024-03-26T08:53:11.998+0000] {logging_mixin.py:188} INFO - [2024-03-26T08:53:11.998+0000] {dagbag.py:538} INFO - Filling up the DagBag from /home/airflow/.local/lib/python3.8/site-packages/airflow/example_dags/example_branch_operator.py
[2024-03-26T08:53:12.017+0000] {processor.py:840} INFO - DAG(s) 'example_branch_operator' retrieved from /home/airflow/.local/lib/python3.8/site-packages/airflow/example_dags/example_branch_operator.py
[2024-03-26T08:53:12.026+0000] {logging_mixin.py:188} INFO - [2024-03-26T08:53:12.026+0000] {dag.py:3036} INFO - Sync 1 DAGs
[2024-03-26T08:53:12.047+0000] {logging_mixin.py:188} INFO - [2024-03-26T08:53:12.047+0000] {dag.py:3823} INFO - Setting next_dagrun for example_branch_operator to 2024-03-25 00:00:00+00:00, run_after=2024-03-26 00:00:00+00:00
[2024-03-26T08:53:12.065+0000] {processor.py:183} INFO - Processing /home/airflow/.local/lib/python3.8/site-packages/airflow/example_dags/example_branch_operator.py took 0.071 seconds
[2024-03-26T08:53:42.931+0000] {processor.py:161} INFO - Started process (PID=102) to work on /home/airflow/.local/lib/python3.8/site-packages/airflow/example_dags/example_branch_operator.py
[2024-03-26T08:53:42.932+0000] {processor.py:830} INFO - Processing file /home/airflow/.local/lib/python3.8/site-packages/airflow/example_dags/example_branch_operator.py for tasks to queue
[2024-03-26T08:53:42.935+0000] {logging_mixin.py:188} INFO - [2024-03-26T08:53:42.934+0000] {dagbag.py:538} INFO - Filling up the DagBag from /home/airflow/.local/lib/python3.8/site-packages/airflow/example_dags/example_branch_operator.py
[2024-03-26T08:53:42.954+0000] {processor.py:840} INFO - DAG(s) 'example_branch_operator' retrieved from /home/airflow/.local/lib/python3.8/site-packages/airflow/example_dags/example_branch_operator.py
[2024-03-26T08:53:43.053+0000] {logging_mixin.py:188} INFO - [2024-03-26T08:53:43.053+0000] {dag.py:3036} INFO - Sync 1 DAGs
[2024-03-26T08:53:43.072+0000] {logging_mixin.py:188} INFO - [2024-03-26T08:53:43.072+0000] {dag.py:3823} INFO - Setting next_dagrun for example_branch_operator to 2024-03-25 00:00:00+00:00, run_after=2024-03-26 00:00:00+00:00
[2024-03-26T08:53:43.088+0000] {processor.py:183} INFO - Processing /home/airflow/.local/lib/python3.8/site-packages/airflow/example_dags/example_branch_operator.py took 0.161 seconds
[2024-03-26T08:54:13.955+0000] {processor.py:161} INFO - Started process (PID=158) to work on /home/airflow/.local/lib/python3.8/site-packages/airflow/example_dags/example_branch_operator.py
[2024-03-26T08:54:13.957+0000] {processor.py:830} INFO - Processing file /home/airflow/.local/lib/python3.8/site-packages/airflow/example_dags/example_branch_operator.py for tasks to queue
[2024-03-26T08:54:13.958+0000] {logging_mixin.py:188} INFO - [2024-03-26T08:54:13.958+0000] {dagbag.py:538} INFO - Filling up the DagBag from /home/airflow/.local/lib/python3.8/site-packages/airflow/example_dags/example_branch_operator.py
[2024-03-26T08:54:13.973+0000] {processor.py:840} INFO - DAG(s) 'example_branch_operator' retrieved from /home/airflow/.local/lib/python3.8/site-packages/airflow/example_dags/example_branch_operator.py
[2024-03-26T08:54:13.996+0000] {logging_mixin.py:188} INFO - [2024-03-26T08:54:13.996+0000] {dag.py:3036} INFO - Sync 1 DAGs
[2024-03-26T08:54:14.017+0000] {logging_mixin.py:188} INFO - [2024-03-26T08:54:14.016+0000] {dag.py:3823} INFO - Setting next_dagrun for example_branch_operator to 2024-03-25 00:00:00+00:00, run_after=2024-03-26 00:00:00+00:00
[2024-03-26T08:54:14.035+0000] {processor.py:183} INFO - Processing /home/airflow/.local/lib/python3.8/site-packages/airflow/example_dags/example_branch_operator.py took 0.082 seconds
[2024-03-26T08:54:44.637+0000] {processor.py:161} INFO - Started process (PID=214) to work on /home/airflow/.local/lib/python3.8/site-packages/airflow/example_dags/example_branch_operator.py
[2024-03-26T08:54:44.638+0000] {processor.py:830} INFO - Processing file /home/airflow/.local/lib/python3.8/site-packages/airflow/example_dags/example_branch_operator.py for tasks to queue
[2024-03-26T08:54:44.639+0000] {logging_mixin.py:188} INFO - [2024-03-26T08:54:44.639+0000] {dagbag.py:538} INFO - Filling up the DagBag from /home/airflow/.local/lib/python3.8/site-packages/airflow/example_dags/example_branch_operator.py
[2024-03-26T08:54:44.652+0000] {processor.py:840} INFO - DAG(s) 'example_branch_operator' retrieved from /home/airflow/.local/lib/python3.8/site-packages/airflow/example_dags/example_branch_operator.py
[2024-03-26T08:54:44.673+0000] {logging_mixin.py:188} INFO - [2024-03-26T08:54:44.673+0000] {dag.py:3036} INFO - Sync 1 DAGs
[2024-03-26T08:54:44.693+0000] {logging_mixin.py:188} INFO - [2024-03-26T08:54:44.693+0000] {dag.py:3823} INFO - Setting next_dagrun for example_branch_operator to 2024-03-25 00:00:00+00:00, run_after=2024-03-26 00:00:00+00:00
[2024-03-26T08:54:44.708+0000] {processor.py:183} INFO - Processing /home/airflow/.local/lib/python3.8/site-packages/airflow/example_dags/example_branch_operator.py took 0.074 seconds
[2024-03-26T08:55:15.260+0000] {processor.py:161} INFO - Started process (PID=270) to work on /home/airflow/.local/lib/python3.8/site-packages/airflow/example_dags/example_branch_operator.py
[2024-03-26T08:55:15.260+0000] {processor.py:830} INFO - Processing file /home/airflow/.local/lib/python3.8/site-packages/airflow/example_dags/example_branch_operator.py for tasks to queue
[2024-03-26T08:55:15.262+0000] {logging_mixin.py:188} INFO - [2024-03-26T08:55:15.262+0000] {dagbag.py:538} INFO - Filling up the DagBag from /home/airflow/.local/lib/python3.8/site-packages/airflow/example_dags/example_branch_operator.py
[2024-03-26T08:55:15.275+0000] {processor.py:840} INFO - DAG(s) 'example_branch_operator' retrieved from /home/airflow/.local/lib/python3.8/site-packages/airflow/example_dags/example_branch_operator.py
[2024-03-26T08:55:15.296+0000] {logging_mixin.py:188} INFO - [2024-03-26T08:55:15.295+0000] {dag.py:3036} INFO - Sync 1 DAGs
[2024-03-26T08:55:15.314+0000] {logging_mixin.py:188} INFO - [2024-03-26T08:55:15.314+0000] {dag.py:3823} INFO - Setting next_dagrun for example_branch_operator to 2024-03-25 00:00:00+00:00, run_after=2024-03-26 00:00:00+00:00
[2024-03-26T08:55:15.330+0000] {processor.py:183} INFO - Processing /home/airflow/.local/lib/python3.8/site-packages/airflow/example_dags/example_branch_operator.py took 0.073 seconds
[2024-03-26T08:55:45.836+0000] {processor.py:161} INFO - Started process (PID=326) to work on /home/airflow/.local/lib/python3.8/site-packages/airflow/example_dags/example_branch_operator.py
[2024-03-26T08:55:45.837+0000] {processor.py:830} INFO - Processing file /home/airflow/.local/lib/python3.8/site-packages/airflow/example_dags/example_branch_operator.py for tasks to queue
[2024-03-26T08:55:45.838+0000] {logging_mixin.py:188} INFO - [2024-03-26T08:55:45.838+0000] {dagbag.py:538} INFO - Filling up the DagBag from /home/airflow/.local/lib/python3.8/site-packages/airflow/example_dags/example_branch_operator.py
[2024-03-26T08:55:45.852+0000] {processor.py:840} INFO - DAG(s) 'example_branch_operator' retrieved from /home/airflow/.local/lib/python3.8/site-packages/airflow/example_dags/example_branch_operator.py
[2024-03-26T08:55:45.875+0000] {logging_mixin.py:188} INFO - [2024-03-26T08:55:45.874+0000] {dag.py:3036} INFO - Sync 1 DAGs
[2024-03-26T08:55:45.894+0000] {logging_mixin.py:188} INFO - [2024-03-26T08:55:45.894+0000] {dag.py:3823} INFO - Setting next_dagrun for example_branch_operator to 2024-03-25 00:00:00+00:00, run_after=2024-03-26 00:00:00+00:00
[2024-03-26T08:55:45.910+0000] {processor.py:183} INFO - Processing /home/airflow/.local/lib/python3.8/site-packages/airflow/example_dags/example_branch_operator.py took 0.076 seconds
[2024-03-26T08:56:16.086+0000] {processor.py:161} INFO - Started process (PID=382) to work on /home/airflow/.local/lib/python3.8/site-packages/airflow/example_dags/example_branch_operator.py
[2024-03-26T08:56:16.087+0000] {processor.py:830} INFO - Processing file /home/airflow/.local/lib/python3.8/site-packages/airflow/example_dags/example_branch_operator.py for tasks to queue
[2024-03-26T08:56:16.088+0000] {logging_mixin.py:188} INFO - [2024-03-26T08:56:16.088+0000] {dagbag.py:538} INFO - Filling up the DagBag from /home/airflow/.local/lib/python3.8/site-packages/airflow/example_dags/example_branch_operator.py
[2024-03-26T08:56:16.102+0000] {processor.py:840} INFO - DAG(s) 'example_branch_operator' retrieved from /home/airflow/.local/lib/python3.8/site-packages/airflow/example_dags/example_branch_operator.py
[2024-03-26T08:56:16.124+0000] {logging_mixin.py:188} INFO - [2024-03-26T08:56:16.124+0000] {dag.py:3036} INFO - Sync 1 DAGs
[2024-03-26T08:56:16.142+0000] {logging_mixin.py:188} INFO - [2024-03-26T08:56:16.142+0000] {dag.py:3823} INFO - Setting next_dagrun for example_branch_operator to 2024-03-25 00:00:00+00:00, run_after=2024-03-26 00:00:00+00:00
[2024-03-26T08:56:16.157+0000] {processor.py:183} INFO - Processing /home/airflow/.local/lib/python3.8/site-packages/airflow/example_dags/example_branch_operator.py took 0.074 seconds
[2024-03-26T08:56:46.433+0000] {processor.py:161} INFO - Started process (PID=438) to work on /home/airflow/.local/lib/python3.8/site-packages/airflow/example_dags/example_branch_operator.py
[2024-03-26T08:56:46.434+0000] {processor.py:830} INFO - Processing file /home/airflow/.local/lib/python3.8/site-packages/airflow/example_dags/example_branch_operator.py for tasks to queue
[2024-03-26T08:56:46.436+0000] {logging_mixin.py:188} INFO - [2024-03-26T08:56:46.436+0000] {dagbag.py:538} INFO - Filling up the DagBag from /home/airflow/.local/lib/python3.8/site-packages/airflow/example_dags/example_branch_operator.py
[2024-03-26T08:56:46.449+0000] {processor.py:840} INFO - DAG(s) 'example_branch_operator' retrieved from /home/airflow/.local/lib/python3.8/site-packages/airflow/example_dags/example_branch_operator.py
[2024-03-26T08:56:46.471+0000] {logging_mixin.py:188} INFO - [2024-03-26T08:56:46.470+0000] {dag.py:3036} INFO - Sync 1 DAGs
[2024-03-26T08:56:46.491+0000] {logging_mixin.py:188} INFO - [2024-03-26T08:56:46.491+0000] {dag.py:3823} INFO - Setting next_dagrun for example_branch_operator to 2024-03-25 00:00:00+00:00, run_after=2024-03-26 00:00:00+00:00
[2024-03-26T08:56:46.507+0000] {processor.py:183} INFO - Processing /home/airflow/.local/lib/python3.8/site-packages/airflow/example_dags/example_branch_operator.py took 0.076 seconds
[2024-03-26T08:57:16.789+0000] {processor.py:161} INFO - Started process (PID=494) to work on /home/airflow/.local/lib/python3.8/site-packages/airflow/example_dags/example_branch_operator.py
[2024-03-26T08:57:16.790+0000] {processor.py:830} INFO - Processing file /home/airflow/.local/lib/python3.8/site-packages/airflow/example_dags/example_branch_operator.py for tasks to queue
[2024-03-26T08:57:16.792+0000] {logging_mixin.py:188} INFO - [2024-03-26T08:57:16.791+0000] {dagbag.py:538} INFO - Filling up the DagBag from /home/airflow/.local/lib/python3.8/site-packages/airflow/example_dags/example_branch_operator.py
[2024-03-26T08:57:16.805+0000] {processor.py:840} INFO - DAG(s) 'example_branch_operator' retrieved from /home/airflow/.local/lib/python3.8/site-packages/airflow/example_dags/example_branch_operator.py
[2024-03-26T08:57:16.829+0000] {logging_mixin.py:188} INFO - [2024-03-26T08:57:16.828+0000] {dag.py:3036} INFO - Sync 1 DAGs
[2024-03-26T08:57:16.847+0000] {logging_mixin.py:188} INFO - [2024-03-26T08:57:16.847+0000] {dag.py:3823} INFO - Setting next_dagrun for example_branch_operator to 2024-03-25 00:00:00+00:00, run_after=2024-03-26 00:00:00+00:00
[2024-03-26T08:57:16.862+0000] {processor.py:183} INFO - Processing /home/airflow/.local/lib/python3.8/site-packages/airflow/example_dags/example_branch_operator.py took 0.075 seconds
[2024-03-26T08:57:47.105+0000] {processor.py:161} INFO - Started process (PID=550) to work on /home/airflow/.local/lib/python3.8/site-packages/airflow/example_dags/example_branch_operator.py
[2024-03-26T08:57:47.107+0000] {processor.py:830} INFO - Processing file /home/airflow/.local/lib/python3.8/site-packages/airflow/example_dags/example_branch_operator.py for tasks to queue
[2024-03-26T08:57:47.108+0000] {logging_mixin.py:188} INFO - [2024-03-26T08:57:47.108+0000] {dagbag.py:538} INFO - Filling up the DagBag from /home/airflow/.local/lib/python3.8/site-packages/airflow/example_dags/example_branch_operator.py
[2024-03-26T08:57:47.122+0000] {processor.py:840} INFO - DAG(s) 'example_branch_operator' retrieved from /home/airflow/.local/lib/python3.8/site-packages/airflow/example_dags/example_branch_operator.py
[2024-03-26T08:57:47.144+0000] {logging_mixin.py:188} INFO - [2024-03-26T08:57:47.144+0000] {dag.py:3036} INFO - Sync 1 DAGs
[2024-03-26T08:57:47.164+0000] {logging_mixin.py:188} INFO - [2024-03-26T08:57:47.164+0000] {dag.py:3823} INFO - Setting next_dagrun for example_branch_operator to 2024-03-25 00:00:00+00:00, run_after=2024-03-26 00:00:00+00:00
[2024-03-26T08:57:47.180+0000] {processor.py:183} INFO - Processing /home/airflow/.local/lib/python3.8/site-packages/airflow/example_dags/example_branch_operator.py took 0.077 seconds
[2024-03-26T08:58:17.603+0000] {processor.py:161} INFO - Started process (PID=606) to work on /home/airflow/.local/lib/python3.8/site-packages/airflow/example_dags/example_branch_operator.py
[2024-03-26T08:58:17.604+0000] {processor.py:830} INFO - Processing file /home/airflow/.local/lib/python3.8/site-packages/airflow/example_dags/example_branch_operator.py for tasks to queue
[2024-03-26T08:58:17.605+0000] {logging_mixin.py:188} INFO - [2024-03-26T08:58:17.605+0000] {dagbag.py:538} INFO - Filling up the DagBag from /home/airflow/.local/lib/python3.8/site-packages/airflow/example_dags/example_branch_operator.py
[2024-03-26T08:58:17.618+0000] {processor.py:840} INFO - DAG(s) 'example_branch_operator' retrieved from /home/airflow/.local/lib/python3.8/site-packages/airflow/example_dags/example_branch_operator.py
[2024-03-26T08:58:17.641+0000] {logging_mixin.py:188} INFO - [2024-03-26T08:58:17.640+0000] {dag.py:3036} INFO - Sync 1 DAGs
[2024-03-26T08:58:17.661+0000] {logging_mixin.py:188} INFO - [2024-03-26T08:58:17.660+0000] {dag.py:3823} INFO - Setting next_dagrun for example_branch_operator to 2024-03-25 00:00:00+00:00, run_after=2024-03-26 00:00:00+00:00
[2024-03-26T08:58:17.677+0000] {processor.py:183} INFO - Processing /home/airflow/.local/lib/python3.8/site-packages/airflow/example_dags/example_branch_operator.py took 0.076 seconds
[2024-03-26T08:58:48.231+0000] {processor.py:161} INFO - Started process (PID=662) to work on /home/airflow/.local/lib/python3.8/site-packages/airflow/example_dags/example_branch_operator.py
[2024-03-26T08:58:48.232+0000] {processor.py:830} INFO - Processing file /home/airflow/.local/lib/python3.8/site-packages/airflow/example_dags/example_branch_operator.py for tasks to queue
[2024-03-26T08:58:48.234+0000] {logging_mixin.py:188} INFO - [2024-03-26T08:58:48.233+0000] {dagbag.py:538} INFO - Filling up the DagBag from /home/airflow/.local/lib/python3.8/site-packages/airflow/example_dags/example_branch_operator.py
[2024-03-26T08:58:48.247+0000] {processor.py:840} INFO - DAG(s) 'example_branch_operator' retrieved from /home/airflow/.local/lib/python3.8/site-packages/airflow/example_dags/example_branch_operator.py
[2024-03-26T08:58:48.268+0000] {logging_mixin.py:188} INFO - [2024-03-26T08:58:48.268+0000] {dag.py:3036} INFO - Sync 1 DAGs
[2024-03-26T08:58:48.287+0000] {logging_mixin.py:188} INFO - [2024-03-26T08:58:48.287+0000] {dag.py:3823} INFO - Setting next_dagrun for example_branch_operator to 2024-03-25 00:00:00+00:00, run_after=2024-03-26 00:00:00+00:00
[2024-03-26T08:58:48.303+0000] {processor.py:183} INFO - Processing /home/airflow/.local/lib/python3.8/site-packages/airflow/example_dags/example_branch_operator.py took 0.074 seconds
[2024-03-26T09:07:40.197+0000] {processor.py:161} INFO - Started process (PID=46) to work on /home/airflow/.local/lib/python3.8/site-packages/airflow/example_dags/example_branch_operator.py
[2024-03-26T09:07:40.198+0000] {processor.py:830} INFO - Processing file /home/airflow/.local/lib/python3.8/site-packages/airflow/example_dags/example_branch_operator.py for tasks to queue
[2024-03-26T09:07:40.200+0000] {logging_mixin.py:188} INFO - [2024-03-26T09:07:40.200+0000] {dagbag.py:538} INFO - Filling up the DagBag from /home/airflow/.local/lib/python3.8/site-packages/airflow/example_dags/example_branch_operator.py
[2024-03-26T09:07:40.218+0000] {processor.py:840} INFO - DAG(s) 'example_branch_operator' retrieved from /home/airflow/.local/lib/python3.8/site-packages/airflow/example_dags/example_branch_operator.py
[2024-03-26T09:07:40.230+0000] {logging_mixin.py:188} INFO - [2024-03-26T09:07:40.229+0000] {dag.py:3036} INFO - Sync 1 DAGs
[2024-03-26T09:07:40.254+0000] {logging_mixin.py:188} INFO - [2024-03-26T09:07:40.254+0000] {dag.py:3823} INFO - Setting next_dagrun for example_branch_operator to 2024-03-25 00:00:00+00:00, run_after=2024-03-26 00:00:00+00:00
[2024-03-26T09:07:40.275+0000] {processor.py:183} INFO - Processing /home/airflow/.local/lib/python3.8/site-packages/airflow/example_dags/example_branch_operator.py took 0.080 seconds
[2024-03-26T09:08:10.321+0000] {processor.py:161} INFO - Started process (PID=103) to work on /home/airflow/.local/lib/python3.8/site-packages/airflow/example_dags/example_branch_operator.py
[2024-03-26T09:08:10.322+0000] {processor.py:830} INFO - Processing file /home/airflow/.local/lib/python3.8/site-packages/airflow/example_dags/example_branch_operator.py for tasks to queue
[2024-03-26T09:08:10.324+0000] {logging_mixin.py:188} INFO - [2024-03-26T09:08:10.323+0000] {dagbag.py:538} INFO - Filling up the DagBag from /home/airflow/.local/lib/python3.8/site-packages/airflow/example_dags/example_branch_operator.py
[2024-03-26T09:08:10.337+0000] {processor.py:840} INFO - DAG(s) 'example_branch_operator' retrieved from /home/airflow/.local/lib/python3.8/site-packages/airflow/example_dags/example_branch_operator.py
[2024-03-26T09:08:10.424+0000] {logging_mixin.py:188} INFO - [2024-03-26T09:08:10.423+0000] {dag.py:3036} INFO - Sync 1 DAGs
[2024-03-26T09:08:10.441+0000] {logging_mixin.py:188} INFO - [2024-03-26T09:08:10.441+0000] {dag.py:3823} INFO - Setting next_dagrun for example_branch_operator to 2024-03-25 00:00:00+00:00, run_after=2024-03-26 00:00:00+00:00
[2024-03-26T09:08:10.458+0000] {processor.py:183} INFO - Processing /home/airflow/.local/lib/python3.8/site-packages/airflow/example_dags/example_branch_operator.py took 0.139 seconds
[2024-03-26T09:08:40.848+0000] {processor.py:161} INFO - Started process (PID=160) to work on /home/airflow/.local/lib/python3.8/site-packages/airflow/example_dags/example_branch_operator.py
[2024-03-26T09:08:40.849+0000] {processor.py:830} INFO - Processing file /home/airflow/.local/lib/python3.8/site-packages/airflow/example_dags/example_branch_operator.py for tasks to queue
[2024-03-26T09:08:40.851+0000] {logging_mixin.py:188} INFO - [2024-03-26T09:08:40.850+0000] {dagbag.py:538} INFO - Filling up the DagBag from /home/airflow/.local/lib/python3.8/site-packages/airflow/example_dags/example_branch_operator.py
[2024-03-26T09:08:40.864+0000] {processor.py:840} INFO - DAG(s) 'example_branch_operator' retrieved from /home/airflow/.local/lib/python3.8/site-packages/airflow/example_dags/example_branch_operator.py
[2024-03-26T09:08:40.885+0000] {logging_mixin.py:188} INFO - [2024-03-26T09:08:40.884+0000] {dag.py:3036} INFO - Sync 1 DAGs
[2024-03-26T09:08:40.906+0000] {logging_mixin.py:188} INFO - [2024-03-26T09:08:40.905+0000] {dag.py:3823} INFO - Setting next_dagrun for example_branch_operator to 2024-03-25 00:00:00+00:00, run_after=2024-03-26 00:00:00+00:00
[2024-03-26T09:08:40.923+0000] {processor.py:183} INFO - Processing /home/airflow/.local/lib/python3.8/site-packages/airflow/example_dags/example_branch_operator.py took 0.077 seconds
[2024-03-26T09:09:11.022+0000] {processor.py:161} INFO - Started process (PID=217) to work on /home/airflow/.local/lib/python3.8/site-packages/airflow/example_dags/example_branch_operator.py
[2024-03-26T09:09:11.023+0000] {processor.py:830} INFO - Processing file /home/airflow/.local/lib/python3.8/site-packages/airflow/example_dags/example_branch_operator.py for tasks to queue
[2024-03-26T09:09:11.025+0000] {logging_mixin.py:188} INFO - [2024-03-26T09:09:11.024+0000] {dagbag.py:538} INFO - Filling up the DagBag from /home/airflow/.local/lib/python3.8/site-packages/airflow/example_dags/example_branch_operator.py
[2024-03-26T09:09:11.039+0000] {processor.py:840} INFO - DAG(s) 'example_branch_operator' retrieved from /home/airflow/.local/lib/python3.8/site-packages/airflow/example_dags/example_branch_operator.py
[2024-03-26T09:09:11.061+0000] {logging_mixin.py:188} INFO - [2024-03-26T09:09:11.060+0000] {dag.py:3036} INFO - Sync 1 DAGs
[2024-03-26T09:09:11.081+0000] {logging_mixin.py:188} INFO - [2024-03-26T09:09:11.081+0000] {dag.py:3823} INFO - Setting next_dagrun for example_branch_operator to 2024-03-25 00:00:00+00:00, run_after=2024-03-26 00:00:00+00:00
[2024-03-26T09:09:11.096+0000] {processor.py:183} INFO - Processing /home/airflow/.local/lib/python3.8/site-packages/airflow/example_dags/example_branch_operator.py took 0.076 seconds
[2024-03-26T09:09:41.461+0000] {processor.py:161} INFO - Started process (PID=274) to work on /home/airflow/.local/lib/python3.8/site-packages/airflow/example_dags/example_branch_operator.py
[2024-03-26T09:09:41.462+0000] {processor.py:830} INFO - Processing file /home/airflow/.local/lib/python3.8/site-packages/airflow/example_dags/example_branch_operator.py for tasks to queue
[2024-03-26T09:09:41.463+0000] {logging_mixin.py:188} INFO - [2024-03-26T09:09:41.463+0000] {dagbag.py:538} INFO - Filling up the DagBag from /home/airflow/.local/lib/python3.8/site-packages/airflow/example_dags/example_branch_operator.py
[2024-03-26T09:09:41.477+0000] {processor.py:840} INFO - DAG(s) 'example_branch_operator' retrieved from /home/airflow/.local/lib/python3.8/site-packages/airflow/example_dags/example_branch_operator.py
[2024-03-26T09:09:41.503+0000] {logging_mixin.py:188} INFO - [2024-03-26T09:09:41.503+0000] {dag.py:3036} INFO - Sync 1 DAGs
[2024-03-26T09:09:41.525+0000] {logging_mixin.py:188} INFO - [2024-03-26T09:09:41.525+0000] {dag.py:3823} INFO - Setting next_dagrun for example_branch_operator to 2024-03-25 00:00:00+00:00, run_after=2024-03-26 00:00:00+00:00
[2024-03-26T09:09:41.544+0000] {processor.py:183} INFO - Processing /home/airflow/.local/lib/python3.8/site-packages/airflow/example_dags/example_branch_operator.py took 0.086 seconds
[2024-03-26T09:10:12.042+0000] {processor.py:161} INFO - Started process (PID=331) to work on /home/airflow/.local/lib/python3.8/site-packages/airflow/example_dags/example_branch_operator.py
[2024-03-26T09:10:12.043+0000] {processor.py:830} INFO - Processing file /home/airflow/.local/lib/python3.8/site-packages/airflow/example_dags/example_branch_operator.py for tasks to queue
[2024-03-26T09:10:12.045+0000] {logging_mixin.py:188} INFO - [2024-03-26T09:10:12.044+0000] {dagbag.py:538} INFO - Filling up the DagBag from /home/airflow/.local/lib/python3.8/site-packages/airflow/example_dags/example_branch_operator.py
[2024-03-26T09:10:12.058+0000] {processor.py:840} INFO - DAG(s) 'example_branch_operator' retrieved from /home/airflow/.local/lib/python3.8/site-packages/airflow/example_dags/example_branch_operator.py
[2024-03-26T09:10:12.080+0000] {logging_mixin.py:188} INFO - [2024-03-26T09:10:12.080+0000] {dag.py:3036} INFO - Sync 1 DAGs
[2024-03-26T09:10:12.101+0000] {logging_mixin.py:188} INFO - [2024-03-26T09:10:12.100+0000] {dag.py:3823} INFO - Setting next_dagrun for example_branch_operator to 2024-03-25 00:00:00+00:00, run_after=2024-03-26 00:00:00+00:00
[2024-03-26T09:10:12.120+0000] {processor.py:183} INFO - Processing /home/airflow/.local/lib/python3.8/site-packages/airflow/example_dags/example_branch_operator.py took 0.080 seconds
[2024-03-26T09:50:56.027+0000] {processor.py:161} INFO - Started process (PID=46) to work on /home/airflow/.local/lib/python3.8/site-packages/airflow/example_dags/example_branch_operator.py
[2024-03-26T09:50:56.029+0000] {processor.py:830} INFO - Processing file /home/airflow/.local/lib/python3.8/site-packages/airflow/example_dags/example_branch_operator.py for tasks to queue
[2024-03-26T09:50:56.030+0000] {logging_mixin.py:188} INFO - [2024-03-26T09:50:56.030+0000] {dagbag.py:538} INFO - Filling up the DagBag from /home/airflow/.local/lib/python3.8/site-packages/airflow/example_dags/example_branch_operator.py
[2024-03-26T09:50:56.054+0000] {processor.py:840} INFO - DAG(s) 'example_branch_operator' retrieved from /home/airflow/.local/lib/python3.8/site-packages/airflow/example_dags/example_branch_operator.py
[2024-03-26T09:50:56.066+0000] {logging_mixin.py:188} INFO - [2024-03-26T09:50:56.066+0000] {dag.py:3036} INFO - Sync 1 DAGs
[2024-03-26T09:50:56.090+0000] {logging_mixin.py:188} INFO - [2024-03-26T09:50:56.089+0000] {dag.py:3823} INFO - Setting next_dagrun for example_branch_operator to 2024-03-25 00:00:00+00:00, run_after=2024-03-26 00:00:00+00:00
[2024-03-26T09:50:56.110+0000] {processor.py:183} INFO - Processing /home/airflow/.local/lib/python3.8/site-packages/airflow/example_dags/example_branch_operator.py took 0.085 seconds
[2024-03-26T09:51:26.565+0000] {processor.py:161} INFO - Started process (PID=102) to work on /home/airflow/.local/lib/python3.8/site-packages/airflow/example_dags/example_branch_operator.py
[2024-03-26T09:51:26.566+0000] {processor.py:830} INFO - Processing file /home/airflow/.local/lib/python3.8/site-packages/airflow/example_dags/example_branch_operator.py for tasks to queue
[2024-03-26T09:51:26.567+0000] {logging_mixin.py:188} INFO - [2024-03-26T09:51:26.567+0000] {dagbag.py:538} INFO - Filling up the DagBag from /home/airflow/.local/lib/python3.8/site-packages/airflow/example_dags/example_branch_operator.py
[2024-03-26T09:51:26.581+0000] {processor.py:840} INFO - DAG(s) 'example_branch_operator' retrieved from /home/airflow/.local/lib/python3.8/site-packages/airflow/example_dags/example_branch_operator.py
[2024-03-26T09:51:26.668+0000] {logging_mixin.py:188} INFO - [2024-03-26T09:51:26.667+0000] {dag.py:3036} INFO - Sync 1 DAGs
[2024-03-26T09:51:26.686+0000] {logging_mixin.py:188} INFO - [2024-03-26T09:51:26.685+0000] {dag.py:3823} INFO - Setting next_dagrun for example_branch_operator to 2024-03-25 00:00:00+00:00, run_after=2024-03-26 00:00:00+00:00
[2024-03-26T09:51:26.702+0000] {processor.py:183} INFO - Processing /home/airflow/.local/lib/python3.8/site-packages/airflow/example_dags/example_branch_operator.py took 0.139 seconds
[2024-03-26T09:51:56.763+0000] {processor.py:161} INFO - Started process (PID=159) to work on /home/airflow/.local/lib/python3.8/site-packages/airflow/example_dags/example_branch_operator.py
[2024-03-26T09:51:56.764+0000] {processor.py:830} INFO - Processing file /home/airflow/.local/lib/python3.8/site-packages/airflow/example_dags/example_branch_operator.py for tasks to queue
[2024-03-26T09:51:56.766+0000] {logging_mixin.py:188} INFO - [2024-03-26T09:51:56.766+0000] {dagbag.py:538} INFO - Filling up the DagBag from /home/airflow/.local/lib/python3.8/site-packages/airflow/example_dags/example_branch_operator.py
[2024-03-26T09:51:56.779+0000] {processor.py:840} INFO - DAG(s) 'example_branch_operator' retrieved from /home/airflow/.local/lib/python3.8/site-packages/airflow/example_dags/example_branch_operator.py
[2024-03-26T09:51:56.801+0000] {logging_mixin.py:188} INFO - [2024-03-26T09:51:56.801+0000] {dag.py:3036} INFO - Sync 1 DAGs
[2024-03-26T09:51:56.822+0000] {logging_mixin.py:188} INFO - [2024-03-26T09:51:56.822+0000] {dag.py:3823} INFO - Setting next_dagrun for example_branch_operator to 2024-03-25 00:00:00+00:00, run_after=2024-03-26 00:00:00+00:00
[2024-03-26T09:51:56.838+0000] {processor.py:183} INFO - Processing /home/airflow/.local/lib/python3.8/site-packages/airflow/example_dags/example_branch_operator.py took 0.077 seconds
[2024-03-26T09:52:27.393+0000] {processor.py:161} INFO - Started process (PID=216) to work on /home/airflow/.local/lib/python3.8/site-packages/airflow/example_dags/example_branch_operator.py
[2024-03-26T09:52:27.394+0000] {processor.py:830} INFO - Processing file /home/airflow/.local/lib/python3.8/site-packages/airflow/example_dags/example_branch_operator.py for tasks to queue
[2024-03-26T09:52:27.396+0000] {logging_mixin.py:188} INFO - [2024-03-26T09:52:27.396+0000] {dagbag.py:538} INFO - Filling up the DagBag from /home/airflow/.local/lib/python3.8/site-packages/airflow/example_dags/example_branch_operator.py
[2024-03-26T09:52:27.409+0000] {processor.py:840} INFO - DAG(s) 'example_branch_operator' retrieved from /home/airflow/.local/lib/python3.8/site-packages/airflow/example_dags/example_branch_operator.py
[2024-03-26T09:52:27.432+0000] {logging_mixin.py:188} INFO - [2024-03-26T09:52:27.432+0000] {dag.py:3036} INFO - Sync 1 DAGs
[2024-03-26T09:52:27.453+0000] {logging_mixin.py:188} INFO - [2024-03-26T09:52:27.453+0000] {dag.py:3823} INFO - Setting next_dagrun for example_branch_operator to 2024-03-25 00:00:00+00:00, run_after=2024-03-26 00:00:00+00:00
[2024-03-26T09:52:27.470+0000] {processor.py:183} INFO - Processing /home/airflow/.local/lib/python3.8/site-packages/airflow/example_dags/example_branch_operator.py took 0.079 seconds
[2024-03-26T09:52:57.514+0000] {processor.py:161} INFO - Started process (PID=273) to work on /home/airflow/.local/lib/python3.8/site-packages/airflow/example_dags/example_branch_operator.py
[2024-03-26T09:52:57.515+0000] {processor.py:830} INFO - Processing file /home/airflow/.local/lib/python3.8/site-packages/airflow/example_dags/example_branch_operator.py for tasks to queue
[2024-03-26T09:52:57.516+0000] {logging_mixin.py:188} INFO - [2024-03-26T09:52:57.516+0000] {dagbag.py:538} INFO - Filling up the DagBag from /home/airflow/.local/lib/python3.8/site-packages/airflow/example_dags/example_branch_operator.py
[2024-03-26T09:52:57.533+0000] {processor.py:840} INFO - DAG(s) 'example_branch_operator' retrieved from /home/airflow/.local/lib/python3.8/site-packages/airflow/example_dags/example_branch_operator.py
[2024-03-26T09:52:57.553+0000] {logging_mixin.py:188} INFO - [2024-03-26T09:52:57.553+0000] {dag.py:3036} INFO - Sync 1 DAGs
[2024-03-26T09:52:57.573+0000] {logging_mixin.py:188} INFO - [2024-03-26T09:52:57.573+0000] {dag.py:3823} INFO - Setting next_dagrun for example_branch_operator to 2024-03-25 00:00:00+00:00, run_after=2024-03-26 00:00:00+00:00
[2024-03-26T09:52:57.588+0000] {processor.py:183} INFO - Processing /home/airflow/.local/lib/python3.8/site-packages/airflow/example_dags/example_branch_operator.py took 0.076 seconds
[2024-03-26T09:53:27.914+0000] {processor.py:161} INFO - Started process (PID=330) to work on /home/airflow/.local/lib/python3.8/site-packages/airflow/example_dags/example_branch_operator.py
[2024-03-26T09:53:27.915+0000] {processor.py:830} INFO - Processing file /home/airflow/.local/lib/python3.8/site-packages/airflow/example_dags/example_branch_operator.py for tasks to queue
[2024-03-26T09:53:27.917+0000] {logging_mixin.py:188} INFO - [2024-03-26T09:53:27.917+0000] {dagbag.py:538} INFO - Filling up the DagBag from /home/airflow/.local/lib/python3.8/site-packages/airflow/example_dags/example_branch_operator.py
[2024-03-26T09:53:27.930+0000] {processor.py:840} INFO - DAG(s) 'example_branch_operator' retrieved from /home/airflow/.local/lib/python3.8/site-packages/airflow/example_dags/example_branch_operator.py
[2024-03-26T09:53:27.951+0000] {logging_mixin.py:188} INFO - [2024-03-26T09:53:27.950+0000] {dag.py:3036} INFO - Sync 1 DAGs
[2024-03-26T09:53:27.970+0000] {logging_mixin.py:188} INFO - [2024-03-26T09:53:27.970+0000] {dag.py:3823} INFO - Setting next_dagrun for example_branch_operator to 2024-03-25 00:00:00+00:00, run_after=2024-03-26 00:00:00+00:00
[2024-03-26T09:53:27.985+0000] {processor.py:183} INFO - Processing /home/airflow/.local/lib/python3.8/site-packages/airflow/example_dags/example_branch_operator.py took 0.072 seconds
[2024-03-26T09:53:58.036+0000] {processor.py:161} INFO - Started process (PID=387) to work on /home/airflow/.local/lib/python3.8/site-packages/airflow/example_dags/example_branch_operator.py
[2024-03-26T09:53:58.037+0000] {processor.py:830} INFO - Processing file /home/airflow/.local/lib/python3.8/site-packages/airflow/example_dags/example_branch_operator.py for tasks to queue
[2024-03-26T09:53:58.039+0000] {logging_mixin.py:188} INFO - [2024-03-26T09:53:58.038+0000] {dagbag.py:538} INFO - Filling up the DagBag from /home/airflow/.local/lib/python3.8/site-packages/airflow/example_dags/example_branch_operator.py
[2024-03-26T09:53:58.052+0000] {processor.py:840} INFO - DAG(s) 'example_branch_operator' retrieved from /home/airflow/.local/lib/python3.8/site-packages/airflow/example_dags/example_branch_operator.py
[2024-03-26T09:53:58.073+0000] {logging_mixin.py:188} INFO - [2024-03-26T09:53:58.072+0000] {dag.py:3036} INFO - Sync 1 DAGs
[2024-03-26T09:53:58.092+0000] {logging_mixin.py:188} INFO - [2024-03-26T09:53:58.091+0000] {dag.py:3823} INFO - Setting next_dagrun for example_branch_operator to 2024-03-25 00:00:00+00:00, run_after=2024-03-26 00:00:00+00:00
[2024-03-26T09:53:58.106+0000] {processor.py:183} INFO - Processing /home/airflow/.local/lib/python3.8/site-packages/airflow/example_dags/example_branch_operator.py took 0.072 seconds
[2024-03-26T09:54:28.510+0000] {processor.py:161} INFO - Started process (PID=444) to work on /home/airflow/.local/lib/python3.8/site-packages/airflow/example_dags/example_branch_operator.py
[2024-03-26T09:54:28.511+0000] {processor.py:830} INFO - Processing file /home/airflow/.local/lib/python3.8/site-packages/airflow/example_dags/example_branch_operator.py for tasks to queue
[2024-03-26T09:54:28.513+0000] {logging_mixin.py:188} INFO - [2024-03-26T09:54:28.513+0000] {dagbag.py:538} INFO - Filling up the DagBag from /home/airflow/.local/lib/python3.8/site-packages/airflow/example_dags/example_branch_operator.py
[2024-03-26T09:54:28.526+0000] {processor.py:840} INFO - DAG(s) 'example_branch_operator' retrieved from /home/airflow/.local/lib/python3.8/site-packages/airflow/example_dags/example_branch_operator.py
[2024-03-26T09:54:28.548+0000] {logging_mixin.py:188} INFO - [2024-03-26T09:54:28.548+0000] {dag.py:3036} INFO - Sync 1 DAGs
[2024-03-26T09:54:28.569+0000] {logging_mixin.py:188} INFO - [2024-03-26T09:54:28.569+0000] {dag.py:3823} INFO - Setting next_dagrun for example_branch_operator to 2024-03-25 00:00:00+00:00, run_after=2024-03-26 00:00:00+00:00
[2024-03-26T09:54:28.584+0000] {processor.py:183} INFO - Processing /home/airflow/.local/lib/python3.8/site-packages/airflow/example_dags/example_branch_operator.py took 0.076 seconds
[2024-03-26T09:54:59.076+0000] {processor.py:161} INFO - Started process (PID=501) to work on /home/airflow/.local/lib/python3.8/site-packages/airflow/example_dags/example_branch_operator.py
[2024-03-26T09:54:59.077+0000] {processor.py:830} INFO - Processing file /home/airflow/.local/lib/python3.8/site-packages/airflow/example_dags/example_branch_operator.py for tasks to queue
[2024-03-26T09:54:59.078+0000] {logging_mixin.py:188} INFO - [2024-03-26T09:54:59.078+0000] {dagbag.py:538} INFO - Filling up the DagBag from /home/airflow/.local/lib/python3.8/site-packages/airflow/example_dags/example_branch_operator.py
[2024-03-26T09:54:59.095+0000] {processor.py:840} INFO - DAG(s) 'example_branch_operator' retrieved from /home/airflow/.local/lib/python3.8/site-packages/airflow/example_dags/example_branch_operator.py
[2024-03-26T09:54:59.117+0000] {logging_mixin.py:188} INFO - [2024-03-26T09:54:59.117+0000] {dag.py:3036} INFO - Sync 1 DAGs
[2024-03-26T09:54:59.138+0000] {logging_mixin.py:188} INFO - [2024-03-26T09:54:59.137+0000] {dag.py:3823} INFO - Setting next_dagrun for example_branch_operator to 2024-03-25 00:00:00+00:00, run_after=2024-03-26 00:00:00+00:00
[2024-03-26T09:54:59.153+0000] {processor.py:183} INFO - Processing /home/airflow/.local/lib/python3.8/site-packages/airflow/example_dags/example_branch_operator.py took 0.079 seconds
[2024-03-26T09:55:29.748+0000] {processor.py:161} INFO - Started process (PID=558) to work on /home/airflow/.local/lib/python3.8/site-packages/airflow/example_dags/example_branch_operator.py
[2024-03-26T09:55:29.749+0000] {processor.py:830} INFO - Processing file /home/airflow/.local/lib/python3.8/site-packages/airflow/example_dags/example_branch_operator.py for tasks to queue
[2024-03-26T09:55:29.750+0000] {logging_mixin.py:188} INFO - [2024-03-26T09:55:29.750+0000] {dagbag.py:538} INFO - Filling up the DagBag from /home/airflow/.local/lib/python3.8/site-packages/airflow/example_dags/example_branch_operator.py
[2024-03-26T09:55:29.763+0000] {processor.py:840} INFO - DAG(s) 'example_branch_operator' retrieved from /home/airflow/.local/lib/python3.8/site-packages/airflow/example_dags/example_branch_operator.py
[2024-03-26T09:55:29.785+0000] {logging_mixin.py:188} INFO - [2024-03-26T09:55:29.784+0000] {dag.py:3036} INFO - Sync 1 DAGs
[2024-03-26T09:55:29.805+0000] {logging_mixin.py:188} INFO - [2024-03-26T09:55:29.805+0000] {dag.py:3823} INFO - Setting next_dagrun for example_branch_operator to 2024-03-25 00:00:00+00:00, run_after=2024-03-26 00:00:00+00:00
[2024-03-26T09:55:29.822+0000] {processor.py:183} INFO - Processing /home/airflow/.local/lib/python3.8/site-packages/airflow/example_dags/example_branch_operator.py took 0.076 seconds
[2024-03-26T09:56:00.347+0000] {processor.py:161} INFO - Started process (PID=615) to work on /home/airflow/.local/lib/python3.8/site-packages/airflow/example_dags/example_branch_operator.py
[2024-03-26T09:56:00.348+0000] {processor.py:830} INFO - Processing file /home/airflow/.local/lib/python3.8/site-packages/airflow/example_dags/example_branch_operator.py for tasks to queue
[2024-03-26T09:56:00.349+0000] {logging_mixin.py:188} INFO - [2024-03-26T09:56:00.349+0000] {dagbag.py:538} INFO - Filling up the DagBag from /home/airflow/.local/lib/python3.8/site-packages/airflow/example_dags/example_branch_operator.py
[2024-03-26T09:56:00.362+0000] {processor.py:840} INFO - DAG(s) 'example_branch_operator' retrieved from /home/airflow/.local/lib/python3.8/site-packages/airflow/example_dags/example_branch_operator.py
[2024-03-26T09:56:00.383+0000] {logging_mixin.py:188} INFO - [2024-03-26T09:56:00.383+0000] {dag.py:3036} INFO - Sync 1 DAGs
[2024-03-26T09:56:00.404+0000] {logging_mixin.py:188} INFO - [2024-03-26T09:56:00.403+0000] {dag.py:3823} INFO - Setting next_dagrun for example_branch_operator to 2024-03-25 00:00:00+00:00, run_after=2024-03-26 00:00:00+00:00
[2024-03-26T09:56:00.419+0000] {processor.py:183} INFO - Processing /home/airflow/.local/lib/python3.8/site-packages/airflow/example_dags/example_branch_operator.py took 0.074 seconds
[2024-03-26T09:57:45.767+0000] {processor.py:161} INFO - Started process (PID=46) to work on /home/airflow/.local/lib/python3.8/site-packages/airflow/example_dags/example_branch_operator.py
[2024-03-26T09:57:45.768+0000] {processor.py:830} INFO - Processing file /home/airflow/.local/lib/python3.8/site-packages/airflow/example_dags/example_branch_operator.py for tasks to queue
[2024-03-26T09:57:45.770+0000] {logging_mixin.py:188} INFO - [2024-03-26T09:57:45.770+0000] {dagbag.py:538} INFO - Filling up the DagBag from /home/airflow/.local/lib/python3.8/site-packages/airflow/example_dags/example_branch_operator.py
[2024-03-26T09:57:45.791+0000] {processor.py:840} INFO - DAG(s) 'example_branch_operator' retrieved from /home/airflow/.local/lib/python3.8/site-packages/airflow/example_dags/example_branch_operator.py
[2024-03-26T09:57:45.801+0000] {logging_mixin.py:188} INFO - [2024-03-26T09:57:45.801+0000] {dag.py:3036} INFO - Sync 1 DAGs
[2024-03-26T09:57:45.823+0000] {logging_mixin.py:188} INFO - [2024-03-26T09:57:45.823+0000] {dag.py:3823} INFO - Setting next_dagrun for example_branch_operator to 2024-03-25 00:00:00+00:00, run_after=2024-03-26 00:00:00+00:00
[2024-03-26T09:57:45.843+0000] {processor.py:183} INFO - Processing /home/airflow/.local/lib/python3.8/site-packages/airflow/example_dags/example_branch_operator.py took 0.078 seconds
[2024-03-26T09:58:16.265+0000] {processor.py:161} INFO - Started process (PID=102) to work on /home/airflow/.local/lib/python3.8/site-packages/airflow/example_dags/example_branch_operator.py
[2024-03-26T09:58:16.266+0000] {processor.py:830} INFO - Processing file /home/airflow/.local/lib/python3.8/site-packages/airflow/example_dags/example_branch_operator.py for tasks to queue
[2024-03-26T09:58:16.267+0000] {logging_mixin.py:188} INFO - [2024-03-26T09:58:16.267+0000] {dagbag.py:538} INFO - Filling up the DagBag from /home/airflow/.local/lib/python3.8/site-packages/airflow/example_dags/example_branch_operator.py
[2024-03-26T09:58:16.282+0000] {processor.py:840} INFO - DAG(s) 'example_branch_operator' retrieved from /home/airflow/.local/lib/python3.8/site-packages/airflow/example_dags/example_branch_operator.py
[2024-03-26T09:58:16.375+0000] {logging_mixin.py:188} INFO - [2024-03-26T09:58:16.375+0000] {dag.py:3036} INFO - Sync 1 DAGs
[2024-03-26T09:58:16.393+0000] {logging_mixin.py:188} INFO - [2024-03-26T09:58:16.393+0000] {dag.py:3823} INFO - Setting next_dagrun for example_branch_operator to 2024-03-25 00:00:00+00:00, run_after=2024-03-26 00:00:00+00:00
[2024-03-26T09:58:16.412+0000] {processor.py:183} INFO - Processing /home/airflow/.local/lib/python3.8/site-packages/airflow/example_dags/example_branch_operator.py took 0.150 seconds
[2024-03-26T09:58:46.550+0000] {processor.py:161} INFO - Started process (PID=159) to work on /home/airflow/.local/lib/python3.8/site-packages/airflow/example_dags/example_branch_operator.py
[2024-03-26T09:58:46.551+0000] {processor.py:830} INFO - Processing file /home/airflow/.local/lib/python3.8/site-packages/airflow/example_dags/example_branch_operator.py for tasks to queue
[2024-03-26T09:58:46.553+0000] {logging_mixin.py:188} INFO - [2024-03-26T09:58:46.552+0000] {dagbag.py:538} INFO - Filling up the DagBag from /home/airflow/.local/lib/python3.8/site-packages/airflow/example_dags/example_branch_operator.py
[2024-03-26T09:58:46.566+0000] {processor.py:840} INFO - DAG(s) 'example_branch_operator' retrieved from /home/airflow/.local/lib/python3.8/site-packages/airflow/example_dags/example_branch_operator.py
[2024-03-26T09:58:46.589+0000] {logging_mixin.py:188} INFO - [2024-03-26T09:58:46.589+0000] {dag.py:3036} INFO - Sync 1 DAGs
[2024-03-26T09:58:46.614+0000] {logging_mixin.py:188} INFO - [2024-03-26T09:58:46.614+0000] {dag.py:3823} INFO - Setting next_dagrun for example_branch_operator to 2024-03-25 00:00:00+00:00, run_after=2024-03-26 00:00:00+00:00
[2024-03-26T09:58:46.634+0000] {processor.py:183} INFO - Processing /home/airflow/.local/lib/python3.8/site-packages/airflow/example_dags/example_branch_operator.py took 0.086 seconds
[2024-03-26T10:11:02.430+0000] {processor.py:161} INFO - Started process (PID=46) to work on /home/airflow/.local/lib/python3.8/site-packages/airflow/example_dags/example_branch_operator.py
[2024-03-26T10:11:02.431+0000] {processor.py:830} INFO - Processing file /home/airflow/.local/lib/python3.8/site-packages/airflow/example_dags/example_branch_operator.py for tasks to queue
[2024-03-26T10:11:02.433+0000] {logging_mixin.py:188} INFO - [2024-03-26T10:11:02.432+0000] {dagbag.py:538} INFO - Filling up the DagBag from /home/airflow/.local/lib/python3.8/site-packages/airflow/example_dags/example_branch_operator.py
[2024-03-26T10:11:02.455+0000] {processor.py:840} INFO - DAG(s) 'example_branch_operator' retrieved from /home/airflow/.local/lib/python3.8/site-packages/airflow/example_dags/example_branch_operator.py
[2024-03-26T10:11:02.467+0000] {logging_mixin.py:188} INFO - [2024-03-26T10:11:02.466+0000] {dag.py:3036} INFO - Sync 1 DAGs
[2024-03-26T10:11:02.494+0000] {logging_mixin.py:188} INFO - [2024-03-26T10:11:02.494+0000] {dag.py:3823} INFO - Setting next_dagrun for example_branch_operator to 2024-03-25 00:00:00+00:00, run_after=2024-03-26 00:00:00+00:00
[2024-03-26T10:11:02.515+0000] {processor.py:183} INFO - Processing /home/airflow/.local/lib/python3.8/site-packages/airflow/example_dags/example_branch_operator.py took 0.087 seconds
[2024-03-26T10:11:33.592+0000] {processor.py:161} INFO - Started process (PID=102) to work on /home/airflow/.local/lib/python3.8/site-packages/airflow/example_dags/example_branch_operator.py
[2024-03-26T10:11:33.593+0000] {processor.py:830} INFO - Processing file /home/airflow/.local/lib/python3.8/site-packages/airflow/example_dags/example_branch_operator.py for tasks to queue
[2024-03-26T10:11:33.595+0000] {logging_mixin.py:188} INFO - [2024-03-26T10:11:33.594+0000] {dagbag.py:538} INFO - Filling up the DagBag from /home/airflow/.local/lib/python3.8/site-packages/airflow/example_dags/example_branch_operator.py
[2024-03-26T10:11:33.610+0000] {processor.py:840} INFO - DAG(s) 'example_branch_operator' retrieved from /home/airflow/.local/lib/python3.8/site-packages/airflow/example_dags/example_branch_operator.py
[2024-03-26T10:11:33.702+0000] {logging_mixin.py:188} INFO - [2024-03-26T10:11:33.702+0000] {dag.py:3036} INFO - Sync 1 DAGs
[2024-03-26T10:11:33.720+0000] {logging_mixin.py:188} INFO - [2024-03-26T10:11:33.720+0000] {dag.py:3823} INFO - Setting next_dagrun for example_branch_operator to 2024-03-25 00:00:00+00:00, run_after=2024-03-26 00:00:00+00:00
[2024-03-26T10:11:33.740+0000] {processor.py:183} INFO - Processing /home/airflow/.local/lib/python3.8/site-packages/airflow/example_dags/example_branch_operator.py took 0.150 seconds
[2024-03-26T10:12:48.412+0000] {processor.py:161} INFO - Started process (PID=47) to work on /home/airflow/.local/lib/python3.8/site-packages/airflow/example_dags/example_branch_operator.py
[2024-03-26T10:12:48.414+0000] {processor.py:830} INFO - Processing file /home/airflow/.local/lib/python3.8/site-packages/airflow/example_dags/example_branch_operator.py for tasks to queue
[2024-03-26T10:12:48.416+0000] {logging_mixin.py:188} INFO - [2024-03-26T10:12:48.416+0000] {dagbag.py:538} INFO - Filling up the DagBag from /home/airflow/.local/lib/python3.8/site-packages/airflow/example_dags/example_branch_operator.py
[2024-03-26T10:12:48.435+0000] {processor.py:840} INFO - DAG(s) 'example_branch_operator' retrieved from /home/airflow/.local/lib/python3.8/site-packages/airflow/example_dags/example_branch_operator.py
[2024-03-26T10:12:48.448+0000] {logging_mixin.py:188} INFO - [2024-03-26T10:12:48.448+0000] {dag.py:3036} INFO - Sync 1 DAGs
[2024-03-26T10:12:48.479+0000] {logging_mixin.py:188} INFO - [2024-03-26T10:12:48.479+0000] {dag.py:3823} INFO - Setting next_dagrun for example_branch_operator to 2024-03-25 00:00:00+00:00, run_after=2024-03-26 00:00:00+00:00
[2024-03-26T10:12:48.499+0000] {processor.py:183} INFO - Processing /home/airflow/.local/lib/python3.8/site-packages/airflow/example_dags/example_branch_operator.py took 0.091 seconds
[2024-03-26T10:13:18.645+0000] {processor.py:161} INFO - Started process (PID=102) to work on /home/airflow/.local/lib/python3.8/site-packages/airflow/example_dags/example_branch_operator.py
[2024-03-26T10:13:18.646+0000] {processor.py:830} INFO - Processing file /home/airflow/.local/lib/python3.8/site-packages/airflow/example_dags/example_branch_operator.py for tasks to queue
[2024-03-26T10:13:18.647+0000] {logging_mixin.py:188} INFO - [2024-03-26T10:13:18.647+0000] {dagbag.py:538} INFO - Filling up the DagBag from /home/airflow/.local/lib/python3.8/site-packages/airflow/example_dags/example_branch_operator.py
[2024-03-26T10:13:18.661+0000] {processor.py:840} INFO - DAG(s) 'example_branch_operator' retrieved from /home/airflow/.local/lib/python3.8/site-packages/airflow/example_dags/example_branch_operator.py
[2024-03-26T10:13:18.747+0000] {logging_mixin.py:188} INFO - [2024-03-26T10:13:18.747+0000] {dag.py:3036} INFO - Sync 1 DAGs
[2024-03-26T10:13:18.764+0000] {logging_mixin.py:188} INFO - [2024-03-26T10:13:18.764+0000] {dag.py:3823} INFO - Setting next_dagrun for example_branch_operator to 2024-03-25 00:00:00+00:00, run_after=2024-03-26 00:00:00+00:00
[2024-03-26T10:13:18.781+0000] {processor.py:183} INFO - Processing /home/airflow/.local/lib/python3.8/site-packages/airflow/example_dags/example_branch_operator.py took 0.138 seconds
[2024-03-26T10:13:48.840+0000] {processor.py:161} INFO - Started process (PID=159) to work on /home/airflow/.local/lib/python3.8/site-packages/airflow/example_dags/example_branch_operator.py
[2024-03-26T10:13:48.841+0000] {processor.py:830} INFO - Processing file /home/airflow/.local/lib/python3.8/site-packages/airflow/example_dags/example_branch_operator.py for tasks to queue
[2024-03-26T10:13:48.842+0000] {logging_mixin.py:188} INFO - [2024-03-26T10:13:48.842+0000] {dagbag.py:538} INFO - Filling up the DagBag from /home/airflow/.local/lib/python3.8/site-packages/airflow/example_dags/example_branch_operator.py
[2024-03-26T10:13:48.855+0000] {processor.py:840} INFO - DAG(s) 'example_branch_operator' retrieved from /home/airflow/.local/lib/python3.8/site-packages/airflow/example_dags/example_branch_operator.py
[2024-03-26T10:13:48.876+0000] {logging_mixin.py:188} INFO - [2024-03-26T10:13:48.876+0000] {dag.py:3036} INFO - Sync 1 DAGs
[2024-03-26T10:13:48.897+0000] {logging_mixin.py:188} INFO - [2024-03-26T10:13:48.897+0000] {dag.py:3823} INFO - Setting next_dagrun for example_branch_operator to 2024-03-25 00:00:00+00:00, run_after=2024-03-26 00:00:00+00:00
[2024-03-26T10:13:48.911+0000] {processor.py:183} INFO - Processing /home/airflow/.local/lib/python3.8/site-packages/airflow/example_dags/example_branch_operator.py took 0.074 seconds
[2024-03-26T10:14:18.959+0000] {processor.py:161} INFO - Started process (PID=216) to work on /home/airflow/.local/lib/python3.8/site-packages/airflow/example_dags/example_branch_operator.py
[2024-03-26T10:14:18.960+0000] {processor.py:830} INFO - Processing file /home/airflow/.local/lib/python3.8/site-packages/airflow/example_dags/example_branch_operator.py for tasks to queue
[2024-03-26T10:14:18.961+0000] {logging_mixin.py:188} INFO - [2024-03-26T10:14:18.961+0000] {dagbag.py:538} INFO - Filling up the DagBag from /home/airflow/.local/lib/python3.8/site-packages/airflow/example_dags/example_branch_operator.py
[2024-03-26T10:14:18.975+0000] {processor.py:840} INFO - DAG(s) 'example_branch_operator' retrieved from /home/airflow/.local/lib/python3.8/site-packages/airflow/example_dags/example_branch_operator.py
[2024-03-26T10:14:18.997+0000] {logging_mixin.py:188} INFO - [2024-03-26T10:14:18.997+0000] {dag.py:3036} INFO - Sync 1 DAGs
[2024-03-26T10:14:19.021+0000] {logging_mixin.py:188} INFO - [2024-03-26T10:14:19.020+0000] {dag.py:3823} INFO - Setting next_dagrun for example_branch_operator to 2024-03-25 00:00:00+00:00, run_after=2024-03-26 00:00:00+00:00
[2024-03-26T10:14:19.037+0000] {processor.py:183} INFO - Processing /home/airflow/.local/lib/python3.8/site-packages/airflow/example_dags/example_branch_operator.py took 0.080 seconds
[2024-03-26T10:15:14.425+0000] {processor.py:161} INFO - Started process (PID=47) to work on /home/airflow/.local/lib/python3.8/site-packages/airflow/example_dags/example_branch_operator.py
[2024-03-26T10:15:14.426+0000] {processor.py:830} INFO - Processing file /home/airflow/.local/lib/python3.8/site-packages/airflow/example_dags/example_branch_operator.py for tasks to queue
[2024-03-26T10:15:14.428+0000] {logging_mixin.py:188} INFO - [2024-03-26T10:15:14.428+0000] {dagbag.py:538} INFO - Filling up the DagBag from /home/airflow/.local/lib/python3.8/site-packages/airflow/example_dags/example_branch_operator.py
[2024-03-26T10:15:14.447+0000] {processor.py:840} INFO - DAG(s) 'example_branch_operator' retrieved from /home/airflow/.local/lib/python3.8/site-packages/airflow/example_dags/example_branch_operator.py
[2024-03-26T10:15:14.461+0000] {logging_mixin.py:188} INFO - [2024-03-26T10:15:14.460+0000] {dag.py:3036} INFO - Sync 1 DAGs
[2024-03-26T10:15:14.489+0000] {logging_mixin.py:188} INFO - [2024-03-26T10:15:14.488+0000] {dag.py:3823} INFO - Setting next_dagrun for example_branch_operator to 2024-03-25 00:00:00+00:00, run_after=2024-03-26 00:00:00+00:00
[2024-03-26T10:15:14.513+0000] {processor.py:183} INFO - Processing /home/airflow/.local/lib/python3.8/site-packages/airflow/example_dags/example_branch_operator.py took 0.091 seconds
[2024-03-26T10:15:44.636+0000] {processor.py:161} INFO - Started process (PID=102) to work on /home/airflow/.local/lib/python3.8/site-packages/airflow/example_dags/example_branch_operator.py
[2024-03-26T10:15:44.637+0000] {processor.py:830} INFO - Processing file /home/airflow/.local/lib/python3.8/site-packages/airflow/example_dags/example_branch_operator.py for tasks to queue
[2024-03-26T10:15:44.638+0000] {logging_mixin.py:188} INFO - [2024-03-26T10:15:44.638+0000] {dagbag.py:538} INFO - Filling up the DagBag from /home/airflow/.local/lib/python3.8/site-packages/airflow/example_dags/example_branch_operator.py
[2024-03-26T10:15:44.653+0000] {processor.py:840} INFO - DAG(s) 'example_branch_operator' retrieved from /home/airflow/.local/lib/python3.8/site-packages/airflow/example_dags/example_branch_operator.py
[2024-03-26T10:15:44.748+0000] {logging_mixin.py:188} INFO - [2024-03-26T10:15:44.747+0000] {dag.py:3036} INFO - Sync 1 DAGs
[2024-03-26T10:15:44.766+0000] {logging_mixin.py:188} INFO - [2024-03-26T10:15:44.766+0000] {dag.py:3823} INFO - Setting next_dagrun for example_branch_operator to 2024-03-25 00:00:00+00:00, run_after=2024-03-26 00:00:00+00:00
[2024-03-26T10:15:44.783+0000] {processor.py:183} INFO - Processing /home/airflow/.local/lib/python3.8/site-packages/airflow/example_dags/example_branch_operator.py took 0.149 seconds
[2024-03-26T10:17:21.185+0000] {processor.py:161} INFO - Started process (PID=46) to work on /home/airflow/.local/lib/python3.8/site-packages/airflow/example_dags/example_branch_operator.py
[2024-03-26T10:17:21.186+0000] {processor.py:830} INFO - Processing file /home/airflow/.local/lib/python3.8/site-packages/airflow/example_dags/example_branch_operator.py for tasks to queue
[2024-03-26T10:17:21.189+0000] {logging_mixin.py:188} INFO - [2024-03-26T10:17:21.188+0000] {dagbag.py:538} INFO - Filling up the DagBag from /home/airflow/.local/lib/python3.8/site-packages/airflow/example_dags/example_branch_operator.py
[2024-03-26T10:17:21.211+0000] {processor.py:840} INFO - DAG(s) 'example_branch_operator' retrieved from /home/airflow/.local/lib/python3.8/site-packages/airflow/example_dags/example_branch_operator.py
[2024-03-26T10:17:21.221+0000] {logging_mixin.py:188} INFO - [2024-03-26T10:17:21.220+0000] {dag.py:3036} INFO - Sync 1 DAGs
[2024-03-26T10:17:21.244+0000] {logging_mixin.py:188} INFO - [2024-03-26T10:17:21.244+0000] {dag.py:3823} INFO - Setting next_dagrun for example_branch_operator to 2024-03-25 00:00:00+00:00, run_after=2024-03-26 00:00:00+00:00
[2024-03-26T10:17:21.263+0000] {processor.py:183} INFO - Processing /home/airflow/.local/lib/python3.8/site-packages/airflow/example_dags/example_branch_operator.py took 0.080 seconds
[2024-03-26T10:17:52.015+0000] {processor.py:161} INFO - Started process (PID=102) to work on /home/airflow/.local/lib/python3.8/site-packages/airflow/example_dags/example_branch_operator.py
[2024-03-26T10:17:52.016+0000] {processor.py:830} INFO - Processing file /home/airflow/.local/lib/python3.8/site-packages/airflow/example_dags/example_branch_operator.py for tasks to queue
[2024-03-26T10:17:52.018+0000] {logging_mixin.py:188} INFO - [2024-03-26T10:17:52.017+0000] {dagbag.py:538} INFO - Filling up the DagBag from /home/airflow/.local/lib/python3.8/site-packages/airflow/example_dags/example_branch_operator.py
[2024-03-26T10:17:52.032+0000] {processor.py:840} INFO - DAG(s) 'example_branch_operator' retrieved from /home/airflow/.local/lib/python3.8/site-packages/airflow/example_dags/example_branch_operator.py
[2024-03-26T10:17:52.117+0000] {logging_mixin.py:188} INFO - [2024-03-26T10:17:52.117+0000] {dag.py:3036} INFO - Sync 1 DAGs
[2024-03-26T10:17:52.136+0000] {logging_mixin.py:188} INFO - [2024-03-26T10:17:52.135+0000] {dag.py:3823} INFO - Setting next_dagrun for example_branch_operator to 2024-03-25 00:00:00+00:00, run_after=2024-03-26 00:00:00+00:00
[2024-03-26T10:17:52.153+0000] {processor.py:183} INFO - Processing /home/airflow/.local/lib/python3.8/site-packages/airflow/example_dags/example_branch_operator.py took 0.140 seconds
