[2024-03-26T08:41:07.490+0000] {processor.py:161} INFO - Started process (PID=73) to work on /home/airflow/.local/lib/python3.8/site-packages/airflow/example_dags/example_bash_operator.py
[2024-03-26T08:41:07.492+0000] {processor.py:830} INFO - Processing file /home/airflow/.local/lib/python3.8/site-packages/airflow/example_dags/example_bash_operator.py for tasks to queue
[2024-03-26T08:41:07.494+0000] {logging_mixin.py:188} INFO - [2024-03-26T08:41:07.493+0000] {dagbag.py:538} INFO - Filling up the DagBag from /home/airflow/.local/lib/python3.8/site-packages/airflow/example_dags/example_bash_operator.py
[2024-03-26T08:41:07.508+0000] {processor.py:840} INFO - DAG(s) 'example_bash_operator' retrieved from /home/airflow/.local/lib/python3.8/site-packages/airflow/example_dags/example_bash_operator.py
[2024-03-26T08:41:07.522+0000] {logging_mixin.py:188} INFO - [2024-03-26T08:41:07.522+0000] {dag.py:3036} INFO - Sync 1 DAGs
[2024-03-26T08:41:07.545+0000] {logging_mixin.py:188} INFO - [2024-03-26T08:41:07.545+0000] {dag.py:3823} INFO - Setting next_dagrun for example_bash_operator to 2024-03-25 00:00:00+00:00, run_after=2024-03-26 00:00:00+00:00
[2024-03-26T08:41:07.564+0000] {processor.py:183} INFO - Processing /home/airflow/.local/lib/python3.8/site-packages/airflow/example_dags/example_bash_operator.py took 0.076 seconds
[2024-03-26T08:41:39.113+0000] {processor.py:161} INFO - Started process (PID=129) to work on /home/airflow/.local/lib/python3.8/site-packages/airflow/example_dags/example_bash_operator.py
[2024-03-26T08:41:39.114+0000] {processor.py:830} INFO - Processing file /home/airflow/.local/lib/python3.8/site-packages/airflow/example_dags/example_bash_operator.py for tasks to queue
[2024-03-26T08:41:39.116+0000] {logging_mixin.py:188} INFO - [2024-03-26T08:41:39.115+0000] {dagbag.py:538} INFO - Filling up the DagBag from /home/airflow/.local/lib/python3.8/site-packages/airflow/example_dags/example_bash_operator.py
[2024-03-26T08:41:39.126+0000] {processor.py:840} INFO - DAG(s) 'example_bash_operator' retrieved from /home/airflow/.local/lib/python3.8/site-packages/airflow/example_dags/example_bash_operator.py
[2024-03-26T08:41:39.230+0000] {logging_mixin.py:188} INFO - [2024-03-26T08:41:39.230+0000] {dag.py:3036} INFO - Sync 1 DAGs
[2024-03-26T08:41:39.249+0000] {logging_mixin.py:188} INFO - [2024-03-26T08:41:39.248+0000] {dag.py:3823} INFO - Setting next_dagrun for example_bash_operator to 2024-03-25 00:00:00+00:00, run_after=2024-03-26 00:00:00+00:00
[2024-03-26T08:41:39.272+0000] {processor.py:183} INFO - Processing /home/airflow/.local/lib/python3.8/site-packages/airflow/example_dags/example_bash_operator.py took 0.161 seconds
[2024-03-26T08:43:47.715+0000] {processor.py:161} INFO - Started process (PID=73) to work on /home/airflow/.local/lib/python3.8/site-packages/airflow/example_dags/example_bash_operator.py
[2024-03-26T08:43:47.716+0000] {processor.py:830} INFO - Processing file /home/airflow/.local/lib/python3.8/site-packages/airflow/example_dags/example_bash_operator.py for tasks to queue
[2024-03-26T08:43:47.718+0000] {logging_mixin.py:188} INFO - [2024-03-26T08:43:47.717+0000] {dagbag.py:538} INFO - Filling up the DagBag from /home/airflow/.local/lib/python3.8/site-packages/airflow/example_dags/example_bash_operator.py
[2024-03-26T08:43:47.728+0000] {processor.py:840} INFO - DAG(s) 'example_bash_operator' retrieved from /home/airflow/.local/lib/python3.8/site-packages/airflow/example_dags/example_bash_operator.py
[2024-03-26T08:43:47.737+0000] {logging_mixin.py:188} INFO - [2024-03-26T08:43:47.737+0000] {dag.py:3036} INFO - Sync 1 DAGs
[2024-03-26T08:43:47.760+0000] {logging_mixin.py:188} INFO - [2024-03-26T08:43:47.760+0000] {dag.py:3823} INFO - Setting next_dagrun for example_bash_operator to 2024-03-25 00:00:00+00:00, run_after=2024-03-26 00:00:00+00:00
[2024-03-26T08:43:47.782+0000] {processor.py:183} INFO - Processing /home/airflow/.local/lib/python3.8/site-packages/airflow/example_dags/example_bash_operator.py took 0.069 seconds
[2024-03-26T08:44:19.419+0000] {processor.py:161} INFO - Started process (PID=129) to work on /home/airflow/.local/lib/python3.8/site-packages/airflow/example_dags/example_bash_operator.py
[2024-03-26T08:44:19.420+0000] {processor.py:830} INFO - Processing file /home/airflow/.local/lib/python3.8/site-packages/airflow/example_dags/example_bash_operator.py for tasks to queue
[2024-03-26T08:44:19.422+0000] {logging_mixin.py:188} INFO - [2024-03-26T08:44:19.421+0000] {dagbag.py:538} INFO - Filling up the DagBag from /home/airflow/.local/lib/python3.8/site-packages/airflow/example_dags/example_bash_operator.py
[2024-03-26T08:44:19.430+0000] {processor.py:840} INFO - DAG(s) 'example_bash_operator' retrieved from /home/airflow/.local/lib/python3.8/site-packages/airflow/example_dags/example_bash_operator.py
[2024-03-26T08:44:19.519+0000] {logging_mixin.py:188} INFO - [2024-03-26T08:44:19.519+0000] {dag.py:3036} INFO - Sync 1 DAGs
[2024-03-26T08:44:19.536+0000] {logging_mixin.py:188} INFO - [2024-03-26T08:44:19.536+0000] {dag.py:3823} INFO - Setting next_dagrun for example_bash_operator to 2024-03-25 00:00:00+00:00, run_after=2024-03-26 00:00:00+00:00
[2024-03-26T08:44:19.552+0000] {processor.py:183} INFO - Processing /home/airflow/.local/lib/python3.8/site-packages/airflow/example_dags/example_bash_operator.py took 0.135 seconds
[2024-03-26T08:44:49.618+0000] {processor.py:161} INFO - Started process (PID=185) to work on /home/airflow/.local/lib/python3.8/site-packages/airflow/example_dags/example_bash_operator.py
[2024-03-26T08:44:49.618+0000] {processor.py:830} INFO - Processing file /home/airflow/.local/lib/python3.8/site-packages/airflow/example_dags/example_bash_operator.py for tasks to queue
[2024-03-26T08:44:49.620+0000] {logging_mixin.py:188} INFO - [2024-03-26T08:44:49.620+0000] {dagbag.py:538} INFO - Filling up the DagBag from /home/airflow/.local/lib/python3.8/site-packages/airflow/example_dags/example_bash_operator.py
[2024-03-26T08:44:49.628+0000] {processor.py:840} INFO - DAG(s) 'example_bash_operator' retrieved from /home/airflow/.local/lib/python3.8/site-packages/airflow/example_dags/example_bash_operator.py
[2024-03-26T08:44:49.651+0000] {logging_mixin.py:188} INFO - [2024-03-26T08:44:49.651+0000] {dag.py:3036} INFO - Sync 1 DAGs
[2024-03-26T08:44:49.670+0000] {logging_mixin.py:188} INFO - [2024-03-26T08:44:49.670+0000] {dag.py:3823} INFO - Setting next_dagrun for example_bash_operator to 2024-03-25 00:00:00+00:00, run_after=2024-03-26 00:00:00+00:00
[2024-03-26T08:44:49.684+0000] {processor.py:183} INFO - Processing /home/airflow/.local/lib/python3.8/site-packages/airflow/example_dags/example_bash_operator.py took 0.069 seconds
[2024-03-26T08:45:19.878+0000] {processor.py:161} INFO - Started process (PID=241) to work on /home/airflow/.local/lib/python3.8/site-packages/airflow/example_dags/example_bash_operator.py
[2024-03-26T08:45:19.879+0000] {processor.py:830} INFO - Processing file /home/airflow/.local/lib/python3.8/site-packages/airflow/example_dags/example_bash_operator.py for tasks to queue
[2024-03-26T08:45:19.881+0000] {logging_mixin.py:188} INFO - [2024-03-26T08:45:19.880+0000] {dagbag.py:538} INFO - Filling up the DagBag from /home/airflow/.local/lib/python3.8/site-packages/airflow/example_dags/example_bash_operator.py
[2024-03-26T08:45:19.890+0000] {processor.py:840} INFO - DAG(s) 'example_bash_operator' retrieved from /home/airflow/.local/lib/python3.8/site-packages/airflow/example_dags/example_bash_operator.py
[2024-03-26T08:45:19.918+0000] {logging_mixin.py:188} INFO - [2024-03-26T08:45:19.917+0000] {dag.py:3036} INFO - Sync 1 DAGs
[2024-03-26T08:45:19.942+0000] {logging_mixin.py:188} INFO - [2024-03-26T08:45:19.942+0000] {dag.py:3823} INFO - Setting next_dagrun for example_bash_operator to 2024-03-25 00:00:00+00:00, run_after=2024-03-26 00:00:00+00:00
[2024-03-26T08:45:19.960+0000] {processor.py:183} INFO - Processing /home/airflow/.local/lib/python3.8/site-packages/airflow/example_dags/example_bash_operator.py took 0.084 seconds
[2024-03-26T08:45:50.116+0000] {processor.py:161} INFO - Started process (PID=297) to work on /home/airflow/.local/lib/python3.8/site-packages/airflow/example_dags/example_bash_operator.py
[2024-03-26T08:45:50.117+0000] {processor.py:830} INFO - Processing file /home/airflow/.local/lib/python3.8/site-packages/airflow/example_dags/example_bash_operator.py for tasks to queue
[2024-03-26T08:45:50.119+0000] {logging_mixin.py:188} INFO - [2024-03-26T08:45:50.118+0000] {dagbag.py:538} INFO - Filling up the DagBag from /home/airflow/.local/lib/python3.8/site-packages/airflow/example_dags/example_bash_operator.py
[2024-03-26T08:45:50.128+0000] {processor.py:840} INFO - DAG(s) 'example_bash_operator' retrieved from /home/airflow/.local/lib/python3.8/site-packages/airflow/example_dags/example_bash_operator.py
[2024-03-26T08:45:50.152+0000] {logging_mixin.py:188} INFO - [2024-03-26T08:45:50.152+0000] {dag.py:3036} INFO - Sync 1 DAGs
[2024-03-26T08:45:50.173+0000] {logging_mixin.py:188} INFO - [2024-03-26T08:45:50.173+0000] {dag.py:3823} INFO - Setting next_dagrun for example_bash_operator to 2024-03-25 00:00:00+00:00, run_after=2024-03-26 00:00:00+00:00
[2024-03-26T08:45:50.189+0000] {processor.py:183} INFO - Processing /home/airflow/.local/lib/python3.8/site-packages/airflow/example_dags/example_bash_operator.py took 0.075 seconds
[2024-03-26T08:46:20.370+0000] {processor.py:161} INFO - Started process (PID=353) to work on /home/airflow/.local/lib/python3.8/site-packages/airflow/example_dags/example_bash_operator.py
[2024-03-26T08:46:20.371+0000] {processor.py:830} INFO - Processing file /home/airflow/.local/lib/python3.8/site-packages/airflow/example_dags/example_bash_operator.py for tasks to queue
[2024-03-26T08:46:20.373+0000] {logging_mixin.py:188} INFO - [2024-03-26T08:46:20.373+0000] {dagbag.py:538} INFO - Filling up the DagBag from /home/airflow/.local/lib/python3.8/site-packages/airflow/example_dags/example_bash_operator.py
[2024-03-26T08:46:20.382+0000] {processor.py:840} INFO - DAG(s) 'example_bash_operator' retrieved from /home/airflow/.local/lib/python3.8/site-packages/airflow/example_dags/example_bash_operator.py
[2024-03-26T08:46:20.405+0000] {logging_mixin.py:188} INFO - [2024-03-26T08:46:20.405+0000] {dag.py:3036} INFO - Sync 1 DAGs
[2024-03-26T08:46:20.424+0000] {logging_mixin.py:188} INFO - [2024-03-26T08:46:20.424+0000] {dag.py:3823} INFO - Setting next_dagrun for example_bash_operator to 2024-03-25 00:00:00+00:00, run_after=2024-03-26 00:00:00+00:00
[2024-03-26T08:46:20.440+0000] {processor.py:183} INFO - Processing /home/airflow/.local/lib/python3.8/site-packages/airflow/example_dags/example_bash_operator.py took 0.072 seconds
[2024-03-26T08:46:50.594+0000] {processor.py:161} INFO - Started process (PID=409) to work on /home/airflow/.local/lib/python3.8/site-packages/airflow/example_dags/example_bash_operator.py
[2024-03-26T08:46:50.595+0000] {processor.py:830} INFO - Processing file /home/airflow/.local/lib/python3.8/site-packages/airflow/example_dags/example_bash_operator.py for tasks to queue
[2024-03-26T08:46:50.597+0000] {logging_mixin.py:188} INFO - [2024-03-26T08:46:50.596+0000] {dagbag.py:538} INFO - Filling up the DagBag from /home/airflow/.local/lib/python3.8/site-packages/airflow/example_dags/example_bash_operator.py
[2024-03-26T08:46:50.606+0000] {processor.py:840} INFO - DAG(s) 'example_bash_operator' retrieved from /home/airflow/.local/lib/python3.8/site-packages/airflow/example_dags/example_bash_operator.py
[2024-03-26T08:46:50.629+0000] {logging_mixin.py:188} INFO - [2024-03-26T08:46:50.629+0000] {dag.py:3036} INFO - Sync 1 DAGs
[2024-03-26T08:46:50.648+0000] {logging_mixin.py:188} INFO - [2024-03-26T08:46:50.648+0000] {dag.py:3823} INFO - Setting next_dagrun for example_bash_operator to 2024-03-25 00:00:00+00:00, run_after=2024-03-26 00:00:00+00:00
[2024-03-26T08:46:50.664+0000] {processor.py:183} INFO - Processing /home/airflow/.local/lib/python3.8/site-packages/airflow/example_dags/example_bash_operator.py took 0.072 seconds
[2024-03-26T08:47:20.814+0000] {processor.py:161} INFO - Started process (PID=465) to work on /home/airflow/.local/lib/python3.8/site-packages/airflow/example_dags/example_bash_operator.py
[2024-03-26T08:47:20.815+0000] {processor.py:830} INFO - Processing file /home/airflow/.local/lib/python3.8/site-packages/airflow/example_dags/example_bash_operator.py for tasks to queue
[2024-03-26T08:47:20.817+0000] {logging_mixin.py:188} INFO - [2024-03-26T08:47:20.817+0000] {dagbag.py:538} INFO - Filling up the DagBag from /home/airflow/.local/lib/python3.8/site-packages/airflow/example_dags/example_bash_operator.py
[2024-03-26T08:47:20.826+0000] {processor.py:840} INFO - DAG(s) 'example_bash_operator' retrieved from /home/airflow/.local/lib/python3.8/site-packages/airflow/example_dags/example_bash_operator.py
[2024-03-26T08:47:20.850+0000] {logging_mixin.py:188} INFO - [2024-03-26T08:47:20.850+0000] {dag.py:3036} INFO - Sync 1 DAGs
[2024-03-26T08:47:20.870+0000] {logging_mixin.py:188} INFO - [2024-03-26T08:47:20.870+0000] {dag.py:3823} INFO - Setting next_dagrun for example_bash_operator to 2024-03-25 00:00:00+00:00, run_after=2024-03-26 00:00:00+00:00
[2024-03-26T08:47:20.885+0000] {processor.py:183} INFO - Processing /home/airflow/.local/lib/python3.8/site-packages/airflow/example_dags/example_bash_operator.py took 0.073 seconds
[2024-03-26T08:47:51.029+0000] {processor.py:161} INFO - Started process (PID=521) to work on /home/airflow/.local/lib/python3.8/site-packages/airflow/example_dags/example_bash_operator.py
[2024-03-26T08:47:51.030+0000] {processor.py:830} INFO - Processing file /home/airflow/.local/lib/python3.8/site-packages/airflow/example_dags/example_bash_operator.py for tasks to queue
[2024-03-26T08:47:51.031+0000] {logging_mixin.py:188} INFO - [2024-03-26T08:47:51.031+0000] {dagbag.py:538} INFO - Filling up the DagBag from /home/airflow/.local/lib/python3.8/site-packages/airflow/example_dags/example_bash_operator.py
[2024-03-26T08:47:51.040+0000] {processor.py:840} INFO - DAG(s) 'example_bash_operator' retrieved from /home/airflow/.local/lib/python3.8/site-packages/airflow/example_dags/example_bash_operator.py
[2024-03-26T08:47:51.063+0000] {logging_mixin.py:188} INFO - [2024-03-26T08:47:51.063+0000] {dag.py:3036} INFO - Sync 1 DAGs
[2024-03-26T08:47:51.083+0000] {logging_mixin.py:188} INFO - [2024-03-26T08:47:51.083+0000] {dag.py:3823} INFO - Setting next_dagrun for example_bash_operator to 2024-03-25 00:00:00+00:00, run_after=2024-03-26 00:00:00+00:00
[2024-03-26T08:47:51.098+0000] {processor.py:183} INFO - Processing /home/airflow/.local/lib/python3.8/site-packages/airflow/example_dags/example_bash_operator.py took 0.071 seconds
[2024-03-26T08:48:21.397+0000] {processor.py:161} INFO - Started process (PID=577) to work on /home/airflow/.local/lib/python3.8/site-packages/airflow/example_dags/example_bash_operator.py
[2024-03-26T08:48:21.398+0000] {processor.py:830} INFO - Processing file /home/airflow/.local/lib/python3.8/site-packages/airflow/example_dags/example_bash_operator.py for tasks to queue
[2024-03-26T08:48:21.399+0000] {logging_mixin.py:188} INFO - [2024-03-26T08:48:21.399+0000] {dagbag.py:538} INFO - Filling up the DagBag from /home/airflow/.local/lib/python3.8/site-packages/airflow/example_dags/example_bash_operator.py
[2024-03-26T08:48:21.408+0000] {processor.py:840} INFO - DAG(s) 'example_bash_operator' retrieved from /home/airflow/.local/lib/python3.8/site-packages/airflow/example_dags/example_bash_operator.py
[2024-03-26T08:48:21.432+0000] {logging_mixin.py:188} INFO - [2024-03-26T08:48:21.432+0000] {dag.py:3036} INFO - Sync 1 DAGs
[2024-03-26T08:48:21.451+0000] {logging_mixin.py:188} INFO - [2024-03-26T08:48:21.451+0000] {dag.py:3823} INFO - Setting next_dagrun for example_bash_operator to 2024-03-25 00:00:00+00:00, run_after=2024-03-26 00:00:00+00:00
[2024-03-26T08:48:21.467+0000] {processor.py:183} INFO - Processing /home/airflow/.local/lib/python3.8/site-packages/airflow/example_dags/example_bash_operator.py took 0.073 seconds
[2024-03-26T08:48:51.837+0000] {processor.py:161} INFO - Started process (PID=633) to work on /home/airflow/.local/lib/python3.8/site-packages/airflow/example_dags/example_bash_operator.py
[2024-03-26T08:48:51.838+0000] {processor.py:830} INFO - Processing file /home/airflow/.local/lib/python3.8/site-packages/airflow/example_dags/example_bash_operator.py for tasks to queue
[2024-03-26T08:48:51.840+0000] {logging_mixin.py:188} INFO - [2024-03-26T08:48:51.840+0000] {dagbag.py:538} INFO - Filling up the DagBag from /home/airflow/.local/lib/python3.8/site-packages/airflow/example_dags/example_bash_operator.py
[2024-03-26T08:48:51.850+0000] {processor.py:840} INFO - DAG(s) 'example_bash_operator' retrieved from /home/airflow/.local/lib/python3.8/site-packages/airflow/example_dags/example_bash_operator.py
[2024-03-26T08:48:51.875+0000] {logging_mixin.py:188} INFO - [2024-03-26T08:48:51.875+0000] {dag.py:3036} INFO - Sync 1 DAGs
[2024-03-26T08:48:51.894+0000] {logging_mixin.py:188} INFO - [2024-03-26T08:48:51.894+0000] {dag.py:3823} INFO - Setting next_dagrun for example_bash_operator to 2024-03-25 00:00:00+00:00, run_after=2024-03-26 00:00:00+00:00
[2024-03-26T08:48:51.909+0000] {processor.py:183} INFO - Processing /home/airflow/.local/lib/python3.8/site-packages/airflow/example_dags/example_bash_operator.py took 0.074 seconds
[2024-03-26T08:49:22.147+0000] {processor.py:161} INFO - Started process (PID=689) to work on /home/airflow/.local/lib/python3.8/site-packages/airflow/example_dags/example_bash_operator.py
[2024-03-26T08:49:22.148+0000] {processor.py:830} INFO - Processing file /home/airflow/.local/lib/python3.8/site-packages/airflow/example_dags/example_bash_operator.py for tasks to queue
[2024-03-26T08:49:22.150+0000] {logging_mixin.py:188} INFO - [2024-03-26T08:49:22.150+0000] {dagbag.py:538} INFO - Filling up the DagBag from /home/airflow/.local/lib/python3.8/site-packages/airflow/example_dags/example_bash_operator.py
[2024-03-26T08:49:22.159+0000] {processor.py:840} INFO - DAG(s) 'example_bash_operator' retrieved from /home/airflow/.local/lib/python3.8/site-packages/airflow/example_dags/example_bash_operator.py
[2024-03-26T08:49:22.183+0000] {logging_mixin.py:188} INFO - [2024-03-26T08:49:22.183+0000] {dag.py:3036} INFO - Sync 1 DAGs
[2024-03-26T08:49:22.201+0000] {logging_mixin.py:188} INFO - [2024-03-26T08:49:22.201+0000] {dag.py:3823} INFO - Setting next_dagrun for example_bash_operator to 2024-03-25 00:00:00+00:00, run_after=2024-03-26 00:00:00+00:00
[2024-03-26T08:49:22.217+0000] {processor.py:183} INFO - Processing /home/airflow/.local/lib/python3.8/site-packages/airflow/example_dags/example_bash_operator.py took 0.071 seconds
[2024-03-26T08:49:52.553+0000] {processor.py:161} INFO - Started process (PID=745) to work on /home/airflow/.local/lib/python3.8/site-packages/airflow/example_dags/example_bash_operator.py
[2024-03-26T08:49:52.554+0000] {processor.py:830} INFO - Processing file /home/airflow/.local/lib/python3.8/site-packages/airflow/example_dags/example_bash_operator.py for tasks to queue
[2024-03-26T08:49:52.556+0000] {logging_mixin.py:188} INFO - [2024-03-26T08:49:52.556+0000] {dagbag.py:538} INFO - Filling up the DagBag from /home/airflow/.local/lib/python3.8/site-packages/airflow/example_dags/example_bash_operator.py
[2024-03-26T08:49:52.565+0000] {processor.py:840} INFO - DAG(s) 'example_bash_operator' retrieved from /home/airflow/.local/lib/python3.8/site-packages/airflow/example_dags/example_bash_operator.py
[2024-03-26T08:49:52.594+0000] {logging_mixin.py:188} INFO - [2024-03-26T08:49:52.593+0000] {dag.py:3036} INFO - Sync 1 DAGs
[2024-03-26T08:49:52.614+0000] {logging_mixin.py:188} INFO - [2024-03-26T08:49:52.614+0000] {dag.py:3823} INFO - Setting next_dagrun for example_bash_operator to 2024-03-25 00:00:00+00:00, run_after=2024-03-26 00:00:00+00:00
[2024-03-26T08:49:52.631+0000] {processor.py:183} INFO - Processing /home/airflow/.local/lib/python3.8/site-packages/airflow/example_dags/example_bash_operator.py took 0.080 seconds
[2024-03-26T08:50:23.120+0000] {processor.py:161} INFO - Started process (PID=801) to work on /home/airflow/.local/lib/python3.8/site-packages/airflow/example_dags/example_bash_operator.py
[2024-03-26T08:50:23.121+0000] {processor.py:830} INFO - Processing file /home/airflow/.local/lib/python3.8/site-packages/airflow/example_dags/example_bash_operator.py for tasks to queue
[2024-03-26T08:50:23.122+0000] {logging_mixin.py:188} INFO - [2024-03-26T08:50:23.122+0000] {dagbag.py:538} INFO - Filling up the DagBag from /home/airflow/.local/lib/python3.8/site-packages/airflow/example_dags/example_bash_operator.py
[2024-03-26T08:50:23.132+0000] {processor.py:840} INFO - DAG(s) 'example_bash_operator' retrieved from /home/airflow/.local/lib/python3.8/site-packages/airflow/example_dags/example_bash_operator.py
[2024-03-26T08:50:23.158+0000] {logging_mixin.py:188} INFO - [2024-03-26T08:50:23.158+0000] {dag.py:3036} INFO - Sync 1 DAGs
[2024-03-26T08:50:23.180+0000] {logging_mixin.py:188} INFO - [2024-03-26T08:50:23.180+0000] {dag.py:3823} INFO - Setting next_dagrun for example_bash_operator to 2024-03-25 00:00:00+00:00, run_after=2024-03-26 00:00:00+00:00
[2024-03-26T08:50:23.198+0000] {processor.py:183} INFO - Processing /home/airflow/.local/lib/python3.8/site-packages/airflow/example_dags/example_bash_operator.py took 0.080 seconds
[2024-03-26T08:53:13.391+0000] {processor.py:161} INFO - Started process (PID=73) to work on /home/airflow/.local/lib/python3.8/site-packages/airflow/example_dags/example_bash_operator.py
[2024-03-26T08:53:13.392+0000] {processor.py:830} INFO - Processing file /home/airflow/.local/lib/python3.8/site-packages/airflow/example_dags/example_bash_operator.py for tasks to queue
[2024-03-26T08:53:13.394+0000] {logging_mixin.py:188} INFO - [2024-03-26T08:53:13.393+0000] {dagbag.py:538} INFO - Filling up the DagBag from /home/airflow/.local/lib/python3.8/site-packages/airflow/example_dags/example_bash_operator.py
[2024-03-26T08:53:13.407+0000] {processor.py:840} INFO - DAG(s) 'example_bash_operator' retrieved from /home/airflow/.local/lib/python3.8/site-packages/airflow/example_dags/example_bash_operator.py
[2024-03-26T08:53:13.416+0000] {logging_mixin.py:188} INFO - [2024-03-26T08:53:13.416+0000] {dag.py:3036} INFO - Sync 1 DAGs
[2024-03-26T08:53:13.439+0000] {logging_mixin.py:188} INFO - [2024-03-26T08:53:13.438+0000] {dag.py:3823} INFO - Setting next_dagrun for example_bash_operator to 2024-03-25 00:00:00+00:00, run_after=2024-03-26 00:00:00+00:00
[2024-03-26T08:53:13.456+0000] {processor.py:183} INFO - Processing /home/airflow/.local/lib/python3.8/site-packages/airflow/example_dags/example_bash_operator.py took 0.068 seconds
[2024-03-26T08:53:45.315+0000] {processor.py:161} INFO - Started process (PID=129) to work on /home/airflow/.local/lib/python3.8/site-packages/airflow/example_dags/example_bash_operator.py
[2024-03-26T08:53:45.316+0000] {processor.py:830} INFO - Processing file /home/airflow/.local/lib/python3.8/site-packages/airflow/example_dags/example_bash_operator.py for tasks to queue
[2024-03-26T08:53:45.317+0000] {logging_mixin.py:188} INFO - [2024-03-26T08:53:45.317+0000] {dagbag.py:538} INFO - Filling up the DagBag from /home/airflow/.local/lib/python3.8/site-packages/airflow/example_dags/example_bash_operator.py
[2024-03-26T08:53:45.326+0000] {processor.py:840} INFO - DAG(s) 'example_bash_operator' retrieved from /home/airflow/.local/lib/python3.8/site-packages/airflow/example_dags/example_bash_operator.py
[2024-03-26T08:53:45.418+0000] {logging_mixin.py:188} INFO - [2024-03-26T08:53:45.418+0000] {dag.py:3036} INFO - Sync 1 DAGs
[2024-03-26T08:53:45.436+0000] {logging_mixin.py:188} INFO - [2024-03-26T08:53:45.435+0000] {dag.py:3823} INFO - Setting next_dagrun for example_bash_operator to 2024-03-25 00:00:00+00:00, run_after=2024-03-26 00:00:00+00:00
[2024-03-26T08:53:45.451+0000] {processor.py:183} INFO - Processing /home/airflow/.local/lib/python3.8/site-packages/airflow/example_dags/example_bash_operator.py took 0.139 seconds
[2024-03-26T08:54:15.529+0000] {processor.py:161} INFO - Started process (PID=185) to work on /home/airflow/.local/lib/python3.8/site-packages/airflow/example_dags/example_bash_operator.py
[2024-03-26T08:54:15.530+0000] {processor.py:830} INFO - Processing file /home/airflow/.local/lib/python3.8/site-packages/airflow/example_dags/example_bash_operator.py for tasks to queue
[2024-03-26T08:54:15.532+0000] {logging_mixin.py:188} INFO - [2024-03-26T08:54:15.532+0000] {dagbag.py:538} INFO - Filling up the DagBag from /home/airflow/.local/lib/python3.8/site-packages/airflow/example_dags/example_bash_operator.py
[2024-03-26T08:54:15.541+0000] {processor.py:840} INFO - DAG(s) 'example_bash_operator' retrieved from /home/airflow/.local/lib/python3.8/site-packages/airflow/example_dags/example_bash_operator.py
[2024-03-26T08:54:15.564+0000] {logging_mixin.py:188} INFO - [2024-03-26T08:54:15.563+0000] {dag.py:3036} INFO - Sync 1 DAGs
[2024-03-26T08:54:15.582+0000] {logging_mixin.py:188} INFO - [2024-03-26T08:54:15.582+0000] {dag.py:3823} INFO - Setting next_dagrun for example_bash_operator to 2024-03-25 00:00:00+00:00, run_after=2024-03-26 00:00:00+00:00
[2024-03-26T08:54:15.598+0000] {processor.py:183} INFO - Processing /home/airflow/.local/lib/python3.8/site-packages/airflow/example_dags/example_bash_operator.py took 0.071 seconds
[2024-03-26T08:54:46.239+0000] {processor.py:161} INFO - Started process (PID=241) to work on /home/airflow/.local/lib/python3.8/site-packages/airflow/example_dags/example_bash_operator.py
[2024-03-26T08:54:46.239+0000] {processor.py:830} INFO - Processing file /home/airflow/.local/lib/python3.8/site-packages/airflow/example_dags/example_bash_operator.py for tasks to queue
[2024-03-26T08:54:46.241+0000] {logging_mixin.py:188} INFO - [2024-03-26T08:54:46.240+0000] {dagbag.py:538} INFO - Filling up the DagBag from /home/airflow/.local/lib/python3.8/site-packages/airflow/example_dags/example_bash_operator.py
[2024-03-26T08:54:46.250+0000] {processor.py:840} INFO - DAG(s) 'example_bash_operator' retrieved from /home/airflow/.local/lib/python3.8/site-packages/airflow/example_dags/example_bash_operator.py
[2024-03-26T08:54:46.275+0000] {logging_mixin.py:188} INFO - [2024-03-26T08:54:46.275+0000] {dag.py:3036} INFO - Sync 1 DAGs
[2024-03-26T08:54:46.300+0000] {logging_mixin.py:188} INFO - [2024-03-26T08:54:46.299+0000] {dag.py:3823} INFO - Setting next_dagrun for example_bash_operator to 2024-03-25 00:00:00+00:00, run_after=2024-03-26 00:00:00+00:00
[2024-03-26T08:54:46.317+0000] {processor.py:183} INFO - Processing /home/airflow/.local/lib/python3.8/site-packages/airflow/example_dags/example_bash_operator.py took 0.081 seconds
[2024-03-26T08:55:16.604+0000] {processor.py:161} INFO - Started process (PID=297) to work on /home/airflow/.local/lib/python3.8/site-packages/airflow/example_dags/example_bash_operator.py
[2024-03-26T08:55:16.605+0000] {processor.py:830} INFO - Processing file /home/airflow/.local/lib/python3.8/site-packages/airflow/example_dags/example_bash_operator.py for tasks to queue
[2024-03-26T08:55:16.607+0000] {logging_mixin.py:188} INFO - [2024-03-26T08:55:16.607+0000] {dagbag.py:538} INFO - Filling up the DagBag from /home/airflow/.local/lib/python3.8/site-packages/airflow/example_dags/example_bash_operator.py
[2024-03-26T08:55:16.616+0000] {processor.py:840} INFO - DAG(s) 'example_bash_operator' retrieved from /home/airflow/.local/lib/python3.8/site-packages/airflow/example_dags/example_bash_operator.py
[2024-03-26T08:55:16.641+0000] {logging_mixin.py:188} INFO - [2024-03-26T08:55:16.640+0000] {dag.py:3036} INFO - Sync 1 DAGs
[2024-03-26T08:55:16.662+0000] {logging_mixin.py:188} INFO - [2024-03-26T08:55:16.662+0000] {dag.py:3823} INFO - Setting next_dagrun for example_bash_operator to 2024-03-25 00:00:00+00:00, run_after=2024-03-26 00:00:00+00:00
[2024-03-26T08:55:16.679+0000] {processor.py:183} INFO - Processing /home/airflow/.local/lib/python3.8/site-packages/airflow/example_dags/example_bash_operator.py took 0.078 seconds
[2024-03-26T08:55:47.021+0000] {processor.py:161} INFO - Started process (PID=353) to work on /home/airflow/.local/lib/python3.8/site-packages/airflow/example_dags/example_bash_operator.py
[2024-03-26T08:55:47.022+0000] {processor.py:830} INFO - Processing file /home/airflow/.local/lib/python3.8/site-packages/airflow/example_dags/example_bash_operator.py for tasks to queue
[2024-03-26T08:55:47.024+0000] {logging_mixin.py:188} INFO - [2024-03-26T08:55:47.023+0000] {dagbag.py:538} INFO - Filling up the DagBag from /home/airflow/.local/lib/python3.8/site-packages/airflow/example_dags/example_bash_operator.py
[2024-03-26T08:55:47.033+0000] {processor.py:840} INFO - DAG(s) 'example_bash_operator' retrieved from /home/airflow/.local/lib/python3.8/site-packages/airflow/example_dags/example_bash_operator.py
[2024-03-26T08:55:47.057+0000] {logging_mixin.py:188} INFO - [2024-03-26T08:55:47.056+0000] {dag.py:3036} INFO - Sync 1 DAGs
[2024-03-26T08:55:47.080+0000] {logging_mixin.py:188} INFO - [2024-03-26T08:55:47.080+0000] {dag.py:3823} INFO - Setting next_dagrun for example_bash_operator to 2024-03-25 00:00:00+00:00, run_after=2024-03-26 00:00:00+00:00
[2024-03-26T08:55:47.095+0000] {processor.py:183} INFO - Processing /home/airflow/.local/lib/python3.8/site-packages/airflow/example_dags/example_bash_operator.py took 0.076 seconds
[2024-03-26T08:56:17.341+0000] {processor.py:161} INFO - Started process (PID=409) to work on /home/airflow/.local/lib/python3.8/site-packages/airflow/example_dags/example_bash_operator.py
[2024-03-26T08:56:17.342+0000] {processor.py:830} INFO - Processing file /home/airflow/.local/lib/python3.8/site-packages/airflow/example_dags/example_bash_operator.py for tasks to queue
[2024-03-26T08:56:17.344+0000] {logging_mixin.py:188} INFO - [2024-03-26T08:56:17.344+0000] {dagbag.py:538} INFO - Filling up the DagBag from /home/airflow/.local/lib/python3.8/site-packages/airflow/example_dags/example_bash_operator.py
[2024-03-26T08:56:17.353+0000] {processor.py:840} INFO - DAG(s) 'example_bash_operator' retrieved from /home/airflow/.local/lib/python3.8/site-packages/airflow/example_dags/example_bash_operator.py
[2024-03-26T08:56:17.376+0000] {logging_mixin.py:188} INFO - [2024-03-26T08:56:17.376+0000] {dag.py:3036} INFO - Sync 1 DAGs
[2024-03-26T08:56:17.395+0000] {logging_mixin.py:188} INFO - [2024-03-26T08:56:17.395+0000] {dag.py:3823} INFO - Setting next_dagrun for example_bash_operator to 2024-03-25 00:00:00+00:00, run_after=2024-03-26 00:00:00+00:00
[2024-03-26T08:56:17.411+0000] {processor.py:183} INFO - Processing /home/airflow/.local/lib/python3.8/site-packages/airflow/example_dags/example_bash_operator.py took 0.072 seconds
[2024-03-26T08:56:47.703+0000] {processor.py:161} INFO - Started process (PID=465) to work on /home/airflow/.local/lib/python3.8/site-packages/airflow/example_dags/example_bash_operator.py
[2024-03-26T08:56:47.704+0000] {processor.py:830} INFO - Processing file /home/airflow/.local/lib/python3.8/site-packages/airflow/example_dags/example_bash_operator.py for tasks to queue
[2024-03-26T08:56:47.705+0000] {logging_mixin.py:188} INFO - [2024-03-26T08:56:47.705+0000] {dagbag.py:538} INFO - Filling up the DagBag from /home/airflow/.local/lib/python3.8/site-packages/airflow/example_dags/example_bash_operator.py
[2024-03-26T08:56:47.716+0000] {processor.py:840} INFO - DAG(s) 'example_bash_operator' retrieved from /home/airflow/.local/lib/python3.8/site-packages/airflow/example_dags/example_bash_operator.py
[2024-03-26T08:56:47.739+0000] {logging_mixin.py:188} INFO - [2024-03-26T08:56:47.739+0000] {dag.py:3036} INFO - Sync 1 DAGs
[2024-03-26T08:56:47.758+0000] {logging_mixin.py:188} INFO - [2024-03-26T08:56:47.758+0000] {dag.py:3823} INFO - Setting next_dagrun for example_bash_operator to 2024-03-25 00:00:00+00:00, run_after=2024-03-26 00:00:00+00:00
[2024-03-26T08:56:47.774+0000] {processor.py:183} INFO - Processing /home/airflow/.local/lib/python3.8/site-packages/airflow/example_dags/example_bash_operator.py took 0.073 seconds
[2024-03-26T08:57:18.059+0000] {processor.py:161} INFO - Started process (PID=521) to work on /home/airflow/.local/lib/python3.8/site-packages/airflow/example_dags/example_bash_operator.py
[2024-03-26T08:57:18.060+0000] {processor.py:830} INFO - Processing file /home/airflow/.local/lib/python3.8/site-packages/airflow/example_dags/example_bash_operator.py for tasks to queue
[2024-03-26T08:57:18.062+0000] {logging_mixin.py:188} INFO - [2024-03-26T08:57:18.062+0000] {dagbag.py:538} INFO - Filling up the DagBag from /home/airflow/.local/lib/python3.8/site-packages/airflow/example_dags/example_bash_operator.py
[2024-03-26T08:57:18.071+0000] {processor.py:840} INFO - DAG(s) 'example_bash_operator' retrieved from /home/airflow/.local/lib/python3.8/site-packages/airflow/example_dags/example_bash_operator.py
[2024-03-26T08:57:18.095+0000] {logging_mixin.py:188} INFO - [2024-03-26T08:57:18.094+0000] {dag.py:3036} INFO - Sync 1 DAGs
[2024-03-26T08:57:18.114+0000] {logging_mixin.py:188} INFO - [2024-03-26T08:57:18.113+0000] {dag.py:3823} INFO - Setting next_dagrun for example_bash_operator to 2024-03-25 00:00:00+00:00, run_after=2024-03-26 00:00:00+00:00
[2024-03-26T08:57:18.128+0000] {processor.py:183} INFO - Processing /home/airflow/.local/lib/python3.8/site-packages/airflow/example_dags/example_bash_operator.py took 0.071 seconds
[2024-03-26T08:57:48.539+0000] {processor.py:161} INFO - Started process (PID=577) to work on /home/airflow/.local/lib/python3.8/site-packages/airflow/example_dags/example_bash_operator.py
[2024-03-26T08:57:48.540+0000] {processor.py:830} INFO - Processing file /home/airflow/.local/lib/python3.8/site-packages/airflow/example_dags/example_bash_operator.py for tasks to queue
[2024-03-26T08:57:48.541+0000] {logging_mixin.py:188} INFO - [2024-03-26T08:57:48.541+0000] {dagbag.py:538} INFO - Filling up the DagBag from /home/airflow/.local/lib/python3.8/site-packages/airflow/example_dags/example_bash_operator.py
[2024-03-26T08:57:48.551+0000] {processor.py:840} INFO - DAG(s) 'example_bash_operator' retrieved from /home/airflow/.local/lib/python3.8/site-packages/airflow/example_dags/example_bash_operator.py
[2024-03-26T08:57:48.575+0000] {logging_mixin.py:188} INFO - [2024-03-26T08:57:48.575+0000] {dag.py:3036} INFO - Sync 1 DAGs
[2024-03-26T08:57:48.601+0000] {logging_mixin.py:188} INFO - [2024-03-26T08:57:48.600+0000] {dag.py:3823} INFO - Setting next_dagrun for example_bash_operator to 2024-03-25 00:00:00+00:00, run_after=2024-03-26 00:00:00+00:00
[2024-03-26T08:57:48.617+0000] {processor.py:183} INFO - Processing /home/airflow/.local/lib/python3.8/site-packages/airflow/example_dags/example_bash_operator.py took 0.080 seconds
[2024-03-26T08:58:19.106+0000] {processor.py:161} INFO - Started process (PID=633) to work on /home/airflow/.local/lib/python3.8/site-packages/airflow/example_dags/example_bash_operator.py
[2024-03-26T08:58:19.107+0000] {processor.py:830} INFO - Processing file /home/airflow/.local/lib/python3.8/site-packages/airflow/example_dags/example_bash_operator.py for tasks to queue
[2024-03-26T08:58:19.108+0000] {logging_mixin.py:188} INFO - [2024-03-26T08:58:19.108+0000] {dagbag.py:538} INFO - Filling up the DagBag from /home/airflow/.local/lib/python3.8/site-packages/airflow/example_dags/example_bash_operator.py
[2024-03-26T08:58:19.118+0000] {processor.py:840} INFO - DAG(s) 'example_bash_operator' retrieved from /home/airflow/.local/lib/python3.8/site-packages/airflow/example_dags/example_bash_operator.py
[2024-03-26T08:58:19.143+0000] {logging_mixin.py:188} INFO - [2024-03-26T08:58:19.143+0000] {dag.py:3036} INFO - Sync 1 DAGs
[2024-03-26T08:58:19.166+0000] {logging_mixin.py:188} INFO - [2024-03-26T08:58:19.165+0000] {dag.py:3823} INFO - Setting next_dagrun for example_bash_operator to 2024-03-25 00:00:00+00:00, run_after=2024-03-26 00:00:00+00:00
[2024-03-26T08:58:19.184+0000] {processor.py:183} INFO - Processing /home/airflow/.local/lib/python3.8/site-packages/airflow/example_dags/example_bash_operator.py took 0.081 seconds
[2024-03-26T08:58:49.520+0000] {processor.py:161} INFO - Started process (PID=689) to work on /home/airflow/.local/lib/python3.8/site-packages/airflow/example_dags/example_bash_operator.py
[2024-03-26T08:58:49.521+0000] {processor.py:830} INFO - Processing file /home/airflow/.local/lib/python3.8/site-packages/airflow/example_dags/example_bash_operator.py for tasks to queue
[2024-03-26T08:58:49.522+0000] {logging_mixin.py:188} INFO - [2024-03-26T08:58:49.522+0000] {dagbag.py:538} INFO - Filling up the DagBag from /home/airflow/.local/lib/python3.8/site-packages/airflow/example_dags/example_bash_operator.py
[2024-03-26T08:58:49.531+0000] {processor.py:840} INFO - DAG(s) 'example_bash_operator' retrieved from /home/airflow/.local/lib/python3.8/site-packages/airflow/example_dags/example_bash_operator.py
[2024-03-26T08:58:49.554+0000] {logging_mixin.py:188} INFO - [2024-03-26T08:58:49.554+0000] {dag.py:3036} INFO - Sync 1 DAGs
[2024-03-26T08:58:49.577+0000] {logging_mixin.py:188} INFO - [2024-03-26T08:58:49.576+0000] {dag.py:3823} INFO - Setting next_dagrun for example_bash_operator to 2024-03-25 00:00:00+00:00, run_after=2024-03-26 00:00:00+00:00
[2024-03-26T08:58:49.593+0000] {processor.py:183} INFO - Processing /home/airflow/.local/lib/python3.8/site-packages/airflow/example_dags/example_bash_operator.py took 0.075 seconds
[2024-03-26T09:07:41.976+0000] {processor.py:161} INFO - Started process (PID=74) to work on /home/airflow/.local/lib/python3.8/site-packages/airflow/example_dags/example_bash_operator.py
[2024-03-26T09:07:41.978+0000] {processor.py:830} INFO - Processing file /home/airflow/.local/lib/python3.8/site-packages/airflow/example_dags/example_bash_operator.py for tasks to queue
[2024-03-26T09:07:41.980+0000] {logging_mixin.py:188} INFO - [2024-03-26T09:07:41.979+0000] {dagbag.py:538} INFO - Filling up the DagBag from /home/airflow/.local/lib/python3.8/site-packages/airflow/example_dags/example_bash_operator.py
[2024-03-26T09:07:41.993+0000] {processor.py:840} INFO - DAG(s) 'example_bash_operator' retrieved from /home/airflow/.local/lib/python3.8/site-packages/airflow/example_dags/example_bash_operator.py
[2024-03-26T09:07:42.005+0000] {logging_mixin.py:188} INFO - [2024-03-26T09:07:42.004+0000] {dag.py:3036} INFO - Sync 1 DAGs
[2024-03-26T09:07:42.033+0000] {logging_mixin.py:188} INFO - [2024-03-26T09:07:42.032+0000] {dag.py:3823} INFO - Setting next_dagrun for example_bash_operator to 2024-03-25 00:00:00+00:00, run_after=2024-03-26 00:00:00+00:00
[2024-03-26T09:07:42.053+0000] {processor.py:183} INFO - Processing /home/airflow/.local/lib/python3.8/site-packages/airflow/example_dags/example_bash_operator.py took 0.080 seconds
[2024-03-26T09:08:13.005+0000] {processor.py:161} INFO - Started process (PID=132) to work on /home/airflow/.local/lib/python3.8/site-packages/airflow/example_dags/example_bash_operator.py
[2024-03-26T09:08:13.006+0000] {processor.py:830} INFO - Processing file /home/airflow/.local/lib/python3.8/site-packages/airflow/example_dags/example_bash_operator.py for tasks to queue
[2024-03-26T09:08:13.008+0000] {logging_mixin.py:188} INFO - [2024-03-26T09:08:13.007+0000] {dagbag.py:538} INFO - Filling up the DagBag from /home/airflow/.local/lib/python3.8/site-packages/airflow/example_dags/example_bash_operator.py
[2024-03-26T09:08:13.017+0000] {processor.py:840} INFO - DAG(s) 'example_bash_operator' retrieved from /home/airflow/.local/lib/python3.8/site-packages/airflow/example_dags/example_bash_operator.py
[2024-03-26T09:08:13.106+0000] {logging_mixin.py:188} INFO - [2024-03-26T09:08:13.106+0000] {dag.py:3036} INFO - Sync 1 DAGs
[2024-03-26T09:08:13.125+0000] {logging_mixin.py:188} INFO - [2024-03-26T09:08:13.124+0000] {dag.py:3823} INFO - Setting next_dagrun for example_bash_operator to 2024-03-25 00:00:00+00:00, run_after=2024-03-26 00:00:00+00:00
[2024-03-26T09:08:13.140+0000] {processor.py:183} INFO - Processing /home/airflow/.local/lib/python3.8/site-packages/airflow/example_dags/example_bash_operator.py took 0.138 seconds
[2024-03-26T09:08:43.744+0000] {processor.py:161} INFO - Started process (PID=189) to work on /home/airflow/.local/lib/python3.8/site-packages/airflow/example_dags/example_bash_operator.py
[2024-03-26T09:08:43.745+0000] {processor.py:830} INFO - Processing file /home/airflow/.local/lib/python3.8/site-packages/airflow/example_dags/example_bash_operator.py for tasks to queue
[2024-03-26T09:08:43.747+0000] {logging_mixin.py:188} INFO - [2024-03-26T09:08:43.747+0000] {dagbag.py:538} INFO - Filling up the DagBag from /home/airflow/.local/lib/python3.8/site-packages/airflow/example_dags/example_bash_operator.py
[2024-03-26T09:08:43.756+0000] {processor.py:840} INFO - DAG(s) 'example_bash_operator' retrieved from /home/airflow/.local/lib/python3.8/site-packages/airflow/example_dags/example_bash_operator.py
[2024-03-26T09:08:43.782+0000] {logging_mixin.py:188} INFO - [2024-03-26T09:08:43.781+0000] {dag.py:3036} INFO - Sync 1 DAGs
[2024-03-26T09:08:43.803+0000] {logging_mixin.py:188} INFO - [2024-03-26T09:08:43.803+0000] {dag.py:3823} INFO - Setting next_dagrun for example_bash_operator to 2024-03-25 00:00:00+00:00, run_after=2024-03-26 00:00:00+00:00
[2024-03-26T09:08:43.820+0000] {processor.py:183} INFO - Processing /home/airflow/.local/lib/python3.8/site-packages/airflow/example_dags/example_bash_operator.py took 0.078 seconds
[2024-03-26T09:09:14.376+0000] {processor.py:161} INFO - Started process (PID=247) to work on /home/airflow/.local/lib/python3.8/site-packages/airflow/example_dags/example_bash_operator.py
[2024-03-26T09:09:14.377+0000] {processor.py:830} INFO - Processing file /home/airflow/.local/lib/python3.8/site-packages/airflow/example_dags/example_bash_operator.py for tasks to queue
[2024-03-26T09:09:14.379+0000] {logging_mixin.py:188} INFO - [2024-03-26T09:09:14.379+0000] {dagbag.py:538} INFO - Filling up the DagBag from /home/airflow/.local/lib/python3.8/site-packages/airflow/example_dags/example_bash_operator.py
[2024-03-26T09:09:14.391+0000] {processor.py:840} INFO - DAG(s) 'example_bash_operator' retrieved from /home/airflow/.local/lib/python3.8/site-packages/airflow/example_dags/example_bash_operator.py
[2024-03-26T09:09:14.420+0000] {logging_mixin.py:188} INFO - [2024-03-26T09:09:14.419+0000] {dag.py:3036} INFO - Sync 1 DAGs
[2024-03-26T09:09:14.441+0000] {logging_mixin.py:188} INFO - [2024-03-26T09:09:14.441+0000] {dag.py:3823} INFO - Setting next_dagrun for example_bash_operator to 2024-03-25 00:00:00+00:00, run_after=2024-03-26 00:00:00+00:00
[2024-03-26T09:09:14.459+0000] {processor.py:183} INFO - Processing /home/airflow/.local/lib/python3.8/site-packages/airflow/example_dags/example_bash_operator.py took 0.085 seconds
[2024-03-26T09:09:45.086+0000] {processor.py:161} INFO - Started process (PID=303) to work on /home/airflow/.local/lib/python3.8/site-packages/airflow/example_dags/example_bash_operator.py
[2024-03-26T09:09:45.087+0000] {processor.py:830} INFO - Processing file /home/airflow/.local/lib/python3.8/site-packages/airflow/example_dags/example_bash_operator.py for tasks to queue
[2024-03-26T09:09:45.089+0000] {logging_mixin.py:188} INFO - [2024-03-26T09:09:45.088+0000] {dagbag.py:538} INFO - Filling up the DagBag from /home/airflow/.local/lib/python3.8/site-packages/airflow/example_dags/example_bash_operator.py
[2024-03-26T09:09:45.098+0000] {processor.py:840} INFO - DAG(s) 'example_bash_operator' retrieved from /home/airflow/.local/lib/python3.8/site-packages/airflow/example_dags/example_bash_operator.py
[2024-03-26T09:09:45.123+0000] {logging_mixin.py:188} INFO - [2024-03-26T09:09:45.122+0000] {dag.py:3036} INFO - Sync 1 DAGs
[2024-03-26T09:09:45.142+0000] {logging_mixin.py:188} INFO - [2024-03-26T09:09:45.142+0000] {dag.py:3823} INFO - Setting next_dagrun for example_bash_operator to 2024-03-25 00:00:00+00:00, run_after=2024-03-26 00:00:00+00:00
[2024-03-26T09:09:45.158+0000] {processor.py:183} INFO - Processing /home/airflow/.local/lib/python3.8/site-packages/airflow/example_dags/example_bash_operator.py took 0.074 seconds
[2024-03-26T09:10:15.804+0000] {processor.py:161} INFO - Started process (PID=360) to work on /home/airflow/.local/lib/python3.8/site-packages/airflow/example_dags/example_bash_operator.py
[2024-03-26T09:10:15.805+0000] {processor.py:830} INFO - Processing file /home/airflow/.local/lib/python3.8/site-packages/airflow/example_dags/example_bash_operator.py for tasks to queue
[2024-03-26T09:10:15.807+0000] {logging_mixin.py:188} INFO - [2024-03-26T09:10:15.806+0000] {dagbag.py:538} INFO - Filling up the DagBag from /home/airflow/.local/lib/python3.8/site-packages/airflow/example_dags/example_bash_operator.py
[2024-03-26T09:10:15.816+0000] {processor.py:840} INFO - DAG(s) 'example_bash_operator' retrieved from /home/airflow/.local/lib/python3.8/site-packages/airflow/example_dags/example_bash_operator.py
[2024-03-26T09:10:15.843+0000] {logging_mixin.py:188} INFO - [2024-03-26T09:10:15.842+0000] {dag.py:3036} INFO - Sync 1 DAGs
[2024-03-26T09:10:15.865+0000] {logging_mixin.py:188} INFO - [2024-03-26T09:10:15.865+0000] {dag.py:3823} INFO - Setting next_dagrun for example_bash_operator to 2024-03-25 00:00:00+00:00, run_after=2024-03-26 00:00:00+00:00
[2024-03-26T09:10:15.884+0000] {processor.py:183} INFO - Processing /home/airflow/.local/lib/python3.8/site-packages/airflow/example_dags/example_bash_operator.py took 0.083 seconds
[2024-03-26T09:50:58.169+0000] {processor.py:161} INFO - Started process (PID=74) to work on /home/airflow/.local/lib/python3.8/site-packages/airflow/example_dags/example_bash_operator.py
[2024-03-26T09:50:58.170+0000] {processor.py:830} INFO - Processing file /home/airflow/.local/lib/python3.8/site-packages/airflow/example_dags/example_bash_operator.py for tasks to queue
[2024-03-26T09:50:58.171+0000] {logging_mixin.py:188} INFO - [2024-03-26T09:50:58.171+0000] {dagbag.py:538} INFO - Filling up the DagBag from /home/airflow/.local/lib/python3.8/site-packages/airflow/example_dags/example_bash_operator.py
[2024-03-26T09:50:58.183+0000] {processor.py:840} INFO - DAG(s) 'example_bash_operator' retrieved from /home/airflow/.local/lib/python3.8/site-packages/airflow/example_dags/example_bash_operator.py
[2024-03-26T09:50:58.191+0000] {logging_mixin.py:188} INFO - [2024-03-26T09:50:58.191+0000] {dag.py:3036} INFO - Sync 1 DAGs
[2024-03-26T09:50:58.214+0000] {logging_mixin.py:188} INFO - [2024-03-26T09:50:58.214+0000] {dag.py:3823} INFO - Setting next_dagrun for example_bash_operator to 2024-03-25 00:00:00+00:00, run_after=2024-03-26 00:00:00+00:00
[2024-03-26T09:50:58.232+0000] {processor.py:183} INFO - Processing /home/airflow/.local/lib/python3.8/site-packages/airflow/example_dags/example_bash_operator.py took 0.065 seconds
[2024-03-26T09:51:29.025+0000] {processor.py:161} INFO - Started process (PID=131) to work on /home/airflow/.local/lib/python3.8/site-packages/airflow/example_dags/example_bash_operator.py
[2024-03-26T09:51:29.026+0000] {processor.py:830} INFO - Processing file /home/airflow/.local/lib/python3.8/site-packages/airflow/example_dags/example_bash_operator.py for tasks to queue
[2024-03-26T09:51:29.027+0000] {logging_mixin.py:188} INFO - [2024-03-26T09:51:29.027+0000] {dagbag.py:538} INFO - Filling up the DagBag from /home/airflow/.local/lib/python3.8/site-packages/airflow/example_dags/example_bash_operator.py
[2024-03-26T09:51:29.037+0000] {processor.py:840} INFO - DAG(s) 'example_bash_operator' retrieved from /home/airflow/.local/lib/python3.8/site-packages/airflow/example_dags/example_bash_operator.py
[2024-03-26T09:51:29.126+0000] {logging_mixin.py:188} INFO - [2024-03-26T09:51:29.125+0000] {dag.py:3036} INFO - Sync 1 DAGs
[2024-03-26T09:51:29.145+0000] {logging_mixin.py:188} INFO - [2024-03-26T09:51:29.145+0000] {dag.py:3823} INFO - Setting next_dagrun for example_bash_operator to 2024-03-25 00:00:00+00:00, run_after=2024-03-26 00:00:00+00:00
[2024-03-26T09:51:29.162+0000] {processor.py:183} INFO - Processing /home/airflow/.local/lib/python3.8/site-packages/airflow/example_dags/example_bash_operator.py took 0.140 seconds
[2024-03-26T09:51:59.313+0000] {processor.py:161} INFO - Started process (PID=188) to work on /home/airflow/.local/lib/python3.8/site-packages/airflow/example_dags/example_bash_operator.py
[2024-03-26T09:51:59.314+0000] {processor.py:830} INFO - Processing file /home/airflow/.local/lib/python3.8/site-packages/airflow/example_dags/example_bash_operator.py for tasks to queue
[2024-03-26T09:51:59.315+0000] {logging_mixin.py:188} INFO - [2024-03-26T09:51:59.315+0000] {dagbag.py:538} INFO - Filling up the DagBag from /home/airflow/.local/lib/python3.8/site-packages/airflow/example_dags/example_bash_operator.py
[2024-03-26T09:51:59.324+0000] {processor.py:840} INFO - DAG(s) 'example_bash_operator' retrieved from /home/airflow/.local/lib/python3.8/site-packages/airflow/example_dags/example_bash_operator.py
[2024-03-26T09:51:59.349+0000] {logging_mixin.py:188} INFO - [2024-03-26T09:51:59.349+0000] {dag.py:3036} INFO - Sync 1 DAGs
[2024-03-26T09:51:59.368+0000] {logging_mixin.py:188} INFO - [2024-03-26T09:51:59.368+0000] {dag.py:3823} INFO - Setting next_dagrun for example_bash_operator to 2024-03-25 00:00:00+00:00, run_after=2024-03-26 00:00:00+00:00
[2024-03-26T09:51:59.383+0000] {processor.py:183} INFO - Processing /home/airflow/.local/lib/python3.8/site-packages/airflow/example_dags/example_bash_operator.py took 0.072 seconds
[2024-03-26T09:52:30.151+0000] {processor.py:161} INFO - Started process (PID=245) to work on /home/airflow/.local/lib/python3.8/site-packages/airflow/example_dags/example_bash_operator.py
[2024-03-26T09:52:30.151+0000] {processor.py:830} INFO - Processing file /home/airflow/.local/lib/python3.8/site-packages/airflow/example_dags/example_bash_operator.py for tasks to queue
[2024-03-26T09:52:30.153+0000] {logging_mixin.py:188} INFO - [2024-03-26T09:52:30.153+0000] {dagbag.py:538} INFO - Filling up the DagBag from /home/airflow/.local/lib/python3.8/site-packages/airflow/example_dags/example_bash_operator.py
[2024-03-26T09:52:30.162+0000] {processor.py:840} INFO - DAG(s) 'example_bash_operator' retrieved from /home/airflow/.local/lib/python3.8/site-packages/airflow/example_dags/example_bash_operator.py
[2024-03-26T09:52:30.186+0000] {logging_mixin.py:188} INFO - [2024-03-26T09:52:30.185+0000] {dag.py:3036} INFO - Sync 1 DAGs
[2024-03-26T09:52:30.205+0000] {logging_mixin.py:188} INFO - [2024-03-26T09:52:30.204+0000] {dag.py:3823} INFO - Setting next_dagrun for example_bash_operator to 2024-03-25 00:00:00+00:00, run_after=2024-03-26 00:00:00+00:00
[2024-03-26T09:52:30.222+0000] {processor.py:183} INFO - Processing /home/airflow/.local/lib/python3.8/site-packages/airflow/example_dags/example_bash_operator.py took 0.073 seconds
[2024-03-26T09:53:00.951+0000] {processor.py:161} INFO - Started process (PID=302) to work on /home/airflow/.local/lib/python3.8/site-packages/airflow/example_dags/example_bash_operator.py
[2024-03-26T09:53:00.952+0000] {processor.py:830} INFO - Processing file /home/airflow/.local/lib/python3.8/site-packages/airflow/example_dags/example_bash_operator.py for tasks to queue
[2024-03-26T09:53:00.954+0000] {logging_mixin.py:188} INFO - [2024-03-26T09:53:00.953+0000] {dagbag.py:538} INFO - Filling up the DagBag from /home/airflow/.local/lib/python3.8/site-packages/airflow/example_dags/example_bash_operator.py
[2024-03-26T09:53:00.963+0000] {processor.py:840} INFO - DAG(s) 'example_bash_operator' retrieved from /home/airflow/.local/lib/python3.8/site-packages/airflow/example_dags/example_bash_operator.py
[2024-03-26T09:53:00.986+0000] {logging_mixin.py:188} INFO - [2024-03-26T09:53:00.986+0000] {dag.py:3036} INFO - Sync 1 DAGs
[2024-03-26T09:53:01.007+0000] {logging_mixin.py:188} INFO - [2024-03-26T09:53:01.006+0000] {dag.py:3823} INFO - Setting next_dagrun for example_bash_operator to 2024-03-25 00:00:00+00:00, run_after=2024-03-26 00:00:00+00:00
[2024-03-26T09:53:01.021+0000] {processor.py:183} INFO - Processing /home/airflow/.local/lib/python3.8/site-packages/airflow/example_dags/example_bash_operator.py took 0.072 seconds
[2024-03-26T09:53:31.425+0000] {processor.py:161} INFO - Started process (PID=359) to work on /home/airflow/.local/lib/python3.8/site-packages/airflow/example_dags/example_bash_operator.py
[2024-03-26T09:53:31.426+0000] {processor.py:830} INFO - Processing file /home/airflow/.local/lib/python3.8/site-packages/airflow/example_dags/example_bash_operator.py for tasks to queue
[2024-03-26T09:53:31.427+0000] {logging_mixin.py:188} INFO - [2024-03-26T09:53:31.427+0000] {dagbag.py:538} INFO - Filling up the DagBag from /home/airflow/.local/lib/python3.8/site-packages/airflow/example_dags/example_bash_operator.py
[2024-03-26T09:53:31.436+0000] {processor.py:840} INFO - DAG(s) 'example_bash_operator' retrieved from /home/airflow/.local/lib/python3.8/site-packages/airflow/example_dags/example_bash_operator.py
[2024-03-26T09:53:31.460+0000] {logging_mixin.py:188} INFO - [2024-03-26T09:53:31.459+0000] {dag.py:3036} INFO - Sync 1 DAGs
[2024-03-26T09:53:31.481+0000] {logging_mixin.py:188} INFO - [2024-03-26T09:53:31.480+0000] {dag.py:3823} INFO - Setting next_dagrun for example_bash_operator to 2024-03-25 00:00:00+00:00, run_after=2024-03-26 00:00:00+00:00
[2024-03-26T09:53:31.496+0000] {processor.py:183} INFO - Processing /home/airflow/.local/lib/python3.8/site-packages/airflow/example_dags/example_bash_operator.py took 0.074 seconds
[2024-03-26T09:54:02.462+0000] {processor.py:161} INFO - Started process (PID=416) to work on /home/airflow/.local/lib/python3.8/site-packages/airflow/example_dags/example_bash_operator.py
[2024-03-26T09:54:02.463+0000] {processor.py:830} INFO - Processing file /home/airflow/.local/lib/python3.8/site-packages/airflow/example_dags/example_bash_operator.py for tasks to queue
[2024-03-26T09:54:02.464+0000] {logging_mixin.py:188} INFO - [2024-03-26T09:54:02.464+0000] {dagbag.py:538} INFO - Filling up the DagBag from /home/airflow/.local/lib/python3.8/site-packages/airflow/example_dags/example_bash_operator.py
[2024-03-26T09:54:02.473+0000] {processor.py:840} INFO - DAG(s) 'example_bash_operator' retrieved from /home/airflow/.local/lib/python3.8/site-packages/airflow/example_dags/example_bash_operator.py
[2024-03-26T09:54:02.497+0000] {logging_mixin.py:188} INFO - [2024-03-26T09:54:02.496+0000] {dag.py:3036} INFO - Sync 1 DAGs
[2024-03-26T09:54:02.516+0000] {logging_mixin.py:188} INFO - [2024-03-26T09:54:02.516+0000] {dag.py:3823} INFO - Setting next_dagrun for example_bash_operator to 2024-03-25 00:00:00+00:00, run_after=2024-03-26 00:00:00+00:00
[2024-03-26T09:54:02.531+0000] {processor.py:183} INFO - Processing /home/airflow/.local/lib/python3.8/site-packages/airflow/example_dags/example_bash_operator.py took 0.071 seconds
[2024-03-26T09:54:33.074+0000] {processor.py:161} INFO - Started process (PID=473) to work on /home/airflow/.local/lib/python3.8/site-packages/airflow/example_dags/example_bash_operator.py
[2024-03-26T09:54:33.075+0000] {processor.py:830} INFO - Processing file /home/airflow/.local/lib/python3.8/site-packages/airflow/example_dags/example_bash_operator.py for tasks to queue
[2024-03-26T09:54:33.076+0000] {logging_mixin.py:188} INFO - [2024-03-26T09:54:33.076+0000] {dagbag.py:538} INFO - Filling up the DagBag from /home/airflow/.local/lib/python3.8/site-packages/airflow/example_dags/example_bash_operator.py
[2024-03-26T09:54:33.085+0000] {processor.py:840} INFO - DAG(s) 'example_bash_operator' retrieved from /home/airflow/.local/lib/python3.8/site-packages/airflow/example_dags/example_bash_operator.py
[2024-03-26T09:54:33.110+0000] {logging_mixin.py:188} INFO - [2024-03-26T09:54:33.110+0000] {dag.py:3036} INFO - Sync 1 DAGs
[2024-03-26T09:54:33.133+0000] {logging_mixin.py:188} INFO - [2024-03-26T09:54:33.133+0000] {dag.py:3823} INFO - Setting next_dagrun for example_bash_operator to 2024-03-25 00:00:00+00:00, run_after=2024-03-26 00:00:00+00:00
[2024-03-26T09:54:33.151+0000] {processor.py:183} INFO - Processing /home/airflow/.local/lib/python3.8/site-packages/airflow/example_dags/example_bash_operator.py took 0.079 seconds
[2024-03-26T09:55:03.625+0000] {processor.py:161} INFO - Started process (PID=530) to work on /home/airflow/.local/lib/python3.8/site-packages/airflow/example_dags/example_bash_operator.py
[2024-03-26T09:55:03.626+0000] {processor.py:830} INFO - Processing file /home/airflow/.local/lib/python3.8/site-packages/airflow/example_dags/example_bash_operator.py for tasks to queue
[2024-03-26T09:55:03.627+0000] {logging_mixin.py:188} INFO - [2024-03-26T09:55:03.627+0000] {dagbag.py:538} INFO - Filling up the DagBag from /home/airflow/.local/lib/python3.8/site-packages/airflow/example_dags/example_bash_operator.py
[2024-03-26T09:55:03.637+0000] {processor.py:840} INFO - DAG(s) 'example_bash_operator' retrieved from /home/airflow/.local/lib/python3.8/site-packages/airflow/example_dags/example_bash_operator.py
[2024-03-26T09:55:03.664+0000] {logging_mixin.py:188} INFO - [2024-03-26T09:55:03.663+0000] {dag.py:3036} INFO - Sync 1 DAGs
[2024-03-26T09:55:03.688+0000] {logging_mixin.py:188} INFO - [2024-03-26T09:55:03.687+0000] {dag.py:3823} INFO - Setting next_dagrun for example_bash_operator to 2024-03-25 00:00:00+00:00, run_after=2024-03-26 00:00:00+00:00
[2024-03-26T09:55:03.710+0000] {processor.py:183} INFO - Processing /home/airflow/.local/lib/python3.8/site-packages/airflow/example_dags/example_bash_operator.py took 0.087 seconds
[2024-03-26T09:55:34.227+0000] {processor.py:161} INFO - Started process (PID=587) to work on /home/airflow/.local/lib/python3.8/site-packages/airflow/example_dags/example_bash_operator.py
[2024-03-26T09:55:34.228+0000] {processor.py:830} INFO - Processing file /home/airflow/.local/lib/python3.8/site-packages/airflow/example_dags/example_bash_operator.py for tasks to queue
[2024-03-26T09:55:34.229+0000] {logging_mixin.py:188} INFO - [2024-03-26T09:55:34.229+0000] {dagbag.py:538} INFO - Filling up the DagBag from /home/airflow/.local/lib/python3.8/site-packages/airflow/example_dags/example_bash_operator.py
[2024-03-26T09:55:34.238+0000] {processor.py:840} INFO - DAG(s) 'example_bash_operator' retrieved from /home/airflow/.local/lib/python3.8/site-packages/airflow/example_dags/example_bash_operator.py
[2024-03-26T09:55:34.266+0000] {logging_mixin.py:188} INFO - [2024-03-26T09:55:34.266+0000] {dag.py:3036} INFO - Sync 1 DAGs
[2024-03-26T09:55:34.286+0000] {logging_mixin.py:188} INFO - [2024-03-26T09:55:34.286+0000] {dag.py:3823} INFO - Setting next_dagrun for example_bash_operator to 2024-03-25 00:00:00+00:00, run_after=2024-03-26 00:00:00+00:00
[2024-03-26T09:55:34.304+0000] {processor.py:183} INFO - Processing /home/airflow/.local/lib/python3.8/site-packages/airflow/example_dags/example_bash_operator.py took 0.079 seconds
[2024-03-26T09:56:04.966+0000] {processor.py:161} INFO - Started process (PID=644) to work on /home/airflow/.local/lib/python3.8/site-packages/airflow/example_dags/example_bash_operator.py
[2024-03-26T09:56:04.967+0000] {processor.py:830} INFO - Processing file /home/airflow/.local/lib/python3.8/site-packages/airflow/example_dags/example_bash_operator.py for tasks to queue
[2024-03-26T09:56:04.968+0000] {logging_mixin.py:188} INFO - [2024-03-26T09:56:04.968+0000] {dagbag.py:538} INFO - Filling up the DagBag from /home/airflow/.local/lib/python3.8/site-packages/airflow/example_dags/example_bash_operator.py
[2024-03-26T09:56:04.977+0000] {processor.py:840} INFO - DAG(s) 'example_bash_operator' retrieved from /home/airflow/.local/lib/python3.8/site-packages/airflow/example_dags/example_bash_operator.py
[2024-03-26T09:56:05.001+0000] {logging_mixin.py:188} INFO - [2024-03-26T09:56:05.001+0000] {dag.py:3036} INFO - Sync 1 DAGs
[2024-03-26T09:56:05.021+0000] {logging_mixin.py:188} INFO - [2024-03-26T09:56:05.021+0000] {dag.py:3823} INFO - Setting next_dagrun for example_bash_operator to 2024-03-25 00:00:00+00:00, run_after=2024-03-26 00:00:00+00:00
[2024-03-26T09:56:05.038+0000] {processor.py:183} INFO - Processing /home/airflow/.local/lib/python3.8/site-packages/airflow/example_dags/example_bash_operator.py took 0.074 seconds
[2024-03-26T09:57:47.816+0000] {processor.py:161} INFO - Started process (PID=74) to work on /home/airflow/.local/lib/python3.8/site-packages/airflow/example_dags/example_bash_operator.py
[2024-03-26T09:57:47.817+0000] {processor.py:830} INFO - Processing file /home/airflow/.local/lib/python3.8/site-packages/airflow/example_dags/example_bash_operator.py for tasks to queue
[2024-03-26T09:57:47.818+0000] {logging_mixin.py:188} INFO - [2024-03-26T09:57:47.818+0000] {dagbag.py:538} INFO - Filling up the DagBag from /home/airflow/.local/lib/python3.8/site-packages/airflow/example_dags/example_bash_operator.py
[2024-03-26T09:57:47.830+0000] {processor.py:840} INFO - DAG(s) 'example_bash_operator' retrieved from /home/airflow/.local/lib/python3.8/site-packages/airflow/example_dags/example_bash_operator.py
[2024-03-26T09:57:47.839+0000] {logging_mixin.py:188} INFO - [2024-03-26T09:57:47.839+0000] {dag.py:3036} INFO - Sync 1 DAGs
[2024-03-26T09:57:47.862+0000] {logging_mixin.py:188} INFO - [2024-03-26T09:57:47.862+0000] {dag.py:3823} INFO - Setting next_dagrun for example_bash_operator to 2024-03-25 00:00:00+00:00, run_after=2024-03-26 00:00:00+00:00
[2024-03-26T09:57:47.878+0000] {processor.py:183} INFO - Processing /home/airflow/.local/lib/python3.8/site-packages/airflow/example_dags/example_bash_operator.py took 0.064 seconds
[2024-03-26T09:58:18.879+0000] {processor.py:161} INFO - Started process (PID=131) to work on /home/airflow/.local/lib/python3.8/site-packages/airflow/example_dags/example_bash_operator.py
[2024-03-26T09:58:18.880+0000] {processor.py:830} INFO - Processing file /home/airflow/.local/lib/python3.8/site-packages/airflow/example_dags/example_bash_operator.py for tasks to queue
[2024-03-26T09:58:18.882+0000] {logging_mixin.py:188} INFO - [2024-03-26T09:58:18.881+0000] {dagbag.py:538} INFO - Filling up the DagBag from /home/airflow/.local/lib/python3.8/site-packages/airflow/example_dags/example_bash_operator.py
[2024-03-26T09:58:18.892+0000] {processor.py:840} INFO - DAG(s) 'example_bash_operator' retrieved from /home/airflow/.local/lib/python3.8/site-packages/airflow/example_dags/example_bash_operator.py
[2024-03-26T09:58:19.007+0000] {logging_mixin.py:188} INFO - [2024-03-26T09:58:19.007+0000] {dag.py:3036} INFO - Sync 1 DAGs
[2024-03-26T09:58:19.030+0000] {logging_mixin.py:188} INFO - [2024-03-26T09:58:19.030+0000] {dag.py:3823} INFO - Setting next_dagrun for example_bash_operator to 2024-03-25 00:00:00+00:00, run_after=2024-03-26 00:00:00+00:00
[2024-03-26T09:58:19.051+0000] {processor.py:183} INFO - Processing /home/airflow/.local/lib/python3.8/site-packages/airflow/example_dags/example_bash_operator.py took 0.174 seconds
[2024-03-26T09:58:49.339+0000] {processor.py:161} INFO - Started process (PID=188) to work on /home/airflow/.local/lib/python3.8/site-packages/airflow/example_dags/example_bash_operator.py
[2024-03-26T09:58:49.340+0000] {processor.py:830} INFO - Processing file /home/airflow/.local/lib/python3.8/site-packages/airflow/example_dags/example_bash_operator.py for tasks to queue
[2024-03-26T09:58:49.343+0000] {logging_mixin.py:188} INFO - [2024-03-26T09:58:49.343+0000] {dagbag.py:538} INFO - Filling up the DagBag from /home/airflow/.local/lib/python3.8/site-packages/airflow/example_dags/example_bash_operator.py
[2024-03-26T09:58:49.355+0000] {processor.py:840} INFO - DAG(s) 'example_bash_operator' retrieved from /home/airflow/.local/lib/python3.8/site-packages/airflow/example_dags/example_bash_operator.py
[2024-03-26T09:58:49.383+0000] {logging_mixin.py:188} INFO - [2024-03-26T09:58:49.383+0000] {dag.py:3036} INFO - Sync 1 DAGs
[2024-03-26T09:58:49.407+0000] {logging_mixin.py:188} INFO - [2024-03-26T09:58:49.407+0000] {dag.py:3823} INFO - Setting next_dagrun for example_bash_operator to 2024-03-25 00:00:00+00:00, run_after=2024-03-26 00:00:00+00:00
[2024-03-26T09:58:49.429+0000] {processor.py:183} INFO - Processing /home/airflow/.local/lib/python3.8/site-packages/airflow/example_dags/example_bash_operator.py took 0.092 seconds
[2024-03-26T10:11:03.942+0000] {processor.py:161} INFO - Started process (PID=73) to work on /home/airflow/.local/lib/python3.8/site-packages/airflow/example_dags/example_bash_operator.py
[2024-03-26T10:11:03.944+0000] {processor.py:830} INFO - Processing file /home/airflow/.local/lib/python3.8/site-packages/airflow/example_dags/example_bash_operator.py for tasks to queue
[2024-03-26T10:11:03.946+0000] {logging_mixin.py:188} INFO - [2024-03-26T10:11:03.945+0000] {dagbag.py:538} INFO - Filling up the DagBag from /home/airflow/.local/lib/python3.8/site-packages/airflow/example_dags/example_bash_operator.py
[2024-03-26T10:11:03.967+0000] {processor.py:840} INFO - DAG(s) 'example_bash_operator' retrieved from /home/airflow/.local/lib/python3.8/site-packages/airflow/example_dags/example_bash_operator.py
[2024-03-26T10:11:03.978+0000] {logging_mixin.py:188} INFO - [2024-03-26T10:11:03.978+0000] {dag.py:3036} INFO - Sync 1 DAGs
[2024-03-26T10:11:04.004+0000] {logging_mixin.py:188} INFO - [2024-03-26T10:11:04.004+0000] {dag.py:3823} INFO - Setting next_dagrun for example_bash_operator to 2024-03-25 00:00:00+00:00, run_after=2024-03-26 00:00:00+00:00
[2024-03-26T10:11:04.023+0000] {processor.py:183} INFO - Processing /home/airflow/.local/lib/python3.8/site-packages/airflow/example_dags/example_bash_operator.py took 0.085 seconds
[2024-03-26T10:11:35.993+0000] {processor.py:161} INFO - Started process (PID=129) to work on /home/airflow/.local/lib/python3.8/site-packages/airflow/example_dags/example_bash_operator.py
[2024-03-26T10:11:35.994+0000] {processor.py:830} INFO - Processing file /home/airflow/.local/lib/python3.8/site-packages/airflow/example_dags/example_bash_operator.py for tasks to queue
[2024-03-26T10:11:35.996+0000] {logging_mixin.py:188} INFO - [2024-03-26T10:11:35.996+0000] {dagbag.py:538} INFO - Filling up the DagBag from /home/airflow/.local/lib/python3.8/site-packages/airflow/example_dags/example_bash_operator.py
[2024-03-26T10:11:36.008+0000] {processor.py:840} INFO - DAG(s) 'example_bash_operator' retrieved from /home/airflow/.local/lib/python3.8/site-packages/airflow/example_dags/example_bash_operator.py
[2024-03-26T10:11:36.106+0000] {logging_mixin.py:188} INFO - [2024-03-26T10:11:36.106+0000] {dag.py:3036} INFO - Sync 1 DAGs
[2024-03-26T10:11:36.125+0000] {logging_mixin.py:188} INFO - [2024-03-26T10:11:36.125+0000] {dag.py:3823} INFO - Setting next_dagrun for example_bash_operator to 2024-03-25 00:00:00+00:00, run_after=2024-03-26 00:00:00+00:00
[2024-03-26T10:11:36.148+0000] {processor.py:183} INFO - Processing /home/airflow/.local/lib/python3.8/site-packages/airflow/example_dags/example_bash_operator.py took 0.157 seconds
[2024-03-26T10:12:50.094+0000] {processor.py:161} INFO - Started process (PID=74) to work on /home/airflow/.local/lib/python3.8/site-packages/airflow/example_dags/example_bash_operator.py
[2024-03-26T10:12:50.095+0000] {processor.py:830} INFO - Processing file /home/airflow/.local/lib/python3.8/site-packages/airflow/example_dags/example_bash_operator.py for tasks to queue
[2024-03-26T10:12:50.097+0000] {logging_mixin.py:188} INFO - [2024-03-26T10:12:50.097+0000] {dagbag.py:538} INFO - Filling up the DagBag from /home/airflow/.local/lib/python3.8/site-packages/airflow/example_dags/example_bash_operator.py
[2024-03-26T10:12:50.111+0000] {processor.py:840} INFO - DAG(s) 'example_bash_operator' retrieved from /home/airflow/.local/lib/python3.8/site-packages/airflow/example_dags/example_bash_operator.py
[2024-03-26T10:12:50.122+0000] {logging_mixin.py:188} INFO - [2024-03-26T10:12:50.122+0000] {dag.py:3036} INFO - Sync 1 DAGs
[2024-03-26T10:12:50.149+0000] {logging_mixin.py:188} INFO - [2024-03-26T10:12:50.149+0000] {dag.py:3823} INFO - Setting next_dagrun for example_bash_operator to 2024-03-25 00:00:00+00:00, run_after=2024-03-26 00:00:00+00:00
[2024-03-26T10:12:50.171+0000] {processor.py:183} INFO - Processing /home/airflow/.local/lib/python3.8/site-packages/airflow/example_dags/example_bash_operator.py took 0.079 seconds
[2024-03-26T10:13:21.119+0000] {processor.py:161} INFO - Started process (PID=131) to work on /home/airflow/.local/lib/python3.8/site-packages/airflow/example_dags/example_bash_operator.py
[2024-03-26T10:13:21.119+0000] {processor.py:830} INFO - Processing file /home/airflow/.local/lib/python3.8/site-packages/airflow/example_dags/example_bash_operator.py for tasks to queue
[2024-03-26T10:13:21.121+0000] {logging_mixin.py:188} INFO - [2024-03-26T10:13:21.121+0000] {dagbag.py:538} INFO - Filling up the DagBag from /home/airflow/.local/lib/python3.8/site-packages/airflow/example_dags/example_bash_operator.py
[2024-03-26T10:13:21.130+0000] {processor.py:840} INFO - DAG(s) 'example_bash_operator' retrieved from /home/airflow/.local/lib/python3.8/site-packages/airflow/example_dags/example_bash_operator.py
[2024-03-26T10:13:21.221+0000] {logging_mixin.py:188} INFO - [2024-03-26T10:13:21.221+0000] {dag.py:3036} INFO - Sync 1 DAGs
[2024-03-26T10:13:21.241+0000] {logging_mixin.py:188} INFO - [2024-03-26T10:13:21.241+0000] {dag.py:3823} INFO - Setting next_dagrun for example_bash_operator to 2024-03-25 00:00:00+00:00, run_after=2024-03-26 00:00:00+00:00
[2024-03-26T10:13:21.257+0000] {processor.py:183} INFO - Processing /home/airflow/.local/lib/python3.8/site-packages/airflow/example_dags/example_bash_operator.py took 0.140 seconds
[2024-03-26T10:13:51.377+0000] {processor.py:161} INFO - Started process (PID=188) to work on /home/airflow/.local/lib/python3.8/site-packages/airflow/example_dags/example_bash_operator.py
[2024-03-26T10:13:51.378+0000] {processor.py:830} INFO - Processing file /home/airflow/.local/lib/python3.8/site-packages/airflow/example_dags/example_bash_operator.py for tasks to queue
[2024-03-26T10:13:51.379+0000] {logging_mixin.py:188} INFO - [2024-03-26T10:13:51.379+0000] {dagbag.py:538} INFO - Filling up the DagBag from /home/airflow/.local/lib/python3.8/site-packages/airflow/example_dags/example_bash_operator.py
[2024-03-26T10:13:51.389+0000] {processor.py:840} INFO - DAG(s) 'example_bash_operator' retrieved from /home/airflow/.local/lib/python3.8/site-packages/airflow/example_dags/example_bash_operator.py
[2024-03-26T10:13:51.415+0000] {logging_mixin.py:188} INFO - [2024-03-26T10:13:51.414+0000] {dag.py:3036} INFO - Sync 1 DAGs
[2024-03-26T10:13:51.436+0000] {logging_mixin.py:188} INFO - [2024-03-26T10:13:51.436+0000] {dag.py:3823} INFO - Setting next_dagrun for example_bash_operator to 2024-03-25 00:00:00+00:00, run_after=2024-03-26 00:00:00+00:00
[2024-03-26T10:13:51.453+0000] {processor.py:183} INFO - Processing /home/airflow/.local/lib/python3.8/site-packages/airflow/example_dags/example_bash_operator.py took 0.079 seconds
[2024-03-26T10:14:21.889+0000] {processor.py:161} INFO - Started process (PID=245) to work on /home/airflow/.local/lib/python3.8/site-packages/airflow/example_dags/example_bash_operator.py
[2024-03-26T10:14:21.890+0000] {processor.py:830} INFO - Processing file /home/airflow/.local/lib/python3.8/site-packages/airflow/example_dags/example_bash_operator.py for tasks to queue
[2024-03-26T10:14:21.891+0000] {logging_mixin.py:188} INFO - [2024-03-26T10:14:21.891+0000] {dagbag.py:538} INFO - Filling up the DagBag from /home/airflow/.local/lib/python3.8/site-packages/airflow/example_dags/example_bash_operator.py
[2024-03-26T10:14:21.900+0000] {processor.py:840} INFO - DAG(s) 'example_bash_operator' retrieved from /home/airflow/.local/lib/python3.8/site-packages/airflow/example_dags/example_bash_operator.py
[2024-03-26T10:14:21.923+0000] {logging_mixin.py:188} INFO - [2024-03-26T10:14:21.923+0000] {dag.py:3036} INFO - Sync 1 DAGs
[2024-03-26T10:14:21.942+0000] {logging_mixin.py:188} INFO - [2024-03-26T10:14:21.942+0000] {dag.py:3823} INFO - Setting next_dagrun for example_bash_operator to 2024-03-25 00:00:00+00:00, run_after=2024-03-26 00:00:00+00:00
[2024-03-26T10:14:21.959+0000] {processor.py:183} INFO - Processing /home/airflow/.local/lib/python3.8/site-packages/airflow/example_dags/example_bash_operator.py took 0.073 seconds
[2024-03-26T10:15:16.197+0000] {processor.py:161} INFO - Started process (PID=74) to work on /home/airflow/.local/lib/python3.8/site-packages/airflow/example_dags/example_bash_operator.py
[2024-03-26T10:15:16.198+0000] {processor.py:830} INFO - Processing file /home/airflow/.local/lib/python3.8/site-packages/airflow/example_dags/example_bash_operator.py for tasks to queue
[2024-03-26T10:15:16.200+0000] {logging_mixin.py:188} INFO - [2024-03-26T10:15:16.200+0000] {dagbag.py:538} INFO - Filling up the DagBag from /home/airflow/.local/lib/python3.8/site-packages/airflow/example_dags/example_bash_operator.py
[2024-03-26T10:15:16.215+0000] {processor.py:840} INFO - DAG(s) 'example_bash_operator' retrieved from /home/airflow/.local/lib/python3.8/site-packages/airflow/example_dags/example_bash_operator.py
[2024-03-26T10:15:16.229+0000] {logging_mixin.py:188} INFO - [2024-03-26T10:15:16.228+0000] {dag.py:3036} INFO - Sync 1 DAGs
[2024-03-26T10:15:16.256+0000] {logging_mixin.py:188} INFO - [2024-03-26T10:15:16.256+0000] {dag.py:3823} INFO - Setting next_dagrun for example_bash_operator to 2024-03-25 00:00:00+00:00, run_after=2024-03-26 00:00:00+00:00
[2024-03-26T10:15:16.277+0000] {processor.py:183} INFO - Processing /home/airflow/.local/lib/python3.8/site-packages/airflow/example_dags/example_bash_operator.py took 0.082 seconds
[2024-03-26T10:17:23.347+0000] {processor.py:161} INFO - Started process (PID=74) to work on /home/airflow/.local/lib/python3.8/site-packages/airflow/example_dags/example_bash_operator.py
[2024-03-26T10:17:23.348+0000] {processor.py:830} INFO - Processing file /home/airflow/.local/lib/python3.8/site-packages/airflow/example_dags/example_bash_operator.py for tasks to queue
[2024-03-26T10:17:23.350+0000] {logging_mixin.py:188} INFO - [2024-03-26T10:17:23.350+0000] {dagbag.py:538} INFO - Filling up the DagBag from /home/airflow/.local/lib/python3.8/site-packages/airflow/example_dags/example_bash_operator.py
[2024-03-26T10:17:23.366+0000] {processor.py:840} INFO - DAG(s) 'example_bash_operator' retrieved from /home/airflow/.local/lib/python3.8/site-packages/airflow/example_dags/example_bash_operator.py
[2024-03-26T10:17:23.376+0000] {logging_mixin.py:188} INFO - [2024-03-26T10:17:23.376+0000] {dag.py:3036} INFO - Sync 1 DAGs
[2024-03-26T10:17:23.405+0000] {logging_mixin.py:188} INFO - [2024-03-26T10:17:23.405+0000] {dag.py:3823} INFO - Setting next_dagrun for example_bash_operator to 2024-03-25 00:00:00+00:00, run_after=2024-03-26 00:00:00+00:00
[2024-03-26T10:17:23.430+0000] {processor.py:183} INFO - Processing /home/airflow/.local/lib/python3.8/site-packages/airflow/example_dags/example_bash_operator.py took 0.086 seconds
[2024-03-26T10:17:54.870+0000] {processor.py:161} INFO - Started process (PID=131) to work on /home/airflow/.local/lib/python3.8/site-packages/airflow/example_dags/example_bash_operator.py
[2024-03-26T10:17:54.871+0000] {processor.py:830} INFO - Processing file /home/airflow/.local/lib/python3.8/site-packages/airflow/example_dags/example_bash_operator.py for tasks to queue
[2024-03-26T10:17:54.873+0000] {logging_mixin.py:188} INFO - [2024-03-26T10:17:54.872+0000] {dagbag.py:538} INFO - Filling up the DagBag from /home/airflow/.local/lib/python3.8/site-packages/airflow/example_dags/example_bash_operator.py
[2024-03-26T10:17:54.883+0000] {processor.py:840} INFO - DAG(s) 'example_bash_operator' retrieved from /home/airflow/.local/lib/python3.8/site-packages/airflow/example_dags/example_bash_operator.py
[2024-03-26T10:17:54.987+0000] {logging_mixin.py:188} INFO - [2024-03-26T10:17:54.987+0000] {dag.py:3036} INFO - Sync 1 DAGs
[2024-03-26T10:17:55.008+0000] {logging_mixin.py:188} INFO - [2024-03-26T10:17:55.008+0000] {dag.py:3823} INFO - Setting next_dagrun for example_bash_operator to 2024-03-25 00:00:00+00:00, run_after=2024-03-26 00:00:00+00:00
[2024-03-26T10:17:55.031+0000] {processor.py:183} INFO - Processing /home/airflow/.local/lib/python3.8/site-packages/airflow/example_dags/example_bash_operator.py took 0.163 seconds
