[2024-03-26T08:41:07.391+0000] {processor.py:161} INFO - Started process (PID=71) to work on /home/airflow/.local/lib/python3.8/site-packages/airflow/example_dags/example_task_group_decorator.py
[2024-03-26T08:41:07.392+0000] {processor.py:830} INFO - Processing file /home/airflow/.local/lib/python3.8/site-packages/airflow/example_dags/example_task_group_decorator.py for tasks to queue
[2024-03-26T08:41:07.394+0000] {logging_mixin.py:188} INFO - [2024-03-26T08:41:07.394+0000] {dagbag.py:538} INFO - Filling up the DagBag from /home/airflow/.local/lib/python3.8/site-packages/airflow/example_dags/example_task_group_decorator.py
[2024-03-26T08:41:07.415+0000] {processor.py:840} INFO - DAG(s) 'example_task_group_decorator' retrieved from /home/airflow/.local/lib/python3.8/site-packages/airflow/example_dags/example_task_group_decorator.py
[2024-03-26T08:41:07.426+0000] {logging_mixin.py:188} INFO - [2024-03-26T08:41:07.426+0000] {dag.py:3036} INFO - Sync 1 DAGs
[2024-03-26T08:41:07.447+0000] {logging_mixin.py:188} INFO - [2024-03-26T08:41:07.447+0000] {dag.py:3823} INFO - Setting next_dagrun for example_task_group_decorator to 2024-03-25 00:00:00+00:00, run_after=2024-03-26 00:00:00+00:00
[2024-03-26T08:41:07.465+0000] {processor.py:183} INFO - Processing /home/airflow/.local/lib/python3.8/site-packages/airflow/example_dags/example_task_group_decorator.py took 0.077 seconds
[2024-03-26T08:41:38.943+0000] {processor.py:161} INFO - Started process (PID=127) to work on /home/airflow/.local/lib/python3.8/site-packages/airflow/example_dags/example_task_group_decorator.py
[2024-03-26T08:41:38.944+0000] {processor.py:830} INFO - Processing file /home/airflow/.local/lib/python3.8/site-packages/airflow/example_dags/example_task_group_decorator.py for tasks to queue
[2024-03-26T08:41:38.946+0000] {logging_mixin.py:188} INFO - [2024-03-26T08:41:38.946+0000] {dagbag.py:538} INFO - Filling up the DagBag from /home/airflow/.local/lib/python3.8/site-packages/airflow/example_dags/example_task_group_decorator.py
[2024-03-26T08:41:38.958+0000] {processor.py:840} INFO - DAG(s) 'example_task_group_decorator' retrieved from /home/airflow/.local/lib/python3.8/site-packages/airflow/example_dags/example_task_group_decorator.py
[2024-03-26T08:41:39.049+0000] {logging_mixin.py:188} INFO - [2024-03-26T08:41:39.049+0000] {dag.py:3036} INFO - Sync 1 DAGs
[2024-03-26T08:41:39.067+0000] {logging_mixin.py:188} INFO - [2024-03-26T08:41:39.067+0000] {dag.py:3823} INFO - Setting next_dagrun for example_task_group_decorator to 2024-03-25 00:00:00+00:00, run_after=2024-03-26 00:00:00+00:00
[2024-03-26T08:41:39.087+0000] {processor.py:183} INFO - Processing /home/airflow/.local/lib/python3.8/site-packages/airflow/example_dags/example_task_group_decorator.py took 0.147 seconds
[2024-03-26T08:43:47.618+0000] {processor.py:161} INFO - Started process (PID=71) to work on /home/airflow/.local/lib/python3.8/site-packages/airflow/example_dags/example_task_group_decorator.py
[2024-03-26T08:43:47.620+0000] {processor.py:830} INFO - Processing file /home/airflow/.local/lib/python3.8/site-packages/airflow/example_dags/example_task_group_decorator.py for tasks to queue
[2024-03-26T08:43:47.622+0000] {logging_mixin.py:188} INFO - [2024-03-26T08:43:47.622+0000] {dagbag.py:538} INFO - Filling up the DagBag from /home/airflow/.local/lib/python3.8/site-packages/airflow/example_dags/example_task_group_decorator.py
[2024-03-26T08:43:47.637+0000] {processor.py:840} INFO - DAG(s) 'example_task_group_decorator' retrieved from /home/airflow/.local/lib/python3.8/site-packages/airflow/example_dags/example_task_group_decorator.py
[2024-03-26T08:43:47.646+0000] {logging_mixin.py:188} INFO - [2024-03-26T08:43:47.646+0000] {dag.py:3036} INFO - Sync 1 DAGs
[2024-03-26T08:43:47.672+0000] {logging_mixin.py:188} INFO - [2024-03-26T08:43:47.671+0000] {dag.py:3823} INFO - Setting next_dagrun for example_task_group_decorator to 2024-03-25 00:00:00+00:00, run_after=2024-03-26 00:00:00+00:00
[2024-03-26T08:43:47.691+0000] {processor.py:183} INFO - Processing /home/airflow/.local/lib/python3.8/site-packages/airflow/example_dags/example_task_group_decorator.py took 0.076 seconds
[2024-03-26T08:44:19.244+0000] {processor.py:161} INFO - Started process (PID=127) to work on /home/airflow/.local/lib/python3.8/site-packages/airflow/example_dags/example_task_group_decorator.py
[2024-03-26T08:44:19.245+0000] {processor.py:830} INFO - Processing file /home/airflow/.local/lib/python3.8/site-packages/airflow/example_dags/example_task_group_decorator.py for tasks to queue
[2024-03-26T08:44:19.246+0000] {logging_mixin.py:188} INFO - [2024-03-26T08:44:19.246+0000] {dagbag.py:538} INFO - Filling up the DagBag from /home/airflow/.local/lib/python3.8/site-packages/airflow/example_dags/example_task_group_decorator.py
[2024-03-26T08:44:19.258+0000] {processor.py:840} INFO - DAG(s) 'example_task_group_decorator' retrieved from /home/airflow/.local/lib/python3.8/site-packages/airflow/example_dags/example_task_group_decorator.py
[2024-03-26T08:44:19.344+0000] {logging_mixin.py:188} INFO - [2024-03-26T08:44:19.344+0000] {dag.py:3036} INFO - Sync 1 DAGs
[2024-03-26T08:44:19.366+0000] {logging_mixin.py:188} INFO - [2024-03-26T08:44:19.366+0000] {dag.py:3823} INFO - Setting next_dagrun for example_task_group_decorator to 2024-03-25 00:00:00+00:00, run_after=2024-03-26 00:00:00+00:00
[2024-03-26T08:44:19.390+0000] {processor.py:183} INFO - Processing /home/airflow/.local/lib/python3.8/site-packages/airflow/example_dags/example_task_group_decorator.py took 0.148 seconds
[2024-03-26T08:44:49.527+0000] {processor.py:161} INFO - Started process (PID=183) to work on /home/airflow/.local/lib/python3.8/site-packages/airflow/example_dags/example_task_group_decorator.py
[2024-03-26T08:44:49.528+0000] {processor.py:830} INFO - Processing file /home/airflow/.local/lib/python3.8/site-packages/airflow/example_dags/example_task_group_decorator.py for tasks to queue
[2024-03-26T08:44:49.530+0000] {logging_mixin.py:188} INFO - [2024-03-26T08:44:49.529+0000] {dagbag.py:538} INFO - Filling up the DagBag from /home/airflow/.local/lib/python3.8/site-packages/airflow/example_dags/example_task_group_decorator.py
[2024-03-26T08:44:49.541+0000] {processor.py:840} INFO - DAG(s) 'example_task_group_decorator' retrieved from /home/airflow/.local/lib/python3.8/site-packages/airflow/example_dags/example_task_group_decorator.py
[2024-03-26T08:44:49.559+0000] {logging_mixin.py:188} INFO - [2024-03-26T08:44:49.559+0000] {dag.py:3036} INFO - Sync 1 DAGs
[2024-03-26T08:44:49.577+0000] {logging_mixin.py:188} INFO - [2024-03-26T08:44:49.577+0000] {dag.py:3823} INFO - Setting next_dagrun for example_task_group_decorator to 2024-03-25 00:00:00+00:00, run_after=2024-03-26 00:00:00+00:00
[2024-03-26T08:44:49.593+0000] {processor.py:183} INFO - Processing /home/airflow/.local/lib/python3.8/site-packages/airflow/example_dags/example_task_group_decorator.py took 0.068 seconds
[2024-03-26T08:45:19.778+0000] {processor.py:161} INFO - Started process (PID=239) to work on /home/airflow/.local/lib/python3.8/site-packages/airflow/example_dags/example_task_group_decorator.py
[2024-03-26T08:45:19.779+0000] {processor.py:830} INFO - Processing file /home/airflow/.local/lib/python3.8/site-packages/airflow/example_dags/example_task_group_decorator.py for tasks to queue
[2024-03-26T08:45:19.781+0000] {logging_mixin.py:188} INFO - [2024-03-26T08:45:19.781+0000] {dagbag.py:538} INFO - Filling up the DagBag from /home/airflow/.local/lib/python3.8/site-packages/airflow/example_dags/example_task_group_decorator.py
[2024-03-26T08:45:19.793+0000] {processor.py:840} INFO - DAG(s) 'example_task_group_decorator' retrieved from /home/airflow/.local/lib/python3.8/site-packages/airflow/example_dags/example_task_group_decorator.py
[2024-03-26T08:45:19.813+0000] {logging_mixin.py:188} INFO - [2024-03-26T08:45:19.813+0000] {dag.py:3036} INFO - Sync 1 DAGs
[2024-03-26T08:45:19.832+0000] {logging_mixin.py:188} INFO - [2024-03-26T08:45:19.832+0000] {dag.py:3823} INFO - Setting next_dagrun for example_task_group_decorator to 2024-03-25 00:00:00+00:00, run_after=2024-03-26 00:00:00+00:00
[2024-03-26T08:45:19.851+0000] {processor.py:183} INFO - Processing /home/airflow/.local/lib/python3.8/site-packages/airflow/example_dags/example_task_group_decorator.py took 0.075 seconds
[2024-03-26T08:45:50.027+0000] {processor.py:161} INFO - Started process (PID=295) to work on /home/airflow/.local/lib/python3.8/site-packages/airflow/example_dags/example_task_group_decorator.py
[2024-03-26T08:45:50.028+0000] {processor.py:830} INFO - Processing file /home/airflow/.local/lib/python3.8/site-packages/airflow/example_dags/example_task_group_decorator.py for tasks to queue
[2024-03-26T08:45:50.029+0000] {logging_mixin.py:188} INFO - [2024-03-26T08:45:50.029+0000] {dagbag.py:538} INFO - Filling up the DagBag from /home/airflow/.local/lib/python3.8/site-packages/airflow/example_dags/example_task_group_decorator.py
[2024-03-26T08:45:50.040+0000] {processor.py:840} INFO - DAG(s) 'example_task_group_decorator' retrieved from /home/airflow/.local/lib/python3.8/site-packages/airflow/example_dags/example_task_group_decorator.py
[2024-03-26T08:45:50.059+0000] {logging_mixin.py:188} INFO - [2024-03-26T08:45:50.059+0000] {dag.py:3036} INFO - Sync 1 DAGs
[2024-03-26T08:45:50.079+0000] {logging_mixin.py:188} INFO - [2024-03-26T08:45:50.079+0000] {dag.py:3823} INFO - Setting next_dagrun for example_task_group_decorator to 2024-03-25 00:00:00+00:00, run_after=2024-03-26 00:00:00+00:00
[2024-03-26T08:45:50.094+0000] {processor.py:183} INFO - Processing /home/airflow/.local/lib/python3.8/site-packages/airflow/example_dags/example_task_group_decorator.py took 0.070 seconds
[2024-03-26T08:46:20.294+0000] {processor.py:161} INFO - Started process (PID=351) to work on /home/airflow/.local/lib/python3.8/site-packages/airflow/example_dags/example_task_group_decorator.py
[2024-03-26T08:46:20.295+0000] {processor.py:830} INFO - Processing file /home/airflow/.local/lib/python3.8/site-packages/airflow/example_dags/example_task_group_decorator.py for tasks to queue
[2024-03-26T08:46:20.297+0000] {logging_mixin.py:188} INFO - [2024-03-26T08:46:20.296+0000] {dagbag.py:538} INFO - Filling up the DagBag from /home/airflow/.local/lib/python3.8/site-packages/airflow/example_dags/example_task_group_decorator.py
[2024-03-26T08:46:20.308+0000] {processor.py:840} INFO - DAG(s) 'example_task_group_decorator' retrieved from /home/airflow/.local/lib/python3.8/site-packages/airflow/example_dags/example_task_group_decorator.py
[2024-03-26T08:46:20.327+0000] {logging_mixin.py:188} INFO - [2024-03-26T08:46:20.326+0000] {dag.py:3036} INFO - Sync 1 DAGs
[2024-03-26T08:46:20.344+0000] {logging_mixin.py:188} INFO - [2024-03-26T08:46:20.344+0000] {dag.py:3823} INFO - Setting next_dagrun for example_task_group_decorator to 2024-03-25 00:00:00+00:00, run_after=2024-03-26 00:00:00+00:00
[2024-03-26T08:46:20.359+0000] {processor.py:183} INFO - Processing /home/airflow/.local/lib/python3.8/site-packages/airflow/example_dags/example_task_group_decorator.py took 0.067 seconds
[2024-03-26T08:46:50.495+0000] {processor.py:161} INFO - Started process (PID=407) to work on /home/airflow/.local/lib/python3.8/site-packages/airflow/example_dags/example_task_group_decorator.py
[2024-03-26T08:46:50.496+0000] {processor.py:830} INFO - Processing file /home/airflow/.local/lib/python3.8/site-packages/airflow/example_dags/example_task_group_decorator.py for tasks to queue
[2024-03-26T08:46:50.498+0000] {logging_mixin.py:188} INFO - [2024-03-26T08:46:50.498+0000] {dagbag.py:538} INFO - Filling up the DagBag from /home/airflow/.local/lib/python3.8/site-packages/airflow/example_dags/example_task_group_decorator.py
[2024-03-26T08:46:50.510+0000] {processor.py:840} INFO - DAG(s) 'example_task_group_decorator' retrieved from /home/airflow/.local/lib/python3.8/site-packages/airflow/example_dags/example_task_group_decorator.py
[2024-03-26T08:46:50.532+0000] {logging_mixin.py:188} INFO - [2024-03-26T08:46:50.531+0000] {dag.py:3036} INFO - Sync 1 DAGs
[2024-03-26T08:46:50.550+0000] {logging_mixin.py:188} INFO - [2024-03-26T08:46:50.550+0000] {dag.py:3823} INFO - Setting next_dagrun for example_task_group_decorator to 2024-03-25 00:00:00+00:00, run_after=2024-03-26 00:00:00+00:00
[2024-03-26T08:46:50.564+0000] {processor.py:183} INFO - Processing /home/airflow/.local/lib/python3.8/site-packages/airflow/example_dags/example_task_group_decorator.py took 0.072 seconds
[2024-03-26T08:47:20.725+0000] {processor.py:161} INFO - Started process (PID=463) to work on /home/airflow/.local/lib/python3.8/site-packages/airflow/example_dags/example_task_group_decorator.py
[2024-03-26T08:47:20.726+0000] {processor.py:830} INFO - Processing file /home/airflow/.local/lib/python3.8/site-packages/airflow/example_dags/example_task_group_decorator.py for tasks to queue
[2024-03-26T08:47:20.727+0000] {logging_mixin.py:188} INFO - [2024-03-26T08:47:20.727+0000] {dagbag.py:538} INFO - Filling up the DagBag from /home/airflow/.local/lib/python3.8/site-packages/airflow/example_dags/example_task_group_decorator.py
[2024-03-26T08:47:20.739+0000] {processor.py:840} INFO - DAG(s) 'example_task_group_decorator' retrieved from /home/airflow/.local/lib/python3.8/site-packages/airflow/example_dags/example_task_group_decorator.py
[2024-03-26T08:47:20.758+0000] {logging_mixin.py:188} INFO - [2024-03-26T08:47:20.757+0000] {dag.py:3036} INFO - Sync 1 DAGs
[2024-03-26T08:47:20.777+0000] {logging_mixin.py:188} INFO - [2024-03-26T08:47:20.777+0000] {dag.py:3823} INFO - Setting next_dagrun for example_task_group_decorator to 2024-03-25 00:00:00+00:00, run_after=2024-03-26 00:00:00+00:00
[2024-03-26T08:47:20.792+0000] {processor.py:183} INFO - Processing /home/airflow/.local/lib/python3.8/site-packages/airflow/example_dags/example_task_group_decorator.py took 0.069 seconds
[2024-03-26T08:47:50.936+0000] {processor.py:161} INFO - Started process (PID=519) to work on /home/airflow/.local/lib/python3.8/site-packages/airflow/example_dags/example_task_group_decorator.py
[2024-03-26T08:47:50.937+0000] {processor.py:830} INFO - Processing file /home/airflow/.local/lib/python3.8/site-packages/airflow/example_dags/example_task_group_decorator.py for tasks to queue
[2024-03-26T08:47:50.938+0000] {logging_mixin.py:188} INFO - [2024-03-26T08:47:50.938+0000] {dagbag.py:538} INFO - Filling up the DagBag from /home/airflow/.local/lib/python3.8/site-packages/airflow/example_dags/example_task_group_decorator.py
[2024-03-26T08:47:50.949+0000] {processor.py:840} INFO - DAG(s) 'example_task_group_decorator' retrieved from /home/airflow/.local/lib/python3.8/site-packages/airflow/example_dags/example_task_group_decorator.py
[2024-03-26T08:47:50.971+0000] {logging_mixin.py:188} INFO - [2024-03-26T08:47:50.971+0000] {dag.py:3036} INFO - Sync 1 DAGs
[2024-03-26T08:47:50.990+0000] {logging_mixin.py:188} INFO - [2024-03-26T08:47:50.990+0000] {dag.py:3823} INFO - Setting next_dagrun for example_task_group_decorator to 2024-03-25 00:00:00+00:00, run_after=2024-03-26 00:00:00+00:00
[2024-03-26T08:47:51.006+0000] {processor.py:183} INFO - Processing /home/airflow/.local/lib/python3.8/site-packages/airflow/example_dags/example_task_group_decorator.py took 0.072 seconds
[2024-03-26T08:48:21.303+0000] {processor.py:161} INFO - Started process (PID=575) to work on /home/airflow/.local/lib/python3.8/site-packages/airflow/example_dags/example_task_group_decorator.py
[2024-03-26T08:48:21.304+0000] {processor.py:830} INFO - Processing file /home/airflow/.local/lib/python3.8/site-packages/airflow/example_dags/example_task_group_decorator.py for tasks to queue
[2024-03-26T08:48:21.305+0000] {logging_mixin.py:188} INFO - [2024-03-26T08:48:21.305+0000] {dagbag.py:538} INFO - Filling up the DagBag from /home/airflow/.local/lib/python3.8/site-packages/airflow/example_dags/example_task_group_decorator.py
[2024-03-26T08:48:21.317+0000] {processor.py:840} INFO - DAG(s) 'example_task_group_decorator' retrieved from /home/airflow/.local/lib/python3.8/site-packages/airflow/example_dags/example_task_group_decorator.py
[2024-03-26T08:48:21.336+0000] {logging_mixin.py:188} INFO - [2024-03-26T08:48:21.335+0000] {dag.py:3036} INFO - Sync 1 DAGs
[2024-03-26T08:48:21.353+0000] {logging_mixin.py:188} INFO - [2024-03-26T08:48:21.353+0000] {dag.py:3823} INFO - Setting next_dagrun for example_task_group_decorator to 2024-03-25 00:00:00+00:00, run_after=2024-03-26 00:00:00+00:00
[2024-03-26T08:48:21.368+0000] {processor.py:183} INFO - Processing /home/airflow/.local/lib/python3.8/site-packages/airflow/example_dags/example_task_group_decorator.py took 0.067 seconds
[2024-03-26T08:48:51.662+0000] {processor.py:161} INFO - Started process (PID=631) to work on /home/airflow/.local/lib/python3.8/site-packages/airflow/example_dags/example_task_group_decorator.py
[2024-03-26T08:48:51.663+0000] {processor.py:830} INFO - Processing file /home/airflow/.local/lib/python3.8/site-packages/airflow/example_dags/example_task_group_decorator.py for tasks to queue
[2024-03-26T08:48:51.665+0000] {logging_mixin.py:188} INFO - [2024-03-26T08:48:51.665+0000] {dagbag.py:538} INFO - Filling up the DagBag from /home/airflow/.local/lib/python3.8/site-packages/airflow/example_dags/example_task_group_decorator.py
[2024-03-26T08:48:51.679+0000] {processor.py:840} INFO - DAG(s) 'example_task_group_decorator' retrieved from /home/airflow/.local/lib/python3.8/site-packages/airflow/example_dags/example_task_group_decorator.py
[2024-03-26T08:48:51.782+0000] {logging_mixin.py:188} INFO - [2024-03-26T08:48:51.782+0000] {dag.py:3036} INFO - Sync 1 DAGs
[2024-03-26T08:48:51.800+0000] {logging_mixin.py:188} INFO - [2024-03-26T08:48:51.800+0000] {dag.py:3823} INFO - Setting next_dagrun for example_task_group_decorator to 2024-03-25 00:00:00+00:00, run_after=2024-03-26 00:00:00+00:00
[2024-03-26T08:48:51.815+0000] {processor.py:183} INFO - Processing /home/airflow/.local/lib/python3.8/site-packages/airflow/example_dags/example_task_group_decorator.py took 0.157 seconds
[2024-03-26T08:49:22.070+0000] {processor.py:161} INFO - Started process (PID=687) to work on /home/airflow/.local/lib/python3.8/site-packages/airflow/example_dags/example_task_group_decorator.py
[2024-03-26T08:49:22.071+0000] {processor.py:830} INFO - Processing file /home/airflow/.local/lib/python3.8/site-packages/airflow/example_dags/example_task_group_decorator.py for tasks to queue
[2024-03-26T08:49:22.073+0000] {logging_mixin.py:188} INFO - [2024-03-26T08:49:22.073+0000] {dagbag.py:538} INFO - Filling up the DagBag from /home/airflow/.local/lib/python3.8/site-packages/airflow/example_dags/example_task_group_decorator.py
[2024-03-26T08:49:22.084+0000] {processor.py:840} INFO - DAG(s) 'example_task_group_decorator' retrieved from /home/airflow/.local/lib/python3.8/site-packages/airflow/example_dags/example_task_group_decorator.py
[2024-03-26T08:49:22.103+0000] {logging_mixin.py:188} INFO - [2024-03-26T08:49:22.103+0000] {dag.py:3036} INFO - Sync 1 DAGs
[2024-03-26T08:49:22.121+0000] {logging_mixin.py:188} INFO - [2024-03-26T08:49:22.120+0000] {dag.py:3823} INFO - Setting next_dagrun for example_task_group_decorator to 2024-03-25 00:00:00+00:00, run_after=2024-03-26 00:00:00+00:00
[2024-03-26T08:49:22.136+0000] {processor.py:183} INFO - Processing /home/airflow/.local/lib/python3.8/site-packages/airflow/example_dags/example_task_group_decorator.py took 0.068 seconds
[2024-03-26T08:49:52.460+0000] {processor.py:161} INFO - Started process (PID=743) to work on /home/airflow/.local/lib/python3.8/site-packages/airflow/example_dags/example_task_group_decorator.py
[2024-03-26T08:49:52.461+0000] {processor.py:830} INFO - Processing file /home/airflow/.local/lib/python3.8/site-packages/airflow/example_dags/example_task_group_decorator.py for tasks to queue
[2024-03-26T08:49:52.462+0000] {logging_mixin.py:188} INFO - [2024-03-26T08:49:52.462+0000] {dagbag.py:538} INFO - Filling up the DagBag from /home/airflow/.local/lib/python3.8/site-packages/airflow/example_dags/example_task_group_decorator.py
[2024-03-26T08:49:52.474+0000] {processor.py:840} INFO - DAG(s) 'example_task_group_decorator' retrieved from /home/airflow/.local/lib/python3.8/site-packages/airflow/example_dags/example_task_group_decorator.py
[2024-03-26T08:49:52.492+0000] {logging_mixin.py:188} INFO - [2024-03-26T08:49:52.492+0000] {dag.py:3036} INFO - Sync 1 DAGs
[2024-03-26T08:49:52.511+0000] {logging_mixin.py:188} INFO - [2024-03-26T08:49:52.511+0000] {dag.py:3823} INFO - Setting next_dagrun for example_task_group_decorator to 2024-03-25 00:00:00+00:00, run_after=2024-03-26 00:00:00+00:00
[2024-03-26T08:49:52.529+0000] {processor.py:183} INFO - Processing /home/airflow/.local/lib/python3.8/site-packages/airflow/example_dags/example_task_group_decorator.py took 0.072 seconds
[2024-03-26T08:50:23.023+0000] {processor.py:161} INFO - Started process (PID=799) to work on /home/airflow/.local/lib/python3.8/site-packages/airflow/example_dags/example_task_group_decorator.py
[2024-03-26T08:50:23.024+0000] {processor.py:830} INFO - Processing file /home/airflow/.local/lib/python3.8/site-packages/airflow/example_dags/example_task_group_decorator.py for tasks to queue
[2024-03-26T08:50:23.025+0000] {logging_mixin.py:188} INFO - [2024-03-26T08:50:23.025+0000] {dagbag.py:538} INFO - Filling up the DagBag from /home/airflow/.local/lib/python3.8/site-packages/airflow/example_dags/example_task_group_decorator.py
[2024-03-26T08:50:23.037+0000] {processor.py:840} INFO - DAG(s) 'example_task_group_decorator' retrieved from /home/airflow/.local/lib/python3.8/site-packages/airflow/example_dags/example_task_group_decorator.py
[2024-03-26T08:50:23.056+0000] {logging_mixin.py:188} INFO - [2024-03-26T08:50:23.056+0000] {dag.py:3036} INFO - Sync 1 DAGs
[2024-03-26T08:50:23.076+0000] {logging_mixin.py:188} INFO - [2024-03-26T08:50:23.076+0000] {dag.py:3823} INFO - Setting next_dagrun for example_task_group_decorator to 2024-03-25 00:00:00+00:00, run_after=2024-03-26 00:00:00+00:00
[2024-03-26T08:50:23.095+0000] {processor.py:183} INFO - Processing /home/airflow/.local/lib/python3.8/site-packages/airflow/example_dags/example_task_group_decorator.py took 0.075 seconds
[2024-03-26T08:53:13.296+0000] {processor.py:161} INFO - Started process (PID=71) to work on /home/airflow/.local/lib/python3.8/site-packages/airflow/example_dags/example_task_group_decorator.py
[2024-03-26T08:53:13.297+0000] {processor.py:830} INFO - Processing file /home/airflow/.local/lib/python3.8/site-packages/airflow/example_dags/example_task_group_decorator.py for tasks to queue
[2024-03-26T08:53:13.299+0000] {logging_mixin.py:188} INFO - [2024-03-26T08:53:13.298+0000] {dagbag.py:538} INFO - Filling up the DagBag from /home/airflow/.local/lib/python3.8/site-packages/airflow/example_dags/example_task_group_decorator.py
[2024-03-26T08:53:13.313+0000] {processor.py:840} INFO - DAG(s) 'example_task_group_decorator' retrieved from /home/airflow/.local/lib/python3.8/site-packages/airflow/example_dags/example_task_group_decorator.py
[2024-03-26T08:53:13.324+0000] {logging_mixin.py:188} INFO - [2024-03-26T08:53:13.324+0000] {dag.py:3036} INFO - Sync 1 DAGs
[2024-03-26T08:53:13.347+0000] {logging_mixin.py:188} INFO - [2024-03-26T08:53:13.346+0000] {dag.py:3823} INFO - Setting next_dagrun for example_task_group_decorator to 2024-03-25 00:00:00+00:00, run_after=2024-03-26 00:00:00+00:00
[2024-03-26T08:53:13.364+0000] {processor.py:183} INFO - Processing /home/airflow/.local/lib/python3.8/site-packages/airflow/example_dags/example_task_group_decorator.py took 0.071 seconds
[2024-03-26T08:53:45.151+0000] {processor.py:161} INFO - Started process (PID=127) to work on /home/airflow/.local/lib/python3.8/site-packages/airflow/example_dags/example_task_group_decorator.py
[2024-03-26T08:53:45.152+0000] {processor.py:830} INFO - Processing file /home/airflow/.local/lib/python3.8/site-packages/airflow/example_dags/example_task_group_decorator.py for tasks to queue
[2024-03-26T08:53:45.154+0000] {logging_mixin.py:188} INFO - [2024-03-26T08:53:45.153+0000] {dagbag.py:538} INFO - Filling up the DagBag from /home/airflow/.local/lib/python3.8/site-packages/airflow/example_dags/example_task_group_decorator.py
[2024-03-26T08:53:45.166+0000] {processor.py:840} INFO - DAG(s) 'example_task_group_decorator' retrieved from /home/airflow/.local/lib/python3.8/site-packages/airflow/example_dags/example_task_group_decorator.py
[2024-03-26T08:53:45.256+0000] {logging_mixin.py:188} INFO - [2024-03-26T08:53:45.256+0000] {dag.py:3036} INFO - Sync 1 DAGs
[2024-03-26T08:53:45.273+0000] {logging_mixin.py:188} INFO - [2024-03-26T08:53:45.273+0000] {dag.py:3823} INFO - Setting next_dagrun for example_task_group_decorator to 2024-03-25 00:00:00+00:00, run_after=2024-03-26 00:00:00+00:00
[2024-03-26T08:53:45.292+0000] {processor.py:183} INFO - Processing /home/airflow/.local/lib/python3.8/site-packages/airflow/example_dags/example_task_group_decorator.py took 0.143 seconds
[2024-03-26T08:54:15.369+0000] {processor.py:161} INFO - Started process (PID=183) to work on /home/airflow/.local/lib/python3.8/site-packages/airflow/example_dags/example_task_group_decorator.py
[2024-03-26T08:54:15.370+0000] {processor.py:830} INFO - Processing file /home/airflow/.local/lib/python3.8/site-packages/airflow/example_dags/example_task_group_decorator.py for tasks to queue
[2024-03-26T08:54:15.371+0000] {logging_mixin.py:188} INFO - [2024-03-26T08:54:15.371+0000] {dagbag.py:538} INFO - Filling up the DagBag from /home/airflow/.local/lib/python3.8/site-packages/airflow/example_dags/example_task_group_decorator.py
[2024-03-26T08:54:15.383+0000] {processor.py:840} INFO - DAG(s) 'example_task_group_decorator' retrieved from /home/airflow/.local/lib/python3.8/site-packages/airflow/example_dags/example_task_group_decorator.py
[2024-03-26T08:54:15.403+0000] {logging_mixin.py:188} INFO - [2024-03-26T08:54:15.402+0000] {dag.py:3036} INFO - Sync 1 DAGs
[2024-03-26T08:54:15.420+0000] {logging_mixin.py:188} INFO - [2024-03-26T08:54:15.420+0000] {dag.py:3823} INFO - Setting next_dagrun for example_task_group_decorator to 2024-03-25 00:00:00+00:00, run_after=2024-03-26 00:00:00+00:00
[2024-03-26T08:54:15.436+0000] {processor.py:183} INFO - Processing /home/airflow/.local/lib/python3.8/site-packages/airflow/example_dags/example_task_group_decorator.py took 0.069 seconds
[2024-03-26T08:54:46.142+0000] {processor.py:161} INFO - Started process (PID=239) to work on /home/airflow/.local/lib/python3.8/site-packages/airflow/example_dags/example_task_group_decorator.py
[2024-03-26T08:54:46.143+0000] {processor.py:830} INFO - Processing file /home/airflow/.local/lib/python3.8/site-packages/airflow/example_dags/example_task_group_decorator.py for tasks to queue
[2024-03-26T08:54:46.146+0000] {logging_mixin.py:188} INFO - [2024-03-26T08:54:46.145+0000] {dagbag.py:538} INFO - Filling up the DagBag from /home/airflow/.local/lib/python3.8/site-packages/airflow/example_dags/example_task_group_decorator.py
[2024-03-26T08:54:46.158+0000] {processor.py:840} INFO - DAG(s) 'example_task_group_decorator' retrieved from /home/airflow/.local/lib/python3.8/site-packages/airflow/example_dags/example_task_group_decorator.py
[2024-03-26T08:54:46.179+0000] {logging_mixin.py:188} INFO - [2024-03-26T08:54:46.179+0000] {dag.py:3036} INFO - Sync 1 DAGs
[2024-03-26T08:54:46.197+0000] {logging_mixin.py:188} INFO - [2024-03-26T08:54:46.197+0000] {dag.py:3823} INFO - Setting next_dagrun for example_task_group_decorator to 2024-03-25 00:00:00+00:00, run_after=2024-03-26 00:00:00+00:00
[2024-03-26T08:54:46.215+0000] {processor.py:183} INFO - Processing /home/airflow/.local/lib/python3.8/site-packages/airflow/example_dags/example_task_group_decorator.py took 0.075 seconds
[2024-03-26T08:55:16.510+0000] {processor.py:161} INFO - Started process (PID=295) to work on /home/airflow/.local/lib/python3.8/site-packages/airflow/example_dags/example_task_group_decorator.py
[2024-03-26T08:55:16.511+0000] {processor.py:830} INFO - Processing file /home/airflow/.local/lib/python3.8/site-packages/airflow/example_dags/example_task_group_decorator.py for tasks to queue
[2024-03-26T08:55:16.512+0000] {logging_mixin.py:188} INFO - [2024-03-26T08:55:16.512+0000] {dagbag.py:538} INFO - Filling up the DagBag from /home/airflow/.local/lib/python3.8/site-packages/airflow/example_dags/example_task_group_decorator.py
[2024-03-26T08:55:16.524+0000] {processor.py:840} INFO - DAG(s) 'example_task_group_decorator' retrieved from /home/airflow/.local/lib/python3.8/site-packages/airflow/example_dags/example_task_group_decorator.py
[2024-03-26T08:55:16.543+0000] {logging_mixin.py:188} INFO - [2024-03-26T08:55:16.543+0000] {dag.py:3036} INFO - Sync 1 DAGs
[2024-03-26T08:55:16.562+0000] {logging_mixin.py:188} INFO - [2024-03-26T08:55:16.562+0000] {dag.py:3823} INFO - Setting next_dagrun for example_task_group_decorator to 2024-03-25 00:00:00+00:00, run_after=2024-03-26 00:00:00+00:00
[2024-03-26T08:55:16.580+0000] {processor.py:183} INFO - Processing /home/airflow/.local/lib/python3.8/site-packages/airflow/example_dags/example_task_group_decorator.py took 0.072 seconds
[2024-03-26T08:55:46.933+0000] {processor.py:161} INFO - Started process (PID=351) to work on /home/airflow/.local/lib/python3.8/site-packages/airflow/example_dags/example_task_group_decorator.py
[2024-03-26T08:55:46.934+0000] {processor.py:830} INFO - Processing file /home/airflow/.local/lib/python3.8/site-packages/airflow/example_dags/example_task_group_decorator.py for tasks to queue
[2024-03-26T08:55:46.935+0000] {logging_mixin.py:188} INFO - [2024-03-26T08:55:46.935+0000] {dagbag.py:538} INFO - Filling up the DagBag from /home/airflow/.local/lib/python3.8/site-packages/airflow/example_dags/example_task_group_decorator.py
[2024-03-26T08:55:46.946+0000] {processor.py:840} INFO - DAG(s) 'example_task_group_decorator' retrieved from /home/airflow/.local/lib/python3.8/site-packages/airflow/example_dags/example_task_group_decorator.py
[2024-03-26T08:55:46.965+0000] {logging_mixin.py:188} INFO - [2024-03-26T08:55:46.965+0000] {dag.py:3036} INFO - Sync 1 DAGs
[2024-03-26T08:55:46.983+0000] {logging_mixin.py:188} INFO - [2024-03-26T08:55:46.983+0000] {dag.py:3823} INFO - Setting next_dagrun for example_task_group_decorator to 2024-03-25 00:00:00+00:00, run_after=2024-03-26 00:00:00+00:00
[2024-03-26T08:55:46.999+0000] {processor.py:183} INFO - Processing /home/airflow/.local/lib/python3.8/site-packages/airflow/example_dags/example_task_group_decorator.py took 0.068 seconds
[2024-03-26T08:56:17.261+0000] {processor.py:161} INFO - Started process (PID=407) to work on /home/airflow/.local/lib/python3.8/site-packages/airflow/example_dags/example_task_group_decorator.py
[2024-03-26T08:56:17.262+0000] {processor.py:830} INFO - Processing file /home/airflow/.local/lib/python3.8/site-packages/airflow/example_dags/example_task_group_decorator.py for tasks to queue
[2024-03-26T08:56:17.264+0000] {logging_mixin.py:188} INFO - [2024-03-26T08:56:17.264+0000] {dagbag.py:538} INFO - Filling up the DagBag from /home/airflow/.local/lib/python3.8/site-packages/airflow/example_dags/example_task_group_decorator.py
[2024-03-26T08:56:17.275+0000] {processor.py:840} INFO - DAG(s) 'example_task_group_decorator' retrieved from /home/airflow/.local/lib/python3.8/site-packages/airflow/example_dags/example_task_group_decorator.py
[2024-03-26T08:56:17.294+0000] {logging_mixin.py:188} INFO - [2024-03-26T08:56:17.294+0000] {dag.py:3036} INFO - Sync 1 DAGs
[2024-03-26T08:56:17.312+0000] {logging_mixin.py:188} INFO - [2024-03-26T08:56:17.312+0000] {dag.py:3823} INFO - Setting next_dagrun for example_task_group_decorator to 2024-03-25 00:00:00+00:00, run_after=2024-03-26 00:00:00+00:00
[2024-03-26T08:56:17.332+0000] {processor.py:183} INFO - Processing /home/airflow/.local/lib/python3.8/site-packages/airflow/example_dags/example_task_group_decorator.py took 0.072 seconds
[2024-03-26T08:56:47.629+0000] {processor.py:161} INFO - Started process (PID=464) to work on /home/airflow/.local/lib/python3.8/site-packages/airflow/example_dags/example_task_group_decorator.py
[2024-03-26T08:56:47.630+0000] {processor.py:830} INFO - Processing file /home/airflow/.local/lib/python3.8/site-packages/airflow/example_dags/example_task_group_decorator.py for tasks to queue
[2024-03-26T08:56:47.631+0000] {logging_mixin.py:188} INFO - [2024-03-26T08:56:47.631+0000] {dagbag.py:538} INFO - Filling up the DagBag from /home/airflow/.local/lib/python3.8/site-packages/airflow/example_dags/example_task_group_decorator.py
[2024-03-26T08:56:47.642+0000] {processor.py:840} INFO - DAG(s) 'example_task_group_decorator' retrieved from /home/airflow/.local/lib/python3.8/site-packages/airflow/example_dags/example_task_group_decorator.py
[2024-03-26T08:56:47.661+0000] {logging_mixin.py:188} INFO - [2024-03-26T08:56:47.660+0000] {dag.py:3036} INFO - Sync 1 DAGs
[2024-03-26T08:56:47.678+0000] {logging_mixin.py:188} INFO - [2024-03-26T08:56:47.678+0000] {dag.py:3823} INFO - Setting next_dagrun for example_task_group_decorator to 2024-03-25 00:00:00+00:00, run_after=2024-03-26 00:00:00+00:00
[2024-03-26T08:56:47.693+0000] {processor.py:183} INFO - Processing /home/airflow/.local/lib/python3.8/site-packages/airflow/example_dags/example_task_group_decorator.py took 0.067 seconds
[2024-03-26T08:57:17.968+0000] {processor.py:161} INFO - Started process (PID=519) to work on /home/airflow/.local/lib/python3.8/site-packages/airflow/example_dags/example_task_group_decorator.py
[2024-03-26T08:57:17.969+0000] {processor.py:830} INFO - Processing file /home/airflow/.local/lib/python3.8/site-packages/airflow/example_dags/example_task_group_decorator.py for tasks to queue
[2024-03-26T08:57:17.970+0000] {logging_mixin.py:188} INFO - [2024-03-26T08:57:17.970+0000] {dagbag.py:538} INFO - Filling up the DagBag from /home/airflow/.local/lib/python3.8/site-packages/airflow/example_dags/example_task_group_decorator.py
[2024-03-26T08:57:17.983+0000] {processor.py:840} INFO - DAG(s) 'example_task_group_decorator' retrieved from /home/airflow/.local/lib/python3.8/site-packages/airflow/example_dags/example_task_group_decorator.py
[2024-03-26T08:57:18.000+0000] {logging_mixin.py:188} INFO - [2024-03-26T08:57:18.000+0000] {dag.py:3036} INFO - Sync 1 DAGs
[2024-03-26T08:57:18.017+0000] {logging_mixin.py:188} INFO - [2024-03-26T08:57:18.017+0000] {dag.py:3823} INFO - Setting next_dagrun for example_task_group_decorator to 2024-03-25 00:00:00+00:00, run_after=2024-03-26 00:00:00+00:00
[2024-03-26T08:57:18.031+0000] {processor.py:183} INFO - Processing /home/airflow/.local/lib/python3.8/site-packages/airflow/example_dags/example_task_group_decorator.py took 0.066 seconds
[2024-03-26T08:57:48.442+0000] {processor.py:161} INFO - Started process (PID=575) to work on /home/airflow/.local/lib/python3.8/site-packages/airflow/example_dags/example_task_group_decorator.py
[2024-03-26T08:57:48.443+0000] {processor.py:830} INFO - Processing file /home/airflow/.local/lib/python3.8/site-packages/airflow/example_dags/example_task_group_decorator.py for tasks to queue
[2024-03-26T08:57:48.445+0000] {logging_mixin.py:188} INFO - [2024-03-26T08:57:48.445+0000] {dagbag.py:538} INFO - Filling up the DagBag from /home/airflow/.local/lib/python3.8/site-packages/airflow/example_dags/example_task_group_decorator.py
[2024-03-26T08:57:48.456+0000] {processor.py:840} INFO - DAG(s) 'example_task_group_decorator' retrieved from /home/airflow/.local/lib/python3.8/site-packages/airflow/example_dags/example_task_group_decorator.py
[2024-03-26T08:57:48.476+0000] {logging_mixin.py:188} INFO - [2024-03-26T08:57:48.476+0000] {dag.py:3036} INFO - Sync 1 DAGs
[2024-03-26T08:57:48.497+0000] {logging_mixin.py:188} INFO - [2024-03-26T08:57:48.497+0000] {dag.py:3823} INFO - Setting next_dagrun for example_task_group_decorator to 2024-03-25 00:00:00+00:00, run_after=2024-03-26 00:00:00+00:00
[2024-03-26T08:57:48.514+0000] {processor.py:183} INFO - Processing /home/airflow/.local/lib/python3.8/site-packages/airflow/example_dags/example_task_group_decorator.py took 0.074 seconds
[2024-03-26T08:58:19.005+0000] {processor.py:161} INFO - Started process (PID=631) to work on /home/airflow/.local/lib/python3.8/site-packages/airflow/example_dags/example_task_group_decorator.py
[2024-03-26T08:58:19.006+0000] {processor.py:830} INFO - Processing file /home/airflow/.local/lib/python3.8/site-packages/airflow/example_dags/example_task_group_decorator.py for tasks to queue
[2024-03-26T08:58:19.007+0000] {logging_mixin.py:188} INFO - [2024-03-26T08:58:19.007+0000] {dagbag.py:538} INFO - Filling up the DagBag from /home/airflow/.local/lib/python3.8/site-packages/airflow/example_dags/example_task_group_decorator.py
[2024-03-26T08:58:19.020+0000] {processor.py:840} INFO - DAG(s) 'example_task_group_decorator' retrieved from /home/airflow/.local/lib/python3.8/site-packages/airflow/example_dags/example_task_group_decorator.py
[2024-03-26T08:58:19.042+0000] {logging_mixin.py:188} INFO - [2024-03-26T08:58:19.042+0000] {dag.py:3036} INFO - Sync 1 DAGs
[2024-03-26T08:58:19.063+0000] {logging_mixin.py:188} INFO - [2024-03-26T08:58:19.063+0000] {dag.py:3823} INFO - Setting next_dagrun for example_task_group_decorator to 2024-03-25 00:00:00+00:00, run_after=2024-03-26 00:00:00+00:00
[2024-03-26T08:58:19.081+0000] {processor.py:183} INFO - Processing /home/airflow/.local/lib/python3.8/site-packages/airflow/example_dags/example_task_group_decorator.py took 0.078 seconds
[2024-03-26T08:58:49.426+0000] {processor.py:161} INFO - Started process (PID=687) to work on /home/airflow/.local/lib/python3.8/site-packages/airflow/example_dags/example_task_group_decorator.py
[2024-03-26T08:58:49.427+0000] {processor.py:830} INFO - Processing file /home/airflow/.local/lib/python3.8/site-packages/airflow/example_dags/example_task_group_decorator.py for tasks to queue
[2024-03-26T08:58:49.428+0000] {logging_mixin.py:188} INFO - [2024-03-26T08:58:49.428+0000] {dagbag.py:538} INFO - Filling up the DagBag from /home/airflow/.local/lib/python3.8/site-packages/airflow/example_dags/example_task_group_decorator.py
[2024-03-26T08:58:49.440+0000] {processor.py:840} INFO - DAG(s) 'example_task_group_decorator' retrieved from /home/airflow/.local/lib/python3.8/site-packages/airflow/example_dags/example_task_group_decorator.py
[2024-03-26T08:58:49.460+0000] {logging_mixin.py:188} INFO - [2024-03-26T08:58:49.460+0000] {dag.py:3036} INFO - Sync 1 DAGs
[2024-03-26T08:58:49.478+0000] {logging_mixin.py:188} INFO - [2024-03-26T08:58:49.478+0000] {dag.py:3823} INFO - Setting next_dagrun for example_task_group_decorator to 2024-03-25 00:00:00+00:00, run_after=2024-03-26 00:00:00+00:00
[2024-03-26T08:58:49.496+0000] {processor.py:183} INFO - Processing /home/airflow/.local/lib/python3.8/site-packages/airflow/example_dags/example_task_group_decorator.py took 0.072 seconds
[2024-03-26T09:07:41.869+0000] {processor.py:161} INFO - Started process (PID=72) to work on /home/airflow/.local/lib/python3.8/site-packages/airflow/example_dags/example_task_group_decorator.py
[2024-03-26T09:07:41.870+0000] {processor.py:830} INFO - Processing file /home/airflow/.local/lib/python3.8/site-packages/airflow/example_dags/example_task_group_decorator.py for tasks to queue
[2024-03-26T09:07:41.872+0000] {logging_mixin.py:188} INFO - [2024-03-26T09:07:41.872+0000] {dagbag.py:538} INFO - Filling up the DagBag from /home/airflow/.local/lib/python3.8/site-packages/airflow/example_dags/example_task_group_decorator.py
[2024-03-26T09:07:41.887+0000] {processor.py:840} INFO - DAG(s) 'example_task_group_decorator' retrieved from /home/airflow/.local/lib/python3.8/site-packages/airflow/example_dags/example_task_group_decorator.py
[2024-03-26T09:07:41.898+0000] {logging_mixin.py:188} INFO - [2024-03-26T09:07:41.897+0000] {dag.py:3036} INFO - Sync 1 DAGs
[2024-03-26T09:07:41.920+0000] {logging_mixin.py:188} INFO - [2024-03-26T09:07:41.919+0000] {dag.py:3823} INFO - Setting next_dagrun for example_task_group_decorator to 2024-03-25 00:00:00+00:00, run_after=2024-03-26 00:00:00+00:00
[2024-03-26T09:07:41.945+0000] {processor.py:183} INFO - Processing /home/airflow/.local/lib/python3.8/site-packages/airflow/example_dags/example_task_group_decorator.py took 0.079 seconds
[2024-03-26T09:08:12.838+0000] {processor.py:161} INFO - Started process (PID=130) to work on /home/airflow/.local/lib/python3.8/site-packages/airflow/example_dags/example_task_group_decorator.py
[2024-03-26T09:08:12.839+0000] {processor.py:830} INFO - Processing file /home/airflow/.local/lib/python3.8/site-packages/airflow/example_dags/example_task_group_decorator.py for tasks to queue
[2024-03-26T09:08:12.840+0000] {logging_mixin.py:188} INFO - [2024-03-26T09:08:12.840+0000] {dagbag.py:538} INFO - Filling up the DagBag from /home/airflow/.local/lib/python3.8/site-packages/airflow/example_dags/example_task_group_decorator.py
[2024-03-26T09:08:12.853+0000] {processor.py:840} INFO - DAG(s) 'example_task_group_decorator' retrieved from /home/airflow/.local/lib/python3.8/site-packages/airflow/example_dags/example_task_group_decorator.py
[2024-03-26T09:08:12.947+0000] {logging_mixin.py:188} INFO - [2024-03-26T09:08:12.946+0000] {dag.py:3036} INFO - Sync 1 DAGs
[2024-03-26T09:08:12.965+0000] {logging_mixin.py:188} INFO - [2024-03-26T09:08:12.965+0000] {dag.py:3823} INFO - Setting next_dagrun for example_task_group_decorator to 2024-03-25 00:00:00+00:00, run_after=2024-03-26 00:00:00+00:00
[2024-03-26T09:08:12.983+0000] {processor.py:183} INFO - Processing /home/airflow/.local/lib/python3.8/site-packages/airflow/example_dags/example_task_group_decorator.py took 0.147 seconds
[2024-03-26T09:08:43.642+0000] {processor.py:161} INFO - Started process (PID=187) to work on /home/airflow/.local/lib/python3.8/site-packages/airflow/example_dags/example_task_group_decorator.py
[2024-03-26T09:08:43.643+0000] {processor.py:830} INFO - Processing file /home/airflow/.local/lib/python3.8/site-packages/airflow/example_dags/example_task_group_decorator.py for tasks to queue
[2024-03-26T09:08:43.648+0000] {logging_mixin.py:188} INFO - [2024-03-26T09:08:43.647+0000] {dagbag.py:538} INFO - Filling up the DagBag from /home/airflow/.local/lib/python3.8/site-packages/airflow/example_dags/example_task_group_decorator.py
[2024-03-26T09:08:43.661+0000] {processor.py:840} INFO - DAG(s) 'example_task_group_decorator' retrieved from /home/airflow/.local/lib/python3.8/site-packages/airflow/example_dags/example_task_group_decorator.py
[2024-03-26T09:08:43.681+0000] {logging_mixin.py:188} INFO - [2024-03-26T09:08:43.681+0000] {dag.py:3036} INFO - Sync 1 DAGs
[2024-03-26T09:08:43.699+0000] {logging_mixin.py:188} INFO - [2024-03-26T09:08:43.699+0000] {dag.py:3823} INFO - Setting next_dagrun for example_task_group_decorator to 2024-03-25 00:00:00+00:00, run_after=2024-03-26 00:00:00+00:00
[2024-03-26T09:08:43.714+0000] {processor.py:183} INFO - Processing /home/airflow/.local/lib/python3.8/site-packages/airflow/example_dags/example_task_group_decorator.py took 0.074 seconds
[2024-03-26T09:09:14.194+0000] {processor.py:161} INFO - Started process (PID=244) to work on /home/airflow/.local/lib/python3.8/site-packages/airflow/example_dags/example_task_group_decorator.py
[2024-03-26T09:09:14.195+0000] {processor.py:830} INFO - Processing file /home/airflow/.local/lib/python3.8/site-packages/airflow/example_dags/example_task_group_decorator.py for tasks to queue
[2024-03-26T09:09:14.197+0000] {logging_mixin.py:188} INFO - [2024-03-26T09:09:14.196+0000] {dagbag.py:538} INFO - Filling up the DagBag from /home/airflow/.local/lib/python3.8/site-packages/airflow/example_dags/example_task_group_decorator.py
[2024-03-26T09:09:14.210+0000] {processor.py:840} INFO - DAG(s) 'example_task_group_decorator' retrieved from /home/airflow/.local/lib/python3.8/site-packages/airflow/example_dags/example_task_group_decorator.py
[2024-03-26T09:09:14.235+0000] {logging_mixin.py:188} INFO - [2024-03-26T09:09:14.235+0000] {dag.py:3036} INFO - Sync 1 DAGs
[2024-03-26T09:09:14.257+0000] {logging_mixin.py:188} INFO - [2024-03-26T09:09:14.256+0000] {dag.py:3823} INFO - Setting next_dagrun for example_task_group_decorator to 2024-03-25 00:00:00+00:00, run_after=2024-03-26 00:00:00+00:00
[2024-03-26T09:09:14.279+0000] {processor.py:183} INFO - Processing /home/airflow/.local/lib/python3.8/site-packages/airflow/example_dags/example_task_group_decorator.py took 0.087 seconds
[2024-03-26T09:09:44.989+0000] {processor.py:161} INFO - Started process (PID=301) to work on /home/airflow/.local/lib/python3.8/site-packages/airflow/example_dags/example_task_group_decorator.py
[2024-03-26T09:09:44.990+0000] {processor.py:830} INFO - Processing file /home/airflow/.local/lib/python3.8/site-packages/airflow/example_dags/example_task_group_decorator.py for tasks to queue
[2024-03-26T09:09:44.992+0000] {logging_mixin.py:188} INFO - [2024-03-26T09:09:44.992+0000] {dagbag.py:538} INFO - Filling up the DagBag from /home/airflow/.local/lib/python3.8/site-packages/airflow/example_dags/example_task_group_decorator.py
[2024-03-26T09:09:45.004+0000] {processor.py:840} INFO - DAG(s) 'example_task_group_decorator' retrieved from /home/airflow/.local/lib/python3.8/site-packages/airflow/example_dags/example_task_group_decorator.py
[2024-03-26T09:09:45.024+0000] {logging_mixin.py:188} INFO - [2024-03-26T09:09:45.023+0000] {dag.py:3036} INFO - Sync 1 DAGs
[2024-03-26T09:09:45.041+0000] {logging_mixin.py:188} INFO - [2024-03-26T09:09:45.040+0000] {dag.py:3823} INFO - Setting next_dagrun for example_task_group_decorator to 2024-03-25 00:00:00+00:00, run_after=2024-03-26 00:00:00+00:00
[2024-03-26T09:09:45.059+0000] {processor.py:183} INFO - Processing /home/airflow/.local/lib/python3.8/site-packages/airflow/example_dags/example_task_group_decorator.py took 0.071 seconds
[2024-03-26T09:10:15.703+0000] {processor.py:161} INFO - Started process (PID=358) to work on /home/airflow/.local/lib/python3.8/site-packages/airflow/example_dags/example_task_group_decorator.py
[2024-03-26T09:10:15.704+0000] {processor.py:830} INFO - Processing file /home/airflow/.local/lib/python3.8/site-packages/airflow/example_dags/example_task_group_decorator.py for tasks to queue
[2024-03-26T09:10:15.706+0000] {logging_mixin.py:188} INFO - [2024-03-26T09:10:15.706+0000] {dagbag.py:538} INFO - Filling up the DagBag from /home/airflow/.local/lib/python3.8/site-packages/airflow/example_dags/example_task_group_decorator.py
[2024-03-26T09:10:15.718+0000] {processor.py:840} INFO - DAG(s) 'example_task_group_decorator' retrieved from /home/airflow/.local/lib/python3.8/site-packages/airflow/example_dags/example_task_group_decorator.py
[2024-03-26T09:10:15.738+0000] {logging_mixin.py:188} INFO - [2024-03-26T09:10:15.738+0000] {dag.py:3036} INFO - Sync 1 DAGs
[2024-03-26T09:10:15.758+0000] {logging_mixin.py:188} INFO - [2024-03-26T09:10:15.757+0000] {dag.py:3823} INFO - Setting next_dagrun for example_task_group_decorator to 2024-03-25 00:00:00+00:00, run_after=2024-03-26 00:00:00+00:00
[2024-03-26T09:10:15.777+0000] {processor.py:183} INFO - Processing /home/airflow/.local/lib/python3.8/site-packages/airflow/example_dags/example_task_group_decorator.py took 0.075 seconds
[2024-03-26T09:50:58.073+0000] {processor.py:161} INFO - Started process (PID=72) to work on /home/airflow/.local/lib/python3.8/site-packages/airflow/example_dags/example_task_group_decorator.py
[2024-03-26T09:50:58.074+0000] {processor.py:830} INFO - Processing file /home/airflow/.local/lib/python3.8/site-packages/airflow/example_dags/example_task_group_decorator.py for tasks to queue
[2024-03-26T09:50:58.076+0000] {logging_mixin.py:188} INFO - [2024-03-26T09:50:58.076+0000] {dagbag.py:538} INFO - Filling up the DagBag from /home/airflow/.local/lib/python3.8/site-packages/airflow/example_dags/example_task_group_decorator.py
[2024-03-26T09:50:58.090+0000] {processor.py:840} INFO - DAG(s) 'example_task_group_decorator' retrieved from /home/airflow/.local/lib/python3.8/site-packages/airflow/example_dags/example_task_group_decorator.py
[2024-03-26T09:50:58.099+0000] {logging_mixin.py:188} INFO - [2024-03-26T09:50:58.099+0000] {dag.py:3036} INFO - Sync 1 DAGs
[2024-03-26T09:50:58.125+0000] {logging_mixin.py:188} INFO - [2024-03-26T09:50:58.124+0000] {dag.py:3823} INFO - Setting next_dagrun for example_task_group_decorator to 2024-03-25 00:00:00+00:00, run_after=2024-03-26 00:00:00+00:00
[2024-03-26T09:50:58.144+0000] {processor.py:183} INFO - Processing /home/airflow/.local/lib/python3.8/site-packages/airflow/example_dags/example_task_group_decorator.py took 0.073 seconds
[2024-03-26T09:51:28.870+0000] {processor.py:161} INFO - Started process (PID=129) to work on /home/airflow/.local/lib/python3.8/site-packages/airflow/example_dags/example_task_group_decorator.py
[2024-03-26T09:51:28.871+0000] {processor.py:830} INFO - Processing file /home/airflow/.local/lib/python3.8/site-packages/airflow/example_dags/example_task_group_decorator.py for tasks to queue
[2024-03-26T09:51:28.872+0000] {logging_mixin.py:188} INFO - [2024-03-26T09:51:28.872+0000] {dagbag.py:538} INFO - Filling up the DagBag from /home/airflow/.local/lib/python3.8/site-packages/airflow/example_dags/example_task_group_decorator.py
[2024-03-26T09:51:28.884+0000] {processor.py:840} INFO - DAG(s) 'example_task_group_decorator' retrieved from /home/airflow/.local/lib/python3.8/site-packages/airflow/example_dags/example_task_group_decorator.py
[2024-03-26T09:51:28.967+0000] {logging_mixin.py:188} INFO - [2024-03-26T09:51:28.966+0000] {dag.py:3036} INFO - Sync 1 DAGs
[2024-03-26T09:51:28.983+0000] {logging_mixin.py:188} INFO - [2024-03-26T09:51:28.983+0000] {dag.py:3823} INFO - Setting next_dagrun for example_task_group_decorator to 2024-03-25 00:00:00+00:00, run_after=2024-03-26 00:00:00+00:00
[2024-03-26T09:51:29.002+0000] {processor.py:183} INFO - Processing /home/airflow/.local/lib/python3.8/site-packages/airflow/example_dags/example_task_group_decorator.py took 0.134 seconds
[2024-03-26T09:51:59.223+0000] {processor.py:161} INFO - Started process (PID=186) to work on /home/airflow/.local/lib/python3.8/site-packages/airflow/example_dags/example_task_group_decorator.py
[2024-03-26T09:51:59.224+0000] {processor.py:830} INFO - Processing file /home/airflow/.local/lib/python3.8/site-packages/airflow/example_dags/example_task_group_decorator.py for tasks to queue
[2024-03-26T09:51:59.226+0000] {logging_mixin.py:188} INFO - [2024-03-26T09:51:59.226+0000] {dagbag.py:538} INFO - Filling up the DagBag from /home/airflow/.local/lib/python3.8/site-packages/airflow/example_dags/example_task_group_decorator.py
[2024-03-26T09:51:59.237+0000] {processor.py:840} INFO - DAG(s) 'example_task_group_decorator' retrieved from /home/airflow/.local/lib/python3.8/site-packages/airflow/example_dags/example_task_group_decorator.py
[2024-03-26T09:51:59.257+0000] {logging_mixin.py:188} INFO - [2024-03-26T09:51:59.257+0000] {dag.py:3036} INFO - Sync 1 DAGs
[2024-03-26T09:51:59.276+0000] {logging_mixin.py:188} INFO - [2024-03-26T09:51:59.276+0000] {dag.py:3823} INFO - Setting next_dagrun for example_task_group_decorator to 2024-03-25 00:00:00+00:00, run_after=2024-03-26 00:00:00+00:00
[2024-03-26T09:51:59.291+0000] {processor.py:183} INFO - Processing /home/airflow/.local/lib/python3.8/site-packages/airflow/example_dags/example_task_group_decorator.py took 0.070 seconds
[2024-03-26T09:52:30.073+0000] {processor.py:161} INFO - Started process (PID=243) to work on /home/airflow/.local/lib/python3.8/site-packages/airflow/example_dags/example_task_group_decorator.py
[2024-03-26T09:52:30.074+0000] {processor.py:830} INFO - Processing file /home/airflow/.local/lib/python3.8/site-packages/airflow/example_dags/example_task_group_decorator.py for tasks to queue
[2024-03-26T09:52:30.076+0000] {logging_mixin.py:188} INFO - [2024-03-26T09:52:30.076+0000] {dagbag.py:538} INFO - Filling up the DagBag from /home/airflow/.local/lib/python3.8/site-packages/airflow/example_dags/example_task_group_decorator.py
[2024-03-26T09:52:30.087+0000] {processor.py:840} INFO - DAG(s) 'example_task_group_decorator' retrieved from /home/airflow/.local/lib/python3.8/site-packages/airflow/example_dags/example_task_group_decorator.py
[2024-03-26T09:52:30.106+0000] {logging_mixin.py:188} INFO - [2024-03-26T09:52:30.106+0000] {dag.py:3036} INFO - Sync 1 DAGs
[2024-03-26T09:52:30.124+0000] {logging_mixin.py:188} INFO - [2024-03-26T09:52:30.123+0000] {dag.py:3823} INFO - Setting next_dagrun for example_task_group_decorator to 2024-03-25 00:00:00+00:00, run_after=2024-03-26 00:00:00+00:00
[2024-03-26T09:52:30.140+0000] {processor.py:183} INFO - Processing /home/airflow/.local/lib/python3.8/site-packages/airflow/example_dags/example_task_group_decorator.py took 0.069 seconds
[2024-03-26T09:53:00.862+0000] {processor.py:161} INFO - Started process (PID=300) to work on /home/airflow/.local/lib/python3.8/site-packages/airflow/example_dags/example_task_group_decorator.py
[2024-03-26T09:53:00.863+0000] {processor.py:830} INFO - Processing file /home/airflow/.local/lib/python3.8/site-packages/airflow/example_dags/example_task_group_decorator.py for tasks to queue
[2024-03-26T09:53:00.865+0000] {logging_mixin.py:188} INFO - [2024-03-26T09:53:00.864+0000] {dagbag.py:538} INFO - Filling up the DagBag from /home/airflow/.local/lib/python3.8/site-packages/airflow/example_dags/example_task_group_decorator.py
[2024-03-26T09:53:00.876+0000] {processor.py:840} INFO - DAG(s) 'example_task_group_decorator' retrieved from /home/airflow/.local/lib/python3.8/site-packages/airflow/example_dags/example_task_group_decorator.py
[2024-03-26T09:53:00.895+0000] {logging_mixin.py:188} INFO - [2024-03-26T09:53:00.895+0000] {dag.py:3036} INFO - Sync 1 DAGs
[2024-03-26T09:53:00.913+0000] {logging_mixin.py:188} INFO - [2024-03-26T09:53:00.913+0000] {dag.py:3823} INFO - Setting next_dagrun for example_task_group_decorator to 2024-03-25 00:00:00+00:00, run_after=2024-03-26 00:00:00+00:00
[2024-03-26T09:53:00.929+0000] {processor.py:183} INFO - Processing /home/airflow/.local/lib/python3.8/site-packages/airflow/example_dags/example_task_group_decorator.py took 0.069 seconds
[2024-03-26T09:53:31.346+0000] {processor.py:161} INFO - Started process (PID=357) to work on /home/airflow/.local/lib/python3.8/site-packages/airflow/example_dags/example_task_group_decorator.py
[2024-03-26T09:53:31.347+0000] {processor.py:830} INFO - Processing file /home/airflow/.local/lib/python3.8/site-packages/airflow/example_dags/example_task_group_decorator.py for tasks to queue
[2024-03-26T09:53:31.348+0000] {logging_mixin.py:188} INFO - [2024-03-26T09:53:31.348+0000] {dagbag.py:538} INFO - Filling up the DagBag from /home/airflow/.local/lib/python3.8/site-packages/airflow/example_dags/example_task_group_decorator.py
[2024-03-26T09:53:31.360+0000] {processor.py:840} INFO - DAG(s) 'example_task_group_decorator' retrieved from /home/airflow/.local/lib/python3.8/site-packages/airflow/example_dags/example_task_group_decorator.py
[2024-03-26T09:53:31.378+0000] {logging_mixin.py:188} INFO - [2024-03-26T09:53:31.378+0000] {dag.py:3036} INFO - Sync 1 DAGs
[2024-03-26T09:53:31.399+0000] {logging_mixin.py:188} INFO - [2024-03-26T09:53:31.399+0000] {dag.py:3823} INFO - Setting next_dagrun for example_task_group_decorator to 2024-03-25 00:00:00+00:00, run_after=2024-03-26 00:00:00+00:00
[2024-03-26T09:53:31.415+0000] {processor.py:183} INFO - Processing /home/airflow/.local/lib/python3.8/site-packages/airflow/example_dags/example_task_group_decorator.py took 0.071 seconds
[2024-03-26T09:54:02.367+0000] {processor.py:161} INFO - Started process (PID=414) to work on /home/airflow/.local/lib/python3.8/site-packages/airflow/example_dags/example_task_group_decorator.py
[2024-03-26T09:54:02.368+0000] {processor.py:830} INFO - Processing file /home/airflow/.local/lib/python3.8/site-packages/airflow/example_dags/example_task_group_decorator.py for tasks to queue
[2024-03-26T09:54:02.370+0000] {logging_mixin.py:188} INFO - [2024-03-26T09:54:02.369+0000] {dagbag.py:538} INFO - Filling up the DagBag from /home/airflow/.local/lib/python3.8/site-packages/airflow/example_dags/example_task_group_decorator.py
[2024-03-26T09:54:02.381+0000] {processor.py:840} INFO - DAG(s) 'example_task_group_decorator' retrieved from /home/airflow/.local/lib/python3.8/site-packages/airflow/example_dags/example_task_group_decorator.py
[2024-03-26T09:54:02.400+0000] {logging_mixin.py:188} INFO - [2024-03-26T09:54:02.400+0000] {dag.py:3036} INFO - Sync 1 DAGs
[2024-03-26T09:54:02.419+0000] {logging_mixin.py:188} INFO - [2024-03-26T09:54:02.419+0000] {dag.py:3823} INFO - Setting next_dagrun for example_task_group_decorator to 2024-03-25 00:00:00+00:00, run_after=2024-03-26 00:00:00+00:00
[2024-03-26T09:54:02.438+0000] {processor.py:183} INFO - Processing /home/airflow/.local/lib/python3.8/site-packages/airflow/example_dags/example_task_group_decorator.py took 0.072 seconds
[2024-03-26T09:54:32.979+0000] {processor.py:161} INFO - Started process (PID=471) to work on /home/airflow/.local/lib/python3.8/site-packages/airflow/example_dags/example_task_group_decorator.py
[2024-03-26T09:54:32.980+0000] {processor.py:830} INFO - Processing file /home/airflow/.local/lib/python3.8/site-packages/airflow/example_dags/example_task_group_decorator.py for tasks to queue
[2024-03-26T09:54:32.982+0000] {logging_mixin.py:188} INFO - [2024-03-26T09:54:32.982+0000] {dagbag.py:538} INFO - Filling up the DagBag from /home/airflow/.local/lib/python3.8/site-packages/airflow/example_dags/example_task_group_decorator.py
[2024-03-26T09:54:32.994+0000] {processor.py:840} INFO - DAG(s) 'example_task_group_decorator' retrieved from /home/airflow/.local/lib/python3.8/site-packages/airflow/example_dags/example_task_group_decorator.py
[2024-03-26T09:54:33.014+0000] {logging_mixin.py:188} INFO - [2024-03-26T09:54:33.014+0000] {dag.py:3036} INFO - Sync 1 DAGs
[2024-03-26T09:54:33.034+0000] {logging_mixin.py:188} INFO - [2024-03-26T09:54:33.034+0000] {dag.py:3823} INFO - Setting next_dagrun for example_task_group_decorator to 2024-03-25 00:00:00+00:00, run_after=2024-03-26 00:00:00+00:00
[2024-03-26T09:54:33.050+0000] {processor.py:183} INFO - Processing /home/airflow/.local/lib/python3.8/site-packages/airflow/example_dags/example_task_group_decorator.py took 0.073 seconds
[2024-03-26T09:55:03.531+0000] {processor.py:161} INFO - Started process (PID=528) to work on /home/airflow/.local/lib/python3.8/site-packages/airflow/example_dags/example_task_group_decorator.py
[2024-03-26T09:55:03.532+0000] {processor.py:830} INFO - Processing file /home/airflow/.local/lib/python3.8/site-packages/airflow/example_dags/example_task_group_decorator.py for tasks to queue
[2024-03-26T09:55:03.534+0000] {logging_mixin.py:188} INFO - [2024-03-26T09:55:03.534+0000] {dagbag.py:538} INFO - Filling up the DagBag from /home/airflow/.local/lib/python3.8/site-packages/airflow/example_dags/example_task_group_decorator.py
[2024-03-26T09:55:03.546+0000] {processor.py:840} INFO - DAG(s) 'example_task_group_decorator' retrieved from /home/airflow/.local/lib/python3.8/site-packages/airflow/example_dags/example_task_group_decorator.py
[2024-03-26T09:55:03.567+0000] {logging_mixin.py:188} INFO - [2024-03-26T09:55:03.567+0000] {dag.py:3036} INFO - Sync 1 DAGs
[2024-03-26T09:55:03.585+0000] {logging_mixin.py:188} INFO - [2024-03-26T09:55:03.585+0000] {dag.py:3823} INFO - Setting next_dagrun for example_task_group_decorator to 2024-03-25 00:00:00+00:00, run_after=2024-03-26 00:00:00+00:00
[2024-03-26T09:55:03.602+0000] {processor.py:183} INFO - Processing /home/airflow/.local/lib/python3.8/site-packages/airflow/example_dags/example_task_group_decorator.py took 0.073 seconds
[2024-03-26T09:55:34.138+0000] {processor.py:161} INFO - Started process (PID=585) to work on /home/airflow/.local/lib/python3.8/site-packages/airflow/example_dags/example_task_group_decorator.py
[2024-03-26T09:55:34.139+0000] {processor.py:830} INFO - Processing file /home/airflow/.local/lib/python3.8/site-packages/airflow/example_dags/example_task_group_decorator.py for tasks to queue
[2024-03-26T09:55:34.140+0000] {logging_mixin.py:188} INFO - [2024-03-26T09:55:34.140+0000] {dagbag.py:538} INFO - Filling up the DagBag from /home/airflow/.local/lib/python3.8/site-packages/airflow/example_dags/example_task_group_decorator.py
[2024-03-26T09:55:34.153+0000] {processor.py:840} INFO - DAG(s) 'example_task_group_decorator' retrieved from /home/airflow/.local/lib/python3.8/site-packages/airflow/example_dags/example_task_group_decorator.py
[2024-03-26T09:55:34.172+0000] {logging_mixin.py:188} INFO - [2024-03-26T09:55:34.172+0000] {dag.py:3036} INFO - Sync 1 DAGs
[2024-03-26T09:55:34.190+0000] {logging_mixin.py:188} INFO - [2024-03-26T09:55:34.190+0000] {dag.py:3823} INFO - Setting next_dagrun for example_task_group_decorator to 2024-03-25 00:00:00+00:00, run_after=2024-03-26 00:00:00+00:00
[2024-03-26T09:55:34.205+0000] {processor.py:183} INFO - Processing /home/airflow/.local/lib/python3.8/site-packages/airflow/example_dags/example_task_group_decorator.py took 0.069 seconds
[2024-03-26T09:56:04.869+0000] {processor.py:161} INFO - Started process (PID=642) to work on /home/airflow/.local/lib/python3.8/site-packages/airflow/example_dags/example_task_group_decorator.py
[2024-03-26T09:56:04.870+0000] {processor.py:830} INFO - Processing file /home/airflow/.local/lib/python3.8/site-packages/airflow/example_dags/example_task_group_decorator.py for tasks to queue
[2024-03-26T09:56:04.872+0000] {logging_mixin.py:188} INFO - [2024-03-26T09:56:04.872+0000] {dagbag.py:538} INFO - Filling up the DagBag from /home/airflow/.local/lib/python3.8/site-packages/airflow/example_dags/example_task_group_decorator.py
[2024-03-26T09:56:04.884+0000] {processor.py:840} INFO - DAG(s) 'example_task_group_decorator' retrieved from /home/airflow/.local/lib/python3.8/site-packages/airflow/example_dags/example_task_group_decorator.py
[2024-03-26T09:56:04.904+0000] {logging_mixin.py:188} INFO - [2024-03-26T09:56:04.903+0000] {dag.py:3036} INFO - Sync 1 DAGs
[2024-03-26T09:56:04.924+0000] {logging_mixin.py:188} INFO - [2024-03-26T09:56:04.924+0000] {dag.py:3823} INFO - Setting next_dagrun for example_task_group_decorator to 2024-03-25 00:00:00+00:00, run_after=2024-03-26 00:00:00+00:00
[2024-03-26T09:56:04.941+0000] {processor.py:183} INFO - Processing /home/airflow/.local/lib/python3.8/site-packages/airflow/example_dags/example_task_group_decorator.py took 0.074 seconds
[2024-03-26T09:57:47.727+0000] {processor.py:161} INFO - Started process (PID=72) to work on /home/airflow/.local/lib/python3.8/site-packages/airflow/example_dags/example_task_group_decorator.py
[2024-03-26T09:57:47.728+0000] {processor.py:830} INFO - Processing file /home/airflow/.local/lib/python3.8/site-packages/airflow/example_dags/example_task_group_decorator.py for tasks to queue
[2024-03-26T09:57:47.730+0000] {logging_mixin.py:188} INFO - [2024-03-26T09:57:47.729+0000] {dagbag.py:538} INFO - Filling up the DagBag from /home/airflow/.local/lib/python3.8/site-packages/airflow/example_dags/example_task_group_decorator.py
[2024-03-26T09:57:47.743+0000] {processor.py:840} INFO - DAG(s) 'example_task_group_decorator' retrieved from /home/airflow/.local/lib/python3.8/site-packages/airflow/example_dags/example_task_group_decorator.py
[2024-03-26T09:57:47.752+0000] {logging_mixin.py:188} INFO - [2024-03-26T09:57:47.752+0000] {dag.py:3036} INFO - Sync 1 DAGs
[2024-03-26T09:57:47.774+0000] {logging_mixin.py:188} INFO - [2024-03-26T09:57:47.773+0000] {dag.py:3823} INFO - Setting next_dagrun for example_task_group_decorator to 2024-03-25 00:00:00+00:00, run_after=2024-03-26 00:00:00+00:00
[2024-03-26T09:57:47.791+0000] {processor.py:183} INFO - Processing /home/airflow/.local/lib/python3.8/site-packages/airflow/example_dags/example_task_group_decorator.py took 0.067 seconds
[2024-03-26T09:58:18.660+0000] {processor.py:161} INFO - Started process (PID=129) to work on /home/airflow/.local/lib/python3.8/site-packages/airflow/example_dags/example_task_group_decorator.py
[2024-03-26T09:58:18.661+0000] {processor.py:830} INFO - Processing file /home/airflow/.local/lib/python3.8/site-packages/airflow/example_dags/example_task_group_decorator.py for tasks to queue
[2024-03-26T09:58:18.663+0000] {logging_mixin.py:188} INFO - [2024-03-26T09:58:18.663+0000] {dagbag.py:538} INFO - Filling up the DagBag from /home/airflow/.local/lib/python3.8/site-packages/airflow/example_dags/example_task_group_decorator.py
[2024-03-26T09:58:18.677+0000] {processor.py:840} INFO - DAG(s) 'example_task_group_decorator' retrieved from /home/airflow/.local/lib/python3.8/site-packages/airflow/example_dags/example_task_group_decorator.py
[2024-03-26T09:58:18.799+0000] {logging_mixin.py:188} INFO - [2024-03-26T09:58:18.799+0000] {dag.py:3036} INFO - Sync 1 DAGs
[2024-03-26T09:58:18.828+0000] {logging_mixin.py:188} INFO - [2024-03-26T09:58:18.828+0000] {dag.py:3823} INFO - Setting next_dagrun for example_task_group_decorator to 2024-03-25 00:00:00+00:00, run_after=2024-03-26 00:00:00+00:00
[2024-03-26T09:58:18.851+0000] {processor.py:183} INFO - Processing /home/airflow/.local/lib/python3.8/site-packages/airflow/example_dags/example_task_group_decorator.py took 0.194 seconds
[2024-03-26T09:58:49.251+0000] {processor.py:161} INFO - Started process (PID=186) to work on /home/airflow/.local/lib/python3.8/site-packages/airflow/example_dags/example_task_group_decorator.py
[2024-03-26T09:58:49.252+0000] {processor.py:830} INFO - Processing file /home/airflow/.local/lib/python3.8/site-packages/airflow/example_dags/example_task_group_decorator.py for tasks to queue
[2024-03-26T09:58:49.254+0000] {logging_mixin.py:188} INFO - [2024-03-26T09:58:49.254+0000] {dagbag.py:538} INFO - Filling up the DagBag from /home/airflow/.local/lib/python3.8/site-packages/airflow/example_dags/example_task_group_decorator.py
[2024-03-26T09:58:49.266+0000] {processor.py:840} INFO - DAG(s) 'example_task_group_decorator' retrieved from /home/airflow/.local/lib/python3.8/site-packages/airflow/example_dags/example_task_group_decorator.py
[2024-03-26T09:58:49.288+0000] {logging_mixin.py:188} INFO - [2024-03-26T09:58:49.287+0000] {dag.py:3036} INFO - Sync 1 DAGs
[2024-03-26T09:58:49.307+0000] {logging_mixin.py:188} INFO - [2024-03-26T09:58:49.307+0000] {dag.py:3823} INFO - Setting next_dagrun for example_task_group_decorator to 2024-03-25 00:00:00+00:00, run_after=2024-03-26 00:00:00+00:00
[2024-03-26T09:58:49.327+0000] {processor.py:183} INFO - Processing /home/airflow/.local/lib/python3.8/site-packages/airflow/example_dags/example_task_group_decorator.py took 0.078 seconds
[2024-03-26T10:11:03.817+0000] {processor.py:161} INFO - Started process (PID=71) to work on /home/airflow/.local/lib/python3.8/site-packages/airflow/example_dags/example_task_group_decorator.py
[2024-03-26T10:11:03.819+0000] {processor.py:830} INFO - Processing file /home/airflow/.local/lib/python3.8/site-packages/airflow/example_dags/example_task_group_decorator.py for tasks to queue
[2024-03-26T10:11:03.821+0000] {logging_mixin.py:188} INFO - [2024-03-26T10:11:03.820+0000] {dagbag.py:538} INFO - Filling up the DagBag from /home/airflow/.local/lib/python3.8/site-packages/airflow/example_dags/example_task_group_decorator.py
[2024-03-26T10:11:03.839+0000] {processor.py:840} INFO - DAG(s) 'example_task_group_decorator' retrieved from /home/airflow/.local/lib/python3.8/site-packages/airflow/example_dags/example_task_group_decorator.py
[2024-03-26T10:11:03.854+0000] {logging_mixin.py:188} INFO - [2024-03-26T10:11:03.853+0000] {dag.py:3036} INFO - Sync 1 DAGs
[2024-03-26T10:11:03.887+0000] {logging_mixin.py:188} INFO - [2024-03-26T10:11:03.887+0000] {dag.py:3823} INFO - Setting next_dagrun for example_task_group_decorator to 2024-03-25 00:00:00+00:00, run_after=2024-03-26 00:00:00+00:00
[2024-03-26T10:11:03.911+0000] {processor.py:183} INFO - Processing /home/airflow/.local/lib/python3.8/site-packages/airflow/example_dags/example_task_group_decorator.py took 0.096 seconds
[2024-03-26T10:11:35.846+0000] {processor.py:161} INFO - Started process (PID=127) to work on /home/airflow/.local/lib/python3.8/site-packages/airflow/example_dags/example_task_group_decorator.py
[2024-03-26T10:11:35.847+0000] {processor.py:830} INFO - Processing file /home/airflow/.local/lib/python3.8/site-packages/airflow/example_dags/example_task_group_decorator.py for tasks to queue
[2024-03-26T10:11:35.848+0000] {logging_mixin.py:188} INFO - [2024-03-26T10:11:35.848+0000] {dagbag.py:538} INFO - Filling up the DagBag from /home/airflow/.local/lib/python3.8/site-packages/airflow/example_dags/example_task_group_decorator.py
[2024-03-26T10:11:35.860+0000] {processor.py:840} INFO - DAG(s) 'example_task_group_decorator' retrieved from /home/airflow/.local/lib/python3.8/site-packages/airflow/example_dags/example_task_group_decorator.py
[2024-03-26T10:11:35.945+0000] {logging_mixin.py:188} INFO - [2024-03-26T10:11:35.944+0000] {dag.py:3036} INFO - Sync 1 DAGs
[2024-03-26T10:11:35.961+0000] {logging_mixin.py:188} INFO - [2024-03-26T10:11:35.961+0000] {dag.py:3823} INFO - Setting next_dagrun for example_task_group_decorator to 2024-03-25 00:00:00+00:00, run_after=2024-03-26 00:00:00+00:00
[2024-03-26T10:11:35.981+0000] {processor.py:183} INFO - Processing /home/airflow/.local/lib/python3.8/site-packages/airflow/example_dags/example_task_group_decorator.py took 0.138 seconds
[2024-03-26T10:12:49.990+0000] {processor.py:161} INFO - Started process (PID=72) to work on /home/airflow/.local/lib/python3.8/site-packages/airflow/example_dags/example_task_group_decorator.py
[2024-03-26T10:12:49.991+0000] {processor.py:830} INFO - Processing file /home/airflow/.local/lib/python3.8/site-packages/airflow/example_dags/example_task_group_decorator.py for tasks to queue
[2024-03-26T10:12:49.993+0000] {logging_mixin.py:188} INFO - [2024-03-26T10:12:49.992+0000] {dagbag.py:538} INFO - Filling up the DagBag from /home/airflow/.local/lib/python3.8/site-packages/airflow/example_dags/example_task_group_decorator.py
[2024-03-26T10:12:50.006+0000] {processor.py:840} INFO - DAG(s) 'example_task_group_decorator' retrieved from /home/airflow/.local/lib/python3.8/site-packages/airflow/example_dags/example_task_group_decorator.py
[2024-03-26T10:12:50.016+0000] {logging_mixin.py:188} INFO - [2024-03-26T10:12:50.016+0000] {dag.py:3036} INFO - Sync 1 DAGs
[2024-03-26T10:12:50.042+0000] {logging_mixin.py:188} INFO - [2024-03-26T10:12:50.041+0000] {dag.py:3823} INFO - Setting next_dagrun for example_task_group_decorator to 2024-03-25 00:00:00+00:00, run_after=2024-03-26 00:00:00+00:00
[2024-03-26T10:12:50.065+0000] {processor.py:183} INFO - Processing /home/airflow/.local/lib/python3.8/site-packages/airflow/example_dags/example_task_group_decorator.py took 0.077 seconds
[2024-03-26T10:13:20.956+0000] {processor.py:161} INFO - Started process (PID=129) to work on /home/airflow/.local/lib/python3.8/site-packages/airflow/example_dags/example_task_group_decorator.py
[2024-03-26T10:13:20.957+0000] {processor.py:830} INFO - Processing file /home/airflow/.local/lib/python3.8/site-packages/airflow/example_dags/example_task_group_decorator.py for tasks to queue
[2024-03-26T10:13:20.959+0000] {logging_mixin.py:188} INFO - [2024-03-26T10:13:20.958+0000] {dagbag.py:538} INFO - Filling up the DagBag from /home/airflow/.local/lib/python3.8/site-packages/airflow/example_dags/example_task_group_decorator.py
[2024-03-26T10:13:20.970+0000] {processor.py:840} INFO - DAG(s) 'example_task_group_decorator' retrieved from /home/airflow/.local/lib/python3.8/site-packages/airflow/example_dags/example_task_group_decorator.py
[2024-03-26T10:13:21.059+0000] {logging_mixin.py:188} INFO - [2024-03-26T10:13:21.059+0000] {dag.py:3036} INFO - Sync 1 DAGs
[2024-03-26T10:13:21.078+0000] {logging_mixin.py:188} INFO - [2024-03-26T10:13:21.078+0000] {dag.py:3823} INFO - Setting next_dagrun for example_task_group_decorator to 2024-03-25 00:00:00+00:00, run_after=2024-03-26 00:00:00+00:00
[2024-03-26T10:13:21.096+0000] {processor.py:183} INFO - Processing /home/airflow/.local/lib/python3.8/site-packages/airflow/example_dags/example_task_group_decorator.py took 0.142 seconds
[2024-03-26T10:13:51.284+0000] {processor.py:161} INFO - Started process (PID=186) to work on /home/airflow/.local/lib/python3.8/site-packages/airflow/example_dags/example_task_group_decorator.py
[2024-03-26T10:13:51.284+0000] {processor.py:830} INFO - Processing file /home/airflow/.local/lib/python3.8/site-packages/airflow/example_dags/example_task_group_decorator.py for tasks to queue
[2024-03-26T10:13:51.286+0000] {logging_mixin.py:188} INFO - [2024-03-26T10:13:51.286+0000] {dagbag.py:538} INFO - Filling up the DagBag from /home/airflow/.local/lib/python3.8/site-packages/airflow/example_dags/example_task_group_decorator.py
[2024-03-26T10:13:51.298+0000] {processor.py:840} INFO - DAG(s) 'example_task_group_decorator' retrieved from /home/airflow/.local/lib/python3.8/site-packages/airflow/example_dags/example_task_group_decorator.py
[2024-03-26T10:13:51.316+0000] {logging_mixin.py:188} INFO - [2024-03-26T10:13:51.316+0000] {dag.py:3036} INFO - Sync 1 DAGs
[2024-03-26T10:13:51.335+0000] {logging_mixin.py:188} INFO - [2024-03-26T10:13:51.335+0000] {dag.py:3823} INFO - Setting next_dagrun for example_task_group_decorator to 2024-03-25 00:00:00+00:00, run_after=2024-03-26 00:00:00+00:00
[2024-03-26T10:13:51.350+0000] {processor.py:183} INFO - Processing /home/airflow/.local/lib/python3.8/site-packages/airflow/example_dags/example_task_group_decorator.py took 0.069 seconds
[2024-03-26T10:14:21.795+0000] {processor.py:161} INFO - Started process (PID=243) to work on /home/airflow/.local/lib/python3.8/site-packages/airflow/example_dags/example_task_group_decorator.py
[2024-03-26T10:14:21.796+0000] {processor.py:830} INFO - Processing file /home/airflow/.local/lib/python3.8/site-packages/airflow/example_dags/example_task_group_decorator.py for tasks to queue
[2024-03-26T10:14:21.797+0000] {logging_mixin.py:188} INFO - [2024-03-26T10:14:21.797+0000] {dagbag.py:538} INFO - Filling up the DagBag from /home/airflow/.local/lib/python3.8/site-packages/airflow/example_dags/example_task_group_decorator.py
[2024-03-26T10:14:21.810+0000] {processor.py:840} INFO - DAG(s) 'example_task_group_decorator' retrieved from /home/airflow/.local/lib/python3.8/site-packages/airflow/example_dags/example_task_group_decorator.py
[2024-03-26T10:14:21.829+0000] {logging_mixin.py:188} INFO - [2024-03-26T10:14:21.829+0000] {dag.py:3036} INFO - Sync 1 DAGs
[2024-03-26T10:14:21.847+0000] {logging_mixin.py:188} INFO - [2024-03-26T10:14:21.847+0000] {dag.py:3823} INFO - Setting next_dagrun for example_task_group_decorator to 2024-03-25 00:00:00+00:00, run_after=2024-03-26 00:00:00+00:00
[2024-03-26T10:14:21.867+0000] {processor.py:183} INFO - Processing /home/airflow/.local/lib/python3.8/site-packages/airflow/example_dags/example_task_group_decorator.py took 0.074 seconds
[2024-03-26T10:15:16.087+0000] {processor.py:161} INFO - Started process (PID=72) to work on /home/airflow/.local/lib/python3.8/site-packages/airflow/example_dags/example_task_group_decorator.py
[2024-03-26T10:15:16.088+0000] {processor.py:830} INFO - Processing file /home/airflow/.local/lib/python3.8/site-packages/airflow/example_dags/example_task_group_decorator.py for tasks to queue
[2024-03-26T10:15:16.090+0000] {logging_mixin.py:188} INFO - [2024-03-26T10:15:16.090+0000] {dagbag.py:538} INFO - Filling up the DagBag from /home/airflow/.local/lib/python3.8/site-packages/airflow/example_dags/example_task_group_decorator.py
[2024-03-26T10:15:16.107+0000] {processor.py:840} INFO - DAG(s) 'example_task_group_decorator' retrieved from /home/airflow/.local/lib/python3.8/site-packages/airflow/example_dags/example_task_group_decorator.py
[2024-03-26T10:15:16.119+0000] {logging_mixin.py:188} INFO - [2024-03-26T10:15:16.119+0000] {dag.py:3036} INFO - Sync 1 DAGs
[2024-03-26T10:15:16.145+0000] {logging_mixin.py:188} INFO - [2024-03-26T10:15:16.144+0000] {dag.py:3823} INFO - Setting next_dagrun for example_task_group_decorator to 2024-03-25 00:00:00+00:00, run_after=2024-03-26 00:00:00+00:00
[2024-03-26T10:15:16.163+0000] {processor.py:183} INFO - Processing /home/airflow/.local/lib/python3.8/site-packages/airflow/example_dags/example_task_group_decorator.py took 0.081 seconds
[2024-03-26T10:17:23.234+0000] {processor.py:161} INFO - Started process (PID=72) to work on /home/airflow/.local/lib/python3.8/site-packages/airflow/example_dags/example_task_group_decorator.py
[2024-03-26T10:17:23.236+0000] {processor.py:830} INFO - Processing file /home/airflow/.local/lib/python3.8/site-packages/airflow/example_dags/example_task_group_decorator.py for tasks to queue
[2024-03-26T10:17:23.238+0000] {logging_mixin.py:188} INFO - [2024-03-26T10:17:23.237+0000] {dagbag.py:538} INFO - Filling up the DagBag from /home/airflow/.local/lib/python3.8/site-packages/airflow/example_dags/example_task_group_decorator.py
[2024-03-26T10:17:23.257+0000] {processor.py:840} INFO - DAG(s) 'example_task_group_decorator' retrieved from /home/airflow/.local/lib/python3.8/site-packages/airflow/example_dags/example_task_group_decorator.py
[2024-03-26T10:17:23.269+0000] {logging_mixin.py:188} INFO - [2024-03-26T10:17:23.268+0000] {dag.py:3036} INFO - Sync 1 DAGs
[2024-03-26T10:17:23.298+0000] {logging_mixin.py:188} INFO - [2024-03-26T10:17:23.298+0000] {dag.py:3823} INFO - Setting next_dagrun for example_task_group_decorator to 2024-03-25 00:00:00+00:00, run_after=2024-03-26 00:00:00+00:00
[2024-03-26T10:17:23.320+0000] {processor.py:183} INFO - Processing /home/airflow/.local/lib/python3.8/site-packages/airflow/example_dags/example_task_group_decorator.py took 0.089 seconds
[2024-03-26T10:17:54.690+0000] {processor.py:161} INFO - Started process (PID=129) to work on /home/airflow/.local/lib/python3.8/site-packages/airflow/example_dags/example_task_group_decorator.py
[2024-03-26T10:17:54.691+0000] {processor.py:830} INFO - Processing file /home/airflow/.local/lib/python3.8/site-packages/airflow/example_dags/example_task_group_decorator.py for tasks to queue
[2024-03-26T10:17:54.693+0000] {logging_mixin.py:188} INFO - [2024-03-26T10:17:54.693+0000] {dagbag.py:538} INFO - Filling up the DagBag from /home/airflow/.local/lib/python3.8/site-packages/airflow/example_dags/example_task_group_decorator.py
[2024-03-26T10:17:54.707+0000] {processor.py:840} INFO - DAG(s) 'example_task_group_decorator' retrieved from /home/airflow/.local/lib/python3.8/site-packages/airflow/example_dags/example_task_group_decorator.py
[2024-03-26T10:17:54.800+0000] {logging_mixin.py:188} INFO - [2024-03-26T10:17:54.800+0000] {dag.py:3036} INFO - Sync 1 DAGs
[2024-03-26T10:17:54.819+0000] {logging_mixin.py:188} INFO - [2024-03-26T10:17:54.819+0000] {dag.py:3823} INFO - Setting next_dagrun for example_task_group_decorator to 2024-03-25 00:00:00+00:00, run_after=2024-03-26 00:00:00+00:00
[2024-03-26T10:17:54.842+0000] {processor.py:183} INFO - Processing /home/airflow/.local/lib/python3.8/site-packages/airflow/example_dags/example_task_group_decorator.py took 0.155 seconds
