[2024-03-26T08:41:08.267+0000] {processor.py:161} INFO - Started process (PID=84) to work on /home/airflow/.local/lib/python3.8/site-packages/airflow/example_dags/example_latest_only.py
[2024-03-26T08:41:08.268+0000] {processor.py:830} INFO - Processing file /home/airflow/.local/lib/python3.8/site-packages/airflow/example_dags/example_latest_only.py for tasks to queue
[2024-03-26T08:41:08.270+0000] {logging_mixin.py:188} INFO - [2024-03-26T08:41:08.270+0000] {dagbag.py:538} INFO - Filling up the DagBag from /home/airflow/.local/lib/python3.8/site-packages/airflow/example_dags/example_latest_only.py
[2024-03-26T08:41:08.275+0000] {processor.py:840} INFO - DAG(s) 'latest_only' retrieved from /home/airflow/.local/lib/python3.8/site-packages/airflow/example_dags/example_latest_only.py
[2024-03-26T08:41:08.283+0000] {logging_mixin.py:188} INFO - [2024-03-26T08:41:08.283+0000] {dag.py:3036} INFO - Sync 1 DAGs
[2024-03-26T08:41:08.304+0000] {logging_mixin.py:188} INFO - [2024-03-26T08:41:08.303+0000] {dag.py:3823} INFO - Setting next_dagrun for latest_only to 2024-03-26 04:00:00+00:00, run_after=2024-03-26 08:00:00+00:00
[2024-03-26T08:41:08.320+0000] {processor.py:183} INFO - Processing /home/airflow/.local/lib/python3.8/site-packages/airflow/example_dags/example_latest_only.py took 0.054 seconds
[2024-03-26T08:41:40.146+0000] {processor.py:161} INFO - Started process (PID=140) to work on /home/airflow/.local/lib/python3.8/site-packages/airflow/example_dags/example_latest_only.py
[2024-03-26T08:41:40.147+0000] {processor.py:830} INFO - Processing file /home/airflow/.local/lib/python3.8/site-packages/airflow/example_dags/example_latest_only.py for tasks to queue
[2024-03-26T08:41:40.149+0000] {logging_mixin.py:188} INFO - [2024-03-26T08:41:40.148+0000] {dagbag.py:538} INFO - Filling up the DagBag from /home/airflow/.local/lib/python3.8/site-packages/airflow/example_dags/example_latest_only.py
[2024-03-26T08:41:40.153+0000] {processor.py:840} INFO - DAG(s) 'latest_only' retrieved from /home/airflow/.local/lib/python3.8/site-packages/airflow/example_dags/example_latest_only.py
[2024-03-26T08:41:40.247+0000] {logging_mixin.py:188} INFO - [2024-03-26T08:41:40.247+0000] {dag.py:3036} INFO - Sync 1 DAGs
[2024-03-26T08:41:40.264+0000] {logging_mixin.py:188} INFO - [2024-03-26T08:41:40.264+0000] {dag.py:3823} INFO - Setting next_dagrun for latest_only to 2024-03-26 04:00:00+00:00, run_after=2024-03-26 08:00:00+00:00
[2024-03-26T08:41:40.286+0000] {processor.py:183} INFO - Processing /home/airflow/.local/lib/python3.8/site-packages/airflow/example_dags/example_latest_only.py took 0.142 seconds
[2024-03-26T08:43:48.364+0000] {processor.py:161} INFO - Started process (PID=84) to work on /home/airflow/.local/lib/python3.8/site-packages/airflow/example_dags/example_latest_only.py
[2024-03-26T08:43:48.365+0000] {processor.py:830} INFO - Processing file /home/airflow/.local/lib/python3.8/site-packages/airflow/example_dags/example_latest_only.py for tasks to queue
[2024-03-26T08:43:48.366+0000] {logging_mixin.py:188} INFO - [2024-03-26T08:43:48.366+0000] {dagbag.py:538} INFO - Filling up the DagBag from /home/airflow/.local/lib/python3.8/site-packages/airflow/example_dags/example_latest_only.py
[2024-03-26T08:43:48.371+0000] {processor.py:840} INFO - DAG(s) 'latest_only' retrieved from /home/airflow/.local/lib/python3.8/site-packages/airflow/example_dags/example_latest_only.py
[2024-03-26T08:43:48.380+0000] {logging_mixin.py:188} INFO - [2024-03-26T08:43:48.380+0000] {dag.py:3036} INFO - Sync 1 DAGs
[2024-03-26T08:43:48.402+0000] {logging_mixin.py:188} INFO - [2024-03-26T08:43:48.401+0000] {dag.py:3823} INFO - Setting next_dagrun for latest_only to 2024-03-26 04:00:00+00:00, run_after=2024-03-26 08:00:00+00:00
[2024-03-26T08:43:48.422+0000] {processor.py:183} INFO - Processing /home/airflow/.local/lib/python3.8/site-packages/airflow/example_dags/example_latest_only.py took 0.061 seconds
[2024-03-26T08:44:20.276+0000] {processor.py:161} INFO - Started process (PID=140) to work on /home/airflow/.local/lib/python3.8/site-packages/airflow/example_dags/example_latest_only.py
[2024-03-26T08:44:20.277+0000] {processor.py:830} INFO - Processing file /home/airflow/.local/lib/python3.8/site-packages/airflow/example_dags/example_latest_only.py for tasks to queue
[2024-03-26T08:44:20.278+0000] {logging_mixin.py:188} INFO - [2024-03-26T08:44:20.278+0000] {dagbag.py:538} INFO - Filling up the DagBag from /home/airflow/.local/lib/python3.8/site-packages/airflow/example_dags/example_latest_only.py
[2024-03-26T08:44:20.282+0000] {processor.py:840} INFO - DAG(s) 'latest_only' retrieved from /home/airflow/.local/lib/python3.8/site-packages/airflow/example_dags/example_latest_only.py
[2024-03-26T08:44:20.371+0000] {logging_mixin.py:188} INFO - [2024-03-26T08:44:20.371+0000] {dag.py:3036} INFO - Sync 1 DAGs
[2024-03-26T08:44:20.388+0000] {logging_mixin.py:188} INFO - [2024-03-26T08:44:20.387+0000] {dag.py:3823} INFO - Setting next_dagrun for latest_only to 2024-03-26 04:00:00+00:00, run_after=2024-03-26 08:00:00+00:00
[2024-03-26T08:44:20.404+0000] {processor.py:183} INFO - Processing /home/airflow/.local/lib/python3.8/site-packages/airflow/example_dags/example_latest_only.py took 0.131 seconds
[2024-03-26T08:44:51.127+0000] {processor.py:161} INFO - Started process (PID=196) to work on /home/airflow/.local/lib/python3.8/site-packages/airflow/example_dags/example_latest_only.py
[2024-03-26T08:44:51.128+0000] {processor.py:830} INFO - Processing file /home/airflow/.local/lib/python3.8/site-packages/airflow/example_dags/example_latest_only.py for tasks to queue
[2024-03-26T08:44:51.129+0000] {logging_mixin.py:188} INFO - [2024-03-26T08:44:51.129+0000] {dagbag.py:538} INFO - Filling up the DagBag from /home/airflow/.local/lib/python3.8/site-packages/airflow/example_dags/example_latest_only.py
[2024-03-26T08:44:51.133+0000] {processor.py:840} INFO - DAG(s) 'latest_only' retrieved from /home/airflow/.local/lib/python3.8/site-packages/airflow/example_dags/example_latest_only.py
[2024-03-26T08:44:51.147+0000] {logging_mixin.py:188} INFO - [2024-03-26T08:44:51.147+0000] {dag.py:3036} INFO - Sync 1 DAGs
[2024-03-26T08:44:51.165+0000] {logging_mixin.py:188} INFO - [2024-03-26T08:44:51.165+0000] {dag.py:3823} INFO - Setting next_dagrun for latest_only to 2024-03-26 04:00:00+00:00, run_after=2024-03-26 08:00:00+00:00
[2024-03-26T08:44:51.182+0000] {processor.py:183} INFO - Processing /home/airflow/.local/lib/python3.8/site-packages/airflow/example_dags/example_latest_only.py took 0.057 seconds
[2024-03-26T08:45:21.378+0000] {processor.py:161} INFO - Started process (PID=252) to work on /home/airflow/.local/lib/python3.8/site-packages/airflow/example_dags/example_latest_only.py
[2024-03-26T08:45:21.379+0000] {processor.py:830} INFO - Processing file /home/airflow/.local/lib/python3.8/site-packages/airflow/example_dags/example_latest_only.py for tasks to queue
[2024-03-26T08:45:21.381+0000] {logging_mixin.py:188} INFO - [2024-03-26T08:45:21.380+0000] {dagbag.py:538} INFO - Filling up the DagBag from /home/airflow/.local/lib/python3.8/site-packages/airflow/example_dags/example_latest_only.py
[2024-03-26T08:45:21.385+0000] {processor.py:840} INFO - DAG(s) 'latest_only' retrieved from /home/airflow/.local/lib/python3.8/site-packages/airflow/example_dags/example_latest_only.py
[2024-03-26T08:45:21.403+0000] {logging_mixin.py:188} INFO - [2024-03-26T08:45:21.403+0000] {dag.py:3036} INFO - Sync 1 DAGs
[2024-03-26T08:45:21.425+0000] {logging_mixin.py:188} INFO - [2024-03-26T08:45:21.425+0000] {dag.py:3823} INFO - Setting next_dagrun for latest_only to 2024-03-26 04:00:00+00:00, run_after=2024-03-26 08:00:00+00:00
[2024-03-26T08:45:21.444+0000] {processor.py:183} INFO - Processing /home/airflow/.local/lib/python3.8/site-packages/airflow/example_dags/example_latest_only.py took 0.068 seconds
[2024-03-26T08:45:51.563+0000] {processor.py:161} INFO - Started process (PID=308) to work on /home/airflow/.local/lib/python3.8/site-packages/airflow/example_dags/example_latest_only.py
[2024-03-26T08:45:51.564+0000] {processor.py:830} INFO - Processing file /home/airflow/.local/lib/python3.8/site-packages/airflow/example_dags/example_latest_only.py for tasks to queue
[2024-03-26T08:45:51.566+0000] {logging_mixin.py:188} INFO - [2024-03-26T08:45:51.565+0000] {dagbag.py:538} INFO - Filling up the DagBag from /home/airflow/.local/lib/python3.8/site-packages/airflow/example_dags/example_latest_only.py
[2024-03-26T08:45:51.570+0000] {processor.py:840} INFO - DAG(s) 'latest_only' retrieved from /home/airflow/.local/lib/python3.8/site-packages/airflow/example_dags/example_latest_only.py
[2024-03-26T08:45:51.584+0000] {logging_mixin.py:188} INFO - [2024-03-26T08:45:51.584+0000] {dag.py:3036} INFO - Sync 1 DAGs
[2024-03-26T08:45:51.603+0000] {logging_mixin.py:188} INFO - [2024-03-26T08:45:51.602+0000] {dag.py:3823} INFO - Setting next_dagrun for latest_only to 2024-03-26 04:00:00+00:00, run_after=2024-03-26 08:00:00+00:00
[2024-03-26T08:45:51.618+0000] {processor.py:183} INFO - Processing /home/airflow/.local/lib/python3.8/site-packages/airflow/example_dags/example_latest_only.py took 0.057 seconds
[2024-03-26T08:46:21.778+0000] {processor.py:161} INFO - Started process (PID=364) to work on /home/airflow/.local/lib/python3.8/site-packages/airflow/example_dags/example_latest_only.py
[2024-03-26T08:46:21.779+0000] {processor.py:830} INFO - Processing file /home/airflow/.local/lib/python3.8/site-packages/airflow/example_dags/example_latest_only.py for tasks to queue
[2024-03-26T08:46:21.780+0000] {logging_mixin.py:188} INFO - [2024-03-26T08:46:21.780+0000] {dagbag.py:538} INFO - Filling up the DagBag from /home/airflow/.local/lib/python3.8/site-packages/airflow/example_dags/example_latest_only.py
[2024-03-26T08:46:21.784+0000] {processor.py:840} INFO - DAG(s) 'latest_only' retrieved from /home/airflow/.local/lib/python3.8/site-packages/airflow/example_dags/example_latest_only.py
[2024-03-26T08:46:21.799+0000] {logging_mixin.py:188} INFO - [2024-03-26T08:46:21.799+0000] {dag.py:3036} INFO - Sync 1 DAGs
[2024-03-26T08:46:21.817+0000] {logging_mixin.py:188} INFO - [2024-03-26T08:46:21.817+0000] {dag.py:3823} INFO - Setting next_dagrun for latest_only to 2024-03-26 04:00:00+00:00, run_after=2024-03-26 08:00:00+00:00
[2024-03-26T08:46:21.833+0000] {processor.py:183} INFO - Processing /home/airflow/.local/lib/python3.8/site-packages/airflow/example_dags/example_latest_only.py took 0.057 seconds
[2024-03-26T08:46:52.057+0000] {processor.py:161} INFO - Started process (PID=420) to work on /home/airflow/.local/lib/python3.8/site-packages/airflow/example_dags/example_latest_only.py
[2024-03-26T08:46:52.058+0000] {processor.py:830} INFO - Processing file /home/airflow/.local/lib/python3.8/site-packages/airflow/example_dags/example_latest_only.py for tasks to queue
[2024-03-26T08:46:52.060+0000] {logging_mixin.py:188} INFO - [2024-03-26T08:46:52.060+0000] {dagbag.py:538} INFO - Filling up the DagBag from /home/airflow/.local/lib/python3.8/site-packages/airflow/example_dags/example_latest_only.py
[2024-03-26T08:46:52.063+0000] {processor.py:840} INFO - DAG(s) 'latest_only' retrieved from /home/airflow/.local/lib/python3.8/site-packages/airflow/example_dags/example_latest_only.py
[2024-03-26T08:46:52.079+0000] {logging_mixin.py:188} INFO - [2024-03-26T08:46:52.078+0000] {dag.py:3036} INFO - Sync 1 DAGs
[2024-03-26T08:46:52.097+0000] {logging_mixin.py:188} INFO - [2024-03-26T08:46:52.097+0000] {dag.py:3823} INFO - Setting next_dagrun for latest_only to 2024-03-26 04:00:00+00:00, run_after=2024-03-26 08:00:00+00:00
[2024-03-26T08:46:52.113+0000] {processor.py:183} INFO - Processing /home/airflow/.local/lib/python3.8/site-packages/airflow/example_dags/example_latest_only.py took 0.058 seconds
[2024-03-26T08:47:22.252+0000] {processor.py:161} INFO - Started process (PID=476) to work on /home/airflow/.local/lib/python3.8/site-packages/airflow/example_dags/example_latest_only.py
[2024-03-26T08:47:22.253+0000] {processor.py:830} INFO - Processing file /home/airflow/.local/lib/python3.8/site-packages/airflow/example_dags/example_latest_only.py for tasks to queue
[2024-03-26T08:47:22.254+0000] {logging_mixin.py:188} INFO - [2024-03-26T08:47:22.254+0000] {dagbag.py:538} INFO - Filling up the DagBag from /home/airflow/.local/lib/python3.8/site-packages/airflow/example_dags/example_latest_only.py
[2024-03-26T08:47:22.258+0000] {processor.py:840} INFO - DAG(s) 'latest_only' retrieved from /home/airflow/.local/lib/python3.8/site-packages/airflow/example_dags/example_latest_only.py
[2024-03-26T08:47:22.272+0000] {logging_mixin.py:188} INFO - [2024-03-26T08:47:22.272+0000] {dag.py:3036} INFO - Sync 1 DAGs
[2024-03-26T08:47:22.291+0000] {logging_mixin.py:188} INFO - [2024-03-26T08:47:22.291+0000] {dag.py:3823} INFO - Setting next_dagrun for latest_only to 2024-03-26 04:00:00+00:00, run_after=2024-03-26 08:00:00+00:00
[2024-03-26T08:47:22.307+0000] {processor.py:183} INFO - Processing /home/airflow/.local/lib/python3.8/site-packages/airflow/example_dags/example_latest_only.py took 0.057 seconds
[2024-03-26T08:47:52.473+0000] {processor.py:161} INFO - Started process (PID=532) to work on /home/airflow/.local/lib/python3.8/site-packages/airflow/example_dags/example_latest_only.py
[2024-03-26T08:47:52.474+0000] {processor.py:830} INFO - Processing file /home/airflow/.local/lib/python3.8/site-packages/airflow/example_dags/example_latest_only.py for tasks to queue
[2024-03-26T08:47:52.475+0000] {logging_mixin.py:188} INFO - [2024-03-26T08:47:52.475+0000] {dagbag.py:538} INFO - Filling up the DagBag from /home/airflow/.local/lib/python3.8/site-packages/airflow/example_dags/example_latest_only.py
[2024-03-26T08:47:52.479+0000] {processor.py:840} INFO - DAG(s) 'latest_only' retrieved from /home/airflow/.local/lib/python3.8/site-packages/airflow/example_dags/example_latest_only.py
[2024-03-26T08:47:52.494+0000] {logging_mixin.py:188} INFO - [2024-03-26T08:47:52.493+0000] {dag.py:3036} INFO - Sync 1 DAGs
[2024-03-26T08:47:52.516+0000] {logging_mixin.py:188} INFO - [2024-03-26T08:47:52.515+0000] {dag.py:3823} INFO - Setting next_dagrun for latest_only to 2024-03-26 04:00:00+00:00, run_after=2024-03-26 08:00:00+00:00
[2024-03-26T08:47:52.535+0000] {processor.py:183} INFO - Processing /home/airflow/.local/lib/python3.8/site-packages/airflow/example_dags/example_latest_only.py took 0.064 seconds
[2024-03-26T08:48:22.968+0000] {processor.py:161} INFO - Started process (PID=588) to work on /home/airflow/.local/lib/python3.8/site-packages/airflow/example_dags/example_latest_only.py
[2024-03-26T08:48:22.969+0000] {processor.py:830} INFO - Processing file /home/airflow/.local/lib/python3.8/site-packages/airflow/example_dags/example_latest_only.py for tasks to queue
[2024-03-26T08:48:22.970+0000] {logging_mixin.py:188} INFO - [2024-03-26T08:48:22.970+0000] {dagbag.py:538} INFO - Filling up the DagBag from /home/airflow/.local/lib/python3.8/site-packages/airflow/example_dags/example_latest_only.py
[2024-03-26T08:48:22.974+0000] {processor.py:840} INFO - DAG(s) 'latest_only' retrieved from /home/airflow/.local/lib/python3.8/site-packages/airflow/example_dags/example_latest_only.py
[2024-03-26T08:48:22.989+0000] {logging_mixin.py:188} INFO - [2024-03-26T08:48:22.989+0000] {dag.py:3036} INFO - Sync 1 DAGs
[2024-03-26T08:48:23.010+0000] {logging_mixin.py:188} INFO - [2024-03-26T08:48:23.010+0000] {dag.py:3823} INFO - Setting next_dagrun for latest_only to 2024-03-26 04:00:00+00:00, run_after=2024-03-26 08:00:00+00:00
[2024-03-26T08:48:23.026+0000] {processor.py:183} INFO - Processing /home/airflow/.local/lib/python3.8/site-packages/airflow/example_dags/example_latest_only.py took 0.060 seconds
[2024-03-26T08:48:53.318+0000] {processor.py:161} INFO - Started process (PID=644) to work on /home/airflow/.local/lib/python3.8/site-packages/airflow/example_dags/example_latest_only.py
[2024-03-26T08:48:53.319+0000] {processor.py:830} INFO - Processing file /home/airflow/.local/lib/python3.8/site-packages/airflow/example_dags/example_latest_only.py for tasks to queue
[2024-03-26T08:48:53.320+0000] {logging_mixin.py:188} INFO - [2024-03-26T08:48:53.320+0000] {dagbag.py:538} INFO - Filling up the DagBag from /home/airflow/.local/lib/python3.8/site-packages/airflow/example_dags/example_latest_only.py
[2024-03-26T08:48:53.324+0000] {processor.py:840} INFO - DAG(s) 'latest_only' retrieved from /home/airflow/.local/lib/python3.8/site-packages/airflow/example_dags/example_latest_only.py
[2024-03-26T08:48:53.341+0000] {logging_mixin.py:188} INFO - [2024-03-26T08:48:53.341+0000] {dag.py:3036} INFO - Sync 1 DAGs
[2024-03-26T08:48:53.360+0000] {logging_mixin.py:188} INFO - [2024-03-26T08:48:53.360+0000] {dag.py:3823} INFO - Setting next_dagrun for latest_only to 2024-03-26 04:00:00+00:00, run_after=2024-03-26 08:00:00+00:00
[2024-03-26T08:48:53.376+0000] {processor.py:183} INFO - Processing /home/airflow/.local/lib/python3.8/site-packages/airflow/example_dags/example_latest_only.py took 0.060 seconds
[2024-03-26T08:49:23.584+0000] {processor.py:161} INFO - Started process (PID=700) to work on /home/airflow/.local/lib/python3.8/site-packages/airflow/example_dags/example_latest_only.py
[2024-03-26T08:49:23.585+0000] {processor.py:830} INFO - Processing file /home/airflow/.local/lib/python3.8/site-packages/airflow/example_dags/example_latest_only.py for tasks to queue
[2024-03-26T08:49:23.586+0000] {logging_mixin.py:188} INFO - [2024-03-26T08:49:23.586+0000] {dagbag.py:538} INFO - Filling up the DagBag from /home/airflow/.local/lib/python3.8/site-packages/airflow/example_dags/example_latest_only.py
[2024-03-26T08:49:23.590+0000] {processor.py:840} INFO - DAG(s) 'latest_only' retrieved from /home/airflow/.local/lib/python3.8/site-packages/airflow/example_dags/example_latest_only.py
[2024-03-26T08:49:23.605+0000] {logging_mixin.py:188} INFO - [2024-03-26T08:49:23.605+0000] {dag.py:3036} INFO - Sync 1 DAGs
[2024-03-26T08:49:23.625+0000] {logging_mixin.py:188} INFO - [2024-03-26T08:49:23.625+0000] {dag.py:3823} INFO - Setting next_dagrun for latest_only to 2024-03-26 04:00:00+00:00, run_after=2024-03-26 08:00:00+00:00
[2024-03-26T08:49:23.643+0000] {processor.py:183} INFO - Processing /home/airflow/.local/lib/python3.8/site-packages/airflow/example_dags/example_latest_only.py took 0.061 seconds
[2024-03-26T08:49:54.046+0000] {processor.py:161} INFO - Started process (PID=756) to work on /home/airflow/.local/lib/python3.8/site-packages/airflow/example_dags/example_latest_only.py
[2024-03-26T08:49:54.047+0000] {processor.py:830} INFO - Processing file /home/airflow/.local/lib/python3.8/site-packages/airflow/example_dags/example_latest_only.py for tasks to queue
[2024-03-26T08:49:54.049+0000] {logging_mixin.py:188} INFO - [2024-03-26T08:49:54.048+0000] {dagbag.py:538} INFO - Filling up the DagBag from /home/airflow/.local/lib/python3.8/site-packages/airflow/example_dags/example_latest_only.py
[2024-03-26T08:49:54.054+0000] {processor.py:840} INFO - DAG(s) 'latest_only' retrieved from /home/airflow/.local/lib/python3.8/site-packages/airflow/example_dags/example_latest_only.py
[2024-03-26T08:49:54.072+0000] {logging_mixin.py:188} INFO - [2024-03-26T08:49:54.071+0000] {dag.py:3036} INFO - Sync 1 DAGs
[2024-03-26T08:49:54.096+0000] {logging_mixin.py:188} INFO - [2024-03-26T08:49:54.096+0000] {dag.py:3823} INFO - Setting next_dagrun for latest_only to 2024-03-26 04:00:00+00:00, run_after=2024-03-26 08:00:00+00:00
[2024-03-26T08:49:54.119+0000] {processor.py:183} INFO - Processing /home/airflow/.local/lib/python3.8/site-packages/airflow/example_dags/example_latest_only.py took 0.075 seconds
[2024-03-26T08:50:24.583+0000] {processor.py:161} INFO - Started process (PID=812) to work on /home/airflow/.local/lib/python3.8/site-packages/airflow/example_dags/example_latest_only.py
[2024-03-26T08:50:24.583+0000] {processor.py:830} INFO - Processing file /home/airflow/.local/lib/python3.8/site-packages/airflow/example_dags/example_latest_only.py for tasks to queue
[2024-03-26T08:50:24.585+0000] {logging_mixin.py:188} INFO - [2024-03-26T08:50:24.585+0000] {dagbag.py:538} INFO - Filling up the DagBag from /home/airflow/.local/lib/python3.8/site-packages/airflow/example_dags/example_latest_only.py
[2024-03-26T08:50:24.588+0000] {processor.py:840} INFO - DAG(s) 'latest_only' retrieved from /home/airflow/.local/lib/python3.8/site-packages/airflow/example_dags/example_latest_only.py
[2024-03-26T08:50:24.604+0000] {logging_mixin.py:188} INFO - [2024-03-26T08:50:24.604+0000] {dag.py:3036} INFO - Sync 1 DAGs
[2024-03-26T08:50:24.625+0000] {logging_mixin.py:188} INFO - [2024-03-26T08:50:24.625+0000] {dag.py:3823} INFO - Setting next_dagrun for latest_only to 2024-03-26 04:00:00+00:00, run_after=2024-03-26 08:00:00+00:00
[2024-03-26T08:50:24.643+0000] {processor.py:183} INFO - Processing /home/airflow/.local/lib/python3.8/site-packages/airflow/example_dags/example_latest_only.py took 0.063 seconds
[2024-03-26T08:53:13.993+0000] {processor.py:161} INFO - Started process (PID=84) to work on /home/airflow/.local/lib/python3.8/site-packages/airflow/example_dags/example_latest_only.py
[2024-03-26T08:53:13.994+0000] {processor.py:830} INFO - Processing file /home/airflow/.local/lib/python3.8/site-packages/airflow/example_dags/example_latest_only.py for tasks to queue
[2024-03-26T08:53:13.996+0000] {logging_mixin.py:188} INFO - [2024-03-26T08:53:13.995+0000] {dagbag.py:538} INFO - Filling up the DagBag from /home/airflow/.local/lib/python3.8/site-packages/airflow/example_dags/example_latest_only.py
[2024-03-26T08:53:14.000+0000] {processor.py:840} INFO - DAG(s) 'latest_only' retrieved from /home/airflow/.local/lib/python3.8/site-packages/airflow/example_dags/example_latest_only.py
[2024-03-26T08:53:14.009+0000] {logging_mixin.py:188} INFO - [2024-03-26T08:53:14.009+0000] {dag.py:3036} INFO - Sync 1 DAGs
[2024-03-26T08:53:14.031+0000] {logging_mixin.py:188} INFO - [2024-03-26T08:53:14.031+0000] {dag.py:3823} INFO - Setting next_dagrun for latest_only to 2024-03-26 04:00:00+00:00, run_after=2024-03-26 08:00:00+00:00
[2024-03-26T08:53:14.052+0000] {processor.py:183} INFO - Processing /home/airflow/.local/lib/python3.8/site-packages/airflow/example_dags/example_latest_only.py took 0.061 seconds
[2024-03-26T08:53:46.233+0000] {processor.py:161} INFO - Started process (PID=140) to work on /home/airflow/.local/lib/python3.8/site-packages/airflow/example_dags/example_latest_only.py
[2024-03-26T08:53:46.234+0000] {processor.py:830} INFO - Processing file /home/airflow/.local/lib/python3.8/site-packages/airflow/example_dags/example_latest_only.py for tasks to queue
[2024-03-26T08:53:46.236+0000] {logging_mixin.py:188} INFO - [2024-03-26T08:53:46.235+0000] {dagbag.py:538} INFO - Filling up the DagBag from /home/airflow/.local/lib/python3.8/site-packages/airflow/example_dags/example_latest_only.py
[2024-03-26T08:53:46.239+0000] {processor.py:840} INFO - DAG(s) 'latest_only' retrieved from /home/airflow/.local/lib/python3.8/site-packages/airflow/example_dags/example_latest_only.py
[2024-03-26T08:53:46.320+0000] {logging_mixin.py:188} INFO - [2024-03-26T08:53:46.319+0000] {dag.py:3036} INFO - Sync 1 DAGs
[2024-03-26T08:53:46.337+0000] {logging_mixin.py:188} INFO - [2024-03-26T08:53:46.336+0000] {dag.py:3823} INFO - Setting next_dagrun for latest_only to 2024-03-26 04:00:00+00:00, run_after=2024-03-26 08:00:00+00:00
[2024-03-26T08:53:46.353+0000] {processor.py:183} INFO - Processing /home/airflow/.local/lib/python3.8/site-packages/airflow/example_dags/example_latest_only.py took 0.122 seconds
[2024-03-26T08:54:17.021+0000] {processor.py:161} INFO - Started process (PID=196) to work on /home/airflow/.local/lib/python3.8/site-packages/airflow/example_dags/example_latest_only.py
[2024-03-26T08:54:17.023+0000] {processor.py:830} INFO - Processing file /home/airflow/.local/lib/python3.8/site-packages/airflow/example_dags/example_latest_only.py for tasks to queue
[2024-03-26T08:54:17.024+0000] {logging_mixin.py:188} INFO - [2024-03-26T08:54:17.024+0000] {dagbag.py:538} INFO - Filling up the DagBag from /home/airflow/.local/lib/python3.8/site-packages/airflow/example_dags/example_latest_only.py
[2024-03-26T08:54:17.028+0000] {processor.py:840} INFO - DAG(s) 'latest_only' retrieved from /home/airflow/.local/lib/python3.8/site-packages/airflow/example_dags/example_latest_only.py
[2024-03-26T08:54:17.042+0000] {logging_mixin.py:188} INFO - [2024-03-26T08:54:17.042+0000] {dag.py:3036} INFO - Sync 1 DAGs
[2024-03-26T08:54:17.061+0000] {logging_mixin.py:188} INFO - [2024-03-26T08:54:17.060+0000] {dag.py:3823} INFO - Setting next_dagrun for latest_only to 2024-03-26 04:00:00+00:00, run_after=2024-03-26 08:00:00+00:00
[2024-03-26T08:54:17.076+0000] {processor.py:183} INFO - Processing /home/airflow/.local/lib/python3.8/site-packages/airflow/example_dags/example_latest_only.py took 0.057 seconds
[2024-03-26T08:54:47.720+0000] {processor.py:161} INFO - Started process (PID=252) to work on /home/airflow/.local/lib/python3.8/site-packages/airflow/example_dags/example_latest_only.py
[2024-03-26T08:54:47.721+0000] {processor.py:830} INFO - Processing file /home/airflow/.local/lib/python3.8/site-packages/airflow/example_dags/example_latest_only.py for tasks to queue
[2024-03-26T08:54:47.723+0000] {logging_mixin.py:188} INFO - [2024-03-26T08:54:47.722+0000] {dagbag.py:538} INFO - Filling up the DagBag from /home/airflow/.local/lib/python3.8/site-packages/airflow/example_dags/example_latest_only.py
[2024-03-26T08:54:47.726+0000] {processor.py:840} INFO - DAG(s) 'latest_only' retrieved from /home/airflow/.local/lib/python3.8/site-packages/airflow/example_dags/example_latest_only.py
[2024-03-26T08:54:47.740+0000] {logging_mixin.py:188} INFO - [2024-03-26T08:54:47.740+0000] {dag.py:3036} INFO - Sync 1 DAGs
[2024-03-26T08:54:47.758+0000] {logging_mixin.py:188} INFO - [2024-03-26T08:54:47.757+0000] {dag.py:3823} INFO - Setting next_dagrun for latest_only to 2024-03-26 04:00:00+00:00, run_after=2024-03-26 08:00:00+00:00
[2024-03-26T08:54:47.773+0000] {processor.py:183} INFO - Processing /home/airflow/.local/lib/python3.8/site-packages/airflow/example_dags/example_latest_only.py took 0.055 seconds
[2024-03-26T08:55:18.161+0000] {processor.py:161} INFO - Started process (PID=308) to work on /home/airflow/.local/lib/python3.8/site-packages/airflow/example_dags/example_latest_only.py
[2024-03-26T08:55:18.162+0000] {processor.py:830} INFO - Processing file /home/airflow/.local/lib/python3.8/site-packages/airflow/example_dags/example_latest_only.py for tasks to queue
[2024-03-26T08:55:18.163+0000] {logging_mixin.py:188} INFO - [2024-03-26T08:55:18.163+0000] {dagbag.py:538} INFO - Filling up the DagBag from /home/airflow/.local/lib/python3.8/site-packages/airflow/example_dags/example_latest_only.py
[2024-03-26T08:55:18.167+0000] {processor.py:840} INFO - DAG(s) 'latest_only' retrieved from /home/airflow/.local/lib/python3.8/site-packages/airflow/example_dags/example_latest_only.py
[2024-03-26T08:55:18.182+0000] {logging_mixin.py:188} INFO - [2024-03-26T08:55:18.182+0000] {dag.py:3036} INFO - Sync 1 DAGs
[2024-03-26T08:55:18.202+0000] {logging_mixin.py:188} INFO - [2024-03-26T08:55:18.201+0000] {dag.py:3823} INFO - Setting next_dagrun for latest_only to 2024-03-26 04:00:00+00:00, run_after=2024-03-26 08:00:00+00:00
[2024-03-26T08:55:18.220+0000] {processor.py:183} INFO - Processing /home/airflow/.local/lib/python3.8/site-packages/airflow/example_dags/example_latest_only.py took 0.062 seconds
[2024-03-26T08:55:48.473+0000] {processor.py:161} INFO - Started process (PID=364) to work on /home/airflow/.local/lib/python3.8/site-packages/airflow/example_dags/example_latest_only.py
[2024-03-26T08:55:48.474+0000] {processor.py:830} INFO - Processing file /home/airflow/.local/lib/python3.8/site-packages/airflow/example_dags/example_latest_only.py for tasks to queue
[2024-03-26T08:55:48.476+0000] {logging_mixin.py:188} INFO - [2024-03-26T08:55:48.476+0000] {dagbag.py:538} INFO - Filling up the DagBag from /home/airflow/.local/lib/python3.8/site-packages/airflow/example_dags/example_latest_only.py
[2024-03-26T08:55:48.479+0000] {processor.py:840} INFO - DAG(s) 'latest_only' retrieved from /home/airflow/.local/lib/python3.8/site-packages/airflow/example_dags/example_latest_only.py
[2024-03-26T08:55:48.494+0000] {logging_mixin.py:188} INFO - [2024-03-26T08:55:48.494+0000] {dag.py:3036} INFO - Sync 1 DAGs
[2024-03-26T08:55:48.512+0000] {logging_mixin.py:188} INFO - [2024-03-26T08:55:48.512+0000] {dag.py:3823} INFO - Setting next_dagrun for latest_only to 2024-03-26 04:00:00+00:00, run_after=2024-03-26 08:00:00+00:00
[2024-03-26T08:55:48.527+0000] {processor.py:183} INFO - Processing /home/airflow/.local/lib/python3.8/site-packages/airflow/example_dags/example_latest_only.py took 0.055 seconds
[2024-03-26T08:56:18.867+0000] {processor.py:161} INFO - Started process (PID=420) to work on /home/airflow/.local/lib/python3.8/site-packages/airflow/example_dags/example_latest_only.py
[2024-03-26T08:56:18.868+0000] {processor.py:830} INFO - Processing file /home/airflow/.local/lib/python3.8/site-packages/airflow/example_dags/example_latest_only.py for tasks to queue
[2024-03-26T08:56:18.869+0000] {logging_mixin.py:188} INFO - [2024-03-26T08:56:18.869+0000] {dagbag.py:538} INFO - Filling up the DagBag from /home/airflow/.local/lib/python3.8/site-packages/airflow/example_dags/example_latest_only.py
[2024-03-26T08:56:18.873+0000] {processor.py:840} INFO - DAG(s) 'latest_only' retrieved from /home/airflow/.local/lib/python3.8/site-packages/airflow/example_dags/example_latest_only.py
[2024-03-26T08:56:18.892+0000] {logging_mixin.py:188} INFO - [2024-03-26T08:56:18.892+0000] {dag.py:3036} INFO - Sync 1 DAGs
[2024-03-26T08:56:18.910+0000] {logging_mixin.py:188} INFO - [2024-03-26T08:56:18.910+0000] {dag.py:3823} INFO - Setting next_dagrun for latest_only to 2024-03-26 04:00:00+00:00, run_after=2024-03-26 08:00:00+00:00
[2024-03-26T08:56:18.925+0000] {processor.py:183} INFO - Processing /home/airflow/.local/lib/python3.8/site-packages/airflow/example_dags/example_latest_only.py took 0.060 seconds
[2024-03-26T08:56:49.235+0000] {processor.py:161} INFO - Started process (PID=476) to work on /home/airflow/.local/lib/python3.8/site-packages/airflow/example_dags/example_latest_only.py
[2024-03-26T08:56:49.236+0000] {processor.py:830} INFO - Processing file /home/airflow/.local/lib/python3.8/site-packages/airflow/example_dags/example_latest_only.py for tasks to queue
[2024-03-26T08:56:49.238+0000] {logging_mixin.py:188} INFO - [2024-03-26T08:56:49.237+0000] {dagbag.py:538} INFO - Filling up the DagBag from /home/airflow/.local/lib/python3.8/site-packages/airflow/example_dags/example_latest_only.py
[2024-03-26T08:56:49.241+0000] {processor.py:840} INFO - DAG(s) 'latest_only' retrieved from /home/airflow/.local/lib/python3.8/site-packages/airflow/example_dags/example_latest_only.py
[2024-03-26T08:56:49.256+0000] {logging_mixin.py:188} INFO - [2024-03-26T08:56:49.256+0000] {dag.py:3036} INFO - Sync 1 DAGs
[2024-03-26T08:56:49.273+0000] {logging_mixin.py:188} INFO - [2024-03-26T08:56:49.273+0000] {dag.py:3823} INFO - Setting next_dagrun for latest_only to 2024-03-26 04:00:00+00:00, run_after=2024-03-26 08:00:00+00:00
[2024-03-26T08:56:49.288+0000] {processor.py:183} INFO - Processing /home/airflow/.local/lib/python3.8/site-packages/airflow/example_dags/example_latest_only.py took 0.055 seconds
[2024-03-26T08:57:19.616+0000] {processor.py:161} INFO - Started process (PID=532) to work on /home/airflow/.local/lib/python3.8/site-packages/airflow/example_dags/example_latest_only.py
[2024-03-26T08:57:19.617+0000] {processor.py:830} INFO - Processing file /home/airflow/.local/lib/python3.8/site-packages/airflow/example_dags/example_latest_only.py for tasks to queue
[2024-03-26T08:57:19.619+0000] {logging_mixin.py:188} INFO - [2024-03-26T08:57:19.618+0000] {dagbag.py:538} INFO - Filling up the DagBag from /home/airflow/.local/lib/python3.8/site-packages/airflow/example_dags/example_latest_only.py
[2024-03-26T08:57:19.622+0000] {processor.py:840} INFO - DAG(s) 'latest_only' retrieved from /home/airflow/.local/lib/python3.8/site-packages/airflow/example_dags/example_latest_only.py
[2024-03-26T08:57:19.637+0000] {logging_mixin.py:188} INFO - [2024-03-26T08:57:19.636+0000] {dag.py:3036} INFO - Sync 1 DAGs
[2024-03-26T08:57:19.654+0000] {logging_mixin.py:188} INFO - [2024-03-26T08:57:19.654+0000] {dag.py:3823} INFO - Setting next_dagrun for latest_only to 2024-03-26 04:00:00+00:00, run_after=2024-03-26 08:00:00+00:00
[2024-03-26T08:57:19.669+0000] {processor.py:183} INFO - Processing /home/airflow/.local/lib/python3.8/site-packages/airflow/example_dags/example_latest_only.py took 0.055 seconds
[2024-03-26T08:57:50.067+0000] {processor.py:161} INFO - Started process (PID=589) to work on /home/airflow/.local/lib/python3.8/site-packages/airflow/example_dags/example_latest_only.py
[2024-03-26T08:57:50.068+0000] {processor.py:830} INFO - Processing file /home/airflow/.local/lib/python3.8/site-packages/airflow/example_dags/example_latest_only.py for tasks to queue
[2024-03-26T08:57:50.070+0000] {logging_mixin.py:188} INFO - [2024-03-26T08:57:50.070+0000] {dagbag.py:538} INFO - Filling up the DagBag from /home/airflow/.local/lib/python3.8/site-packages/airflow/example_dags/example_latest_only.py
[2024-03-26T08:57:50.073+0000] {processor.py:840} INFO - DAG(s) 'latest_only' retrieved from /home/airflow/.local/lib/python3.8/site-packages/airflow/example_dags/example_latest_only.py
[2024-03-26T08:57:50.088+0000] {logging_mixin.py:188} INFO - [2024-03-26T08:57:50.088+0000] {dag.py:3036} INFO - Sync 1 DAGs
[2024-03-26T08:57:50.106+0000] {logging_mixin.py:188} INFO - [2024-03-26T08:57:50.106+0000] {dag.py:3823} INFO - Setting next_dagrun for latest_only to 2024-03-26 04:00:00+00:00, run_after=2024-03-26 08:00:00+00:00
[2024-03-26T08:57:50.123+0000] {processor.py:183} INFO - Processing /home/airflow/.local/lib/python3.8/site-packages/airflow/example_dags/example_latest_only.py took 0.058 seconds
[2024-03-26T08:58:20.643+0000] {processor.py:161} INFO - Started process (PID=645) to work on /home/airflow/.local/lib/python3.8/site-packages/airflow/example_dags/example_latest_only.py
[2024-03-26T08:58:20.644+0000] {processor.py:830} INFO - Processing file /home/airflow/.local/lib/python3.8/site-packages/airflow/example_dags/example_latest_only.py for tasks to queue
[2024-03-26T08:58:20.646+0000] {logging_mixin.py:188} INFO - [2024-03-26T08:58:20.645+0000] {dagbag.py:538} INFO - Filling up the DagBag from /home/airflow/.local/lib/python3.8/site-packages/airflow/example_dags/example_latest_only.py
[2024-03-26T08:58:20.651+0000] {processor.py:840} INFO - DAG(s) 'latest_only' retrieved from /home/airflow/.local/lib/python3.8/site-packages/airflow/example_dags/example_latest_only.py
[2024-03-26T08:58:20.674+0000] {logging_mixin.py:188} INFO - [2024-03-26T08:58:20.673+0000] {dag.py:3036} INFO - Sync 1 DAGs
[2024-03-26T08:58:20.694+0000] {logging_mixin.py:188} INFO - [2024-03-26T08:58:20.694+0000] {dag.py:3823} INFO - Setting next_dagrun for latest_only to 2024-03-26 04:00:00+00:00, run_after=2024-03-26 08:00:00+00:00
[2024-03-26T08:58:20.716+0000] {processor.py:183} INFO - Processing /home/airflow/.local/lib/python3.8/site-packages/airflow/example_dags/example_latest_only.py took 0.076 seconds
[2024-03-26T08:58:51.044+0000] {processor.py:161} INFO - Started process (PID=701) to work on /home/airflow/.local/lib/python3.8/site-packages/airflow/example_dags/example_latest_only.py
[2024-03-26T08:58:51.045+0000] {processor.py:830} INFO - Processing file /home/airflow/.local/lib/python3.8/site-packages/airflow/example_dags/example_latest_only.py for tasks to queue
[2024-03-26T08:58:51.047+0000] {logging_mixin.py:188} INFO - [2024-03-26T08:58:51.046+0000] {dagbag.py:538} INFO - Filling up the DagBag from /home/airflow/.local/lib/python3.8/site-packages/airflow/example_dags/example_latest_only.py
[2024-03-26T08:58:51.051+0000] {processor.py:840} INFO - DAG(s) 'latest_only' retrieved from /home/airflow/.local/lib/python3.8/site-packages/airflow/example_dags/example_latest_only.py
[2024-03-26T08:58:51.067+0000] {logging_mixin.py:188} INFO - [2024-03-26T08:58:51.067+0000] {dag.py:3036} INFO - Sync 1 DAGs
[2024-03-26T08:58:51.087+0000] {logging_mixin.py:188} INFO - [2024-03-26T08:58:51.086+0000] {dag.py:3823} INFO - Setting next_dagrun for latest_only to 2024-03-26 04:00:00+00:00, run_after=2024-03-26 08:00:00+00:00
[2024-03-26T08:58:51.104+0000] {processor.py:183} INFO - Processing /home/airflow/.local/lib/python3.8/site-packages/airflow/example_dags/example_latest_only.py took 0.063 seconds
[2024-03-26T09:07:42.616+0000] {processor.py:161} INFO - Started process (PID=85) to work on /home/airflow/.local/lib/python3.8/site-packages/airflow/example_dags/example_latest_only.py
[2024-03-26T09:07:42.617+0000] {processor.py:830} INFO - Processing file /home/airflow/.local/lib/python3.8/site-packages/airflow/example_dags/example_latest_only.py for tasks to queue
[2024-03-26T09:07:42.619+0000] {logging_mixin.py:188} INFO - [2024-03-26T09:07:42.619+0000] {dagbag.py:538} INFO - Filling up the DagBag from /home/airflow/.local/lib/python3.8/site-packages/airflow/example_dags/example_latest_only.py
[2024-03-26T09:07:42.623+0000] {processor.py:840} INFO - DAG(s) 'latest_only' retrieved from /home/airflow/.local/lib/python3.8/site-packages/airflow/example_dags/example_latest_only.py
[2024-03-26T09:07:42.633+0000] {logging_mixin.py:188} INFO - [2024-03-26T09:07:42.632+0000] {dag.py:3036} INFO - Sync 1 DAGs
[2024-03-26T09:07:42.653+0000] {logging_mixin.py:188} INFO - [2024-03-26T09:07:42.652+0000] {dag.py:3823} INFO - Setting next_dagrun for latest_only to 2024-03-26 04:00:00+00:00, run_after=2024-03-26 08:00:00+00:00
[2024-03-26T09:07:42.673+0000] {processor.py:183} INFO - Processing /home/airflow/.local/lib/python3.8/site-packages/airflow/example_dags/example_latest_only.py took 0.058 seconds
[2024-03-26T09:08:14.081+0000] {processor.py:161} INFO - Started process (PID=143) to work on /home/airflow/.local/lib/python3.8/site-packages/airflow/example_dags/example_latest_only.py
[2024-03-26T09:08:14.082+0000] {processor.py:830} INFO - Processing file /home/airflow/.local/lib/python3.8/site-packages/airflow/example_dags/example_latest_only.py for tasks to queue
[2024-03-26T09:08:14.084+0000] {logging_mixin.py:188} INFO - [2024-03-26T09:08:14.084+0000] {dagbag.py:538} INFO - Filling up the DagBag from /home/airflow/.local/lib/python3.8/site-packages/airflow/example_dags/example_latest_only.py
[2024-03-26T09:08:14.090+0000] {processor.py:840} INFO - DAG(s) 'latest_only' retrieved from /home/airflow/.local/lib/python3.8/site-packages/airflow/example_dags/example_latest_only.py
[2024-03-26T09:08:14.199+0000] {logging_mixin.py:188} INFO - [2024-03-26T09:08:14.199+0000] {dag.py:3036} INFO - Sync 1 DAGs
[2024-03-26T09:08:14.223+0000] {logging_mixin.py:188} INFO - [2024-03-26T09:08:14.223+0000] {dag.py:3823} INFO - Setting next_dagrun for latest_only to 2024-03-26 04:00:00+00:00, run_after=2024-03-26 08:00:00+00:00
[2024-03-26T09:08:14.245+0000] {processor.py:183} INFO - Processing /home/airflow/.local/lib/python3.8/site-packages/airflow/example_dags/example_latest_only.py took 0.166 seconds
[2024-03-26T09:08:44.292+0000] {processor.py:161} INFO - Started process (PID=199) to work on /home/airflow/.local/lib/python3.8/site-packages/airflow/example_dags/example_latest_only.py
[2024-03-26T09:08:44.293+0000] {processor.py:830} INFO - Processing file /home/airflow/.local/lib/python3.8/site-packages/airflow/example_dags/example_latest_only.py for tasks to queue
[2024-03-26T09:08:44.295+0000] {logging_mixin.py:188} INFO - [2024-03-26T09:08:44.295+0000] {dagbag.py:538} INFO - Filling up the DagBag from /home/airflow/.local/lib/python3.8/site-packages/airflow/example_dags/example_latest_only.py
[2024-03-26T09:08:44.301+0000] {processor.py:840} INFO - DAG(s) 'latest_only' retrieved from /home/airflow/.local/lib/python3.8/site-packages/airflow/example_dags/example_latest_only.py
[2024-03-26T09:08:44.318+0000] {logging_mixin.py:188} INFO - [2024-03-26T09:08:44.318+0000] {dag.py:3036} INFO - Sync 1 DAGs
[2024-03-26T09:08:44.337+0000] {logging_mixin.py:188} INFO - [2024-03-26T09:08:44.337+0000] {dag.py:3823} INFO - Setting next_dagrun for latest_only to 2024-03-26 04:00:00+00:00, run_after=2024-03-26 08:00:00+00:00
[2024-03-26T09:08:44.360+0000] {processor.py:183} INFO - Processing /home/airflow/.local/lib/python3.8/site-packages/airflow/example_dags/example_latest_only.py took 0.070 seconds
[2024-03-26T09:09:14.889+0000] {processor.py:161} INFO - Started process (PID=257) to work on /home/airflow/.local/lib/python3.8/site-packages/airflow/example_dags/example_latest_only.py
[2024-03-26T09:09:14.890+0000] {processor.py:830} INFO - Processing file /home/airflow/.local/lib/python3.8/site-packages/airflow/example_dags/example_latest_only.py for tasks to queue
[2024-03-26T09:09:14.892+0000] {logging_mixin.py:188} INFO - [2024-03-26T09:09:14.892+0000] {dagbag.py:538} INFO - Filling up the DagBag from /home/airflow/.local/lib/python3.8/site-packages/airflow/example_dags/example_latest_only.py
[2024-03-26T09:09:14.896+0000] {processor.py:840} INFO - DAG(s) 'latest_only' retrieved from /home/airflow/.local/lib/python3.8/site-packages/airflow/example_dags/example_latest_only.py
[2024-03-26T09:09:14.917+0000] {logging_mixin.py:188} INFO - [2024-03-26T09:09:14.917+0000] {dag.py:3036} INFO - Sync 1 DAGs
[2024-03-26T09:09:14.936+0000] {logging_mixin.py:188} INFO - [2024-03-26T09:09:14.936+0000] {dag.py:3823} INFO - Setting next_dagrun for latest_only to 2024-03-26 04:00:00+00:00, run_after=2024-03-26 08:00:00+00:00
[2024-03-26T09:09:14.955+0000] {processor.py:183} INFO - Processing /home/airflow/.local/lib/python3.8/site-packages/airflow/example_dags/example_latest_only.py took 0.068 seconds
[2024-03-26T09:09:45.582+0000] {processor.py:161} INFO - Started process (PID=314) to work on /home/airflow/.local/lib/python3.8/site-packages/airflow/example_dags/example_latest_only.py
[2024-03-26T09:09:45.583+0000] {processor.py:830} INFO - Processing file /home/airflow/.local/lib/python3.8/site-packages/airflow/example_dags/example_latest_only.py for tasks to queue
[2024-03-26T09:09:45.585+0000] {logging_mixin.py:188} INFO - [2024-03-26T09:09:45.584+0000] {dagbag.py:538} INFO - Filling up the DagBag from /home/airflow/.local/lib/python3.8/site-packages/airflow/example_dags/example_latest_only.py
[2024-03-26T09:09:45.588+0000] {processor.py:840} INFO - DAG(s) 'latest_only' retrieved from /home/airflow/.local/lib/python3.8/site-packages/airflow/example_dags/example_latest_only.py
[2024-03-26T09:09:45.608+0000] {logging_mixin.py:188} INFO - [2024-03-26T09:09:45.608+0000] {dag.py:3036} INFO - Sync 1 DAGs
[2024-03-26T09:09:45.628+0000] {logging_mixin.py:188} INFO - [2024-03-26T09:09:45.627+0000] {dag.py:3823} INFO - Setting next_dagrun for latest_only to 2024-03-26 04:00:00+00:00, run_after=2024-03-26 08:00:00+00:00
[2024-03-26T09:09:45.644+0000] {processor.py:183} INFO - Processing /home/airflow/.local/lib/python3.8/site-packages/airflow/example_dags/example_latest_only.py took 0.064 seconds
[2024-03-26T09:10:16.409+0000] {processor.py:161} INFO - Started process (PID=371) to work on /home/airflow/.local/lib/python3.8/site-packages/airflow/example_dags/example_latest_only.py
[2024-03-26T09:10:16.410+0000] {processor.py:830} INFO - Processing file /home/airflow/.local/lib/python3.8/site-packages/airflow/example_dags/example_latest_only.py for tasks to queue
[2024-03-26T09:10:16.412+0000] {logging_mixin.py:188} INFO - [2024-03-26T09:10:16.411+0000] {dagbag.py:538} INFO - Filling up the DagBag from /home/airflow/.local/lib/python3.8/site-packages/airflow/example_dags/example_latest_only.py
[2024-03-26T09:10:16.416+0000] {processor.py:840} INFO - DAG(s) 'latest_only' retrieved from /home/airflow/.local/lib/python3.8/site-packages/airflow/example_dags/example_latest_only.py
[2024-03-26T09:10:16.432+0000] {logging_mixin.py:188} INFO - [2024-03-26T09:10:16.432+0000] {dag.py:3036} INFO - Sync 1 DAGs
[2024-03-26T09:10:16.452+0000] {logging_mixin.py:188} INFO - [2024-03-26T09:10:16.452+0000] {dag.py:3823} INFO - Setting next_dagrun for latest_only to 2024-03-26 04:00:00+00:00, run_after=2024-03-26 08:00:00+00:00
[2024-03-26T09:10:16.468+0000] {processor.py:183} INFO - Processing /home/airflow/.local/lib/python3.8/site-packages/airflow/example_dags/example_latest_only.py took 0.062 seconds
[2024-03-26T09:50:58.765+0000] {processor.py:161} INFO - Started process (PID=85) to work on /home/airflow/.local/lib/python3.8/site-packages/airflow/example_dags/example_latest_only.py
[2024-03-26T09:50:58.766+0000] {processor.py:830} INFO - Processing file /home/airflow/.local/lib/python3.8/site-packages/airflow/example_dags/example_latest_only.py for tasks to queue
[2024-03-26T09:50:58.767+0000] {logging_mixin.py:188} INFO - [2024-03-26T09:50:58.767+0000] {dagbag.py:538} INFO - Filling up the DagBag from /home/airflow/.local/lib/python3.8/site-packages/airflow/example_dags/example_latest_only.py
[2024-03-26T09:50:58.772+0000] {processor.py:840} INFO - DAG(s) 'latest_only' retrieved from /home/airflow/.local/lib/python3.8/site-packages/airflow/example_dags/example_latest_only.py
[2024-03-26T09:50:58.780+0000] {logging_mixin.py:188} INFO - [2024-03-26T09:50:58.780+0000] {dag.py:3036} INFO - Sync 1 DAGs
[2024-03-26T09:50:58.803+0000] {logging_mixin.py:188} INFO - [2024-03-26T09:50:58.803+0000] {dag.py:3823} INFO - Setting next_dagrun for latest_only to 2024-03-26 04:00:00+00:00, run_after=2024-03-26 08:00:00+00:00
[2024-03-26T09:50:58.820+0000] {processor.py:183} INFO - Processing /home/airflow/.local/lib/python3.8/site-packages/airflow/example_dags/example_latest_only.py took 0.057 seconds
[2024-03-26T09:51:29.848+0000] {processor.py:161} INFO - Started process (PID=142) to work on /home/airflow/.local/lib/python3.8/site-packages/airflow/example_dags/example_latest_only.py
[2024-03-26T09:51:29.849+0000] {processor.py:830} INFO - Processing file /home/airflow/.local/lib/python3.8/site-packages/airflow/example_dags/example_latest_only.py for tasks to queue
[2024-03-26T09:51:29.851+0000] {logging_mixin.py:188} INFO - [2024-03-26T09:51:29.850+0000] {dagbag.py:538} INFO - Filling up the DagBag from /home/airflow/.local/lib/python3.8/site-packages/airflow/example_dags/example_latest_only.py
[2024-03-26T09:51:29.854+0000] {processor.py:840} INFO - DAG(s) 'latest_only' retrieved from /home/airflow/.local/lib/python3.8/site-packages/airflow/example_dags/example_latest_only.py
[2024-03-26T09:51:29.940+0000] {logging_mixin.py:188} INFO - [2024-03-26T09:51:29.939+0000] {dag.py:3036} INFO - Sync 1 DAGs
[2024-03-26T09:51:29.957+0000] {logging_mixin.py:188} INFO - [2024-03-26T09:51:29.957+0000] {dag.py:3823} INFO - Setting next_dagrun for latest_only to 2024-03-26 04:00:00+00:00, run_after=2024-03-26 08:00:00+00:00
[2024-03-26T09:51:29.974+0000] {processor.py:183} INFO - Processing /home/airflow/.local/lib/python3.8/site-packages/airflow/example_dags/example_latest_only.py took 0.128 seconds
[2024-03-26T09:52:00.854+0000] {processor.py:161} INFO - Started process (PID=199) to work on /home/airflow/.local/lib/python3.8/site-packages/airflow/example_dags/example_latest_only.py
[2024-03-26T09:52:00.855+0000] {processor.py:830} INFO - Processing file /home/airflow/.local/lib/python3.8/site-packages/airflow/example_dags/example_latest_only.py for tasks to queue
[2024-03-26T09:52:00.857+0000] {logging_mixin.py:188} INFO - [2024-03-26T09:52:00.856+0000] {dagbag.py:538} INFO - Filling up the DagBag from /home/airflow/.local/lib/python3.8/site-packages/airflow/example_dags/example_latest_only.py
[2024-03-26T09:52:00.860+0000] {processor.py:840} INFO - DAG(s) 'latest_only' retrieved from /home/airflow/.local/lib/python3.8/site-packages/airflow/example_dags/example_latest_only.py
[2024-03-26T09:52:00.876+0000] {logging_mixin.py:188} INFO - [2024-03-26T09:52:00.875+0000] {dag.py:3036} INFO - Sync 1 DAGs
[2024-03-26T09:52:00.894+0000] {logging_mixin.py:188} INFO - [2024-03-26T09:52:00.893+0000] {dag.py:3823} INFO - Setting next_dagrun for latest_only to 2024-03-26 04:00:00+00:00, run_after=2024-03-26 08:00:00+00:00
[2024-03-26T09:52:00.909+0000] {processor.py:183} INFO - Processing /home/airflow/.local/lib/python3.8/site-packages/airflow/example_dags/example_latest_only.py took 0.057 seconds
[2024-03-26T09:52:31.615+0000] {processor.py:161} INFO - Started process (PID=256) to work on /home/airflow/.local/lib/python3.8/site-packages/airflow/example_dags/example_latest_only.py
[2024-03-26T09:52:31.616+0000] {processor.py:830} INFO - Processing file /home/airflow/.local/lib/python3.8/site-packages/airflow/example_dags/example_latest_only.py for tasks to queue
[2024-03-26T09:52:31.617+0000] {logging_mixin.py:188} INFO - [2024-03-26T09:52:31.617+0000] {dagbag.py:538} INFO - Filling up the DagBag from /home/airflow/.local/lib/python3.8/site-packages/airflow/example_dags/example_latest_only.py
[2024-03-26T09:52:31.621+0000] {processor.py:840} INFO - DAG(s) 'latest_only' retrieved from /home/airflow/.local/lib/python3.8/site-packages/airflow/example_dags/example_latest_only.py
[2024-03-26T09:52:31.637+0000] {logging_mixin.py:188} INFO - [2024-03-26T09:52:31.636+0000] {dag.py:3036} INFO - Sync 1 DAGs
[2024-03-26T09:52:31.655+0000] {logging_mixin.py:188} INFO - [2024-03-26T09:52:31.654+0000] {dag.py:3823} INFO - Setting next_dagrun for latest_only to 2024-03-26 04:00:00+00:00, run_after=2024-03-26 08:00:00+00:00
[2024-03-26T09:52:31.669+0000] {processor.py:183} INFO - Processing /home/airflow/.local/lib/python3.8/site-packages/airflow/example_dags/example_latest_only.py took 0.057 seconds
[2024-03-26T09:53:02.481+0000] {processor.py:161} INFO - Started process (PID=313) to work on /home/airflow/.local/lib/python3.8/site-packages/airflow/example_dags/example_latest_only.py
[2024-03-26T09:53:02.482+0000] {processor.py:830} INFO - Processing file /home/airflow/.local/lib/python3.8/site-packages/airflow/example_dags/example_latest_only.py for tasks to queue
[2024-03-26T09:53:02.484+0000] {logging_mixin.py:188} INFO - [2024-03-26T09:53:02.483+0000] {dagbag.py:538} INFO - Filling up the DagBag from /home/airflow/.local/lib/python3.8/site-packages/airflow/example_dags/example_latest_only.py
[2024-03-26T09:53:02.487+0000] {processor.py:840} INFO - DAG(s) 'latest_only' retrieved from /home/airflow/.local/lib/python3.8/site-packages/airflow/example_dags/example_latest_only.py
[2024-03-26T09:53:02.502+0000] {logging_mixin.py:188} INFO - [2024-03-26T09:53:02.502+0000] {dag.py:3036} INFO - Sync 1 DAGs
[2024-03-26T09:53:02.520+0000] {logging_mixin.py:188} INFO - [2024-03-26T09:53:02.519+0000] {dag.py:3823} INFO - Setting next_dagrun for latest_only to 2024-03-26 04:00:00+00:00, run_after=2024-03-26 08:00:00+00:00
[2024-03-26T09:53:02.538+0000] {processor.py:183} INFO - Processing /home/airflow/.local/lib/python3.8/site-packages/airflow/example_dags/example_latest_only.py took 0.059 seconds
[2024-03-26T09:53:32.985+0000] {processor.py:161} INFO - Started process (PID=370) to work on /home/airflow/.local/lib/python3.8/site-packages/airflow/example_dags/example_latest_only.py
[2024-03-26T09:53:32.986+0000] {processor.py:830} INFO - Processing file /home/airflow/.local/lib/python3.8/site-packages/airflow/example_dags/example_latest_only.py for tasks to queue
[2024-03-26T09:53:32.987+0000] {logging_mixin.py:188} INFO - [2024-03-26T09:53:32.987+0000] {dagbag.py:538} INFO - Filling up the DagBag from /home/airflow/.local/lib/python3.8/site-packages/airflow/example_dags/example_latest_only.py
[2024-03-26T09:53:32.991+0000] {processor.py:840} INFO - DAG(s) 'latest_only' retrieved from /home/airflow/.local/lib/python3.8/site-packages/airflow/example_dags/example_latest_only.py
[2024-03-26T09:53:33.008+0000] {logging_mixin.py:188} INFO - [2024-03-26T09:53:33.007+0000] {dag.py:3036} INFO - Sync 1 DAGs
[2024-03-26T09:53:33.026+0000] {logging_mixin.py:188} INFO - [2024-03-26T09:53:33.026+0000] {dag.py:3823} INFO - Setting next_dagrun for latest_only to 2024-03-26 04:00:00+00:00, run_after=2024-03-26 08:00:00+00:00
[2024-03-26T09:53:33.043+0000] {processor.py:183} INFO - Processing /home/airflow/.local/lib/python3.8/site-packages/airflow/example_dags/example_latest_only.py took 0.060 seconds
[2024-03-26T09:54:03.997+0000] {processor.py:161} INFO - Started process (PID=427) to work on /home/airflow/.local/lib/python3.8/site-packages/airflow/example_dags/example_latest_only.py
[2024-03-26T09:54:03.998+0000] {processor.py:830} INFO - Processing file /home/airflow/.local/lib/python3.8/site-packages/airflow/example_dags/example_latest_only.py for tasks to queue
[2024-03-26T09:54:04.000+0000] {logging_mixin.py:188} INFO - [2024-03-26T09:54:03.999+0000] {dagbag.py:538} INFO - Filling up the DagBag from /home/airflow/.local/lib/python3.8/site-packages/airflow/example_dags/example_latest_only.py
[2024-03-26T09:54:04.003+0000] {processor.py:840} INFO - DAG(s) 'latest_only' retrieved from /home/airflow/.local/lib/python3.8/site-packages/airflow/example_dags/example_latest_only.py
[2024-03-26T09:54:04.018+0000] {logging_mixin.py:188} INFO - [2024-03-26T09:54:04.018+0000] {dag.py:3036} INFO - Sync 1 DAGs
[2024-03-26T09:54:04.036+0000] {logging_mixin.py:188} INFO - [2024-03-26T09:54:04.036+0000] {dag.py:3823} INFO - Setting next_dagrun for latest_only to 2024-03-26 04:00:00+00:00, run_after=2024-03-26 08:00:00+00:00
[2024-03-26T09:54:04.051+0000] {processor.py:183} INFO - Processing /home/airflow/.local/lib/python3.8/site-packages/airflow/example_dags/example_latest_only.py took 0.056 seconds
[2024-03-26T09:54:34.639+0000] {processor.py:161} INFO - Started process (PID=484) to work on /home/airflow/.local/lib/python3.8/site-packages/airflow/example_dags/example_latest_only.py
[2024-03-26T09:54:34.640+0000] {processor.py:830} INFO - Processing file /home/airflow/.local/lib/python3.8/site-packages/airflow/example_dags/example_latest_only.py for tasks to queue
[2024-03-26T09:54:34.642+0000] {logging_mixin.py:188} INFO - [2024-03-26T09:54:34.642+0000] {dagbag.py:538} INFO - Filling up the DagBag from /home/airflow/.local/lib/python3.8/site-packages/airflow/example_dags/example_latest_only.py
[2024-03-26T09:54:34.646+0000] {processor.py:840} INFO - DAG(s) 'latest_only' retrieved from /home/airflow/.local/lib/python3.8/site-packages/airflow/example_dags/example_latest_only.py
[2024-03-26T09:54:34.661+0000] {logging_mixin.py:188} INFO - [2024-03-26T09:54:34.661+0000] {dag.py:3036} INFO - Sync 1 DAGs
[2024-03-26T09:54:34.680+0000] {logging_mixin.py:188} INFO - [2024-03-26T09:54:34.680+0000] {dag.py:3823} INFO - Setting next_dagrun for latest_only to 2024-03-26 04:00:00+00:00, run_after=2024-03-26 08:00:00+00:00
[2024-03-26T09:54:34.696+0000] {processor.py:183} INFO - Processing /home/airflow/.local/lib/python3.8/site-packages/airflow/example_dags/example_latest_only.py took 0.060 seconds
[2024-03-26T09:55:05.194+0000] {processor.py:161} INFO - Started process (PID=541) to work on /home/airflow/.local/lib/python3.8/site-packages/airflow/example_dags/example_latest_only.py
[2024-03-26T09:55:05.194+0000] {processor.py:830} INFO - Processing file /home/airflow/.local/lib/python3.8/site-packages/airflow/example_dags/example_latest_only.py for tasks to queue
[2024-03-26T09:55:05.196+0000] {logging_mixin.py:188} INFO - [2024-03-26T09:55:05.196+0000] {dagbag.py:538} INFO - Filling up the DagBag from /home/airflow/.local/lib/python3.8/site-packages/airflow/example_dags/example_latest_only.py
[2024-03-26T09:55:05.200+0000] {processor.py:840} INFO - DAG(s) 'latest_only' retrieved from /home/airflow/.local/lib/python3.8/site-packages/airflow/example_dags/example_latest_only.py
[2024-03-26T09:55:05.214+0000] {logging_mixin.py:188} INFO - [2024-03-26T09:55:05.214+0000] {dag.py:3036} INFO - Sync 1 DAGs
[2024-03-26T09:55:05.232+0000] {logging_mixin.py:188} INFO - [2024-03-26T09:55:05.231+0000] {dag.py:3823} INFO - Setting next_dagrun for latest_only to 2024-03-26 04:00:00+00:00, run_after=2024-03-26 08:00:00+00:00
[2024-03-26T09:55:05.250+0000] {processor.py:183} INFO - Processing /home/airflow/.local/lib/python3.8/site-packages/airflow/example_dags/example_latest_only.py took 0.059 seconds
[2024-03-26T09:55:35.766+0000] {processor.py:161} INFO - Started process (PID=598) to work on /home/airflow/.local/lib/python3.8/site-packages/airflow/example_dags/example_latest_only.py
[2024-03-26T09:55:35.767+0000] {processor.py:830} INFO - Processing file /home/airflow/.local/lib/python3.8/site-packages/airflow/example_dags/example_latest_only.py for tasks to queue
[2024-03-26T09:55:35.768+0000] {logging_mixin.py:188} INFO - [2024-03-26T09:55:35.768+0000] {dagbag.py:538} INFO - Filling up the DagBag from /home/airflow/.local/lib/python3.8/site-packages/airflow/example_dags/example_latest_only.py
[2024-03-26T09:55:35.772+0000] {processor.py:840} INFO - DAG(s) 'latest_only' retrieved from /home/airflow/.local/lib/python3.8/site-packages/airflow/example_dags/example_latest_only.py
[2024-03-26T09:55:35.787+0000] {logging_mixin.py:188} INFO - [2024-03-26T09:55:35.786+0000] {dag.py:3036} INFO - Sync 1 DAGs
[2024-03-26T09:55:35.806+0000] {logging_mixin.py:188} INFO - [2024-03-26T09:55:35.806+0000] {dag.py:3823} INFO - Setting next_dagrun for latest_only to 2024-03-26 04:00:00+00:00, run_after=2024-03-26 08:00:00+00:00
[2024-03-26T09:55:35.822+0000] {processor.py:183} INFO - Processing /home/airflow/.local/lib/python3.8/site-packages/airflow/example_dags/example_latest_only.py took 0.058 seconds
[2024-03-26T09:56:06.509+0000] {processor.py:161} INFO - Started process (PID=655) to work on /home/airflow/.local/lib/python3.8/site-packages/airflow/example_dags/example_latest_only.py
[2024-03-26T09:56:06.510+0000] {processor.py:830} INFO - Processing file /home/airflow/.local/lib/python3.8/site-packages/airflow/example_dags/example_latest_only.py for tasks to queue
[2024-03-26T09:56:06.512+0000] {logging_mixin.py:188} INFO - [2024-03-26T09:56:06.512+0000] {dagbag.py:538} INFO - Filling up the DagBag from /home/airflow/.local/lib/python3.8/site-packages/airflow/example_dags/example_latest_only.py
[2024-03-26T09:56:06.517+0000] {processor.py:840} INFO - DAG(s) 'latest_only' retrieved from /home/airflow/.local/lib/python3.8/site-packages/airflow/example_dags/example_latest_only.py
[2024-03-26T09:56:06.537+0000] {logging_mixin.py:188} INFO - [2024-03-26T09:56:06.536+0000] {dag.py:3036} INFO - Sync 1 DAGs
[2024-03-26T09:56:06.558+0000] {logging_mixin.py:188} INFO - [2024-03-26T09:56:06.558+0000] {dag.py:3823} INFO - Setting next_dagrun for latest_only to 2024-03-26 04:00:00+00:00, run_after=2024-03-26 08:00:00+00:00
[2024-03-26T09:56:06.581+0000] {processor.py:183} INFO - Processing /home/airflow/.local/lib/python3.8/site-packages/airflow/example_dags/example_latest_only.py took 0.074 seconds
[2024-03-26T09:57:48.440+0000] {processor.py:161} INFO - Started process (PID=85) to work on /home/airflow/.local/lib/python3.8/site-packages/airflow/example_dags/example_latest_only.py
[2024-03-26T09:57:48.440+0000] {processor.py:830} INFO - Processing file /home/airflow/.local/lib/python3.8/site-packages/airflow/example_dags/example_latest_only.py for tasks to queue
[2024-03-26T09:57:48.442+0000] {logging_mixin.py:188} INFO - [2024-03-26T09:57:48.442+0000] {dagbag.py:538} INFO - Filling up the DagBag from /home/airflow/.local/lib/python3.8/site-packages/airflow/example_dags/example_latest_only.py
[2024-03-26T09:57:48.446+0000] {processor.py:840} INFO - DAG(s) 'latest_only' retrieved from /home/airflow/.local/lib/python3.8/site-packages/airflow/example_dags/example_latest_only.py
[2024-03-26T09:57:48.455+0000] {logging_mixin.py:188} INFO - [2024-03-26T09:57:48.455+0000] {dag.py:3036} INFO - Sync 1 DAGs
[2024-03-26T09:57:48.474+0000] {logging_mixin.py:188} INFO - [2024-03-26T09:57:48.474+0000] {dag.py:3823} INFO - Setting next_dagrun for latest_only to 2024-03-26 04:00:00+00:00, run_after=2024-03-26 08:00:00+00:00
[2024-03-26T09:57:48.491+0000] {processor.py:183} INFO - Processing /home/airflow/.local/lib/python3.8/site-packages/airflow/example_dags/example_latest_only.py took 0.053 seconds
[2024-03-26T09:58:19.856+0000] {processor.py:161} INFO - Started process (PID=142) to work on /home/airflow/.local/lib/python3.8/site-packages/airflow/example_dags/example_latest_only.py
[2024-03-26T09:58:19.857+0000] {processor.py:830} INFO - Processing file /home/airflow/.local/lib/python3.8/site-packages/airflow/example_dags/example_latest_only.py for tasks to queue
[2024-03-26T09:58:19.859+0000] {logging_mixin.py:188} INFO - [2024-03-26T09:58:19.858+0000] {dagbag.py:538} INFO - Filling up the DagBag from /home/airflow/.local/lib/python3.8/site-packages/airflow/example_dags/example_latest_only.py
[2024-03-26T09:58:19.863+0000] {processor.py:840} INFO - DAG(s) 'latest_only' retrieved from /home/airflow/.local/lib/python3.8/site-packages/airflow/example_dags/example_latest_only.py
[2024-03-26T09:58:19.947+0000] {logging_mixin.py:188} INFO - [2024-03-26T09:58:19.947+0000] {dag.py:3036} INFO - Sync 1 DAGs
[2024-03-26T09:58:19.966+0000] {logging_mixin.py:188} INFO - [2024-03-26T09:58:19.966+0000] {dag.py:3823} INFO - Setting next_dagrun for latest_only to 2024-03-26 04:00:00+00:00, run_after=2024-03-26 08:00:00+00:00
[2024-03-26T09:58:19.986+0000] {processor.py:183} INFO - Processing /home/airflow/.local/lib/python3.8/site-packages/airflow/example_dags/example_latest_only.py took 0.133 seconds
[2024-03-26T09:58:50.987+0000] {processor.py:161} INFO - Started process (PID=199) to work on /home/airflow/.local/lib/python3.8/site-packages/airflow/example_dags/example_latest_only.py
[2024-03-26T09:58:50.988+0000] {processor.py:830} INFO - Processing file /home/airflow/.local/lib/python3.8/site-packages/airflow/example_dags/example_latest_only.py for tasks to queue
[2024-03-26T09:58:50.990+0000] {logging_mixin.py:188} INFO - [2024-03-26T09:58:50.989+0000] {dagbag.py:538} INFO - Filling up the DagBag from /home/airflow/.local/lib/python3.8/site-packages/airflow/example_dags/example_latest_only.py
[2024-03-26T09:58:50.995+0000] {processor.py:840} INFO - DAG(s) 'latest_only' retrieved from /home/airflow/.local/lib/python3.8/site-packages/airflow/example_dags/example_latest_only.py
[2024-03-26T09:58:51.012+0000] {logging_mixin.py:188} INFO - [2024-03-26T09:58:51.012+0000] {dag.py:3036} INFO - Sync 1 DAGs
[2024-03-26T09:58:51.033+0000] {logging_mixin.py:188} INFO - [2024-03-26T09:58:51.032+0000] {dag.py:3823} INFO - Setting next_dagrun for latest_only to 2024-03-26 04:00:00+00:00, run_after=2024-03-26 08:00:00+00:00
[2024-03-26T09:58:51.053+0000] {processor.py:183} INFO - Processing /home/airflow/.local/lib/python3.8/site-packages/airflow/example_dags/example_latest_only.py took 0.069 seconds
[2024-03-26T10:11:04.717+0000] {processor.py:161} INFO - Started process (PID=84) to work on /home/airflow/.local/lib/python3.8/site-packages/airflow/example_dags/example_latest_only.py
[2024-03-26T10:11:04.718+0000] {processor.py:830} INFO - Processing file /home/airflow/.local/lib/python3.8/site-packages/airflow/example_dags/example_latest_only.py for tasks to queue
[2024-03-26T10:11:04.720+0000] {logging_mixin.py:188} INFO - [2024-03-26T10:11:04.720+0000] {dagbag.py:538} INFO - Filling up the DagBag from /home/airflow/.local/lib/python3.8/site-packages/airflow/example_dags/example_latest_only.py
[2024-03-26T10:11:04.725+0000] {processor.py:840} INFO - DAG(s) 'latest_only' retrieved from /home/airflow/.local/lib/python3.8/site-packages/airflow/example_dags/example_latest_only.py
[2024-03-26T10:11:04.736+0000] {logging_mixin.py:188} INFO - [2024-03-26T10:11:04.735+0000] {dag.py:3036} INFO - Sync 1 DAGs
[2024-03-26T10:11:04.760+0000] {logging_mixin.py:188} INFO - [2024-03-26T10:11:04.760+0000] {dag.py:3823} INFO - Setting next_dagrun for latest_only to 2024-03-26 04:00:00+00:00, run_after=2024-03-26 08:00:00+00:00
[2024-03-26T10:11:04.781+0000] {processor.py:183} INFO - Processing /home/airflow/.local/lib/python3.8/site-packages/airflow/example_dags/example_latest_only.py took 0.066 seconds
[2024-03-26T10:11:37.057+0000] {processor.py:161} INFO - Started process (PID=140) to work on /home/airflow/.local/lib/python3.8/site-packages/airflow/example_dags/example_latest_only.py
[2024-03-26T10:11:37.058+0000] {processor.py:830} INFO - Processing file /home/airflow/.local/lib/python3.8/site-packages/airflow/example_dags/example_latest_only.py for tasks to queue
[2024-03-26T10:11:37.060+0000] {logging_mixin.py:188} INFO - [2024-03-26T10:11:37.060+0000] {dagbag.py:538} INFO - Filling up the DagBag from /home/airflow/.local/lib/python3.8/site-packages/airflow/example_dags/example_latest_only.py
[2024-03-26T10:11:37.064+0000] {processor.py:840} INFO - DAG(s) 'latest_only' retrieved from /home/airflow/.local/lib/python3.8/site-packages/airflow/example_dags/example_latest_only.py
[2024-03-26T10:11:37.145+0000] {logging_mixin.py:188} INFO - [2024-03-26T10:11:37.145+0000] {dag.py:3036} INFO - Sync 1 DAGs
[2024-03-26T10:11:37.162+0000] {logging_mixin.py:188} INFO - [2024-03-26T10:11:37.161+0000] {dag.py:3823} INFO - Setting next_dagrun for latest_only to 2024-03-26 04:00:00+00:00, run_after=2024-03-26 08:00:00+00:00
[2024-03-26T10:11:37.179+0000] {processor.py:183} INFO - Processing /home/airflow/.local/lib/python3.8/site-packages/airflow/example_dags/example_latest_only.py took 0.124 seconds
[2024-03-26T10:12:50.842+0000] {processor.py:161} INFO - Started process (PID=85) to work on /home/airflow/.local/lib/python3.8/site-packages/airflow/example_dags/example_latest_only.py
[2024-03-26T10:12:50.843+0000] {processor.py:830} INFO - Processing file /home/airflow/.local/lib/python3.8/site-packages/airflow/example_dags/example_latest_only.py for tasks to queue
[2024-03-26T10:12:50.844+0000] {logging_mixin.py:188} INFO - [2024-03-26T10:12:50.844+0000] {dagbag.py:538} INFO - Filling up the DagBag from /home/airflow/.local/lib/python3.8/site-packages/airflow/example_dags/example_latest_only.py
[2024-03-26T10:12:50.848+0000] {processor.py:840} INFO - DAG(s) 'latest_only' retrieved from /home/airflow/.local/lib/python3.8/site-packages/airflow/example_dags/example_latest_only.py
[2024-03-26T10:12:50.861+0000] {logging_mixin.py:188} INFO - [2024-03-26T10:12:50.860+0000] {dag.py:3036} INFO - Sync 1 DAGs
[2024-03-26T10:12:50.885+0000] {logging_mixin.py:188} INFO - [2024-03-26T10:12:50.885+0000] {dag.py:3823} INFO - Setting next_dagrun for latest_only to 2024-03-26 04:00:00+00:00, run_after=2024-03-26 08:00:00+00:00
[2024-03-26T10:12:50.908+0000] {processor.py:183} INFO - Processing /home/airflow/.local/lib/python3.8/site-packages/airflow/example_dags/example_latest_only.py took 0.069 seconds
[2024-03-26T10:13:22.127+0000] {processor.py:161} INFO - Started process (PID=142) to work on /home/airflow/.local/lib/python3.8/site-packages/airflow/example_dags/example_latest_only.py
[2024-03-26T10:13:22.128+0000] {processor.py:830} INFO - Processing file /home/airflow/.local/lib/python3.8/site-packages/airflow/example_dags/example_latest_only.py for tasks to queue
[2024-03-26T10:13:22.130+0000] {logging_mixin.py:188} INFO - [2024-03-26T10:13:22.130+0000] {dagbag.py:538} INFO - Filling up the DagBag from /home/airflow/.local/lib/python3.8/site-packages/airflow/example_dags/example_latest_only.py
[2024-03-26T10:13:22.134+0000] {processor.py:840} INFO - DAG(s) 'latest_only' retrieved from /home/airflow/.local/lib/python3.8/site-packages/airflow/example_dags/example_latest_only.py
[2024-03-26T10:13:22.219+0000] {logging_mixin.py:188} INFO - [2024-03-26T10:13:22.218+0000] {dag.py:3036} INFO - Sync 1 DAGs
[2024-03-26T10:13:22.236+0000] {logging_mixin.py:188} INFO - [2024-03-26T10:13:22.236+0000] {dag.py:3823} INFO - Setting next_dagrun for latest_only to 2024-03-26 04:00:00+00:00, run_after=2024-03-26 08:00:00+00:00
[2024-03-26T10:13:22.262+0000] {processor.py:183} INFO - Processing /home/airflow/.local/lib/python3.8/site-packages/airflow/example_dags/example_latest_only.py took 0.138 seconds
[2024-03-26T10:13:53.217+0000] {processor.py:161} INFO - Started process (PID=199) to work on /home/airflow/.local/lib/python3.8/site-packages/airflow/example_dags/example_latest_only.py
[2024-03-26T10:13:53.218+0000] {processor.py:830} INFO - Processing file /home/airflow/.local/lib/python3.8/site-packages/airflow/example_dags/example_latest_only.py for tasks to queue
[2024-03-26T10:13:53.220+0000] {logging_mixin.py:188} INFO - [2024-03-26T10:13:53.220+0000] {dagbag.py:538} INFO - Filling up the DagBag from /home/airflow/.local/lib/python3.8/site-packages/airflow/example_dags/example_latest_only.py
[2024-03-26T10:13:53.224+0000] {processor.py:840} INFO - DAG(s) 'latest_only' retrieved from /home/airflow/.local/lib/python3.8/site-packages/airflow/example_dags/example_latest_only.py
[2024-03-26T10:13:53.240+0000] {logging_mixin.py:188} INFO - [2024-03-26T10:13:53.240+0000] {dag.py:3036} INFO - Sync 1 DAGs
[2024-03-26T10:13:53.260+0000] {logging_mixin.py:188} INFO - [2024-03-26T10:13:53.260+0000] {dag.py:3823} INFO - Setting next_dagrun for latest_only to 2024-03-26 04:00:00+00:00, run_after=2024-03-26 08:00:00+00:00
[2024-03-26T10:13:53.276+0000] {processor.py:183} INFO - Processing /home/airflow/.local/lib/python3.8/site-packages/airflow/example_dags/example_latest_only.py took 0.061 seconds
[2024-03-26T10:15:16.817+0000] {processor.py:161} INFO - Started process (PID=85) to work on /home/airflow/.local/lib/python3.8/site-packages/airflow/example_dags/example_latest_only.py
[2024-03-26T10:15:16.818+0000] {processor.py:830} INFO - Processing file /home/airflow/.local/lib/python3.8/site-packages/airflow/example_dags/example_latest_only.py for tasks to queue
[2024-03-26T10:15:16.820+0000] {logging_mixin.py:188} INFO - [2024-03-26T10:15:16.819+0000] {dagbag.py:538} INFO - Filling up the DagBag from /home/airflow/.local/lib/python3.8/site-packages/airflow/example_dags/example_latest_only.py
[2024-03-26T10:15:16.824+0000] {processor.py:840} INFO - DAG(s) 'latest_only' retrieved from /home/airflow/.local/lib/python3.8/site-packages/airflow/example_dags/example_latest_only.py
[2024-03-26T10:15:16.835+0000] {logging_mixin.py:188} INFO - [2024-03-26T10:15:16.834+0000] {dag.py:3036} INFO - Sync 1 DAGs
[2024-03-26T10:15:16.859+0000] {logging_mixin.py:188} INFO - [2024-03-26T10:15:16.858+0000] {dag.py:3823} INFO - Setting next_dagrun for latest_only to 2024-03-26 04:00:00+00:00, run_after=2024-03-26 08:00:00+00:00
[2024-03-26T10:15:16.883+0000] {processor.py:183} INFO - Processing /home/airflow/.local/lib/python3.8/site-packages/airflow/example_dags/example_latest_only.py took 0.068 seconds
[2024-03-26T10:17:24.091+0000] {processor.py:161} INFO - Started process (PID=85) to work on /home/airflow/.local/lib/python3.8/site-packages/airflow/example_dags/example_latest_only.py
[2024-03-26T10:17:24.092+0000] {processor.py:830} INFO - Processing file /home/airflow/.local/lib/python3.8/site-packages/airflow/example_dags/example_latest_only.py for tasks to queue
[2024-03-26T10:17:24.093+0000] {logging_mixin.py:188} INFO - [2024-03-26T10:17:24.093+0000] {dagbag.py:538} INFO - Filling up the DagBag from /home/airflow/.local/lib/python3.8/site-packages/airflow/example_dags/example_latest_only.py
[2024-03-26T10:17:24.099+0000] {processor.py:840} INFO - DAG(s) 'latest_only' retrieved from /home/airflow/.local/lib/python3.8/site-packages/airflow/example_dags/example_latest_only.py
[2024-03-26T10:17:24.110+0000] {logging_mixin.py:188} INFO - [2024-03-26T10:17:24.109+0000] {dag.py:3036} INFO - Sync 1 DAGs
[2024-03-26T10:17:24.131+0000] {logging_mixin.py:188} INFO - [2024-03-26T10:17:24.131+0000] {dag.py:3823} INFO - Setting next_dagrun for latest_only to 2024-03-26 04:00:00+00:00, run_after=2024-03-26 08:00:00+00:00
[2024-03-26T10:17:24.156+0000] {processor.py:183} INFO - Processing /home/airflow/.local/lib/python3.8/site-packages/airflow/example_dags/example_latest_only.py took 0.069 seconds
[2024-03-26T10:17:55.920+0000] {processor.py:161} INFO - Started process (PID=142) to work on /home/airflow/.local/lib/python3.8/site-packages/airflow/example_dags/example_latest_only.py
[2024-03-26T10:17:55.921+0000] {processor.py:830} INFO - Processing file /home/airflow/.local/lib/python3.8/site-packages/airflow/example_dags/example_latest_only.py for tasks to queue
[2024-03-26T10:17:55.923+0000] {logging_mixin.py:188} INFO - [2024-03-26T10:17:55.922+0000] {dagbag.py:538} INFO - Filling up the DagBag from /home/airflow/.local/lib/python3.8/site-packages/airflow/example_dags/example_latest_only.py
[2024-03-26T10:17:55.927+0000] {processor.py:840} INFO - DAG(s) 'latest_only' retrieved from /home/airflow/.local/lib/python3.8/site-packages/airflow/example_dags/example_latest_only.py
[2024-03-26T10:17:56.043+0000] {logging_mixin.py:188} INFO - [2024-03-26T10:17:56.043+0000] {dag.py:3036} INFO - Sync 1 DAGs
[2024-03-26T10:17:56.061+0000] {logging_mixin.py:188} INFO - [2024-03-26T10:17:56.061+0000] {dag.py:3823} INFO - Setting next_dagrun for latest_only to 2024-03-26 04:00:00+00:00, run_after=2024-03-26 08:00:00+00:00
[2024-03-26T10:17:56.090+0000] {processor.py:183} INFO - Processing /home/airflow/.local/lib/python3.8/site-packages/airflow/example_dags/example_latest_only.py took 0.172 seconds
