[2024-03-26T08:41:05.823+0000] {processor.py:161} INFO - Started process (PID=44) to work on /home/airflow/.local/lib/python3.8/site-packages/airflow/example_dags/example_local_kubernetes_executor.py
[2024-03-26T08:41:05.824+0000] {processor.py:830} INFO - Processing file /home/airflow/.local/lib/python3.8/site-packages/airflow/example_dags/example_local_kubernetes_executor.py for tasks to queue
[2024-03-26T08:41:05.825+0000] {logging_mixin.py:188} INFO - [2024-03-26T08:41:05.825+0000] {dagbag.py:538} INFO - Filling up the DagBag from /home/airflow/.local/lib/python3.8/site-packages/airflow/example_dags/example_local_kubernetes_executor.py
[2024-03-26T08:41:05.833+0000] {processor.py:840} INFO - DAG(s) 'example_local_kubernetes_executor' retrieved from /home/airflow/.local/lib/python3.8/site-packages/airflow/example_dags/example_local_kubernetes_executor.py
[2024-03-26T08:41:05.842+0000] {logging_mixin.py:188} INFO - [2024-03-26T08:41:05.842+0000] {dag.py:3036} INFO - Sync 1 DAGs
[2024-03-26T08:41:05.853+0000] {logging_mixin.py:188} INFO - [2024-03-26T08:41:05.853+0000] {dag.py:3823} INFO - Setting next_dagrun for example_local_kubernetes_executor to None, run_after=None
[2024-03-26T08:41:05.869+0000] {processor.py:183} INFO - Processing /home/airflow/.local/lib/python3.8/site-packages/airflow/example_dags/example_local_kubernetes_executor.py took 0.048 seconds
[2024-03-26T08:41:36.655+0000] {processor.py:161} INFO - Started process (PID=100) to work on /home/airflow/.local/lib/python3.8/site-packages/airflow/example_dags/example_local_kubernetes_executor.py
[2024-03-26T08:41:36.656+0000] {processor.py:830} INFO - Processing file /home/airflow/.local/lib/python3.8/site-packages/airflow/example_dags/example_local_kubernetes_executor.py for tasks to queue
[2024-03-26T08:41:36.657+0000] {logging_mixin.py:188} INFO - [2024-03-26T08:41:36.657+0000] {dagbag.py:538} INFO - Filling up the DagBag from /home/airflow/.local/lib/python3.8/site-packages/airflow/example_dags/example_local_kubernetes_executor.py
[2024-03-26T08:41:36.663+0000] {processor.py:840} INFO - DAG(s) 'example_local_kubernetes_executor' retrieved from /home/airflow/.local/lib/python3.8/site-packages/airflow/example_dags/example_local_kubernetes_executor.py
[2024-03-26T08:41:36.766+0000] {logging_mixin.py:188} INFO - [2024-03-26T08:41:36.766+0000] {dag.py:3036} INFO - Sync 1 DAGs
[2024-03-26T08:41:36.776+0000] {logging_mixin.py:188} INFO - [2024-03-26T08:41:36.775+0000] {dag.py:3823} INFO - Setting next_dagrun for example_local_kubernetes_executor to None, run_after=None
[2024-03-26T08:41:36.792+0000] {processor.py:183} INFO - Processing /home/airflow/.local/lib/python3.8/site-packages/airflow/example_dags/example_local_kubernetes_executor.py took 0.140 seconds
[2024-03-26T08:43:46.079+0000] {processor.py:161} INFO - Started process (PID=44) to work on /home/airflow/.local/lib/python3.8/site-packages/airflow/example_dags/example_local_kubernetes_executor.py
[2024-03-26T08:43:46.080+0000] {processor.py:830} INFO - Processing file /home/airflow/.local/lib/python3.8/site-packages/airflow/example_dags/example_local_kubernetes_executor.py for tasks to queue
[2024-03-26T08:43:46.082+0000] {logging_mixin.py:188} INFO - [2024-03-26T08:43:46.082+0000] {dagbag.py:538} INFO - Filling up the DagBag from /home/airflow/.local/lib/python3.8/site-packages/airflow/example_dags/example_local_kubernetes_executor.py
[2024-03-26T08:43:46.091+0000] {processor.py:840} INFO - DAG(s) 'example_local_kubernetes_executor' retrieved from /home/airflow/.local/lib/python3.8/site-packages/airflow/example_dags/example_local_kubernetes_executor.py
[2024-03-26T08:43:46.103+0000] {logging_mixin.py:188} INFO - [2024-03-26T08:43:46.103+0000] {dag.py:3036} INFO - Sync 1 DAGs
[2024-03-26T08:43:46.116+0000] {logging_mixin.py:188} INFO - [2024-03-26T08:43:46.116+0000] {dag.py:3823} INFO - Setting next_dagrun for example_local_kubernetes_executor to None, run_after=None
[2024-03-26T08:43:46.139+0000] {processor.py:183} INFO - Processing /home/airflow/.local/lib/python3.8/site-packages/airflow/example_dags/example_local_kubernetes_executor.py took 0.063 seconds
[2024-03-26T08:44:16.850+0000] {processor.py:161} INFO - Started process (PID=100) to work on /home/airflow/.local/lib/python3.8/site-packages/airflow/example_dags/example_local_kubernetes_executor.py
[2024-03-26T08:44:16.851+0000] {processor.py:830} INFO - Processing file /home/airflow/.local/lib/python3.8/site-packages/airflow/example_dags/example_local_kubernetes_executor.py for tasks to queue
[2024-03-26T08:44:16.853+0000] {logging_mixin.py:188} INFO - [2024-03-26T08:44:16.852+0000] {dagbag.py:538} INFO - Filling up the DagBag from /home/airflow/.local/lib/python3.8/site-packages/airflow/example_dags/example_local_kubernetes_executor.py
[2024-03-26T08:44:16.857+0000] {processor.py:840} INFO - DAG(s) 'example_local_kubernetes_executor' retrieved from /home/airflow/.local/lib/python3.8/site-packages/airflow/example_dags/example_local_kubernetes_executor.py
[2024-03-26T08:44:16.951+0000] {logging_mixin.py:188} INFO - [2024-03-26T08:44:16.951+0000] {dag.py:3036} INFO - Sync 1 DAGs
[2024-03-26T08:44:16.960+0000] {logging_mixin.py:188} INFO - [2024-03-26T08:44:16.960+0000] {dag.py:3823} INFO - Setting next_dagrun for example_local_kubernetes_executor to None, run_after=None
[2024-03-26T08:44:16.974+0000] {processor.py:183} INFO - Processing /home/airflow/.local/lib/python3.8/site-packages/airflow/example_dags/example_local_kubernetes_executor.py took 0.127 seconds
[2024-03-26T08:44:47.210+0000] {processor.py:161} INFO - Started process (PID=156) to work on /home/airflow/.local/lib/python3.8/site-packages/airflow/example_dags/example_local_kubernetes_executor.py
[2024-03-26T08:44:47.211+0000] {processor.py:830} INFO - Processing file /home/airflow/.local/lib/python3.8/site-packages/airflow/example_dags/example_local_kubernetes_executor.py for tasks to queue
[2024-03-26T08:44:47.213+0000] {logging_mixin.py:188} INFO - [2024-03-26T08:44:47.213+0000] {dagbag.py:538} INFO - Filling up the DagBag from /home/airflow/.local/lib/python3.8/site-packages/airflow/example_dags/example_local_kubernetes_executor.py
[2024-03-26T08:44:47.219+0000] {processor.py:840} INFO - DAG(s) 'example_local_kubernetes_executor' retrieved from /home/airflow/.local/lib/python3.8/site-packages/airflow/example_dags/example_local_kubernetes_executor.py
[2024-03-26T08:44:47.248+0000] {logging_mixin.py:188} INFO - [2024-03-26T08:44:47.248+0000] {dag.py:3036} INFO - Sync 1 DAGs
[2024-03-26T08:44:47.258+0000] {logging_mixin.py:188} INFO - [2024-03-26T08:44:47.258+0000] {dag.py:3823} INFO - Setting next_dagrun for example_local_kubernetes_executor to None, run_after=None
[2024-03-26T08:44:47.273+0000] {processor.py:183} INFO - Processing /home/airflow/.local/lib/python3.8/site-packages/airflow/example_dags/example_local_kubernetes_executor.py took 0.065 seconds
[2024-03-26T08:45:17.561+0000] {processor.py:161} INFO - Started process (PID=212) to work on /home/airflow/.local/lib/python3.8/site-packages/airflow/example_dags/example_local_kubernetes_executor.py
[2024-03-26T08:45:17.562+0000] {processor.py:830} INFO - Processing file /home/airflow/.local/lib/python3.8/site-packages/airflow/example_dags/example_local_kubernetes_executor.py for tasks to queue
[2024-03-26T08:45:17.563+0000] {logging_mixin.py:188} INFO - [2024-03-26T08:45:17.563+0000] {dagbag.py:538} INFO - Filling up the DagBag from /home/airflow/.local/lib/python3.8/site-packages/airflow/example_dags/example_local_kubernetes_executor.py
[2024-03-26T08:45:17.569+0000] {processor.py:840} INFO - DAG(s) 'example_local_kubernetes_executor' retrieved from /home/airflow/.local/lib/python3.8/site-packages/airflow/example_dags/example_local_kubernetes_executor.py
[2024-03-26T08:45:17.595+0000] {logging_mixin.py:188} INFO - [2024-03-26T08:45:17.595+0000] {dag.py:3036} INFO - Sync 1 DAGs
[2024-03-26T08:45:17.605+0000] {logging_mixin.py:188} INFO - [2024-03-26T08:45:17.605+0000] {dag.py:3823} INFO - Setting next_dagrun for example_local_kubernetes_executor to None, run_after=None
[2024-03-26T08:45:17.622+0000] {processor.py:183} INFO - Processing /home/airflow/.local/lib/python3.8/site-packages/airflow/example_dags/example_local_kubernetes_executor.py took 0.063 seconds
[2024-03-26T08:45:47.837+0000] {processor.py:161} INFO - Started process (PID=268) to work on /home/airflow/.local/lib/python3.8/site-packages/airflow/example_dags/example_local_kubernetes_executor.py
[2024-03-26T08:45:47.838+0000] {processor.py:830} INFO - Processing file /home/airflow/.local/lib/python3.8/site-packages/airflow/example_dags/example_local_kubernetes_executor.py for tasks to queue
[2024-03-26T08:45:47.839+0000] {logging_mixin.py:188} INFO - [2024-03-26T08:45:47.839+0000] {dagbag.py:538} INFO - Filling up the DagBag from /home/airflow/.local/lib/python3.8/site-packages/airflow/example_dags/example_local_kubernetes_executor.py
[2024-03-26T08:45:47.844+0000] {processor.py:840} INFO - DAG(s) 'example_local_kubernetes_executor' retrieved from /home/airflow/.local/lib/python3.8/site-packages/airflow/example_dags/example_local_kubernetes_executor.py
[2024-03-26T08:45:47.870+0000] {logging_mixin.py:188} INFO - [2024-03-26T08:45:47.870+0000] {dag.py:3036} INFO - Sync 1 DAGs
[2024-03-26T08:45:47.879+0000] {logging_mixin.py:188} INFO - [2024-03-26T08:45:47.879+0000] {dag.py:3823} INFO - Setting next_dagrun for example_local_kubernetes_executor to None, run_after=None
[2024-03-26T08:45:47.894+0000] {processor.py:183} INFO - Processing /home/airflow/.local/lib/python3.8/site-packages/airflow/example_dags/example_local_kubernetes_executor.py took 0.060 seconds
[2024-03-26T08:46:18.004+0000] {processor.py:161} INFO - Started process (PID=324) to work on /home/airflow/.local/lib/python3.8/site-packages/airflow/example_dags/example_local_kubernetes_executor.py
[2024-03-26T08:46:18.005+0000] {processor.py:830} INFO - Processing file /home/airflow/.local/lib/python3.8/site-packages/airflow/example_dags/example_local_kubernetes_executor.py for tasks to queue
[2024-03-26T08:46:18.006+0000] {logging_mixin.py:188} INFO - [2024-03-26T08:46:18.006+0000] {dagbag.py:538} INFO - Filling up the DagBag from /home/airflow/.local/lib/python3.8/site-packages/airflow/example_dags/example_local_kubernetes_executor.py
[2024-03-26T08:46:18.011+0000] {processor.py:840} INFO - DAG(s) 'example_local_kubernetes_executor' retrieved from /home/airflow/.local/lib/python3.8/site-packages/airflow/example_dags/example_local_kubernetes_executor.py
[2024-03-26T08:46:18.037+0000] {logging_mixin.py:188} INFO - [2024-03-26T08:46:18.037+0000] {dag.py:3036} INFO - Sync 1 DAGs
[2024-03-26T08:46:18.047+0000] {logging_mixin.py:188} INFO - [2024-03-26T08:46:18.047+0000] {dag.py:3823} INFO - Setting next_dagrun for example_local_kubernetes_executor to None, run_after=None
[2024-03-26T08:46:18.061+0000] {processor.py:183} INFO - Processing /home/airflow/.local/lib/python3.8/site-packages/airflow/example_dags/example_local_kubernetes_executor.py took 0.060 seconds
[2024-03-26T08:46:48.203+0000] {processor.py:161} INFO - Started process (PID=380) to work on /home/airflow/.local/lib/python3.8/site-packages/airflow/example_dags/example_local_kubernetes_executor.py
[2024-03-26T08:46:48.204+0000] {processor.py:830} INFO - Processing file /home/airflow/.local/lib/python3.8/site-packages/airflow/example_dags/example_local_kubernetes_executor.py for tasks to queue
[2024-03-26T08:46:48.206+0000] {logging_mixin.py:188} INFO - [2024-03-26T08:46:48.206+0000] {dagbag.py:538} INFO - Filling up the DagBag from /home/airflow/.local/lib/python3.8/site-packages/airflow/example_dags/example_local_kubernetes_executor.py
[2024-03-26T08:46:48.211+0000] {processor.py:840} INFO - DAG(s) 'example_local_kubernetes_executor' retrieved from /home/airflow/.local/lib/python3.8/site-packages/airflow/example_dags/example_local_kubernetes_executor.py
[2024-03-26T08:46:48.237+0000] {logging_mixin.py:188} INFO - [2024-03-26T08:46:48.237+0000] {dag.py:3036} INFO - Sync 1 DAGs
[2024-03-26T08:46:48.246+0000] {logging_mixin.py:188} INFO - [2024-03-26T08:46:48.246+0000] {dag.py:3823} INFO - Setting next_dagrun for example_local_kubernetes_executor to None, run_after=None
[2024-03-26T08:46:48.261+0000] {processor.py:183} INFO - Processing /home/airflow/.local/lib/python3.8/site-packages/airflow/example_dags/example_local_kubernetes_executor.py took 0.060 seconds
[2024-03-26T08:47:18.552+0000] {processor.py:161} INFO - Started process (PID=436) to work on /home/airflow/.local/lib/python3.8/site-packages/airflow/example_dags/example_local_kubernetes_executor.py
[2024-03-26T08:47:18.554+0000] {processor.py:830} INFO - Processing file /home/airflow/.local/lib/python3.8/site-packages/airflow/example_dags/example_local_kubernetes_executor.py for tasks to queue
[2024-03-26T08:47:18.556+0000] {logging_mixin.py:188} INFO - [2024-03-26T08:47:18.556+0000] {dagbag.py:538} INFO - Filling up the DagBag from /home/airflow/.local/lib/python3.8/site-packages/airflow/example_dags/example_local_kubernetes_executor.py
[2024-03-26T08:47:18.561+0000] {processor.py:840} INFO - DAG(s) 'example_local_kubernetes_executor' retrieved from /home/airflow/.local/lib/python3.8/site-packages/airflow/example_dags/example_local_kubernetes_executor.py
[2024-03-26T08:47:18.588+0000] {logging_mixin.py:188} INFO - [2024-03-26T08:47:18.588+0000] {dag.py:3036} INFO - Sync 1 DAGs
[2024-03-26T08:47:18.598+0000] {logging_mixin.py:188} INFO - [2024-03-26T08:47:18.598+0000] {dag.py:3823} INFO - Setting next_dagrun for example_local_kubernetes_executor to None, run_after=None
[2024-03-26T08:47:18.613+0000] {processor.py:183} INFO - Processing /home/airflow/.local/lib/python3.8/site-packages/airflow/example_dags/example_local_kubernetes_executor.py took 0.063 seconds
[2024-03-26T08:47:48.679+0000] {processor.py:161} INFO - Started process (PID=492) to work on /home/airflow/.local/lib/python3.8/site-packages/airflow/example_dags/example_local_kubernetes_executor.py
[2024-03-26T08:47:48.680+0000] {processor.py:830} INFO - Processing file /home/airflow/.local/lib/python3.8/site-packages/airflow/example_dags/example_local_kubernetes_executor.py for tasks to queue
[2024-03-26T08:47:48.682+0000] {logging_mixin.py:188} INFO - [2024-03-26T08:47:48.682+0000] {dagbag.py:538} INFO - Filling up the DagBag from /home/airflow/.local/lib/python3.8/site-packages/airflow/example_dags/example_local_kubernetes_executor.py
[2024-03-26T08:47:48.687+0000] {processor.py:840} INFO - DAG(s) 'example_local_kubernetes_executor' retrieved from /home/airflow/.local/lib/python3.8/site-packages/airflow/example_dags/example_local_kubernetes_executor.py
[2024-03-26T08:47:48.713+0000] {logging_mixin.py:188} INFO - [2024-03-26T08:47:48.713+0000] {dag.py:3036} INFO - Sync 1 DAGs
[2024-03-26T08:47:48.723+0000] {logging_mixin.py:188} INFO - [2024-03-26T08:47:48.723+0000] {dag.py:3823} INFO - Setting next_dagrun for example_local_kubernetes_executor to None, run_after=None
[2024-03-26T08:47:48.739+0000] {processor.py:183} INFO - Processing /home/airflow/.local/lib/python3.8/site-packages/airflow/example_dags/example_local_kubernetes_executor.py took 0.062 seconds
[2024-03-26T08:48:18.913+0000] {processor.py:161} INFO - Started process (PID=548) to work on /home/airflow/.local/lib/python3.8/site-packages/airflow/example_dags/example_local_kubernetes_executor.py
[2024-03-26T08:48:18.914+0000] {processor.py:830} INFO - Processing file /home/airflow/.local/lib/python3.8/site-packages/airflow/example_dags/example_local_kubernetes_executor.py for tasks to queue
[2024-03-26T08:48:18.916+0000] {logging_mixin.py:188} INFO - [2024-03-26T08:48:18.916+0000] {dagbag.py:538} INFO - Filling up the DagBag from /home/airflow/.local/lib/python3.8/site-packages/airflow/example_dags/example_local_kubernetes_executor.py
[2024-03-26T08:48:18.922+0000] {processor.py:840} INFO - DAG(s) 'example_local_kubernetes_executor' retrieved from /home/airflow/.local/lib/python3.8/site-packages/airflow/example_dags/example_local_kubernetes_executor.py
[2024-03-26T08:48:18.948+0000] {logging_mixin.py:188} INFO - [2024-03-26T08:48:18.948+0000] {dag.py:3036} INFO - Sync 1 DAGs
[2024-03-26T08:48:18.958+0000] {logging_mixin.py:188} INFO - [2024-03-26T08:48:18.958+0000] {dag.py:3823} INFO - Setting next_dagrun for example_local_kubernetes_executor to None, run_after=None
[2024-03-26T08:48:18.972+0000] {processor.py:183} INFO - Processing /home/airflow/.local/lib/python3.8/site-packages/airflow/example_dags/example_local_kubernetes_executor.py took 0.061 seconds
[2024-03-26T08:48:49.447+0000] {processor.py:161} INFO - Started process (PID=604) to work on /home/airflow/.local/lib/python3.8/site-packages/airflow/example_dags/example_local_kubernetes_executor.py
[2024-03-26T08:48:49.448+0000] {processor.py:830} INFO - Processing file /home/airflow/.local/lib/python3.8/site-packages/airflow/example_dags/example_local_kubernetes_executor.py for tasks to queue
[2024-03-26T08:48:49.449+0000] {logging_mixin.py:188} INFO - [2024-03-26T08:48:49.449+0000] {dagbag.py:538} INFO - Filling up the DagBag from /home/airflow/.local/lib/python3.8/site-packages/airflow/example_dags/example_local_kubernetes_executor.py
[2024-03-26T08:48:49.455+0000] {processor.py:840} INFO - DAG(s) 'example_local_kubernetes_executor' retrieved from /home/airflow/.local/lib/python3.8/site-packages/airflow/example_dags/example_local_kubernetes_executor.py
[2024-03-26T08:48:49.481+0000] {logging_mixin.py:188} INFO - [2024-03-26T08:48:49.481+0000] {dag.py:3036} INFO - Sync 1 DAGs
[2024-03-26T08:48:49.492+0000] {logging_mixin.py:188} INFO - [2024-03-26T08:48:49.491+0000] {dag.py:3823} INFO - Setting next_dagrun for example_local_kubernetes_executor to None, run_after=None
[2024-03-26T08:48:49.506+0000] {processor.py:183} INFO - Processing /home/airflow/.local/lib/python3.8/site-packages/airflow/example_dags/example_local_kubernetes_executor.py took 0.062 seconds
[2024-03-26T08:49:19.776+0000] {processor.py:161} INFO - Started process (PID=660) to work on /home/airflow/.local/lib/python3.8/site-packages/airflow/example_dags/example_local_kubernetes_executor.py
[2024-03-26T08:49:19.777+0000] {processor.py:830} INFO - Processing file /home/airflow/.local/lib/python3.8/site-packages/airflow/example_dags/example_local_kubernetes_executor.py for tasks to queue
[2024-03-26T08:49:19.779+0000] {logging_mixin.py:188} INFO - [2024-03-26T08:49:19.779+0000] {dagbag.py:538} INFO - Filling up the DagBag from /home/airflow/.local/lib/python3.8/site-packages/airflow/example_dags/example_local_kubernetes_executor.py
[2024-03-26T08:49:19.788+0000] {processor.py:840} INFO - DAG(s) 'example_local_kubernetes_executor' retrieved from /home/airflow/.local/lib/python3.8/site-packages/airflow/example_dags/example_local_kubernetes_executor.py
[2024-03-26T08:49:19.815+0000] {logging_mixin.py:188} INFO - [2024-03-26T08:49:19.815+0000] {dag.py:3036} INFO - Sync 1 DAGs
[2024-03-26T08:49:19.826+0000] {logging_mixin.py:188} INFO - [2024-03-26T08:49:19.825+0000] {dag.py:3823} INFO - Setting next_dagrun for example_local_kubernetes_executor to None, run_after=None
[2024-03-26T08:49:19.842+0000] {processor.py:183} INFO - Processing /home/airflow/.local/lib/python3.8/site-packages/airflow/example_dags/example_local_kubernetes_executor.py took 0.068 seconds
[2024-03-26T08:49:50.155+0000] {processor.py:161} INFO - Started process (PID=716) to work on /home/airflow/.local/lib/python3.8/site-packages/airflow/example_dags/example_local_kubernetes_executor.py
[2024-03-26T08:49:50.156+0000] {processor.py:830} INFO - Processing file /home/airflow/.local/lib/python3.8/site-packages/airflow/example_dags/example_local_kubernetes_executor.py for tasks to queue
[2024-03-26T08:49:50.158+0000] {logging_mixin.py:188} INFO - [2024-03-26T08:49:50.157+0000] {dagbag.py:538} INFO - Filling up the DagBag from /home/airflow/.local/lib/python3.8/site-packages/airflow/example_dags/example_local_kubernetes_executor.py
[2024-03-26T08:49:50.163+0000] {processor.py:840} INFO - DAG(s) 'example_local_kubernetes_executor' retrieved from /home/airflow/.local/lib/python3.8/site-packages/airflow/example_dags/example_local_kubernetes_executor.py
[2024-03-26T08:49:50.190+0000] {logging_mixin.py:188} INFO - [2024-03-26T08:49:50.190+0000] {dag.py:3036} INFO - Sync 1 DAGs
[2024-03-26T08:49:50.200+0000] {logging_mixin.py:188} INFO - [2024-03-26T08:49:50.200+0000] {dag.py:3823} INFO - Setting next_dagrun for example_local_kubernetes_executor to None, run_after=None
[2024-03-26T08:49:50.216+0000] {processor.py:183} INFO - Processing /home/airflow/.local/lib/python3.8/site-packages/airflow/example_dags/example_local_kubernetes_executor.py took 0.063 seconds
[2024-03-26T08:50:20.602+0000] {processor.py:161} INFO - Started process (PID=772) to work on /home/airflow/.local/lib/python3.8/site-packages/airflow/example_dags/example_local_kubernetes_executor.py
[2024-03-26T08:50:20.604+0000] {processor.py:830} INFO - Processing file /home/airflow/.local/lib/python3.8/site-packages/airflow/example_dags/example_local_kubernetes_executor.py for tasks to queue
[2024-03-26T08:50:20.607+0000] {logging_mixin.py:188} INFO - [2024-03-26T08:50:20.607+0000] {dagbag.py:538} INFO - Filling up the DagBag from /home/airflow/.local/lib/python3.8/site-packages/airflow/example_dags/example_local_kubernetes_executor.py
[2024-03-26T08:50:20.618+0000] {processor.py:840} INFO - DAG(s) 'example_local_kubernetes_executor' retrieved from /home/airflow/.local/lib/python3.8/site-packages/airflow/example_dags/example_local_kubernetes_executor.py
[2024-03-26T08:50:20.656+0000] {logging_mixin.py:188} INFO - [2024-03-26T08:50:20.656+0000] {dag.py:3036} INFO - Sync 1 DAGs
[2024-03-26T08:50:20.669+0000] {logging_mixin.py:188} INFO - [2024-03-26T08:50:20.668+0000] {dag.py:3823} INFO - Setting next_dagrun for example_local_kubernetes_executor to None, run_after=None
[2024-03-26T08:50:20.691+0000] {processor.py:183} INFO - Processing /home/airflow/.local/lib/python3.8/site-packages/airflow/example_dags/example_local_kubernetes_executor.py took 0.093 seconds
[2024-03-26T08:53:11.920+0000] {processor.py:161} INFO - Started process (PID=44) to work on /home/airflow/.local/lib/python3.8/site-packages/airflow/example_dags/example_local_kubernetes_executor.py
[2024-03-26T08:53:11.921+0000] {processor.py:830} INFO - Processing file /home/airflow/.local/lib/python3.8/site-packages/airflow/example_dags/example_local_kubernetes_executor.py for tasks to queue
[2024-03-26T08:53:11.923+0000] {logging_mixin.py:188} INFO - [2024-03-26T08:53:11.922+0000] {dagbag.py:538} INFO - Filling up the DagBag from /home/airflow/.local/lib/python3.8/site-packages/airflow/example_dags/example_local_kubernetes_executor.py
[2024-03-26T08:53:11.931+0000] {processor.py:840} INFO - DAG(s) 'example_local_kubernetes_executor' retrieved from /home/airflow/.local/lib/python3.8/site-packages/airflow/example_dags/example_local_kubernetes_executor.py
[2024-03-26T08:53:11.940+0000] {logging_mixin.py:188} INFO - [2024-03-26T08:53:11.939+0000] {dag.py:3036} INFO - Sync 1 DAGs
[2024-03-26T08:53:11.953+0000] {logging_mixin.py:188} INFO - [2024-03-26T08:53:11.953+0000] {dag.py:3823} INFO - Setting next_dagrun for example_local_kubernetes_executor to None, run_after=None
[2024-03-26T08:53:11.971+0000] {processor.py:183} INFO - Processing /home/airflow/.local/lib/python3.8/site-packages/airflow/example_dags/example_local_kubernetes_executor.py took 0.053 seconds
[2024-03-26T08:53:42.509+0000] {processor.py:161} INFO - Started process (PID=100) to work on /home/airflow/.local/lib/python3.8/site-packages/airflow/example_dags/example_local_kubernetes_executor.py
[2024-03-26T08:53:42.510+0000] {processor.py:830} INFO - Processing file /home/airflow/.local/lib/python3.8/site-packages/airflow/example_dags/example_local_kubernetes_executor.py for tasks to queue
[2024-03-26T08:53:42.512+0000] {logging_mixin.py:188} INFO - [2024-03-26T08:53:42.512+0000] {dagbag.py:538} INFO - Filling up the DagBag from /home/airflow/.local/lib/python3.8/site-packages/airflow/example_dags/example_local_kubernetes_executor.py
[2024-03-26T08:53:42.517+0000] {processor.py:840} INFO - DAG(s) 'example_local_kubernetes_executor' retrieved from /home/airflow/.local/lib/python3.8/site-packages/airflow/example_dags/example_local_kubernetes_executor.py
[2024-03-26T08:53:42.646+0000] {logging_mixin.py:188} INFO - [2024-03-26T08:53:42.646+0000] {dag.py:3036} INFO - Sync 1 DAGs
[2024-03-26T08:53:42.657+0000] {logging_mixin.py:188} INFO - [2024-03-26T08:53:42.657+0000] {dag.py:3823} INFO - Setting next_dagrun for example_local_kubernetes_executor to None, run_after=None
[2024-03-26T08:53:42.677+0000] {processor.py:183} INFO - Processing /home/airflow/.local/lib/python3.8/site-packages/airflow/example_dags/example_local_kubernetes_executor.py took 0.170 seconds
[2024-03-26T08:54:12.851+0000] {processor.py:161} INFO - Started process (PID=156) to work on /home/airflow/.local/lib/python3.8/site-packages/airflow/example_dags/example_local_kubernetes_executor.py
[2024-03-26T08:54:12.852+0000] {processor.py:830} INFO - Processing file /home/airflow/.local/lib/python3.8/site-packages/airflow/example_dags/example_local_kubernetes_executor.py for tasks to queue
[2024-03-26T08:54:12.854+0000] {logging_mixin.py:188} INFO - [2024-03-26T08:54:12.854+0000] {dagbag.py:538} INFO - Filling up the DagBag from /home/airflow/.local/lib/python3.8/site-packages/airflow/example_dags/example_local_kubernetes_executor.py
[2024-03-26T08:54:12.860+0000] {processor.py:840} INFO - DAG(s) 'example_local_kubernetes_executor' retrieved from /home/airflow/.local/lib/python3.8/site-packages/airflow/example_dags/example_local_kubernetes_executor.py
[2024-03-26T08:54:12.885+0000] {logging_mixin.py:188} INFO - [2024-03-26T08:54:12.885+0000] {dag.py:3036} INFO - Sync 1 DAGs
[2024-03-26T08:54:12.896+0000] {logging_mixin.py:188} INFO - [2024-03-26T08:54:12.896+0000] {dag.py:3823} INFO - Setting next_dagrun for example_local_kubernetes_executor to None, run_after=None
[2024-03-26T08:54:12.914+0000] {processor.py:183} INFO - Processing /home/airflow/.local/lib/python3.8/site-packages/airflow/example_dags/example_local_kubernetes_executor.py took 0.065 seconds
[2024-03-26T08:54:43.534+0000] {processor.py:161} INFO - Started process (PID=212) to work on /home/airflow/.local/lib/python3.8/site-packages/airflow/example_dags/example_local_kubernetes_executor.py
[2024-03-26T08:54:43.535+0000] {processor.py:830} INFO - Processing file /home/airflow/.local/lib/python3.8/site-packages/airflow/example_dags/example_local_kubernetes_executor.py for tasks to queue
[2024-03-26T08:54:43.537+0000] {logging_mixin.py:188} INFO - [2024-03-26T08:54:43.537+0000] {dagbag.py:538} INFO - Filling up the DagBag from /home/airflow/.local/lib/python3.8/site-packages/airflow/example_dags/example_local_kubernetes_executor.py
[2024-03-26T08:54:43.542+0000] {processor.py:840} INFO - DAG(s) 'example_local_kubernetes_executor' retrieved from /home/airflow/.local/lib/python3.8/site-packages/airflow/example_dags/example_local_kubernetes_executor.py
[2024-03-26T08:54:43.572+0000] {logging_mixin.py:188} INFO - [2024-03-26T08:54:43.572+0000] {dag.py:3036} INFO - Sync 1 DAGs
[2024-03-26T08:54:43.583+0000] {logging_mixin.py:188} INFO - [2024-03-26T08:54:43.583+0000] {dag.py:3823} INFO - Setting next_dagrun for example_local_kubernetes_executor to None, run_after=None
[2024-03-26T08:54:43.599+0000] {processor.py:183} INFO - Processing /home/airflow/.local/lib/python3.8/site-packages/airflow/example_dags/example_local_kubernetes_executor.py took 0.068 seconds
[2024-03-26T08:55:14.160+0000] {processor.py:161} INFO - Started process (PID=268) to work on /home/airflow/.local/lib/python3.8/site-packages/airflow/example_dags/example_local_kubernetes_executor.py
[2024-03-26T08:55:14.161+0000] {processor.py:830} INFO - Processing file /home/airflow/.local/lib/python3.8/site-packages/airflow/example_dags/example_local_kubernetes_executor.py for tasks to queue
[2024-03-26T08:55:14.162+0000] {logging_mixin.py:188} INFO - [2024-03-26T08:55:14.162+0000] {dagbag.py:538} INFO - Filling up the DagBag from /home/airflow/.local/lib/python3.8/site-packages/airflow/example_dags/example_local_kubernetes_executor.py
[2024-03-26T08:55:14.168+0000] {processor.py:840} INFO - DAG(s) 'example_local_kubernetes_executor' retrieved from /home/airflow/.local/lib/python3.8/site-packages/airflow/example_dags/example_local_kubernetes_executor.py
[2024-03-26T08:55:14.198+0000] {logging_mixin.py:188} INFO - [2024-03-26T08:55:14.197+0000] {dag.py:3036} INFO - Sync 1 DAGs
[2024-03-26T08:55:14.208+0000] {logging_mixin.py:188} INFO - [2024-03-26T08:55:14.208+0000] {dag.py:3823} INFO - Setting next_dagrun for example_local_kubernetes_executor to None, run_after=None
[2024-03-26T08:55:14.223+0000] {processor.py:183} INFO - Processing /home/airflow/.local/lib/python3.8/site-packages/airflow/example_dags/example_local_kubernetes_executor.py took 0.065 seconds
[2024-03-26T08:55:44.675+0000] {processor.py:161} INFO - Started process (PID=324) to work on /home/airflow/.local/lib/python3.8/site-packages/airflow/example_dags/example_local_kubernetes_executor.py
[2024-03-26T08:55:44.676+0000] {processor.py:830} INFO - Processing file /home/airflow/.local/lib/python3.8/site-packages/airflow/example_dags/example_local_kubernetes_executor.py for tasks to queue
[2024-03-26T08:55:44.678+0000] {logging_mixin.py:188} INFO - [2024-03-26T08:55:44.678+0000] {dagbag.py:538} INFO - Filling up the DagBag from /home/airflow/.local/lib/python3.8/site-packages/airflow/example_dags/example_local_kubernetes_executor.py
[2024-03-26T08:55:44.684+0000] {processor.py:840} INFO - DAG(s) 'example_local_kubernetes_executor' retrieved from /home/airflow/.local/lib/python3.8/site-packages/airflow/example_dags/example_local_kubernetes_executor.py
[2024-03-26T08:55:44.710+0000] {logging_mixin.py:188} INFO - [2024-03-26T08:55:44.710+0000] {dag.py:3036} INFO - Sync 1 DAGs
[2024-03-26T08:55:44.720+0000] {logging_mixin.py:188} INFO - [2024-03-26T08:55:44.720+0000] {dag.py:3823} INFO - Setting next_dagrun for example_local_kubernetes_executor to None, run_after=None
[2024-03-26T08:55:44.736+0000] {processor.py:183} INFO - Processing /home/airflow/.local/lib/python3.8/site-packages/airflow/example_dags/example_local_kubernetes_executor.py took 0.063 seconds
[2024-03-26T08:56:14.929+0000] {processor.py:161} INFO - Started process (PID=380) to work on /home/airflow/.local/lib/python3.8/site-packages/airflow/example_dags/example_local_kubernetes_executor.py
[2024-03-26T08:56:14.930+0000] {processor.py:830} INFO - Processing file /home/airflow/.local/lib/python3.8/site-packages/airflow/example_dags/example_local_kubernetes_executor.py for tasks to queue
[2024-03-26T08:56:14.931+0000] {logging_mixin.py:188} INFO - [2024-03-26T08:56:14.931+0000] {dagbag.py:538} INFO - Filling up the DagBag from /home/airflow/.local/lib/python3.8/site-packages/airflow/example_dags/example_local_kubernetes_executor.py
[2024-03-26T08:56:14.936+0000] {processor.py:840} INFO - DAG(s) 'example_local_kubernetes_executor' retrieved from /home/airflow/.local/lib/python3.8/site-packages/airflow/example_dags/example_local_kubernetes_executor.py
[2024-03-26T08:56:14.962+0000] {logging_mixin.py:188} INFO - [2024-03-26T08:56:14.962+0000] {dag.py:3036} INFO - Sync 1 DAGs
[2024-03-26T08:56:14.972+0000] {logging_mixin.py:188} INFO - [2024-03-26T08:56:14.972+0000] {dag.py:3823} INFO - Setting next_dagrun for example_local_kubernetes_executor to None, run_after=None
[2024-03-26T08:56:14.987+0000] {processor.py:183} INFO - Processing /home/airflow/.local/lib/python3.8/site-packages/airflow/example_dags/example_local_kubernetes_executor.py took 0.061 seconds
[2024-03-26T08:56:45.334+0000] {processor.py:161} INFO - Started process (PID=436) to work on /home/airflow/.local/lib/python3.8/site-packages/airflow/example_dags/example_local_kubernetes_executor.py
[2024-03-26T08:56:45.335+0000] {processor.py:830} INFO - Processing file /home/airflow/.local/lib/python3.8/site-packages/airflow/example_dags/example_local_kubernetes_executor.py for tasks to queue
[2024-03-26T08:56:45.337+0000] {logging_mixin.py:188} INFO - [2024-03-26T08:56:45.336+0000] {dagbag.py:538} INFO - Filling up the DagBag from /home/airflow/.local/lib/python3.8/site-packages/airflow/example_dags/example_local_kubernetes_executor.py
[2024-03-26T08:56:45.343+0000] {processor.py:840} INFO - DAG(s) 'example_local_kubernetes_executor' retrieved from /home/airflow/.local/lib/python3.8/site-packages/airflow/example_dags/example_local_kubernetes_executor.py
[2024-03-26T08:56:45.370+0000] {logging_mixin.py:188} INFO - [2024-03-26T08:56:45.369+0000] {dag.py:3036} INFO - Sync 1 DAGs
[2024-03-26T08:56:45.380+0000] {logging_mixin.py:188} INFO - [2024-03-26T08:56:45.380+0000] {dag.py:3823} INFO - Setting next_dagrun for example_local_kubernetes_executor to None, run_after=None
[2024-03-26T08:56:45.397+0000] {processor.py:183} INFO - Processing /home/airflow/.local/lib/python3.8/site-packages/airflow/example_dags/example_local_kubernetes_executor.py took 0.065 seconds
[2024-03-26T08:57:15.689+0000] {processor.py:161} INFO - Started process (PID=492) to work on /home/airflow/.local/lib/python3.8/site-packages/airflow/example_dags/example_local_kubernetes_executor.py
[2024-03-26T08:57:15.690+0000] {processor.py:830} INFO - Processing file /home/airflow/.local/lib/python3.8/site-packages/airflow/example_dags/example_local_kubernetes_executor.py for tasks to queue
[2024-03-26T08:57:15.692+0000] {logging_mixin.py:188} INFO - [2024-03-26T08:57:15.692+0000] {dagbag.py:538} INFO - Filling up the DagBag from /home/airflow/.local/lib/python3.8/site-packages/airflow/example_dags/example_local_kubernetes_executor.py
[2024-03-26T08:57:15.697+0000] {processor.py:840} INFO - DAG(s) 'example_local_kubernetes_executor' retrieved from /home/airflow/.local/lib/python3.8/site-packages/airflow/example_dags/example_local_kubernetes_executor.py
[2024-03-26T08:57:15.725+0000] {logging_mixin.py:188} INFO - [2024-03-26T08:57:15.724+0000] {dag.py:3036} INFO - Sync 1 DAGs
[2024-03-26T08:57:15.735+0000] {logging_mixin.py:188} INFO - [2024-03-26T08:57:15.735+0000] {dag.py:3823} INFO - Setting next_dagrun for example_local_kubernetes_executor to None, run_after=None
[2024-03-26T08:57:15.751+0000] {processor.py:183} INFO - Processing /home/airflow/.local/lib/python3.8/site-packages/airflow/example_dags/example_local_kubernetes_executor.py took 0.064 seconds
[2024-03-26T08:57:46.077+0000] {processor.py:161} INFO - Started process (PID=548) to work on /home/airflow/.local/lib/python3.8/site-packages/airflow/example_dags/example_local_kubernetes_executor.py
[2024-03-26T08:57:46.078+0000] {processor.py:830} INFO - Processing file /home/airflow/.local/lib/python3.8/site-packages/airflow/example_dags/example_local_kubernetes_executor.py for tasks to queue
[2024-03-26T08:57:46.080+0000] {logging_mixin.py:188} INFO - [2024-03-26T08:57:46.079+0000] {dagbag.py:538} INFO - Filling up the DagBag from /home/airflow/.local/lib/python3.8/site-packages/airflow/example_dags/example_local_kubernetes_executor.py
[2024-03-26T08:57:46.086+0000] {processor.py:840} INFO - DAG(s) 'example_local_kubernetes_executor' retrieved from /home/airflow/.local/lib/python3.8/site-packages/airflow/example_dags/example_local_kubernetes_executor.py
[2024-03-26T08:57:46.115+0000] {logging_mixin.py:188} INFO - [2024-03-26T08:57:46.114+0000] {dag.py:3036} INFO - Sync 1 DAGs
[2024-03-26T08:57:46.129+0000] {logging_mixin.py:188} INFO - [2024-03-26T08:57:46.129+0000] {dag.py:3823} INFO - Setting next_dagrun for example_local_kubernetes_executor to None, run_after=None
[2024-03-26T08:57:46.150+0000] {processor.py:183} INFO - Processing /home/airflow/.local/lib/python3.8/site-packages/airflow/example_dags/example_local_kubernetes_executor.py took 0.075 seconds
[2024-03-26T08:58:16.505+0000] {processor.py:161} INFO - Started process (PID=604) to work on /home/airflow/.local/lib/python3.8/site-packages/airflow/example_dags/example_local_kubernetes_executor.py
[2024-03-26T08:58:16.506+0000] {processor.py:830} INFO - Processing file /home/airflow/.local/lib/python3.8/site-packages/airflow/example_dags/example_local_kubernetes_executor.py for tasks to queue
[2024-03-26T08:58:16.508+0000] {logging_mixin.py:188} INFO - [2024-03-26T08:58:16.507+0000] {dagbag.py:538} INFO - Filling up the DagBag from /home/airflow/.local/lib/python3.8/site-packages/airflow/example_dags/example_local_kubernetes_executor.py
[2024-03-26T08:58:16.513+0000] {processor.py:840} INFO - DAG(s) 'example_local_kubernetes_executor' retrieved from /home/airflow/.local/lib/python3.8/site-packages/airflow/example_dags/example_local_kubernetes_executor.py
[2024-03-26T08:58:16.538+0000] {logging_mixin.py:188} INFO - [2024-03-26T08:58:16.538+0000] {dag.py:3036} INFO - Sync 1 DAGs
[2024-03-26T08:58:16.549+0000] {logging_mixin.py:188} INFO - [2024-03-26T08:58:16.549+0000] {dag.py:3823} INFO - Setting next_dagrun for example_local_kubernetes_executor to None, run_after=None
[2024-03-26T08:58:16.566+0000] {processor.py:183} INFO - Processing /home/airflow/.local/lib/python3.8/site-packages/airflow/example_dags/example_local_kubernetes_executor.py took 0.063 seconds
[2024-03-26T08:58:47.131+0000] {processor.py:161} INFO - Started process (PID=660) to work on /home/airflow/.local/lib/python3.8/site-packages/airflow/example_dags/example_local_kubernetes_executor.py
[2024-03-26T08:58:47.132+0000] {processor.py:830} INFO - Processing file /home/airflow/.local/lib/python3.8/site-packages/airflow/example_dags/example_local_kubernetes_executor.py for tasks to queue
[2024-03-26T08:58:47.134+0000] {logging_mixin.py:188} INFO - [2024-03-26T08:58:47.133+0000] {dagbag.py:538} INFO - Filling up the DagBag from /home/airflow/.local/lib/python3.8/site-packages/airflow/example_dags/example_local_kubernetes_executor.py
[2024-03-26T08:58:47.139+0000] {processor.py:840} INFO - DAG(s) 'example_local_kubernetes_executor' retrieved from /home/airflow/.local/lib/python3.8/site-packages/airflow/example_dags/example_local_kubernetes_executor.py
[2024-03-26T08:58:47.164+0000] {logging_mixin.py:188} INFO - [2024-03-26T08:58:47.164+0000] {dag.py:3036} INFO - Sync 1 DAGs
[2024-03-26T08:58:47.174+0000] {logging_mixin.py:188} INFO - [2024-03-26T08:58:47.173+0000] {dag.py:3823} INFO - Setting next_dagrun for example_local_kubernetes_executor to None, run_after=None
[2024-03-26T08:58:47.191+0000] {processor.py:183} INFO - Processing /home/airflow/.local/lib/python3.8/site-packages/airflow/example_dags/example_local_kubernetes_executor.py took 0.062 seconds
[2024-03-26T09:07:40.013+0000] {processor.py:161} INFO - Started process (PID=44) to work on /home/airflow/.local/lib/python3.8/site-packages/airflow/example_dags/example_local_kubernetes_executor.py
[2024-03-26T09:07:40.014+0000] {processor.py:830} INFO - Processing file /home/airflow/.local/lib/python3.8/site-packages/airflow/example_dags/example_local_kubernetes_executor.py for tasks to queue
[2024-03-26T09:07:40.015+0000] {logging_mixin.py:188} INFO - [2024-03-26T09:07:40.015+0000] {dagbag.py:538} INFO - Filling up the DagBag from /home/airflow/.local/lib/python3.8/site-packages/airflow/example_dags/example_local_kubernetes_executor.py
[2024-03-26T09:07:40.027+0000] {processor.py:840} INFO - DAG(s) 'example_local_kubernetes_executor' retrieved from /home/airflow/.local/lib/python3.8/site-packages/airflow/example_dags/example_local_kubernetes_executor.py
[2024-03-26T09:07:40.040+0000] {logging_mixin.py:188} INFO - [2024-03-26T09:07:40.039+0000] {dag.py:3036} INFO - Sync 1 DAGs
[2024-03-26T09:07:40.055+0000] {logging_mixin.py:188} INFO - [2024-03-26T09:07:40.054+0000] {dag.py:3823} INFO - Setting next_dagrun for example_local_kubernetes_executor to None, run_after=None
[2024-03-26T09:07:40.074+0000] {processor.py:183} INFO - Processing /home/airflow/.local/lib/python3.8/site-packages/airflow/example_dags/example_local_kubernetes_executor.py took 0.064 seconds
[2024-03-26T09:08:10.169+0000] {processor.py:161} INFO - Started process (PID=101) to work on /home/airflow/.local/lib/python3.8/site-packages/airflow/example_dags/example_local_kubernetes_executor.py
[2024-03-26T09:08:10.169+0000] {processor.py:830} INFO - Processing file /home/airflow/.local/lib/python3.8/site-packages/airflow/example_dags/example_local_kubernetes_executor.py for tasks to queue
[2024-03-26T09:08:10.171+0000] {logging_mixin.py:188} INFO - [2024-03-26T09:08:10.170+0000] {dagbag.py:538} INFO - Filling up the DagBag from /home/airflow/.local/lib/python3.8/site-packages/airflow/example_dags/example_local_kubernetes_executor.py
[2024-03-26T09:08:10.176+0000] {processor.py:840} INFO - DAG(s) 'example_local_kubernetes_executor' retrieved from /home/airflow/.local/lib/python3.8/site-packages/airflow/example_dags/example_local_kubernetes_executor.py
[2024-03-26T09:08:10.265+0000] {logging_mixin.py:188} INFO - [2024-03-26T09:08:10.265+0000] {dag.py:3036} INFO - Sync 1 DAGs
[2024-03-26T09:08:10.274+0000] {logging_mixin.py:188} INFO - [2024-03-26T09:08:10.274+0000] {dag.py:3823} INFO - Setting next_dagrun for example_local_kubernetes_executor to None, run_after=None
[2024-03-26T09:08:10.288+0000] {processor.py:183} INFO - Processing /home/airflow/.local/lib/python3.8/site-packages/airflow/example_dags/example_local_kubernetes_executor.py took 0.122 seconds
[2024-03-26T09:08:40.764+0000] {processor.py:161} INFO - Started process (PID=158) to work on /home/airflow/.local/lib/python3.8/site-packages/airflow/example_dags/example_local_kubernetes_executor.py
[2024-03-26T09:08:40.765+0000] {processor.py:830} INFO - Processing file /home/airflow/.local/lib/python3.8/site-packages/airflow/example_dags/example_local_kubernetes_executor.py for tasks to queue
[2024-03-26T09:08:40.766+0000] {logging_mixin.py:188} INFO - [2024-03-26T09:08:40.766+0000] {dagbag.py:538} INFO - Filling up the DagBag from /home/airflow/.local/lib/python3.8/site-packages/airflow/example_dags/example_local_kubernetes_executor.py
[2024-03-26T09:08:40.771+0000] {processor.py:840} INFO - DAG(s) 'example_local_kubernetes_executor' retrieved from /home/airflow/.local/lib/python3.8/site-packages/airflow/example_dags/example_local_kubernetes_executor.py
[2024-03-26T09:08:40.796+0000] {logging_mixin.py:188} INFO - [2024-03-26T09:08:40.796+0000] {dag.py:3036} INFO - Sync 1 DAGs
[2024-03-26T09:08:40.807+0000] {logging_mixin.py:188} INFO - [2024-03-26T09:08:40.806+0000] {dag.py:3823} INFO - Setting next_dagrun for example_local_kubernetes_executor to None, run_after=None
[2024-03-26T09:08:40.824+0000] {processor.py:183} INFO - Processing /home/airflow/.local/lib/python3.8/site-packages/airflow/example_dags/example_local_kubernetes_executor.py took 0.062 seconds
[2024-03-26T09:09:10.926+0000] {processor.py:161} INFO - Started process (PID=215) to work on /home/airflow/.local/lib/python3.8/site-packages/airflow/example_dags/example_local_kubernetes_executor.py
[2024-03-26T09:09:10.927+0000] {processor.py:830} INFO - Processing file /home/airflow/.local/lib/python3.8/site-packages/airflow/example_dags/example_local_kubernetes_executor.py for tasks to queue
[2024-03-26T09:09:10.929+0000] {logging_mixin.py:188} INFO - [2024-03-26T09:09:10.928+0000] {dagbag.py:538} INFO - Filling up the DagBag from /home/airflow/.local/lib/python3.8/site-packages/airflow/example_dags/example_local_kubernetes_executor.py
[2024-03-26T09:09:10.934+0000] {processor.py:840} INFO - DAG(s) 'example_local_kubernetes_executor' retrieved from /home/airflow/.local/lib/python3.8/site-packages/airflow/example_dags/example_local_kubernetes_executor.py
[2024-03-26T09:09:10.961+0000] {logging_mixin.py:188} INFO - [2024-03-26T09:09:10.961+0000] {dag.py:3036} INFO - Sync 1 DAGs
[2024-03-26T09:09:10.972+0000] {logging_mixin.py:188} INFO - [2024-03-26T09:09:10.971+0000] {dag.py:3823} INFO - Setting next_dagrun for example_local_kubernetes_executor to None, run_after=None
[2024-03-26T09:09:10.988+0000] {processor.py:183} INFO - Processing /home/airflow/.local/lib/python3.8/site-packages/airflow/example_dags/example_local_kubernetes_executor.py took 0.064 seconds
[2024-03-26T09:09:41.365+0000] {processor.py:161} INFO - Started process (PID=272) to work on /home/airflow/.local/lib/python3.8/site-packages/airflow/example_dags/example_local_kubernetes_executor.py
[2024-03-26T09:09:41.366+0000] {processor.py:830} INFO - Processing file /home/airflow/.local/lib/python3.8/site-packages/airflow/example_dags/example_local_kubernetes_executor.py for tasks to queue
[2024-03-26T09:09:41.368+0000] {logging_mixin.py:188} INFO - [2024-03-26T09:09:41.367+0000] {dagbag.py:538} INFO - Filling up the DagBag from /home/airflow/.local/lib/python3.8/site-packages/airflow/example_dags/example_local_kubernetes_executor.py
[2024-03-26T09:09:41.373+0000] {processor.py:840} INFO - DAG(s) 'example_local_kubernetes_executor' retrieved from /home/airflow/.local/lib/python3.8/site-packages/airflow/example_dags/example_local_kubernetes_executor.py
[2024-03-26T09:09:41.402+0000] {logging_mixin.py:188} INFO - [2024-03-26T09:09:41.402+0000] {dag.py:3036} INFO - Sync 1 DAGs
[2024-03-26T09:09:41.414+0000] {logging_mixin.py:188} INFO - [2024-03-26T09:09:41.414+0000] {dag.py:3823} INFO - Setting next_dagrun for example_local_kubernetes_executor to None, run_after=None
[2024-03-26T09:09:41.433+0000] {processor.py:183} INFO - Processing /home/airflow/.local/lib/python3.8/site-packages/airflow/example_dags/example_local_kubernetes_executor.py took 0.070 seconds
[2024-03-26T09:10:11.957+0000] {processor.py:161} INFO - Started process (PID=329) to work on /home/airflow/.local/lib/python3.8/site-packages/airflow/example_dags/example_local_kubernetes_executor.py
[2024-03-26T09:10:11.958+0000] {processor.py:830} INFO - Processing file /home/airflow/.local/lib/python3.8/site-packages/airflow/example_dags/example_local_kubernetes_executor.py for tasks to queue
[2024-03-26T09:10:11.960+0000] {logging_mixin.py:188} INFO - [2024-03-26T09:10:11.959+0000] {dagbag.py:538} INFO - Filling up the DagBag from /home/airflow/.local/lib/python3.8/site-packages/airflow/example_dags/example_local_kubernetes_executor.py
[2024-03-26T09:10:11.964+0000] {processor.py:840} INFO - DAG(s) 'example_local_kubernetes_executor' retrieved from /home/airflow/.local/lib/python3.8/site-packages/airflow/example_dags/example_local_kubernetes_executor.py
[2024-03-26T09:10:11.990+0000] {logging_mixin.py:188} INFO - [2024-03-26T09:10:11.990+0000] {dag.py:3036} INFO - Sync 1 DAGs
[2024-03-26T09:10:12.000+0000] {logging_mixin.py:188} INFO - [2024-03-26T09:10:12.000+0000] {dag.py:3823} INFO - Setting next_dagrun for example_local_kubernetes_executor to None, run_after=None
[2024-03-26T09:10:12.016+0000] {processor.py:183} INFO - Processing /home/airflow/.local/lib/python3.8/site-packages/airflow/example_dags/example_local_kubernetes_executor.py took 0.061 seconds
[2024-03-26T09:50:55.796+0000] {processor.py:161} INFO - Started process (PID=44) to work on /home/airflow/.local/lib/python3.8/site-packages/airflow/example_dags/example_local_kubernetes_executor.py
[2024-03-26T09:50:55.797+0000] {processor.py:830} INFO - Processing file /home/airflow/.local/lib/python3.8/site-packages/airflow/example_dags/example_local_kubernetes_executor.py for tasks to queue
[2024-03-26T09:50:55.800+0000] {logging_mixin.py:188} INFO - [2024-03-26T09:50:55.799+0000] {dagbag.py:538} INFO - Filling up the DagBag from /home/airflow/.local/lib/python3.8/site-packages/airflow/example_dags/example_local_kubernetes_executor.py
[2024-03-26T09:50:55.815+0000] {processor.py:840} INFO - DAG(s) 'example_local_kubernetes_executor' retrieved from /home/airflow/.local/lib/python3.8/site-packages/airflow/example_dags/example_local_kubernetes_executor.py
[2024-03-26T09:50:55.830+0000] {logging_mixin.py:188} INFO - [2024-03-26T09:50:55.829+0000] {dag.py:3036} INFO - Sync 1 DAGs
[2024-03-26T09:50:55.847+0000] {logging_mixin.py:188} INFO - [2024-03-26T09:50:55.846+0000] {dag.py:3823} INFO - Setting next_dagrun for example_local_kubernetes_executor to None, run_after=None
[2024-03-26T09:50:55.873+0000] {processor.py:183} INFO - Processing /home/airflow/.local/lib/python3.8/site-packages/airflow/example_dags/example_local_kubernetes_executor.py took 0.080 seconds
[2024-03-26T09:51:26.175+0000] {processor.py:161} INFO - Started process (PID=100) to work on /home/airflow/.local/lib/python3.8/site-packages/airflow/example_dags/example_local_kubernetes_executor.py
[2024-03-26T09:51:26.176+0000] {processor.py:830} INFO - Processing file /home/airflow/.local/lib/python3.8/site-packages/airflow/example_dags/example_local_kubernetes_executor.py for tasks to queue
[2024-03-26T09:51:26.177+0000] {logging_mixin.py:188} INFO - [2024-03-26T09:51:26.177+0000] {dagbag.py:538} INFO - Filling up the DagBag from /home/airflow/.local/lib/python3.8/site-packages/airflow/example_dags/example_local_kubernetes_executor.py
[2024-03-26T09:51:26.183+0000] {processor.py:840} INFO - DAG(s) 'example_local_kubernetes_executor' retrieved from /home/airflow/.local/lib/python3.8/site-packages/airflow/example_dags/example_local_kubernetes_executor.py
[2024-03-26T09:51:26.336+0000] {logging_mixin.py:188} INFO - [2024-03-26T09:51:26.335+0000] {dag.py:3036} INFO - Sync 1 DAGs
[2024-03-26T09:51:26.345+0000] {logging_mixin.py:188} INFO - [2024-03-26T09:51:26.344+0000] {dag.py:3823} INFO - Setting next_dagrun for example_local_kubernetes_executor to None, run_after=None
[2024-03-26T09:51:26.363+0000] {processor.py:183} INFO - Processing /home/airflow/.local/lib/python3.8/site-packages/airflow/example_dags/example_local_kubernetes_executor.py took 0.191 seconds
[2024-03-26T09:51:56.674+0000] {processor.py:161} INFO - Started process (PID=157) to work on /home/airflow/.local/lib/python3.8/site-packages/airflow/example_dags/example_local_kubernetes_executor.py
[2024-03-26T09:51:56.675+0000] {processor.py:830} INFO - Processing file /home/airflow/.local/lib/python3.8/site-packages/airflow/example_dags/example_local_kubernetes_executor.py for tasks to queue
[2024-03-26T09:51:56.676+0000] {logging_mixin.py:188} INFO - [2024-03-26T09:51:56.676+0000] {dagbag.py:538} INFO - Filling up the DagBag from /home/airflow/.local/lib/python3.8/site-packages/airflow/example_dags/example_local_kubernetes_executor.py
[2024-03-26T09:51:56.682+0000] {processor.py:840} INFO - DAG(s) 'example_local_kubernetes_executor' retrieved from /home/airflow/.local/lib/python3.8/site-packages/airflow/example_dags/example_local_kubernetes_executor.py
[2024-03-26T09:51:56.707+0000] {logging_mixin.py:188} INFO - [2024-03-26T09:51:56.707+0000] {dag.py:3036} INFO - Sync 1 DAGs
[2024-03-26T09:51:56.718+0000] {logging_mixin.py:188} INFO - [2024-03-26T09:51:56.718+0000] {dag.py:3823} INFO - Setting next_dagrun for example_local_kubernetes_executor to None, run_after=None
[2024-03-26T09:51:56.735+0000] {processor.py:183} INFO - Processing /home/airflow/.local/lib/python3.8/site-packages/airflow/example_dags/example_local_kubernetes_executor.py took 0.064 seconds
[2024-03-26T09:52:27.303+0000] {processor.py:161} INFO - Started process (PID=214) to work on /home/airflow/.local/lib/python3.8/site-packages/airflow/example_dags/example_local_kubernetes_executor.py
[2024-03-26T09:52:27.304+0000] {processor.py:830} INFO - Processing file /home/airflow/.local/lib/python3.8/site-packages/airflow/example_dags/example_local_kubernetes_executor.py for tasks to queue
[2024-03-26T09:52:27.306+0000] {logging_mixin.py:188} INFO - [2024-03-26T09:52:27.306+0000] {dagbag.py:538} INFO - Filling up the DagBag from /home/airflow/.local/lib/python3.8/site-packages/airflow/example_dags/example_local_kubernetes_executor.py
[2024-03-26T09:52:27.312+0000] {processor.py:840} INFO - DAG(s) 'example_local_kubernetes_executor' retrieved from /home/airflow/.local/lib/python3.8/site-packages/airflow/example_dags/example_local_kubernetes_executor.py
[2024-03-26T09:52:27.339+0000] {logging_mixin.py:188} INFO - [2024-03-26T09:52:27.338+0000] {dag.py:3036} INFO - Sync 1 DAGs
[2024-03-26T09:52:27.349+0000] {logging_mixin.py:188} INFO - [2024-03-26T09:52:27.349+0000] {dag.py:3823} INFO - Setting next_dagrun for example_local_kubernetes_executor to None, run_after=None
[2024-03-26T09:52:27.367+0000] {processor.py:183} INFO - Processing /home/airflow/.local/lib/python3.8/site-packages/airflow/example_dags/example_local_kubernetes_executor.py took 0.066 seconds
[2024-03-26T09:52:57.432+0000] {processor.py:161} INFO - Started process (PID=271) to work on /home/airflow/.local/lib/python3.8/site-packages/airflow/example_dags/example_local_kubernetes_executor.py
[2024-03-26T09:52:57.433+0000] {processor.py:830} INFO - Processing file /home/airflow/.local/lib/python3.8/site-packages/airflow/example_dags/example_local_kubernetes_executor.py for tasks to queue
[2024-03-26T09:52:57.434+0000] {logging_mixin.py:188} INFO - [2024-03-26T09:52:57.434+0000] {dagbag.py:538} INFO - Filling up the DagBag from /home/airflow/.local/lib/python3.8/site-packages/airflow/example_dags/example_local_kubernetes_executor.py
[2024-03-26T09:52:57.439+0000] {processor.py:840} INFO - DAG(s) 'example_local_kubernetes_executor' retrieved from /home/airflow/.local/lib/python3.8/site-packages/airflow/example_dags/example_local_kubernetes_executor.py
[2024-03-26T09:52:57.465+0000] {logging_mixin.py:188} INFO - [2024-03-26T09:52:57.464+0000] {dag.py:3036} INFO - Sync 1 DAGs
[2024-03-26T09:52:57.474+0000] {logging_mixin.py:188} INFO - [2024-03-26T09:52:57.474+0000] {dag.py:3823} INFO - Setting next_dagrun for example_local_kubernetes_executor to None, run_after=None
[2024-03-26T09:52:57.490+0000] {processor.py:183} INFO - Processing /home/airflow/.local/lib/python3.8/site-packages/airflow/example_dags/example_local_kubernetes_executor.py took 0.060 seconds
[2024-03-26T09:53:27.832+0000] {processor.py:161} INFO - Started process (PID=328) to work on /home/airflow/.local/lib/python3.8/site-packages/airflow/example_dags/example_local_kubernetes_executor.py
[2024-03-26T09:53:27.833+0000] {processor.py:830} INFO - Processing file /home/airflow/.local/lib/python3.8/site-packages/airflow/example_dags/example_local_kubernetes_executor.py for tasks to queue
[2024-03-26T09:53:27.835+0000] {logging_mixin.py:188} INFO - [2024-03-26T09:53:27.835+0000] {dagbag.py:538} INFO - Filling up the DagBag from /home/airflow/.local/lib/python3.8/site-packages/airflow/example_dags/example_local_kubernetes_executor.py
[2024-03-26T09:53:27.840+0000] {processor.py:840} INFO - DAG(s) 'example_local_kubernetes_executor' retrieved from /home/airflow/.local/lib/python3.8/site-packages/airflow/example_dags/example_local_kubernetes_executor.py
[2024-03-26T09:53:27.865+0000] {logging_mixin.py:188} INFO - [2024-03-26T09:53:27.865+0000] {dag.py:3036} INFO - Sync 1 DAGs
[2024-03-26T09:53:27.875+0000] {logging_mixin.py:188} INFO - [2024-03-26T09:53:27.875+0000] {dag.py:3823} INFO - Setting next_dagrun for example_local_kubernetes_executor to None, run_after=None
[2024-03-26T09:53:27.890+0000] {processor.py:183} INFO - Processing /home/airflow/.local/lib/python3.8/site-packages/airflow/example_dags/example_local_kubernetes_executor.py took 0.060 seconds
[2024-03-26T09:53:57.955+0000] {processor.py:161} INFO - Started process (PID=385) to work on /home/airflow/.local/lib/python3.8/site-packages/airflow/example_dags/example_local_kubernetes_executor.py
[2024-03-26T09:53:57.956+0000] {processor.py:830} INFO - Processing file /home/airflow/.local/lib/python3.8/site-packages/airflow/example_dags/example_local_kubernetes_executor.py for tasks to queue
[2024-03-26T09:53:57.957+0000] {logging_mixin.py:188} INFO - [2024-03-26T09:53:57.957+0000] {dagbag.py:538} INFO - Filling up the DagBag from /home/airflow/.local/lib/python3.8/site-packages/airflow/example_dags/example_local_kubernetes_executor.py
[2024-03-26T09:53:57.962+0000] {processor.py:840} INFO - DAG(s) 'example_local_kubernetes_executor' retrieved from /home/airflow/.local/lib/python3.8/site-packages/airflow/example_dags/example_local_kubernetes_executor.py
[2024-03-26T09:53:57.987+0000] {logging_mixin.py:188} INFO - [2024-03-26T09:53:57.987+0000] {dag.py:3036} INFO - Sync 1 DAGs
[2024-03-26T09:53:57.997+0000] {logging_mixin.py:188} INFO - [2024-03-26T09:53:57.997+0000] {dag.py:3823} INFO - Setting next_dagrun for example_local_kubernetes_executor to None, run_after=None
[2024-03-26T09:53:58.012+0000] {processor.py:183} INFO - Processing /home/airflow/.local/lib/python3.8/site-packages/airflow/example_dags/example_local_kubernetes_executor.py took 0.059 seconds
[2024-03-26T09:54:28.425+0000] {processor.py:161} INFO - Started process (PID=442) to work on /home/airflow/.local/lib/python3.8/site-packages/airflow/example_dags/example_local_kubernetes_executor.py
[2024-03-26T09:54:28.426+0000] {processor.py:830} INFO - Processing file /home/airflow/.local/lib/python3.8/site-packages/airflow/example_dags/example_local_kubernetes_executor.py for tasks to queue
[2024-03-26T09:54:28.427+0000] {logging_mixin.py:188} INFO - [2024-03-26T09:54:28.427+0000] {dagbag.py:538} INFO - Filling up the DagBag from /home/airflow/.local/lib/python3.8/site-packages/airflow/example_dags/example_local_kubernetes_executor.py
[2024-03-26T09:54:28.433+0000] {processor.py:840} INFO - DAG(s) 'example_local_kubernetes_executor' retrieved from /home/airflow/.local/lib/python3.8/site-packages/airflow/example_dags/example_local_kubernetes_executor.py
[2024-03-26T09:54:28.458+0000] {logging_mixin.py:188} INFO - [2024-03-26T09:54:28.458+0000] {dag.py:3036} INFO - Sync 1 DAGs
[2024-03-26T09:54:28.468+0000] {logging_mixin.py:188} INFO - [2024-03-26T09:54:28.468+0000] {dag.py:3823} INFO - Setting next_dagrun for example_local_kubernetes_executor to None, run_after=None
[2024-03-26T09:54:28.485+0000] {processor.py:183} INFO - Processing /home/airflow/.local/lib/python3.8/site-packages/airflow/example_dags/example_local_kubernetes_executor.py took 0.062 seconds
[2024-03-26T09:54:58.988+0000] {processor.py:161} INFO - Started process (PID=499) to work on /home/airflow/.local/lib/python3.8/site-packages/airflow/example_dags/example_local_kubernetes_executor.py
[2024-03-26T09:54:58.990+0000] {processor.py:830} INFO - Processing file /home/airflow/.local/lib/python3.8/site-packages/airflow/example_dags/example_local_kubernetes_executor.py for tasks to queue
[2024-03-26T09:54:58.991+0000] {logging_mixin.py:188} INFO - [2024-03-26T09:54:58.991+0000] {dagbag.py:538} INFO - Filling up the DagBag from /home/airflow/.local/lib/python3.8/site-packages/airflow/example_dags/example_local_kubernetes_executor.py
[2024-03-26T09:54:58.996+0000] {processor.py:840} INFO - DAG(s) 'example_local_kubernetes_executor' retrieved from /home/airflow/.local/lib/python3.8/site-packages/airflow/example_dags/example_local_kubernetes_executor.py
[2024-03-26T09:54:59.022+0000] {logging_mixin.py:188} INFO - [2024-03-26T09:54:59.022+0000] {dag.py:3036} INFO - Sync 1 DAGs
[2024-03-26T09:54:59.033+0000] {logging_mixin.py:188} INFO - [2024-03-26T09:54:59.033+0000] {dag.py:3823} INFO - Setting next_dagrun for example_local_kubernetes_executor to None, run_after=None
[2024-03-26T09:54:59.050+0000] {processor.py:183} INFO - Processing /home/airflow/.local/lib/python3.8/site-packages/airflow/example_dags/example_local_kubernetes_executor.py took 0.064 seconds
[2024-03-26T09:55:29.658+0000] {processor.py:161} INFO - Started process (PID=556) to work on /home/airflow/.local/lib/python3.8/site-packages/airflow/example_dags/example_local_kubernetes_executor.py
[2024-03-26T09:55:29.659+0000] {processor.py:830} INFO - Processing file /home/airflow/.local/lib/python3.8/site-packages/airflow/example_dags/example_local_kubernetes_executor.py for tasks to queue
[2024-03-26T09:55:29.660+0000] {logging_mixin.py:188} INFO - [2024-03-26T09:55:29.660+0000] {dagbag.py:538} INFO - Filling up the DagBag from /home/airflow/.local/lib/python3.8/site-packages/airflow/example_dags/example_local_kubernetes_executor.py
[2024-03-26T09:55:29.665+0000] {processor.py:840} INFO - DAG(s) 'example_local_kubernetes_executor' retrieved from /home/airflow/.local/lib/python3.8/site-packages/airflow/example_dags/example_local_kubernetes_executor.py
[2024-03-26T09:55:29.693+0000] {logging_mixin.py:188} INFO - [2024-03-26T09:55:29.693+0000] {dag.py:3036} INFO - Sync 1 DAGs
[2024-03-26T09:55:29.704+0000] {logging_mixin.py:188} INFO - [2024-03-26T09:55:29.703+0000] {dag.py:3823} INFO - Setting next_dagrun for example_local_kubernetes_executor to None, run_after=None
[2024-03-26T09:55:29.721+0000] {processor.py:183} INFO - Processing /home/airflow/.local/lib/python3.8/site-packages/airflow/example_dags/example_local_kubernetes_executor.py took 0.066 seconds
[2024-03-26T09:56:00.133+0000] {processor.py:161} INFO - Started process (PID=613) to work on /home/airflow/.local/lib/python3.8/site-packages/airflow/example_dags/example_local_kubernetes_executor.py
[2024-03-26T09:56:00.134+0000] {processor.py:830} INFO - Processing file /home/airflow/.local/lib/python3.8/site-packages/airflow/example_dags/example_local_kubernetes_executor.py for tasks to queue
[2024-03-26T09:56:00.135+0000] {logging_mixin.py:188} INFO - [2024-03-26T09:56:00.135+0000] {dagbag.py:538} INFO - Filling up the DagBag from /home/airflow/.local/lib/python3.8/site-packages/airflow/example_dags/example_local_kubernetes_executor.py
[2024-03-26T09:56:00.140+0000] {processor.py:840} INFO - DAG(s) 'example_local_kubernetes_executor' retrieved from /home/airflow/.local/lib/python3.8/site-packages/airflow/example_dags/example_local_kubernetes_executor.py
[2024-03-26T09:56:00.172+0000] {logging_mixin.py:188} INFO - [2024-03-26T09:56:00.171+0000] {dag.py:3036} INFO - Sync 1 DAGs
[2024-03-26T09:56:00.181+0000] {logging_mixin.py:188} INFO - [2024-03-26T09:56:00.181+0000] {dag.py:3823} INFO - Setting next_dagrun for example_local_kubernetes_executor to None, run_after=None
[2024-03-26T09:56:00.196+0000] {processor.py:183} INFO - Processing /home/airflow/.local/lib/python3.8/site-packages/airflow/example_dags/example_local_kubernetes_executor.py took 0.065 seconds
[2024-03-26T09:57:45.559+0000] {processor.py:161} INFO - Started process (PID=44) to work on /home/airflow/.local/lib/python3.8/site-packages/airflow/example_dags/example_local_kubernetes_executor.py
[2024-03-26T09:57:45.560+0000] {processor.py:830} INFO - Processing file /home/airflow/.local/lib/python3.8/site-packages/airflow/example_dags/example_local_kubernetes_executor.py for tasks to queue
[2024-03-26T09:57:45.563+0000] {logging_mixin.py:188} INFO - [2024-03-26T09:57:45.562+0000] {dagbag.py:538} INFO - Filling up the DagBag from /home/airflow/.local/lib/python3.8/site-packages/airflow/example_dags/example_local_kubernetes_executor.py
[2024-03-26T09:57:45.573+0000] {processor.py:840} INFO - DAG(s) 'example_local_kubernetes_executor' retrieved from /home/airflow/.local/lib/python3.8/site-packages/airflow/example_dags/example_local_kubernetes_executor.py
[2024-03-26T09:57:45.585+0000] {logging_mixin.py:188} INFO - [2024-03-26T09:57:45.585+0000] {dag.py:3036} INFO - Sync 1 DAGs
[2024-03-26T09:57:45.597+0000] {logging_mixin.py:188} INFO - [2024-03-26T09:57:45.597+0000] {dag.py:3823} INFO - Setting next_dagrun for example_local_kubernetes_executor to None, run_after=None
[2024-03-26T09:57:45.620+0000] {processor.py:183} INFO - Processing /home/airflow/.local/lib/python3.8/site-packages/airflow/example_dags/example_local_kubernetes_executor.py took 0.064 seconds
[2024-03-26T09:58:15.856+0000] {processor.py:161} INFO - Started process (PID=100) to work on /home/airflow/.local/lib/python3.8/site-packages/airflow/example_dags/example_local_kubernetes_executor.py
[2024-03-26T09:58:15.857+0000] {processor.py:830} INFO - Processing file /home/airflow/.local/lib/python3.8/site-packages/airflow/example_dags/example_local_kubernetes_executor.py for tasks to queue
[2024-03-26T09:58:15.859+0000] {logging_mixin.py:188} INFO - [2024-03-26T09:58:15.858+0000] {dagbag.py:538} INFO - Filling up the DagBag from /home/airflow/.local/lib/python3.8/site-packages/airflow/example_dags/example_local_kubernetes_executor.py
[2024-03-26T09:58:15.865+0000] {processor.py:840} INFO - DAG(s) 'example_local_kubernetes_executor' retrieved from /home/airflow/.local/lib/python3.8/site-packages/airflow/example_dags/example_local_kubernetes_executor.py
[2024-03-26T09:58:16.026+0000] {logging_mixin.py:188} INFO - [2024-03-26T09:58:16.026+0000] {dag.py:3036} INFO - Sync 1 DAGs
[2024-03-26T09:58:16.036+0000] {logging_mixin.py:188} INFO - [2024-03-26T09:58:16.035+0000] {dag.py:3823} INFO - Setting next_dagrun for example_local_kubernetes_executor to None, run_after=None
[2024-03-26T09:58:16.056+0000] {processor.py:183} INFO - Processing /home/airflow/.local/lib/python3.8/site-packages/airflow/example_dags/example_local_kubernetes_executor.py took 0.201 seconds
[2024-03-26T09:58:46.457+0000] {processor.py:161} INFO - Started process (PID=157) to work on /home/airflow/.local/lib/python3.8/site-packages/airflow/example_dags/example_local_kubernetes_executor.py
[2024-03-26T09:58:46.458+0000] {processor.py:830} INFO - Processing file /home/airflow/.local/lib/python3.8/site-packages/airflow/example_dags/example_local_kubernetes_executor.py for tasks to queue
[2024-03-26T09:58:46.460+0000] {logging_mixin.py:188} INFO - [2024-03-26T09:58:46.460+0000] {dagbag.py:538} INFO - Filling up the DagBag from /home/airflow/.local/lib/python3.8/site-packages/airflow/example_dags/example_local_kubernetes_executor.py
[2024-03-26T09:58:46.466+0000] {processor.py:840} INFO - DAG(s) 'example_local_kubernetes_executor' retrieved from /home/airflow/.local/lib/python3.8/site-packages/airflow/example_dags/example_local_kubernetes_executor.py
[2024-03-26T09:58:46.493+0000] {logging_mixin.py:188} INFO - [2024-03-26T09:58:46.493+0000] {dag.py:3036} INFO - Sync 1 DAGs
[2024-03-26T09:58:46.505+0000] {logging_mixin.py:188} INFO - [2024-03-26T09:58:46.505+0000] {dag.py:3823} INFO - Setting next_dagrun for example_local_kubernetes_executor to None, run_after=None
[2024-03-26T09:58:46.523+0000] {processor.py:183} INFO - Processing /home/airflow/.local/lib/python3.8/site-packages/airflow/example_dags/example_local_kubernetes_executor.py took 0.069 seconds
[2024-03-26T10:11:02.341+0000] {processor.py:161} INFO - Started process (PID=44) to work on /home/airflow/.local/lib/python3.8/site-packages/airflow/example_dags/example_local_kubernetes_executor.py
[2024-03-26T10:11:02.342+0000] {processor.py:830} INFO - Processing file /home/airflow/.local/lib/python3.8/site-packages/airflow/example_dags/example_local_kubernetes_executor.py for tasks to queue
[2024-03-26T10:11:02.344+0000] {logging_mixin.py:188} INFO - [2024-03-26T10:11:02.344+0000] {dagbag.py:538} INFO - Filling up the DagBag from /home/airflow/.local/lib/python3.8/site-packages/airflow/example_dags/example_local_kubernetes_executor.py
[2024-03-26T10:11:02.354+0000] {processor.py:840} INFO - DAG(s) 'example_local_kubernetes_executor' retrieved from /home/airflow/.local/lib/python3.8/site-packages/airflow/example_dags/example_local_kubernetes_executor.py
[2024-03-26T10:11:02.365+0000] {logging_mixin.py:188} INFO - [2024-03-26T10:11:02.365+0000] {dag.py:3036} INFO - Sync 1 DAGs
[2024-03-26T10:11:02.379+0000] {logging_mixin.py:188} INFO - [2024-03-26T10:11:02.379+0000] {dag.py:3823} INFO - Setting next_dagrun for example_local_kubernetes_executor to None, run_after=None
[2024-03-26T10:11:02.403+0000] {processor.py:183} INFO - Processing /home/airflow/.local/lib/python3.8/site-packages/airflow/example_dags/example_local_kubernetes_executor.py took 0.064 seconds
[2024-03-26T10:11:33.248+0000] {processor.py:161} INFO - Started process (PID=100) to work on /home/airflow/.local/lib/python3.8/site-packages/airflow/example_dags/example_local_kubernetes_executor.py
[2024-03-26T10:11:33.249+0000] {processor.py:830} INFO - Processing file /home/airflow/.local/lib/python3.8/site-packages/airflow/example_dags/example_local_kubernetes_executor.py for tasks to queue
[2024-03-26T10:11:33.251+0000] {logging_mixin.py:188} INFO - [2024-03-26T10:11:33.251+0000] {dagbag.py:538} INFO - Filling up the DagBag from /home/airflow/.local/lib/python3.8/site-packages/airflow/example_dags/example_local_kubernetes_executor.py
[2024-03-26T10:11:33.256+0000] {processor.py:840} INFO - DAG(s) 'example_local_kubernetes_executor' retrieved from /home/airflow/.local/lib/python3.8/site-packages/airflow/example_dags/example_local_kubernetes_executor.py
[2024-03-26T10:11:33.353+0000] {logging_mixin.py:188} INFO - [2024-03-26T10:11:33.353+0000] {dag.py:3036} INFO - Sync 1 DAGs
[2024-03-26T10:11:33.362+0000] {logging_mixin.py:188} INFO - [2024-03-26T10:11:33.361+0000] {dag.py:3823} INFO - Setting next_dagrun for example_local_kubernetes_executor to None, run_after=None
[2024-03-26T10:11:33.385+0000] {processor.py:183} INFO - Processing /home/airflow/.local/lib/python3.8/site-packages/airflow/example_dags/example_local_kubernetes_executor.py took 0.139 seconds
[2024-03-26T10:12:48.223+0000] {processor.py:161} INFO - Started process (PID=44) to work on /home/airflow/.local/lib/python3.8/site-packages/airflow/example_dags/example_local_kubernetes_executor.py
[2024-03-26T10:12:48.224+0000] {processor.py:830} INFO - Processing file /home/airflow/.local/lib/python3.8/site-packages/airflow/example_dags/example_local_kubernetes_executor.py for tasks to queue
[2024-03-26T10:12:48.226+0000] {logging_mixin.py:188} INFO - [2024-03-26T10:12:48.226+0000] {dagbag.py:538} INFO - Filling up the DagBag from /home/airflow/.local/lib/python3.8/site-packages/airflow/example_dags/example_local_kubernetes_executor.py
[2024-03-26T10:12:48.234+0000] {processor.py:840} INFO - DAG(s) 'example_local_kubernetes_executor' retrieved from /home/airflow/.local/lib/python3.8/site-packages/airflow/example_dags/example_local_kubernetes_executor.py
[2024-03-26T10:12:48.244+0000] {logging_mixin.py:188} INFO - [2024-03-26T10:12:48.244+0000] {dag.py:3036} INFO - Sync 1 DAGs
[2024-03-26T10:12:48.256+0000] {logging_mixin.py:188} INFO - [2024-03-26T10:12:48.256+0000] {dag.py:3823} INFO - Setting next_dagrun for example_local_kubernetes_executor to None, run_after=None
[2024-03-26T10:12:48.276+0000] {processor.py:183} INFO - Processing /home/airflow/.local/lib/python3.8/site-packages/airflow/example_dags/example_local_kubernetes_executor.py took 0.055 seconds
[2024-03-26T10:13:18.349+0000] {processor.py:161} INFO - Started process (PID=100) to work on /home/airflow/.local/lib/python3.8/site-packages/airflow/example_dags/example_local_kubernetes_executor.py
[2024-03-26T10:13:18.350+0000] {processor.py:830} INFO - Processing file /home/airflow/.local/lib/python3.8/site-packages/airflow/example_dags/example_local_kubernetes_executor.py for tasks to queue
[2024-03-26T10:13:18.351+0000] {logging_mixin.py:188} INFO - [2024-03-26T10:13:18.351+0000] {dagbag.py:538} INFO - Filling up the DagBag from /home/airflow/.local/lib/python3.8/site-packages/airflow/example_dags/example_local_kubernetes_executor.py
[2024-03-26T10:13:18.356+0000] {processor.py:840} INFO - DAG(s) 'example_local_kubernetes_executor' retrieved from /home/airflow/.local/lib/python3.8/site-packages/airflow/example_dags/example_local_kubernetes_executor.py
[2024-03-26T10:13:18.451+0000] {logging_mixin.py:188} INFO - [2024-03-26T10:13:18.451+0000] {dag.py:3036} INFO - Sync 1 DAGs
[2024-03-26T10:13:18.461+0000] {logging_mixin.py:188} INFO - [2024-03-26T10:13:18.460+0000] {dag.py:3823} INFO - Setting next_dagrun for example_local_kubernetes_executor to None, run_after=None
[2024-03-26T10:13:18.478+0000] {processor.py:183} INFO - Processing /home/airflow/.local/lib/python3.8/site-packages/airflow/example_dags/example_local_kubernetes_executor.py took 0.131 seconds
[2024-03-26T10:13:48.753+0000] {processor.py:161} INFO - Started process (PID=157) to work on /home/airflow/.local/lib/python3.8/site-packages/airflow/example_dags/example_local_kubernetes_executor.py
[2024-03-26T10:13:48.754+0000] {processor.py:830} INFO - Processing file /home/airflow/.local/lib/python3.8/site-packages/airflow/example_dags/example_local_kubernetes_executor.py for tasks to queue
[2024-03-26T10:13:48.755+0000] {logging_mixin.py:188} INFO - [2024-03-26T10:13:48.755+0000] {dagbag.py:538} INFO - Filling up the DagBag from /home/airflow/.local/lib/python3.8/site-packages/airflow/example_dags/example_local_kubernetes_executor.py
[2024-03-26T10:13:48.760+0000] {processor.py:840} INFO - DAG(s) 'example_local_kubernetes_executor' retrieved from /home/airflow/.local/lib/python3.8/site-packages/airflow/example_dags/example_local_kubernetes_executor.py
[2024-03-26T10:13:48.785+0000] {logging_mixin.py:188} INFO - [2024-03-26T10:13:48.785+0000] {dag.py:3036} INFO - Sync 1 DAGs
[2024-03-26T10:13:48.795+0000] {logging_mixin.py:188} INFO - [2024-03-26T10:13:48.794+0000] {dag.py:3823} INFO - Setting next_dagrun for example_local_kubernetes_executor to None, run_after=None
[2024-03-26T10:13:48.813+0000] {processor.py:183} INFO - Processing /home/airflow/.local/lib/python3.8/site-packages/airflow/example_dags/example_local_kubernetes_executor.py took 0.061 seconds
[2024-03-26T10:14:18.867+0000] {processor.py:161} INFO - Started process (PID=214) to work on /home/airflow/.local/lib/python3.8/site-packages/airflow/example_dags/example_local_kubernetes_executor.py
[2024-03-26T10:14:18.868+0000] {processor.py:830} INFO - Processing file /home/airflow/.local/lib/python3.8/site-packages/airflow/example_dags/example_local_kubernetes_executor.py for tasks to queue
[2024-03-26T10:14:18.870+0000] {logging_mixin.py:188} INFO - [2024-03-26T10:14:18.869+0000] {dagbag.py:538} INFO - Filling up the DagBag from /home/airflow/.local/lib/python3.8/site-packages/airflow/example_dags/example_local_kubernetes_executor.py
[2024-03-26T10:14:18.875+0000] {processor.py:840} INFO - DAG(s) 'example_local_kubernetes_executor' retrieved from /home/airflow/.local/lib/python3.8/site-packages/airflow/example_dags/example_local_kubernetes_executor.py
[2024-03-26T10:14:18.903+0000] {logging_mixin.py:188} INFO - [2024-03-26T10:14:18.902+0000] {dag.py:3036} INFO - Sync 1 DAGs
[2024-03-26T10:14:18.913+0000] {logging_mixin.py:188} INFO - [2024-03-26T10:14:18.913+0000] {dag.py:3823} INFO - Setting next_dagrun for example_local_kubernetes_executor to None, run_after=None
[2024-03-26T10:14:18.931+0000] {processor.py:183} INFO - Processing /home/airflow/.local/lib/python3.8/site-packages/airflow/example_dags/example_local_kubernetes_executor.py took 0.065 seconds
[2024-03-26T10:15:14.219+0000] {processor.py:161} INFO - Started process (PID=44) to work on /home/airflow/.local/lib/python3.8/site-packages/airflow/example_dags/example_local_kubernetes_executor.py
[2024-03-26T10:15:14.220+0000] {processor.py:830} INFO - Processing file /home/airflow/.local/lib/python3.8/site-packages/airflow/example_dags/example_local_kubernetes_executor.py for tasks to queue
[2024-03-26T10:15:14.222+0000] {logging_mixin.py:188} INFO - [2024-03-26T10:15:14.222+0000] {dagbag.py:538} INFO - Filling up the DagBag from /home/airflow/.local/lib/python3.8/site-packages/airflow/example_dags/example_local_kubernetes_executor.py
[2024-03-26T10:15:14.230+0000] {processor.py:840} INFO - DAG(s) 'example_local_kubernetes_executor' retrieved from /home/airflow/.local/lib/python3.8/site-packages/airflow/example_dags/example_local_kubernetes_executor.py
[2024-03-26T10:15:14.242+0000] {logging_mixin.py:188} INFO - [2024-03-26T10:15:14.241+0000] {dag.py:3036} INFO - Sync 1 DAGs
[2024-03-26T10:15:14.255+0000] {logging_mixin.py:188} INFO - [2024-03-26T10:15:14.255+0000] {dag.py:3823} INFO - Setting next_dagrun for example_local_kubernetes_executor to None, run_after=None
[2024-03-26T10:15:14.280+0000] {processor.py:183} INFO - Processing /home/airflow/.local/lib/python3.8/site-packages/airflow/example_dags/example_local_kubernetes_executor.py took 0.064 seconds
[2024-03-26T10:15:44.462+0000] {processor.py:161} INFO - Started process (PID=100) to work on /home/airflow/.local/lib/python3.8/site-packages/airflow/example_dags/example_local_kubernetes_executor.py
[2024-03-26T10:15:44.464+0000] {processor.py:830} INFO - Processing file /home/airflow/.local/lib/python3.8/site-packages/airflow/example_dags/example_local_kubernetes_executor.py for tasks to queue
[2024-03-26T10:15:44.466+0000] {logging_mixin.py:188} INFO - [2024-03-26T10:15:44.466+0000] {dagbag.py:538} INFO - Filling up the DagBag from /home/airflow/.local/lib/python3.8/site-packages/airflow/example_dags/example_local_kubernetes_executor.py
[2024-03-26T10:15:44.473+0000] {processor.py:840} INFO - DAG(s) 'example_local_kubernetes_executor' retrieved from /home/airflow/.local/lib/python3.8/site-packages/airflow/example_dags/example_local_kubernetes_executor.py
[2024-03-26T10:15:44.575+0000] {logging_mixin.py:188} INFO - [2024-03-26T10:15:44.575+0000] {dag.py:3036} INFO - Sync 1 DAGs
[2024-03-26T10:15:44.585+0000] {logging_mixin.py:188} INFO - [2024-03-26T10:15:44.585+0000] {dag.py:3823} INFO - Setting next_dagrun for example_local_kubernetes_executor to None, run_after=None
[2024-03-26T10:15:44.604+0000] {processor.py:183} INFO - Processing /home/airflow/.local/lib/python3.8/site-packages/airflow/example_dags/example_local_kubernetes_executor.py took 0.146 seconds
[2024-03-26T10:17:20.961+0000] {processor.py:161} INFO - Started process (PID=44) to work on /home/airflow/.local/lib/python3.8/site-packages/airflow/example_dags/example_local_kubernetes_executor.py
[2024-03-26T10:17:20.962+0000] {processor.py:830} INFO - Processing file /home/airflow/.local/lib/python3.8/site-packages/airflow/example_dags/example_local_kubernetes_executor.py for tasks to queue
[2024-03-26T10:17:20.964+0000] {logging_mixin.py:188} INFO - [2024-03-26T10:17:20.964+0000] {dagbag.py:538} INFO - Filling up the DagBag from /home/airflow/.local/lib/python3.8/site-packages/airflow/example_dags/example_local_kubernetes_executor.py
[2024-03-26T10:17:20.979+0000] {processor.py:840} INFO - DAG(s) 'example_local_kubernetes_executor' retrieved from /home/airflow/.local/lib/python3.8/site-packages/airflow/example_dags/example_local_kubernetes_executor.py
[2024-03-26T10:17:20.992+0000] {logging_mixin.py:188} INFO - [2024-03-26T10:17:20.991+0000] {dag.py:3036} INFO - Sync 1 DAGs
[2024-03-26T10:17:21.010+0000] {logging_mixin.py:188} INFO - [2024-03-26T10:17:21.009+0000] {dag.py:3823} INFO - Setting next_dagrun for example_local_kubernetes_executor to None, run_after=None
[2024-03-26T10:17:21.050+0000] {processor.py:183} INFO - Processing /home/airflow/.local/lib/python3.8/site-packages/airflow/example_dags/example_local_kubernetes_executor.py took 0.092 seconds
[2024-03-26T10:17:51.637+0000] {processor.py:161} INFO - Started process (PID=100) to work on /home/airflow/.local/lib/python3.8/site-packages/airflow/example_dags/example_local_kubernetes_executor.py
[2024-03-26T10:17:51.638+0000] {processor.py:830} INFO - Processing file /home/airflow/.local/lib/python3.8/site-packages/airflow/example_dags/example_local_kubernetes_executor.py for tasks to queue
[2024-03-26T10:17:51.639+0000] {logging_mixin.py:188} INFO - [2024-03-26T10:17:51.639+0000] {dagbag.py:538} INFO - Filling up the DagBag from /home/airflow/.local/lib/python3.8/site-packages/airflow/example_dags/example_local_kubernetes_executor.py
[2024-03-26T10:17:51.645+0000] {processor.py:840} INFO - DAG(s) 'example_local_kubernetes_executor' retrieved from /home/airflow/.local/lib/python3.8/site-packages/airflow/example_dags/example_local_kubernetes_executor.py
[2024-03-26T10:17:51.802+0000] {logging_mixin.py:188} INFO - [2024-03-26T10:17:51.802+0000] {dag.py:3036} INFO - Sync 1 DAGs
[2024-03-26T10:17:51.811+0000] {logging_mixin.py:188} INFO - [2024-03-26T10:17:51.811+0000] {dag.py:3823} INFO - Setting next_dagrun for example_local_kubernetes_executor to None, run_after=None
[2024-03-26T10:17:51.828+0000] {processor.py:183} INFO - Processing /home/airflow/.local/lib/python3.8/site-packages/airflow/example_dags/example_local_kubernetes_executor.py took 0.194 seconds
