[2024-03-26T08:41:05.849+0000] {processor.py:161} INFO - Started process (PID=45) to work on /home/airflow/.local/lib/python3.8/site-packages/airflow/example_dags/example_setup_teardown.py
[2024-03-26T08:41:05.850+0000] {processor.py:830} INFO - Processing file /home/airflow/.local/lib/python3.8/site-packages/airflow/example_dags/example_setup_teardown.py for tasks to queue
[2024-03-26T08:41:05.851+0000] {logging_mixin.py:188} INFO - [2024-03-26T08:41:05.851+0000] {dagbag.py:538} INFO - Filling up the DagBag from /home/airflow/.local/lib/python3.8/site-packages/airflow/example_dags/example_setup_teardown.py
[2024-03-26T08:41:05.859+0000] {processor.py:840} INFO - DAG(s) 'example_setup_teardown' retrieved from /home/airflow/.local/lib/python3.8/site-packages/airflow/example_dags/example_setup_teardown.py
[2024-03-26T08:41:05.868+0000] {logging_mixin.py:188} INFO - [2024-03-26T08:41:05.868+0000] {dag.py:3036} INFO - Sync 1 DAGs
[2024-03-26T08:41:05.888+0000] {logging_mixin.py:188} INFO - [2024-03-26T08:41:05.888+0000] {dag.py:3823} INFO - Setting next_dagrun for example_setup_teardown to 2024-03-25 00:00:00+00:00, run_after=2024-03-26 00:00:00+00:00
[2024-03-26T08:41:05.908+0000] {processor.py:183} INFO - Processing /home/airflow/.local/lib/python3.8/site-packages/airflow/example_dags/example_setup_teardown.py took 0.061 seconds
[2024-03-26T08:41:36.823+0000] {processor.py:161} INFO - Started process (PID=101) to work on /home/airflow/.local/lib/python3.8/site-packages/airflow/example_dags/example_setup_teardown.py
[2024-03-26T08:41:36.824+0000] {processor.py:830} INFO - Processing file /home/airflow/.local/lib/python3.8/site-packages/airflow/example_dags/example_setup_teardown.py for tasks to queue
[2024-03-26T08:41:36.826+0000] {logging_mixin.py:188} INFO - [2024-03-26T08:41:36.826+0000] {dagbag.py:538} INFO - Filling up the DagBag from /home/airflow/.local/lib/python3.8/site-packages/airflow/example_dags/example_setup_teardown.py
[2024-03-26T08:41:36.831+0000] {processor.py:840} INFO - DAG(s) 'example_setup_teardown' retrieved from /home/airflow/.local/lib/python3.8/site-packages/airflow/example_dags/example_setup_teardown.py
[2024-03-26T08:41:36.917+0000] {logging_mixin.py:188} INFO - [2024-03-26T08:41:36.917+0000] {dag.py:3036} INFO - Sync 1 DAGs
[2024-03-26T08:41:36.934+0000] {logging_mixin.py:188} INFO - [2024-03-26T08:41:36.934+0000] {dag.py:3823} INFO - Setting next_dagrun for example_setup_teardown to 2024-03-25 00:00:00+00:00, run_after=2024-03-26 00:00:00+00:00
[2024-03-26T08:41:36.950+0000] {processor.py:183} INFO - Processing /home/airflow/.local/lib/python3.8/site-packages/airflow/example_dags/example_setup_teardown.py took 0.129 seconds
[2024-03-26T08:43:46.139+0000] {processor.py:161} INFO - Started process (PID=45) to work on /home/airflow/.local/lib/python3.8/site-packages/airflow/example_dags/example_setup_teardown.py
[2024-03-26T08:43:46.140+0000] {processor.py:830} INFO - Processing file /home/airflow/.local/lib/python3.8/site-packages/airflow/example_dags/example_setup_teardown.py for tasks to queue
[2024-03-26T08:43:46.142+0000] {logging_mixin.py:188} INFO - [2024-03-26T08:43:46.142+0000] {dagbag.py:538} INFO - Filling up the DagBag from /home/airflow/.local/lib/python3.8/site-packages/airflow/example_dags/example_setup_teardown.py
[2024-03-26T08:43:46.151+0000] {processor.py:840} INFO - DAG(s) 'example_setup_teardown' retrieved from /home/airflow/.local/lib/python3.8/site-packages/airflow/example_dags/example_setup_teardown.py
[2024-03-26T08:43:46.162+0000] {logging_mixin.py:188} INFO - [2024-03-26T08:43:46.162+0000] {dag.py:3036} INFO - Sync 1 DAGs
[2024-03-26T08:43:46.184+0000] {logging_mixin.py:188} INFO - [2024-03-26T08:43:46.184+0000] {dag.py:3823} INFO - Setting next_dagrun for example_setup_teardown to 2024-03-25 00:00:00+00:00, run_after=2024-03-26 00:00:00+00:00
[2024-03-26T08:43:46.204+0000] {processor.py:183} INFO - Processing /home/airflow/.local/lib/python3.8/site-packages/airflow/example_dags/example_setup_teardown.py took 0.067 seconds
[2024-03-26T08:44:17.008+0000] {processor.py:161} INFO - Started process (PID=101) to work on /home/airflow/.local/lib/python3.8/site-packages/airflow/example_dags/example_setup_teardown.py
[2024-03-26T08:44:17.009+0000] {processor.py:830} INFO - Processing file /home/airflow/.local/lib/python3.8/site-packages/airflow/example_dags/example_setup_teardown.py for tasks to queue
[2024-03-26T08:44:17.011+0000] {logging_mixin.py:188} INFO - [2024-03-26T08:44:17.011+0000] {dagbag.py:538} INFO - Filling up the DagBag from /home/airflow/.local/lib/python3.8/site-packages/airflow/example_dags/example_setup_teardown.py
[2024-03-26T08:44:17.017+0000] {processor.py:840} INFO - DAG(s) 'example_setup_teardown' retrieved from /home/airflow/.local/lib/python3.8/site-packages/airflow/example_dags/example_setup_teardown.py
[2024-03-26T08:44:17.102+0000] {logging_mixin.py:188} INFO - [2024-03-26T08:44:17.101+0000] {dag.py:3036} INFO - Sync 1 DAGs
[2024-03-26T08:44:17.118+0000] {logging_mixin.py:188} INFO - [2024-03-26T08:44:17.118+0000] {dag.py:3823} INFO - Setting next_dagrun for example_setup_teardown to 2024-03-25 00:00:00+00:00, run_after=2024-03-26 00:00:00+00:00
[2024-03-26T08:44:17.133+0000] {processor.py:183} INFO - Processing /home/airflow/.local/lib/python3.8/site-packages/airflow/example_dags/example_setup_teardown.py took 0.128 seconds
[2024-03-26T08:44:47.237+0000] {processor.py:161} INFO - Started process (PID=157) to work on /home/airflow/.local/lib/python3.8/site-packages/airflow/example_dags/example_setup_teardown.py
[2024-03-26T08:44:47.238+0000] {processor.py:830} INFO - Processing file /home/airflow/.local/lib/python3.8/site-packages/airflow/example_dags/example_setup_teardown.py for tasks to queue
[2024-03-26T08:44:47.240+0000] {logging_mixin.py:188} INFO - [2024-03-26T08:44:47.239+0000] {dagbag.py:538} INFO - Filling up the DagBag from /home/airflow/.local/lib/python3.8/site-packages/airflow/example_dags/example_setup_teardown.py
[2024-03-26T08:44:47.245+0000] {processor.py:840} INFO - DAG(s) 'example_setup_teardown' retrieved from /home/airflow/.local/lib/python3.8/site-packages/airflow/example_dags/example_setup_teardown.py
[2024-03-26T08:44:47.260+0000] {logging_mixin.py:188} INFO - [2024-03-26T08:44:47.260+0000] {dag.py:3036} INFO - Sync 1 DAGs
[2024-03-26T08:44:47.278+0000] {logging_mixin.py:188} INFO - [2024-03-26T08:44:47.278+0000] {dag.py:3823} INFO - Setting next_dagrun for example_setup_teardown to 2024-03-25 00:00:00+00:00, run_after=2024-03-26 00:00:00+00:00
[2024-03-26T08:44:47.294+0000] {processor.py:183} INFO - Processing /home/airflow/.local/lib/python3.8/site-packages/airflow/example_dags/example_setup_teardown.py took 0.059 seconds
[2024-03-26T08:45:17.577+0000] {processor.py:161} INFO - Started process (PID=213) to work on /home/airflow/.local/lib/python3.8/site-packages/airflow/example_dags/example_setup_teardown.py
[2024-03-26T08:45:17.578+0000] {processor.py:830} INFO - Processing file /home/airflow/.local/lib/python3.8/site-packages/airflow/example_dags/example_setup_teardown.py for tasks to queue
[2024-03-26T08:45:17.580+0000] {logging_mixin.py:188} INFO - [2024-03-26T08:45:17.579+0000] {dagbag.py:538} INFO - Filling up the DagBag from /home/airflow/.local/lib/python3.8/site-packages/airflow/example_dags/example_setup_teardown.py
[2024-03-26T08:45:17.584+0000] {processor.py:840} INFO - DAG(s) 'example_setup_teardown' retrieved from /home/airflow/.local/lib/python3.8/site-packages/airflow/example_dags/example_setup_teardown.py
[2024-03-26T08:45:17.600+0000] {logging_mixin.py:188} INFO - [2024-03-26T08:45:17.600+0000] {dag.py:3036} INFO - Sync 1 DAGs
[2024-03-26T08:45:17.618+0000] {logging_mixin.py:188} INFO - [2024-03-26T08:45:17.618+0000] {dag.py:3823} INFO - Setting next_dagrun for example_setup_teardown to 2024-03-25 00:00:00+00:00, run_after=2024-03-26 00:00:00+00:00
[2024-03-26T08:45:17.635+0000] {processor.py:183} INFO - Processing /home/airflow/.local/lib/python3.8/site-packages/airflow/example_dags/example_setup_teardown.py took 0.060 seconds
[2024-03-26T08:45:47.853+0000] {processor.py:161} INFO - Started process (PID=269) to work on /home/airflow/.local/lib/python3.8/site-packages/airflow/example_dags/example_setup_teardown.py
[2024-03-26T08:45:47.855+0000] {processor.py:830} INFO - Processing file /home/airflow/.local/lib/python3.8/site-packages/airflow/example_dags/example_setup_teardown.py for tasks to queue
[2024-03-26T08:45:47.856+0000] {logging_mixin.py:188} INFO - [2024-03-26T08:45:47.856+0000] {dagbag.py:538} INFO - Filling up the DagBag from /home/airflow/.local/lib/python3.8/site-packages/airflow/example_dags/example_setup_teardown.py
[2024-03-26T08:45:47.861+0000] {processor.py:840} INFO - DAG(s) 'example_setup_teardown' retrieved from /home/airflow/.local/lib/python3.8/site-packages/airflow/example_dags/example_setup_teardown.py
[2024-03-26T08:45:47.876+0000] {logging_mixin.py:188} INFO - [2024-03-26T08:45:47.876+0000] {dag.py:3036} INFO - Sync 1 DAGs
[2024-03-26T08:45:47.892+0000] {logging_mixin.py:188} INFO - [2024-03-26T08:45:47.892+0000] {dag.py:3823} INFO - Setting next_dagrun for example_setup_teardown to 2024-03-25 00:00:00+00:00, run_after=2024-03-26 00:00:00+00:00
[2024-03-26T08:45:47.909+0000] {processor.py:183} INFO - Processing /home/airflow/.local/lib/python3.8/site-packages/airflow/example_dags/example_setup_teardown.py took 0.058 seconds
[2024-03-26T08:46:18.020+0000] {processor.py:161} INFO - Started process (PID=325) to work on /home/airflow/.local/lib/python3.8/site-packages/airflow/example_dags/example_setup_teardown.py
[2024-03-26T08:46:18.021+0000] {processor.py:830} INFO - Processing file /home/airflow/.local/lib/python3.8/site-packages/airflow/example_dags/example_setup_teardown.py for tasks to queue
[2024-03-26T08:46:18.022+0000] {logging_mixin.py:188} INFO - [2024-03-26T08:46:18.022+0000] {dagbag.py:538} INFO - Filling up the DagBag from /home/airflow/.local/lib/python3.8/site-packages/airflow/example_dags/example_setup_teardown.py
[2024-03-26T08:46:18.027+0000] {processor.py:840} INFO - DAG(s) 'example_setup_teardown' retrieved from /home/airflow/.local/lib/python3.8/site-packages/airflow/example_dags/example_setup_teardown.py
[2024-03-26T08:46:18.043+0000] {logging_mixin.py:188} INFO - [2024-03-26T08:46:18.043+0000] {dag.py:3036} INFO - Sync 1 DAGs
[2024-03-26T08:46:18.060+0000] {logging_mixin.py:188} INFO - [2024-03-26T08:46:18.060+0000] {dag.py:3823} INFO - Setting next_dagrun for example_setup_teardown to 2024-03-25 00:00:00+00:00, run_after=2024-03-26 00:00:00+00:00
[2024-03-26T08:46:18.080+0000] {processor.py:183} INFO - Processing /home/airflow/.local/lib/python3.8/site-packages/airflow/example_dags/example_setup_teardown.py took 0.062 seconds
[2024-03-26T08:46:48.225+0000] {processor.py:161} INFO - Started process (PID=381) to work on /home/airflow/.local/lib/python3.8/site-packages/airflow/example_dags/example_setup_teardown.py
[2024-03-26T08:46:48.226+0000] {processor.py:830} INFO - Processing file /home/airflow/.local/lib/python3.8/site-packages/airflow/example_dags/example_setup_teardown.py for tasks to queue
[2024-03-26T08:46:48.227+0000] {logging_mixin.py:188} INFO - [2024-03-26T08:46:48.227+0000] {dagbag.py:538} INFO - Filling up the DagBag from /home/airflow/.local/lib/python3.8/site-packages/airflow/example_dags/example_setup_teardown.py
[2024-03-26T08:46:48.232+0000] {processor.py:840} INFO - DAG(s) 'example_setup_teardown' retrieved from /home/airflow/.local/lib/python3.8/site-packages/airflow/example_dags/example_setup_teardown.py
[2024-03-26T08:46:48.247+0000] {logging_mixin.py:188} INFO - [2024-03-26T08:46:48.246+0000] {dag.py:3036} INFO - Sync 1 DAGs
[2024-03-26T08:46:48.263+0000] {logging_mixin.py:188} INFO - [2024-03-26T08:46:48.263+0000] {dag.py:3823} INFO - Setting next_dagrun for example_setup_teardown to 2024-03-25 00:00:00+00:00, run_after=2024-03-26 00:00:00+00:00
[2024-03-26T08:46:48.280+0000] {processor.py:183} INFO - Processing /home/airflow/.local/lib/python3.8/site-packages/airflow/example_dags/example_setup_teardown.py took 0.058 seconds
[2024-03-26T08:47:18.572+0000] {processor.py:161} INFO - Started process (PID=437) to work on /home/airflow/.local/lib/python3.8/site-packages/airflow/example_dags/example_setup_teardown.py
[2024-03-26T08:47:18.573+0000] {processor.py:830} INFO - Processing file /home/airflow/.local/lib/python3.8/site-packages/airflow/example_dags/example_setup_teardown.py for tasks to queue
[2024-03-26T08:47:18.574+0000] {logging_mixin.py:188} INFO - [2024-03-26T08:47:18.574+0000] {dagbag.py:538} INFO - Filling up the DagBag from /home/airflow/.local/lib/python3.8/site-packages/airflow/example_dags/example_setup_teardown.py
[2024-03-26T08:47:18.579+0000] {processor.py:840} INFO - DAG(s) 'example_setup_teardown' retrieved from /home/airflow/.local/lib/python3.8/site-packages/airflow/example_dags/example_setup_teardown.py
[2024-03-26T08:47:18.595+0000] {logging_mixin.py:188} INFO - [2024-03-26T08:47:18.595+0000] {dag.py:3036} INFO - Sync 1 DAGs
[2024-03-26T08:47:18.612+0000] {logging_mixin.py:188} INFO - [2024-03-26T08:47:18.612+0000] {dag.py:3823} INFO - Setting next_dagrun for example_setup_teardown to 2024-03-25 00:00:00+00:00, run_after=2024-03-26 00:00:00+00:00
[2024-03-26T08:47:18.631+0000] {processor.py:183} INFO - Processing /home/airflow/.local/lib/python3.8/site-packages/airflow/example_dags/example_setup_teardown.py took 0.062 seconds
[2024-03-26T08:47:48.700+0000] {processor.py:161} INFO - Started process (PID=493) to work on /home/airflow/.local/lib/python3.8/site-packages/airflow/example_dags/example_setup_teardown.py
[2024-03-26T08:47:48.701+0000] {processor.py:830} INFO - Processing file /home/airflow/.local/lib/python3.8/site-packages/airflow/example_dags/example_setup_teardown.py for tasks to queue
[2024-03-26T08:47:48.702+0000] {logging_mixin.py:188} INFO - [2024-03-26T08:47:48.702+0000] {dagbag.py:538} INFO - Filling up the DagBag from /home/airflow/.local/lib/python3.8/site-packages/airflow/example_dags/example_setup_teardown.py
[2024-03-26T08:47:48.707+0000] {processor.py:840} INFO - DAG(s) 'example_setup_teardown' retrieved from /home/airflow/.local/lib/python3.8/site-packages/airflow/example_dags/example_setup_teardown.py
[2024-03-26T08:47:48.723+0000] {logging_mixin.py:188} INFO - [2024-03-26T08:47:48.722+0000] {dag.py:3036} INFO - Sync 1 DAGs
[2024-03-26T08:47:48.741+0000] {logging_mixin.py:188} INFO - [2024-03-26T08:47:48.741+0000] {dag.py:3823} INFO - Setting next_dagrun for example_setup_teardown to 2024-03-25 00:00:00+00:00, run_after=2024-03-26 00:00:00+00:00
[2024-03-26T08:47:48.759+0000] {processor.py:183} INFO - Processing /home/airflow/.local/lib/python3.8/site-packages/airflow/example_dags/example_setup_teardown.py took 0.061 seconds
[2024-03-26T08:48:18.933+0000] {processor.py:161} INFO - Started process (PID=549) to work on /home/airflow/.local/lib/python3.8/site-packages/airflow/example_dags/example_setup_teardown.py
[2024-03-26T08:48:18.934+0000] {processor.py:830} INFO - Processing file /home/airflow/.local/lib/python3.8/site-packages/airflow/example_dags/example_setup_teardown.py for tasks to queue
[2024-03-26T08:48:18.935+0000] {logging_mixin.py:188} INFO - [2024-03-26T08:48:18.935+0000] {dagbag.py:538} INFO - Filling up the DagBag from /home/airflow/.local/lib/python3.8/site-packages/airflow/example_dags/example_setup_teardown.py
[2024-03-26T08:48:18.940+0000] {processor.py:840} INFO - DAG(s) 'example_setup_teardown' retrieved from /home/airflow/.local/lib/python3.8/site-packages/airflow/example_dags/example_setup_teardown.py
[2024-03-26T08:48:18.958+0000] {logging_mixin.py:188} INFO - [2024-03-26T08:48:18.958+0000] {dag.py:3036} INFO - Sync 1 DAGs
[2024-03-26T08:48:18.977+0000] {logging_mixin.py:188} INFO - [2024-03-26T08:48:18.977+0000] {dag.py:3823} INFO - Setting next_dagrun for example_setup_teardown to 2024-03-25 00:00:00+00:00, run_after=2024-03-26 00:00:00+00:00
[2024-03-26T08:48:18.995+0000] {processor.py:183} INFO - Processing /home/airflow/.local/lib/python3.8/site-packages/airflow/example_dags/example_setup_teardown.py took 0.064 seconds
[2024-03-26T08:48:49.470+0000] {processor.py:161} INFO - Started process (PID=605) to work on /home/airflow/.local/lib/python3.8/site-packages/airflow/example_dags/example_setup_teardown.py
[2024-03-26T08:48:49.471+0000] {processor.py:830} INFO - Processing file /home/airflow/.local/lib/python3.8/site-packages/airflow/example_dags/example_setup_teardown.py for tasks to queue
[2024-03-26T08:48:49.472+0000] {logging_mixin.py:188} INFO - [2024-03-26T08:48:49.472+0000] {dagbag.py:538} INFO - Filling up the DagBag from /home/airflow/.local/lib/python3.8/site-packages/airflow/example_dags/example_setup_teardown.py
[2024-03-26T08:48:49.477+0000] {processor.py:840} INFO - DAG(s) 'example_setup_teardown' retrieved from /home/airflow/.local/lib/python3.8/site-packages/airflow/example_dags/example_setup_teardown.py
[2024-03-26T08:48:49.492+0000] {logging_mixin.py:188} INFO - [2024-03-26T08:48:49.492+0000] {dag.py:3036} INFO - Sync 1 DAGs
[2024-03-26T08:48:49.510+0000] {logging_mixin.py:188} INFO - [2024-03-26T08:48:49.509+0000] {dag.py:3823} INFO - Setting next_dagrun for example_setup_teardown to 2024-03-25 00:00:00+00:00, run_after=2024-03-26 00:00:00+00:00
[2024-03-26T08:48:49.529+0000] {processor.py:183} INFO - Processing /home/airflow/.local/lib/python3.8/site-packages/airflow/example_dags/example_setup_teardown.py took 0.062 seconds
[2024-03-26T08:49:19.799+0000] {processor.py:161} INFO - Started process (PID=661) to work on /home/airflow/.local/lib/python3.8/site-packages/airflow/example_dags/example_setup_teardown.py
[2024-03-26T08:49:19.800+0000] {processor.py:830} INFO - Processing file /home/airflow/.local/lib/python3.8/site-packages/airflow/example_dags/example_setup_teardown.py for tasks to queue
[2024-03-26T08:49:19.801+0000] {logging_mixin.py:188} INFO - [2024-03-26T08:49:19.801+0000] {dagbag.py:538} INFO - Filling up the DagBag from /home/airflow/.local/lib/python3.8/site-packages/airflow/example_dags/example_setup_teardown.py
[2024-03-26T08:49:19.806+0000] {processor.py:840} INFO - DAG(s) 'example_setup_teardown' retrieved from /home/airflow/.local/lib/python3.8/site-packages/airflow/example_dags/example_setup_teardown.py
[2024-03-26T08:49:19.822+0000] {logging_mixin.py:188} INFO - [2024-03-26T08:49:19.822+0000] {dag.py:3036} INFO - Sync 1 DAGs
[2024-03-26T08:49:19.840+0000] {logging_mixin.py:188} INFO - [2024-03-26T08:49:19.839+0000] {dag.py:3823} INFO - Setting next_dagrun for example_setup_teardown to 2024-03-25 00:00:00+00:00, run_after=2024-03-26 00:00:00+00:00
[2024-03-26T08:49:19.857+0000] {processor.py:183} INFO - Processing /home/airflow/.local/lib/python3.8/site-packages/airflow/example_dags/example_setup_teardown.py took 0.061 seconds
[2024-03-26T08:49:50.174+0000] {processor.py:161} INFO - Started process (PID=717) to work on /home/airflow/.local/lib/python3.8/site-packages/airflow/example_dags/example_setup_teardown.py
[2024-03-26T08:49:50.175+0000] {processor.py:830} INFO - Processing file /home/airflow/.local/lib/python3.8/site-packages/airflow/example_dags/example_setup_teardown.py for tasks to queue
[2024-03-26T08:49:50.177+0000] {logging_mixin.py:188} INFO - [2024-03-26T08:49:50.176+0000] {dagbag.py:538} INFO - Filling up the DagBag from /home/airflow/.local/lib/python3.8/site-packages/airflow/example_dags/example_setup_teardown.py
[2024-03-26T08:49:50.182+0000] {processor.py:840} INFO - DAG(s) 'example_setup_teardown' retrieved from /home/airflow/.local/lib/python3.8/site-packages/airflow/example_dags/example_setup_teardown.py
[2024-03-26T08:49:50.197+0000] {logging_mixin.py:188} INFO - [2024-03-26T08:49:50.197+0000] {dag.py:3036} INFO - Sync 1 DAGs
[2024-03-26T08:49:50.214+0000] {logging_mixin.py:188} INFO - [2024-03-26T08:49:50.214+0000] {dag.py:3823} INFO - Setting next_dagrun for example_setup_teardown to 2024-03-25 00:00:00+00:00, run_after=2024-03-26 00:00:00+00:00
[2024-03-26T08:49:50.230+0000] {processor.py:183} INFO - Processing /home/airflow/.local/lib/python3.8/site-packages/airflow/example_dags/example_setup_teardown.py took 0.058 seconds
[2024-03-26T08:50:20.635+0000] {processor.py:161} INFO - Started process (PID=773) to work on /home/airflow/.local/lib/python3.8/site-packages/airflow/example_dags/example_setup_teardown.py
[2024-03-26T08:50:20.637+0000] {processor.py:830} INFO - Processing file /home/airflow/.local/lib/python3.8/site-packages/airflow/example_dags/example_setup_teardown.py for tasks to queue
[2024-03-26T08:50:20.640+0000] {logging_mixin.py:188} INFO - [2024-03-26T08:50:20.640+0000] {dagbag.py:538} INFO - Filling up the DagBag from /home/airflow/.local/lib/python3.8/site-packages/airflow/example_dags/example_setup_teardown.py
[2024-03-26T08:50:20.647+0000] {processor.py:840} INFO - DAG(s) 'example_setup_teardown' retrieved from /home/airflow/.local/lib/python3.8/site-packages/airflow/example_dags/example_setup_teardown.py
[2024-03-26T08:50:20.667+0000] {logging_mixin.py:188} INFO - [2024-03-26T08:50:20.667+0000] {dag.py:3036} INFO - Sync 1 DAGs
[2024-03-26T08:50:20.692+0000] {logging_mixin.py:188} INFO - [2024-03-26T08:50:20.691+0000] {dag.py:3823} INFO - Setting next_dagrun for example_setup_teardown to 2024-03-25 00:00:00+00:00, run_after=2024-03-26 00:00:00+00:00
[2024-03-26T08:50:20.719+0000] {processor.py:183} INFO - Processing /home/airflow/.local/lib/python3.8/site-packages/airflow/example_dags/example_setup_teardown.py took 0.087 seconds
[2024-03-26T08:53:11.969+0000] {processor.py:161} INFO - Started process (PID=45) to work on /home/airflow/.local/lib/python3.8/site-packages/airflow/example_dags/example_setup_teardown.py
[2024-03-26T08:53:11.970+0000] {processor.py:830} INFO - Processing file /home/airflow/.local/lib/python3.8/site-packages/airflow/example_dags/example_setup_teardown.py for tasks to queue
[2024-03-26T08:53:11.971+0000] {logging_mixin.py:188} INFO - [2024-03-26T08:53:11.971+0000] {dagbag.py:538} INFO - Filling up the DagBag from /home/airflow/.local/lib/python3.8/site-packages/airflow/example_dags/example_setup_teardown.py
[2024-03-26T08:53:11.979+0000] {processor.py:840} INFO - DAG(s) 'example_setup_teardown' retrieved from /home/airflow/.local/lib/python3.8/site-packages/airflow/example_dags/example_setup_teardown.py
[2024-03-26T08:53:11.988+0000] {logging_mixin.py:188} INFO - [2024-03-26T08:53:11.988+0000] {dag.py:3036} INFO - Sync 1 DAGs
[2024-03-26T08:53:12.010+0000] {logging_mixin.py:188} INFO - [2024-03-26T08:53:12.009+0000] {dag.py:3823} INFO - Setting next_dagrun for example_setup_teardown to 2024-03-25 00:00:00+00:00, run_after=2024-03-26 00:00:00+00:00
[2024-03-26T08:53:12.027+0000] {processor.py:183} INFO - Processing /home/airflow/.local/lib/python3.8/site-packages/airflow/example_dags/example_setup_teardown.py took 0.061 seconds
[2024-03-26T08:53:42.710+0000] {processor.py:161} INFO - Started process (PID=101) to work on /home/airflow/.local/lib/python3.8/site-packages/airflow/example_dags/example_setup_teardown.py
[2024-03-26T08:53:42.711+0000] {processor.py:830} INFO - Processing file /home/airflow/.local/lib/python3.8/site-packages/airflow/example_dags/example_setup_teardown.py for tasks to queue
[2024-03-26T08:53:42.713+0000] {logging_mixin.py:188} INFO - [2024-03-26T08:53:42.713+0000] {dagbag.py:538} INFO - Filling up the DagBag from /home/airflow/.local/lib/python3.8/site-packages/airflow/example_dags/example_setup_teardown.py
[2024-03-26T08:53:42.718+0000] {processor.py:840} INFO - DAG(s) 'example_setup_teardown' retrieved from /home/airflow/.local/lib/python3.8/site-packages/airflow/example_dags/example_setup_teardown.py
[2024-03-26T08:53:42.821+0000] {logging_mixin.py:188} INFO - [2024-03-26T08:53:42.820+0000] {dag.py:3036} INFO - Sync 1 DAGs
[2024-03-26T08:53:42.851+0000] {logging_mixin.py:188} INFO - [2024-03-26T08:53:42.850+0000] {dag.py:3823} INFO - Setting next_dagrun for example_setup_teardown to 2024-03-25 00:00:00+00:00, run_after=2024-03-26 00:00:00+00:00
[2024-03-26T08:53:42.882+0000] {processor.py:183} INFO - Processing /home/airflow/.local/lib/python3.8/site-packages/airflow/example_dags/example_setup_teardown.py took 0.173 seconds
[2024-03-26T08:54:12.949+0000] {processor.py:161} INFO - Started process (PID=157) to work on /home/airflow/.local/lib/python3.8/site-packages/airflow/example_dags/example_setup_teardown.py
[2024-03-26T08:54:12.950+0000] {processor.py:830} INFO - Processing file /home/airflow/.local/lib/python3.8/site-packages/airflow/example_dags/example_setup_teardown.py for tasks to queue
[2024-03-26T08:54:12.952+0000] {logging_mixin.py:188} INFO - [2024-03-26T08:54:12.952+0000] {dagbag.py:538} INFO - Filling up the DagBag from /home/airflow/.local/lib/python3.8/site-packages/airflow/example_dags/example_setup_teardown.py
[2024-03-26T08:54:12.957+0000] {processor.py:840} INFO - DAG(s) 'example_setup_teardown' retrieved from /home/airflow/.local/lib/python3.8/site-packages/airflow/example_dags/example_setup_teardown.py
[2024-03-26T08:54:12.972+0000] {logging_mixin.py:188} INFO - [2024-03-26T08:54:12.972+0000] {dag.py:3036} INFO - Sync 1 DAGs
[2024-03-26T08:54:12.994+0000] {logging_mixin.py:188} INFO - [2024-03-26T08:54:12.993+0000] {dag.py:3823} INFO - Setting next_dagrun for example_setup_teardown to 2024-03-25 00:00:00+00:00, run_after=2024-03-26 00:00:00+00:00
[2024-03-26T08:54:13.018+0000] {processor.py:183} INFO - Processing /home/airflow/.local/lib/python3.8/site-packages/airflow/example_dags/example_setup_teardown.py took 0.071 seconds
[2024-03-26T08:54:43.556+0000] {processor.py:161} INFO - Started process (PID=213) to work on /home/airflow/.local/lib/python3.8/site-packages/airflow/example_dags/example_setup_teardown.py
[2024-03-26T08:54:43.557+0000] {processor.py:830} INFO - Processing file /home/airflow/.local/lib/python3.8/site-packages/airflow/example_dags/example_setup_teardown.py for tasks to queue
[2024-03-26T08:54:43.559+0000] {logging_mixin.py:188} INFO - [2024-03-26T08:54:43.559+0000] {dagbag.py:538} INFO - Filling up the DagBag from /home/airflow/.local/lib/python3.8/site-packages/airflow/example_dags/example_setup_teardown.py
[2024-03-26T08:54:43.564+0000] {processor.py:840} INFO - DAG(s) 'example_setup_teardown' retrieved from /home/airflow/.local/lib/python3.8/site-packages/airflow/example_dags/example_setup_teardown.py
[2024-03-26T08:54:43.581+0000] {logging_mixin.py:188} INFO - [2024-03-26T08:54:43.581+0000] {dag.py:3036} INFO - Sync 1 DAGs
[2024-03-26T08:54:43.599+0000] {logging_mixin.py:188} INFO - [2024-03-26T08:54:43.599+0000] {dag.py:3823} INFO - Setting next_dagrun for example_setup_teardown to 2024-03-25 00:00:00+00:00, run_after=2024-03-26 00:00:00+00:00
[2024-03-26T08:54:43.617+0000] {processor.py:183} INFO - Processing /home/airflow/.local/lib/python3.8/site-packages/airflow/example_dags/example_setup_teardown.py took 0.062 seconds
[2024-03-26T08:55:14.178+0000] {processor.py:161} INFO - Started process (PID=269) to work on /home/airflow/.local/lib/python3.8/site-packages/airflow/example_dags/example_setup_teardown.py
[2024-03-26T08:55:14.179+0000] {processor.py:830} INFO - Processing file /home/airflow/.local/lib/python3.8/site-packages/airflow/example_dags/example_setup_teardown.py for tasks to queue
[2024-03-26T08:55:14.181+0000] {logging_mixin.py:188} INFO - [2024-03-26T08:55:14.181+0000] {dagbag.py:538} INFO - Filling up the DagBag from /home/airflow/.local/lib/python3.8/site-packages/airflow/example_dags/example_setup_teardown.py
[2024-03-26T08:55:14.186+0000] {processor.py:840} INFO - DAG(s) 'example_setup_teardown' retrieved from /home/airflow/.local/lib/python3.8/site-packages/airflow/example_dags/example_setup_teardown.py
[2024-03-26T08:55:14.205+0000] {logging_mixin.py:188} INFO - [2024-03-26T08:55:14.204+0000] {dag.py:3036} INFO - Sync 1 DAGs
[2024-03-26T08:55:14.222+0000] {logging_mixin.py:188} INFO - [2024-03-26T08:55:14.222+0000] {dag.py:3823} INFO - Setting next_dagrun for example_setup_teardown to 2024-03-25 00:00:00+00:00, run_after=2024-03-26 00:00:00+00:00
[2024-03-26T08:55:14.239+0000] {processor.py:183} INFO - Processing /home/airflow/.local/lib/python3.8/site-packages/airflow/example_dags/example_setup_teardown.py took 0.063 seconds
[2024-03-26T08:55:44.695+0000] {processor.py:161} INFO - Started process (PID=325) to work on /home/airflow/.local/lib/python3.8/site-packages/airflow/example_dags/example_setup_teardown.py
[2024-03-26T08:55:44.696+0000] {processor.py:830} INFO - Processing file /home/airflow/.local/lib/python3.8/site-packages/airflow/example_dags/example_setup_teardown.py for tasks to queue
[2024-03-26T08:55:44.698+0000] {logging_mixin.py:188} INFO - [2024-03-26T08:55:44.698+0000] {dagbag.py:538} INFO - Filling up the DagBag from /home/airflow/.local/lib/python3.8/site-packages/airflow/example_dags/example_setup_teardown.py
[2024-03-26T08:55:44.703+0000] {processor.py:840} INFO - DAG(s) 'example_setup_teardown' retrieved from /home/airflow/.local/lib/python3.8/site-packages/airflow/example_dags/example_setup_teardown.py
[2024-03-26T08:55:44.718+0000] {logging_mixin.py:188} INFO - [2024-03-26T08:55:44.718+0000] {dag.py:3036} INFO - Sync 1 DAGs
[2024-03-26T08:55:44.736+0000] {logging_mixin.py:188} INFO - [2024-03-26T08:55:44.736+0000] {dag.py:3823} INFO - Setting next_dagrun for example_setup_teardown to 2024-03-25 00:00:00+00:00, run_after=2024-03-26 00:00:00+00:00
[2024-03-26T08:55:44.753+0000] {processor.py:183} INFO - Processing /home/airflow/.local/lib/python3.8/site-packages/airflow/example_dags/example_setup_teardown.py took 0.060 seconds
[2024-03-26T08:56:14.948+0000] {processor.py:161} INFO - Started process (PID=381) to work on /home/airflow/.local/lib/python3.8/site-packages/airflow/example_dags/example_setup_teardown.py
[2024-03-26T08:56:14.949+0000] {processor.py:830} INFO - Processing file /home/airflow/.local/lib/python3.8/site-packages/airflow/example_dags/example_setup_teardown.py for tasks to queue
[2024-03-26T08:56:14.951+0000] {logging_mixin.py:188} INFO - [2024-03-26T08:56:14.950+0000] {dagbag.py:538} INFO - Filling up the DagBag from /home/airflow/.local/lib/python3.8/site-packages/airflow/example_dags/example_setup_teardown.py
[2024-03-26T08:56:14.955+0000] {processor.py:840} INFO - DAG(s) 'example_setup_teardown' retrieved from /home/airflow/.local/lib/python3.8/site-packages/airflow/example_dags/example_setup_teardown.py
[2024-03-26T08:56:14.971+0000] {logging_mixin.py:188} INFO - [2024-03-26T08:56:14.970+0000] {dag.py:3036} INFO - Sync 1 DAGs
[2024-03-26T08:56:14.988+0000] {logging_mixin.py:188} INFO - [2024-03-26T08:56:14.988+0000] {dag.py:3823} INFO - Setting next_dagrun for example_setup_teardown to 2024-03-25 00:00:00+00:00, run_after=2024-03-26 00:00:00+00:00
[2024-03-26T08:56:15.004+0000] {processor.py:183} INFO - Processing /home/airflow/.local/lib/python3.8/site-packages/airflow/example_dags/example_setup_teardown.py took 0.058 seconds
[2024-03-26T08:56:45.352+0000] {processor.py:161} INFO - Started process (PID=437) to work on /home/airflow/.local/lib/python3.8/site-packages/airflow/example_dags/example_setup_teardown.py
[2024-03-26T08:56:45.353+0000] {processor.py:830} INFO - Processing file /home/airflow/.local/lib/python3.8/site-packages/airflow/example_dags/example_setup_teardown.py for tasks to queue
[2024-03-26T08:56:45.354+0000] {logging_mixin.py:188} INFO - [2024-03-26T08:56:45.354+0000] {dagbag.py:538} INFO - Filling up the DagBag from /home/airflow/.local/lib/python3.8/site-packages/airflow/example_dags/example_setup_teardown.py
[2024-03-26T08:56:45.359+0000] {processor.py:840} INFO - DAG(s) 'example_setup_teardown' retrieved from /home/airflow/.local/lib/python3.8/site-packages/airflow/example_dags/example_setup_teardown.py
[2024-03-26T08:56:45.375+0000] {logging_mixin.py:188} INFO - [2024-03-26T08:56:45.375+0000] {dag.py:3036} INFO - Sync 1 DAGs
[2024-03-26T08:56:45.393+0000] {logging_mixin.py:188} INFO - [2024-03-26T08:56:45.393+0000] {dag.py:3823} INFO - Setting next_dagrun for example_setup_teardown to 2024-03-25 00:00:00+00:00, run_after=2024-03-26 00:00:00+00:00
[2024-03-26T08:56:45.409+0000] {processor.py:183} INFO - Processing /home/airflow/.local/lib/python3.8/site-packages/airflow/example_dags/example_setup_teardown.py took 0.060 seconds
[2024-03-26T08:57:15.714+0000] {processor.py:161} INFO - Started process (PID=493) to work on /home/airflow/.local/lib/python3.8/site-packages/airflow/example_dags/example_setup_teardown.py
[2024-03-26T08:57:15.715+0000] {processor.py:830} INFO - Processing file /home/airflow/.local/lib/python3.8/site-packages/airflow/example_dags/example_setup_teardown.py for tasks to queue
[2024-03-26T08:57:15.717+0000] {logging_mixin.py:188} INFO - [2024-03-26T08:57:15.716+0000] {dagbag.py:538} INFO - Filling up the DagBag from /home/airflow/.local/lib/python3.8/site-packages/airflow/example_dags/example_setup_teardown.py
[2024-03-26T08:57:15.721+0000] {processor.py:840} INFO - DAG(s) 'example_setup_teardown' retrieved from /home/airflow/.local/lib/python3.8/site-packages/airflow/example_dags/example_setup_teardown.py
[2024-03-26T08:57:15.737+0000] {logging_mixin.py:188} INFO - [2024-03-26T08:57:15.737+0000] {dag.py:3036} INFO - Sync 1 DAGs
[2024-03-26T08:57:15.755+0000] {logging_mixin.py:188} INFO - [2024-03-26T08:57:15.755+0000] {dag.py:3823} INFO - Setting next_dagrun for example_setup_teardown to 2024-03-25 00:00:00+00:00, run_after=2024-03-26 00:00:00+00:00
[2024-03-26T08:57:15.771+0000] {processor.py:183} INFO - Processing /home/airflow/.local/lib/python3.8/site-packages/airflow/example_dags/example_setup_teardown.py took 0.060 seconds
[2024-03-26T08:57:46.091+0000] {processor.py:161} INFO - Started process (PID=549) to work on /home/airflow/.local/lib/python3.8/site-packages/airflow/example_dags/example_setup_teardown.py
[2024-03-26T08:57:46.092+0000] {processor.py:830} INFO - Processing file /home/airflow/.local/lib/python3.8/site-packages/airflow/example_dags/example_setup_teardown.py for tasks to queue
[2024-03-26T08:57:46.094+0000] {logging_mixin.py:188} INFO - [2024-03-26T08:57:46.094+0000] {dagbag.py:538} INFO - Filling up the DagBag from /home/airflow/.local/lib/python3.8/site-packages/airflow/example_dags/example_setup_teardown.py
[2024-03-26T08:57:46.101+0000] {processor.py:840} INFO - DAG(s) 'example_setup_teardown' retrieved from /home/airflow/.local/lib/python3.8/site-packages/airflow/example_dags/example_setup_teardown.py
[2024-03-26T08:57:46.121+0000] {logging_mixin.py:188} INFO - [2024-03-26T08:57:46.120+0000] {dag.py:3036} INFO - Sync 1 DAGs
[2024-03-26T08:57:46.145+0000] {logging_mixin.py:188} INFO - [2024-03-26T08:57:46.145+0000] {dag.py:3823} INFO - Setting next_dagrun for example_setup_teardown to 2024-03-25 00:00:00+00:00, run_after=2024-03-26 00:00:00+00:00
[2024-03-26T08:57:46.161+0000] {processor.py:183} INFO - Processing /home/airflow/.local/lib/python3.8/site-packages/airflow/example_dags/example_setup_teardown.py took 0.072 seconds
[2024-03-26T08:58:16.577+0000] {processor.py:161} INFO - Started process (PID=605) to work on /home/airflow/.local/lib/python3.8/site-packages/airflow/example_dags/example_setup_teardown.py
[2024-03-26T08:58:16.578+0000] {processor.py:830} INFO - Processing file /home/airflow/.local/lib/python3.8/site-packages/airflow/example_dags/example_setup_teardown.py for tasks to queue
[2024-03-26T08:58:16.580+0000] {logging_mixin.py:188} INFO - [2024-03-26T08:58:16.579+0000] {dagbag.py:538} INFO - Filling up the DagBag from /home/airflow/.local/lib/python3.8/site-packages/airflow/example_dags/example_setup_teardown.py
[2024-03-26T08:58:16.585+0000] {processor.py:840} INFO - DAG(s) 'example_setup_teardown' retrieved from /home/airflow/.local/lib/python3.8/site-packages/airflow/example_dags/example_setup_teardown.py
[2024-03-26T08:58:16.600+0000] {logging_mixin.py:188} INFO - [2024-03-26T08:58:16.600+0000] {dag.py:3036} INFO - Sync 1 DAGs
[2024-03-26T08:58:16.618+0000] {logging_mixin.py:188} INFO - [2024-03-26T08:58:16.617+0000] {dag.py:3823} INFO - Setting next_dagrun for example_setup_teardown to 2024-03-25 00:00:00+00:00, run_after=2024-03-26 00:00:00+00:00
[2024-03-26T08:58:16.632+0000] {processor.py:183} INFO - Processing /home/airflow/.local/lib/python3.8/site-packages/airflow/example_dags/example_setup_teardown.py took 0.057 seconds
[2024-03-26T08:58:47.201+0000] {processor.py:161} INFO - Started process (PID=661) to work on /home/airflow/.local/lib/python3.8/site-packages/airflow/example_dags/example_setup_teardown.py
[2024-03-26T08:58:47.202+0000] {processor.py:830} INFO - Processing file /home/airflow/.local/lib/python3.8/site-packages/airflow/example_dags/example_setup_teardown.py for tasks to queue
[2024-03-26T08:58:47.204+0000] {logging_mixin.py:188} INFO - [2024-03-26T08:58:47.204+0000] {dagbag.py:538} INFO - Filling up the DagBag from /home/airflow/.local/lib/python3.8/site-packages/airflow/example_dags/example_setup_teardown.py
[2024-03-26T08:58:47.208+0000] {processor.py:840} INFO - DAG(s) 'example_setup_teardown' retrieved from /home/airflow/.local/lib/python3.8/site-packages/airflow/example_dags/example_setup_teardown.py
[2024-03-26T08:58:47.223+0000] {logging_mixin.py:188} INFO - [2024-03-26T08:58:47.223+0000] {dag.py:3036} INFO - Sync 1 DAGs
[2024-03-26T08:58:47.241+0000] {logging_mixin.py:188} INFO - [2024-03-26T08:58:47.241+0000] {dag.py:3823} INFO - Setting next_dagrun for example_setup_teardown to 2024-03-25 00:00:00+00:00, run_after=2024-03-26 00:00:00+00:00
[2024-03-26T08:58:47.256+0000] {processor.py:183} INFO - Processing /home/airflow/.local/lib/python3.8/site-packages/airflow/example_dags/example_setup_teardown.py took 0.057 seconds
[2024-03-26T09:07:40.107+0000] {processor.py:161} INFO - Started process (PID=45) to work on /home/airflow/.local/lib/python3.8/site-packages/airflow/example_dags/example_setup_teardown.py
[2024-03-26T09:07:40.108+0000] {processor.py:830} INFO - Processing file /home/airflow/.local/lib/python3.8/site-packages/airflow/example_dags/example_setup_teardown.py for tasks to queue
[2024-03-26T09:07:40.109+0000] {logging_mixin.py:188} INFO - [2024-03-26T09:07:40.109+0000] {dagbag.py:538} INFO - Filling up the DagBag from /home/airflow/.local/lib/python3.8/site-packages/airflow/example_dags/example_setup_teardown.py
[2024-03-26T09:07:40.116+0000] {processor.py:840} INFO - DAG(s) 'example_setup_teardown' retrieved from /home/airflow/.local/lib/python3.8/site-packages/airflow/example_dags/example_setup_teardown.py
[2024-03-26T09:07:40.126+0000] {logging_mixin.py:188} INFO - [2024-03-26T09:07:40.126+0000] {dag.py:3036} INFO - Sync 1 DAGs
[2024-03-26T09:07:40.148+0000] {logging_mixin.py:188} INFO - [2024-03-26T09:07:40.148+0000] {dag.py:3823} INFO - Setting next_dagrun for example_setup_teardown to 2024-03-25 00:00:00+00:00, run_after=2024-03-26 00:00:00+00:00
[2024-03-26T09:07:40.166+0000] {processor.py:183} INFO - Processing /home/airflow/.local/lib/python3.8/site-packages/airflow/example_dags/example_setup_teardown.py took 0.062 seconds
[2024-03-26T09:08:10.321+0000] {processor.py:161} INFO - Started process (PID=102) to work on /home/airflow/.local/lib/python3.8/site-packages/airflow/example_dags/example_setup_teardown.py
[2024-03-26T09:08:10.322+0000] {processor.py:830} INFO - Processing file /home/airflow/.local/lib/python3.8/site-packages/airflow/example_dags/example_setup_teardown.py for tasks to queue
[2024-03-26T09:08:10.324+0000] {logging_mixin.py:188} INFO - [2024-03-26T09:08:10.323+0000] {dagbag.py:538} INFO - Filling up the DagBag from /home/airflow/.local/lib/python3.8/site-packages/airflow/example_dags/example_setup_teardown.py
[2024-03-26T09:08:10.328+0000] {processor.py:840} INFO - DAG(s) 'example_setup_teardown' retrieved from /home/airflow/.local/lib/python3.8/site-packages/airflow/example_dags/example_setup_teardown.py
[2024-03-26T09:08:10.411+0000] {logging_mixin.py:188} INFO - [2024-03-26T09:08:10.411+0000] {dag.py:3036} INFO - Sync 1 DAGs
[2024-03-26T09:08:10.428+0000] {logging_mixin.py:188} INFO - [2024-03-26T09:08:10.428+0000] {dag.py:3823} INFO - Setting next_dagrun for example_setup_teardown to 2024-03-25 00:00:00+00:00, run_after=2024-03-26 00:00:00+00:00
[2024-03-26T09:08:10.443+0000] {processor.py:183} INFO - Processing /home/airflow/.local/lib/python3.8/site-packages/airflow/example_dags/example_setup_teardown.py took 0.124 seconds
[2024-03-26T09:08:40.834+0000] {processor.py:161} INFO - Started process (PID=159) to work on /home/airflow/.local/lib/python3.8/site-packages/airflow/example_dags/example_setup_teardown.py
[2024-03-26T09:08:40.835+0000] {processor.py:830} INFO - Processing file /home/airflow/.local/lib/python3.8/site-packages/airflow/example_dags/example_setup_teardown.py for tasks to queue
[2024-03-26T09:08:40.836+0000] {logging_mixin.py:188} INFO - [2024-03-26T09:08:40.836+0000] {dagbag.py:538} INFO - Filling up the DagBag from /home/airflow/.local/lib/python3.8/site-packages/airflow/example_dags/example_setup_teardown.py
[2024-03-26T09:08:40.841+0000] {processor.py:840} INFO - DAG(s) 'example_setup_teardown' retrieved from /home/airflow/.local/lib/python3.8/site-packages/airflow/example_dags/example_setup_teardown.py
[2024-03-26T09:08:40.856+0000] {logging_mixin.py:188} INFO - [2024-03-26T09:08:40.856+0000] {dag.py:3036} INFO - Sync 1 DAGs
[2024-03-26T09:08:40.874+0000] {logging_mixin.py:188} INFO - [2024-03-26T09:08:40.874+0000] {dag.py:3823} INFO - Setting next_dagrun for example_setup_teardown to 2024-03-25 00:00:00+00:00, run_after=2024-03-26 00:00:00+00:00
[2024-03-26T09:08:40.889+0000] {processor.py:183} INFO - Processing /home/airflow/.local/lib/python3.8/site-packages/airflow/example_dags/example_setup_teardown.py took 0.057 seconds
[2024-03-26T09:09:10.926+0000] {processor.py:161} INFO - Started process (PID=216) to work on /home/airflow/.local/lib/python3.8/site-packages/airflow/example_dags/example_setup_teardown.py
[2024-03-26T09:09:10.927+0000] {processor.py:830} INFO - Processing file /home/airflow/.local/lib/python3.8/site-packages/airflow/example_dags/example_setup_teardown.py for tasks to queue
[2024-03-26T09:09:10.929+0000] {logging_mixin.py:188} INFO - [2024-03-26T09:09:10.928+0000] {dagbag.py:538} INFO - Filling up the DagBag from /home/airflow/.local/lib/python3.8/site-packages/airflow/example_dags/example_setup_teardown.py
[2024-03-26T09:09:10.934+0000] {processor.py:840} INFO - DAG(s) 'example_setup_teardown' retrieved from /home/airflow/.local/lib/python3.8/site-packages/airflow/example_dags/example_setup_teardown.py
[2024-03-26T09:09:10.952+0000] {logging_mixin.py:188} INFO - [2024-03-26T09:09:10.952+0000] {dag.py:3036} INFO - Sync 1 DAGs
[2024-03-26T09:09:10.970+0000] {logging_mixin.py:188} INFO - [2024-03-26T09:09:10.970+0000] {dag.py:3823} INFO - Setting next_dagrun for example_setup_teardown to 2024-03-25 00:00:00+00:00, run_after=2024-03-26 00:00:00+00:00
[2024-03-26T09:09:10.987+0000] {processor.py:183} INFO - Processing /home/airflow/.local/lib/python3.8/site-packages/airflow/example_dags/example_setup_teardown.py took 0.063 seconds
[2024-03-26T09:09:41.447+0000] {processor.py:161} INFO - Started process (PID=273) to work on /home/airflow/.local/lib/python3.8/site-packages/airflow/example_dags/example_setup_teardown.py
[2024-03-26T09:09:41.448+0000] {processor.py:830} INFO - Processing file /home/airflow/.local/lib/python3.8/site-packages/airflow/example_dags/example_setup_teardown.py for tasks to queue
[2024-03-26T09:09:41.449+0000] {logging_mixin.py:188} INFO - [2024-03-26T09:09:41.449+0000] {dagbag.py:538} INFO - Filling up the DagBag from /home/airflow/.local/lib/python3.8/site-packages/airflow/example_dags/example_setup_teardown.py
[2024-03-26T09:09:41.455+0000] {processor.py:840} INFO - DAG(s) 'example_setup_teardown' retrieved from /home/airflow/.local/lib/python3.8/site-packages/airflow/example_dags/example_setup_teardown.py
[2024-03-26T09:09:41.473+0000] {logging_mixin.py:188} INFO - [2024-03-26T09:09:41.472+0000] {dag.py:3036} INFO - Sync 1 DAGs
[2024-03-26T09:09:41.496+0000] {logging_mixin.py:188} INFO - [2024-03-26T09:09:41.495+0000] {dag.py:3823} INFO - Setting next_dagrun for example_setup_teardown to 2024-03-25 00:00:00+00:00, run_after=2024-03-26 00:00:00+00:00
[2024-03-26T09:09:41.513+0000] {processor.py:183} INFO - Processing /home/airflow/.local/lib/python3.8/site-packages/airflow/example_dags/example_setup_teardown.py took 0.068 seconds
[2024-03-26T09:10:12.028+0000] {processor.py:161} INFO - Started process (PID=330) to work on /home/airflow/.local/lib/python3.8/site-packages/airflow/example_dags/example_setup_teardown.py
[2024-03-26T09:10:12.029+0000] {processor.py:830} INFO - Processing file /home/airflow/.local/lib/python3.8/site-packages/airflow/example_dags/example_setup_teardown.py for tasks to queue
[2024-03-26T09:10:12.031+0000] {logging_mixin.py:188} INFO - [2024-03-26T09:10:12.030+0000] {dagbag.py:538} INFO - Filling up the DagBag from /home/airflow/.local/lib/python3.8/site-packages/airflow/example_dags/example_setup_teardown.py
[2024-03-26T09:10:12.036+0000] {processor.py:840} INFO - DAG(s) 'example_setup_teardown' retrieved from /home/airflow/.local/lib/python3.8/site-packages/airflow/example_dags/example_setup_teardown.py
[2024-03-26T09:10:12.052+0000] {logging_mixin.py:188} INFO - [2024-03-26T09:10:12.052+0000] {dag.py:3036} INFO - Sync 1 DAGs
[2024-03-26T09:10:12.070+0000] {logging_mixin.py:188} INFO - [2024-03-26T09:10:12.070+0000] {dag.py:3823} INFO - Setting next_dagrun for example_setup_teardown to 2024-03-25 00:00:00+00:00, run_after=2024-03-26 00:00:00+00:00
[2024-03-26T09:10:12.086+0000] {processor.py:183} INFO - Processing /home/airflow/.local/lib/python3.8/site-packages/airflow/example_dags/example_setup_teardown.py took 0.060 seconds
[2024-03-26T09:50:55.917+0000] {processor.py:161} INFO - Started process (PID=45) to work on /home/airflow/.local/lib/python3.8/site-packages/airflow/example_dags/example_setup_teardown.py
[2024-03-26T09:50:55.919+0000] {processor.py:830} INFO - Processing file /home/airflow/.local/lib/python3.8/site-packages/airflow/example_dags/example_setup_teardown.py for tasks to queue
[2024-03-26T09:50:55.922+0000] {logging_mixin.py:188} INFO - [2024-03-26T09:50:55.921+0000] {dagbag.py:538} INFO - Filling up the DagBag from /home/airflow/.local/lib/python3.8/site-packages/airflow/example_dags/example_setup_teardown.py
[2024-03-26T09:50:55.934+0000] {processor.py:840} INFO - DAG(s) 'example_setup_teardown' retrieved from /home/airflow/.local/lib/python3.8/site-packages/airflow/example_dags/example_setup_teardown.py
[2024-03-26T09:50:55.948+0000] {logging_mixin.py:188} INFO - [2024-03-26T09:50:55.948+0000] {dag.py:3036} INFO - Sync 1 DAGs
[2024-03-26T09:50:55.974+0000] {logging_mixin.py:188} INFO - [2024-03-26T09:50:55.974+0000] {dag.py:3823} INFO - Setting next_dagrun for example_setup_teardown to 2024-03-25 00:00:00+00:00, run_after=2024-03-26 00:00:00+00:00
[2024-03-26T09:50:55.994+0000] {processor.py:183} INFO - Processing /home/airflow/.local/lib/python3.8/site-packages/airflow/example_dags/example_setup_teardown.py took 0.082 seconds
[2024-03-26T09:51:26.405+0000] {processor.py:161} INFO - Started process (PID=101) to work on /home/airflow/.local/lib/python3.8/site-packages/airflow/example_dags/example_setup_teardown.py
[2024-03-26T09:51:26.406+0000] {processor.py:830} INFO - Processing file /home/airflow/.local/lib/python3.8/site-packages/airflow/example_dags/example_setup_teardown.py for tasks to queue
[2024-03-26T09:51:26.408+0000] {logging_mixin.py:188} INFO - [2024-03-26T09:51:26.407+0000] {dagbag.py:538} INFO - Filling up the DagBag from /home/airflow/.local/lib/python3.8/site-packages/airflow/example_dags/example_setup_teardown.py
[2024-03-26T09:51:26.413+0000] {processor.py:840} INFO - DAG(s) 'example_setup_teardown' retrieved from /home/airflow/.local/lib/python3.8/site-packages/airflow/example_dags/example_setup_teardown.py
[2024-03-26T09:51:26.497+0000] {logging_mixin.py:188} INFO - [2024-03-26T09:51:26.497+0000] {dag.py:3036} INFO - Sync 1 DAGs
[2024-03-26T09:51:26.514+0000] {logging_mixin.py:188} INFO - [2024-03-26T09:51:26.513+0000] {dag.py:3823} INFO - Setting next_dagrun for example_setup_teardown to 2024-03-25 00:00:00+00:00, run_after=2024-03-26 00:00:00+00:00
[2024-03-26T09:51:26.530+0000] {processor.py:183} INFO - Processing /home/airflow/.local/lib/python3.8/site-packages/airflow/example_dags/example_setup_teardown.py took 0.127 seconds
[2024-03-26T09:51:56.746+0000] {processor.py:161} INFO - Started process (PID=158) to work on /home/airflow/.local/lib/python3.8/site-packages/airflow/example_dags/example_setup_teardown.py
[2024-03-26T09:51:56.747+0000] {processor.py:830} INFO - Processing file /home/airflow/.local/lib/python3.8/site-packages/airflow/example_dags/example_setup_teardown.py for tasks to queue
[2024-03-26T09:51:56.749+0000] {logging_mixin.py:188} INFO - [2024-03-26T09:51:56.749+0000] {dagbag.py:538} INFO - Filling up the DagBag from /home/airflow/.local/lib/python3.8/site-packages/airflow/example_dags/example_setup_teardown.py
[2024-03-26T09:51:56.754+0000] {processor.py:840} INFO - DAG(s) 'example_setup_teardown' retrieved from /home/airflow/.local/lib/python3.8/site-packages/airflow/example_dags/example_setup_teardown.py
[2024-03-26T09:51:56.771+0000] {logging_mixin.py:188} INFO - [2024-03-26T09:51:56.771+0000] {dag.py:3036} INFO - Sync 1 DAGs
[2024-03-26T09:51:56.789+0000] {logging_mixin.py:188} INFO - [2024-03-26T09:51:56.789+0000] {dag.py:3823} INFO - Setting next_dagrun for example_setup_teardown to 2024-03-25 00:00:00+00:00, run_after=2024-03-26 00:00:00+00:00
[2024-03-26T09:51:56.804+0000] {processor.py:183} INFO - Processing /home/airflow/.local/lib/python3.8/site-packages/airflow/example_dags/example_setup_teardown.py took 0.060 seconds
[2024-03-26T09:52:27.379+0000] {processor.py:161} INFO - Started process (PID=215) to work on /home/airflow/.local/lib/python3.8/site-packages/airflow/example_dags/example_setup_teardown.py
[2024-03-26T09:52:27.380+0000] {processor.py:830} INFO - Processing file /home/airflow/.local/lib/python3.8/site-packages/airflow/example_dags/example_setup_teardown.py for tasks to queue
[2024-03-26T09:52:27.382+0000] {logging_mixin.py:188} INFO - [2024-03-26T09:52:27.382+0000] {dagbag.py:538} INFO - Filling up the DagBag from /home/airflow/.local/lib/python3.8/site-packages/airflow/example_dags/example_setup_teardown.py
[2024-03-26T09:52:27.389+0000] {processor.py:840} INFO - DAG(s) 'example_setup_teardown' retrieved from /home/airflow/.local/lib/python3.8/site-packages/airflow/example_dags/example_setup_teardown.py
[2024-03-26T09:52:27.405+0000] {logging_mixin.py:188} INFO - [2024-03-26T09:52:27.405+0000] {dag.py:3036} INFO - Sync 1 DAGs
[2024-03-26T09:52:27.424+0000] {logging_mixin.py:188} INFO - [2024-03-26T09:52:27.423+0000] {dag.py:3823} INFO - Setting next_dagrun for example_setup_teardown to 2024-03-25 00:00:00+00:00, run_after=2024-03-26 00:00:00+00:00
[2024-03-26T09:52:27.440+0000] {processor.py:183} INFO - Processing /home/airflow/.local/lib/python3.8/site-packages/airflow/example_dags/example_setup_teardown.py took 0.063 seconds
[2024-03-26T09:52:57.503+0000] {processor.py:161} INFO - Started process (PID=272) to work on /home/airflow/.local/lib/python3.8/site-packages/airflow/example_dags/example_setup_teardown.py
[2024-03-26T09:52:57.504+0000] {processor.py:830} INFO - Processing file /home/airflow/.local/lib/python3.8/site-packages/airflow/example_dags/example_setup_teardown.py for tasks to queue
[2024-03-26T09:52:57.505+0000] {logging_mixin.py:188} INFO - [2024-03-26T09:52:57.505+0000] {dagbag.py:538} INFO - Filling up the DagBag from /home/airflow/.local/lib/python3.8/site-packages/airflow/example_dags/example_setup_teardown.py
[2024-03-26T09:52:57.510+0000] {processor.py:840} INFO - DAG(s) 'example_setup_teardown' retrieved from /home/airflow/.local/lib/python3.8/site-packages/airflow/example_dags/example_setup_teardown.py
[2024-03-26T09:52:57.529+0000] {logging_mixin.py:188} INFO - [2024-03-26T09:52:57.529+0000] {dag.py:3036} INFO - Sync 1 DAGs
[2024-03-26T09:52:57.546+0000] {logging_mixin.py:188} INFO - [2024-03-26T09:52:57.546+0000] {dag.py:3823} INFO - Setting next_dagrun for example_setup_teardown to 2024-03-25 00:00:00+00:00, run_after=2024-03-26 00:00:00+00:00
[2024-03-26T09:52:57.561+0000] {processor.py:183} INFO - Processing /home/airflow/.local/lib/python3.8/site-packages/airflow/example_dags/example_setup_teardown.py took 0.061 seconds
[2024-03-26T09:53:27.901+0000] {processor.py:161} INFO - Started process (PID=329) to work on /home/airflow/.local/lib/python3.8/site-packages/airflow/example_dags/example_setup_teardown.py
[2024-03-26T09:53:27.902+0000] {processor.py:830} INFO - Processing file /home/airflow/.local/lib/python3.8/site-packages/airflow/example_dags/example_setup_teardown.py for tasks to queue
[2024-03-26T09:53:27.903+0000] {logging_mixin.py:188} INFO - [2024-03-26T09:53:27.903+0000] {dagbag.py:538} INFO - Filling up the DagBag from /home/airflow/.local/lib/python3.8/site-packages/airflow/example_dags/example_setup_teardown.py
[2024-03-26T09:53:27.909+0000] {processor.py:840} INFO - DAG(s) 'example_setup_teardown' retrieved from /home/airflow/.local/lib/python3.8/site-packages/airflow/example_dags/example_setup_teardown.py
[2024-03-26T09:53:27.924+0000] {logging_mixin.py:188} INFO - [2024-03-26T09:53:27.924+0000] {dag.py:3036} INFO - Sync 1 DAGs
[2024-03-26T09:53:27.941+0000] {logging_mixin.py:188} INFO - [2024-03-26T09:53:27.941+0000] {dag.py:3823} INFO - Setting next_dagrun for example_setup_teardown to 2024-03-25 00:00:00+00:00, run_after=2024-03-26 00:00:00+00:00
[2024-03-26T09:53:27.955+0000] {processor.py:183} INFO - Processing /home/airflow/.local/lib/python3.8/site-packages/airflow/example_dags/example_setup_teardown.py took 0.056 seconds
[2024-03-26T09:53:58.024+0000] {processor.py:161} INFO - Started process (PID=386) to work on /home/airflow/.local/lib/python3.8/site-packages/airflow/example_dags/example_setup_teardown.py
[2024-03-26T09:53:58.025+0000] {processor.py:830} INFO - Processing file /home/airflow/.local/lib/python3.8/site-packages/airflow/example_dags/example_setup_teardown.py for tasks to queue
[2024-03-26T09:53:58.027+0000] {logging_mixin.py:188} INFO - [2024-03-26T09:53:58.026+0000] {dagbag.py:538} INFO - Filling up the DagBag from /home/airflow/.local/lib/python3.8/site-packages/airflow/example_dags/example_setup_teardown.py
[2024-03-26T09:53:58.032+0000] {processor.py:840} INFO - DAG(s) 'example_setup_teardown' retrieved from /home/airflow/.local/lib/python3.8/site-packages/airflow/example_dags/example_setup_teardown.py
[2024-03-26T09:53:58.047+0000] {logging_mixin.py:188} INFO - [2024-03-26T09:53:58.047+0000] {dag.py:3036} INFO - Sync 1 DAGs
[2024-03-26T09:53:58.064+0000] {logging_mixin.py:188} INFO - [2024-03-26T09:53:58.064+0000] {dag.py:3823} INFO - Setting next_dagrun for example_setup_teardown to 2024-03-25 00:00:00+00:00, run_after=2024-03-26 00:00:00+00:00
[2024-03-26T09:53:58.078+0000] {processor.py:183} INFO - Processing /home/airflow/.local/lib/python3.8/site-packages/airflow/example_dags/example_setup_teardown.py took 0.056 seconds
[2024-03-26T09:54:28.495+0000] {processor.py:161} INFO - Started process (PID=443) to work on /home/airflow/.local/lib/python3.8/site-packages/airflow/example_dags/example_setup_teardown.py
[2024-03-26T09:54:28.496+0000] {processor.py:830} INFO - Processing file /home/airflow/.local/lib/python3.8/site-packages/airflow/example_dags/example_setup_teardown.py for tasks to queue
[2024-03-26T09:54:28.498+0000] {logging_mixin.py:188} INFO - [2024-03-26T09:54:28.497+0000] {dagbag.py:538} INFO - Filling up the DagBag from /home/airflow/.local/lib/python3.8/site-packages/airflow/example_dags/example_setup_teardown.py
[2024-03-26T09:54:28.503+0000] {processor.py:840} INFO - DAG(s) 'example_setup_teardown' retrieved from /home/airflow/.local/lib/python3.8/site-packages/airflow/example_dags/example_setup_teardown.py
[2024-03-26T09:54:28.519+0000] {logging_mixin.py:188} INFO - [2024-03-26T09:54:28.519+0000] {dag.py:3036} INFO - Sync 1 DAGs
[2024-03-26T09:54:28.537+0000] {logging_mixin.py:188} INFO - [2024-03-26T09:54:28.537+0000] {dag.py:3823} INFO - Setting next_dagrun for example_setup_teardown to 2024-03-25 00:00:00+00:00, run_after=2024-03-26 00:00:00+00:00
[2024-03-26T09:54:28.552+0000] {processor.py:183} INFO - Processing /home/airflow/.local/lib/python3.8/site-packages/airflow/example_dags/example_setup_teardown.py took 0.059 seconds
[2024-03-26T09:54:59.062+0000] {processor.py:161} INFO - Started process (PID=500) to work on /home/airflow/.local/lib/python3.8/site-packages/airflow/example_dags/example_setup_teardown.py
[2024-03-26T09:54:59.063+0000] {processor.py:830} INFO - Processing file /home/airflow/.local/lib/python3.8/site-packages/airflow/example_dags/example_setup_teardown.py for tasks to queue
[2024-03-26T09:54:59.065+0000] {logging_mixin.py:188} INFO - [2024-03-26T09:54:59.065+0000] {dagbag.py:538} INFO - Filling up the DagBag from /home/airflow/.local/lib/python3.8/site-packages/airflow/example_dags/example_setup_teardown.py
[2024-03-26T09:54:59.070+0000] {processor.py:840} INFO - DAG(s) 'example_setup_teardown' retrieved from /home/airflow/.local/lib/python3.8/site-packages/airflow/example_dags/example_setup_teardown.py
[2024-03-26T09:54:59.090+0000] {logging_mixin.py:188} INFO - [2024-03-26T09:54:59.090+0000] {dag.py:3036} INFO - Sync 1 DAGs
[2024-03-26T09:54:59.109+0000] {logging_mixin.py:188} INFO - [2024-03-26T09:54:59.109+0000] {dag.py:3823} INFO - Setting next_dagrun for example_setup_teardown to 2024-03-25 00:00:00+00:00, run_after=2024-03-26 00:00:00+00:00
[2024-03-26T09:54:59.125+0000] {processor.py:183} INFO - Processing /home/airflow/.local/lib/python3.8/site-packages/airflow/example_dags/example_setup_teardown.py took 0.065 seconds
[2024-03-26T09:55:29.731+0000] {processor.py:161} INFO - Started process (PID=557) to work on /home/airflow/.local/lib/python3.8/site-packages/airflow/example_dags/example_setup_teardown.py
[2024-03-26T09:55:29.732+0000] {processor.py:830} INFO - Processing file /home/airflow/.local/lib/python3.8/site-packages/airflow/example_dags/example_setup_teardown.py for tasks to queue
[2024-03-26T09:55:29.733+0000] {logging_mixin.py:188} INFO - [2024-03-26T09:55:29.733+0000] {dagbag.py:538} INFO - Filling up the DagBag from /home/airflow/.local/lib/python3.8/site-packages/airflow/example_dags/example_setup_teardown.py
[2024-03-26T09:55:29.738+0000] {processor.py:840} INFO - DAG(s) 'example_setup_teardown' retrieved from /home/airflow/.local/lib/python3.8/site-packages/airflow/example_dags/example_setup_teardown.py
[2024-03-26T09:55:29.754+0000] {logging_mixin.py:188} INFO - [2024-03-26T09:55:29.754+0000] {dag.py:3036} INFO - Sync 1 DAGs
[2024-03-26T09:55:29.773+0000] {logging_mixin.py:188} INFO - [2024-03-26T09:55:29.772+0000] {dag.py:3823} INFO - Setting next_dagrun for example_setup_teardown to 2024-03-25 00:00:00+00:00, run_after=2024-03-26 00:00:00+00:00
[2024-03-26T09:55:29.788+0000] {processor.py:183} INFO - Processing /home/airflow/.local/lib/python3.8/site-packages/airflow/example_dags/example_setup_teardown.py took 0.060 seconds
[2024-03-26T09:56:00.256+0000] {processor.py:161} INFO - Started process (PID=614) to work on /home/airflow/.local/lib/python3.8/site-packages/airflow/example_dags/example_setup_teardown.py
[2024-03-26T09:56:00.257+0000] {processor.py:830} INFO - Processing file /home/airflow/.local/lib/python3.8/site-packages/airflow/example_dags/example_setup_teardown.py for tasks to queue
[2024-03-26T09:56:00.258+0000] {logging_mixin.py:188} INFO - [2024-03-26T09:56:00.258+0000] {dagbag.py:538} INFO - Filling up the DagBag from /home/airflow/.local/lib/python3.8/site-packages/airflow/example_dags/example_setup_teardown.py
[2024-03-26T09:56:00.263+0000] {processor.py:840} INFO - DAG(s) 'example_setup_teardown' retrieved from /home/airflow/.local/lib/python3.8/site-packages/airflow/example_dags/example_setup_teardown.py
[2024-03-26T09:56:00.278+0000] {logging_mixin.py:188} INFO - [2024-03-26T09:56:00.278+0000] {dag.py:3036} INFO - Sync 1 DAGs
[2024-03-26T09:56:00.296+0000] {logging_mixin.py:188} INFO - [2024-03-26T09:56:00.296+0000] {dag.py:3823} INFO - Setting next_dagrun for example_setup_teardown to 2024-03-25 00:00:00+00:00, run_after=2024-03-26 00:00:00+00:00
[2024-03-26T09:56:00.312+0000] {processor.py:183} INFO - Processing /home/airflow/.local/lib/python3.8/site-packages/airflow/example_dags/example_setup_teardown.py took 0.059 seconds
[2024-03-26T09:57:45.652+0000] {processor.py:161} INFO - Started process (PID=45) to work on /home/airflow/.local/lib/python3.8/site-packages/airflow/example_dags/example_setup_teardown.py
[2024-03-26T09:57:45.653+0000] {processor.py:830} INFO - Processing file /home/airflow/.local/lib/python3.8/site-packages/airflow/example_dags/example_setup_teardown.py for tasks to queue
[2024-03-26T09:57:45.654+0000] {logging_mixin.py:188} INFO - [2024-03-26T09:57:45.654+0000] {dagbag.py:538} INFO - Filling up the DagBag from /home/airflow/.local/lib/python3.8/site-packages/airflow/example_dags/example_setup_teardown.py
[2024-03-26T09:57:45.662+0000] {processor.py:840} INFO - DAG(s) 'example_setup_teardown' retrieved from /home/airflow/.local/lib/python3.8/site-packages/airflow/example_dags/example_setup_teardown.py
[2024-03-26T09:57:45.679+0000] {logging_mixin.py:188} INFO - [2024-03-26T09:57:45.678+0000] {dag.py:3036} INFO - Sync 1 DAGs
[2024-03-26T09:57:45.710+0000] {logging_mixin.py:188} INFO - [2024-03-26T09:57:45.709+0000] {dag.py:3823} INFO - Setting next_dagrun for example_setup_teardown to 2024-03-25 00:00:00+00:00, run_after=2024-03-26 00:00:00+00:00
[2024-03-26T09:57:45.734+0000] {processor.py:183} INFO - Processing /home/airflow/.local/lib/python3.8/site-packages/airflow/example_dags/example_setup_teardown.py took 0.085 seconds
[2024-03-26T09:58:16.096+0000] {processor.py:161} INFO - Started process (PID=101) to work on /home/airflow/.local/lib/python3.8/site-packages/airflow/example_dags/example_setup_teardown.py
[2024-03-26T09:58:16.097+0000] {processor.py:830} INFO - Processing file /home/airflow/.local/lib/python3.8/site-packages/airflow/example_dags/example_setup_teardown.py for tasks to queue
[2024-03-26T09:58:16.098+0000] {logging_mixin.py:188} INFO - [2024-03-26T09:58:16.098+0000] {dagbag.py:538} INFO - Filling up the DagBag from /home/airflow/.local/lib/python3.8/site-packages/airflow/example_dags/example_setup_teardown.py
[2024-03-26T09:58:16.104+0000] {processor.py:840} INFO - DAG(s) 'example_setup_teardown' retrieved from /home/airflow/.local/lib/python3.8/site-packages/airflow/example_dags/example_setup_teardown.py
[2024-03-26T09:58:16.198+0000] {logging_mixin.py:188} INFO - [2024-03-26T09:58:16.198+0000] {dag.py:3036} INFO - Sync 1 DAGs
[2024-03-26T09:58:16.217+0000] {logging_mixin.py:188} INFO - [2024-03-26T09:58:16.217+0000] {dag.py:3823} INFO - Setting next_dagrun for example_setup_teardown to 2024-03-25 00:00:00+00:00, run_after=2024-03-26 00:00:00+00:00
[2024-03-26T09:58:16.234+0000] {processor.py:183} INFO - Processing /home/airflow/.local/lib/python3.8/site-packages/airflow/example_dags/example_setup_teardown.py took 0.141 seconds
[2024-03-26T09:58:46.535+0000] {processor.py:161} INFO - Started process (PID=158) to work on /home/airflow/.local/lib/python3.8/site-packages/airflow/example_dags/example_setup_teardown.py
[2024-03-26T09:58:46.536+0000] {processor.py:830} INFO - Processing file /home/airflow/.local/lib/python3.8/site-packages/airflow/example_dags/example_setup_teardown.py for tasks to queue
[2024-03-26T09:58:46.537+0000] {logging_mixin.py:188} INFO - [2024-03-26T09:58:46.537+0000] {dagbag.py:538} INFO - Filling up the DagBag from /home/airflow/.local/lib/python3.8/site-packages/airflow/example_dags/example_setup_teardown.py
[2024-03-26T09:58:46.544+0000] {processor.py:840} INFO - DAG(s) 'example_setup_teardown' retrieved from /home/airflow/.local/lib/python3.8/site-packages/airflow/example_dags/example_setup_teardown.py
[2024-03-26T09:58:46.561+0000] {logging_mixin.py:188} INFO - [2024-03-26T09:58:46.561+0000] {dag.py:3036} INFO - Sync 1 DAGs
[2024-03-26T09:58:46.581+0000] {logging_mixin.py:188} INFO - [2024-03-26T09:58:46.580+0000] {dag.py:3823} INFO - Setting next_dagrun for example_setup_teardown to 2024-03-25 00:00:00+00:00, run_after=2024-03-26 00:00:00+00:00
[2024-03-26T09:58:46.598+0000] {processor.py:183} INFO - Processing /home/airflow/.local/lib/python3.8/site-packages/airflow/example_dags/example_setup_teardown.py took 0.067 seconds
[2024-03-26T10:11:02.393+0000] {processor.py:161} INFO - Started process (PID=45) to work on /home/airflow/.local/lib/python3.8/site-packages/airflow/example_dags/example_setup_teardown.py
[2024-03-26T10:11:02.394+0000] {processor.py:830} INFO - Processing file /home/airflow/.local/lib/python3.8/site-packages/airflow/example_dags/example_setup_teardown.py for tasks to queue
[2024-03-26T10:11:02.396+0000] {logging_mixin.py:188} INFO - [2024-03-26T10:11:02.395+0000] {dagbag.py:538} INFO - Filling up the DagBag from /home/airflow/.local/lib/python3.8/site-packages/airflow/example_dags/example_setup_teardown.py
[2024-03-26T10:11:02.404+0000] {processor.py:840} INFO - DAG(s) 'example_setup_teardown' retrieved from /home/airflow/.local/lib/python3.8/site-packages/airflow/example_dags/example_setup_teardown.py
[2024-03-26T10:11:02.414+0000] {logging_mixin.py:188} INFO - [2024-03-26T10:11:02.414+0000] {dag.py:3036} INFO - Sync 1 DAGs
[2024-03-26T10:11:02.438+0000] {logging_mixin.py:188} INFO - [2024-03-26T10:11:02.438+0000] {dag.py:3823} INFO - Setting next_dagrun for example_setup_teardown to 2024-03-25 00:00:00+00:00, run_after=2024-03-26 00:00:00+00:00
[2024-03-26T10:11:02.456+0000] {processor.py:183} INFO - Processing /home/airflow/.local/lib/python3.8/site-packages/airflow/example_dags/example_setup_teardown.py took 0.066 seconds
[2024-03-26T10:11:33.425+0000] {processor.py:161} INFO - Started process (PID=101) to work on /home/airflow/.local/lib/python3.8/site-packages/airflow/example_dags/example_setup_teardown.py
[2024-03-26T10:11:33.426+0000] {processor.py:830} INFO - Processing file /home/airflow/.local/lib/python3.8/site-packages/airflow/example_dags/example_setup_teardown.py for tasks to queue
[2024-03-26T10:11:33.428+0000] {logging_mixin.py:188} INFO - [2024-03-26T10:11:33.428+0000] {dagbag.py:538} INFO - Filling up the DagBag from /home/airflow/.local/lib/python3.8/site-packages/airflow/example_dags/example_setup_teardown.py
[2024-03-26T10:11:33.433+0000] {processor.py:840} INFO - DAG(s) 'example_setup_teardown' retrieved from /home/airflow/.local/lib/python3.8/site-packages/airflow/example_dags/example_setup_teardown.py
[2024-03-26T10:11:33.519+0000] {logging_mixin.py:188} INFO - [2024-03-26T10:11:33.519+0000] {dag.py:3036} INFO - Sync 1 DAGs
[2024-03-26T10:11:33.543+0000] {logging_mixin.py:188} INFO - [2024-03-26T10:11:33.542+0000] {dag.py:3823} INFO - Setting next_dagrun for example_setup_teardown to 2024-03-25 00:00:00+00:00, run_after=2024-03-26 00:00:00+00:00
[2024-03-26T10:11:33.563+0000] {processor.py:183} INFO - Processing /home/airflow/.local/lib/python3.8/site-packages/airflow/example_dags/example_setup_teardown.py took 0.140 seconds
[2024-03-26T10:12:48.316+0000] {processor.py:161} INFO - Started process (PID=46) to work on /home/airflow/.local/lib/python3.8/site-packages/airflow/example_dags/example_setup_teardown.py
[2024-03-26T10:12:48.317+0000] {processor.py:830} INFO - Processing file /home/airflow/.local/lib/python3.8/site-packages/airflow/example_dags/example_setup_teardown.py for tasks to queue
[2024-03-26T10:12:48.319+0000] {logging_mixin.py:188} INFO - [2024-03-26T10:12:48.318+0000] {dagbag.py:538} INFO - Filling up the DagBag from /home/airflow/.local/lib/python3.8/site-packages/airflow/example_dags/example_setup_teardown.py
[2024-03-26T10:12:48.326+0000] {processor.py:840} INFO - DAG(s) 'example_setup_teardown' retrieved from /home/airflow/.local/lib/python3.8/site-packages/airflow/example_dags/example_setup_teardown.py
[2024-03-26T10:12:48.336+0000] {logging_mixin.py:188} INFO - [2024-03-26T10:12:48.335+0000] {dag.py:3036} INFO - Sync 1 DAGs
[2024-03-26T10:12:48.357+0000] {logging_mixin.py:188} INFO - [2024-03-26T10:12:48.357+0000] {dag.py:3823} INFO - Setting next_dagrun for example_setup_teardown to 2024-03-25 00:00:00+00:00, run_after=2024-03-26 00:00:00+00:00
[2024-03-26T10:12:48.374+0000] {processor.py:183} INFO - Processing /home/airflow/.local/lib/python3.8/site-packages/airflow/example_dags/example_setup_teardown.py took 0.061 seconds
[2024-03-26T10:13:18.491+0000] {processor.py:161} INFO - Started process (PID=101) to work on /home/airflow/.local/lib/python3.8/site-packages/airflow/example_dags/example_setup_teardown.py
[2024-03-26T10:13:18.492+0000] {processor.py:830} INFO - Processing file /home/airflow/.local/lib/python3.8/site-packages/airflow/example_dags/example_setup_teardown.py for tasks to queue
[2024-03-26T10:13:18.493+0000] {logging_mixin.py:188} INFO - [2024-03-26T10:13:18.493+0000] {dagbag.py:538} INFO - Filling up the DagBag from /home/airflow/.local/lib/python3.8/site-packages/airflow/example_dags/example_setup_teardown.py
[2024-03-26T10:13:18.498+0000] {processor.py:840} INFO - DAG(s) 'example_setup_teardown' retrieved from /home/airflow/.local/lib/python3.8/site-packages/airflow/example_dags/example_setup_teardown.py
[2024-03-26T10:13:18.578+0000] {logging_mixin.py:188} INFO - [2024-03-26T10:13:18.578+0000] {dag.py:3036} INFO - Sync 1 DAGs
[2024-03-26T10:13:18.595+0000] {logging_mixin.py:188} INFO - [2024-03-26T10:13:18.595+0000] {dag.py:3823} INFO - Setting next_dagrun for example_setup_teardown to 2024-03-25 00:00:00+00:00, run_after=2024-03-26 00:00:00+00:00
[2024-03-26T10:13:18.610+0000] {processor.py:183} INFO - Processing /home/airflow/.local/lib/python3.8/site-packages/airflow/example_dags/example_setup_teardown.py took 0.122 seconds
[2024-03-26T10:13:48.822+0000] {processor.py:161} INFO - Started process (PID=158) to work on /home/airflow/.local/lib/python3.8/site-packages/airflow/example_dags/example_setup_teardown.py
[2024-03-26T10:13:48.823+0000] {processor.py:830} INFO - Processing file /home/airflow/.local/lib/python3.8/site-packages/airflow/example_dags/example_setup_teardown.py for tasks to queue
[2024-03-26T10:13:48.824+0000] {logging_mixin.py:188} INFO - [2024-03-26T10:13:48.824+0000] {dagbag.py:538} INFO - Filling up the DagBag from /home/airflow/.local/lib/python3.8/site-packages/airflow/example_dags/example_setup_teardown.py
[2024-03-26T10:13:48.829+0000] {processor.py:840} INFO - DAG(s) 'example_setup_teardown' retrieved from /home/airflow/.local/lib/python3.8/site-packages/airflow/example_dags/example_setup_teardown.py
[2024-03-26T10:13:48.846+0000] {logging_mixin.py:188} INFO - [2024-03-26T10:13:48.846+0000] {dag.py:3036} INFO - Sync 1 DAGs
[2024-03-26T10:13:48.864+0000] {logging_mixin.py:188} INFO - [2024-03-26T10:13:48.863+0000] {dag.py:3823} INFO - Setting next_dagrun for example_setup_teardown to 2024-03-25 00:00:00+00:00, run_after=2024-03-26 00:00:00+00:00
[2024-03-26T10:13:48.879+0000] {processor.py:183} INFO - Processing /home/airflow/.local/lib/python3.8/site-packages/airflow/example_dags/example_setup_teardown.py took 0.059 seconds
[2024-03-26T10:14:18.945+0000] {processor.py:161} INFO - Started process (PID=215) to work on /home/airflow/.local/lib/python3.8/site-packages/airflow/example_dags/example_setup_teardown.py
[2024-03-26T10:14:18.946+0000] {processor.py:830} INFO - Processing file /home/airflow/.local/lib/python3.8/site-packages/airflow/example_dags/example_setup_teardown.py for tasks to queue
[2024-03-26T10:14:18.948+0000] {logging_mixin.py:188} INFO - [2024-03-26T10:14:18.948+0000] {dagbag.py:538} INFO - Filling up the DagBag from /home/airflow/.local/lib/python3.8/site-packages/airflow/example_dags/example_setup_teardown.py
[2024-03-26T10:14:18.954+0000] {processor.py:840} INFO - DAG(s) 'example_setup_teardown' retrieved from /home/airflow/.local/lib/python3.8/site-packages/airflow/example_dags/example_setup_teardown.py
[2024-03-26T10:14:18.970+0000] {logging_mixin.py:188} INFO - [2024-03-26T10:14:18.970+0000] {dag.py:3036} INFO - Sync 1 DAGs
[2024-03-26T10:14:18.989+0000] {logging_mixin.py:188} INFO - [2024-03-26T10:14:18.989+0000] {dag.py:3823} INFO - Setting next_dagrun for example_setup_teardown to 2024-03-25 00:00:00+00:00, run_after=2024-03-26 00:00:00+00:00
[2024-03-26T10:14:19.007+0000] {processor.py:183} INFO - Processing /home/airflow/.local/lib/python3.8/site-packages/airflow/example_dags/example_setup_teardown.py took 0.063 seconds
[2024-03-26T10:15:14.323+0000] {processor.py:161} INFO - Started process (PID=45) to work on /home/airflow/.local/lib/python3.8/site-packages/airflow/example_dags/example_setup_teardown.py
[2024-03-26T10:15:14.324+0000] {processor.py:830} INFO - Processing file /home/airflow/.local/lib/python3.8/site-packages/airflow/example_dags/example_setup_teardown.py for tasks to queue
[2024-03-26T10:15:14.326+0000] {logging_mixin.py:188} INFO - [2024-03-26T10:15:14.326+0000] {dagbag.py:538} INFO - Filling up the DagBag from /home/airflow/.local/lib/python3.8/site-packages/airflow/example_dags/example_setup_teardown.py
[2024-03-26T10:15:14.336+0000] {processor.py:840} INFO - DAG(s) 'example_setup_teardown' retrieved from /home/airflow/.local/lib/python3.8/site-packages/airflow/example_dags/example_setup_teardown.py
[2024-03-26T10:15:14.347+0000] {logging_mixin.py:188} INFO - [2024-03-26T10:15:14.346+0000] {dag.py:3036} INFO - Sync 1 DAGs
[2024-03-26T10:15:14.371+0000] {logging_mixin.py:188} INFO - [2024-03-26T10:15:14.370+0000] {dag.py:3823} INFO - Setting next_dagrun for example_setup_teardown to 2024-03-25 00:00:00+00:00, run_after=2024-03-26 00:00:00+00:00
[2024-03-26T10:15:14.391+0000] {processor.py:183} INFO - Processing /home/airflow/.local/lib/python3.8/site-packages/airflow/example_dags/example_setup_teardown.py took 0.071 seconds
[2024-03-26T10:15:44.463+0000] {processor.py:161} INFO - Started process (PID=101) to work on /home/airflow/.local/lib/python3.8/site-packages/airflow/example_dags/example_setup_teardown.py
[2024-03-26T10:15:44.464+0000] {processor.py:830} INFO - Processing file /home/airflow/.local/lib/python3.8/site-packages/airflow/example_dags/example_setup_teardown.py for tasks to queue
[2024-03-26T10:15:44.466+0000] {logging_mixin.py:188} INFO - [2024-03-26T10:15:44.466+0000] {dagbag.py:538} INFO - Filling up the DagBag from /home/airflow/.local/lib/python3.8/site-packages/airflow/example_dags/example_setup_teardown.py
[2024-03-26T10:15:44.473+0000] {processor.py:840} INFO - DAG(s) 'example_setup_teardown' retrieved from /home/airflow/.local/lib/python3.8/site-packages/airflow/example_dags/example_setup_teardown.py
[2024-03-26T10:15:44.575+0000] {logging_mixin.py:188} INFO - [2024-03-26T10:15:44.574+0000] {dag.py:3036} INFO - Sync 1 DAGs
[2024-03-26T10:15:44.595+0000] {logging_mixin.py:188} INFO - [2024-03-26T10:15:44.594+0000] {dag.py:3823} INFO - Setting next_dagrun for example_setup_teardown to 2024-03-25 00:00:00+00:00, run_after=2024-03-26 00:00:00+00:00
[2024-03-26T10:15:44.614+0000] {processor.py:183} INFO - Processing /home/airflow/.local/lib/python3.8/site-packages/airflow/example_dags/example_setup_teardown.py took 0.156 seconds
[2024-03-26T10:17:21.086+0000] {processor.py:161} INFO - Started process (PID=45) to work on /home/airflow/.local/lib/python3.8/site-packages/airflow/example_dags/example_setup_teardown.py
[2024-03-26T10:17:21.087+0000] {processor.py:830} INFO - Processing file /home/airflow/.local/lib/python3.8/site-packages/airflow/example_dags/example_setup_teardown.py for tasks to queue
[2024-03-26T10:17:21.089+0000] {logging_mixin.py:188} INFO - [2024-03-26T10:17:21.089+0000] {dagbag.py:538} INFO - Filling up the DagBag from /home/airflow/.local/lib/python3.8/site-packages/airflow/example_dags/example_setup_teardown.py
[2024-03-26T10:17:21.097+0000] {processor.py:840} INFO - DAG(s) 'example_setup_teardown' retrieved from /home/airflow/.local/lib/python3.8/site-packages/airflow/example_dags/example_setup_teardown.py
[2024-03-26T10:17:21.108+0000] {logging_mixin.py:188} INFO - [2024-03-26T10:17:21.107+0000] {dag.py:3036} INFO - Sync 1 DAGs
[2024-03-26T10:17:21.132+0000] {logging_mixin.py:188} INFO - [2024-03-26T10:17:21.129+0000] {dag.py:3823} INFO - Setting next_dagrun for example_setup_teardown to 2024-03-25 00:00:00+00:00, run_after=2024-03-26 00:00:00+00:00
[2024-03-26T10:17:21.152+0000] {processor.py:183} INFO - Processing /home/airflow/.local/lib/python3.8/site-packages/airflow/example_dags/example_setup_teardown.py took 0.068 seconds
[2024-03-26T10:17:51.865+0000] {processor.py:161} INFO - Started process (PID=101) to work on /home/airflow/.local/lib/python3.8/site-packages/airflow/example_dags/example_setup_teardown.py
[2024-03-26T10:17:51.865+0000] {processor.py:830} INFO - Processing file /home/airflow/.local/lib/python3.8/site-packages/airflow/example_dags/example_setup_teardown.py for tasks to queue
[2024-03-26T10:17:51.867+0000] {logging_mixin.py:188} INFO - [2024-03-26T10:17:51.867+0000] {dagbag.py:538} INFO - Filling up the DagBag from /home/airflow/.local/lib/python3.8/site-packages/airflow/example_dags/example_setup_teardown.py
[2024-03-26T10:17:51.872+0000] {processor.py:840} INFO - DAG(s) 'example_setup_teardown' retrieved from /home/airflow/.local/lib/python3.8/site-packages/airflow/example_dags/example_setup_teardown.py
[2024-03-26T10:17:51.956+0000] {logging_mixin.py:188} INFO - [2024-03-26T10:17:51.955+0000] {dag.py:3036} INFO - Sync 1 DAGs
[2024-03-26T10:17:51.972+0000] {logging_mixin.py:188} INFO - [2024-03-26T10:17:51.971+0000] {dag.py:3823} INFO - Setting next_dagrun for example_setup_teardown to 2024-03-25 00:00:00+00:00, run_after=2024-03-26 00:00:00+00:00
[2024-03-26T10:17:51.987+0000] {processor.py:183} INFO - Processing /home/airflow/.local/lib/python3.8/site-packages/airflow/example_dags/example_setup_teardown.py took 0.124 seconds
