[2024-03-26T08:41:08.081+0000] {processor.py:161} INFO - Started process (PID=80) to work on /home/airflow/.local/lib/python3.8/site-packages/airflow/example_dags/example_python_operator.py
[2024-03-26T08:41:08.084+0000] {processor.py:830} INFO - Processing file /home/airflow/.local/lib/python3.8/site-packages/airflow/example_dags/example_python_operator.py for tasks to queue
[2024-03-26T08:41:08.089+0000] {logging_mixin.py:188} INFO - [2024-03-26T08:41:08.089+0000] {dagbag.py:538} INFO - Filling up the DagBag from /home/airflow/.local/lib/python3.8/site-packages/airflow/example_dags/example_python_operator.py
[2024-03-26T08:41:08.103+0000] {processor.py:840} INFO - DAG(s) 'example_python_operator' retrieved from /home/airflow/.local/lib/python3.8/site-packages/airflow/example_dags/example_python_operator.py
[2024-03-26T08:41:08.118+0000] {logging_mixin.py:188} INFO - [2024-03-26T08:41:08.118+0000] {dag.py:3036} INFO - Sync 1 DAGs
[2024-03-26T08:41:08.133+0000] {logging_mixin.py:188} INFO - [2024-03-26T08:41:08.133+0000] {dag.py:3823} INFO - Setting next_dagrun for example_python_operator to None, run_after=None
[2024-03-26T08:41:08.152+0000] {processor.py:183} INFO - Processing /home/airflow/.local/lib/python3.8/site-packages/airflow/example_dags/example_python_operator.py took 0.075 seconds
[2024-03-26T08:41:39.664+0000] {processor.py:161} INFO - Started process (PID=136) to work on /home/airflow/.local/lib/python3.8/site-packages/airflow/example_dags/example_python_operator.py
[2024-03-26T08:41:39.665+0000] {processor.py:830} INFO - Processing file /home/airflow/.local/lib/python3.8/site-packages/airflow/example_dags/example_python_operator.py for tasks to queue
[2024-03-26T08:41:39.666+0000] {logging_mixin.py:188} INFO - [2024-03-26T08:41:39.666+0000] {dagbag.py:538} INFO - Filling up the DagBag from /home/airflow/.local/lib/python3.8/site-packages/airflow/example_dags/example_python_operator.py
[2024-03-26T08:41:39.674+0000] {processor.py:840} INFO - DAG(s) 'example_python_operator' retrieved from /home/airflow/.local/lib/python3.8/site-packages/airflow/example_dags/example_python_operator.py
[2024-03-26T08:41:39.761+0000] {logging_mixin.py:188} INFO - [2024-03-26T08:41:39.761+0000] {dag.py:3036} INFO - Sync 1 DAGs
[2024-03-26T08:41:39.774+0000] {logging_mixin.py:188} INFO - [2024-03-26T08:41:39.773+0000] {dag.py:3823} INFO - Setting next_dagrun for example_python_operator to None, run_after=None
[2024-03-26T08:41:39.795+0000] {processor.py:183} INFO - Processing /home/airflow/.local/lib/python3.8/site-packages/airflow/example_dags/example_python_operator.py took 0.133 seconds
[2024-03-26T08:43:48.191+0000] {processor.py:161} INFO - Started process (PID=80) to work on /home/airflow/.local/lib/python3.8/site-packages/airflow/example_dags/example_python_operator.py
[2024-03-26T08:43:48.192+0000] {processor.py:830} INFO - Processing file /home/airflow/.local/lib/python3.8/site-packages/airflow/example_dags/example_python_operator.py for tasks to queue
[2024-03-26T08:43:48.194+0000] {logging_mixin.py:188} INFO - [2024-03-26T08:43:48.193+0000] {dagbag.py:538} INFO - Filling up the DagBag from /home/airflow/.local/lib/python3.8/site-packages/airflow/example_dags/example_python_operator.py
[2024-03-26T08:43:48.203+0000] {processor.py:840} INFO - DAG(s) 'example_python_operator' retrieved from /home/airflow/.local/lib/python3.8/site-packages/airflow/example_dags/example_python_operator.py
[2024-03-26T08:43:48.213+0000] {logging_mixin.py:188} INFO - [2024-03-26T08:43:48.213+0000] {dag.py:3036} INFO - Sync 1 DAGs
[2024-03-26T08:43:48.226+0000] {logging_mixin.py:188} INFO - [2024-03-26T08:43:48.225+0000] {dag.py:3823} INFO - Setting next_dagrun for example_python_operator to None, run_after=None
[2024-03-26T08:43:48.243+0000] {processor.py:183} INFO - Processing /home/airflow/.local/lib/python3.8/site-packages/airflow/example_dags/example_python_operator.py took 0.055 seconds
[2024-03-26T08:44:19.990+0000] {processor.py:161} INFO - Started process (PID=136) to work on /home/airflow/.local/lib/python3.8/site-packages/airflow/example_dags/example_python_operator.py
[2024-03-26T08:44:19.991+0000] {processor.py:830} INFO - Processing file /home/airflow/.local/lib/python3.8/site-packages/airflow/example_dags/example_python_operator.py for tasks to queue
[2024-03-26T08:44:19.992+0000] {logging_mixin.py:188} INFO - [2024-03-26T08:44:19.992+0000] {dagbag.py:538} INFO - Filling up the DagBag from /home/airflow/.local/lib/python3.8/site-packages/airflow/example_dags/example_python_operator.py
[2024-03-26T08:44:20.000+0000] {processor.py:840} INFO - DAG(s) 'example_python_operator' retrieved from /home/airflow/.local/lib/python3.8/site-packages/airflow/example_dags/example_python_operator.py
[2024-03-26T08:44:20.082+0000] {logging_mixin.py:188} INFO - [2024-03-26T08:44:20.082+0000] {dag.py:3036} INFO - Sync 1 DAGs
[2024-03-26T08:44:20.091+0000] {logging_mixin.py:188} INFO - [2024-03-26T08:44:20.091+0000] {dag.py:3823} INFO - Setting next_dagrun for example_python_operator to None, run_after=None
[2024-03-26T08:44:20.110+0000] {processor.py:183} INFO - Processing /home/airflow/.local/lib/python3.8/site-packages/airflow/example_dags/example_python_operator.py took 0.123 seconds
[2024-03-26T08:44:50.973+0000] {processor.py:161} INFO - Started process (PID=192) to work on /home/airflow/.local/lib/python3.8/site-packages/airflow/example_dags/example_python_operator.py
[2024-03-26T08:44:50.973+0000] {processor.py:830} INFO - Processing file /home/airflow/.local/lib/python3.8/site-packages/airflow/example_dags/example_python_operator.py for tasks to queue
[2024-03-26T08:44:50.975+0000] {logging_mixin.py:188} INFO - [2024-03-26T08:44:50.975+0000] {dagbag.py:538} INFO - Filling up the DagBag from /home/airflow/.local/lib/python3.8/site-packages/airflow/example_dags/example_python_operator.py
[2024-03-26T08:44:50.982+0000] {processor.py:840} INFO - DAG(s) 'example_python_operator' retrieved from /home/airflow/.local/lib/python3.8/site-packages/airflow/example_dags/example_python_operator.py
[2024-03-26T08:44:50.999+0000] {logging_mixin.py:188} INFO - [2024-03-26T08:44:50.999+0000] {dag.py:3036} INFO - Sync 1 DAGs
[2024-03-26T08:44:51.009+0000] {logging_mixin.py:188} INFO - [2024-03-26T08:44:51.009+0000] {dag.py:3823} INFO - Setting next_dagrun for example_python_operator to None, run_after=None
[2024-03-26T08:44:51.025+0000] {processor.py:183} INFO - Processing /home/airflow/.local/lib/python3.8/site-packages/airflow/example_dags/example_python_operator.py took 0.054 seconds
[2024-03-26T08:45:21.189+0000] {processor.py:161} INFO - Started process (PID=248) to work on /home/airflow/.local/lib/python3.8/site-packages/airflow/example_dags/example_python_operator.py
[2024-03-26T08:45:21.190+0000] {processor.py:830} INFO - Processing file /home/airflow/.local/lib/python3.8/site-packages/airflow/example_dags/example_python_operator.py for tasks to queue
[2024-03-26T08:45:21.192+0000] {logging_mixin.py:188} INFO - [2024-03-26T08:45:21.191+0000] {dagbag.py:538} INFO - Filling up the DagBag from /home/airflow/.local/lib/python3.8/site-packages/airflow/example_dags/example_python_operator.py
[2024-03-26T08:45:21.200+0000] {processor.py:840} INFO - DAG(s) 'example_python_operator' retrieved from /home/airflow/.local/lib/python3.8/site-packages/airflow/example_dags/example_python_operator.py
[2024-03-26T08:45:21.223+0000] {logging_mixin.py:188} INFO - [2024-03-26T08:45:21.223+0000] {dag.py:3036} INFO - Sync 1 DAGs
[2024-03-26T08:45:21.238+0000] {logging_mixin.py:188} INFO - [2024-03-26T08:45:21.237+0000] {dag.py:3823} INFO - Setting next_dagrun for example_python_operator to None, run_after=None
[2024-03-26T08:45:21.258+0000] {processor.py:183} INFO - Processing /home/airflow/.local/lib/python3.8/site-packages/airflow/example_dags/example_python_operator.py took 0.072 seconds
[2024-03-26T08:45:51.402+0000] {processor.py:161} INFO - Started process (PID=304) to work on /home/airflow/.local/lib/python3.8/site-packages/airflow/example_dags/example_python_operator.py
[2024-03-26T08:45:51.403+0000] {processor.py:830} INFO - Processing file /home/airflow/.local/lib/python3.8/site-packages/airflow/example_dags/example_python_operator.py for tasks to queue
[2024-03-26T08:45:51.405+0000] {logging_mixin.py:188} INFO - [2024-03-26T08:45:51.404+0000] {dagbag.py:538} INFO - Filling up the DagBag from /home/airflow/.local/lib/python3.8/site-packages/airflow/example_dags/example_python_operator.py
[2024-03-26T08:45:51.412+0000] {processor.py:840} INFO - DAG(s) 'example_python_operator' retrieved from /home/airflow/.local/lib/python3.8/site-packages/airflow/example_dags/example_python_operator.py
[2024-03-26T08:45:51.431+0000] {logging_mixin.py:188} INFO - [2024-03-26T08:45:51.431+0000] {dag.py:3036} INFO - Sync 1 DAGs
[2024-03-26T08:45:51.442+0000] {logging_mixin.py:188} INFO - [2024-03-26T08:45:51.441+0000] {dag.py:3823} INFO - Setting next_dagrun for example_python_operator to None, run_after=None
[2024-03-26T08:45:51.458+0000] {processor.py:183} INFO - Processing /home/airflow/.local/lib/python3.8/site-packages/airflow/example_dags/example_python_operator.py took 0.058 seconds
[2024-03-26T08:46:21.618+0000] {processor.py:161} INFO - Started process (PID=360) to work on /home/airflow/.local/lib/python3.8/site-packages/airflow/example_dags/example_python_operator.py
[2024-03-26T08:46:21.619+0000] {processor.py:830} INFO - Processing file /home/airflow/.local/lib/python3.8/site-packages/airflow/example_dags/example_python_operator.py for tasks to queue
[2024-03-26T08:46:21.620+0000] {logging_mixin.py:188} INFO - [2024-03-26T08:46:21.620+0000] {dagbag.py:538} INFO - Filling up the DagBag from /home/airflow/.local/lib/python3.8/site-packages/airflow/example_dags/example_python_operator.py
[2024-03-26T08:46:21.628+0000] {processor.py:840} INFO - DAG(s) 'example_python_operator' retrieved from /home/airflow/.local/lib/python3.8/site-packages/airflow/example_dags/example_python_operator.py
[2024-03-26T08:46:21.646+0000] {logging_mixin.py:188} INFO - [2024-03-26T08:46:21.646+0000] {dag.py:3036} INFO - Sync 1 DAGs
[2024-03-26T08:46:21.656+0000] {logging_mixin.py:188} INFO - [2024-03-26T08:46:21.656+0000] {dag.py:3823} INFO - Setting next_dagrun for example_python_operator to None, run_after=None
[2024-03-26T08:46:21.675+0000] {processor.py:183} INFO - Processing /home/airflow/.local/lib/python3.8/site-packages/airflow/example_dags/example_python_operator.py took 0.059 seconds
[2024-03-26T08:46:51.898+0000] {processor.py:161} INFO - Started process (PID=416) to work on /home/airflow/.local/lib/python3.8/site-packages/airflow/example_dags/example_python_operator.py
[2024-03-26T08:46:51.899+0000] {processor.py:830} INFO - Processing file /home/airflow/.local/lib/python3.8/site-packages/airflow/example_dags/example_python_operator.py for tasks to queue
[2024-03-26T08:46:51.900+0000] {logging_mixin.py:188} INFO - [2024-03-26T08:46:51.900+0000] {dagbag.py:538} INFO - Filling up the DagBag from /home/airflow/.local/lib/python3.8/site-packages/airflow/example_dags/example_python_operator.py
[2024-03-26T08:46:51.908+0000] {processor.py:840} INFO - DAG(s) 'example_python_operator' retrieved from /home/airflow/.local/lib/python3.8/site-packages/airflow/example_dags/example_python_operator.py
[2024-03-26T08:46:51.926+0000] {logging_mixin.py:188} INFO - [2024-03-26T08:46:51.926+0000] {dag.py:3036} INFO - Sync 1 DAGs
[2024-03-26T08:46:51.940+0000] {logging_mixin.py:188} INFO - [2024-03-26T08:46:51.939+0000] {dag.py:3823} INFO - Setting next_dagrun for example_python_operator to None, run_after=None
[2024-03-26T08:46:51.955+0000] {processor.py:183} INFO - Processing /home/airflow/.local/lib/python3.8/site-packages/airflow/example_dags/example_python_operator.py took 0.059 seconds
[2024-03-26T08:47:22.091+0000] {processor.py:161} INFO - Started process (PID=472) to work on /home/airflow/.local/lib/python3.8/site-packages/airflow/example_dags/example_python_operator.py
[2024-03-26T08:47:22.092+0000] {processor.py:830} INFO - Processing file /home/airflow/.local/lib/python3.8/site-packages/airflow/example_dags/example_python_operator.py for tasks to queue
[2024-03-26T08:47:22.093+0000] {logging_mixin.py:188} INFO - [2024-03-26T08:47:22.093+0000] {dagbag.py:538} INFO - Filling up the DagBag from /home/airflow/.local/lib/python3.8/site-packages/airflow/example_dags/example_python_operator.py
[2024-03-26T08:47:22.101+0000] {processor.py:840} INFO - DAG(s) 'example_python_operator' retrieved from /home/airflow/.local/lib/python3.8/site-packages/airflow/example_dags/example_python_operator.py
[2024-03-26T08:47:22.118+0000] {logging_mixin.py:188} INFO - [2024-03-26T08:47:22.118+0000] {dag.py:3036} INFO - Sync 1 DAGs
[2024-03-26T08:47:22.129+0000] {logging_mixin.py:188} INFO - [2024-03-26T08:47:22.129+0000] {dag.py:3823} INFO - Setting next_dagrun for example_python_operator to None, run_after=None
[2024-03-26T08:47:22.144+0000] {processor.py:183} INFO - Processing /home/airflow/.local/lib/python3.8/site-packages/airflow/example_dags/example_python_operator.py took 0.056 seconds
[2024-03-26T08:47:52.313+0000] {processor.py:161} INFO - Started process (PID=528) to work on /home/airflow/.local/lib/python3.8/site-packages/airflow/example_dags/example_python_operator.py
[2024-03-26T08:47:52.314+0000] {processor.py:830} INFO - Processing file /home/airflow/.local/lib/python3.8/site-packages/airflow/example_dags/example_python_operator.py for tasks to queue
[2024-03-26T08:47:52.316+0000] {logging_mixin.py:188} INFO - [2024-03-26T08:47:52.316+0000] {dagbag.py:538} INFO - Filling up the DagBag from /home/airflow/.local/lib/python3.8/site-packages/airflow/example_dags/example_python_operator.py
[2024-03-26T08:47:52.324+0000] {processor.py:840} INFO - DAG(s) 'example_python_operator' retrieved from /home/airflow/.local/lib/python3.8/site-packages/airflow/example_dags/example_python_operator.py
[2024-03-26T08:47:52.342+0000] {logging_mixin.py:188} INFO - [2024-03-26T08:47:52.342+0000] {dag.py:3036} INFO - Sync 1 DAGs
[2024-03-26T08:47:52.353+0000] {logging_mixin.py:188} INFO - [2024-03-26T08:47:52.353+0000] {dag.py:3823} INFO - Setting next_dagrun for example_python_operator to None, run_after=None
[2024-03-26T08:47:52.369+0000] {processor.py:183} INFO - Processing /home/airflow/.local/lib/python3.8/site-packages/airflow/example_dags/example_python_operator.py took 0.057 seconds
[2024-03-26T08:48:22.806+0000] {processor.py:161} INFO - Started process (PID=584) to work on /home/airflow/.local/lib/python3.8/site-packages/airflow/example_dags/example_python_operator.py
[2024-03-26T08:48:22.807+0000] {processor.py:830} INFO - Processing file /home/airflow/.local/lib/python3.8/site-packages/airflow/example_dags/example_python_operator.py for tasks to queue
[2024-03-26T08:48:22.808+0000] {logging_mixin.py:188} INFO - [2024-03-26T08:48:22.808+0000] {dagbag.py:538} INFO - Filling up the DagBag from /home/airflow/.local/lib/python3.8/site-packages/airflow/example_dags/example_python_operator.py
[2024-03-26T08:48:22.815+0000] {processor.py:840} INFO - DAG(s) 'example_python_operator' retrieved from /home/airflow/.local/lib/python3.8/site-packages/airflow/example_dags/example_python_operator.py
[2024-03-26T08:48:22.834+0000] {logging_mixin.py:188} INFO - [2024-03-26T08:48:22.834+0000] {dag.py:3036} INFO - Sync 1 DAGs
[2024-03-26T08:48:22.844+0000] {logging_mixin.py:188} INFO - [2024-03-26T08:48:22.844+0000] {dag.py:3823} INFO - Setting next_dagrun for example_python_operator to None, run_after=None
[2024-03-26T08:48:22.860+0000] {processor.py:183} INFO - Processing /home/airflow/.local/lib/python3.8/site-packages/airflow/example_dags/example_python_operator.py took 0.057 seconds
[2024-03-26T08:48:53.156+0000] {processor.py:161} INFO - Started process (PID=640) to work on /home/airflow/.local/lib/python3.8/site-packages/airflow/example_dags/example_python_operator.py
[2024-03-26T08:48:53.157+0000] {processor.py:830} INFO - Processing file /home/airflow/.local/lib/python3.8/site-packages/airflow/example_dags/example_python_operator.py for tasks to queue
[2024-03-26T08:48:53.159+0000] {logging_mixin.py:188} INFO - [2024-03-26T08:48:53.158+0000] {dagbag.py:538} INFO - Filling up the DagBag from /home/airflow/.local/lib/python3.8/site-packages/airflow/example_dags/example_python_operator.py
[2024-03-26T08:48:53.166+0000] {processor.py:840} INFO - DAG(s) 'example_python_operator' retrieved from /home/airflow/.local/lib/python3.8/site-packages/airflow/example_dags/example_python_operator.py
[2024-03-26T08:48:53.184+0000] {logging_mixin.py:188} INFO - [2024-03-26T08:48:53.184+0000] {dag.py:3036} INFO - Sync 1 DAGs
[2024-03-26T08:48:53.195+0000] {logging_mixin.py:188} INFO - [2024-03-26T08:48:53.195+0000] {dag.py:3823} INFO - Setting next_dagrun for example_python_operator to None, run_after=None
[2024-03-26T08:48:53.210+0000] {processor.py:183} INFO - Processing /home/airflow/.local/lib/python3.8/site-packages/airflow/example_dags/example_python_operator.py took 0.056 seconds
[2024-03-26T08:49:23.410+0000] {processor.py:161} INFO - Started process (PID=696) to work on /home/airflow/.local/lib/python3.8/site-packages/airflow/example_dags/example_python_operator.py
[2024-03-26T08:49:23.411+0000] {processor.py:830} INFO - Processing file /home/airflow/.local/lib/python3.8/site-packages/airflow/example_dags/example_python_operator.py for tasks to queue
[2024-03-26T08:49:23.413+0000] {logging_mixin.py:188} INFO - [2024-03-26T08:49:23.412+0000] {dagbag.py:538} INFO - Filling up the DagBag from /home/airflow/.local/lib/python3.8/site-packages/airflow/example_dags/example_python_operator.py
[2024-03-26T08:49:23.421+0000] {processor.py:840} INFO - DAG(s) 'example_python_operator' retrieved from /home/airflow/.local/lib/python3.8/site-packages/airflow/example_dags/example_python_operator.py
[2024-03-26T08:49:23.440+0000] {logging_mixin.py:188} INFO - [2024-03-26T08:49:23.440+0000] {dag.py:3036} INFO - Sync 1 DAGs
[2024-03-26T08:49:23.451+0000] {logging_mixin.py:188} INFO - [2024-03-26T08:49:23.450+0000] {dag.py:3823} INFO - Setting next_dagrun for example_python_operator to None, run_after=None
[2024-03-26T08:49:23.466+0000] {processor.py:183} INFO - Processing /home/airflow/.local/lib/python3.8/site-packages/airflow/example_dags/example_python_operator.py took 0.058 seconds
[2024-03-26T08:49:53.856+0000] {processor.py:161} INFO - Started process (PID=752) to work on /home/airflow/.local/lib/python3.8/site-packages/airflow/example_dags/example_python_operator.py
[2024-03-26T08:49:53.856+0000] {processor.py:830} INFO - Processing file /home/airflow/.local/lib/python3.8/site-packages/airflow/example_dags/example_python_operator.py for tasks to queue
[2024-03-26T08:49:53.858+0000] {logging_mixin.py:188} INFO - [2024-03-26T08:49:53.858+0000] {dagbag.py:538} INFO - Filling up the DagBag from /home/airflow/.local/lib/python3.8/site-packages/airflow/example_dags/example_python_operator.py
[2024-03-26T08:49:53.866+0000] {processor.py:840} INFO - DAG(s) 'example_python_operator' retrieved from /home/airflow/.local/lib/python3.8/site-packages/airflow/example_dags/example_python_operator.py
[2024-03-26T08:49:53.887+0000] {logging_mixin.py:188} INFO - [2024-03-26T08:49:53.887+0000] {dag.py:3036} INFO - Sync 1 DAGs
[2024-03-26T08:49:53.898+0000] {logging_mixin.py:188} INFO - [2024-03-26T08:49:53.898+0000] {dag.py:3823} INFO - Setting next_dagrun for example_python_operator to None, run_after=None
[2024-03-26T08:49:53.921+0000] {processor.py:183} INFO - Processing /home/airflow/.local/lib/python3.8/site-packages/airflow/example_dags/example_python_operator.py took 0.067 seconds
[2024-03-26T08:50:24.421+0000] {processor.py:161} INFO - Started process (PID=808) to work on /home/airflow/.local/lib/python3.8/site-packages/airflow/example_dags/example_python_operator.py
[2024-03-26T08:50:24.422+0000] {processor.py:830} INFO - Processing file /home/airflow/.local/lib/python3.8/site-packages/airflow/example_dags/example_python_operator.py for tasks to queue
[2024-03-26T08:50:24.423+0000] {logging_mixin.py:188} INFO - [2024-03-26T08:50:24.423+0000] {dagbag.py:538} INFO - Filling up the DagBag from /home/airflow/.local/lib/python3.8/site-packages/airflow/example_dags/example_python_operator.py
[2024-03-26T08:50:24.431+0000] {processor.py:840} INFO - DAG(s) 'example_python_operator' retrieved from /home/airflow/.local/lib/python3.8/site-packages/airflow/example_dags/example_python_operator.py
[2024-03-26T08:50:24.450+0000] {logging_mixin.py:188} INFO - [2024-03-26T08:50:24.449+0000] {dag.py:3036} INFO - Sync 1 DAGs
[2024-03-26T08:50:24.461+0000] {logging_mixin.py:188} INFO - [2024-03-26T08:50:24.460+0000] {dag.py:3823} INFO - Setting next_dagrun for example_python_operator to None, run_after=None
[2024-03-26T08:50:24.477+0000] {processor.py:183} INFO - Processing /home/airflow/.local/lib/python3.8/site-packages/airflow/example_dags/example_python_operator.py took 0.059 seconds
[2024-03-26T08:53:13.788+0000] {processor.py:161} INFO - Started process (PID=80) to work on /home/airflow/.local/lib/python3.8/site-packages/airflow/example_dags/example_python_operator.py
[2024-03-26T08:53:13.789+0000] {processor.py:830} INFO - Processing file /home/airflow/.local/lib/python3.8/site-packages/airflow/example_dags/example_python_operator.py for tasks to queue
[2024-03-26T08:53:13.792+0000] {logging_mixin.py:188} INFO - [2024-03-26T08:53:13.792+0000] {dagbag.py:538} INFO - Filling up the DagBag from /home/airflow/.local/lib/python3.8/site-packages/airflow/example_dags/example_python_operator.py
[2024-03-26T08:53:13.804+0000] {processor.py:840} INFO - DAG(s) 'example_python_operator' retrieved from /home/airflow/.local/lib/python3.8/site-packages/airflow/example_dags/example_python_operator.py
[2024-03-26T08:53:13.814+0000] {logging_mixin.py:188} INFO - [2024-03-26T08:53:13.814+0000] {dag.py:3036} INFO - Sync 1 DAGs
[2024-03-26T08:53:13.826+0000] {logging_mixin.py:188} INFO - [2024-03-26T08:53:13.825+0000] {dag.py:3823} INFO - Setting next_dagrun for example_python_operator to None, run_after=None
[2024-03-26T08:53:13.842+0000] {processor.py:183} INFO - Processing /home/airflow/.local/lib/python3.8/site-packages/airflow/example_dags/example_python_operator.py took 0.057 seconds
[2024-03-26T08:53:45.947+0000] {processor.py:161} INFO - Started process (PID=136) to work on /home/airflow/.local/lib/python3.8/site-packages/airflow/example_dags/example_python_operator.py
[2024-03-26T08:53:45.948+0000] {processor.py:830} INFO - Processing file /home/airflow/.local/lib/python3.8/site-packages/airflow/example_dags/example_python_operator.py for tasks to queue
[2024-03-26T08:53:45.949+0000] {logging_mixin.py:188} INFO - [2024-03-26T08:53:45.949+0000] {dagbag.py:538} INFO - Filling up the DagBag from /home/airflow/.local/lib/python3.8/site-packages/airflow/example_dags/example_python_operator.py
[2024-03-26T08:53:45.957+0000] {processor.py:840} INFO - DAG(s) 'example_python_operator' retrieved from /home/airflow/.local/lib/python3.8/site-packages/airflow/example_dags/example_python_operator.py
[2024-03-26T08:53:46.038+0000] {logging_mixin.py:188} INFO - [2024-03-26T08:53:46.038+0000] {dag.py:3036} INFO - Sync 1 DAGs
[2024-03-26T08:53:46.047+0000] {logging_mixin.py:188} INFO - [2024-03-26T08:53:46.047+0000] {dag.py:3823} INFO - Setting next_dagrun for example_python_operator to None, run_after=None
[2024-03-26T08:53:46.063+0000] {processor.py:183} INFO - Processing /home/airflow/.local/lib/python3.8/site-packages/airflow/example_dags/example_python_operator.py took 0.118 seconds
[2024-03-26T08:54:16.838+0000] {processor.py:161} INFO - Started process (PID=192) to work on /home/airflow/.local/lib/python3.8/site-packages/airflow/example_dags/example_python_operator.py
[2024-03-26T08:54:16.839+0000] {processor.py:830} INFO - Processing file /home/airflow/.local/lib/python3.8/site-packages/airflow/example_dags/example_python_operator.py for tasks to queue
[2024-03-26T08:54:16.840+0000] {logging_mixin.py:188} INFO - [2024-03-26T08:54:16.840+0000] {dagbag.py:538} INFO - Filling up the DagBag from /home/airflow/.local/lib/python3.8/site-packages/airflow/example_dags/example_python_operator.py
[2024-03-26T08:54:16.848+0000] {processor.py:840} INFO - DAG(s) 'example_python_operator' retrieved from /home/airflow/.local/lib/python3.8/site-packages/airflow/example_dags/example_python_operator.py
[2024-03-26T08:54:16.864+0000] {logging_mixin.py:188} INFO - [2024-03-26T08:54:16.864+0000] {dag.py:3036} INFO - Sync 1 DAGs
[2024-03-26T08:54:16.874+0000] {logging_mixin.py:188} INFO - [2024-03-26T08:54:16.874+0000] {dag.py:3823} INFO - Setting next_dagrun for example_python_operator to None, run_after=None
[2024-03-26T08:54:16.890+0000] {processor.py:183} INFO - Processing /home/airflow/.local/lib/python3.8/site-packages/airflow/example_dags/example_python_operator.py took 0.054 seconds
[2024-03-26T08:54:47.528+0000] {processor.py:161} INFO - Started process (PID=248) to work on /home/airflow/.local/lib/python3.8/site-packages/airflow/example_dags/example_python_operator.py
[2024-03-26T08:54:47.529+0000] {processor.py:830} INFO - Processing file /home/airflow/.local/lib/python3.8/site-packages/airflow/example_dags/example_python_operator.py for tasks to queue
[2024-03-26T08:54:47.530+0000] {logging_mixin.py:188} INFO - [2024-03-26T08:54:47.530+0000] {dagbag.py:538} INFO - Filling up the DagBag from /home/airflow/.local/lib/python3.8/site-packages/airflow/example_dags/example_python_operator.py
[2024-03-26T08:54:47.539+0000] {processor.py:840} INFO - DAG(s) 'example_python_operator' retrieved from /home/airflow/.local/lib/python3.8/site-packages/airflow/example_dags/example_python_operator.py
[2024-03-26T08:54:47.556+0000] {logging_mixin.py:188} INFO - [2024-03-26T08:54:47.556+0000] {dag.py:3036} INFO - Sync 1 DAGs
[2024-03-26T08:54:47.566+0000] {logging_mixin.py:188} INFO - [2024-03-26T08:54:47.566+0000] {dag.py:3823} INFO - Setting next_dagrun for example_python_operator to None, run_after=None
[2024-03-26T08:54:47.583+0000] {processor.py:183} INFO - Processing /home/airflow/.local/lib/python3.8/site-packages/airflow/example_dags/example_python_operator.py took 0.057 seconds
[2024-03-26T08:55:17.890+0000] {processor.py:161} INFO - Started process (PID=304) to work on /home/airflow/.local/lib/python3.8/site-packages/airflow/example_dags/example_python_operator.py
[2024-03-26T08:55:17.891+0000] {processor.py:830} INFO - Processing file /home/airflow/.local/lib/python3.8/site-packages/airflow/example_dags/example_python_operator.py for tasks to queue
[2024-03-26T08:55:17.892+0000] {logging_mixin.py:188} INFO - [2024-03-26T08:55:17.892+0000] {dagbag.py:538} INFO - Filling up the DagBag from /home/airflow/.local/lib/python3.8/site-packages/airflow/example_dags/example_python_operator.py
[2024-03-26T08:55:17.900+0000] {processor.py:840} INFO - DAG(s) 'example_python_operator' retrieved from /home/airflow/.local/lib/python3.8/site-packages/airflow/example_dags/example_python_operator.py
[2024-03-26T08:55:17.916+0000] {logging_mixin.py:188} INFO - [2024-03-26T08:55:17.916+0000] {dag.py:3036} INFO - Sync 1 DAGs
[2024-03-26T08:55:17.926+0000] {logging_mixin.py:188} INFO - [2024-03-26T08:55:17.926+0000] {dag.py:3823} INFO - Setting next_dagrun for example_python_operator to None, run_after=None
[2024-03-26T08:55:17.941+0000] {processor.py:183} INFO - Processing /home/airflow/.local/lib/python3.8/site-packages/airflow/example_dags/example_python_operator.py took 0.054 seconds
[2024-03-26T08:55:48.289+0000] {processor.py:161} INFO - Started process (PID=360) to work on /home/airflow/.local/lib/python3.8/site-packages/airflow/example_dags/example_python_operator.py
[2024-03-26T08:55:48.290+0000] {processor.py:830} INFO - Processing file /home/airflow/.local/lib/python3.8/site-packages/airflow/example_dags/example_python_operator.py for tasks to queue
[2024-03-26T08:55:48.291+0000] {logging_mixin.py:188} INFO - [2024-03-26T08:55:48.291+0000] {dagbag.py:538} INFO - Filling up the DagBag from /home/airflow/.local/lib/python3.8/site-packages/airflow/example_dags/example_python_operator.py
[2024-03-26T08:55:48.299+0000] {processor.py:840} INFO - DAG(s) 'example_python_operator' retrieved from /home/airflow/.local/lib/python3.8/site-packages/airflow/example_dags/example_python_operator.py
[2024-03-26T08:55:48.315+0000] {logging_mixin.py:188} INFO - [2024-03-26T08:55:48.315+0000] {dag.py:3036} INFO - Sync 1 DAGs
[2024-03-26T08:55:48.325+0000] {logging_mixin.py:188} INFO - [2024-03-26T08:55:48.325+0000] {dag.py:3823} INFO - Setting next_dagrun for example_python_operator to None, run_after=None
[2024-03-26T08:55:48.339+0000] {processor.py:183} INFO - Processing /home/airflow/.local/lib/python3.8/site-packages/airflow/example_dags/example_python_operator.py took 0.052 seconds
[2024-03-26T08:56:18.600+0000] {processor.py:161} INFO - Started process (PID=416) to work on /home/airflow/.local/lib/python3.8/site-packages/airflow/example_dags/example_python_operator.py
[2024-03-26T08:56:18.602+0000] {processor.py:830} INFO - Processing file /home/airflow/.local/lib/python3.8/site-packages/airflow/example_dags/example_python_operator.py for tasks to queue
[2024-03-26T08:56:18.603+0000] {logging_mixin.py:188} INFO - [2024-03-26T08:56:18.603+0000] {dagbag.py:538} INFO - Filling up the DagBag from /home/airflow/.local/lib/python3.8/site-packages/airflow/example_dags/example_python_operator.py
[2024-03-26T08:56:18.611+0000] {processor.py:840} INFO - DAG(s) 'example_python_operator' retrieved from /home/airflow/.local/lib/python3.8/site-packages/airflow/example_dags/example_python_operator.py
[2024-03-26T08:56:18.627+0000] {logging_mixin.py:188} INFO - [2024-03-26T08:56:18.626+0000] {dag.py:3036} INFO - Sync 1 DAGs
[2024-03-26T08:56:18.636+0000] {logging_mixin.py:188} INFO - [2024-03-26T08:56:18.636+0000] {dag.py:3823} INFO - Setting next_dagrun for example_python_operator to None, run_after=None
[2024-03-26T08:56:18.651+0000] {processor.py:183} INFO - Processing /home/airflow/.local/lib/python3.8/site-packages/airflow/example_dags/example_python_operator.py took 0.053 seconds
[2024-03-26T08:56:48.967+0000] {processor.py:161} INFO - Started process (PID=472) to work on /home/airflow/.local/lib/python3.8/site-packages/airflow/example_dags/example_python_operator.py
[2024-03-26T08:56:48.968+0000] {processor.py:830} INFO - Processing file /home/airflow/.local/lib/python3.8/site-packages/airflow/example_dags/example_python_operator.py for tasks to queue
[2024-03-26T08:56:48.969+0000] {logging_mixin.py:188} INFO - [2024-03-26T08:56:48.969+0000] {dagbag.py:538} INFO - Filling up the DagBag from /home/airflow/.local/lib/python3.8/site-packages/airflow/example_dags/example_python_operator.py
[2024-03-26T08:56:48.977+0000] {processor.py:840} INFO - DAG(s) 'example_python_operator' retrieved from /home/airflow/.local/lib/python3.8/site-packages/airflow/example_dags/example_python_operator.py
[2024-03-26T08:56:48.992+0000] {logging_mixin.py:188} INFO - [2024-03-26T08:56:48.992+0000] {dag.py:3036} INFO - Sync 1 DAGs
[2024-03-26T08:56:49.002+0000] {logging_mixin.py:188} INFO - [2024-03-26T08:56:49.002+0000] {dag.py:3823} INFO - Setting next_dagrun for example_python_operator to None, run_after=None
[2024-03-26T08:56:49.017+0000] {processor.py:183} INFO - Processing /home/airflow/.local/lib/python3.8/site-packages/airflow/example_dags/example_python_operator.py took 0.052 seconds
[2024-03-26T08:57:19.333+0000] {processor.py:161} INFO - Started process (PID=528) to work on /home/airflow/.local/lib/python3.8/site-packages/airflow/example_dags/example_python_operator.py
[2024-03-26T08:57:19.334+0000] {processor.py:830} INFO - Processing file /home/airflow/.local/lib/python3.8/site-packages/airflow/example_dags/example_python_operator.py for tasks to queue
[2024-03-26T08:57:19.336+0000] {logging_mixin.py:188} INFO - [2024-03-26T08:57:19.335+0000] {dagbag.py:538} INFO - Filling up the DagBag from /home/airflow/.local/lib/python3.8/site-packages/airflow/example_dags/example_python_operator.py
[2024-03-26T08:57:19.343+0000] {processor.py:840} INFO - DAG(s) 'example_python_operator' retrieved from /home/airflow/.local/lib/python3.8/site-packages/airflow/example_dags/example_python_operator.py
[2024-03-26T08:57:19.359+0000] {logging_mixin.py:188} INFO - [2024-03-26T08:57:19.359+0000] {dag.py:3036} INFO - Sync 1 DAGs
[2024-03-26T08:57:19.375+0000] {logging_mixin.py:188} INFO - [2024-03-26T08:57:19.375+0000] {dag.py:3823} INFO - Setting next_dagrun for example_python_operator to None, run_after=None
[2024-03-26T08:57:19.397+0000] {processor.py:183} INFO - Processing /home/airflow/.local/lib/python3.8/site-packages/airflow/example_dags/example_python_operator.py took 0.065 seconds
[2024-03-26T08:57:49.911+0000] {processor.py:161} INFO - Started process (PID=585) to work on /home/airflow/.local/lib/python3.8/site-packages/airflow/example_dags/example_python_operator.py
[2024-03-26T08:57:49.911+0000] {processor.py:830} INFO - Processing file /home/airflow/.local/lib/python3.8/site-packages/airflow/example_dags/example_python_operator.py for tasks to queue
[2024-03-26T08:57:49.913+0000] {logging_mixin.py:188} INFO - [2024-03-26T08:57:49.913+0000] {dagbag.py:538} INFO - Filling up the DagBag from /home/airflow/.local/lib/python3.8/site-packages/airflow/example_dags/example_python_operator.py
[2024-03-26T08:57:49.920+0000] {processor.py:840} INFO - DAG(s) 'example_python_operator' retrieved from /home/airflow/.local/lib/python3.8/site-packages/airflow/example_dags/example_python_operator.py
[2024-03-26T08:57:49.937+0000] {logging_mixin.py:188} INFO - [2024-03-26T08:57:49.937+0000] {dag.py:3036} INFO - Sync 1 DAGs
[2024-03-26T08:57:49.947+0000] {logging_mixin.py:188} INFO - [2024-03-26T08:57:49.947+0000] {dag.py:3823} INFO - Setting next_dagrun for example_python_operator to None, run_after=None
[2024-03-26T08:57:49.962+0000] {processor.py:183} INFO - Processing /home/airflow/.local/lib/python3.8/site-packages/airflow/example_dags/example_python_operator.py took 0.054 seconds
[2024-03-26T08:58:20.477+0000] {processor.py:161} INFO - Started process (PID=641) to work on /home/airflow/.local/lib/python3.8/site-packages/airflow/example_dags/example_python_operator.py
[2024-03-26T08:58:20.478+0000] {processor.py:830} INFO - Processing file /home/airflow/.local/lib/python3.8/site-packages/airflow/example_dags/example_python_operator.py for tasks to queue
[2024-03-26T08:58:20.479+0000] {logging_mixin.py:188} INFO - [2024-03-26T08:58:20.479+0000] {dagbag.py:538} INFO - Filling up the DagBag from /home/airflow/.local/lib/python3.8/site-packages/airflow/example_dags/example_python_operator.py
[2024-03-26T08:58:20.487+0000] {processor.py:840} INFO - DAG(s) 'example_python_operator' retrieved from /home/airflow/.local/lib/python3.8/site-packages/airflow/example_dags/example_python_operator.py
[2024-03-26T08:58:20.505+0000] {logging_mixin.py:188} INFO - [2024-03-26T08:58:20.505+0000] {dag.py:3036} INFO - Sync 1 DAGs
[2024-03-26T08:58:20.518+0000] {logging_mixin.py:188} INFO - [2024-03-26T08:58:20.518+0000] {dag.py:3823} INFO - Setting next_dagrun for example_python_operator to None, run_after=None
[2024-03-26T08:58:20.536+0000] {processor.py:183} INFO - Processing /home/airflow/.local/lib/python3.8/site-packages/airflow/example_dags/example_python_operator.py took 0.061 seconds
[2024-03-26T08:58:50.867+0000] {processor.py:161} INFO - Started process (PID=697) to work on /home/airflow/.local/lib/python3.8/site-packages/airflow/example_dags/example_python_operator.py
[2024-03-26T08:58:50.868+0000] {processor.py:830} INFO - Processing file /home/airflow/.local/lib/python3.8/site-packages/airflow/example_dags/example_python_operator.py for tasks to queue
[2024-03-26T08:58:50.869+0000] {logging_mixin.py:188} INFO - [2024-03-26T08:58:50.869+0000] {dagbag.py:538} INFO - Filling up the DagBag from /home/airflow/.local/lib/python3.8/site-packages/airflow/example_dags/example_python_operator.py
[2024-03-26T08:58:50.877+0000] {processor.py:840} INFO - DAG(s) 'example_python_operator' retrieved from /home/airflow/.local/lib/python3.8/site-packages/airflow/example_dags/example_python_operator.py
[2024-03-26T08:58:50.895+0000] {logging_mixin.py:188} INFO - [2024-03-26T08:58:50.894+0000] {dag.py:3036} INFO - Sync 1 DAGs
[2024-03-26T08:58:50.905+0000] {logging_mixin.py:188} INFO - [2024-03-26T08:58:50.905+0000] {dag.py:3823} INFO - Setting next_dagrun for example_python_operator to None, run_after=None
[2024-03-26T08:58:50.924+0000] {processor.py:183} INFO - Processing /home/airflow/.local/lib/python3.8/site-packages/airflow/example_dags/example_python_operator.py took 0.060 seconds
[2024-03-26T09:07:42.456+0000] {processor.py:161} INFO - Started process (PID=81) to work on /home/airflow/.local/lib/python3.8/site-packages/airflow/example_dags/example_python_operator.py
[2024-03-26T09:07:42.457+0000] {processor.py:830} INFO - Processing file /home/airflow/.local/lib/python3.8/site-packages/airflow/example_dags/example_python_operator.py for tasks to queue
[2024-03-26T09:07:42.458+0000] {logging_mixin.py:188} INFO - [2024-03-26T09:07:42.458+0000] {dagbag.py:538} INFO - Filling up the DagBag from /home/airflow/.local/lib/python3.8/site-packages/airflow/example_dags/example_python_operator.py
[2024-03-26T09:07:42.466+0000] {processor.py:840} INFO - DAG(s) 'example_python_operator' retrieved from /home/airflow/.local/lib/python3.8/site-packages/airflow/example_dags/example_python_operator.py
[2024-03-26T09:07:42.475+0000] {logging_mixin.py:188} INFO - [2024-03-26T09:07:42.475+0000] {dag.py:3036} INFO - Sync 1 DAGs
[2024-03-26T09:07:42.486+0000] {logging_mixin.py:188} INFO - [2024-03-26T09:07:42.486+0000] {dag.py:3823} INFO - Setting next_dagrun for example_python_operator to None, run_after=None
[2024-03-26T09:07:42.508+0000] {processor.py:183} INFO - Processing /home/airflow/.local/lib/python3.8/site-packages/airflow/example_dags/example_python_operator.py took 0.055 seconds
[2024-03-26T09:08:13.544+0000] {processor.py:161} INFO - Started process (PID=139) to work on /home/airflow/.local/lib/python3.8/site-packages/airflow/example_dags/example_python_operator.py
[2024-03-26T09:08:13.545+0000] {processor.py:830} INFO - Processing file /home/airflow/.local/lib/python3.8/site-packages/airflow/example_dags/example_python_operator.py for tasks to queue
[2024-03-26T09:08:13.546+0000] {logging_mixin.py:188} INFO - [2024-03-26T09:08:13.546+0000] {dagbag.py:538} INFO - Filling up the DagBag from /home/airflow/.local/lib/python3.8/site-packages/airflow/example_dags/example_python_operator.py
[2024-03-26T09:08:13.554+0000] {processor.py:840} INFO - DAG(s) 'example_python_operator' retrieved from /home/airflow/.local/lib/python3.8/site-packages/airflow/example_dags/example_python_operator.py
[2024-03-26T09:08:13.637+0000] {logging_mixin.py:188} INFO - [2024-03-26T09:08:13.637+0000] {dag.py:3036} INFO - Sync 1 DAGs
[2024-03-26T09:08:13.646+0000] {logging_mixin.py:188} INFO - [2024-03-26T09:08:13.646+0000] {dag.py:3823} INFO - Setting next_dagrun for example_python_operator to None, run_after=None
[2024-03-26T09:08:13.663+0000] {processor.py:183} INFO - Processing /home/airflow/.local/lib/python3.8/site-packages/airflow/example_dags/example_python_operator.py took 0.121 seconds
[2024-03-26T09:08:44.061+0000] {processor.py:161} INFO - Started process (PID=196) to work on /home/airflow/.local/lib/python3.8/site-packages/airflow/example_dags/example_python_operator.py
[2024-03-26T09:08:44.062+0000] {processor.py:830} INFO - Processing file /home/airflow/.local/lib/python3.8/site-packages/airflow/example_dags/example_python_operator.py for tasks to queue
[2024-03-26T09:08:44.064+0000] {logging_mixin.py:188} INFO - [2024-03-26T09:08:44.064+0000] {dagbag.py:538} INFO - Filling up the DagBag from /home/airflow/.local/lib/python3.8/site-packages/airflow/example_dags/example_python_operator.py
[2024-03-26T09:08:44.073+0000] {processor.py:840} INFO - DAG(s) 'example_python_operator' retrieved from /home/airflow/.local/lib/python3.8/site-packages/airflow/example_dags/example_python_operator.py
[2024-03-26T09:08:44.093+0000] {logging_mixin.py:188} INFO - [2024-03-26T09:08:44.093+0000] {dag.py:3036} INFO - Sync 1 DAGs
[2024-03-26T09:08:44.105+0000] {logging_mixin.py:188} INFO - [2024-03-26T09:08:44.105+0000] {dag.py:3823} INFO - Setting next_dagrun for example_python_operator to None, run_after=None
[2024-03-26T09:08:44.123+0000] {processor.py:183} INFO - Processing /home/airflow/.local/lib/python3.8/site-packages/airflow/example_dags/example_python_operator.py took 0.064 seconds
[2024-03-26T09:09:14.685+0000] {processor.py:161} INFO - Started process (PID=253) to work on /home/airflow/.local/lib/python3.8/site-packages/airflow/example_dags/example_python_operator.py
[2024-03-26T09:09:14.686+0000] {processor.py:830} INFO - Processing file /home/airflow/.local/lib/python3.8/site-packages/airflow/example_dags/example_python_operator.py for tasks to queue
[2024-03-26T09:09:14.687+0000] {logging_mixin.py:188} INFO - [2024-03-26T09:09:14.687+0000] {dagbag.py:538} INFO - Filling up the DagBag from /home/airflow/.local/lib/python3.8/site-packages/airflow/example_dags/example_python_operator.py
[2024-03-26T09:09:14.696+0000] {processor.py:840} INFO - DAG(s) 'example_python_operator' retrieved from /home/airflow/.local/lib/python3.8/site-packages/airflow/example_dags/example_python_operator.py
[2024-03-26T09:09:14.717+0000] {logging_mixin.py:188} INFO - [2024-03-26T09:09:14.717+0000] {dag.py:3036} INFO - Sync 1 DAGs
[2024-03-26T09:09:14.728+0000] {logging_mixin.py:188} INFO - [2024-03-26T09:09:14.728+0000] {dag.py:3823} INFO - Setting next_dagrun for example_python_operator to None, run_after=None
[2024-03-26T09:09:14.746+0000] {processor.py:183} INFO - Processing /home/airflow/.local/lib/python3.8/site-packages/airflow/example_dags/example_python_operator.py took 0.065 seconds
[2024-03-26T09:09:45.383+0000] {processor.py:161} INFO - Started process (PID=310) to work on /home/airflow/.local/lib/python3.8/site-packages/airflow/example_dags/example_python_operator.py
[2024-03-26T09:09:45.384+0000] {processor.py:830} INFO - Processing file /home/airflow/.local/lib/python3.8/site-packages/airflow/example_dags/example_python_operator.py for tasks to queue
[2024-03-26T09:09:45.386+0000] {logging_mixin.py:188} INFO - [2024-03-26T09:09:45.385+0000] {dagbag.py:538} INFO - Filling up the DagBag from /home/airflow/.local/lib/python3.8/site-packages/airflow/example_dags/example_python_operator.py
[2024-03-26T09:09:45.394+0000] {processor.py:840} INFO - DAG(s) 'example_python_operator' retrieved from /home/airflow/.local/lib/python3.8/site-packages/airflow/example_dags/example_python_operator.py
[2024-03-26T09:09:45.411+0000] {logging_mixin.py:188} INFO - [2024-03-26T09:09:45.411+0000] {dag.py:3036} INFO - Sync 1 DAGs
[2024-03-26T09:09:45.422+0000] {logging_mixin.py:188} INFO - [2024-03-26T09:09:45.422+0000] {dag.py:3823} INFO - Setting next_dagrun for example_python_operator to None, run_after=None
[2024-03-26T09:09:45.443+0000] {processor.py:183} INFO - Processing /home/airflow/.local/lib/python3.8/site-packages/airflow/example_dags/example_python_operator.py took 0.063 seconds
[2024-03-26T09:10:16.121+0000] {processor.py:161} INFO - Started process (PID=367) to work on /home/airflow/.local/lib/python3.8/site-packages/airflow/example_dags/example_python_operator.py
[2024-03-26T09:10:16.122+0000] {processor.py:830} INFO - Processing file /home/airflow/.local/lib/python3.8/site-packages/airflow/example_dags/example_python_operator.py for tasks to queue
[2024-03-26T09:10:16.123+0000] {logging_mixin.py:188} INFO - [2024-03-26T09:10:16.123+0000] {dagbag.py:538} INFO - Filling up the DagBag from /home/airflow/.local/lib/python3.8/site-packages/airflow/example_dags/example_python_operator.py
[2024-03-26T09:10:16.131+0000] {processor.py:840} INFO - DAG(s) 'example_python_operator' retrieved from /home/airflow/.local/lib/python3.8/site-packages/airflow/example_dags/example_python_operator.py
[2024-03-26T09:10:16.149+0000] {logging_mixin.py:188} INFO - [2024-03-26T09:10:16.148+0000] {dag.py:3036} INFO - Sync 1 DAGs
[2024-03-26T09:10:16.159+0000] {logging_mixin.py:188} INFO - [2024-03-26T09:10:16.159+0000] {dag.py:3823} INFO - Setting next_dagrun for example_python_operator to None, run_after=None
[2024-03-26T09:10:16.175+0000] {processor.py:183} INFO - Processing /home/airflow/.local/lib/python3.8/site-packages/airflow/example_dags/example_python_operator.py took 0.056 seconds
[2024-03-26T09:50:58.570+0000] {processor.py:161} INFO - Started process (PID=81) to work on /home/airflow/.local/lib/python3.8/site-packages/airflow/example_dags/example_python_operator.py
[2024-03-26T09:50:58.571+0000] {processor.py:830} INFO - Processing file /home/airflow/.local/lib/python3.8/site-packages/airflow/example_dags/example_python_operator.py for tasks to queue
[2024-03-26T09:50:58.572+0000] {logging_mixin.py:188} INFO - [2024-03-26T09:50:58.572+0000] {dagbag.py:538} INFO - Filling up the DagBag from /home/airflow/.local/lib/python3.8/site-packages/airflow/example_dags/example_python_operator.py
[2024-03-26T09:50:58.582+0000] {processor.py:840} INFO - DAG(s) 'example_python_operator' retrieved from /home/airflow/.local/lib/python3.8/site-packages/airflow/example_dags/example_python_operator.py
[2024-03-26T09:50:58.593+0000] {logging_mixin.py:188} INFO - [2024-03-26T09:50:58.592+0000] {dag.py:3036} INFO - Sync 1 DAGs
[2024-03-26T09:50:58.604+0000] {logging_mixin.py:188} INFO - [2024-03-26T09:50:58.604+0000] {dag.py:3823} INFO - Setting next_dagrun for example_python_operator to None, run_after=None
[2024-03-26T09:50:58.625+0000] {processor.py:183} INFO - Processing /home/airflow/.local/lib/python3.8/site-packages/airflow/example_dags/example_python_operator.py took 0.058 seconds
[2024-03-26T09:51:29.560+0000] {processor.py:161} INFO - Started process (PID=138) to work on /home/airflow/.local/lib/python3.8/site-packages/airflow/example_dags/example_python_operator.py
[2024-03-26T09:51:29.560+0000] {processor.py:830} INFO - Processing file /home/airflow/.local/lib/python3.8/site-packages/airflow/example_dags/example_python_operator.py for tasks to queue
[2024-03-26T09:51:29.562+0000] {logging_mixin.py:188} INFO - [2024-03-26T09:51:29.562+0000] {dagbag.py:538} INFO - Filling up the DagBag from /home/airflow/.local/lib/python3.8/site-packages/airflow/example_dags/example_python_operator.py
[2024-03-26T09:51:29.569+0000] {processor.py:840} INFO - DAG(s) 'example_python_operator' retrieved from /home/airflow/.local/lib/python3.8/site-packages/airflow/example_dags/example_python_operator.py
[2024-03-26T09:51:29.653+0000] {logging_mixin.py:188} INFO - [2024-03-26T09:51:29.653+0000] {dag.py:3036} INFO - Sync 1 DAGs
[2024-03-26T09:51:29.663+0000] {logging_mixin.py:188} INFO - [2024-03-26T09:51:29.662+0000] {dag.py:3823} INFO - Setting next_dagrun for example_python_operator to None, run_after=None
[2024-03-26T09:51:29.679+0000] {processor.py:183} INFO - Processing /home/airflow/.local/lib/python3.8/site-packages/airflow/example_dags/example_python_operator.py took 0.121 seconds
[2024-03-26T09:52:00.592+0000] {processor.py:161} INFO - Started process (PID=195) to work on /home/airflow/.local/lib/python3.8/site-packages/airflow/example_dags/example_python_operator.py
[2024-03-26T09:52:00.593+0000] {processor.py:830} INFO - Processing file /home/airflow/.local/lib/python3.8/site-packages/airflow/example_dags/example_python_operator.py for tasks to queue
[2024-03-26T09:52:00.594+0000] {logging_mixin.py:188} INFO - [2024-03-26T09:52:00.594+0000] {dagbag.py:538} INFO - Filling up the DagBag from /home/airflow/.local/lib/python3.8/site-packages/airflow/example_dags/example_python_operator.py
[2024-03-26T09:52:00.602+0000] {processor.py:840} INFO - DAG(s) 'example_python_operator' retrieved from /home/airflow/.local/lib/python3.8/site-packages/airflow/example_dags/example_python_operator.py
[2024-03-26T09:52:00.618+0000] {logging_mixin.py:188} INFO - [2024-03-26T09:52:00.618+0000] {dag.py:3036} INFO - Sync 1 DAGs
[2024-03-26T09:52:00.628+0000] {logging_mixin.py:188} INFO - [2024-03-26T09:52:00.627+0000] {dag.py:3823} INFO - Setting next_dagrun for example_python_operator to None, run_after=None
[2024-03-26T09:52:00.642+0000] {processor.py:183} INFO - Processing /home/airflow/.local/lib/python3.8/site-packages/airflow/example_dags/example_python_operator.py took 0.052 seconds
[2024-03-26T09:52:31.346+0000] {processor.py:161} INFO - Started process (PID=252) to work on /home/airflow/.local/lib/python3.8/site-packages/airflow/example_dags/example_python_operator.py
[2024-03-26T09:52:31.347+0000] {processor.py:830} INFO - Processing file /home/airflow/.local/lib/python3.8/site-packages/airflow/example_dags/example_python_operator.py for tasks to queue
[2024-03-26T09:52:31.349+0000] {logging_mixin.py:188} INFO - [2024-03-26T09:52:31.348+0000] {dagbag.py:538} INFO - Filling up the DagBag from /home/airflow/.local/lib/python3.8/site-packages/airflow/example_dags/example_python_operator.py
[2024-03-26T09:52:31.357+0000] {processor.py:840} INFO - DAG(s) 'example_python_operator' retrieved from /home/airflow/.local/lib/python3.8/site-packages/airflow/example_dags/example_python_operator.py
[2024-03-26T09:52:31.376+0000] {logging_mixin.py:188} INFO - [2024-03-26T09:52:31.376+0000] {dag.py:3036} INFO - Sync 1 DAGs
[2024-03-26T09:52:31.386+0000] {logging_mixin.py:188} INFO - [2024-03-26T09:52:31.386+0000] {dag.py:3823} INFO - Setting next_dagrun for example_python_operator to None, run_after=None
[2024-03-26T09:52:31.401+0000] {processor.py:183} INFO - Processing /home/airflow/.local/lib/python3.8/site-packages/airflow/example_dags/example_python_operator.py took 0.057 seconds
[2024-03-26T09:53:02.221+0000] {processor.py:161} INFO - Started process (PID=309) to work on /home/airflow/.local/lib/python3.8/site-packages/airflow/example_dags/example_python_operator.py
[2024-03-26T09:53:02.222+0000] {processor.py:830} INFO - Processing file /home/airflow/.local/lib/python3.8/site-packages/airflow/example_dags/example_python_operator.py for tasks to queue
[2024-03-26T09:53:02.224+0000] {logging_mixin.py:188} INFO - [2024-03-26T09:53:02.223+0000] {dagbag.py:538} INFO - Filling up the DagBag from /home/airflow/.local/lib/python3.8/site-packages/airflow/example_dags/example_python_operator.py
[2024-03-26T09:53:02.231+0000] {processor.py:840} INFO - DAG(s) 'example_python_operator' retrieved from /home/airflow/.local/lib/python3.8/site-packages/airflow/example_dags/example_python_operator.py
[2024-03-26T09:53:02.247+0000] {logging_mixin.py:188} INFO - [2024-03-26T09:53:02.247+0000] {dag.py:3036} INFO - Sync 1 DAGs
[2024-03-26T09:53:02.257+0000] {logging_mixin.py:188} INFO - [2024-03-26T09:53:02.257+0000] {dag.py:3823} INFO - Setting next_dagrun for example_python_operator to None, run_after=None
[2024-03-26T09:53:02.271+0000] {processor.py:183} INFO - Processing /home/airflow/.local/lib/python3.8/site-packages/airflow/example_dags/example_python_operator.py took 0.053 seconds
[2024-03-26T09:53:32.711+0000] {processor.py:161} INFO - Started process (PID=366) to work on /home/airflow/.local/lib/python3.8/site-packages/airflow/example_dags/example_python_operator.py
[2024-03-26T09:53:32.712+0000] {processor.py:830} INFO - Processing file /home/airflow/.local/lib/python3.8/site-packages/airflow/example_dags/example_python_operator.py for tasks to queue
[2024-03-26T09:53:32.713+0000] {logging_mixin.py:188} INFO - [2024-03-26T09:53:32.713+0000] {dagbag.py:538} INFO - Filling up the DagBag from /home/airflow/.local/lib/python3.8/site-packages/airflow/example_dags/example_python_operator.py
[2024-03-26T09:53:32.721+0000] {processor.py:840} INFO - DAG(s) 'example_python_operator' retrieved from /home/airflow/.local/lib/python3.8/site-packages/airflow/example_dags/example_python_operator.py
[2024-03-26T09:53:32.738+0000] {logging_mixin.py:188} INFO - [2024-03-26T09:53:32.738+0000] {dag.py:3036} INFO - Sync 1 DAGs
[2024-03-26T09:53:32.748+0000] {logging_mixin.py:188} INFO - [2024-03-26T09:53:32.748+0000] {dag.py:3823} INFO - Setting next_dagrun for example_python_operator to None, run_after=None
[2024-03-26T09:53:32.763+0000] {processor.py:183} INFO - Processing /home/airflow/.local/lib/python3.8/site-packages/airflow/example_dags/example_python_operator.py took 0.055 seconds
[2024-03-26T09:54:03.731+0000] {processor.py:161} INFO - Started process (PID=423) to work on /home/airflow/.local/lib/python3.8/site-packages/airflow/example_dags/example_python_operator.py
[2024-03-26T09:54:03.732+0000] {processor.py:830} INFO - Processing file /home/airflow/.local/lib/python3.8/site-packages/airflow/example_dags/example_python_operator.py for tasks to queue
[2024-03-26T09:54:03.733+0000] {logging_mixin.py:188} INFO - [2024-03-26T09:54:03.733+0000] {dagbag.py:538} INFO - Filling up the DagBag from /home/airflow/.local/lib/python3.8/site-packages/airflow/example_dags/example_python_operator.py
[2024-03-26T09:54:03.741+0000] {processor.py:840} INFO - DAG(s) 'example_python_operator' retrieved from /home/airflow/.local/lib/python3.8/site-packages/airflow/example_dags/example_python_operator.py
[2024-03-26T09:54:03.760+0000] {logging_mixin.py:188} INFO - [2024-03-26T09:54:03.760+0000] {dag.py:3036} INFO - Sync 1 DAGs
[2024-03-26T09:54:03.770+0000] {logging_mixin.py:188} INFO - [2024-03-26T09:54:03.770+0000] {dag.py:3823} INFO - Setting next_dagrun for example_python_operator to None, run_after=None
[2024-03-26T09:54:03.785+0000] {processor.py:183} INFO - Processing /home/airflow/.local/lib/python3.8/site-packages/airflow/example_dags/example_python_operator.py took 0.056 seconds
[2024-03-26T09:54:34.369+0000] {processor.py:161} INFO - Started process (PID=480) to work on /home/airflow/.local/lib/python3.8/site-packages/airflow/example_dags/example_python_operator.py
[2024-03-26T09:54:34.369+0000] {processor.py:830} INFO - Processing file /home/airflow/.local/lib/python3.8/site-packages/airflow/example_dags/example_python_operator.py for tasks to queue
[2024-03-26T09:54:34.371+0000] {logging_mixin.py:188} INFO - [2024-03-26T09:54:34.371+0000] {dagbag.py:538} INFO - Filling up the DagBag from /home/airflow/.local/lib/python3.8/site-packages/airflow/example_dags/example_python_operator.py
[2024-03-26T09:54:34.379+0000] {processor.py:840} INFO - DAG(s) 'example_python_operator' retrieved from /home/airflow/.local/lib/python3.8/site-packages/airflow/example_dags/example_python_operator.py
[2024-03-26T09:54:34.395+0000] {logging_mixin.py:188} INFO - [2024-03-26T09:54:34.395+0000] {dag.py:3036} INFO - Sync 1 DAGs
[2024-03-26T09:54:34.405+0000] {logging_mixin.py:188} INFO - [2024-03-26T09:54:34.405+0000] {dag.py:3823} INFO - Setting next_dagrun for example_python_operator to None, run_after=None
[2024-03-26T09:54:34.420+0000] {processor.py:183} INFO - Processing /home/airflow/.local/lib/python3.8/site-packages/airflow/example_dags/example_python_operator.py took 0.054 seconds
[2024-03-26T09:55:04.936+0000] {processor.py:161} INFO - Started process (PID=537) to work on /home/airflow/.local/lib/python3.8/site-packages/airflow/example_dags/example_python_operator.py
[2024-03-26T09:55:04.937+0000] {processor.py:830} INFO - Processing file /home/airflow/.local/lib/python3.8/site-packages/airflow/example_dags/example_python_operator.py for tasks to queue
[2024-03-26T09:55:04.938+0000] {logging_mixin.py:188} INFO - [2024-03-26T09:55:04.938+0000] {dagbag.py:538} INFO - Filling up the DagBag from /home/airflow/.local/lib/python3.8/site-packages/airflow/example_dags/example_python_operator.py
[2024-03-26T09:55:04.946+0000] {processor.py:840} INFO - DAG(s) 'example_python_operator' retrieved from /home/airflow/.local/lib/python3.8/site-packages/airflow/example_dags/example_python_operator.py
[2024-03-26T09:55:04.962+0000] {logging_mixin.py:188} INFO - [2024-03-26T09:55:04.961+0000] {dag.py:3036} INFO - Sync 1 DAGs
[2024-03-26T09:55:04.972+0000] {logging_mixin.py:188} INFO - [2024-03-26T09:55:04.971+0000] {dag.py:3823} INFO - Setting next_dagrun for example_python_operator to None, run_after=None
[2024-03-26T09:55:04.986+0000] {processor.py:183} INFO - Processing /home/airflow/.local/lib/python3.8/site-packages/airflow/example_dags/example_python_operator.py took 0.052 seconds
[2024-03-26T09:55:35.560+0000] {processor.py:161} INFO - Started process (PID=594) to work on /home/airflow/.local/lib/python3.8/site-packages/airflow/example_dags/example_python_operator.py
[2024-03-26T09:55:35.561+0000] {processor.py:830} INFO - Processing file /home/airflow/.local/lib/python3.8/site-packages/airflow/example_dags/example_python_operator.py for tasks to queue
[2024-03-26T09:55:35.562+0000] {logging_mixin.py:188} INFO - [2024-03-26T09:55:35.562+0000] {dagbag.py:538} INFO - Filling up the DagBag from /home/airflow/.local/lib/python3.8/site-packages/airflow/example_dags/example_python_operator.py
[2024-03-26T09:55:35.570+0000] {processor.py:840} INFO - DAG(s) 'example_python_operator' retrieved from /home/airflow/.local/lib/python3.8/site-packages/airflow/example_dags/example_python_operator.py
[2024-03-26T09:55:35.586+0000] {logging_mixin.py:188} INFO - [2024-03-26T09:55:35.586+0000] {dag.py:3036} INFO - Sync 1 DAGs
[2024-03-26T09:55:35.596+0000] {logging_mixin.py:188} INFO - [2024-03-26T09:55:35.595+0000] {dag.py:3823} INFO - Setting next_dagrun for example_python_operator to None, run_after=None
[2024-03-26T09:55:35.610+0000] {processor.py:183} INFO - Processing /home/airflow/.local/lib/python3.8/site-packages/airflow/example_dags/example_python_operator.py took 0.053 seconds
[2024-03-26T09:56:06.292+0000] {processor.py:161} INFO - Started process (PID=651) to work on /home/airflow/.local/lib/python3.8/site-packages/airflow/example_dags/example_python_operator.py
[2024-03-26T09:56:06.292+0000] {processor.py:830} INFO - Processing file /home/airflow/.local/lib/python3.8/site-packages/airflow/example_dags/example_python_operator.py for tasks to queue
[2024-03-26T09:56:06.294+0000] {logging_mixin.py:188} INFO - [2024-03-26T09:56:06.294+0000] {dagbag.py:538} INFO - Filling up the DagBag from /home/airflow/.local/lib/python3.8/site-packages/airflow/example_dags/example_python_operator.py
[2024-03-26T09:56:06.302+0000] {processor.py:840} INFO - DAG(s) 'example_python_operator' retrieved from /home/airflow/.local/lib/python3.8/site-packages/airflow/example_dags/example_python_operator.py
[2024-03-26T09:56:06.321+0000] {logging_mixin.py:188} INFO - [2024-03-26T09:56:06.321+0000] {dag.py:3036} INFO - Sync 1 DAGs
[2024-03-26T09:56:06.332+0000] {logging_mixin.py:188} INFO - [2024-03-26T09:56:06.331+0000] {dag.py:3823} INFO - Setting next_dagrun for example_python_operator to None, run_after=None
[2024-03-26T09:56:06.348+0000] {processor.py:183} INFO - Processing /home/airflow/.local/lib/python3.8/site-packages/airflow/example_dags/example_python_operator.py took 0.058 seconds
[2024-03-26T09:57:48.283+0000] {processor.py:161} INFO - Started process (PID=81) to work on /home/airflow/.local/lib/python3.8/site-packages/airflow/example_dags/example_python_operator.py
[2024-03-26T09:57:48.284+0000] {processor.py:830} INFO - Processing file /home/airflow/.local/lib/python3.8/site-packages/airflow/example_dags/example_python_operator.py for tasks to queue
[2024-03-26T09:57:48.286+0000] {logging_mixin.py:188} INFO - [2024-03-26T09:57:48.285+0000] {dagbag.py:538} INFO - Filling up the DagBag from /home/airflow/.local/lib/python3.8/site-packages/airflow/example_dags/example_python_operator.py
[2024-03-26T09:57:48.296+0000] {processor.py:840} INFO - DAG(s) 'example_python_operator' retrieved from /home/airflow/.local/lib/python3.8/site-packages/airflow/example_dags/example_python_operator.py
[2024-03-26T09:57:48.305+0000] {logging_mixin.py:188} INFO - [2024-03-26T09:57:48.305+0000] {dag.py:3036} INFO - Sync 1 DAGs
[2024-03-26T09:57:48.317+0000] {logging_mixin.py:188} INFO - [2024-03-26T09:57:48.317+0000] {dag.py:3823} INFO - Setting next_dagrun for example_python_operator to None, run_after=None
[2024-03-26T09:57:48.334+0000] {processor.py:183} INFO - Processing /home/airflow/.local/lib/python3.8/site-packages/airflow/example_dags/example_python_operator.py took 0.055 seconds
[2024-03-26T09:58:19.489+0000] {processor.py:161} INFO - Started process (PID=138) to work on /home/airflow/.local/lib/python3.8/site-packages/airflow/example_dags/example_python_operator.py
[2024-03-26T09:58:19.490+0000] {processor.py:830} INFO - Processing file /home/airflow/.local/lib/python3.8/site-packages/airflow/example_dags/example_python_operator.py for tasks to queue
[2024-03-26T09:58:19.492+0000] {logging_mixin.py:188} INFO - [2024-03-26T09:58:19.491+0000] {dagbag.py:538} INFO - Filling up the DagBag from /home/airflow/.local/lib/python3.8/site-packages/airflow/example_dags/example_python_operator.py
[2024-03-26T09:58:19.500+0000] {processor.py:840} INFO - DAG(s) 'example_python_operator' retrieved from /home/airflow/.local/lib/python3.8/site-packages/airflow/example_dags/example_python_operator.py
[2024-03-26T09:58:19.589+0000] {logging_mixin.py:188} INFO - [2024-03-26T09:58:19.588+0000] {dag.py:3036} INFO - Sync 1 DAGs
[2024-03-26T09:58:19.599+0000] {logging_mixin.py:188} INFO - [2024-03-26T09:58:19.599+0000] {dag.py:3823} INFO - Setting next_dagrun for example_python_operator to None, run_after=None
[2024-03-26T09:58:19.618+0000] {processor.py:183} INFO - Processing /home/airflow/.local/lib/python3.8/site-packages/airflow/example_dags/example_python_operator.py took 0.131 seconds
[2024-03-26T09:58:49.767+0000] {processor.py:161} INFO - Started process (PID=195) to work on /home/airflow/.local/lib/python3.8/site-packages/airflow/example_dags/example_python_operator.py
[2024-03-26T09:58:49.768+0000] {processor.py:830} INFO - Processing file /home/airflow/.local/lib/python3.8/site-packages/airflow/example_dags/example_python_operator.py for tasks to queue
[2024-03-26T09:58:49.769+0000] {logging_mixin.py:188} INFO - [2024-03-26T09:58:49.769+0000] {dagbag.py:538} INFO - Filling up the DagBag from /home/airflow/.local/lib/python3.8/site-packages/airflow/example_dags/example_python_operator.py
[2024-03-26T09:58:49.777+0000] {processor.py:840} INFO - DAG(s) 'example_python_operator' retrieved from /home/airflow/.local/lib/python3.8/site-packages/airflow/example_dags/example_python_operator.py
[2024-03-26T09:58:49.796+0000] {logging_mixin.py:188} INFO - [2024-03-26T09:58:49.796+0000] {dag.py:3036} INFO - Sync 1 DAGs
[2024-03-26T09:58:49.807+0000] {logging_mixin.py:188} INFO - [2024-03-26T09:58:49.807+0000] {dag.py:3823} INFO - Setting next_dagrun for example_python_operator to None, run_after=None
[2024-03-26T09:58:49.825+0000] {processor.py:183} INFO - Processing /home/airflow/.local/lib/python3.8/site-packages/airflow/example_dags/example_python_operator.py took 0.060 seconds
[2024-03-26T10:11:04.521+0000] {processor.py:161} INFO - Started process (PID=80) to work on /home/airflow/.local/lib/python3.8/site-packages/airflow/example_dags/example_python_operator.py
[2024-03-26T10:11:04.523+0000] {processor.py:830} INFO - Processing file /home/airflow/.local/lib/python3.8/site-packages/airflow/example_dags/example_python_operator.py for tasks to queue
[2024-03-26T10:11:04.525+0000] {logging_mixin.py:188} INFO - [2024-03-26T10:11:04.525+0000] {dagbag.py:538} INFO - Filling up the DagBag from /home/airflow/.local/lib/python3.8/site-packages/airflow/example_dags/example_python_operator.py
[2024-03-26T10:11:04.537+0000] {processor.py:840} INFO - DAG(s) 'example_python_operator' retrieved from /home/airflow/.local/lib/python3.8/site-packages/airflow/example_dags/example_python_operator.py
[2024-03-26T10:11:04.549+0000] {logging_mixin.py:188} INFO - [2024-03-26T10:11:04.549+0000] {dag.py:3036} INFO - Sync 1 DAGs
[2024-03-26T10:11:04.567+0000] {logging_mixin.py:188} INFO - [2024-03-26T10:11:04.567+0000] {dag.py:3823} INFO - Setting next_dagrun for example_python_operator to None, run_after=None
[2024-03-26T10:11:04.588+0000] {processor.py:183} INFO - Processing /home/airflow/.local/lib/python3.8/site-packages/airflow/example_dags/example_python_operator.py took 0.072 seconds
[2024-03-26T10:11:36.546+0000] {processor.py:161} INFO - Started process (PID=136) to work on /home/airflow/.local/lib/python3.8/site-packages/airflow/example_dags/example_python_operator.py
[2024-03-26T10:11:36.547+0000] {processor.py:830} INFO - Processing file /home/airflow/.local/lib/python3.8/site-packages/airflow/example_dags/example_python_operator.py for tasks to queue
[2024-03-26T10:11:36.549+0000] {logging_mixin.py:188} INFO - [2024-03-26T10:11:36.549+0000] {dagbag.py:538} INFO - Filling up the DagBag from /home/airflow/.local/lib/python3.8/site-packages/airflow/example_dags/example_python_operator.py
[2024-03-26T10:11:36.559+0000] {processor.py:840} INFO - DAG(s) 'example_python_operator' retrieved from /home/airflow/.local/lib/python3.8/site-packages/airflow/example_dags/example_python_operator.py
[2024-03-26T10:11:36.652+0000] {logging_mixin.py:188} INFO - [2024-03-26T10:11:36.652+0000] {dag.py:3036} INFO - Sync 1 DAGs
[2024-03-26T10:11:36.662+0000] {logging_mixin.py:188} INFO - [2024-03-26T10:11:36.662+0000] {dag.py:3823} INFO - Setting next_dagrun for example_python_operator to None, run_after=None
[2024-03-26T10:11:36.680+0000] {processor.py:183} INFO - Processing /home/airflow/.local/lib/python3.8/site-packages/airflow/example_dags/example_python_operator.py took 0.137 seconds
[2024-03-26T10:12:50.664+0000] {processor.py:161} INFO - Started process (PID=81) to work on /home/airflow/.local/lib/python3.8/site-packages/airflow/example_dags/example_python_operator.py
[2024-03-26T10:12:50.666+0000] {processor.py:830} INFO - Processing file /home/airflow/.local/lib/python3.8/site-packages/airflow/example_dags/example_python_operator.py for tasks to queue
[2024-03-26T10:12:50.668+0000] {logging_mixin.py:188} INFO - [2024-03-26T10:12:50.667+0000] {dagbag.py:538} INFO - Filling up the DagBag from /home/airflow/.local/lib/python3.8/site-packages/airflow/example_dags/example_python_operator.py
[2024-03-26T10:12:50.678+0000] {processor.py:840} INFO - DAG(s) 'example_python_operator' retrieved from /home/airflow/.local/lib/python3.8/site-packages/airflow/example_dags/example_python_operator.py
[2024-03-26T10:12:50.692+0000] {logging_mixin.py:188} INFO - [2024-03-26T10:12:50.691+0000] {dag.py:3036} INFO - Sync 1 DAGs
[2024-03-26T10:12:50.705+0000] {logging_mixin.py:188} INFO - [2024-03-26T10:12:50.704+0000] {dag.py:3823} INFO - Setting next_dagrun for example_python_operator to None, run_after=None
[2024-03-26T10:12:50.726+0000] {processor.py:183} INFO - Processing /home/airflow/.local/lib/python3.8/site-packages/airflow/example_dags/example_python_operator.py took 0.065 seconds
[2024-03-26T10:13:21.657+0000] {processor.py:161} INFO - Started process (PID=138) to work on /home/airflow/.local/lib/python3.8/site-packages/airflow/example_dags/example_python_operator.py
[2024-03-26T10:13:21.658+0000] {processor.py:830} INFO - Processing file /home/airflow/.local/lib/python3.8/site-packages/airflow/example_dags/example_python_operator.py for tasks to queue
[2024-03-26T10:13:21.659+0000] {logging_mixin.py:188} INFO - [2024-03-26T10:13:21.659+0000] {dagbag.py:538} INFO - Filling up the DagBag from /home/airflow/.local/lib/python3.8/site-packages/airflow/example_dags/example_python_operator.py
[2024-03-26T10:13:21.667+0000] {processor.py:840} INFO - DAG(s) 'example_python_operator' retrieved from /home/airflow/.local/lib/python3.8/site-packages/airflow/example_dags/example_python_operator.py
[2024-03-26T10:13:21.749+0000] {logging_mixin.py:188} INFO - [2024-03-26T10:13:21.749+0000] {dag.py:3036} INFO - Sync 1 DAGs
[2024-03-26T10:13:21.759+0000] {logging_mixin.py:188} INFO - [2024-03-26T10:13:21.759+0000] {dag.py:3823} INFO - Setting next_dagrun for example_python_operator to None, run_after=None
[2024-03-26T10:13:21.778+0000] {processor.py:183} INFO - Processing /home/airflow/.local/lib/python3.8/site-packages/airflow/example_dags/example_python_operator.py took 0.123 seconds
[2024-03-26T10:13:51.994+0000] {processor.py:161} INFO - Started process (PID=195) to work on /home/airflow/.local/lib/python3.8/site-packages/airflow/example_dags/example_python_operator.py
[2024-03-26T10:13:51.995+0000] {processor.py:830} INFO - Processing file /home/airflow/.local/lib/python3.8/site-packages/airflow/example_dags/example_python_operator.py for tasks to queue
[2024-03-26T10:13:51.996+0000] {logging_mixin.py:188} INFO - [2024-03-26T10:13:51.996+0000] {dagbag.py:538} INFO - Filling up the DagBag from /home/airflow/.local/lib/python3.8/site-packages/airflow/example_dags/example_python_operator.py
[2024-03-26T10:13:52.006+0000] {processor.py:840} INFO - DAG(s) 'example_python_operator' retrieved from /home/airflow/.local/lib/python3.8/site-packages/airflow/example_dags/example_python_operator.py
[2024-03-26T10:13:52.025+0000] {logging_mixin.py:188} INFO - [2024-03-26T10:13:52.024+0000] {dag.py:3036} INFO - Sync 1 DAGs
[2024-03-26T10:13:52.036+0000] {logging_mixin.py:188} INFO - [2024-03-26T10:13:52.035+0000] {dag.py:3823} INFO - Setting next_dagrun for example_python_operator to None, run_after=None
[2024-03-26T10:13:52.052+0000] {processor.py:183} INFO - Processing /home/airflow/.local/lib/python3.8/site-packages/airflow/example_dags/example_python_operator.py took 0.061 seconds
[2024-03-26T10:14:22.148+0000] {processor.py:161} INFO - Started process (PID=252) to work on /home/airflow/.local/lib/python3.8/site-packages/airflow/example_dags/example_python_operator.py
[2024-03-26T10:14:22.149+0000] {processor.py:830} INFO - Processing file /home/airflow/.local/lib/python3.8/site-packages/airflow/example_dags/example_python_operator.py for tasks to queue
[2024-03-26T10:14:22.151+0000] {logging_mixin.py:188} INFO - [2024-03-26T10:14:22.150+0000] {dagbag.py:538} INFO - Filling up the DagBag from /home/airflow/.local/lib/python3.8/site-packages/airflow/example_dags/example_python_operator.py
[2024-03-26T10:14:22.158+0000] {processor.py:840} INFO - DAG(s) 'example_python_operator' retrieved from /home/airflow/.local/lib/python3.8/site-packages/airflow/example_dags/example_python_operator.py
[2024-03-26T10:14:22.175+0000] {logging_mixin.py:188} INFO - [2024-03-26T10:14:22.175+0000] {dag.py:3036} INFO - Sync 1 DAGs
[2024-03-26T10:14:22.185+0000] {logging_mixin.py:188} INFO - [2024-03-26T10:14:22.185+0000] {dag.py:3823} INFO - Setting next_dagrun for example_python_operator to None, run_after=None
[2024-03-26T10:14:22.201+0000] {processor.py:183} INFO - Processing /home/airflow/.local/lib/python3.8/site-packages/airflow/example_dags/example_python_operator.py took 0.055 seconds
[2024-03-26T10:15:16.599+0000] {processor.py:161} INFO - Started process (PID=81) to work on /home/airflow/.local/lib/python3.8/site-packages/airflow/example_dags/example_python_operator.py
[2024-03-26T10:15:16.600+0000] {processor.py:830} INFO - Processing file /home/airflow/.local/lib/python3.8/site-packages/airflow/example_dags/example_python_operator.py for tasks to queue
[2024-03-26T10:15:16.602+0000] {logging_mixin.py:188} INFO - [2024-03-26T10:15:16.601+0000] {dagbag.py:538} INFO - Filling up the DagBag from /home/airflow/.local/lib/python3.8/site-packages/airflow/example_dags/example_python_operator.py
[2024-03-26T10:15:16.610+0000] {processor.py:840} INFO - DAG(s) 'example_python_operator' retrieved from /home/airflow/.local/lib/python3.8/site-packages/airflow/example_dags/example_python_operator.py
[2024-03-26T10:15:16.621+0000] {logging_mixin.py:188} INFO - [2024-03-26T10:15:16.621+0000] {dag.py:3036} INFO - Sync 1 DAGs
[2024-03-26T10:15:16.633+0000] {logging_mixin.py:188} INFO - [2024-03-26T10:15:16.633+0000] {dag.py:3823} INFO - Setting next_dagrun for example_python_operator to None, run_after=None
[2024-03-26T10:15:16.653+0000] {processor.py:183} INFO - Processing /home/airflow/.local/lib/python3.8/site-packages/airflow/example_dags/example_python_operator.py took 0.057 seconds
[2024-03-26T10:17:23.920+0000] {processor.py:161} INFO - Started process (PID=81) to work on /home/airflow/.local/lib/python3.8/site-packages/airflow/example_dags/example_python_operator.py
[2024-03-26T10:17:23.922+0000] {processor.py:830} INFO - Processing file /home/airflow/.local/lib/python3.8/site-packages/airflow/example_dags/example_python_operator.py for tasks to queue
[2024-03-26T10:17:23.924+0000] {logging_mixin.py:188} INFO - [2024-03-26T10:17:23.923+0000] {dagbag.py:538} INFO - Filling up the DagBag from /home/airflow/.local/lib/python3.8/site-packages/airflow/example_dags/example_python_operator.py
[2024-03-26T10:17:23.932+0000] {processor.py:840} INFO - DAG(s) 'example_python_operator' retrieved from /home/airflow/.local/lib/python3.8/site-packages/airflow/example_dags/example_python_operator.py
[2024-03-26T10:17:23.943+0000] {logging_mixin.py:188} INFO - [2024-03-26T10:17:23.942+0000] {dag.py:3036} INFO - Sync 1 DAGs
[2024-03-26T10:17:23.954+0000] {logging_mixin.py:188} INFO - [2024-03-26T10:17:23.954+0000] {dag.py:3823} INFO - Setting next_dagrun for example_python_operator to None, run_after=None
[2024-03-26T10:17:23.970+0000] {processor.py:183} INFO - Processing /home/airflow/.local/lib/python3.8/site-packages/airflow/example_dags/example_python_operator.py took 0.052 seconds
[2024-03-26T10:17:55.577+0000] {processor.py:161} INFO - Started process (PID=138) to work on /home/airflow/.local/lib/python3.8/site-packages/airflow/example_dags/example_python_operator.py
[2024-03-26T10:17:55.578+0000] {processor.py:830} INFO - Processing file /home/airflow/.local/lib/python3.8/site-packages/airflow/example_dags/example_python_operator.py for tasks to queue
[2024-03-26T10:17:55.580+0000] {logging_mixin.py:188} INFO - [2024-03-26T10:17:55.580+0000] {dagbag.py:538} INFO - Filling up the DagBag from /home/airflow/.local/lib/python3.8/site-packages/airflow/example_dags/example_python_operator.py
[2024-03-26T10:17:55.588+0000] {processor.py:840} INFO - DAG(s) 'example_python_operator' retrieved from /home/airflow/.local/lib/python3.8/site-packages/airflow/example_dags/example_python_operator.py
[2024-03-26T10:17:55.676+0000] {logging_mixin.py:188} INFO - [2024-03-26T10:17:55.676+0000] {dag.py:3036} INFO - Sync 1 DAGs
[2024-03-26T10:17:55.686+0000] {logging_mixin.py:188} INFO - [2024-03-26T10:17:55.685+0000] {dag.py:3823} INFO - Setting next_dagrun for example_python_operator to None, run_after=None
[2024-03-26T10:17:55.704+0000] {processor.py:183} INFO - Processing /home/airflow/.local/lib/python3.8/site-packages/airflow/example_dags/example_python_operator.py took 0.129 seconds
