[2024-03-26T08:41:06.742+0000] {processor.py:161} INFO - Started process (PID=58) to work on /home/airflow/.local/lib/python3.8/site-packages/airflow/example_dags/example_sla_dag.py
[2024-03-26T08:41:06.744+0000] {processor.py:830} INFO - Processing file /home/airflow/.local/lib/python3.8/site-packages/airflow/example_dags/example_sla_dag.py for tasks to queue
[2024-03-26T08:41:06.746+0000] {logging_mixin.py:188} INFO - [2024-03-26T08:41:06.745+0000] {dagbag.py:538} INFO - Filling up the DagBag from /home/airflow/.local/lib/python3.8/site-packages/airflow/example_dags/example_sla_dag.py
[2024-03-26T08:41:06.756+0000] {processor.py:840} INFO - DAG(s) 'example_sla_dag' retrieved from /home/airflow/.local/lib/python3.8/site-packages/airflow/example_dags/example_sla_dag.py
[2024-03-26T08:41:06.766+0000] {logging_mixin.py:188} INFO - [2024-03-26T08:41:06.765+0000] {dag.py:3036} INFO - Sync 1 DAGs
[2024-03-26T08:41:06.787+0000] {logging_mixin.py:188} INFO - [2024-03-26T08:41:06.787+0000] {dag.py:3823} INFO - Setting next_dagrun for example_sla_dag to 2024-03-26 08:38:00+00:00, run_after=2024-03-26 08:40:00+00:00
[2024-03-26T08:41:06.804+0000] {processor.py:183} INFO - Processing /home/airflow/.local/lib/python3.8/site-packages/airflow/example_dags/example_sla_dag.py took 0.065 seconds
[2024-03-26T08:41:37.911+0000] {processor.py:161} INFO - Started process (PID=114) to work on /home/airflow/.local/lib/python3.8/site-packages/airflow/example_dags/example_sla_dag.py
[2024-03-26T08:41:37.912+0000] {processor.py:830} INFO - Processing file /home/airflow/.local/lib/python3.8/site-packages/airflow/example_dags/example_sla_dag.py for tasks to queue
[2024-03-26T08:41:37.913+0000] {logging_mixin.py:188} INFO - [2024-03-26T08:41:37.913+0000] {dagbag.py:538} INFO - Filling up the DagBag from /home/airflow/.local/lib/python3.8/site-packages/airflow/example_dags/example_sla_dag.py
[2024-03-26T08:41:37.919+0000] {processor.py:840} INFO - DAG(s) 'example_sla_dag' retrieved from /home/airflow/.local/lib/python3.8/site-packages/airflow/example_dags/example_sla_dag.py
[2024-03-26T08:41:38.002+0000] {logging_mixin.py:188} INFO - [2024-03-26T08:41:38.001+0000] {dag.py:3036} INFO - Sync 1 DAGs
[2024-03-26T08:41:38.023+0000] {logging_mixin.py:188} INFO - [2024-03-26T08:41:38.022+0000] {dag.py:3823} INFO - Setting next_dagrun for example_sla_dag to 2024-03-26 08:38:00+00:00, run_after=2024-03-26 08:40:00+00:00
[2024-03-26T08:41:38.038+0000] {processor.py:183} INFO - Processing /home/airflow/.local/lib/python3.8/site-packages/airflow/example_dags/example_sla_dag.py took 0.130 seconds
[2024-03-26T08:43:47.091+0000] {processor.py:161} INFO - Started process (PID=58) to work on /home/airflow/.local/lib/python3.8/site-packages/airflow/example_dags/example_sla_dag.py
[2024-03-26T08:43:47.092+0000] {processor.py:830} INFO - Processing file /home/airflow/.local/lib/python3.8/site-packages/airflow/example_dags/example_sla_dag.py for tasks to queue
[2024-03-26T08:43:47.094+0000] {logging_mixin.py:188} INFO - [2024-03-26T08:43:47.093+0000] {dagbag.py:538} INFO - Filling up the DagBag from /home/airflow/.local/lib/python3.8/site-packages/airflow/example_dags/example_sla_dag.py
[2024-03-26T08:43:47.102+0000] {processor.py:840} INFO - DAG(s) 'example_sla_dag' retrieved from /home/airflow/.local/lib/python3.8/site-packages/airflow/example_dags/example_sla_dag.py
[2024-03-26T08:43:47.110+0000] {logging_mixin.py:188} INFO - [2024-03-26T08:43:47.110+0000] {dag.py:3036} INFO - Sync 1 DAGs
[2024-03-26T08:43:47.131+0000] {logging_mixin.py:188} INFO - [2024-03-26T08:43:47.131+0000] {dag.py:3823} INFO - Setting next_dagrun for example_sla_dag to 2024-03-26 08:40:00+00:00, run_after=2024-03-26 08:42:00+00:00
[2024-03-26T08:43:47.147+0000] {processor.py:183} INFO - Processing /home/airflow/.local/lib/python3.8/site-packages/airflow/example_dags/example_sla_dag.py took 0.058 seconds
[2024-03-26T08:44:18.159+0000] {processor.py:161} INFO - Started process (PID=114) to work on /home/airflow/.local/lib/python3.8/site-packages/airflow/example_dags/example_sla_dag.py
[2024-03-26T08:44:18.160+0000] {processor.py:830} INFO - Processing file /home/airflow/.local/lib/python3.8/site-packages/airflow/example_dags/example_sla_dag.py for tasks to queue
[2024-03-26T08:44:18.161+0000] {logging_mixin.py:188} INFO - [2024-03-26T08:44:18.161+0000] {dagbag.py:538} INFO - Filling up the DagBag from /home/airflow/.local/lib/python3.8/site-packages/airflow/example_dags/example_sla_dag.py
[2024-03-26T08:44:18.168+0000] {processor.py:840} INFO - DAG(s) 'example_sla_dag' retrieved from /home/airflow/.local/lib/python3.8/site-packages/airflow/example_dags/example_sla_dag.py
[2024-03-26T08:44:18.259+0000] {logging_mixin.py:188} INFO - [2024-03-26T08:44:18.259+0000] {dag.py:3036} INFO - Sync 1 DAGs
[2024-03-26T08:44:18.279+0000] {logging_mixin.py:188} INFO - [2024-03-26T08:44:18.279+0000] {dag.py:3823} INFO - Setting next_dagrun for example_sla_dag to 2024-03-26 08:42:00+00:00, run_after=2024-03-26 08:44:00+00:00
[2024-03-26T08:44:18.297+0000] {processor.py:183} INFO - Processing /home/airflow/.local/lib/python3.8/site-packages/airflow/example_dags/example_sla_dag.py took 0.140 seconds
[2024-03-26T08:44:48.934+0000] {processor.py:161} INFO - Started process (PID=170) to work on /home/airflow/.local/lib/python3.8/site-packages/airflow/example_dags/example_sla_dag.py
[2024-03-26T08:44:48.935+0000] {processor.py:830} INFO - Processing file /home/airflow/.local/lib/python3.8/site-packages/airflow/example_dags/example_sla_dag.py for tasks to queue
[2024-03-26T08:44:48.936+0000] {logging_mixin.py:188} INFO - [2024-03-26T08:44:48.936+0000] {dagbag.py:538} INFO - Filling up the DagBag from /home/airflow/.local/lib/python3.8/site-packages/airflow/example_dags/example_sla_dag.py
[2024-03-26T08:44:48.943+0000] {processor.py:840} INFO - DAG(s) 'example_sla_dag' retrieved from /home/airflow/.local/lib/python3.8/site-packages/airflow/example_dags/example_sla_dag.py
[2024-03-26T08:44:48.958+0000] {logging_mixin.py:188} INFO - [2024-03-26T08:44:48.958+0000] {dag.py:3036} INFO - Sync 1 DAGs
[2024-03-26T08:44:48.978+0000] {logging_mixin.py:188} INFO - [2024-03-26T08:44:48.978+0000] {dag.py:3823} INFO - Setting next_dagrun for example_sla_dag to 2024-03-26 08:42:00+00:00, run_after=2024-03-26 08:44:00+00:00
[2024-03-26T08:44:48.993+0000] {processor.py:183} INFO - Processing /home/airflow/.local/lib/python3.8/site-packages/airflow/example_dags/example_sla_dag.py took 0.062 seconds
[2024-03-26T08:45:19.249+0000] {processor.py:161} INFO - Started process (PID=226) to work on /home/airflow/.local/lib/python3.8/site-packages/airflow/example_dags/example_sla_dag.py
[2024-03-26T08:45:19.250+0000] {processor.py:830} INFO - Processing file /home/airflow/.local/lib/python3.8/site-packages/airflow/example_dags/example_sla_dag.py for tasks to queue
[2024-03-26T08:45:19.251+0000] {logging_mixin.py:188} INFO - [2024-03-26T08:45:19.251+0000] {dagbag.py:538} INFO - Filling up the DagBag from /home/airflow/.local/lib/python3.8/site-packages/airflow/example_dags/example_sla_dag.py
[2024-03-26T08:45:19.258+0000] {processor.py:840} INFO - DAG(s) 'example_sla_dag' retrieved from /home/airflow/.local/lib/python3.8/site-packages/airflow/example_dags/example_sla_dag.py
[2024-03-26T08:45:19.274+0000] {logging_mixin.py:188} INFO - [2024-03-26T08:45:19.273+0000] {dag.py:3036} INFO - Sync 1 DAGs
[2024-03-26T08:45:19.295+0000] {logging_mixin.py:188} INFO - [2024-03-26T08:45:19.295+0000] {dag.py:3823} INFO - Setting next_dagrun for example_sla_dag to 2024-03-26 08:42:00+00:00, run_after=2024-03-26 08:44:00+00:00
[2024-03-26T08:45:19.311+0000] {processor.py:183} INFO - Processing /home/airflow/.local/lib/python3.8/site-packages/airflow/example_dags/example_sla_dag.py took 0.064 seconds
[2024-03-26T08:45:49.472+0000] {processor.py:161} INFO - Started process (PID=282) to work on /home/airflow/.local/lib/python3.8/site-packages/airflow/example_dags/example_sla_dag.py
[2024-03-26T08:45:49.473+0000] {processor.py:830} INFO - Processing file /home/airflow/.local/lib/python3.8/site-packages/airflow/example_dags/example_sla_dag.py for tasks to queue
[2024-03-26T08:45:49.475+0000] {logging_mixin.py:188} INFO - [2024-03-26T08:45:49.474+0000] {dagbag.py:538} INFO - Filling up the DagBag from /home/airflow/.local/lib/python3.8/site-packages/airflow/example_dags/example_sla_dag.py
[2024-03-26T08:45:49.481+0000] {processor.py:840} INFO - DAG(s) 'example_sla_dag' retrieved from /home/airflow/.local/lib/python3.8/site-packages/airflow/example_dags/example_sla_dag.py
[2024-03-26T08:45:49.495+0000] {logging_mixin.py:188} INFO - [2024-03-26T08:45:49.495+0000] {dag.py:3036} INFO - Sync 1 DAGs
[2024-03-26T08:45:49.515+0000] {logging_mixin.py:188} INFO - [2024-03-26T08:45:49.515+0000] {dag.py:3823} INFO - Setting next_dagrun for example_sla_dag to 2024-03-26 08:42:00+00:00, run_after=2024-03-26 08:44:00+00:00
[2024-03-26T08:45:49.529+0000] {processor.py:183} INFO - Processing /home/airflow/.local/lib/python3.8/site-packages/airflow/example_dags/example_sla_dag.py took 0.059 seconds
[2024-03-26T08:46:19.570+0000] {processor.py:161} INFO - Started process (PID=337) to work on /home/airflow/.local/lib/python3.8/site-packages/airflow/example_dags/example_sla_dag.py
[2024-03-26T08:46:19.571+0000] {processor.py:830} INFO - Processing file /home/airflow/.local/lib/python3.8/site-packages/airflow/example_dags/example_sla_dag.py for tasks to queue
[2024-03-26T08:46:19.572+0000] {logging_mixin.py:188} INFO - [2024-03-26T08:46:19.572+0000] {dagbag.py:538} INFO - Filling up the DagBag from /home/airflow/.local/lib/python3.8/site-packages/airflow/example_dags/example_sla_dag.py
[2024-03-26T08:46:19.578+0000] {processor.py:840} INFO - DAG(s) 'example_sla_dag' retrieved from /home/airflow/.local/lib/python3.8/site-packages/airflow/example_dags/example_sla_dag.py
[2024-03-26T08:46:19.592+0000] {logging_mixin.py:188} INFO - [2024-03-26T08:46:19.592+0000] {dag.py:3036} INFO - Sync 1 DAGs
[2024-03-26T08:46:19.613+0000] {logging_mixin.py:188} INFO - [2024-03-26T08:46:19.613+0000] {dag.py:3823} INFO - Setting next_dagrun for example_sla_dag to 2024-03-26 08:44:00+00:00, run_after=2024-03-26 08:46:00+00:00
[2024-03-26T08:46:19.632+0000] {processor.py:183} INFO - Processing /home/airflow/.local/lib/python3.8/site-packages/airflow/example_dags/example_sla_dag.py took 0.064 seconds
[2024-03-26T08:46:49.684+0000] {processor.py:161} INFO - Started process (PID=393) to work on /home/airflow/.local/lib/python3.8/site-packages/airflow/example_dags/example_sla_dag.py
[2024-03-26T08:46:49.685+0000] {processor.py:830} INFO - Processing file /home/airflow/.local/lib/python3.8/site-packages/airflow/example_dags/example_sla_dag.py for tasks to queue
[2024-03-26T08:46:49.686+0000] {logging_mixin.py:188} INFO - [2024-03-26T08:46:49.686+0000] {dagbag.py:538} INFO - Filling up the DagBag from /home/airflow/.local/lib/python3.8/site-packages/airflow/example_dags/example_sla_dag.py
[2024-03-26T08:46:49.692+0000] {processor.py:840} INFO - DAG(s) 'example_sla_dag' retrieved from /home/airflow/.local/lib/python3.8/site-packages/airflow/example_dags/example_sla_dag.py
[2024-03-26T08:46:49.706+0000] {logging_mixin.py:188} INFO - [2024-03-26T08:46:49.706+0000] {dag.py:3036} INFO - Sync 1 DAGs
[2024-03-26T08:46:49.726+0000] {logging_mixin.py:188} INFO - [2024-03-26T08:46:49.726+0000] {dag.py:3823} INFO - Setting next_dagrun for example_sla_dag to 2024-03-26 08:44:00+00:00, run_after=2024-03-26 08:46:00+00:00
[2024-03-26T08:46:49.742+0000] {processor.py:183} INFO - Processing /home/airflow/.local/lib/python3.8/site-packages/airflow/example_dags/example_sla_dag.py took 0.061 seconds
[2024-03-26T08:47:20.027+0000] {processor.py:161} INFO - Started process (PID=449) to work on /home/airflow/.local/lib/python3.8/site-packages/airflow/example_dags/example_sla_dag.py
[2024-03-26T08:47:20.028+0000] {processor.py:830} INFO - Processing file /home/airflow/.local/lib/python3.8/site-packages/airflow/example_dags/example_sla_dag.py for tasks to queue
[2024-03-26T08:47:20.029+0000] {logging_mixin.py:188} INFO - [2024-03-26T08:47:20.029+0000] {dagbag.py:538} INFO - Filling up the DagBag from /home/airflow/.local/lib/python3.8/site-packages/airflow/example_dags/example_sla_dag.py
[2024-03-26T08:47:20.035+0000] {processor.py:840} INFO - DAG(s) 'example_sla_dag' retrieved from /home/airflow/.local/lib/python3.8/site-packages/airflow/example_dags/example_sla_dag.py
[2024-03-26T08:47:20.050+0000] {logging_mixin.py:188} INFO - [2024-03-26T08:47:20.049+0000] {dag.py:3036} INFO - Sync 1 DAGs
[2024-03-26T08:47:20.070+0000] {logging_mixin.py:188} INFO - [2024-03-26T08:47:20.070+0000] {dag.py:3823} INFO - Setting next_dagrun for example_sla_dag to 2024-03-26 08:44:00+00:00, run_after=2024-03-26 08:46:00+00:00
[2024-03-26T08:47:20.084+0000] {processor.py:183} INFO - Processing /home/airflow/.local/lib/python3.8/site-packages/airflow/example_dags/example_sla_dag.py took 0.060 seconds
[2024-03-26T08:47:50.247+0000] {processor.py:161} INFO - Started process (PID=505) to work on /home/airflow/.local/lib/python3.8/site-packages/airflow/example_dags/example_sla_dag.py
[2024-03-26T08:47:50.248+0000] {processor.py:830} INFO - Processing file /home/airflow/.local/lib/python3.8/site-packages/airflow/example_dags/example_sla_dag.py for tasks to queue
[2024-03-26T08:47:50.250+0000] {logging_mixin.py:188} INFO - [2024-03-26T08:47:50.250+0000] {dagbag.py:538} INFO - Filling up the DagBag from /home/airflow/.local/lib/python3.8/site-packages/airflow/example_dags/example_sla_dag.py
[2024-03-26T08:47:50.256+0000] {processor.py:840} INFO - DAG(s) 'example_sla_dag' retrieved from /home/airflow/.local/lib/python3.8/site-packages/airflow/example_dags/example_sla_dag.py
[2024-03-26T08:47:50.272+0000] {logging_mixin.py:188} INFO - [2024-03-26T08:47:50.271+0000] {dag.py:3036} INFO - Sync 1 DAGs
[2024-03-26T08:47:50.292+0000] {logging_mixin.py:188} INFO - [2024-03-26T08:47:50.292+0000] {dag.py:3823} INFO - Setting next_dagrun for example_sla_dag to 2024-03-26 08:44:00+00:00, run_after=2024-03-26 08:46:00+00:00
[2024-03-26T08:47:50.310+0000] {processor.py:183} INFO - Processing /home/airflow/.local/lib/python3.8/site-packages/airflow/example_dags/example_sla_dag.py took 0.065 seconds
[2024-03-26T08:48:20.476+0000] {processor.py:161} INFO - Started process (PID=561) to work on /home/airflow/.local/lib/python3.8/site-packages/airflow/example_dags/example_sla_dag.py
[2024-03-26T08:48:20.477+0000] {processor.py:830} INFO - Processing file /home/airflow/.local/lib/python3.8/site-packages/airflow/example_dags/example_sla_dag.py for tasks to queue
[2024-03-26T08:48:20.478+0000] {logging_mixin.py:188} INFO - [2024-03-26T08:48:20.478+0000] {dagbag.py:538} INFO - Filling up the DagBag from /home/airflow/.local/lib/python3.8/site-packages/airflow/example_dags/example_sla_dag.py
[2024-03-26T08:48:20.485+0000] {processor.py:840} INFO - DAG(s) 'example_sla_dag' retrieved from /home/airflow/.local/lib/python3.8/site-packages/airflow/example_dags/example_sla_dag.py
[2024-03-26T08:48:20.499+0000] {logging_mixin.py:188} INFO - [2024-03-26T08:48:20.499+0000] {dag.py:3036} INFO - Sync 1 DAGs
[2024-03-26T08:48:20.519+0000] {logging_mixin.py:188} INFO - [2024-03-26T08:48:20.519+0000] {dag.py:3823} INFO - Setting next_dagrun for example_sla_dag to 2024-03-26 08:46:00+00:00, run_after=2024-03-26 08:48:00+00:00
[2024-03-26T08:48:20.535+0000] {processor.py:183} INFO - Processing /home/airflow/.local/lib/python3.8/site-packages/airflow/example_dags/example_sla_dag.py took 0.062 seconds
[2024-03-26T08:48:51.003+0000] {processor.py:161} INFO - Started process (PID=617) to work on /home/airflow/.local/lib/python3.8/site-packages/airflow/example_dags/example_sla_dag.py
[2024-03-26T08:48:51.004+0000] {processor.py:830} INFO - Processing file /home/airflow/.local/lib/python3.8/site-packages/airflow/example_dags/example_sla_dag.py for tasks to queue
[2024-03-26T08:48:51.005+0000] {logging_mixin.py:188} INFO - [2024-03-26T08:48:51.005+0000] {dagbag.py:538} INFO - Filling up the DagBag from /home/airflow/.local/lib/python3.8/site-packages/airflow/example_dags/example_sla_dag.py
[2024-03-26T08:48:51.011+0000] {processor.py:840} INFO - DAG(s) 'example_sla_dag' retrieved from /home/airflow/.local/lib/python3.8/site-packages/airflow/example_dags/example_sla_dag.py
[2024-03-26T08:48:51.026+0000] {logging_mixin.py:188} INFO - [2024-03-26T08:48:51.026+0000] {dag.py:3036} INFO - Sync 1 DAGs
[2024-03-26T08:48:51.047+0000] {logging_mixin.py:188} INFO - [2024-03-26T08:48:51.046+0000] {dag.py:3823} INFO - Setting next_dagrun for example_sla_dag to 2024-03-26 08:46:00+00:00, run_after=2024-03-26 08:48:00+00:00
[2024-03-26T08:48:51.065+0000] {processor.py:183} INFO - Processing /home/airflow/.local/lib/python3.8/site-packages/airflow/example_dags/example_sla_dag.py took 0.064 seconds
[2024-03-26T08:49:21.349+0000] {processor.py:161} INFO - Started process (PID=673) to work on /home/airflow/.local/lib/python3.8/site-packages/airflow/example_dags/example_sla_dag.py
[2024-03-26T08:49:21.350+0000] {processor.py:830} INFO - Processing file /home/airflow/.local/lib/python3.8/site-packages/airflow/example_dags/example_sla_dag.py for tasks to queue
[2024-03-26T08:49:21.351+0000] {logging_mixin.py:188} INFO - [2024-03-26T08:49:21.351+0000] {dagbag.py:538} INFO - Filling up the DagBag from /home/airflow/.local/lib/python3.8/site-packages/airflow/example_dags/example_sla_dag.py
[2024-03-26T08:49:21.358+0000] {processor.py:840} INFO - DAG(s) 'example_sla_dag' retrieved from /home/airflow/.local/lib/python3.8/site-packages/airflow/example_dags/example_sla_dag.py
[2024-03-26T08:49:21.372+0000] {logging_mixin.py:188} INFO - [2024-03-26T08:49:21.371+0000] {dag.py:3036} INFO - Sync 1 DAGs
[2024-03-26T08:49:21.392+0000] {logging_mixin.py:188} INFO - [2024-03-26T08:49:21.392+0000] {dag.py:3823} INFO - Setting next_dagrun for example_sla_dag to 2024-03-26 08:46:00+00:00, run_after=2024-03-26 08:48:00+00:00
[2024-03-26T08:49:21.409+0000] {processor.py:183} INFO - Processing /home/airflow/.local/lib/python3.8/site-packages/airflow/example_dags/example_sla_dag.py took 0.062 seconds
[2024-03-26T08:49:51.771+0000] {processor.py:161} INFO - Started process (PID=729) to work on /home/airflow/.local/lib/python3.8/site-packages/airflow/example_dags/example_sla_dag.py
[2024-03-26T08:49:51.772+0000] {processor.py:830} INFO - Processing file /home/airflow/.local/lib/python3.8/site-packages/airflow/example_dags/example_sla_dag.py for tasks to queue
[2024-03-26T08:49:51.773+0000] {logging_mixin.py:188} INFO - [2024-03-26T08:49:51.773+0000] {dagbag.py:538} INFO - Filling up the DagBag from /home/airflow/.local/lib/python3.8/site-packages/airflow/example_dags/example_sla_dag.py
[2024-03-26T08:49:51.780+0000] {processor.py:840} INFO - DAG(s) 'example_sla_dag' retrieved from /home/airflow/.local/lib/python3.8/site-packages/airflow/example_dags/example_sla_dag.py
[2024-03-26T08:49:51.797+0000] {logging_mixin.py:188} INFO - [2024-03-26T08:49:51.796+0000] {dag.py:3036} INFO - Sync 1 DAGs
[2024-03-26T08:49:51.818+0000] {logging_mixin.py:188} INFO - [2024-03-26T08:49:51.818+0000] {dag.py:3823} INFO - Setting next_dagrun for example_sla_dag to 2024-03-26 08:46:00+00:00, run_after=2024-03-26 08:48:00+00:00
[2024-03-26T08:49:51.837+0000] {processor.py:183} INFO - Processing /home/airflow/.local/lib/python3.8/site-packages/airflow/example_dags/example_sla_dag.py took 0.069 seconds
[2024-03-26T08:50:22.252+0000] {processor.py:161} INFO - Started process (PID=785) to work on /home/airflow/.local/lib/python3.8/site-packages/airflow/example_dags/example_sla_dag.py
[2024-03-26T08:50:22.253+0000] {processor.py:830} INFO - Processing file /home/airflow/.local/lib/python3.8/site-packages/airflow/example_dags/example_sla_dag.py for tasks to queue
[2024-03-26T08:50:22.254+0000] {logging_mixin.py:188} INFO - [2024-03-26T08:50:22.254+0000] {dagbag.py:538} INFO - Filling up the DagBag from /home/airflow/.local/lib/python3.8/site-packages/airflow/example_dags/example_sla_dag.py
[2024-03-26T08:50:22.260+0000] {processor.py:840} INFO - DAG(s) 'example_sla_dag' retrieved from /home/airflow/.local/lib/python3.8/site-packages/airflow/example_dags/example_sla_dag.py
[2024-03-26T08:50:22.275+0000] {logging_mixin.py:188} INFO - [2024-03-26T08:50:22.275+0000] {dag.py:3036} INFO - Sync 1 DAGs
[2024-03-26T08:50:22.295+0000] {logging_mixin.py:188} INFO - [2024-03-26T08:50:22.295+0000] {dag.py:3823} INFO - Setting next_dagrun for example_sla_dag to 2024-03-26 08:48:00+00:00, run_after=2024-03-26 08:50:00+00:00
[2024-03-26T08:50:22.310+0000] {processor.py:183} INFO - Processing /home/airflow/.local/lib/python3.8/site-packages/airflow/example_dags/example_sla_dag.py took 0.060 seconds
[2024-03-26T08:53:12.662+0000] {processor.py:161} INFO - Started process (PID=58) to work on /home/airflow/.local/lib/python3.8/site-packages/airflow/example_dags/example_sla_dag.py
[2024-03-26T08:53:12.663+0000] {processor.py:830} INFO - Processing file /home/airflow/.local/lib/python3.8/site-packages/airflow/example_dags/example_sla_dag.py for tasks to queue
[2024-03-26T08:53:12.666+0000] {logging_mixin.py:188} INFO - [2024-03-26T08:53:12.665+0000] {dagbag.py:538} INFO - Filling up the DagBag from /home/airflow/.local/lib/python3.8/site-packages/airflow/example_dags/example_sla_dag.py
[2024-03-26T08:53:12.675+0000] {processor.py:840} INFO - DAG(s) 'example_sla_dag' retrieved from /home/airflow/.local/lib/python3.8/site-packages/airflow/example_dags/example_sla_dag.py
[2024-03-26T08:53:12.685+0000] {logging_mixin.py:188} INFO - [2024-03-26T08:53:12.685+0000] {dag.py:3036} INFO - Sync 1 DAGs
[2024-03-26T08:53:12.709+0000] {logging_mixin.py:188} INFO - [2024-03-26T08:53:12.708+0000] {dag.py:3823} INFO - Setting next_dagrun for example_sla_dag to 2024-03-26 08:50:00+00:00, run_after=2024-03-26 08:52:00+00:00
[2024-03-26T08:53:12.726+0000] {processor.py:183} INFO - Processing /home/airflow/.local/lib/python3.8/site-packages/airflow/example_dags/example_sla_dag.py took 0.067 seconds
[2024-03-26T08:53:44.018+0000] {processor.py:161} INFO - Started process (PID=114) to work on /home/airflow/.local/lib/python3.8/site-packages/airflow/example_dags/example_sla_dag.py
[2024-03-26T08:53:44.019+0000] {processor.py:830} INFO - Processing file /home/airflow/.local/lib/python3.8/site-packages/airflow/example_dags/example_sla_dag.py for tasks to queue
[2024-03-26T08:53:44.020+0000] {logging_mixin.py:188} INFO - [2024-03-26T08:53:44.020+0000] {dagbag.py:538} INFO - Filling up the DagBag from /home/airflow/.local/lib/python3.8/site-packages/airflow/example_dags/example_sla_dag.py
[2024-03-26T08:53:44.026+0000] {processor.py:840} INFO - DAG(s) 'example_sla_dag' retrieved from /home/airflow/.local/lib/python3.8/site-packages/airflow/example_dags/example_sla_dag.py
[2024-03-26T08:53:44.103+0000] {logging_mixin.py:188} INFO - [2024-03-26T08:53:44.103+0000] {dag.py:3036} INFO - Sync 1 DAGs
[2024-03-26T08:53:44.123+0000] {logging_mixin.py:188} INFO - [2024-03-26T08:53:44.123+0000] {dag.py:3823} INFO - Setting next_dagrun for example_sla_dag to 2024-03-26 08:50:00+00:00, run_after=2024-03-26 08:52:00+00:00
[2024-03-26T08:53:44.140+0000] {processor.py:183} INFO - Processing /home/airflow/.local/lib/python3.8/site-packages/airflow/example_dags/example_sla_dag.py took 0.123 seconds
[2024-03-26T08:54:14.653+0000] {processor.py:161} INFO - Started process (PID=170) to work on /home/airflow/.local/lib/python3.8/site-packages/airflow/example_dags/example_sla_dag.py
[2024-03-26T08:54:14.654+0000] {processor.py:830} INFO - Processing file /home/airflow/.local/lib/python3.8/site-packages/airflow/example_dags/example_sla_dag.py for tasks to queue
[2024-03-26T08:54:14.656+0000] {logging_mixin.py:188} INFO - [2024-03-26T08:54:14.655+0000] {dagbag.py:538} INFO - Filling up the DagBag from /home/airflow/.local/lib/python3.8/site-packages/airflow/example_dags/example_sla_dag.py
[2024-03-26T08:54:14.663+0000] {processor.py:840} INFO - DAG(s) 'example_sla_dag' retrieved from /home/airflow/.local/lib/python3.8/site-packages/airflow/example_dags/example_sla_dag.py
[2024-03-26T08:54:14.681+0000] {logging_mixin.py:188} INFO - [2024-03-26T08:54:14.681+0000] {dag.py:3036} INFO - Sync 1 DAGs
[2024-03-26T08:54:14.702+0000] {logging_mixin.py:188} INFO - [2024-03-26T08:54:14.702+0000] {dag.py:3823} INFO - Setting next_dagrun for example_sla_dag to 2024-03-26 08:52:00+00:00, run_after=2024-03-26 08:54:00+00:00
[2024-03-26T08:54:14.719+0000] {processor.py:183} INFO - Processing /home/airflow/.local/lib/python3.8/site-packages/airflow/example_dags/example_sla_dag.py took 0.068 seconds
[2024-03-26T08:54:45.466+0000] {processor.py:161} INFO - Started process (PID=226) to work on /home/airflow/.local/lib/python3.8/site-packages/airflow/example_dags/example_sla_dag.py
[2024-03-26T08:54:45.467+0000] {processor.py:830} INFO - Processing file /home/airflow/.local/lib/python3.8/site-packages/airflow/example_dags/example_sla_dag.py for tasks to queue
[2024-03-26T08:54:45.469+0000] {logging_mixin.py:188} INFO - [2024-03-26T08:54:45.468+0000] {dagbag.py:538} INFO - Filling up the DagBag from /home/airflow/.local/lib/python3.8/site-packages/airflow/example_dags/example_sla_dag.py
[2024-03-26T08:54:45.475+0000] {processor.py:840} INFO - DAG(s) 'example_sla_dag' retrieved from /home/airflow/.local/lib/python3.8/site-packages/airflow/example_dags/example_sla_dag.py
[2024-03-26T08:54:45.495+0000] {logging_mixin.py:188} INFO - [2024-03-26T08:54:45.495+0000] {dag.py:3036} INFO - Sync 1 DAGs
[2024-03-26T08:54:45.519+0000] {logging_mixin.py:188} INFO - [2024-03-26T08:54:45.518+0000] {dag.py:3823} INFO - Setting next_dagrun for example_sla_dag to 2024-03-26 08:52:00+00:00, run_after=2024-03-26 08:54:00+00:00
[2024-03-26T08:54:45.535+0000] {processor.py:183} INFO - Processing /home/airflow/.local/lib/python3.8/site-packages/airflow/example_dags/example_sla_dag.py took 0.072 seconds
[2024-03-26T08:55:15.888+0000] {processor.py:161} INFO - Started process (PID=282) to work on /home/airflow/.local/lib/python3.8/site-packages/airflow/example_dags/example_sla_dag.py
[2024-03-26T08:55:15.889+0000] {processor.py:830} INFO - Processing file /home/airflow/.local/lib/python3.8/site-packages/airflow/example_dags/example_sla_dag.py for tasks to queue
[2024-03-26T08:55:15.890+0000] {logging_mixin.py:188} INFO - [2024-03-26T08:55:15.890+0000] {dagbag.py:538} INFO - Filling up the DagBag from /home/airflow/.local/lib/python3.8/site-packages/airflow/example_dags/example_sla_dag.py
[2024-03-26T08:55:15.897+0000] {processor.py:840} INFO - DAG(s) 'example_sla_dag' retrieved from /home/airflow/.local/lib/python3.8/site-packages/airflow/example_dags/example_sla_dag.py
[2024-03-26T08:55:15.911+0000] {logging_mixin.py:188} INFO - [2024-03-26T08:55:15.911+0000] {dag.py:3036} INFO - Sync 1 DAGs
[2024-03-26T08:55:15.934+0000] {logging_mixin.py:188} INFO - [2024-03-26T08:55:15.933+0000] {dag.py:3823} INFO - Setting next_dagrun for example_sla_dag to 2024-03-26 08:52:00+00:00, run_after=2024-03-26 08:54:00+00:00
[2024-03-26T08:55:15.951+0000] {processor.py:183} INFO - Processing /home/airflow/.local/lib/python3.8/site-packages/airflow/example_dags/example_sla_dag.py took 0.065 seconds
[2024-03-26T08:55:46.411+0000] {processor.py:161} INFO - Started process (PID=338) to work on /home/airflow/.local/lib/python3.8/site-packages/airflow/example_dags/example_sla_dag.py
[2024-03-26T08:55:46.412+0000] {processor.py:830} INFO - Processing file /home/airflow/.local/lib/python3.8/site-packages/airflow/example_dags/example_sla_dag.py for tasks to queue
[2024-03-26T08:55:46.413+0000] {logging_mixin.py:188} INFO - [2024-03-26T08:55:46.413+0000] {dagbag.py:538} INFO - Filling up the DagBag from /home/airflow/.local/lib/python3.8/site-packages/airflow/example_dags/example_sla_dag.py
[2024-03-26T08:55:46.420+0000] {processor.py:840} INFO - DAG(s) 'example_sla_dag' retrieved from /home/airflow/.local/lib/python3.8/site-packages/airflow/example_dags/example_sla_dag.py
[2024-03-26T08:55:46.435+0000] {logging_mixin.py:188} INFO - [2024-03-26T08:55:46.435+0000] {dag.py:3036} INFO - Sync 1 DAGs
[2024-03-26T08:55:46.457+0000] {logging_mixin.py:188} INFO - [2024-03-26T08:55:46.457+0000] {dag.py:3823} INFO - Setting next_dagrun for example_sla_dag to 2024-03-26 08:52:00+00:00, run_after=2024-03-26 08:54:00+00:00
[2024-03-26T08:55:46.472+0000] {processor.py:183} INFO - Processing /home/airflow/.local/lib/python3.8/site-packages/airflow/example_dags/example_sla_dag.py took 0.063 seconds
[2024-03-26T08:56:16.669+0000] {processor.py:161} INFO - Started process (PID=394) to work on /home/airflow/.local/lib/python3.8/site-packages/airflow/example_dags/example_sla_dag.py
[2024-03-26T08:56:16.670+0000] {processor.py:830} INFO - Processing file /home/airflow/.local/lib/python3.8/site-packages/airflow/example_dags/example_sla_dag.py for tasks to queue
[2024-03-26T08:56:16.672+0000] {logging_mixin.py:188} INFO - [2024-03-26T08:56:16.671+0000] {dagbag.py:538} INFO - Filling up the DagBag from /home/airflow/.local/lib/python3.8/site-packages/airflow/example_dags/example_sla_dag.py
[2024-03-26T08:56:16.678+0000] {processor.py:840} INFO - DAG(s) 'example_sla_dag' retrieved from /home/airflow/.local/lib/python3.8/site-packages/airflow/example_dags/example_sla_dag.py
[2024-03-26T08:56:16.694+0000] {logging_mixin.py:188} INFO - [2024-03-26T08:56:16.694+0000] {dag.py:3036} INFO - Sync 1 DAGs
[2024-03-26T08:56:16.715+0000] {logging_mixin.py:188} INFO - [2024-03-26T08:56:16.715+0000] {dag.py:3823} INFO - Setting next_dagrun for example_sla_dag to 2024-03-26 08:54:00+00:00, run_after=2024-03-26 08:56:00+00:00
[2024-03-26T08:56:16.730+0000] {processor.py:183} INFO - Processing /home/airflow/.local/lib/python3.8/site-packages/airflow/example_dags/example_sla_dag.py took 0.063 seconds
[2024-03-26T08:56:47.028+0000] {processor.py:161} INFO - Started process (PID=450) to work on /home/airflow/.local/lib/python3.8/site-packages/airflow/example_dags/example_sla_dag.py
[2024-03-26T08:56:47.029+0000] {processor.py:830} INFO - Processing file /home/airflow/.local/lib/python3.8/site-packages/airflow/example_dags/example_sla_dag.py for tasks to queue
[2024-03-26T08:56:47.031+0000] {logging_mixin.py:188} INFO - [2024-03-26T08:56:47.031+0000] {dagbag.py:538} INFO - Filling up the DagBag from /home/airflow/.local/lib/python3.8/site-packages/airflow/example_dags/example_sla_dag.py
[2024-03-26T08:56:47.037+0000] {processor.py:840} INFO - DAG(s) 'example_sla_dag' retrieved from /home/airflow/.local/lib/python3.8/site-packages/airflow/example_dags/example_sla_dag.py
[2024-03-26T08:56:47.052+0000] {logging_mixin.py:188} INFO - [2024-03-26T08:56:47.052+0000] {dag.py:3036} INFO - Sync 1 DAGs
[2024-03-26T08:56:47.073+0000] {logging_mixin.py:188} INFO - [2024-03-26T08:56:47.073+0000] {dag.py:3823} INFO - Setting next_dagrun for example_sla_dag to 2024-03-26 08:54:00+00:00, run_after=2024-03-26 08:56:00+00:00
[2024-03-26T08:56:47.089+0000] {processor.py:183} INFO - Processing /home/airflow/.local/lib/python3.8/site-packages/airflow/example_dags/example_sla_dag.py took 0.063 seconds
[2024-03-26T08:57:17.378+0000] {processor.py:161} INFO - Started process (PID=506) to work on /home/airflow/.local/lib/python3.8/site-packages/airflow/example_dags/example_sla_dag.py
[2024-03-26T08:57:17.379+0000] {processor.py:830} INFO - Processing file /home/airflow/.local/lib/python3.8/site-packages/airflow/example_dags/example_sla_dag.py for tasks to queue
[2024-03-26T08:57:17.381+0000] {logging_mixin.py:188} INFO - [2024-03-26T08:57:17.380+0000] {dagbag.py:538} INFO - Filling up the DagBag from /home/airflow/.local/lib/python3.8/site-packages/airflow/example_dags/example_sla_dag.py
[2024-03-26T08:57:17.387+0000] {processor.py:840} INFO - DAG(s) 'example_sla_dag' retrieved from /home/airflow/.local/lib/python3.8/site-packages/airflow/example_dags/example_sla_dag.py
[2024-03-26T08:57:17.403+0000] {logging_mixin.py:188} INFO - [2024-03-26T08:57:17.402+0000] {dag.py:3036} INFO - Sync 1 DAGs
[2024-03-26T08:57:17.424+0000] {logging_mixin.py:188} INFO - [2024-03-26T08:57:17.423+0000] {dag.py:3823} INFO - Setting next_dagrun for example_sla_dag to 2024-03-26 08:54:00+00:00, run_after=2024-03-26 08:56:00+00:00
[2024-03-26T08:57:17.438+0000] {processor.py:183} INFO - Processing /home/airflow/.local/lib/python3.8/site-packages/airflow/example_dags/example_sla_dag.py took 0.062 seconds
[2024-03-26T08:57:47.879+0000] {processor.py:161} INFO - Started process (PID=562) to work on /home/airflow/.local/lib/python3.8/site-packages/airflow/example_dags/example_sla_dag.py
[2024-03-26T08:57:47.880+0000] {processor.py:830} INFO - Processing file /home/airflow/.local/lib/python3.8/site-packages/airflow/example_dags/example_sla_dag.py for tasks to queue
[2024-03-26T08:57:47.882+0000] {logging_mixin.py:188} INFO - [2024-03-26T08:57:47.882+0000] {dagbag.py:538} INFO - Filling up the DagBag from /home/airflow/.local/lib/python3.8/site-packages/airflow/example_dags/example_sla_dag.py
[2024-03-26T08:57:47.889+0000] {processor.py:840} INFO - DAG(s) 'example_sla_dag' retrieved from /home/airflow/.local/lib/python3.8/site-packages/airflow/example_dags/example_sla_dag.py
[2024-03-26T08:57:47.904+0000] {logging_mixin.py:188} INFO - [2024-03-26T08:57:47.904+0000] {dag.py:3036} INFO - Sync 1 DAGs
[2024-03-26T08:57:47.927+0000] {logging_mixin.py:188} INFO - [2024-03-26T08:57:47.927+0000] {dag.py:3823} INFO - Setting next_dagrun for example_sla_dag to 2024-03-26 08:54:00+00:00, run_after=2024-03-26 08:56:00+00:00
[2024-03-26T08:57:47.944+0000] {processor.py:183} INFO - Processing /home/airflow/.local/lib/python3.8/site-packages/airflow/example_dags/example_sla_dag.py took 0.067 seconds
[2024-03-26T08:58:18.340+0000] {processor.py:161} INFO - Started process (PID=618) to work on /home/airflow/.local/lib/python3.8/site-packages/airflow/example_dags/example_sla_dag.py
[2024-03-26T08:58:18.341+0000] {processor.py:830} INFO - Processing file /home/airflow/.local/lib/python3.8/site-packages/airflow/example_dags/example_sla_dag.py for tasks to queue
[2024-03-26T08:58:18.342+0000] {logging_mixin.py:188} INFO - [2024-03-26T08:58:18.342+0000] {dagbag.py:538} INFO - Filling up the DagBag from /home/airflow/.local/lib/python3.8/site-packages/airflow/example_dags/example_sla_dag.py
[2024-03-26T08:58:18.349+0000] {processor.py:840} INFO - DAG(s) 'example_sla_dag' retrieved from /home/airflow/.local/lib/python3.8/site-packages/airflow/example_dags/example_sla_dag.py
[2024-03-26T08:58:18.368+0000] {logging_mixin.py:188} INFO - [2024-03-26T08:58:18.367+0000] {dag.py:3036} INFO - Sync 1 DAGs
[2024-03-26T08:58:18.390+0000] {logging_mixin.py:188} INFO - [2024-03-26T08:58:18.390+0000] {dag.py:3823} INFO - Setting next_dagrun for example_sla_dag to 2024-03-26 08:56:00+00:00, run_after=2024-03-26 08:58:00+00:00
[2024-03-26T08:58:18.407+0000] {processor.py:183} INFO - Processing /home/airflow/.local/lib/python3.8/site-packages/airflow/example_dags/example_sla_dag.py took 0.069 seconds
[2024-03-26T08:58:48.866+0000] {processor.py:161} INFO - Started process (PID=674) to work on /home/airflow/.local/lib/python3.8/site-packages/airflow/example_dags/example_sla_dag.py
[2024-03-26T08:58:48.867+0000] {processor.py:830} INFO - Processing file /home/airflow/.local/lib/python3.8/site-packages/airflow/example_dags/example_sla_dag.py for tasks to queue
[2024-03-26T08:58:48.868+0000] {logging_mixin.py:188} INFO - [2024-03-26T08:58:48.868+0000] {dagbag.py:538} INFO - Filling up the DagBag from /home/airflow/.local/lib/python3.8/site-packages/airflow/example_dags/example_sla_dag.py
[2024-03-26T08:58:48.875+0000] {processor.py:840} INFO - DAG(s) 'example_sla_dag' retrieved from /home/airflow/.local/lib/python3.8/site-packages/airflow/example_dags/example_sla_dag.py
[2024-03-26T08:58:48.890+0000] {logging_mixin.py:188} INFO - [2024-03-26T08:58:48.890+0000] {dag.py:3036} INFO - Sync 1 DAGs
[2024-03-26T08:58:48.911+0000] {logging_mixin.py:188} INFO - [2024-03-26T08:58:48.911+0000] {dag.py:3823} INFO - Setting next_dagrun for example_sla_dag to 2024-03-26 08:56:00+00:00, run_after=2024-03-26 08:58:00+00:00
[2024-03-26T08:58:48.926+0000] {processor.py:183} INFO - Processing /home/airflow/.local/lib/python3.8/site-packages/airflow/example_dags/example_sla_dag.py took 0.062 seconds
[2024-03-26T09:07:41.133+0000] {processor.py:161} INFO - Started process (PID=59) to work on /home/airflow/.local/lib/python3.8/site-packages/airflow/example_dags/example_sla_dag.py
[2024-03-26T09:07:41.134+0000] {processor.py:830} INFO - Processing file /home/airflow/.local/lib/python3.8/site-packages/airflow/example_dags/example_sla_dag.py for tasks to queue
[2024-03-26T09:07:41.135+0000] {logging_mixin.py:188} INFO - [2024-03-26T09:07:41.135+0000] {dagbag.py:538} INFO - Filling up the DagBag from /home/airflow/.local/lib/python3.8/site-packages/airflow/example_dags/example_sla_dag.py
[2024-03-26T09:07:41.144+0000] {processor.py:840} INFO - DAG(s) 'example_sla_dag' retrieved from /home/airflow/.local/lib/python3.8/site-packages/airflow/example_dags/example_sla_dag.py
[2024-03-26T09:07:41.153+0000] {logging_mixin.py:188} INFO - [2024-03-26T09:07:41.153+0000] {dag.py:3036} INFO - Sync 1 DAGs
[2024-03-26T09:07:41.182+0000] {logging_mixin.py:188} INFO - [2024-03-26T09:07:41.181+0000] {dag.py:3823} INFO - Setting next_dagrun for example_sla_dag to 2024-03-26 09:04:00+00:00, run_after=2024-03-26 09:06:00+00:00
[2024-03-26T09:07:41.206+0000] {processor.py:183} INFO - Processing /home/airflow/.local/lib/python3.8/site-packages/airflow/example_dags/example_sla_dag.py took 0.075 seconds
[2024-03-26T09:08:11.826+0000] {processor.py:161} INFO - Started process (PID=117) to work on /home/airflow/.local/lib/python3.8/site-packages/airflow/example_dags/example_sla_dag.py
[2024-03-26T09:08:11.827+0000] {processor.py:830} INFO - Processing file /home/airflow/.local/lib/python3.8/site-packages/airflow/example_dags/example_sla_dag.py for tasks to queue
[2024-03-26T09:08:11.829+0000] {logging_mixin.py:188} INFO - [2024-03-26T09:08:11.828+0000] {dagbag.py:538} INFO - Filling up the DagBag from /home/airflow/.local/lib/python3.8/site-packages/airflow/example_dags/example_sla_dag.py
[2024-03-26T09:08:11.836+0000] {processor.py:840} INFO - DAG(s) 'example_sla_dag' retrieved from /home/airflow/.local/lib/python3.8/site-packages/airflow/example_dags/example_sla_dag.py
[2024-03-26T09:08:11.933+0000] {logging_mixin.py:188} INFO - [2024-03-26T09:08:11.932+0000] {dag.py:3036} INFO - Sync 1 DAGs
[2024-03-26T09:08:11.953+0000] {logging_mixin.py:188} INFO - [2024-03-26T09:08:11.953+0000] {dag.py:3823} INFO - Setting next_dagrun for example_sla_dag to 2024-03-26 09:06:00+00:00, run_after=2024-03-26 09:08:00+00:00
[2024-03-26T09:08:11.970+0000] {processor.py:183} INFO - Processing /home/airflow/.local/lib/python3.8/site-packages/airflow/example_dags/example_sla_dag.py took 0.147 seconds
[2024-03-26T09:08:42.918+0000] {processor.py:161} INFO - Started process (PID=174) to work on /home/airflow/.local/lib/python3.8/site-packages/airflow/example_dags/example_sla_dag.py
[2024-03-26T09:08:42.919+0000] {processor.py:830} INFO - Processing file /home/airflow/.local/lib/python3.8/site-packages/airflow/example_dags/example_sla_dag.py for tasks to queue
[2024-03-26T09:08:42.921+0000] {logging_mixin.py:188} INFO - [2024-03-26T09:08:42.921+0000] {dagbag.py:538} INFO - Filling up the DagBag from /home/airflow/.local/lib/python3.8/site-packages/airflow/example_dags/example_sla_dag.py
[2024-03-26T09:08:42.928+0000] {processor.py:840} INFO - DAG(s) 'example_sla_dag' retrieved from /home/airflow/.local/lib/python3.8/site-packages/airflow/example_dags/example_sla_dag.py
[2024-03-26T09:08:42.943+0000] {logging_mixin.py:188} INFO - [2024-03-26T09:08:42.943+0000] {dag.py:3036} INFO - Sync 1 DAGs
[2024-03-26T09:08:42.965+0000] {logging_mixin.py:188} INFO - [2024-03-26T09:08:42.965+0000] {dag.py:3823} INFO - Setting next_dagrun for example_sla_dag to 2024-03-26 09:06:00+00:00, run_after=2024-03-26 09:08:00+00:00
[2024-03-26T09:08:42.981+0000] {processor.py:183} INFO - Processing /home/airflow/.local/lib/python3.8/site-packages/airflow/example_dags/example_sla_dag.py took 0.064 seconds
[2024-03-26T09:09:13.515+0000] {processor.py:161} INFO - Started process (PID=231) to work on /home/airflow/.local/lib/python3.8/site-packages/airflow/example_dags/example_sla_dag.py
[2024-03-26T09:09:13.516+0000] {processor.py:830} INFO - Processing file /home/airflow/.local/lib/python3.8/site-packages/airflow/example_dags/example_sla_dag.py for tasks to queue
[2024-03-26T09:09:13.518+0000] {logging_mixin.py:188} INFO - [2024-03-26T09:09:13.517+0000] {dagbag.py:538} INFO - Filling up the DagBag from /home/airflow/.local/lib/python3.8/site-packages/airflow/example_dags/example_sla_dag.py
[2024-03-26T09:09:13.525+0000] {processor.py:840} INFO - DAG(s) 'example_sla_dag' retrieved from /home/airflow/.local/lib/python3.8/site-packages/airflow/example_dags/example_sla_dag.py
[2024-03-26T09:09:13.543+0000] {logging_mixin.py:188} INFO - [2024-03-26T09:09:13.543+0000] {dag.py:3036} INFO - Sync 1 DAGs
[2024-03-26T09:09:13.578+0000] {logging_mixin.py:188} INFO - [2024-03-26T09:09:13.577+0000] {dag.py:3823} INFO - Setting next_dagrun for example_sla_dag to 2024-03-26 09:06:00+00:00, run_after=2024-03-26 09:08:00+00:00
[2024-03-26T09:09:13.603+0000] {processor.py:183} INFO - Processing /home/airflow/.local/lib/python3.8/site-packages/airflow/example_dags/example_sla_dag.py took 0.090 seconds
[2024-03-26T09:09:44.316+0000] {processor.py:161} INFO - Started process (PID=288) to work on /home/airflow/.local/lib/python3.8/site-packages/airflow/example_dags/example_sla_dag.py
[2024-03-26T09:09:44.317+0000] {processor.py:830} INFO - Processing file /home/airflow/.local/lib/python3.8/site-packages/airflow/example_dags/example_sla_dag.py for tasks to queue
[2024-03-26T09:09:44.318+0000] {logging_mixin.py:188} INFO - [2024-03-26T09:09:44.318+0000] {dagbag.py:538} INFO - Filling up the DagBag from /home/airflow/.local/lib/python3.8/site-packages/airflow/example_dags/example_sla_dag.py
[2024-03-26T09:09:44.324+0000] {processor.py:840} INFO - DAG(s) 'example_sla_dag' retrieved from /home/airflow/.local/lib/python3.8/site-packages/airflow/example_dags/example_sla_dag.py
[2024-03-26T09:09:44.340+0000] {logging_mixin.py:188} INFO - [2024-03-26T09:09:44.339+0000] {dag.py:3036} INFO - Sync 1 DAGs
[2024-03-26T09:09:44.361+0000] {logging_mixin.py:188} INFO - [2024-03-26T09:09:44.360+0000] {dag.py:3823} INFO - Setting next_dagrun for example_sla_dag to 2024-03-26 09:06:00+00:00, run_after=2024-03-26 09:08:00+00:00
[2024-03-26T09:09:44.396+0000] {processor.py:183} INFO - Processing /home/airflow/.local/lib/python3.8/site-packages/airflow/example_dags/example_sla_dag.py took 0.083 seconds
[2024-03-26T09:10:14.924+0000] {processor.py:161} INFO - Started process (PID=345) to work on /home/airflow/.local/lib/python3.8/site-packages/airflow/example_dags/example_sla_dag.py
[2024-03-26T09:10:14.925+0000] {processor.py:830} INFO - Processing file /home/airflow/.local/lib/python3.8/site-packages/airflow/example_dags/example_sla_dag.py for tasks to queue
[2024-03-26T09:10:14.926+0000] {logging_mixin.py:188} INFO - [2024-03-26T09:10:14.926+0000] {dagbag.py:538} INFO - Filling up the DagBag from /home/airflow/.local/lib/python3.8/site-packages/airflow/example_dags/example_sla_dag.py
[2024-03-26T09:10:14.933+0000] {processor.py:840} INFO - DAG(s) 'example_sla_dag' retrieved from /home/airflow/.local/lib/python3.8/site-packages/airflow/example_dags/example_sla_dag.py
[2024-03-26T09:10:14.948+0000] {logging_mixin.py:188} INFO - [2024-03-26T09:10:14.948+0000] {dag.py:3036} INFO - Sync 1 DAGs
[2024-03-26T09:10:14.972+0000] {logging_mixin.py:188} INFO - [2024-03-26T09:10:14.972+0000] {dag.py:3823} INFO - Setting next_dagrun for example_sla_dag to 2024-03-26 09:08:00+00:00, run_after=2024-03-26 09:10:00+00:00
[2024-03-26T09:10:14.991+0000] {processor.py:183} INFO - Processing /home/airflow/.local/lib/python3.8/site-packages/airflow/example_dags/example_sla_dag.py took 0.069 seconds
[2024-03-26T09:50:57.487+0000] {processor.py:161} INFO - Started process (PID=59) to work on /home/airflow/.local/lib/python3.8/site-packages/airflow/example_dags/example_sla_dag.py
[2024-03-26T09:50:57.488+0000] {processor.py:830} INFO - Processing file /home/airflow/.local/lib/python3.8/site-packages/airflow/example_dags/example_sla_dag.py for tasks to queue
[2024-03-26T09:50:57.490+0000] {logging_mixin.py:188} INFO - [2024-03-26T09:50:57.489+0000] {dagbag.py:538} INFO - Filling up the DagBag from /home/airflow/.local/lib/python3.8/site-packages/airflow/example_dags/example_sla_dag.py
[2024-03-26T09:50:57.499+0000] {processor.py:840} INFO - DAG(s) 'example_sla_dag' retrieved from /home/airflow/.local/lib/python3.8/site-packages/airflow/example_dags/example_sla_dag.py
[2024-03-26T09:50:57.511+0000] {logging_mixin.py:188} INFO - [2024-03-26T09:50:57.510+0000] {dag.py:3036} INFO - Sync 1 DAGs
[2024-03-26T09:50:57.536+0000] {logging_mixin.py:188} INFO - [2024-03-26T09:50:57.535+0000] {dag.py:3823} INFO - Setting next_dagrun for example_sla_dag to 2024-03-26 09:48:00+00:00, run_after=2024-03-26 09:50:00+00:00
[2024-03-26T09:50:57.553+0000] {processor.py:183} INFO - Processing /home/airflow/.local/lib/python3.8/site-packages/airflow/example_dags/example_sla_dag.py took 0.068 seconds
[2024-03-26T09:51:27.968+0000] {processor.py:161} INFO - Started process (PID=116) to work on /home/airflow/.local/lib/python3.8/site-packages/airflow/example_dags/example_sla_dag.py
[2024-03-26T09:51:27.969+0000] {processor.py:830} INFO - Processing file /home/airflow/.local/lib/python3.8/site-packages/airflow/example_dags/example_sla_dag.py for tasks to queue
[2024-03-26T09:51:27.970+0000] {logging_mixin.py:188} INFO - [2024-03-26T09:51:27.970+0000] {dagbag.py:538} INFO - Filling up the DagBag from /home/airflow/.local/lib/python3.8/site-packages/airflow/example_dags/example_sla_dag.py
[2024-03-26T09:51:27.977+0000] {processor.py:840} INFO - DAG(s) 'example_sla_dag' retrieved from /home/airflow/.local/lib/python3.8/site-packages/airflow/example_dags/example_sla_dag.py
[2024-03-26T09:51:28.057+0000] {logging_mixin.py:188} INFO - [2024-03-26T09:51:28.057+0000] {dag.py:3036} INFO - Sync 1 DAGs
[2024-03-26T09:51:28.076+0000] {logging_mixin.py:188} INFO - [2024-03-26T09:51:28.076+0000] {dag.py:3823} INFO - Setting next_dagrun for example_sla_dag to 2024-03-26 09:48:00+00:00, run_after=2024-03-26 09:50:00+00:00
[2024-03-26T09:51:28.091+0000] {processor.py:183} INFO - Processing /home/airflow/.local/lib/python3.8/site-packages/airflow/example_dags/example_sla_dag.py took 0.125 seconds
[2024-03-26T09:51:58.578+0000] {processor.py:161} INFO - Started process (PID=173) to work on /home/airflow/.local/lib/python3.8/site-packages/airflow/example_dags/example_sla_dag.py
[2024-03-26T09:51:58.579+0000] {processor.py:830} INFO - Processing file /home/airflow/.local/lib/python3.8/site-packages/airflow/example_dags/example_sla_dag.py for tasks to queue
[2024-03-26T09:51:58.580+0000] {logging_mixin.py:188} INFO - [2024-03-26T09:51:58.580+0000] {dagbag.py:538} INFO - Filling up the DagBag from /home/airflow/.local/lib/python3.8/site-packages/airflow/example_dags/example_sla_dag.py
[2024-03-26T09:51:58.586+0000] {processor.py:840} INFO - DAG(s) 'example_sla_dag' retrieved from /home/airflow/.local/lib/python3.8/site-packages/airflow/example_dags/example_sla_dag.py
[2024-03-26T09:51:58.602+0000] {logging_mixin.py:188} INFO - [2024-03-26T09:51:58.602+0000] {dag.py:3036} INFO - Sync 1 DAGs
[2024-03-26T09:51:58.626+0000] {logging_mixin.py:188} INFO - [2024-03-26T09:51:58.625+0000] {dag.py:3823} INFO - Setting next_dagrun for example_sla_dag to 2024-03-26 09:48:00+00:00, run_after=2024-03-26 09:50:00+00:00
[2024-03-26T09:51:58.640+0000] {processor.py:183} INFO - Processing /home/airflow/.local/lib/python3.8/site-packages/airflow/example_dags/example_sla_dag.py took 0.064 seconds
[2024-03-26T09:52:29.330+0000] {processor.py:161} INFO - Started process (PID=230) to work on /home/airflow/.local/lib/python3.8/site-packages/airflow/example_dags/example_sla_dag.py
[2024-03-26T09:52:29.331+0000] {processor.py:830} INFO - Processing file /home/airflow/.local/lib/python3.8/site-packages/airflow/example_dags/example_sla_dag.py for tasks to queue
[2024-03-26T09:52:29.338+0000] {logging_mixin.py:188} INFO - [2024-03-26T09:52:29.338+0000] {dagbag.py:538} INFO - Filling up the DagBag from /home/airflow/.local/lib/python3.8/site-packages/airflow/example_dags/example_sla_dag.py
[2024-03-26T09:52:29.347+0000] {processor.py:840} INFO - DAG(s) 'example_sla_dag' retrieved from /home/airflow/.local/lib/python3.8/site-packages/airflow/example_dags/example_sla_dag.py
[2024-03-26T09:52:29.369+0000] {logging_mixin.py:188} INFO - [2024-03-26T09:52:29.369+0000] {dag.py:3036} INFO - Sync 1 DAGs
[2024-03-26T09:52:29.396+0000] {logging_mixin.py:188} INFO - [2024-03-26T09:52:29.396+0000] {dag.py:3823} INFO - Setting next_dagrun for example_sla_dag to 2024-03-26 09:50:00+00:00, run_after=2024-03-26 09:52:00+00:00
[2024-03-26T09:52:29.415+0000] {processor.py:183} INFO - Processing /home/airflow/.local/lib/python3.8/site-packages/airflow/example_dags/example_sla_dag.py took 0.088 seconds
[2024-03-26T09:53:00.351+0000] {processor.py:161} INFO - Started process (PID=287) to work on /home/airflow/.local/lib/python3.8/site-packages/airflow/example_dags/example_sla_dag.py
[2024-03-26T09:53:00.352+0000] {processor.py:830} INFO - Processing file /home/airflow/.local/lib/python3.8/site-packages/airflow/example_dags/example_sla_dag.py for tasks to queue
[2024-03-26T09:53:00.353+0000] {logging_mixin.py:188} INFO - [2024-03-26T09:53:00.353+0000] {dagbag.py:538} INFO - Filling up the DagBag from /home/airflow/.local/lib/python3.8/site-packages/airflow/example_dags/example_sla_dag.py
[2024-03-26T09:53:00.359+0000] {processor.py:840} INFO - DAG(s) 'example_sla_dag' retrieved from /home/airflow/.local/lib/python3.8/site-packages/airflow/example_dags/example_sla_dag.py
[2024-03-26T09:53:00.374+0000] {logging_mixin.py:188} INFO - [2024-03-26T09:53:00.374+0000] {dag.py:3036} INFO - Sync 1 DAGs
[2024-03-26T09:53:00.396+0000] {logging_mixin.py:188} INFO - [2024-03-26T09:53:00.396+0000] {dag.py:3823} INFO - Setting next_dagrun for example_sla_dag to 2024-03-26 09:50:00+00:00, run_after=2024-03-26 09:52:00+00:00
[2024-03-26T09:53:00.412+0000] {processor.py:183} INFO - Processing /home/airflow/.local/lib/python3.8/site-packages/airflow/example_dags/example_sla_dag.py took 0.064 seconds
[2024-03-26T09:53:30.740+0000] {processor.py:161} INFO - Started process (PID=344) to work on /home/airflow/.local/lib/python3.8/site-packages/airflow/example_dags/example_sla_dag.py
[2024-03-26T09:53:30.740+0000] {processor.py:830} INFO - Processing file /home/airflow/.local/lib/python3.8/site-packages/airflow/example_dags/example_sla_dag.py for tasks to queue
[2024-03-26T09:53:30.742+0000] {logging_mixin.py:188} INFO - [2024-03-26T09:53:30.741+0000] {dagbag.py:538} INFO - Filling up the DagBag from /home/airflow/.local/lib/python3.8/site-packages/airflow/example_dags/example_sla_dag.py
[2024-03-26T09:53:30.748+0000] {processor.py:840} INFO - DAG(s) 'example_sla_dag' retrieved from /home/airflow/.local/lib/python3.8/site-packages/airflow/example_dags/example_sla_dag.py
[2024-03-26T09:53:30.763+0000] {logging_mixin.py:188} INFO - [2024-03-26T09:53:30.763+0000] {dag.py:3036} INFO - Sync 1 DAGs
[2024-03-26T09:53:30.786+0000] {logging_mixin.py:188} INFO - [2024-03-26T09:53:30.785+0000] {dag.py:3823} INFO - Setting next_dagrun for example_sla_dag to 2024-03-26 09:50:00+00:00, run_after=2024-03-26 09:52:00+00:00
[2024-03-26T09:53:30.802+0000] {processor.py:183} INFO - Processing /home/airflow/.local/lib/python3.8/site-packages/airflow/example_dags/example_sla_dag.py took 0.065 seconds
[2024-03-26T09:54:01.779+0000] {processor.py:161} INFO - Started process (PID=401) to work on /home/airflow/.local/lib/python3.8/site-packages/airflow/example_dags/example_sla_dag.py
[2024-03-26T09:54:01.780+0000] {processor.py:830} INFO - Processing file /home/airflow/.local/lib/python3.8/site-packages/airflow/example_dags/example_sla_dag.py for tasks to queue
[2024-03-26T09:54:01.781+0000] {logging_mixin.py:188} INFO - [2024-03-26T09:54:01.781+0000] {dagbag.py:538} INFO - Filling up the DagBag from /home/airflow/.local/lib/python3.8/site-packages/airflow/example_dags/example_sla_dag.py
[2024-03-26T09:54:01.788+0000] {processor.py:840} INFO - DAG(s) 'example_sla_dag' retrieved from /home/airflow/.local/lib/python3.8/site-packages/airflow/example_dags/example_sla_dag.py
[2024-03-26T09:54:01.802+0000] {logging_mixin.py:188} INFO - [2024-03-26T09:54:01.802+0000] {dag.py:3036} INFO - Sync 1 DAGs
[2024-03-26T09:54:01.824+0000] {logging_mixin.py:188} INFO - [2024-03-26T09:54:01.823+0000] {dag.py:3823} INFO - Setting next_dagrun for example_sla_dag to 2024-03-26 09:52:00+00:00, run_after=2024-03-26 09:54:00+00:00
[2024-03-26T09:54:01.839+0000] {processor.py:183} INFO - Processing /home/airflow/.local/lib/python3.8/site-packages/airflow/example_dags/example_sla_dag.py took 0.062 seconds
[2024-03-26T09:54:32.309+0000] {processor.py:161} INFO - Started process (PID=458) to work on /home/airflow/.local/lib/python3.8/site-packages/airflow/example_dags/example_sla_dag.py
[2024-03-26T09:54:32.309+0000] {processor.py:830} INFO - Processing file /home/airflow/.local/lib/python3.8/site-packages/airflow/example_dags/example_sla_dag.py for tasks to queue
[2024-03-26T09:54:32.311+0000] {logging_mixin.py:188} INFO - [2024-03-26T09:54:32.311+0000] {dagbag.py:538} INFO - Filling up the DagBag from /home/airflow/.local/lib/python3.8/site-packages/airflow/example_dags/example_sla_dag.py
[2024-03-26T09:54:32.317+0000] {processor.py:840} INFO - DAG(s) 'example_sla_dag' retrieved from /home/airflow/.local/lib/python3.8/site-packages/airflow/example_dags/example_sla_dag.py
[2024-03-26T09:54:32.332+0000] {logging_mixin.py:188} INFO - [2024-03-26T09:54:32.332+0000] {dag.py:3036} INFO - Sync 1 DAGs
[2024-03-26T09:54:32.354+0000] {logging_mixin.py:188} INFO - [2024-03-26T09:54:32.354+0000] {dag.py:3823} INFO - Setting next_dagrun for example_sla_dag to 2024-03-26 09:52:00+00:00, run_after=2024-03-26 09:54:00+00:00
[2024-03-26T09:54:32.370+0000] {processor.py:183} INFO - Processing /home/airflow/.local/lib/python3.8/site-packages/airflow/example_dags/example_sla_dag.py took 0.063 seconds
[2024-03-26T09:55:02.666+0000] {processor.py:161} INFO - Started process (PID=513) to work on /home/airflow/.local/lib/python3.8/site-packages/airflow/example_dags/example_sla_dag.py
[2024-03-26T09:55:02.667+0000] {processor.py:830} INFO - Processing file /home/airflow/.local/lib/python3.8/site-packages/airflow/example_dags/example_sla_dag.py for tasks to queue
[2024-03-26T09:55:02.669+0000] {logging_mixin.py:188} INFO - [2024-03-26T09:55:02.669+0000] {dagbag.py:538} INFO - Filling up the DagBag from /home/airflow/.local/lib/python3.8/site-packages/airflow/example_dags/example_sla_dag.py
[2024-03-26T09:55:02.675+0000] {processor.py:840} INFO - DAG(s) 'example_sla_dag' retrieved from /home/airflow/.local/lib/python3.8/site-packages/airflow/example_dags/example_sla_dag.py
[2024-03-26T09:55:02.693+0000] {logging_mixin.py:188} INFO - [2024-03-26T09:55:02.693+0000] {dag.py:3036} INFO - Sync 1 DAGs
[2024-03-26T09:55:02.713+0000] {logging_mixin.py:188} INFO - [2024-03-26T09:55:02.713+0000] {dag.py:3823} INFO - Setting next_dagrun for example_sla_dag to 2024-03-26 09:52:00+00:00, run_after=2024-03-26 09:54:00+00:00
[2024-03-26T09:55:02.729+0000] {processor.py:183} INFO - Processing /home/airflow/.local/lib/python3.8/site-packages/airflow/example_dags/example_sla_dag.py took 0.065 seconds
[2024-03-26T09:55:33.190+0000] {processor.py:161} INFO - Started process (PID=570) to work on /home/airflow/.local/lib/python3.8/site-packages/airflow/example_dags/example_sla_dag.py
[2024-03-26T09:55:33.191+0000] {processor.py:830} INFO - Processing file /home/airflow/.local/lib/python3.8/site-packages/airflow/example_dags/example_sla_dag.py for tasks to queue
[2024-03-26T09:55:33.192+0000] {logging_mixin.py:188} INFO - [2024-03-26T09:55:33.192+0000] {dagbag.py:538} INFO - Filling up the DagBag from /home/airflow/.local/lib/python3.8/site-packages/airflow/example_dags/example_sla_dag.py
[2024-03-26T09:55:33.201+0000] {processor.py:840} INFO - DAG(s) 'example_sla_dag' retrieved from /home/airflow/.local/lib/python3.8/site-packages/airflow/example_dags/example_sla_dag.py
[2024-03-26T09:55:33.219+0000] {logging_mixin.py:188} INFO - [2024-03-26T09:55:33.218+0000] {dag.py:3036} INFO - Sync 1 DAGs
[2024-03-26T09:55:33.244+0000] {logging_mixin.py:188} INFO - [2024-03-26T09:55:33.243+0000] {dag.py:3823} INFO - Setting next_dagrun for example_sla_dag to 2024-03-26 09:52:00+00:00, run_after=2024-03-26 09:54:00+00:00
[2024-03-26T09:55:33.264+0000] {processor.py:183} INFO - Processing /home/airflow/.local/lib/python3.8/site-packages/airflow/example_dags/example_sla_dag.py took 0.077 seconds
[2024-03-26T09:56:03.880+0000] {processor.py:161} INFO - Started process (PID=627) to work on /home/airflow/.local/lib/python3.8/site-packages/airflow/example_dags/example_sla_dag.py
[2024-03-26T09:56:03.882+0000] {processor.py:830} INFO - Processing file /home/airflow/.local/lib/python3.8/site-packages/airflow/example_dags/example_sla_dag.py for tasks to queue
[2024-03-26T09:56:03.883+0000] {logging_mixin.py:188} INFO - [2024-03-26T09:56:03.883+0000] {dagbag.py:538} INFO - Filling up the DagBag from /home/airflow/.local/lib/python3.8/site-packages/airflow/example_dags/example_sla_dag.py
[2024-03-26T09:56:03.890+0000] {processor.py:840} INFO - DAG(s) 'example_sla_dag' retrieved from /home/airflow/.local/lib/python3.8/site-packages/airflow/example_dags/example_sla_dag.py
[2024-03-26T09:56:03.909+0000] {logging_mixin.py:188} INFO - [2024-03-26T09:56:03.908+0000] {dag.py:3036} INFO - Sync 1 DAGs
[2024-03-26T09:56:03.938+0000] {logging_mixin.py:188} INFO - [2024-03-26T09:56:03.938+0000] {dag.py:3823} INFO - Setting next_dagrun for example_sla_dag to 2024-03-26 09:54:00+00:00, run_after=2024-03-26 09:56:00+00:00
[2024-03-26T09:56:03.957+0000] {processor.py:183} INFO - Processing /home/airflow/.local/lib/python3.8/site-packages/airflow/example_dags/example_sla_dag.py took 0.078 seconds
[2024-03-26T09:57:47.132+0000] {processor.py:161} INFO - Started process (PID=59) to work on /home/airflow/.local/lib/python3.8/site-packages/airflow/example_dags/example_sla_dag.py
[2024-03-26T09:57:47.133+0000] {processor.py:830} INFO - Processing file /home/airflow/.local/lib/python3.8/site-packages/airflow/example_dags/example_sla_dag.py for tasks to queue
[2024-03-26T09:57:47.134+0000] {logging_mixin.py:188} INFO - [2024-03-26T09:57:47.134+0000] {dagbag.py:538} INFO - Filling up the DagBag from /home/airflow/.local/lib/python3.8/site-packages/airflow/example_dags/example_sla_dag.py
[2024-03-26T09:57:47.143+0000] {processor.py:840} INFO - DAG(s) 'example_sla_dag' retrieved from /home/airflow/.local/lib/python3.8/site-packages/airflow/example_dags/example_sla_dag.py
[2024-03-26T09:57:47.153+0000] {logging_mixin.py:188} INFO - [2024-03-26T09:57:47.153+0000] {dag.py:3036} INFO - Sync 1 DAGs
[2024-03-26T09:57:47.181+0000] {logging_mixin.py:188} INFO - [2024-03-26T09:57:47.180+0000] {dag.py:3823} INFO - Setting next_dagrun for example_sla_dag to 2024-03-26 09:54:00+00:00, run_after=2024-03-26 09:56:00+00:00
[2024-03-26T09:57:47.197+0000] {processor.py:183} INFO - Processing /home/airflow/.local/lib/python3.8/site-packages/airflow/example_dags/example_sla_dag.py took 0.068 seconds
[2024-03-26T09:58:17.618+0000] {processor.py:161} INFO - Started process (PID=116) to work on /home/airflow/.local/lib/python3.8/site-packages/airflow/example_dags/example_sla_dag.py
[2024-03-26T09:58:17.619+0000] {processor.py:830} INFO - Processing file /home/airflow/.local/lib/python3.8/site-packages/airflow/example_dags/example_sla_dag.py for tasks to queue
[2024-03-26T09:58:17.621+0000] {logging_mixin.py:188} INFO - [2024-03-26T09:58:17.620+0000] {dagbag.py:538} INFO - Filling up the DagBag from /home/airflow/.local/lib/python3.8/site-packages/airflow/example_dags/example_sla_dag.py
[2024-03-26T09:58:17.627+0000] {processor.py:840} INFO - DAG(s) 'example_sla_dag' retrieved from /home/airflow/.local/lib/python3.8/site-packages/airflow/example_dags/example_sla_dag.py
[2024-03-26T09:58:17.709+0000] {logging_mixin.py:188} INFO - [2024-03-26T09:58:17.708+0000] {dag.py:3036} INFO - Sync 1 DAGs
[2024-03-26T09:58:17.729+0000] {logging_mixin.py:188} INFO - [2024-03-26T09:58:17.729+0000] {dag.py:3823} INFO - Setting next_dagrun for example_sla_dag to 2024-03-26 09:56:00+00:00, run_after=2024-03-26 09:58:00+00:00
[2024-03-26T09:58:17.748+0000] {processor.py:183} INFO - Processing /home/airflow/.local/lib/python3.8/site-packages/airflow/example_dags/example_sla_dag.py took 0.132 seconds
[2024-03-26T09:58:48.541+0000] {processor.py:161} INFO - Started process (PID=173) to work on /home/airflow/.local/lib/python3.8/site-packages/airflow/example_dags/example_sla_dag.py
[2024-03-26T09:58:48.542+0000] {processor.py:830} INFO - Processing file /home/airflow/.local/lib/python3.8/site-packages/airflow/example_dags/example_sla_dag.py for tasks to queue
[2024-03-26T09:58:48.544+0000] {logging_mixin.py:188} INFO - [2024-03-26T09:58:48.544+0000] {dagbag.py:538} INFO - Filling up the DagBag from /home/airflow/.local/lib/python3.8/site-packages/airflow/example_dags/example_sla_dag.py
[2024-03-26T09:58:48.551+0000] {processor.py:840} INFO - DAG(s) 'example_sla_dag' retrieved from /home/airflow/.local/lib/python3.8/site-packages/airflow/example_dags/example_sla_dag.py
[2024-03-26T09:58:48.569+0000] {logging_mixin.py:188} INFO - [2024-03-26T09:58:48.569+0000] {dag.py:3036} INFO - Sync 1 DAGs
[2024-03-26T09:58:48.592+0000] {logging_mixin.py:188} INFO - [2024-03-26T09:58:48.591+0000] {dag.py:3823} INFO - Setting next_dagrun for example_sla_dag to 2024-03-26 09:56:00+00:00, run_after=2024-03-26 09:58:00+00:00
[2024-03-26T09:58:48.610+0000] {processor.py:183} INFO - Processing /home/airflow/.local/lib/python3.8/site-packages/airflow/example_dags/example_sla_dag.py took 0.071 seconds
[2024-03-26T10:11:03.142+0000] {processor.py:161} INFO - Started process (PID=58) to work on /home/airflow/.local/lib/python3.8/site-packages/airflow/example_dags/example_sla_dag.py
[2024-03-26T10:11:03.143+0000] {processor.py:830} INFO - Processing file /home/airflow/.local/lib/python3.8/site-packages/airflow/example_dags/example_sla_dag.py for tasks to queue
[2024-03-26T10:11:03.145+0000] {logging_mixin.py:188} INFO - [2024-03-26T10:11:03.145+0000] {dagbag.py:538} INFO - Filling up the DagBag from /home/airflow/.local/lib/python3.8/site-packages/airflow/example_dags/example_sla_dag.py
[2024-03-26T10:11:03.155+0000] {processor.py:840} INFO - DAG(s) 'example_sla_dag' retrieved from /home/airflow/.local/lib/python3.8/site-packages/airflow/example_dags/example_sla_dag.py
[2024-03-26T10:11:03.167+0000] {logging_mixin.py:188} INFO - [2024-03-26T10:11:03.167+0000] {dag.py:3036} INFO - Sync 1 DAGs
[2024-03-26T10:11:03.193+0000] {logging_mixin.py:188} INFO - [2024-03-26T10:11:03.193+0000] {dag.py:3823} INFO - Setting next_dagrun for example_sla_dag to 2024-03-26 10:08:00+00:00, run_after=2024-03-26 10:10:00+00:00
[2024-03-26T10:11:03.213+0000] {processor.py:183} INFO - Processing /home/airflow/.local/lib/python3.8/site-packages/airflow/example_dags/example_sla_dag.py took 0.073 seconds
[2024-03-26T10:11:34.591+0000] {processor.py:161} INFO - Started process (PID=114) to work on /home/airflow/.local/lib/python3.8/site-packages/airflow/example_dags/example_sla_dag.py
[2024-03-26T10:11:34.592+0000] {processor.py:830} INFO - Processing file /home/airflow/.local/lib/python3.8/site-packages/airflow/example_dags/example_sla_dag.py for tasks to queue
[2024-03-26T10:11:34.594+0000] {logging_mixin.py:188} INFO - [2024-03-26T10:11:34.593+0000] {dagbag.py:538} INFO - Filling up the DagBag from /home/airflow/.local/lib/python3.8/site-packages/airflow/example_dags/example_sla_dag.py
[2024-03-26T10:11:34.600+0000] {processor.py:840} INFO - DAG(s) 'example_sla_dag' retrieved from /home/airflow/.local/lib/python3.8/site-packages/airflow/example_dags/example_sla_dag.py
[2024-03-26T10:11:34.679+0000] {logging_mixin.py:188} INFO - [2024-03-26T10:11:34.679+0000] {dag.py:3036} INFO - Sync 1 DAGs
[2024-03-26T10:11:34.698+0000] {logging_mixin.py:188} INFO - [2024-03-26T10:11:34.698+0000] {dag.py:3823} INFO - Setting next_dagrun for example_sla_dag to 2024-03-26 10:08:00+00:00, run_after=2024-03-26 10:10:00+00:00
[2024-03-26T10:11:34.717+0000] {processor.py:183} INFO - Processing /home/airflow/.local/lib/python3.8/site-packages/airflow/example_dags/example_sla_dag.py took 0.128 seconds
[2024-03-26T10:12:49.304+0000] {processor.py:161} INFO - Started process (PID=59) to work on /home/airflow/.local/lib/python3.8/site-packages/airflow/example_dags/example_sla_dag.py
[2024-03-26T10:12:49.305+0000] {processor.py:830} INFO - Processing file /home/airflow/.local/lib/python3.8/site-packages/airflow/example_dags/example_sla_dag.py for tasks to queue
[2024-03-26T10:12:49.307+0000] {logging_mixin.py:188} INFO - [2024-03-26T10:12:49.307+0000] {dagbag.py:538} INFO - Filling up the DagBag from /home/airflow/.local/lib/python3.8/site-packages/airflow/example_dags/example_sla_dag.py
[2024-03-26T10:12:49.316+0000] {processor.py:840} INFO - DAG(s) 'example_sla_dag' retrieved from /home/airflow/.local/lib/python3.8/site-packages/airflow/example_dags/example_sla_dag.py
[2024-03-26T10:12:49.327+0000] {logging_mixin.py:188} INFO - [2024-03-26T10:12:49.327+0000] {dag.py:3036} INFO - Sync 1 DAGs
[2024-03-26T10:12:49.354+0000] {logging_mixin.py:188} INFO - [2024-03-26T10:12:49.354+0000] {dag.py:3823} INFO - Setting next_dagrun for example_sla_dag to 2024-03-26 10:10:00+00:00, run_after=2024-03-26 10:12:00+00:00
[2024-03-26T10:12:49.379+0000] {processor.py:183} INFO - Processing /home/airflow/.local/lib/python3.8/site-packages/airflow/example_dags/example_sla_dag.py took 0.078 seconds
[2024-03-26T10:13:19.993+0000] {processor.py:161} INFO - Started process (PID=116) to work on /home/airflow/.local/lib/python3.8/site-packages/airflow/example_dags/example_sla_dag.py
[2024-03-26T10:13:19.994+0000] {processor.py:830} INFO - Processing file /home/airflow/.local/lib/python3.8/site-packages/airflow/example_dags/example_sla_dag.py for tasks to queue
[2024-03-26T10:13:19.996+0000] {logging_mixin.py:188} INFO - [2024-03-26T10:13:19.995+0000] {dagbag.py:538} INFO - Filling up the DagBag from /home/airflow/.local/lib/python3.8/site-packages/airflow/example_dags/example_sla_dag.py
[2024-03-26T10:13:20.002+0000] {processor.py:840} INFO - DAG(s) 'example_sla_dag' retrieved from /home/airflow/.local/lib/python3.8/site-packages/airflow/example_dags/example_sla_dag.py
[2024-03-26T10:13:20.084+0000] {logging_mixin.py:188} INFO - [2024-03-26T10:13:20.084+0000] {dag.py:3036} INFO - Sync 1 DAGs
[2024-03-26T10:13:20.105+0000] {logging_mixin.py:188} INFO - [2024-03-26T10:13:20.105+0000] {dag.py:3823} INFO - Setting next_dagrun for example_sla_dag to 2024-03-26 10:10:00+00:00, run_after=2024-03-26 10:12:00+00:00
[2024-03-26T10:13:20.122+0000] {processor.py:183} INFO - Processing /home/airflow/.local/lib/python3.8/site-packages/airflow/example_dags/example_sla_dag.py took 0.131 seconds
[2024-03-26T10:13:50.748+0000] {processor.py:161} INFO - Started process (PID=173) to work on /home/airflow/.local/lib/python3.8/site-packages/airflow/example_dags/example_sla_dag.py
[2024-03-26T10:13:50.749+0000] {processor.py:830} INFO - Processing file /home/airflow/.local/lib/python3.8/site-packages/airflow/example_dags/example_sla_dag.py for tasks to queue
[2024-03-26T10:13:50.750+0000] {logging_mixin.py:188} INFO - [2024-03-26T10:13:50.750+0000] {dagbag.py:538} INFO - Filling up the DagBag from /home/airflow/.local/lib/python3.8/site-packages/airflow/example_dags/example_sla_dag.py
[2024-03-26T10:13:50.756+0000] {processor.py:840} INFO - DAG(s) 'example_sla_dag' retrieved from /home/airflow/.local/lib/python3.8/site-packages/airflow/example_dags/example_sla_dag.py
[2024-03-26T10:13:50.770+0000] {logging_mixin.py:188} INFO - [2024-03-26T10:13:50.770+0000] {dag.py:3036} INFO - Sync 1 DAGs
[2024-03-26T10:13:50.791+0000] {logging_mixin.py:188} INFO - [2024-03-26T10:13:50.791+0000] {dag.py:3823} INFO - Setting next_dagrun for example_sla_dag to 2024-03-26 10:10:00+00:00, run_after=2024-03-26 10:12:00+00:00
[2024-03-26T10:13:50.808+0000] {processor.py:183} INFO - Processing /home/airflow/.local/lib/python3.8/site-packages/airflow/example_dags/example_sla_dag.py took 0.063 seconds
[2024-03-26T10:14:21.178+0000] {processor.py:161} INFO - Started process (PID=230) to work on /home/airflow/.local/lib/python3.8/site-packages/airflow/example_dags/example_sla_dag.py
[2024-03-26T10:14:21.179+0000] {processor.py:830} INFO - Processing file /home/airflow/.local/lib/python3.8/site-packages/airflow/example_dags/example_sla_dag.py for tasks to queue
[2024-03-26T10:14:21.180+0000] {logging_mixin.py:188} INFO - [2024-03-26T10:14:21.180+0000] {dagbag.py:538} INFO - Filling up the DagBag from /home/airflow/.local/lib/python3.8/site-packages/airflow/example_dags/example_sla_dag.py
[2024-03-26T10:14:21.187+0000] {processor.py:840} INFO - DAG(s) 'example_sla_dag' retrieved from /home/airflow/.local/lib/python3.8/site-packages/airflow/example_dags/example_sla_dag.py
[2024-03-26T10:14:21.203+0000] {logging_mixin.py:188} INFO - [2024-03-26T10:14:21.203+0000] {dag.py:3036} INFO - Sync 1 DAGs
[2024-03-26T10:14:21.225+0000] {logging_mixin.py:188} INFO - [2024-03-26T10:14:21.225+0000] {dag.py:3823} INFO - Setting next_dagrun for example_sla_dag to 2024-03-26 10:12:00+00:00, run_after=2024-03-26 10:14:00+00:00
[2024-03-26T10:14:21.240+0000] {processor.py:183} INFO - Processing /home/airflow/.local/lib/python3.8/site-packages/airflow/example_dags/example_sla_dag.py took 0.065 seconds
[2024-03-26T10:15:15.364+0000] {processor.py:161} INFO - Started process (PID=59) to work on /home/airflow/.local/lib/python3.8/site-packages/airflow/example_dags/example_sla_dag.py
[2024-03-26T10:15:15.365+0000] {processor.py:830} INFO - Processing file /home/airflow/.local/lib/python3.8/site-packages/airflow/example_dags/example_sla_dag.py for tasks to queue
[2024-03-26T10:15:15.367+0000] {logging_mixin.py:188} INFO - [2024-03-26T10:15:15.367+0000] {dagbag.py:538} INFO - Filling up the DagBag from /home/airflow/.local/lib/python3.8/site-packages/airflow/example_dags/example_sla_dag.py
[2024-03-26T10:15:15.376+0000] {processor.py:840} INFO - DAG(s) 'example_sla_dag' retrieved from /home/airflow/.local/lib/python3.8/site-packages/airflow/example_dags/example_sla_dag.py
[2024-03-26T10:15:15.391+0000] {logging_mixin.py:188} INFO - [2024-03-26T10:15:15.391+0000] {dag.py:3036} INFO - Sync 1 DAGs
[2024-03-26T10:15:15.428+0000] {logging_mixin.py:188} INFO - [2024-03-26T10:15:15.428+0000] {dag.py:3823} INFO - Setting next_dagrun for example_sla_dag to 2024-03-26 10:12:00+00:00, run_after=2024-03-26 10:14:00+00:00
[2024-03-26T10:15:15.454+0000] {processor.py:183} INFO - Processing /home/airflow/.local/lib/python3.8/site-packages/airflow/example_dags/example_sla_dag.py took 0.092 seconds
[2024-03-26T10:15:46.229+0000] {processor.py:161} INFO - Started process (PID=116) to work on /home/airflow/.local/lib/python3.8/site-packages/airflow/example_dags/example_sla_dag.py
[2024-03-26T10:15:46.230+0000] {processor.py:830} INFO - Processing file /home/airflow/.local/lib/python3.8/site-packages/airflow/example_dags/example_sla_dag.py for tasks to queue
[2024-03-26T10:15:46.232+0000] {logging_mixin.py:188} INFO - [2024-03-26T10:15:46.231+0000] {dagbag.py:538} INFO - Filling up the DagBag from /home/airflow/.local/lib/python3.8/site-packages/airflow/example_dags/example_sla_dag.py
[2024-03-26T10:15:46.240+0000] {processor.py:840} INFO - DAG(s) 'example_sla_dag' retrieved from /home/airflow/.local/lib/python3.8/site-packages/airflow/example_dags/example_sla_dag.py
[2024-03-26T10:15:46.370+0000] {logging_mixin.py:188} INFO - [2024-03-26T10:15:46.370+0000] {dag.py:3036} INFO - Sync 1 DAGs
[2024-03-26T10:15:46.394+0000] {logging_mixin.py:188} INFO - [2024-03-26T10:15:46.394+0000] {dag.py:3823} INFO - Setting next_dagrun for example_sla_dag to 2024-03-26 10:12:00+00:00, run_after=2024-03-26 10:14:00+00:00
[2024-03-26T10:15:46.415+0000] {processor.py:183} INFO - Processing /home/airflow/.local/lib/python3.8/site-packages/airflow/example_dags/example_sla_dag.py took 0.190 seconds
[2024-03-26T10:17:22.613+0000] {processor.py:161} INFO - Started process (PID=59) to work on /home/airflow/.local/lib/python3.8/site-packages/airflow/example_dags/example_sla_dag.py
[2024-03-26T10:17:22.614+0000] {processor.py:830} INFO - Processing file /home/airflow/.local/lib/python3.8/site-packages/airflow/example_dags/example_sla_dag.py for tasks to queue
[2024-03-26T10:17:22.617+0000] {logging_mixin.py:188} INFO - [2024-03-26T10:17:22.617+0000] {dagbag.py:538} INFO - Filling up the DagBag from /home/airflow/.local/lib/python3.8/site-packages/airflow/example_dags/example_sla_dag.py
[2024-03-26T10:17:22.628+0000] {processor.py:840} INFO - DAG(s) 'example_sla_dag' retrieved from /home/airflow/.local/lib/python3.8/site-packages/airflow/example_dags/example_sla_dag.py
[2024-03-26T10:17:22.639+0000] {logging_mixin.py:188} INFO - [2024-03-26T10:17:22.638+0000] {dag.py:3036} INFO - Sync 1 DAGs
[2024-03-26T10:17:22.673+0000] {logging_mixin.py:188} INFO - [2024-03-26T10:17:22.673+0000] {dag.py:3823} INFO - Setting next_dagrun for example_sla_dag to 2024-03-26 10:14:00+00:00, run_after=2024-03-26 10:16:00+00:00
[2024-03-26T10:17:22.694+0000] {processor.py:183} INFO - Processing /home/airflow/.local/lib/python3.8/site-packages/airflow/example_dags/example_sla_dag.py took 0.083 seconds
[2024-03-26T10:17:53.451+0000] {processor.py:161} INFO - Started process (PID=116) to work on /home/airflow/.local/lib/python3.8/site-packages/airflow/example_dags/example_sla_dag.py
[2024-03-26T10:17:53.452+0000] {processor.py:830} INFO - Processing file /home/airflow/.local/lib/python3.8/site-packages/airflow/example_dags/example_sla_dag.py for tasks to queue
[2024-03-26T10:17:53.455+0000] {logging_mixin.py:188} INFO - [2024-03-26T10:17:53.454+0000] {dagbag.py:538} INFO - Filling up the DagBag from /home/airflow/.local/lib/python3.8/site-packages/airflow/example_dags/example_sla_dag.py
[2024-03-26T10:17:53.463+0000] {processor.py:840} INFO - DAG(s) 'example_sla_dag' retrieved from /home/airflow/.local/lib/python3.8/site-packages/airflow/example_dags/example_sla_dag.py
[2024-03-26T10:17:53.560+0000] {logging_mixin.py:188} INFO - [2024-03-26T10:17:53.560+0000] {dag.py:3036} INFO - Sync 1 DAGs
[2024-03-26T10:17:53.587+0000] {logging_mixin.py:188} INFO - [2024-03-26T10:17:53.587+0000] {dag.py:3823} INFO - Setting next_dagrun for example_sla_dag to 2024-03-26 10:14:00+00:00, run_after=2024-03-26 10:16:00+00:00
[2024-03-26T10:17:53.610+0000] {processor.py:183} INFO - Processing /home/airflow/.local/lib/python3.8/site-packages/airflow/example_dags/example_sla_dag.py took 0.163 seconds
