[2024-03-26T08:41:07.732+0000] {processor.py:161} INFO - Started process (PID=76) to work on /home/airflow/.local/lib/python3.8/site-packages/airflow/example_dags/example_skip_dag.py
[2024-03-26T08:41:07.733+0000] {processor.py:830} INFO - Processing file /home/airflow/.local/lib/python3.8/site-packages/airflow/example_dags/example_skip_dag.py for tasks to queue
[2024-03-26T08:41:07.734+0000] {logging_mixin.py:188} INFO - [2024-03-26T08:41:07.734+0000] {dagbag.py:538} INFO - Filling up the DagBag from /home/airflow/.local/lib/python3.8/site-packages/airflow/example_dags/example_skip_dag.py
[2024-03-26T08:41:07.743+0000] {processor.py:840} INFO - DAG(s) 'example_skip_dag' retrieved from /home/airflow/.local/lib/python3.8/site-packages/airflow/example_dags/example_skip_dag.py
[2024-03-26T08:41:07.757+0000] {logging_mixin.py:188} INFO - [2024-03-26T08:41:07.756+0000] {dag.py:3036} INFO - Sync 1 DAGs
[2024-03-26T08:41:07.784+0000] {logging_mixin.py:188} INFO - [2024-03-26T08:41:07.784+0000] {dag.py:3823} INFO - Setting next_dagrun for example_skip_dag to 2024-03-25 00:00:00+00:00, run_after=2024-03-26 00:00:00+00:00
[2024-03-26T08:41:07.803+0000] {processor.py:183} INFO - Processing /home/airflow/.local/lib/python3.8/site-packages/airflow/example_dags/example_skip_dag.py took 0.073 seconds
[2024-03-26T08:41:39.342+0000] {processor.py:161} INFO - Started process (PID=132) to work on /home/airflow/.local/lib/python3.8/site-packages/airflow/example_dags/example_skip_dag.py
[2024-03-26T08:41:39.343+0000] {processor.py:830} INFO - Processing file /home/airflow/.local/lib/python3.8/site-packages/airflow/example_dags/example_skip_dag.py for tasks to queue
[2024-03-26T08:41:39.345+0000] {logging_mixin.py:188} INFO - [2024-03-26T08:41:39.345+0000] {dagbag.py:538} INFO - Filling up the DagBag from /home/airflow/.local/lib/python3.8/site-packages/airflow/example_dags/example_skip_dag.py
[2024-03-26T08:41:39.351+0000] {processor.py:840} INFO - DAG(s) 'example_skip_dag' retrieved from /home/airflow/.local/lib/python3.8/site-packages/airflow/example_dags/example_skip_dag.py
[2024-03-26T08:41:39.451+0000] {logging_mixin.py:188} INFO - [2024-03-26T08:41:39.450+0000] {dag.py:3036} INFO - Sync 1 DAGs
[2024-03-26T08:41:39.472+0000] {logging_mixin.py:188} INFO - [2024-03-26T08:41:39.471+0000] {dag.py:3823} INFO - Setting next_dagrun for example_skip_dag to 2024-03-25 00:00:00+00:00, run_after=2024-03-26 00:00:00+00:00
[2024-03-26T08:41:39.489+0000] {processor.py:183} INFO - Processing /home/airflow/.local/lib/python3.8/site-packages/airflow/example_dags/example_skip_dag.py took 0.149 seconds
[2024-03-26T08:43:47.938+0000] {processor.py:161} INFO - Started process (PID=76) to work on /home/airflow/.local/lib/python3.8/site-packages/airflow/example_dags/example_skip_dag.py
[2024-03-26T08:43:47.939+0000] {processor.py:830} INFO - Processing file /home/airflow/.local/lib/python3.8/site-packages/airflow/example_dags/example_skip_dag.py for tasks to queue
[2024-03-26T08:43:47.941+0000] {logging_mixin.py:188} INFO - [2024-03-26T08:43:47.941+0000] {dagbag.py:538} INFO - Filling up the DagBag from /home/airflow/.local/lib/python3.8/site-packages/airflow/example_dags/example_skip_dag.py
[2024-03-26T08:43:47.949+0000] {processor.py:840} INFO - DAG(s) 'example_skip_dag' retrieved from /home/airflow/.local/lib/python3.8/site-packages/airflow/example_dags/example_skip_dag.py
[2024-03-26T08:43:47.959+0000] {logging_mixin.py:188} INFO - [2024-03-26T08:43:47.959+0000] {dag.py:3036} INFO - Sync 1 DAGs
[2024-03-26T08:43:47.979+0000] {logging_mixin.py:188} INFO - [2024-03-26T08:43:47.978+0000] {dag.py:3823} INFO - Setting next_dagrun for example_skip_dag to 2024-03-25 00:00:00+00:00, run_after=2024-03-26 00:00:00+00:00
[2024-03-26T08:43:47.998+0000] {processor.py:183} INFO - Processing /home/airflow/.local/lib/python3.8/site-packages/airflow/example_dags/example_skip_dag.py took 0.062 seconds
[2024-03-26T08:44:19.703+0000] {processor.py:161} INFO - Started process (PID=132) to work on /home/airflow/.local/lib/python3.8/site-packages/airflow/example_dags/example_skip_dag.py
[2024-03-26T08:44:19.704+0000] {processor.py:830} INFO - Processing file /home/airflow/.local/lib/python3.8/site-packages/airflow/example_dags/example_skip_dag.py for tasks to queue
[2024-03-26T08:44:19.706+0000] {logging_mixin.py:188} INFO - [2024-03-26T08:44:19.705+0000] {dagbag.py:538} INFO - Filling up the DagBag from /home/airflow/.local/lib/python3.8/site-packages/airflow/example_dags/example_skip_dag.py
[2024-03-26T08:44:19.711+0000] {processor.py:840} INFO - DAG(s) 'example_skip_dag' retrieved from /home/airflow/.local/lib/python3.8/site-packages/airflow/example_dags/example_skip_dag.py
[2024-03-26T08:44:19.793+0000] {logging_mixin.py:188} INFO - [2024-03-26T08:44:19.793+0000] {dag.py:3036} INFO - Sync 1 DAGs
[2024-03-26T08:44:19.810+0000] {logging_mixin.py:188} INFO - [2024-03-26T08:44:19.810+0000] {dag.py:3823} INFO - Setting next_dagrun for example_skip_dag to 2024-03-25 00:00:00+00:00, run_after=2024-03-26 00:00:00+00:00
[2024-03-26T08:44:19.826+0000] {processor.py:183} INFO - Processing /home/airflow/.local/lib/python3.8/site-packages/airflow/example_dags/example_skip_dag.py took 0.125 seconds
[2024-03-26T08:44:49.892+0000] {processor.py:161} INFO - Started process (PID=188) to work on /home/airflow/.local/lib/python3.8/site-packages/airflow/example_dags/example_skip_dag.py
[2024-03-26T08:44:49.893+0000] {processor.py:830} INFO - Processing file /home/airflow/.local/lib/python3.8/site-packages/airflow/example_dags/example_skip_dag.py for tasks to queue
[2024-03-26T08:44:49.894+0000] {logging_mixin.py:188} INFO - [2024-03-26T08:44:49.894+0000] {dagbag.py:538} INFO - Filling up the DagBag from /home/airflow/.local/lib/python3.8/site-packages/airflow/example_dags/example_skip_dag.py
[2024-03-26T08:44:49.899+0000] {processor.py:840} INFO - DAG(s) 'example_skip_dag' retrieved from /home/airflow/.local/lib/python3.8/site-packages/airflow/example_dags/example_skip_dag.py
[2024-03-26T08:44:49.914+0000] {logging_mixin.py:188} INFO - [2024-03-26T08:44:49.914+0000] {dag.py:3036} INFO - Sync 1 DAGs
[2024-03-26T08:44:49.932+0000] {logging_mixin.py:188} INFO - [2024-03-26T08:44:49.932+0000] {dag.py:3823} INFO - Setting next_dagrun for example_skip_dag to 2024-03-25 00:00:00+00:00, run_after=2024-03-26 00:00:00+00:00
[2024-03-26T08:44:49.947+0000] {processor.py:183} INFO - Processing /home/airflow/.local/lib/python3.8/site-packages/airflow/example_dags/example_skip_dag.py took 0.057 seconds
[2024-03-26T08:45:20.017+0000] {processor.py:161} INFO - Started process (PID=244) to work on /home/airflow/.local/lib/python3.8/site-packages/airflow/example_dags/example_skip_dag.py
[2024-03-26T08:45:20.018+0000] {processor.py:830} INFO - Processing file /home/airflow/.local/lib/python3.8/site-packages/airflow/example_dags/example_skip_dag.py for tasks to queue
[2024-03-26T08:45:20.019+0000] {logging_mixin.py:188} INFO - [2024-03-26T08:45:20.019+0000] {dagbag.py:538} INFO - Filling up the DagBag from /home/airflow/.local/lib/python3.8/site-packages/airflow/example_dags/example_skip_dag.py
[2024-03-26T08:45:20.024+0000] {processor.py:840} INFO - DAG(s) 'example_skip_dag' retrieved from /home/airflow/.local/lib/python3.8/site-packages/airflow/example_dags/example_skip_dag.py
[2024-03-26T08:45:20.041+0000] {logging_mixin.py:188} INFO - [2024-03-26T08:45:20.040+0000] {dag.py:3036} INFO - Sync 1 DAGs
[2024-03-26T08:45:20.059+0000] {logging_mixin.py:188} INFO - [2024-03-26T08:45:20.059+0000] {dag.py:3823} INFO - Setting next_dagrun for example_skip_dag to 2024-03-25 00:00:00+00:00, run_after=2024-03-26 00:00:00+00:00
[2024-03-26T08:45:20.079+0000] {processor.py:183} INFO - Processing /home/airflow/.local/lib/python3.8/site-packages/airflow/example_dags/example_skip_dag.py took 0.065 seconds
[2024-03-26T08:45:50.233+0000] {processor.py:161} INFO - Started process (PID=300) to work on /home/airflow/.local/lib/python3.8/site-packages/airflow/example_dags/example_skip_dag.py
[2024-03-26T08:45:50.233+0000] {processor.py:830} INFO - Processing file /home/airflow/.local/lib/python3.8/site-packages/airflow/example_dags/example_skip_dag.py for tasks to queue
[2024-03-26T08:45:50.235+0000] {logging_mixin.py:188} INFO - [2024-03-26T08:45:50.235+0000] {dagbag.py:538} INFO - Filling up the DagBag from /home/airflow/.local/lib/python3.8/site-packages/airflow/example_dags/example_skip_dag.py
[2024-03-26T08:45:50.240+0000] {processor.py:840} INFO - DAG(s) 'example_skip_dag' retrieved from /home/airflow/.local/lib/python3.8/site-packages/airflow/example_dags/example_skip_dag.py
[2024-03-26T08:45:50.256+0000] {logging_mixin.py:188} INFO - [2024-03-26T08:45:50.255+0000] {dag.py:3036} INFO - Sync 1 DAGs
[2024-03-26T08:45:50.273+0000] {logging_mixin.py:188} INFO - [2024-03-26T08:45:50.273+0000] {dag.py:3823} INFO - Setting next_dagrun for example_skip_dag to 2024-03-25 00:00:00+00:00, run_after=2024-03-26 00:00:00+00:00
[2024-03-26T08:45:50.289+0000] {processor.py:183} INFO - Processing /home/airflow/.local/lib/python3.8/site-packages/airflow/example_dags/example_skip_dag.py took 0.059 seconds
[2024-03-26T08:46:20.464+0000] {processor.py:161} INFO - Started process (PID=356) to work on /home/airflow/.local/lib/python3.8/site-packages/airflow/example_dags/example_skip_dag.py
[2024-03-26T08:46:20.465+0000] {processor.py:830} INFO - Processing file /home/airflow/.local/lib/python3.8/site-packages/airflow/example_dags/example_skip_dag.py for tasks to queue
[2024-03-26T08:46:20.466+0000] {logging_mixin.py:188} INFO - [2024-03-26T08:46:20.466+0000] {dagbag.py:538} INFO - Filling up the DagBag from /home/airflow/.local/lib/python3.8/site-packages/airflow/example_dags/example_skip_dag.py
[2024-03-26T08:46:20.471+0000] {processor.py:840} INFO - DAG(s) 'example_skip_dag' retrieved from /home/airflow/.local/lib/python3.8/site-packages/airflow/example_dags/example_skip_dag.py
[2024-03-26T08:46:20.487+0000] {logging_mixin.py:188} INFO - [2024-03-26T08:46:20.486+0000] {dag.py:3036} INFO - Sync 1 DAGs
[2024-03-26T08:46:20.504+0000] {logging_mixin.py:188} INFO - [2024-03-26T08:46:20.503+0000] {dag.py:3823} INFO - Setting next_dagrun for example_skip_dag to 2024-03-25 00:00:00+00:00, run_after=2024-03-26 00:00:00+00:00
[2024-03-26T08:46:20.518+0000] {processor.py:183} INFO - Processing /home/airflow/.local/lib/python3.8/site-packages/airflow/example_dags/example_skip_dag.py took 0.057 seconds
[2024-03-26T08:46:50.740+0000] {processor.py:161} INFO - Started process (PID=412) to work on /home/airflow/.local/lib/python3.8/site-packages/airflow/example_dags/example_skip_dag.py
[2024-03-26T08:46:50.741+0000] {processor.py:830} INFO - Processing file /home/airflow/.local/lib/python3.8/site-packages/airflow/example_dags/example_skip_dag.py for tasks to queue
[2024-03-26T08:46:50.742+0000] {logging_mixin.py:188} INFO - [2024-03-26T08:46:50.742+0000] {dagbag.py:538} INFO - Filling up the DagBag from /home/airflow/.local/lib/python3.8/site-packages/airflow/example_dags/example_skip_dag.py
[2024-03-26T08:46:50.748+0000] {processor.py:840} INFO - DAG(s) 'example_skip_dag' retrieved from /home/airflow/.local/lib/python3.8/site-packages/airflow/example_dags/example_skip_dag.py
[2024-03-26T08:46:50.764+0000] {logging_mixin.py:188} INFO - [2024-03-26T08:46:50.763+0000] {dag.py:3036} INFO - Sync 1 DAGs
[2024-03-26T08:46:50.782+0000] {logging_mixin.py:188} INFO - [2024-03-26T08:46:50.782+0000] {dag.py:3823} INFO - Setting next_dagrun for example_skip_dag to 2024-03-25 00:00:00+00:00, run_after=2024-03-26 00:00:00+00:00
[2024-03-26T08:46:50.797+0000] {processor.py:183} INFO - Processing /home/airflow/.local/lib/python3.8/site-packages/airflow/example_dags/example_skip_dag.py took 0.060 seconds
[2024-03-26T08:47:20.929+0000] {processor.py:161} INFO - Started process (PID=468) to work on /home/airflow/.local/lib/python3.8/site-packages/airflow/example_dags/example_skip_dag.py
[2024-03-26T08:47:20.930+0000] {processor.py:830} INFO - Processing file /home/airflow/.local/lib/python3.8/site-packages/airflow/example_dags/example_skip_dag.py for tasks to queue
[2024-03-26T08:47:20.931+0000] {logging_mixin.py:188} INFO - [2024-03-26T08:47:20.931+0000] {dagbag.py:538} INFO - Filling up the DagBag from /home/airflow/.local/lib/python3.8/site-packages/airflow/example_dags/example_skip_dag.py
[2024-03-26T08:47:20.936+0000] {processor.py:840} INFO - DAG(s) 'example_skip_dag' retrieved from /home/airflow/.local/lib/python3.8/site-packages/airflow/example_dags/example_skip_dag.py
[2024-03-26T08:47:20.952+0000] {logging_mixin.py:188} INFO - [2024-03-26T08:47:20.952+0000] {dag.py:3036} INFO - Sync 1 DAGs
[2024-03-26T08:47:20.969+0000] {logging_mixin.py:188} INFO - [2024-03-26T08:47:20.969+0000] {dag.py:3823} INFO - Setting next_dagrun for example_skip_dag to 2024-03-25 00:00:00+00:00, run_after=2024-03-26 00:00:00+00:00
[2024-03-26T08:47:20.987+0000] {processor.py:183} INFO - Processing /home/airflow/.local/lib/python3.8/site-packages/airflow/example_dags/example_skip_dag.py took 0.061 seconds
[2024-03-26T08:47:51.151+0000] {processor.py:161} INFO - Started process (PID=524) to work on /home/airflow/.local/lib/python3.8/site-packages/airflow/example_dags/example_skip_dag.py
[2024-03-26T08:47:51.152+0000] {processor.py:830} INFO - Processing file /home/airflow/.local/lib/python3.8/site-packages/airflow/example_dags/example_skip_dag.py for tasks to queue
[2024-03-26T08:47:51.153+0000] {logging_mixin.py:188} INFO - [2024-03-26T08:47:51.153+0000] {dagbag.py:538} INFO - Filling up the DagBag from /home/airflow/.local/lib/python3.8/site-packages/airflow/example_dags/example_skip_dag.py
[2024-03-26T08:47:51.158+0000] {processor.py:840} INFO - DAG(s) 'example_skip_dag' retrieved from /home/airflow/.local/lib/python3.8/site-packages/airflow/example_dags/example_skip_dag.py
[2024-03-26T08:47:51.174+0000] {logging_mixin.py:188} INFO - [2024-03-26T08:47:51.174+0000] {dag.py:3036} INFO - Sync 1 DAGs
[2024-03-26T08:47:51.192+0000] {logging_mixin.py:188} INFO - [2024-03-26T08:47:51.192+0000] {dag.py:3823} INFO - Setting next_dagrun for example_skip_dag to 2024-03-25 00:00:00+00:00, run_after=2024-03-26 00:00:00+00:00
[2024-03-26T08:47:51.209+0000] {processor.py:183} INFO - Processing /home/airflow/.local/lib/python3.8/site-packages/airflow/example_dags/example_skip_dag.py took 0.060 seconds
[2024-03-26T08:48:21.550+0000] {processor.py:161} INFO - Started process (PID=580) to work on /home/airflow/.local/lib/python3.8/site-packages/airflow/example_dags/example_skip_dag.py
[2024-03-26T08:48:21.551+0000] {processor.py:830} INFO - Processing file /home/airflow/.local/lib/python3.8/site-packages/airflow/example_dags/example_skip_dag.py for tasks to queue
[2024-03-26T08:48:21.553+0000] {logging_mixin.py:188} INFO - [2024-03-26T08:48:21.552+0000] {dagbag.py:538} INFO - Filling up the DagBag from /home/airflow/.local/lib/python3.8/site-packages/airflow/example_dags/example_skip_dag.py
[2024-03-26T08:48:21.558+0000] {processor.py:840} INFO - DAG(s) 'example_skip_dag' retrieved from /home/airflow/.local/lib/python3.8/site-packages/airflow/example_dags/example_skip_dag.py
[2024-03-26T08:48:21.663+0000] {logging_mixin.py:188} INFO - [2024-03-26T08:48:21.663+0000] {dag.py:3036} INFO - Sync 1 DAGs
[2024-03-26T08:48:21.683+0000] {logging_mixin.py:188} INFO - [2024-03-26T08:48:21.683+0000] {dag.py:3823} INFO - Setting next_dagrun for example_skip_dag to 2024-03-25 00:00:00+00:00, run_after=2024-03-26 00:00:00+00:00
[2024-03-26T08:48:21.699+0000] {processor.py:183} INFO - Processing /home/airflow/.local/lib/python3.8/site-packages/airflow/example_dags/example_skip_dag.py took 0.152 seconds
[2024-03-26T08:48:52.037+0000] {processor.py:161} INFO - Started process (PID=636) to work on /home/airflow/.local/lib/python3.8/site-packages/airflow/example_dags/example_skip_dag.py
[2024-03-26T08:48:52.038+0000] {processor.py:830} INFO - Processing file /home/airflow/.local/lib/python3.8/site-packages/airflow/example_dags/example_skip_dag.py for tasks to queue
[2024-03-26T08:48:52.039+0000] {logging_mixin.py:188} INFO - [2024-03-26T08:48:52.039+0000] {dagbag.py:538} INFO - Filling up the DagBag from /home/airflow/.local/lib/python3.8/site-packages/airflow/example_dags/example_skip_dag.py
[2024-03-26T08:48:52.044+0000] {processor.py:840} INFO - DAG(s) 'example_skip_dag' retrieved from /home/airflow/.local/lib/python3.8/site-packages/airflow/example_dags/example_skip_dag.py
[2024-03-26T08:48:52.060+0000] {logging_mixin.py:188} INFO - [2024-03-26T08:48:52.059+0000] {dag.py:3036} INFO - Sync 1 DAGs
[2024-03-26T08:48:52.081+0000] {logging_mixin.py:188} INFO - [2024-03-26T08:48:52.081+0000] {dag.py:3823} INFO - Setting next_dagrun for example_skip_dag to 2024-03-25 00:00:00+00:00, run_after=2024-03-26 00:00:00+00:00
[2024-03-26T08:48:52.097+0000] {processor.py:183} INFO - Processing /home/airflow/.local/lib/python3.8/site-packages/airflow/example_dags/example_skip_dag.py took 0.063 seconds
[2024-03-26T08:49:22.243+0000] {processor.py:161} INFO - Started process (PID=692) to work on /home/airflow/.local/lib/python3.8/site-packages/airflow/example_dags/example_skip_dag.py
[2024-03-26T08:49:22.244+0000] {processor.py:830} INFO - Processing file /home/airflow/.local/lib/python3.8/site-packages/airflow/example_dags/example_skip_dag.py for tasks to queue
[2024-03-26T08:49:22.245+0000] {logging_mixin.py:188} INFO - [2024-03-26T08:49:22.245+0000] {dagbag.py:538} INFO - Filling up the DagBag from /home/airflow/.local/lib/python3.8/site-packages/airflow/example_dags/example_skip_dag.py
[2024-03-26T08:49:22.251+0000] {processor.py:840} INFO - DAG(s) 'example_skip_dag' retrieved from /home/airflow/.local/lib/python3.8/site-packages/airflow/example_dags/example_skip_dag.py
[2024-03-26T08:49:22.267+0000] {logging_mixin.py:188} INFO - [2024-03-26T08:49:22.267+0000] {dag.py:3036} INFO - Sync 1 DAGs
[2024-03-26T08:49:22.285+0000] {logging_mixin.py:188} INFO - [2024-03-26T08:49:22.284+0000] {dag.py:3823} INFO - Setting next_dagrun for example_skip_dag to 2024-03-25 00:00:00+00:00, run_after=2024-03-26 00:00:00+00:00
[2024-03-26T08:49:22.300+0000] {processor.py:183} INFO - Processing /home/airflow/.local/lib/python3.8/site-packages/airflow/example_dags/example_skip_dag.py took 0.059 seconds
[2024-03-26T08:49:52.684+0000] {processor.py:161} INFO - Started process (PID=748) to work on /home/airflow/.local/lib/python3.8/site-packages/airflow/example_dags/example_skip_dag.py
[2024-03-26T08:49:52.685+0000] {processor.py:830} INFO - Processing file /home/airflow/.local/lib/python3.8/site-packages/airflow/example_dags/example_skip_dag.py for tasks to queue
[2024-03-26T08:49:52.686+0000] {logging_mixin.py:188} INFO - [2024-03-26T08:49:52.686+0000] {dagbag.py:538} INFO - Filling up the DagBag from /home/airflow/.local/lib/python3.8/site-packages/airflow/example_dags/example_skip_dag.py
[2024-03-26T08:49:52.691+0000] {processor.py:840} INFO - DAG(s) 'example_skip_dag' retrieved from /home/airflow/.local/lib/python3.8/site-packages/airflow/example_dags/example_skip_dag.py
[2024-03-26T08:49:52.707+0000] {logging_mixin.py:188} INFO - [2024-03-26T08:49:52.707+0000] {dag.py:3036} INFO - Sync 1 DAGs
[2024-03-26T08:49:52.725+0000] {logging_mixin.py:188} INFO - [2024-03-26T08:49:52.725+0000] {dag.py:3823} INFO - Setting next_dagrun for example_skip_dag to 2024-03-25 00:00:00+00:00, run_after=2024-03-26 00:00:00+00:00
[2024-03-26T08:49:52.742+0000] {processor.py:183} INFO - Processing /home/airflow/.local/lib/python3.8/site-packages/airflow/example_dags/example_skip_dag.py took 0.061 seconds
[2024-03-26T08:50:23.247+0000] {processor.py:161} INFO - Started process (PID=804) to work on /home/airflow/.local/lib/python3.8/site-packages/airflow/example_dags/example_skip_dag.py
[2024-03-26T08:50:23.248+0000] {processor.py:830} INFO - Processing file /home/airflow/.local/lib/python3.8/site-packages/airflow/example_dags/example_skip_dag.py for tasks to queue
[2024-03-26T08:50:23.250+0000] {logging_mixin.py:188} INFO - [2024-03-26T08:50:23.250+0000] {dagbag.py:538} INFO - Filling up the DagBag from /home/airflow/.local/lib/python3.8/site-packages/airflow/example_dags/example_skip_dag.py
[2024-03-26T08:50:23.255+0000] {processor.py:840} INFO - DAG(s) 'example_skip_dag' retrieved from /home/airflow/.local/lib/python3.8/site-packages/airflow/example_dags/example_skip_dag.py
[2024-03-26T08:50:23.270+0000] {logging_mixin.py:188} INFO - [2024-03-26T08:50:23.270+0000] {dag.py:3036} INFO - Sync 1 DAGs
[2024-03-26T08:50:23.288+0000] {logging_mixin.py:188} INFO - [2024-03-26T08:50:23.288+0000] {dag.py:3823} INFO - Setting next_dagrun for example_skip_dag to 2024-03-25 00:00:00+00:00, run_after=2024-03-26 00:00:00+00:00
[2024-03-26T08:50:23.306+0000] {processor.py:183} INFO - Processing /home/airflow/.local/lib/python3.8/site-packages/airflow/example_dags/example_skip_dag.py took 0.061 seconds
[2024-03-26T08:53:13.602+0000] {processor.py:161} INFO - Started process (PID=76) to work on /home/airflow/.local/lib/python3.8/site-packages/airflow/example_dags/example_skip_dag.py
[2024-03-26T08:53:13.603+0000] {processor.py:830} INFO - Processing file /home/airflow/.local/lib/python3.8/site-packages/airflow/example_dags/example_skip_dag.py for tasks to queue
[2024-03-26T08:53:13.604+0000] {logging_mixin.py:188} INFO - [2024-03-26T08:53:13.604+0000] {dagbag.py:538} INFO - Filling up the DagBag from /home/airflow/.local/lib/python3.8/site-packages/airflow/example_dags/example_skip_dag.py
[2024-03-26T08:53:13.611+0000] {processor.py:840} INFO - DAG(s) 'example_skip_dag' retrieved from /home/airflow/.local/lib/python3.8/site-packages/airflow/example_dags/example_skip_dag.py
[2024-03-26T08:53:13.623+0000] {logging_mixin.py:188} INFO - [2024-03-26T08:53:13.623+0000] {dag.py:3036} INFO - Sync 1 DAGs
[2024-03-26T08:53:13.644+0000] {logging_mixin.py:188} INFO - [2024-03-26T08:53:13.644+0000] {dag.py:3823} INFO - Setting next_dagrun for example_skip_dag to 2024-03-25 00:00:00+00:00, run_after=2024-03-26 00:00:00+00:00
[2024-03-26T08:53:13.666+0000] {processor.py:183} INFO - Processing /home/airflow/.local/lib/python3.8/site-packages/airflow/example_dags/example_skip_dag.py took 0.066 seconds
[2024-03-26T08:53:45.492+0000] {processor.py:161} INFO - Started process (PID=132) to work on /home/airflow/.local/lib/python3.8/site-packages/airflow/example_dags/example_skip_dag.py
[2024-03-26T08:53:45.493+0000] {processor.py:830} INFO - Processing file /home/airflow/.local/lib/python3.8/site-packages/airflow/example_dags/example_skip_dag.py for tasks to queue
[2024-03-26T08:53:45.494+0000] {logging_mixin.py:188} INFO - [2024-03-26T08:53:45.494+0000] {dagbag.py:538} INFO - Filling up the DagBag from /home/airflow/.local/lib/python3.8/site-packages/airflow/example_dags/example_skip_dag.py
[2024-03-26T08:53:45.499+0000] {processor.py:840} INFO - DAG(s) 'example_skip_dag' retrieved from /home/airflow/.local/lib/python3.8/site-packages/airflow/example_dags/example_skip_dag.py
[2024-03-26T08:53:45.578+0000] {logging_mixin.py:188} INFO - [2024-03-26T08:53:45.577+0000] {dag.py:3036} INFO - Sync 1 DAGs
[2024-03-26T08:53:45.593+0000] {logging_mixin.py:188} INFO - [2024-03-26T08:53:45.593+0000] {dag.py:3823} INFO - Setting next_dagrun for example_skip_dag to 2024-03-25 00:00:00+00:00, run_after=2024-03-26 00:00:00+00:00
[2024-03-26T08:53:45.610+0000] {processor.py:183} INFO - Processing /home/airflow/.local/lib/python3.8/site-packages/airflow/example_dags/example_skip_dag.py took 0.119 seconds
[2024-03-26T08:54:15.734+0000] {processor.py:161} INFO - Started process (PID=188) to work on /home/airflow/.local/lib/python3.8/site-packages/airflow/example_dags/example_skip_dag.py
[2024-03-26T08:54:15.735+0000] {processor.py:830} INFO - Processing file /home/airflow/.local/lib/python3.8/site-packages/airflow/example_dags/example_skip_dag.py for tasks to queue
[2024-03-26T08:54:15.737+0000] {logging_mixin.py:188} INFO - [2024-03-26T08:54:15.737+0000] {dagbag.py:538} INFO - Filling up the DagBag from /home/airflow/.local/lib/python3.8/site-packages/airflow/example_dags/example_skip_dag.py
[2024-03-26T08:54:15.742+0000] {processor.py:840} INFO - DAG(s) 'example_skip_dag' retrieved from /home/airflow/.local/lib/python3.8/site-packages/airflow/example_dags/example_skip_dag.py
[2024-03-26T08:54:15.759+0000] {logging_mixin.py:188} INFO - [2024-03-26T08:54:15.759+0000] {dag.py:3036} INFO - Sync 1 DAGs
[2024-03-26T08:54:15.778+0000] {logging_mixin.py:188} INFO - [2024-03-26T08:54:15.778+0000] {dag.py:3823} INFO - Setting next_dagrun for example_skip_dag to 2024-03-25 00:00:00+00:00, run_after=2024-03-26 00:00:00+00:00
[2024-03-26T08:54:15.794+0000] {processor.py:183} INFO - Processing /home/airflow/.local/lib/python3.8/site-packages/airflow/example_dags/example_skip_dag.py took 0.062 seconds
[2024-03-26T08:54:46.379+0000] {processor.py:161} INFO - Started process (PID=244) to work on /home/airflow/.local/lib/python3.8/site-packages/airflow/example_dags/example_skip_dag.py
[2024-03-26T08:54:46.380+0000] {processor.py:830} INFO - Processing file /home/airflow/.local/lib/python3.8/site-packages/airflow/example_dags/example_skip_dag.py for tasks to queue
[2024-03-26T08:54:46.381+0000] {logging_mixin.py:188} INFO - [2024-03-26T08:54:46.381+0000] {dagbag.py:538} INFO - Filling up the DagBag from /home/airflow/.local/lib/python3.8/site-packages/airflow/example_dags/example_skip_dag.py
[2024-03-26T08:54:46.387+0000] {processor.py:840} INFO - DAG(s) 'example_skip_dag' retrieved from /home/airflow/.local/lib/python3.8/site-packages/airflow/example_dags/example_skip_dag.py
[2024-03-26T08:54:46.404+0000] {logging_mixin.py:188} INFO - [2024-03-26T08:54:46.404+0000] {dag.py:3036} INFO - Sync 1 DAGs
[2024-03-26T08:54:46.426+0000] {logging_mixin.py:188} INFO - [2024-03-26T08:54:46.425+0000] {dag.py:3823} INFO - Setting next_dagrun for example_skip_dag to 2024-03-25 00:00:00+00:00, run_after=2024-03-26 00:00:00+00:00
[2024-03-26T08:54:46.443+0000] {processor.py:183} INFO - Processing /home/airflow/.local/lib/python3.8/site-packages/airflow/example_dags/example_skip_dag.py took 0.067 seconds
[2024-03-26T08:55:16.739+0000] {processor.py:161} INFO - Started process (PID=300) to work on /home/airflow/.local/lib/python3.8/site-packages/airflow/example_dags/example_skip_dag.py
[2024-03-26T08:55:16.740+0000] {processor.py:830} INFO - Processing file /home/airflow/.local/lib/python3.8/site-packages/airflow/example_dags/example_skip_dag.py for tasks to queue
[2024-03-26T08:55:16.742+0000] {logging_mixin.py:188} INFO - [2024-03-26T08:55:16.741+0000] {dagbag.py:538} INFO - Filling up the DagBag from /home/airflow/.local/lib/python3.8/site-packages/airflow/example_dags/example_skip_dag.py
[2024-03-26T08:55:16.747+0000] {processor.py:840} INFO - DAG(s) 'example_skip_dag' retrieved from /home/airflow/.local/lib/python3.8/site-packages/airflow/example_dags/example_skip_dag.py
[2024-03-26T08:55:16.766+0000] {logging_mixin.py:188} INFO - [2024-03-26T08:55:16.766+0000] {dag.py:3036} INFO - Sync 1 DAGs
[2024-03-26T08:55:16.785+0000] {logging_mixin.py:188} INFO - [2024-03-26T08:55:16.785+0000] {dag.py:3823} INFO - Setting next_dagrun for example_skip_dag to 2024-03-25 00:00:00+00:00, run_after=2024-03-26 00:00:00+00:00
[2024-03-26T08:55:16.804+0000] {processor.py:183} INFO - Processing /home/airflow/.local/lib/python3.8/site-packages/airflow/example_dags/example_skip_dag.py took 0.067 seconds
[2024-03-26T08:55:47.146+0000] {processor.py:161} INFO - Started process (PID=356) to work on /home/airflow/.local/lib/python3.8/site-packages/airflow/example_dags/example_skip_dag.py
[2024-03-26T08:55:47.147+0000] {processor.py:830} INFO - Processing file /home/airflow/.local/lib/python3.8/site-packages/airflow/example_dags/example_skip_dag.py for tasks to queue
[2024-03-26T08:55:47.149+0000] {logging_mixin.py:188} INFO - [2024-03-26T08:55:47.148+0000] {dagbag.py:538} INFO - Filling up the DagBag from /home/airflow/.local/lib/python3.8/site-packages/airflow/example_dags/example_skip_dag.py
[2024-03-26T08:55:47.153+0000] {processor.py:840} INFO - DAG(s) 'example_skip_dag' retrieved from /home/airflow/.local/lib/python3.8/site-packages/airflow/example_dags/example_skip_dag.py
[2024-03-26T08:55:47.169+0000] {logging_mixin.py:188} INFO - [2024-03-26T08:55:47.169+0000] {dag.py:3036} INFO - Sync 1 DAGs
[2024-03-26T08:55:47.187+0000] {logging_mixin.py:188} INFO - [2024-03-26T08:55:47.187+0000] {dag.py:3823} INFO - Setting next_dagrun for example_skip_dag to 2024-03-25 00:00:00+00:00, run_after=2024-03-26 00:00:00+00:00
[2024-03-26T08:55:47.205+0000] {processor.py:183} INFO - Processing /home/airflow/.local/lib/python3.8/site-packages/airflow/example_dags/example_skip_dag.py took 0.060 seconds
[2024-03-26T08:56:17.436+0000] {processor.py:161} INFO - Started process (PID=412) to work on /home/airflow/.local/lib/python3.8/site-packages/airflow/example_dags/example_skip_dag.py
[2024-03-26T08:56:17.436+0000] {processor.py:830} INFO - Processing file /home/airflow/.local/lib/python3.8/site-packages/airflow/example_dags/example_skip_dag.py for tasks to queue
[2024-03-26T08:56:17.438+0000] {logging_mixin.py:188} INFO - [2024-03-26T08:56:17.437+0000] {dagbag.py:538} INFO - Filling up the DagBag from /home/airflow/.local/lib/python3.8/site-packages/airflow/example_dags/example_skip_dag.py
[2024-03-26T08:56:17.443+0000] {processor.py:840} INFO - DAG(s) 'example_skip_dag' retrieved from /home/airflow/.local/lib/python3.8/site-packages/airflow/example_dags/example_skip_dag.py
[2024-03-26T08:56:17.458+0000] {logging_mixin.py:188} INFO - [2024-03-26T08:56:17.458+0000] {dag.py:3036} INFO - Sync 1 DAGs
[2024-03-26T08:56:17.476+0000] {logging_mixin.py:188} INFO - [2024-03-26T08:56:17.475+0000] {dag.py:3823} INFO - Setting next_dagrun for example_skip_dag to 2024-03-25 00:00:00+00:00, run_after=2024-03-26 00:00:00+00:00
[2024-03-26T08:56:17.492+0000] {processor.py:183} INFO - Processing /home/airflow/.local/lib/python3.8/site-packages/airflow/example_dags/example_skip_dag.py took 0.059 seconds
[2024-03-26T08:56:47.799+0000] {processor.py:161} INFO - Started process (PID=468) to work on /home/airflow/.local/lib/python3.8/site-packages/airflow/example_dags/example_skip_dag.py
[2024-03-26T08:56:47.800+0000] {processor.py:830} INFO - Processing file /home/airflow/.local/lib/python3.8/site-packages/airflow/example_dags/example_skip_dag.py for tasks to queue
[2024-03-26T08:56:47.801+0000] {logging_mixin.py:188} INFO - [2024-03-26T08:56:47.801+0000] {dagbag.py:538} INFO - Filling up the DagBag from /home/airflow/.local/lib/python3.8/site-packages/airflow/example_dags/example_skip_dag.py
[2024-03-26T08:56:47.806+0000] {processor.py:840} INFO - DAG(s) 'example_skip_dag' retrieved from /home/airflow/.local/lib/python3.8/site-packages/airflow/example_dags/example_skip_dag.py
[2024-03-26T08:56:47.822+0000] {logging_mixin.py:188} INFO - [2024-03-26T08:56:47.822+0000] {dag.py:3036} INFO - Sync 1 DAGs
[2024-03-26T08:56:47.839+0000] {logging_mixin.py:188} INFO - [2024-03-26T08:56:47.839+0000] {dag.py:3823} INFO - Setting next_dagrun for example_skip_dag to 2024-03-25 00:00:00+00:00, run_after=2024-03-26 00:00:00+00:00
[2024-03-26T08:56:47.854+0000] {processor.py:183} INFO - Processing /home/airflow/.local/lib/python3.8/site-packages/airflow/example_dags/example_skip_dag.py took 0.057 seconds
[2024-03-26T08:57:18.230+0000] {processor.py:161} INFO - Started process (PID=524) to work on /home/airflow/.local/lib/python3.8/site-packages/airflow/example_dags/example_skip_dag.py
[2024-03-26T08:57:18.231+0000] {processor.py:830} INFO - Processing file /home/airflow/.local/lib/python3.8/site-packages/airflow/example_dags/example_skip_dag.py for tasks to queue
[2024-03-26T08:57:18.232+0000] {logging_mixin.py:188} INFO - [2024-03-26T08:57:18.232+0000] {dagbag.py:538} INFO - Filling up the DagBag from /home/airflow/.local/lib/python3.8/site-packages/airflow/example_dags/example_skip_dag.py
[2024-03-26T08:57:18.238+0000] {processor.py:840} INFO - DAG(s) 'example_skip_dag' retrieved from /home/airflow/.local/lib/python3.8/site-packages/airflow/example_dags/example_skip_dag.py
[2024-03-26T08:57:18.255+0000] {logging_mixin.py:188} INFO - [2024-03-26T08:57:18.254+0000] {dag.py:3036} INFO - Sync 1 DAGs
[2024-03-26T08:57:18.273+0000] {logging_mixin.py:188} INFO - [2024-03-26T08:57:18.272+0000] {dag.py:3823} INFO - Setting next_dagrun for example_skip_dag to 2024-03-25 00:00:00+00:00, run_after=2024-03-26 00:00:00+00:00
[2024-03-26T08:57:18.289+0000] {processor.py:183} INFO - Processing /home/airflow/.local/lib/python3.8/site-packages/airflow/example_dags/example_skip_dag.py took 0.061 seconds
[2024-03-26T08:57:48.674+0000] {processor.py:161} INFO - Started process (PID=580) to work on /home/airflow/.local/lib/python3.8/site-packages/airflow/example_dags/example_skip_dag.py
[2024-03-26T08:57:48.675+0000] {processor.py:830} INFO - Processing file /home/airflow/.local/lib/python3.8/site-packages/airflow/example_dags/example_skip_dag.py for tasks to queue
[2024-03-26T08:57:48.677+0000] {logging_mixin.py:188} INFO - [2024-03-26T08:57:48.676+0000] {dagbag.py:538} INFO - Filling up the DagBag from /home/airflow/.local/lib/python3.8/site-packages/airflow/example_dags/example_skip_dag.py
[2024-03-26T08:57:48.682+0000] {processor.py:840} INFO - DAG(s) 'example_skip_dag' retrieved from /home/airflow/.local/lib/python3.8/site-packages/airflow/example_dags/example_skip_dag.py
[2024-03-26T08:57:48.698+0000] {logging_mixin.py:188} INFO - [2024-03-26T08:57:48.698+0000] {dag.py:3036} INFO - Sync 1 DAGs
[2024-03-26T08:57:48.719+0000] {logging_mixin.py:188} INFO - [2024-03-26T08:57:48.719+0000] {dag.py:3823} INFO - Setting next_dagrun for example_skip_dag to 2024-03-25 00:00:00+00:00, run_after=2024-03-26 00:00:00+00:00
[2024-03-26T08:57:48.738+0000] {processor.py:183} INFO - Processing /home/airflow/.local/lib/python3.8/site-packages/airflow/example_dags/example_skip_dag.py took 0.066 seconds
[2024-03-26T08:58:19.307+0000] {processor.py:161} INFO - Started process (PID=636) to work on /home/airflow/.local/lib/python3.8/site-packages/airflow/example_dags/example_skip_dag.py
[2024-03-26T08:58:19.308+0000] {processor.py:830} INFO - Processing file /home/airflow/.local/lib/python3.8/site-packages/airflow/example_dags/example_skip_dag.py for tasks to queue
[2024-03-26T08:58:19.310+0000] {logging_mixin.py:188} INFO - [2024-03-26T08:58:19.310+0000] {dagbag.py:538} INFO - Filling up the DagBag from /home/airflow/.local/lib/python3.8/site-packages/airflow/example_dags/example_skip_dag.py
[2024-03-26T08:58:19.315+0000] {processor.py:840} INFO - DAG(s) 'example_skip_dag' retrieved from /home/airflow/.local/lib/python3.8/site-packages/airflow/example_dags/example_skip_dag.py
[2024-03-26T08:58:19.332+0000] {logging_mixin.py:188} INFO - [2024-03-26T08:58:19.332+0000] {dag.py:3036} INFO - Sync 1 DAGs
[2024-03-26T08:58:19.350+0000] {logging_mixin.py:188} INFO - [2024-03-26T08:58:19.350+0000] {dag.py:3823} INFO - Setting next_dagrun for example_skip_dag to 2024-03-25 00:00:00+00:00, run_after=2024-03-26 00:00:00+00:00
[2024-03-26T08:58:19.368+0000] {processor.py:183} INFO - Processing /home/airflow/.local/lib/python3.8/site-packages/airflow/example_dags/example_skip_dag.py took 0.063 seconds
[2024-03-26T08:58:49.643+0000] {processor.py:161} INFO - Started process (PID=692) to work on /home/airflow/.local/lib/python3.8/site-packages/airflow/example_dags/example_skip_dag.py
[2024-03-26T08:58:49.644+0000] {processor.py:830} INFO - Processing file /home/airflow/.local/lib/python3.8/site-packages/airflow/example_dags/example_skip_dag.py for tasks to queue
[2024-03-26T08:58:49.646+0000] {logging_mixin.py:188} INFO - [2024-03-26T08:58:49.646+0000] {dagbag.py:538} INFO - Filling up the DagBag from /home/airflow/.local/lib/python3.8/site-packages/airflow/example_dags/example_skip_dag.py
[2024-03-26T08:58:49.651+0000] {processor.py:840} INFO - DAG(s) 'example_skip_dag' retrieved from /home/airflow/.local/lib/python3.8/site-packages/airflow/example_dags/example_skip_dag.py
[2024-03-26T08:58:49.667+0000] {logging_mixin.py:188} INFO - [2024-03-26T08:58:49.666+0000] {dag.py:3036} INFO - Sync 1 DAGs
[2024-03-26T08:58:49.684+0000] {logging_mixin.py:188} INFO - [2024-03-26T08:58:49.684+0000] {dag.py:3823} INFO - Setting next_dagrun for example_skip_dag to 2024-03-25 00:00:00+00:00, run_after=2024-03-26 00:00:00+00:00
[2024-03-26T08:58:49.705+0000] {processor.py:183} INFO - Processing /home/airflow/.local/lib/python3.8/site-packages/airflow/example_dags/example_skip_dag.py took 0.064 seconds
[2024-03-26T09:07:42.176+0000] {processor.py:161} INFO - Started process (PID=77) to work on /home/airflow/.local/lib/python3.8/site-packages/airflow/example_dags/example_skip_dag.py
[2024-03-26T09:07:42.177+0000] {processor.py:830} INFO - Processing file /home/airflow/.local/lib/python3.8/site-packages/airflow/example_dags/example_skip_dag.py for tasks to queue
[2024-03-26T09:07:42.179+0000] {logging_mixin.py:188} INFO - [2024-03-26T09:07:42.179+0000] {dagbag.py:538} INFO - Filling up the DagBag from /home/airflow/.local/lib/python3.8/site-packages/airflow/example_dags/example_skip_dag.py
[2024-03-26T09:07:42.186+0000] {processor.py:840} INFO - DAG(s) 'example_skip_dag' retrieved from /home/airflow/.local/lib/python3.8/site-packages/airflow/example_dags/example_skip_dag.py
[2024-03-26T09:07:42.197+0000] {logging_mixin.py:188} INFO - [2024-03-26T09:07:42.197+0000] {dag.py:3036} INFO - Sync 1 DAGs
[2024-03-26T09:07:42.218+0000] {logging_mixin.py:188} INFO - [2024-03-26T09:07:42.218+0000] {dag.py:3823} INFO - Setting next_dagrun for example_skip_dag to 2024-03-25 00:00:00+00:00, run_after=2024-03-26 00:00:00+00:00
[2024-03-26T09:07:42.235+0000] {processor.py:183} INFO - Processing /home/airflow/.local/lib/python3.8/site-packages/airflow/example_dags/example_skip_dag.py took 0.060 seconds
[2024-03-26T09:08:13.223+0000] {processor.py:161} INFO - Started process (PID=135) to work on /home/airflow/.local/lib/python3.8/site-packages/airflow/example_dags/example_skip_dag.py
[2024-03-26T09:08:13.224+0000] {processor.py:830} INFO - Processing file /home/airflow/.local/lib/python3.8/site-packages/airflow/example_dags/example_skip_dag.py for tasks to queue
[2024-03-26T09:08:13.225+0000] {logging_mixin.py:188} INFO - [2024-03-26T09:08:13.225+0000] {dagbag.py:538} INFO - Filling up the DagBag from /home/airflow/.local/lib/python3.8/site-packages/airflow/example_dags/example_skip_dag.py
[2024-03-26T09:08:13.230+0000] {processor.py:840} INFO - DAG(s) 'example_skip_dag' retrieved from /home/airflow/.local/lib/python3.8/site-packages/airflow/example_dags/example_skip_dag.py
[2024-03-26T09:08:13.338+0000] {logging_mixin.py:188} INFO - [2024-03-26T09:08:13.338+0000] {dag.py:3036} INFO - Sync 1 DAGs
[2024-03-26T09:08:13.357+0000] {logging_mixin.py:188} INFO - [2024-03-26T09:08:13.357+0000] {dag.py:3823} INFO - Setting next_dagrun for example_skip_dag to 2024-03-25 00:00:00+00:00, run_after=2024-03-26 00:00:00+00:00
[2024-03-26T09:08:13.374+0000] {processor.py:183} INFO - Processing /home/airflow/.local/lib/python3.8/site-packages/airflow/example_dags/example_skip_dag.py took 0.154 seconds
[2024-03-26T09:08:43.846+0000] {processor.py:161} INFO - Started process (PID=192) to work on /home/airflow/.local/lib/python3.8/site-packages/airflow/example_dags/example_skip_dag.py
[2024-03-26T09:08:43.847+0000] {processor.py:830} INFO - Processing file /home/airflow/.local/lib/python3.8/site-packages/airflow/example_dags/example_skip_dag.py for tasks to queue
[2024-03-26T09:08:43.848+0000] {logging_mixin.py:188} INFO - [2024-03-26T09:08:43.848+0000] {dagbag.py:538} INFO - Filling up the DagBag from /home/airflow/.local/lib/python3.8/site-packages/airflow/example_dags/example_skip_dag.py
[2024-03-26T09:08:43.854+0000] {processor.py:840} INFO - DAG(s) 'example_skip_dag' retrieved from /home/airflow/.local/lib/python3.8/site-packages/airflow/example_dags/example_skip_dag.py
[2024-03-26T09:08:43.874+0000] {logging_mixin.py:188} INFO - [2024-03-26T09:08:43.873+0000] {dag.py:3036} INFO - Sync 1 DAGs
[2024-03-26T09:08:43.898+0000] {logging_mixin.py:188} INFO - [2024-03-26T09:08:43.897+0000] {dag.py:3823} INFO - Setting next_dagrun for example_skip_dag to 2024-03-25 00:00:00+00:00, run_after=2024-03-26 00:00:00+00:00
[2024-03-26T09:08:43.928+0000] {processor.py:183} INFO - Processing /home/airflow/.local/lib/python3.8/site-packages/airflow/example_dags/example_skip_dag.py took 0.085 seconds
[2024-03-26T09:09:14.495+0000] {processor.py:161} INFO - Started process (PID=249) to work on /home/airflow/.local/lib/python3.8/site-packages/airflow/example_dags/example_skip_dag.py
[2024-03-26T09:09:14.496+0000] {processor.py:830} INFO - Processing file /home/airflow/.local/lib/python3.8/site-packages/airflow/example_dags/example_skip_dag.py for tasks to queue
[2024-03-26T09:09:14.497+0000] {logging_mixin.py:188} INFO - [2024-03-26T09:09:14.497+0000] {dagbag.py:538} INFO - Filling up the DagBag from /home/airflow/.local/lib/python3.8/site-packages/airflow/example_dags/example_skip_dag.py
[2024-03-26T09:09:14.503+0000] {processor.py:840} INFO - DAG(s) 'example_skip_dag' retrieved from /home/airflow/.local/lib/python3.8/site-packages/airflow/example_dags/example_skip_dag.py
[2024-03-26T09:09:14.522+0000] {logging_mixin.py:188} INFO - [2024-03-26T09:09:14.521+0000] {dag.py:3036} INFO - Sync 1 DAGs
[2024-03-26T09:09:14.542+0000] {logging_mixin.py:188} INFO - [2024-03-26T09:09:14.542+0000] {dag.py:3823} INFO - Setting next_dagrun for example_skip_dag to 2024-03-25 00:00:00+00:00, run_after=2024-03-26 00:00:00+00:00
[2024-03-26T09:09:14.559+0000] {processor.py:183} INFO - Processing /home/airflow/.local/lib/python3.8/site-packages/airflow/example_dags/example_skip_dag.py took 0.067 seconds
[2024-03-26T09:09:45.223+0000] {processor.py:161} INFO - Started process (PID=306) to work on /home/airflow/.local/lib/python3.8/site-packages/airflow/example_dags/example_skip_dag.py
[2024-03-26T09:09:45.224+0000] {processor.py:830} INFO - Processing file /home/airflow/.local/lib/python3.8/site-packages/airflow/example_dags/example_skip_dag.py for tasks to queue
[2024-03-26T09:09:45.226+0000] {logging_mixin.py:188} INFO - [2024-03-26T09:09:45.226+0000] {dagbag.py:538} INFO - Filling up the DagBag from /home/airflow/.local/lib/python3.8/site-packages/airflow/example_dags/example_skip_dag.py
[2024-03-26T09:09:45.231+0000] {processor.py:840} INFO - DAG(s) 'example_skip_dag' retrieved from /home/airflow/.local/lib/python3.8/site-packages/airflow/example_dags/example_skip_dag.py
[2024-03-26T09:09:45.247+0000] {logging_mixin.py:188} INFO - [2024-03-26T09:09:45.247+0000] {dag.py:3036} INFO - Sync 1 DAGs
[2024-03-26T09:09:45.266+0000] {logging_mixin.py:188} INFO - [2024-03-26T09:09:45.265+0000] {dag.py:3823} INFO - Setting next_dagrun for example_skip_dag to 2024-03-25 00:00:00+00:00, run_after=2024-03-26 00:00:00+00:00
[2024-03-26T09:09:45.281+0000] {processor.py:183} INFO - Processing /home/airflow/.local/lib/python3.8/site-packages/airflow/example_dags/example_skip_dag.py took 0.060 seconds
[2024-03-26T09:10:15.955+0000] {processor.py:161} INFO - Started process (PID=363) to work on /home/airflow/.local/lib/python3.8/site-packages/airflow/example_dags/example_skip_dag.py
[2024-03-26T09:10:15.956+0000] {processor.py:830} INFO - Processing file /home/airflow/.local/lib/python3.8/site-packages/airflow/example_dags/example_skip_dag.py for tasks to queue
[2024-03-26T09:10:15.958+0000] {logging_mixin.py:188} INFO - [2024-03-26T09:10:15.957+0000] {dagbag.py:538} INFO - Filling up the DagBag from /home/airflow/.local/lib/python3.8/site-packages/airflow/example_dags/example_skip_dag.py
[2024-03-26T09:10:15.963+0000] {processor.py:840} INFO - DAG(s) 'example_skip_dag' retrieved from /home/airflow/.local/lib/python3.8/site-packages/airflow/example_dags/example_skip_dag.py
[2024-03-26T09:10:15.981+0000] {logging_mixin.py:188} INFO - [2024-03-26T09:10:15.981+0000] {dag.py:3036} INFO - Sync 1 DAGs
[2024-03-26T09:10:16.003+0000] {logging_mixin.py:188} INFO - [2024-03-26T09:10:16.003+0000] {dag.py:3823} INFO - Setting next_dagrun for example_skip_dag to 2024-03-25 00:00:00+00:00, run_after=2024-03-26 00:00:00+00:00
[2024-03-26T09:10:16.022+0000] {processor.py:183} INFO - Processing /home/airflow/.local/lib/python3.8/site-packages/airflow/example_dags/example_skip_dag.py took 0.069 seconds
[2024-03-26T09:50:58.390+0000] {processor.py:161} INFO - Started process (PID=77) to work on /home/airflow/.local/lib/python3.8/site-packages/airflow/example_dags/example_skip_dag.py
[2024-03-26T09:50:58.391+0000] {processor.py:830} INFO - Processing file /home/airflow/.local/lib/python3.8/site-packages/airflow/example_dags/example_skip_dag.py for tasks to queue
[2024-03-26T09:50:58.393+0000] {logging_mixin.py:188} INFO - [2024-03-26T09:50:58.393+0000] {dagbag.py:538} INFO - Filling up the DagBag from /home/airflow/.local/lib/python3.8/site-packages/airflow/example_dags/example_skip_dag.py
[2024-03-26T09:50:58.400+0000] {processor.py:840} INFO - DAG(s) 'example_skip_dag' retrieved from /home/airflow/.local/lib/python3.8/site-packages/airflow/example_dags/example_skip_dag.py
[2024-03-26T09:50:58.410+0000] {logging_mixin.py:188} INFO - [2024-03-26T09:50:58.409+0000] {dag.py:3036} INFO - Sync 1 DAGs
[2024-03-26T09:50:58.431+0000] {logging_mixin.py:188} INFO - [2024-03-26T09:50:58.430+0000] {dag.py:3823} INFO - Setting next_dagrun for example_skip_dag to 2024-03-25 00:00:00+00:00, run_after=2024-03-26 00:00:00+00:00
[2024-03-26T09:50:58.448+0000] {processor.py:183} INFO - Processing /home/airflow/.local/lib/python3.8/site-packages/airflow/example_dags/example_skip_dag.py took 0.060 seconds
[2024-03-26T09:51:29.278+0000] {processor.py:161} INFO - Started process (PID=134) to work on /home/airflow/.local/lib/python3.8/site-packages/airflow/example_dags/example_skip_dag.py
[2024-03-26T09:51:29.279+0000] {processor.py:830} INFO - Processing file /home/airflow/.local/lib/python3.8/site-packages/airflow/example_dags/example_skip_dag.py for tasks to queue
[2024-03-26T09:51:29.281+0000] {logging_mixin.py:188} INFO - [2024-03-26T09:51:29.280+0000] {dagbag.py:538} INFO - Filling up the DagBag from /home/airflow/.local/lib/python3.8/site-packages/airflow/example_dags/example_skip_dag.py
[2024-03-26T09:51:29.286+0000] {processor.py:840} INFO - DAG(s) 'example_skip_dag' retrieved from /home/airflow/.local/lib/python3.8/site-packages/airflow/example_dags/example_skip_dag.py
[2024-03-26T09:51:29.371+0000] {logging_mixin.py:188} INFO - [2024-03-26T09:51:29.371+0000] {dag.py:3036} INFO - Sync 1 DAGs
[2024-03-26T09:51:29.388+0000] {logging_mixin.py:188} INFO - [2024-03-26T09:51:29.387+0000] {dag.py:3823} INFO - Setting next_dagrun for example_skip_dag to 2024-03-25 00:00:00+00:00, run_after=2024-03-26 00:00:00+00:00
[2024-03-26T09:51:29.403+0000] {processor.py:183} INFO - Processing /home/airflow/.local/lib/python3.8/site-packages/airflow/example_dags/example_skip_dag.py took 0.127 seconds
[2024-03-26T09:51:59.497+0000] {processor.py:161} INFO - Started process (PID=191) to work on /home/airflow/.local/lib/python3.8/site-packages/airflow/example_dags/example_skip_dag.py
[2024-03-26T09:51:59.498+0000] {processor.py:830} INFO - Processing file /home/airflow/.local/lib/python3.8/site-packages/airflow/example_dags/example_skip_dag.py for tasks to queue
[2024-03-26T09:51:59.500+0000] {logging_mixin.py:188} INFO - [2024-03-26T09:51:59.499+0000] {dagbag.py:538} INFO - Filling up the DagBag from /home/airflow/.local/lib/python3.8/site-packages/airflow/example_dags/example_skip_dag.py
[2024-03-26T09:51:59.505+0000] {processor.py:840} INFO - DAG(s) 'example_skip_dag' retrieved from /home/airflow/.local/lib/python3.8/site-packages/airflow/example_dags/example_skip_dag.py
[2024-03-26T09:51:59.520+0000] {logging_mixin.py:188} INFO - [2024-03-26T09:51:59.520+0000] {dag.py:3036} INFO - Sync 1 DAGs
[2024-03-26T09:51:59.539+0000] {logging_mixin.py:188} INFO - [2024-03-26T09:51:59.539+0000] {dag.py:3823} INFO - Setting next_dagrun for example_skip_dag to 2024-03-25 00:00:00+00:00, run_after=2024-03-26 00:00:00+00:00
[2024-03-26T09:51:59.556+0000] {processor.py:183} INFO - Processing /home/airflow/.local/lib/python3.8/site-packages/airflow/example_dags/example_skip_dag.py took 0.061 seconds
[2024-03-26T09:52:30.248+0000] {processor.py:161} INFO - Started process (PID=248) to work on /home/airflow/.local/lib/python3.8/site-packages/airflow/example_dags/example_skip_dag.py
[2024-03-26T09:52:30.249+0000] {processor.py:830} INFO - Processing file /home/airflow/.local/lib/python3.8/site-packages/airflow/example_dags/example_skip_dag.py for tasks to queue
[2024-03-26T09:52:30.250+0000] {logging_mixin.py:188} INFO - [2024-03-26T09:52:30.250+0000] {dagbag.py:538} INFO - Filling up the DagBag from /home/airflow/.local/lib/python3.8/site-packages/airflow/example_dags/example_skip_dag.py
[2024-03-26T09:52:30.256+0000] {processor.py:840} INFO - DAG(s) 'example_skip_dag' retrieved from /home/airflow/.local/lib/python3.8/site-packages/airflow/example_dags/example_skip_dag.py
[2024-03-26T09:52:30.272+0000] {logging_mixin.py:188} INFO - [2024-03-26T09:52:30.272+0000] {dag.py:3036} INFO - Sync 1 DAGs
[2024-03-26T09:52:30.290+0000] {logging_mixin.py:188} INFO - [2024-03-26T09:52:30.290+0000] {dag.py:3823} INFO - Setting next_dagrun for example_skip_dag to 2024-03-25 00:00:00+00:00, run_after=2024-03-26 00:00:00+00:00
[2024-03-26T09:52:30.305+0000] {processor.py:183} INFO - Processing /home/airflow/.local/lib/python3.8/site-packages/airflow/example_dags/example_skip_dag.py took 0.060 seconds
[2024-03-26T09:53:01.076+0000] {processor.py:161} INFO - Started process (PID=305) to work on /home/airflow/.local/lib/python3.8/site-packages/airflow/example_dags/example_skip_dag.py
[2024-03-26T09:53:01.076+0000] {processor.py:830} INFO - Processing file /home/airflow/.local/lib/python3.8/site-packages/airflow/example_dags/example_skip_dag.py for tasks to queue
[2024-03-26T09:53:01.078+0000] {logging_mixin.py:188} INFO - [2024-03-26T09:53:01.078+0000] {dagbag.py:538} INFO - Filling up the DagBag from /home/airflow/.local/lib/python3.8/site-packages/airflow/example_dags/example_skip_dag.py
[2024-03-26T09:53:01.083+0000] {processor.py:840} INFO - DAG(s) 'example_skip_dag' retrieved from /home/airflow/.local/lib/python3.8/site-packages/airflow/example_dags/example_skip_dag.py
[2024-03-26T09:53:01.098+0000] {logging_mixin.py:188} INFO - [2024-03-26T09:53:01.098+0000] {dag.py:3036} INFO - Sync 1 DAGs
[2024-03-26T09:53:01.120+0000] {logging_mixin.py:188} INFO - [2024-03-26T09:53:01.120+0000] {dag.py:3823} INFO - Setting next_dagrun for example_skip_dag to 2024-03-25 00:00:00+00:00, run_after=2024-03-26 00:00:00+00:00
[2024-03-26T09:53:01.136+0000] {processor.py:183} INFO - Processing /home/airflow/.local/lib/python3.8/site-packages/airflow/example_dags/example_skip_dag.py took 0.063 seconds
[2024-03-26T09:53:31.522+0000] {processor.py:161} INFO - Started process (PID=362) to work on /home/airflow/.local/lib/python3.8/site-packages/airflow/example_dags/example_skip_dag.py
[2024-03-26T09:53:31.523+0000] {processor.py:830} INFO - Processing file /home/airflow/.local/lib/python3.8/site-packages/airflow/example_dags/example_skip_dag.py for tasks to queue
[2024-03-26T09:53:31.524+0000] {logging_mixin.py:188} INFO - [2024-03-26T09:53:31.524+0000] {dagbag.py:538} INFO - Filling up the DagBag from /home/airflow/.local/lib/python3.8/site-packages/airflow/example_dags/example_skip_dag.py
[2024-03-26T09:53:31.529+0000] {processor.py:840} INFO - DAG(s) 'example_skip_dag' retrieved from /home/airflow/.local/lib/python3.8/site-packages/airflow/example_dags/example_skip_dag.py
[2024-03-26T09:53:31.546+0000] {logging_mixin.py:188} INFO - [2024-03-26T09:53:31.546+0000] {dag.py:3036} INFO - Sync 1 DAGs
[2024-03-26T09:53:31.565+0000] {logging_mixin.py:188} INFO - [2024-03-26T09:53:31.565+0000] {dag.py:3823} INFO - Setting next_dagrun for example_skip_dag to 2024-03-25 00:00:00+00:00, run_after=2024-03-26 00:00:00+00:00
[2024-03-26T09:53:31.581+0000] {processor.py:183} INFO - Processing /home/airflow/.local/lib/python3.8/site-packages/airflow/example_dags/example_skip_dag.py took 0.062 seconds
[2024-03-26T09:54:02.584+0000] {processor.py:161} INFO - Started process (PID=419) to work on /home/airflow/.local/lib/python3.8/site-packages/airflow/example_dags/example_skip_dag.py
[2024-03-26T09:54:02.584+0000] {processor.py:830} INFO - Processing file /home/airflow/.local/lib/python3.8/site-packages/airflow/example_dags/example_skip_dag.py for tasks to queue
[2024-03-26T09:54:02.586+0000] {logging_mixin.py:188} INFO - [2024-03-26T09:54:02.586+0000] {dagbag.py:538} INFO - Filling up the DagBag from /home/airflow/.local/lib/python3.8/site-packages/airflow/example_dags/example_skip_dag.py
[2024-03-26T09:54:02.591+0000] {processor.py:840} INFO - DAG(s) 'example_skip_dag' retrieved from /home/airflow/.local/lib/python3.8/site-packages/airflow/example_dags/example_skip_dag.py
[2024-03-26T09:54:02.607+0000] {logging_mixin.py:188} INFO - [2024-03-26T09:54:02.606+0000] {dag.py:3036} INFO - Sync 1 DAGs
[2024-03-26T09:54:02.625+0000] {logging_mixin.py:188} INFO - [2024-03-26T09:54:02.624+0000] {dag.py:3823} INFO - Setting next_dagrun for example_skip_dag to 2024-03-25 00:00:00+00:00, run_after=2024-03-26 00:00:00+00:00
[2024-03-26T09:54:02.642+0000] {processor.py:183} INFO - Processing /home/airflow/.local/lib/python3.8/site-packages/airflow/example_dags/example_skip_dag.py took 0.061 seconds
[2024-03-26T09:54:33.214+0000] {processor.py:161} INFO - Started process (PID=476) to work on /home/airflow/.local/lib/python3.8/site-packages/airflow/example_dags/example_skip_dag.py
[2024-03-26T09:54:33.214+0000] {processor.py:830} INFO - Processing file /home/airflow/.local/lib/python3.8/site-packages/airflow/example_dags/example_skip_dag.py for tasks to queue
[2024-03-26T09:54:33.216+0000] {logging_mixin.py:188} INFO - [2024-03-26T09:54:33.216+0000] {dagbag.py:538} INFO - Filling up the DagBag from /home/airflow/.local/lib/python3.8/site-packages/airflow/example_dags/example_skip_dag.py
[2024-03-26T09:54:33.222+0000] {processor.py:840} INFO - DAG(s) 'example_skip_dag' retrieved from /home/airflow/.local/lib/python3.8/site-packages/airflow/example_dags/example_skip_dag.py
[2024-03-26T09:54:33.240+0000] {logging_mixin.py:188} INFO - [2024-03-26T09:54:33.240+0000] {dag.py:3036} INFO - Sync 1 DAGs
[2024-03-26T09:54:33.263+0000] {logging_mixin.py:188} INFO - [2024-03-26T09:54:33.263+0000] {dag.py:3823} INFO - Setting next_dagrun for example_skip_dag to 2024-03-25 00:00:00+00:00, run_after=2024-03-26 00:00:00+00:00
[2024-03-26T09:54:33.285+0000] {processor.py:183} INFO - Processing /home/airflow/.local/lib/python3.8/site-packages/airflow/example_dags/example_skip_dag.py took 0.074 seconds
[2024-03-26T09:55:03.781+0000] {processor.py:161} INFO - Started process (PID=533) to work on /home/airflow/.local/lib/python3.8/site-packages/airflow/example_dags/example_skip_dag.py
[2024-03-26T09:55:03.782+0000] {processor.py:830} INFO - Processing file /home/airflow/.local/lib/python3.8/site-packages/airflow/example_dags/example_skip_dag.py for tasks to queue
[2024-03-26T09:55:03.784+0000] {logging_mixin.py:188} INFO - [2024-03-26T09:55:03.783+0000] {dagbag.py:538} INFO - Filling up the DagBag from /home/airflow/.local/lib/python3.8/site-packages/airflow/example_dags/example_skip_dag.py
[2024-03-26T09:55:03.790+0000] {processor.py:840} INFO - DAG(s) 'example_skip_dag' retrieved from /home/airflow/.local/lib/python3.8/site-packages/airflow/example_dags/example_skip_dag.py
[2024-03-26T09:55:03.807+0000] {logging_mixin.py:188} INFO - [2024-03-26T09:55:03.807+0000] {dag.py:3036} INFO - Sync 1 DAGs
[2024-03-26T09:55:03.825+0000] {logging_mixin.py:188} INFO - [2024-03-26T09:55:03.825+0000] {dag.py:3823} INFO - Setting next_dagrun for example_skip_dag to 2024-03-25 00:00:00+00:00, run_after=2024-03-26 00:00:00+00:00
[2024-03-26T09:55:03.841+0000] {processor.py:183} INFO - Processing /home/airflow/.local/lib/python3.8/site-packages/airflow/example_dags/example_skip_dag.py took 0.063 seconds
[2024-03-26T09:55:34.468+0000] {processor.py:161} INFO - Started process (PID=590) to work on /home/airflow/.local/lib/python3.8/site-packages/airflow/example_dags/example_skip_dag.py
[2024-03-26T09:55:34.469+0000] {processor.py:830} INFO - Processing file /home/airflow/.local/lib/python3.8/site-packages/airflow/example_dags/example_skip_dag.py for tasks to queue
[2024-03-26T09:55:34.470+0000] {logging_mixin.py:188} INFO - [2024-03-26T09:55:34.470+0000] {dagbag.py:538} INFO - Filling up the DagBag from /home/airflow/.local/lib/python3.8/site-packages/airflow/example_dags/example_skip_dag.py
[2024-03-26T09:55:34.475+0000] {processor.py:840} INFO - DAG(s) 'example_skip_dag' retrieved from /home/airflow/.local/lib/python3.8/site-packages/airflow/example_dags/example_skip_dag.py
[2024-03-26T09:55:34.494+0000] {logging_mixin.py:188} INFO - [2024-03-26T09:55:34.494+0000] {dag.py:3036} INFO - Sync 1 DAGs
[2024-03-26T09:55:34.512+0000] {logging_mixin.py:188} INFO - [2024-03-26T09:55:34.511+0000] {dag.py:3823} INFO - Setting next_dagrun for example_skip_dag to 2024-03-25 00:00:00+00:00, run_after=2024-03-26 00:00:00+00:00
[2024-03-26T09:55:34.526+0000] {processor.py:183} INFO - Processing /home/airflow/.local/lib/python3.8/site-packages/airflow/example_dags/example_skip_dag.py took 0.061 seconds
[2024-03-26T09:56:05.104+0000] {processor.py:161} INFO - Started process (PID=647) to work on /home/airflow/.local/lib/python3.8/site-packages/airflow/example_dags/example_skip_dag.py
[2024-03-26T09:56:05.105+0000] {processor.py:830} INFO - Processing file /home/airflow/.local/lib/python3.8/site-packages/airflow/example_dags/example_skip_dag.py for tasks to queue
[2024-03-26T09:56:05.107+0000] {logging_mixin.py:188} INFO - [2024-03-26T09:56:05.107+0000] {dagbag.py:538} INFO - Filling up the DagBag from /home/airflow/.local/lib/python3.8/site-packages/airflow/example_dags/example_skip_dag.py
[2024-03-26T09:56:05.113+0000] {processor.py:840} INFO - DAG(s) 'example_skip_dag' retrieved from /home/airflow/.local/lib/python3.8/site-packages/airflow/example_dags/example_skip_dag.py
[2024-03-26T09:56:05.138+0000] {logging_mixin.py:188} INFO - [2024-03-26T09:56:05.138+0000] {dag.py:3036} INFO - Sync 1 DAGs
[2024-03-26T09:56:05.166+0000] {logging_mixin.py:188} INFO - [2024-03-26T09:56:05.165+0000] {dag.py:3823} INFO - Setting next_dagrun for example_skip_dag to 2024-03-25 00:00:00+00:00, run_after=2024-03-26 00:00:00+00:00
[2024-03-26T09:56:05.190+0000] {processor.py:183} INFO - Processing /home/airflow/.local/lib/python3.8/site-packages/airflow/example_dags/example_skip_dag.py took 0.090 seconds
[2024-03-26T09:57:48.032+0000] {processor.py:161} INFO - Started process (PID=77) to work on /home/airflow/.local/lib/python3.8/site-packages/airflow/example_dags/example_skip_dag.py
[2024-03-26T09:57:48.033+0000] {processor.py:830} INFO - Processing file /home/airflow/.local/lib/python3.8/site-packages/airflow/example_dags/example_skip_dag.py for tasks to queue
[2024-03-26T09:57:48.034+0000] {logging_mixin.py:188} INFO - [2024-03-26T09:57:48.034+0000] {dagbag.py:538} INFO - Filling up the DagBag from /home/airflow/.local/lib/python3.8/site-packages/airflow/example_dags/example_skip_dag.py
[2024-03-26T09:57:48.041+0000] {processor.py:840} INFO - DAG(s) 'example_skip_dag' retrieved from /home/airflow/.local/lib/python3.8/site-packages/airflow/example_dags/example_skip_dag.py
[2024-03-26T09:57:48.050+0000] {logging_mixin.py:188} INFO - [2024-03-26T09:57:48.049+0000] {dag.py:3036} INFO - Sync 1 DAGs
[2024-03-26T09:57:48.067+0000] {logging_mixin.py:188} INFO - [2024-03-26T09:57:48.067+0000] {dag.py:3823} INFO - Setting next_dagrun for example_skip_dag to 2024-03-25 00:00:00+00:00, run_after=2024-03-26 00:00:00+00:00
[2024-03-26T09:57:48.084+0000] {processor.py:183} INFO - Processing /home/airflow/.local/lib/python3.8/site-packages/airflow/example_dags/example_skip_dag.py took 0.054 seconds
[2024-03-26T09:58:19.118+0000] {processor.py:161} INFO - Started process (PID=134) to work on /home/airflow/.local/lib/python3.8/site-packages/airflow/example_dags/example_skip_dag.py
[2024-03-26T09:58:19.119+0000] {processor.py:830} INFO - Processing file /home/airflow/.local/lib/python3.8/site-packages/airflow/example_dags/example_skip_dag.py for tasks to queue
[2024-03-26T09:58:19.121+0000] {logging_mixin.py:188} INFO - [2024-03-26T09:58:19.120+0000] {dagbag.py:538} INFO - Filling up the DagBag from /home/airflow/.local/lib/python3.8/site-packages/airflow/example_dags/example_skip_dag.py
[2024-03-26T09:58:19.127+0000] {processor.py:840} INFO - DAG(s) 'example_skip_dag' retrieved from /home/airflow/.local/lib/python3.8/site-packages/airflow/example_dags/example_skip_dag.py
[2024-03-26T09:58:19.228+0000] {logging_mixin.py:188} INFO - [2024-03-26T09:58:19.228+0000] {dag.py:3036} INFO - Sync 1 DAGs
[2024-03-26T09:58:19.251+0000] {logging_mixin.py:188} INFO - [2024-03-26T09:58:19.251+0000] {dag.py:3823} INFO - Setting next_dagrun for example_skip_dag to 2024-03-25 00:00:00+00:00, run_after=2024-03-26 00:00:00+00:00
[2024-03-26T09:58:19.277+0000] {processor.py:183} INFO - Processing /home/airflow/.local/lib/python3.8/site-packages/airflow/example_dags/example_skip_dag.py took 0.162 seconds
[2024-03-26T09:58:49.577+0000] {processor.py:161} INFO - Started process (PID=191) to work on /home/airflow/.local/lib/python3.8/site-packages/airflow/example_dags/example_skip_dag.py
[2024-03-26T09:58:49.578+0000] {processor.py:830} INFO - Processing file /home/airflow/.local/lib/python3.8/site-packages/airflow/example_dags/example_skip_dag.py for tasks to queue
[2024-03-26T09:58:49.580+0000] {logging_mixin.py:188} INFO - [2024-03-26T09:58:49.579+0000] {dagbag.py:538} INFO - Filling up the DagBag from /home/airflow/.local/lib/python3.8/site-packages/airflow/example_dags/example_skip_dag.py
[2024-03-26T09:58:49.585+0000] {processor.py:840} INFO - DAG(s) 'example_skip_dag' retrieved from /home/airflow/.local/lib/python3.8/site-packages/airflow/example_dags/example_skip_dag.py
[2024-03-26T09:58:49.606+0000] {logging_mixin.py:188} INFO - [2024-03-26T09:58:49.606+0000] {dag.py:3036} INFO - Sync 1 DAGs
[2024-03-26T09:58:49.626+0000] {logging_mixin.py:188} INFO - [2024-03-26T09:58:49.626+0000] {dag.py:3823} INFO - Setting next_dagrun for example_skip_dag to 2024-03-25 00:00:00+00:00, run_after=2024-03-26 00:00:00+00:00
[2024-03-26T09:58:49.644+0000] {processor.py:183} INFO - Processing /home/airflow/.local/lib/python3.8/site-packages/airflow/example_dags/example_skip_dag.py took 0.070 seconds
[2024-03-26T10:11:04.213+0000] {processor.py:161} INFO - Started process (PID=76) to work on /home/airflow/.local/lib/python3.8/site-packages/airflow/example_dags/example_skip_dag.py
[2024-03-26T10:11:04.215+0000] {processor.py:830} INFO - Processing file /home/airflow/.local/lib/python3.8/site-packages/airflow/example_dags/example_skip_dag.py for tasks to queue
[2024-03-26T10:11:04.217+0000] {logging_mixin.py:188} INFO - [2024-03-26T10:11:04.217+0000] {dagbag.py:538} INFO - Filling up the DagBag from /home/airflow/.local/lib/python3.8/site-packages/airflow/example_dags/example_skip_dag.py
[2024-03-26T10:11:04.228+0000] {processor.py:840} INFO - DAG(s) 'example_skip_dag' retrieved from /home/airflow/.local/lib/python3.8/site-packages/airflow/example_dags/example_skip_dag.py
[2024-03-26T10:11:04.241+0000] {logging_mixin.py:188} INFO - [2024-03-26T10:11:04.240+0000] {dag.py:3036} INFO - Sync 1 DAGs
[2024-03-26T10:11:04.265+0000] {logging_mixin.py:188} INFO - [2024-03-26T10:11:04.264+0000] {dag.py:3823} INFO - Setting next_dagrun for example_skip_dag to 2024-03-25 00:00:00+00:00, run_after=2024-03-26 00:00:00+00:00
[2024-03-26T10:11:04.284+0000] {processor.py:183} INFO - Processing /home/airflow/.local/lib/python3.8/site-packages/airflow/example_dags/example_skip_dag.py took 0.076 seconds
[2024-03-26T10:11:36.181+0000] {processor.py:161} INFO - Started process (PID=132) to work on /home/airflow/.local/lib/python3.8/site-packages/airflow/example_dags/example_skip_dag.py
[2024-03-26T10:11:36.183+0000] {processor.py:830} INFO - Processing file /home/airflow/.local/lib/python3.8/site-packages/airflow/example_dags/example_skip_dag.py for tasks to queue
[2024-03-26T10:11:36.185+0000] {logging_mixin.py:188} INFO - [2024-03-26T10:11:36.184+0000] {dagbag.py:538} INFO - Filling up the DagBag from /home/airflow/.local/lib/python3.8/site-packages/airflow/example_dags/example_skip_dag.py
[2024-03-26T10:11:36.190+0000] {processor.py:840} INFO - DAG(s) 'example_skip_dag' retrieved from /home/airflow/.local/lib/python3.8/site-packages/airflow/example_dags/example_skip_dag.py
[2024-03-26T10:11:36.284+0000] {logging_mixin.py:188} INFO - [2024-03-26T10:11:36.283+0000] {dag.py:3036} INFO - Sync 1 DAGs
[2024-03-26T10:11:36.305+0000] {logging_mixin.py:188} INFO - [2024-03-26T10:11:36.305+0000] {dag.py:3823} INFO - Setting next_dagrun for example_skip_dag to 2024-03-25 00:00:00+00:00, run_after=2024-03-26 00:00:00+00:00
[2024-03-26T10:11:36.325+0000] {processor.py:183} INFO - Processing /home/airflow/.local/lib/python3.8/site-packages/airflow/example_dags/example_skip_dag.py took 0.147 seconds
[2024-03-26T10:12:50.325+0000] {processor.py:161} INFO - Started process (PID=77) to work on /home/airflow/.local/lib/python3.8/site-packages/airflow/example_dags/example_skip_dag.py
[2024-03-26T10:12:50.326+0000] {processor.py:830} INFO - Processing file /home/airflow/.local/lib/python3.8/site-packages/airflow/example_dags/example_skip_dag.py for tasks to queue
[2024-03-26T10:12:50.329+0000] {logging_mixin.py:188} INFO - [2024-03-26T10:12:50.328+0000] {dagbag.py:538} INFO - Filling up the DagBag from /home/airflow/.local/lib/python3.8/site-packages/airflow/example_dags/example_skip_dag.py
[2024-03-26T10:12:50.337+0000] {processor.py:840} INFO - DAG(s) 'example_skip_dag' retrieved from /home/airflow/.local/lib/python3.8/site-packages/airflow/example_dags/example_skip_dag.py
[2024-03-26T10:12:50.350+0000] {logging_mixin.py:188} INFO - [2024-03-26T10:12:50.350+0000] {dag.py:3036} INFO - Sync 1 DAGs
[2024-03-26T10:12:50.377+0000] {logging_mixin.py:188} INFO - [2024-03-26T10:12:50.377+0000] {dag.py:3823} INFO - Setting next_dagrun for example_skip_dag to 2024-03-25 00:00:00+00:00, run_after=2024-03-26 00:00:00+00:00
[2024-03-26T10:12:50.401+0000] {processor.py:183} INFO - Processing /home/airflow/.local/lib/python3.8/site-packages/airflow/example_dags/example_skip_dag.py took 0.078 seconds
[2024-03-26T10:13:21.366+0000] {processor.py:161} INFO - Started process (PID=134) to work on /home/airflow/.local/lib/python3.8/site-packages/airflow/example_dags/example_skip_dag.py
[2024-03-26T10:13:21.367+0000] {processor.py:830} INFO - Processing file /home/airflow/.local/lib/python3.8/site-packages/airflow/example_dags/example_skip_dag.py for tasks to queue
[2024-03-26T10:13:21.368+0000] {logging_mixin.py:188} INFO - [2024-03-26T10:13:21.368+0000] {dagbag.py:538} INFO - Filling up the DagBag from /home/airflow/.local/lib/python3.8/site-packages/airflow/example_dags/example_skip_dag.py
[2024-03-26T10:13:21.373+0000] {processor.py:840} INFO - DAG(s) 'example_skip_dag' retrieved from /home/airflow/.local/lib/python3.8/site-packages/airflow/example_dags/example_skip_dag.py
[2024-03-26T10:13:21.457+0000] {logging_mixin.py:188} INFO - [2024-03-26T10:13:21.456+0000] {dag.py:3036} INFO - Sync 1 DAGs
[2024-03-26T10:13:21.473+0000] {logging_mixin.py:188} INFO - [2024-03-26T10:13:21.473+0000] {dag.py:3823} INFO - Setting next_dagrun for example_skip_dag to 2024-03-25 00:00:00+00:00, run_after=2024-03-26 00:00:00+00:00
[2024-03-26T10:13:21.489+0000] {processor.py:183} INFO - Processing /home/airflow/.local/lib/python3.8/site-packages/airflow/example_dags/example_skip_dag.py took 0.128 seconds
[2024-03-26T10:13:51.607+0000] {processor.py:161} INFO - Started process (PID=191) to work on /home/airflow/.local/lib/python3.8/site-packages/airflow/example_dags/example_skip_dag.py
[2024-03-26T10:13:51.608+0000] {processor.py:830} INFO - Processing file /home/airflow/.local/lib/python3.8/site-packages/airflow/example_dags/example_skip_dag.py for tasks to queue
[2024-03-26T10:13:51.610+0000] {logging_mixin.py:188} INFO - [2024-03-26T10:13:51.610+0000] {dagbag.py:538} INFO - Filling up the DagBag from /home/airflow/.local/lib/python3.8/site-packages/airflow/example_dags/example_skip_dag.py
[2024-03-26T10:13:51.616+0000] {processor.py:840} INFO - DAG(s) 'example_skip_dag' retrieved from /home/airflow/.local/lib/python3.8/site-packages/airflow/example_dags/example_skip_dag.py
[2024-03-26T10:13:51.639+0000] {logging_mixin.py:188} INFO - [2024-03-26T10:13:51.638+0000] {dag.py:3036} INFO - Sync 1 DAGs
[2024-03-26T10:13:51.662+0000] {logging_mixin.py:188} INFO - [2024-03-26T10:13:51.662+0000] {dag.py:3823} INFO - Setting next_dagrun for example_skip_dag to 2024-03-25 00:00:00+00:00, run_after=2024-03-26 00:00:00+00:00
[2024-03-26T10:13:51.684+0000] {processor.py:183} INFO - Processing /home/airflow/.local/lib/python3.8/site-packages/airflow/example_dags/example_skip_dag.py took 0.081 seconds
[2024-03-26T10:14:21.985+0000] {processor.py:161} INFO - Started process (PID=248) to work on /home/airflow/.local/lib/python3.8/site-packages/airflow/example_dags/example_skip_dag.py
[2024-03-26T10:14:21.986+0000] {processor.py:830} INFO - Processing file /home/airflow/.local/lib/python3.8/site-packages/airflow/example_dags/example_skip_dag.py for tasks to queue
[2024-03-26T10:14:21.988+0000] {logging_mixin.py:188} INFO - [2024-03-26T10:14:21.988+0000] {dagbag.py:538} INFO - Filling up the DagBag from /home/airflow/.local/lib/python3.8/site-packages/airflow/example_dags/example_skip_dag.py
[2024-03-26T10:14:21.993+0000] {processor.py:840} INFO - DAG(s) 'example_skip_dag' retrieved from /home/airflow/.local/lib/python3.8/site-packages/airflow/example_dags/example_skip_dag.py
[2024-03-26T10:14:22.010+0000] {logging_mixin.py:188} INFO - [2024-03-26T10:14:22.009+0000] {dag.py:3036} INFO - Sync 1 DAGs
[2024-03-26T10:14:22.029+0000] {logging_mixin.py:188} INFO - [2024-03-26T10:14:22.029+0000] {dag.py:3823} INFO - Setting next_dagrun for example_skip_dag to 2024-03-25 00:00:00+00:00, run_after=2024-03-26 00:00:00+00:00
[2024-03-26T10:14:22.047+0000] {processor.py:183} INFO - Processing /home/airflow/.local/lib/python3.8/site-packages/airflow/example_dags/example_skip_dag.py took 0.064 seconds
[2024-03-26T10:15:16.396+0000] {processor.py:161} INFO - Started process (PID=77) to work on /home/airflow/.local/lib/python3.8/site-packages/airflow/example_dags/example_skip_dag.py
[2024-03-26T10:15:16.398+0000] {processor.py:830} INFO - Processing file /home/airflow/.local/lib/python3.8/site-packages/airflow/example_dags/example_skip_dag.py for tasks to queue
[2024-03-26T10:15:16.400+0000] {logging_mixin.py:188} INFO - [2024-03-26T10:15:16.400+0000] {dagbag.py:538} INFO - Filling up the DagBag from /home/airflow/.local/lib/python3.8/site-packages/airflow/example_dags/example_skip_dag.py
[2024-03-26T10:15:16.408+0000] {processor.py:840} INFO - DAG(s) 'example_skip_dag' retrieved from /home/airflow/.local/lib/python3.8/site-packages/airflow/example_dags/example_skip_dag.py
[2024-03-26T10:15:16.422+0000] {logging_mixin.py:188} INFO - [2024-03-26T10:15:16.421+0000] {dag.py:3036} INFO - Sync 1 DAGs
[2024-03-26T10:15:16.455+0000] {logging_mixin.py:188} INFO - [2024-03-26T10:15:16.455+0000] {dag.py:3823} INFO - Setting next_dagrun for example_skip_dag to 2024-03-25 00:00:00+00:00, run_after=2024-03-26 00:00:00+00:00
[2024-03-26T10:15:16.483+0000] {processor.py:183} INFO - Processing /home/airflow/.local/lib/python3.8/site-packages/airflow/example_dags/example_skip_dag.py took 0.092 seconds
[2024-03-26T10:17:23.603+0000] {processor.py:161} INFO - Started process (PID=77) to work on /home/airflow/.local/lib/python3.8/site-packages/airflow/example_dags/example_skip_dag.py
[2024-03-26T10:17:23.604+0000] {processor.py:830} INFO - Processing file /home/airflow/.local/lib/python3.8/site-packages/airflow/example_dags/example_skip_dag.py for tasks to queue
[2024-03-26T10:17:23.606+0000] {logging_mixin.py:188} INFO - [2024-03-26T10:17:23.606+0000] {dagbag.py:538} INFO - Filling up the DagBag from /home/airflow/.local/lib/python3.8/site-packages/airflow/example_dags/example_skip_dag.py
[2024-03-26T10:17:23.615+0000] {processor.py:840} INFO - DAG(s) 'example_skip_dag' retrieved from /home/airflow/.local/lib/python3.8/site-packages/airflow/example_dags/example_skip_dag.py
[2024-03-26T10:17:23.627+0000] {logging_mixin.py:188} INFO - [2024-03-26T10:17:23.627+0000] {dag.py:3036} INFO - Sync 1 DAGs
[2024-03-26T10:17:23.652+0000] {logging_mixin.py:188} INFO - [2024-03-26T10:17:23.652+0000] {dag.py:3823} INFO - Setting next_dagrun for example_skip_dag to 2024-03-25 00:00:00+00:00, run_after=2024-03-26 00:00:00+00:00
[2024-03-26T10:17:23.672+0000] {processor.py:183} INFO - Processing /home/airflow/.local/lib/python3.8/site-packages/airflow/example_dags/example_skip_dag.py took 0.072 seconds
[2024-03-26T10:17:55.246+0000] {processor.py:161} INFO - Started process (PID=134) to work on /home/airflow/.local/lib/python3.8/site-packages/airflow/example_dags/example_skip_dag.py
[2024-03-26T10:17:55.247+0000] {processor.py:830} INFO - Processing file /home/airflow/.local/lib/python3.8/site-packages/airflow/example_dags/example_skip_dag.py for tasks to queue
[2024-03-26T10:17:55.249+0000] {logging_mixin.py:188} INFO - [2024-03-26T10:17:55.249+0000] {dagbag.py:538} INFO - Filling up the DagBag from /home/airflow/.local/lib/python3.8/site-packages/airflow/example_dags/example_skip_dag.py
[2024-03-26T10:17:55.254+0000] {processor.py:840} INFO - DAG(s) 'example_skip_dag' retrieved from /home/airflow/.local/lib/python3.8/site-packages/airflow/example_dags/example_skip_dag.py
[2024-03-26T10:17:55.337+0000] {logging_mixin.py:188} INFO - [2024-03-26T10:17:55.337+0000] {dag.py:3036} INFO - Sync 1 DAGs
[2024-03-26T10:17:55.356+0000] {logging_mixin.py:188} INFO - [2024-03-26T10:17:55.356+0000] {dag.py:3823} INFO - Setting next_dagrun for example_skip_dag to 2024-03-25 00:00:00+00:00, run_after=2024-03-26 00:00:00+00:00
[2024-03-26T10:17:55.375+0000] {processor.py:183} INFO - Processing /home/airflow/.local/lib/python3.8/site-packages/airflow/example_dags/example_skip_dag.py took 0.131 seconds
