[2024-03-26T08:41:07.858+0000] {processor.py:161} INFO - Started process (PID=77) to work on /home/airflow/.local/lib/python3.8/site-packages/airflow/example_dags/example_external_task_marker_dag.py
[2024-03-26T08:41:07.859+0000] {processor.py:830} INFO - Processing file /home/airflow/.local/lib/python3.8/site-packages/airflow/example_dags/example_external_task_marker_dag.py for tasks to queue
[2024-03-26T08:41:07.861+0000] {logging_mixin.py:188} INFO - [2024-03-26T08:41:07.861+0000] {dagbag.py:538} INFO - Filling up the DagBag from /home/airflow/.local/lib/python3.8/site-packages/airflow/example_dags/example_external_task_marker_dag.py
[2024-03-26T08:41:07.869+0000] {processor.py:840} INFO - DAG(s) 'example_external_task_marker_parent', 'example_external_task_marker_child' retrieved from /home/airflow/.local/lib/python3.8/site-packages/airflow/example_dags/example_external_task_marker_dag.py
[2024-03-26T08:41:07.880+0000] {logging_mixin.py:188} INFO - [2024-03-26T08:41:07.880+0000] {dag.py:3036} INFO - Sync 2 DAGs
[2024-03-26T08:41:07.892+0000] {logging_mixin.py:188} INFO - [2024-03-26T08:41:07.892+0000] {dag.py:3823} INFO - Setting next_dagrun for example_external_task_marker_child to None, run_after=None
[2024-03-26T08:41:07.897+0000] {logging_mixin.py:188} INFO - [2024-03-26T08:41:07.897+0000] {dag.py:3823} INFO - Setting next_dagrun for example_external_task_marker_parent to None, run_after=None
[2024-03-26T08:41:07.918+0000] {processor.py:183} INFO - Processing /home/airflow/.local/lib/python3.8/site-packages/airflow/example_dags/example_external_task_marker_dag.py took 0.063 seconds
[2024-03-26T08:41:39.463+0000] {processor.py:161} INFO - Started process (PID=133) to work on /home/airflow/.local/lib/python3.8/site-packages/airflow/example_dags/example_external_task_marker_dag.py
[2024-03-26T08:41:39.464+0000] {processor.py:830} INFO - Processing file /home/airflow/.local/lib/python3.8/site-packages/airflow/example_dags/example_external_task_marker_dag.py for tasks to queue
[2024-03-26T08:41:39.465+0000] {logging_mixin.py:188} INFO - [2024-03-26T08:41:39.465+0000] {dagbag.py:538} INFO - Filling up the DagBag from /home/airflow/.local/lib/python3.8/site-packages/airflow/example_dags/example_external_task_marker_dag.py
[2024-03-26T08:41:39.471+0000] {processor.py:840} INFO - DAG(s) 'example_external_task_marker_child', 'example_external_task_marker_parent' retrieved from /home/airflow/.local/lib/python3.8/site-packages/airflow/example_dags/example_external_task_marker_dag.py
[2024-03-26T08:41:39.565+0000] {logging_mixin.py:188} INFO - [2024-03-26T08:41:39.564+0000] {dag.py:3036} INFO - Sync 2 DAGs
[2024-03-26T08:41:39.574+0000] {logging_mixin.py:188} INFO - [2024-03-26T08:41:39.574+0000] {dag.py:3823} INFO - Setting next_dagrun for example_external_task_marker_child to None, run_after=None
[2024-03-26T08:41:39.577+0000] {logging_mixin.py:188} INFO - [2024-03-26T08:41:39.577+0000] {dag.py:3823} INFO - Setting next_dagrun for example_external_task_marker_parent to None, run_after=None
[2024-03-26T08:41:39.592+0000] {processor.py:183} INFO - Processing /home/airflow/.local/lib/python3.8/site-packages/airflow/example_dags/example_external_task_marker_dag.py took 0.131 seconds
[2024-03-26T08:43:48.039+0000] {processor.py:161} INFO - Started process (PID=77) to work on /home/airflow/.local/lib/python3.8/site-packages/airflow/example_dags/example_external_task_marker_dag.py
[2024-03-26T08:43:48.040+0000] {processor.py:830} INFO - Processing file /home/airflow/.local/lib/python3.8/site-packages/airflow/example_dags/example_external_task_marker_dag.py for tasks to queue
[2024-03-26T08:43:48.042+0000] {logging_mixin.py:188} INFO - [2024-03-26T08:43:48.041+0000] {dagbag.py:538} INFO - Filling up the DagBag from /home/airflow/.local/lib/python3.8/site-packages/airflow/example_dags/example_external_task_marker_dag.py
[2024-03-26T08:43:48.049+0000] {processor.py:840} INFO - DAG(s) 'example_external_task_marker_child', 'example_external_task_marker_parent' retrieved from /home/airflow/.local/lib/python3.8/site-packages/airflow/example_dags/example_external_task_marker_dag.py
[2024-03-26T08:43:48.059+0000] {logging_mixin.py:188} INFO - [2024-03-26T08:43:48.058+0000] {dag.py:3036} INFO - Sync 2 DAGs
[2024-03-26T08:43:48.069+0000] {logging_mixin.py:188} INFO - [2024-03-26T08:43:48.069+0000] {dag.py:3823} INFO - Setting next_dagrun for example_external_task_marker_child to None, run_after=None
[2024-03-26T08:43:48.073+0000] {logging_mixin.py:188} INFO - [2024-03-26T08:43:48.073+0000] {dag.py:3823} INFO - Setting next_dagrun for example_external_task_marker_parent to None, run_after=None
[2024-03-26T08:43:48.086+0000] {processor.py:183} INFO - Processing /home/airflow/.local/lib/python3.8/site-packages/airflow/example_dags/example_external_task_marker_dag.py took 0.049 seconds
[2024-03-26T08:44:19.732+0000] {processor.py:161} INFO - Started process (PID=133) to work on /home/airflow/.local/lib/python3.8/site-packages/airflow/example_dags/example_external_task_marker_dag.py
[2024-03-26T08:44:19.734+0000] {processor.py:830} INFO - Processing file /home/airflow/.local/lib/python3.8/site-packages/airflow/example_dags/example_external_task_marker_dag.py for tasks to queue
[2024-03-26T08:44:19.735+0000] {logging_mixin.py:188} INFO - [2024-03-26T08:44:19.735+0000] {dagbag.py:538} INFO - Filling up the DagBag from /home/airflow/.local/lib/python3.8/site-packages/airflow/example_dags/example_external_task_marker_dag.py
[2024-03-26T08:44:19.740+0000] {processor.py:840} INFO - DAG(s) 'example_external_task_marker_parent', 'example_external_task_marker_child' retrieved from /home/airflow/.local/lib/python3.8/site-packages/airflow/example_dags/example_external_task_marker_dag.py
[2024-03-26T08:44:19.829+0000] {logging_mixin.py:188} INFO - [2024-03-26T08:44:19.829+0000] {dag.py:3036} INFO - Sync 2 DAGs
[2024-03-26T08:44:19.840+0000] {logging_mixin.py:188} INFO - [2024-03-26T08:44:19.839+0000] {dag.py:3823} INFO - Setting next_dagrun for example_external_task_marker_child to None, run_after=None
[2024-03-26T08:44:19.843+0000] {logging_mixin.py:188} INFO - [2024-03-26T08:44:19.843+0000] {dag.py:3823} INFO - Setting next_dagrun for example_external_task_marker_parent to None, run_after=None
[2024-03-26T08:44:19.860+0000] {processor.py:183} INFO - Processing /home/airflow/.local/lib/python3.8/site-packages/airflow/example_dags/example_external_task_marker_dag.py took 0.129 seconds
[2024-03-26T08:44:49.892+0000] {processor.py:161} INFO - Started process (PID=189) to work on /home/airflow/.local/lib/python3.8/site-packages/airflow/example_dags/example_external_task_marker_dag.py
[2024-03-26T08:44:49.893+0000] {processor.py:830} INFO - Processing file /home/airflow/.local/lib/python3.8/site-packages/airflow/example_dags/example_external_task_marker_dag.py for tasks to queue
[2024-03-26T08:44:49.894+0000] {logging_mixin.py:188} INFO - [2024-03-26T08:44:49.894+0000] {dagbag.py:538} INFO - Filling up the DagBag from /home/airflow/.local/lib/python3.8/site-packages/airflow/example_dags/example_external_task_marker_dag.py
[2024-03-26T08:44:49.898+0000] {processor.py:840} INFO - DAG(s) 'example_external_task_marker_parent', 'example_external_task_marker_child' retrieved from /home/airflow/.local/lib/python3.8/site-packages/airflow/example_dags/example_external_task_marker_dag.py
[2024-03-26T08:44:49.918+0000] {logging_mixin.py:188} INFO - [2024-03-26T08:44:49.918+0000] {dag.py:3036} INFO - Sync 2 DAGs
[2024-03-26T08:44:49.928+0000] {logging_mixin.py:188} INFO - [2024-03-26T08:44:49.928+0000] {dag.py:3823} INFO - Setting next_dagrun for example_external_task_marker_child to None, run_after=None
[2024-03-26T08:44:49.931+0000] {logging_mixin.py:188} INFO - [2024-03-26T08:44:49.931+0000] {dag.py:3823} INFO - Setting next_dagrun for example_external_task_marker_parent to None, run_after=None
[2024-03-26T08:44:49.944+0000] {processor.py:183} INFO - Processing /home/airflow/.local/lib/python3.8/site-packages/airflow/example_dags/example_external_task_marker_dag.py took 0.055 seconds
[2024-03-26T08:45:20.073+0000] {processor.py:161} INFO - Started process (PID=245) to work on /home/airflow/.local/lib/python3.8/site-packages/airflow/example_dags/example_external_task_marker_dag.py
[2024-03-26T08:45:20.074+0000] {processor.py:830} INFO - Processing file /home/airflow/.local/lib/python3.8/site-packages/airflow/example_dags/example_external_task_marker_dag.py for tasks to queue
[2024-03-26T08:45:20.076+0000] {logging_mixin.py:188} INFO - [2024-03-26T08:45:20.075+0000] {dagbag.py:538} INFO - Filling up the DagBag from /home/airflow/.local/lib/python3.8/site-packages/airflow/example_dags/example_external_task_marker_dag.py
[2024-03-26T08:45:20.080+0000] {processor.py:840} INFO - DAG(s) 'example_external_task_marker_parent', 'example_external_task_marker_child' retrieved from /home/airflow/.local/lib/python3.8/site-packages/airflow/example_dags/example_external_task_marker_dag.py
[2024-03-26T08:45:20.102+0000] {logging_mixin.py:188} INFO - [2024-03-26T08:45:20.102+0000] {dag.py:3036} INFO - Sync 2 DAGs
[2024-03-26T08:45:20.112+0000] {logging_mixin.py:188} INFO - [2024-03-26T08:45:20.112+0000] {dag.py:3823} INFO - Setting next_dagrun for example_external_task_marker_child to None, run_after=None
[2024-03-26T08:45:20.116+0000] {logging_mixin.py:188} INFO - [2024-03-26T08:45:20.115+0000] {dag.py:3823} INFO - Setting next_dagrun for example_external_task_marker_parent to None, run_after=None
[2024-03-26T08:45:20.129+0000] {processor.py:183} INFO - Processing /home/airflow/.local/lib/python3.8/site-packages/airflow/example_dags/example_external_task_marker_dag.py took 0.059 seconds
[2024-03-26T08:45:50.294+0000] {processor.py:161} INFO - Started process (PID=301) to work on /home/airflow/.local/lib/python3.8/site-packages/airflow/example_dags/example_external_task_marker_dag.py
[2024-03-26T08:45:50.295+0000] {processor.py:830} INFO - Processing file /home/airflow/.local/lib/python3.8/site-packages/airflow/example_dags/example_external_task_marker_dag.py for tasks to queue
[2024-03-26T08:45:50.297+0000] {logging_mixin.py:188} INFO - [2024-03-26T08:45:50.297+0000] {dagbag.py:538} INFO - Filling up the DagBag from /home/airflow/.local/lib/python3.8/site-packages/airflow/example_dags/example_external_task_marker_dag.py
[2024-03-26T08:45:50.301+0000] {processor.py:840} INFO - DAG(s) 'example_external_task_marker_child', 'example_external_task_marker_parent' retrieved from /home/airflow/.local/lib/python3.8/site-packages/airflow/example_dags/example_external_task_marker_dag.py
[2024-03-26T08:45:50.320+0000] {logging_mixin.py:188} INFO - [2024-03-26T08:45:50.320+0000] {dag.py:3036} INFO - Sync 2 DAGs
[2024-03-26T08:45:50.331+0000] {logging_mixin.py:188} INFO - [2024-03-26T08:45:50.331+0000] {dag.py:3823} INFO - Setting next_dagrun for example_external_task_marker_child to None, run_after=None
[2024-03-26T08:45:50.334+0000] {logging_mixin.py:188} INFO - [2024-03-26T08:45:50.334+0000] {dag.py:3823} INFO - Setting next_dagrun for example_external_task_marker_parent to None, run_after=None
[2024-03-26T08:45:50.349+0000] {processor.py:183} INFO - Processing /home/airflow/.local/lib/python3.8/site-packages/airflow/example_dags/example_external_task_marker_dag.py took 0.057 seconds
[2024-03-26T08:46:20.546+0000] {processor.py:161} INFO - Started process (PID=357) to work on /home/airflow/.local/lib/python3.8/site-packages/airflow/example_dags/example_external_task_marker_dag.py
[2024-03-26T08:46:20.547+0000] {processor.py:830} INFO - Processing file /home/airflow/.local/lib/python3.8/site-packages/airflow/example_dags/example_external_task_marker_dag.py for tasks to queue
[2024-03-26T08:46:20.548+0000] {logging_mixin.py:188} INFO - [2024-03-26T08:46:20.548+0000] {dagbag.py:538} INFO - Filling up the DagBag from /home/airflow/.local/lib/python3.8/site-packages/airflow/example_dags/example_external_task_marker_dag.py
[2024-03-26T08:46:20.553+0000] {processor.py:840} INFO - DAG(s) 'example_external_task_marker_parent', 'example_external_task_marker_child' retrieved from /home/airflow/.local/lib/python3.8/site-packages/airflow/example_dags/example_external_task_marker_dag.py
[2024-03-26T08:46:20.570+0000] {logging_mixin.py:188} INFO - [2024-03-26T08:46:20.570+0000] {dag.py:3036} INFO - Sync 2 DAGs
[2024-03-26T08:46:20.580+0000] {logging_mixin.py:188} INFO - [2024-03-26T08:46:20.580+0000] {dag.py:3823} INFO - Setting next_dagrun for example_external_task_marker_child to None, run_after=None
[2024-03-26T08:46:20.584+0000] {logging_mixin.py:188} INFO - [2024-03-26T08:46:20.584+0000] {dag.py:3823} INFO - Setting next_dagrun for example_external_task_marker_parent to None, run_after=None
[2024-03-26T08:46:20.597+0000] {processor.py:183} INFO - Processing /home/airflow/.local/lib/python3.8/site-packages/airflow/example_dags/example_external_task_marker_dag.py took 0.053 seconds
[2024-03-26T08:46:50.776+0000] {processor.py:161} INFO - Started process (PID=413) to work on /home/airflow/.local/lib/python3.8/site-packages/airflow/example_dags/example_external_task_marker_dag.py
[2024-03-26T08:46:50.777+0000] {processor.py:830} INFO - Processing file /home/airflow/.local/lib/python3.8/site-packages/airflow/example_dags/example_external_task_marker_dag.py for tasks to queue
[2024-03-26T08:46:50.778+0000] {logging_mixin.py:188} INFO - [2024-03-26T08:46:50.778+0000] {dagbag.py:538} INFO - Filling up the DagBag from /home/airflow/.local/lib/python3.8/site-packages/airflow/example_dags/example_external_task_marker_dag.py
[2024-03-26T08:46:50.783+0000] {processor.py:840} INFO - DAG(s) 'example_external_task_marker_child', 'example_external_task_marker_parent' retrieved from /home/airflow/.local/lib/python3.8/site-packages/airflow/example_dags/example_external_task_marker_dag.py
[2024-03-26T08:46:50.801+0000] {logging_mixin.py:188} INFO - [2024-03-26T08:46:50.800+0000] {dag.py:3036} INFO - Sync 2 DAGs
[2024-03-26T08:46:50.812+0000] {logging_mixin.py:188} INFO - [2024-03-26T08:46:50.812+0000] {dag.py:3823} INFO - Setting next_dagrun for example_external_task_marker_child to None, run_after=None
[2024-03-26T08:46:50.815+0000] {logging_mixin.py:188} INFO - [2024-03-26T08:46:50.815+0000] {dag.py:3823} INFO - Setting next_dagrun for example_external_task_marker_parent to None, run_after=None
[2024-03-26T08:46:50.828+0000] {processor.py:183} INFO - Processing /home/airflow/.local/lib/python3.8/site-packages/airflow/example_dags/example_external_task_marker_dag.py took 0.055 seconds
[2024-03-26T08:47:20.989+0000] {processor.py:161} INFO - Started process (PID=469) to work on /home/airflow/.local/lib/python3.8/site-packages/airflow/example_dags/example_external_task_marker_dag.py
[2024-03-26T08:47:20.990+0000] {processor.py:830} INFO - Processing file /home/airflow/.local/lib/python3.8/site-packages/airflow/example_dags/example_external_task_marker_dag.py for tasks to queue
[2024-03-26T08:47:20.992+0000] {logging_mixin.py:188} INFO - [2024-03-26T08:47:20.991+0000] {dagbag.py:538} INFO - Filling up the DagBag from /home/airflow/.local/lib/python3.8/site-packages/airflow/example_dags/example_external_task_marker_dag.py
[2024-03-26T08:47:20.996+0000] {processor.py:840} INFO - DAG(s) 'example_external_task_marker_child', 'example_external_task_marker_parent' retrieved from /home/airflow/.local/lib/python3.8/site-packages/airflow/example_dags/example_external_task_marker_dag.py
[2024-03-26T08:47:21.013+0000] {logging_mixin.py:188} INFO - [2024-03-26T08:47:21.013+0000] {dag.py:3036} INFO - Sync 2 DAGs
[2024-03-26T08:47:21.024+0000] {logging_mixin.py:188} INFO - [2024-03-26T08:47:21.024+0000] {dag.py:3823} INFO - Setting next_dagrun for example_external_task_marker_child to None, run_after=None
[2024-03-26T08:47:21.027+0000] {logging_mixin.py:188} INFO - [2024-03-26T08:47:21.027+0000] {dag.py:3823} INFO - Setting next_dagrun for example_external_task_marker_parent to None, run_after=None
[2024-03-26T08:47:21.040+0000] {processor.py:183} INFO - Processing /home/airflow/.local/lib/python3.8/site-packages/airflow/example_dags/example_external_task_marker_dag.py took 0.053 seconds
[2024-03-26T08:47:51.204+0000] {processor.py:161} INFO - Started process (PID=525) to work on /home/airflow/.local/lib/python3.8/site-packages/airflow/example_dags/example_external_task_marker_dag.py
[2024-03-26T08:47:51.205+0000] {processor.py:830} INFO - Processing file /home/airflow/.local/lib/python3.8/site-packages/airflow/example_dags/example_external_task_marker_dag.py for tasks to queue
[2024-03-26T08:47:51.207+0000] {logging_mixin.py:188} INFO - [2024-03-26T08:47:51.206+0000] {dagbag.py:538} INFO - Filling up the DagBag from /home/airflow/.local/lib/python3.8/site-packages/airflow/example_dags/example_external_task_marker_dag.py
[2024-03-26T08:47:51.211+0000] {processor.py:840} INFO - DAG(s) 'example_external_task_marker_child', 'example_external_task_marker_parent' retrieved from /home/airflow/.local/lib/python3.8/site-packages/airflow/example_dags/example_external_task_marker_dag.py
[2024-03-26T08:47:51.230+0000] {logging_mixin.py:188} INFO - [2024-03-26T08:47:51.230+0000] {dag.py:3036} INFO - Sync 2 DAGs
[2024-03-26T08:47:51.240+0000] {logging_mixin.py:188} INFO - [2024-03-26T08:47:51.240+0000] {dag.py:3823} INFO - Setting next_dagrun for example_external_task_marker_child to None, run_after=None
[2024-03-26T08:47:51.244+0000] {logging_mixin.py:188} INFO - [2024-03-26T08:47:51.244+0000] {dag.py:3823} INFO - Setting next_dagrun for example_external_task_marker_parent to None, run_after=None
[2024-03-26T08:47:51.258+0000] {processor.py:183} INFO - Processing /home/airflow/.local/lib/python3.8/site-packages/airflow/example_dags/example_external_task_marker_dag.py took 0.056 seconds
[2024-03-26T08:48:21.670+0000] {processor.py:161} INFO - Started process (PID=581) to work on /home/airflow/.local/lib/python3.8/site-packages/airflow/example_dags/example_external_task_marker_dag.py
[2024-03-26T08:48:21.671+0000] {processor.py:830} INFO - Processing file /home/airflow/.local/lib/python3.8/site-packages/airflow/example_dags/example_external_task_marker_dag.py for tasks to queue
[2024-03-26T08:48:21.672+0000] {logging_mixin.py:188} INFO - [2024-03-26T08:48:21.672+0000] {dagbag.py:538} INFO - Filling up the DagBag from /home/airflow/.local/lib/python3.8/site-packages/airflow/example_dags/example_external_task_marker_dag.py
[2024-03-26T08:48:21.676+0000] {processor.py:840} INFO - DAG(s) 'example_external_task_marker_parent', 'example_external_task_marker_child' retrieved from /home/airflow/.local/lib/python3.8/site-packages/airflow/example_dags/example_external_task_marker_dag.py
[2024-03-26T08:48:21.695+0000] {logging_mixin.py:188} INFO - [2024-03-26T08:48:21.694+0000] {dag.py:3036} INFO - Sync 2 DAGs
[2024-03-26T08:48:21.706+0000] {logging_mixin.py:188} INFO - [2024-03-26T08:48:21.706+0000] {dag.py:3823} INFO - Setting next_dagrun for example_external_task_marker_child to None, run_after=None
[2024-03-26T08:48:21.710+0000] {logging_mixin.py:188} INFO - [2024-03-26T08:48:21.710+0000] {dag.py:3823} INFO - Setting next_dagrun for example_external_task_marker_parent to None, run_after=None
[2024-03-26T08:48:21.725+0000] {processor.py:183} INFO - Processing /home/airflow/.local/lib/python3.8/site-packages/airflow/example_dags/example_external_task_marker_dag.py took 0.058 seconds
[2024-03-26T08:48:52.037+0000] {processor.py:161} INFO - Started process (PID=637) to work on /home/airflow/.local/lib/python3.8/site-packages/airflow/example_dags/example_external_task_marker_dag.py
[2024-03-26T08:48:52.038+0000] {processor.py:830} INFO - Processing file /home/airflow/.local/lib/python3.8/site-packages/airflow/example_dags/example_external_task_marker_dag.py for tasks to queue
[2024-03-26T08:48:52.039+0000] {logging_mixin.py:188} INFO - [2024-03-26T08:48:52.039+0000] {dagbag.py:538} INFO - Filling up the DagBag from /home/airflow/.local/lib/python3.8/site-packages/airflow/example_dags/example_external_task_marker_dag.py
[2024-03-26T08:48:52.044+0000] {processor.py:840} INFO - DAG(s) 'example_external_task_marker_child', 'example_external_task_marker_parent' retrieved from /home/airflow/.local/lib/python3.8/site-packages/airflow/example_dags/example_external_task_marker_dag.py
[2024-03-26T08:48:52.062+0000] {logging_mixin.py:188} INFO - [2024-03-26T08:48:52.061+0000] {dag.py:3036} INFO - Sync 2 DAGs
[2024-03-26T08:48:52.075+0000] {logging_mixin.py:188} INFO - [2024-03-26T08:48:52.075+0000] {dag.py:3823} INFO - Setting next_dagrun for example_external_task_marker_child to None, run_after=None
[2024-03-26T08:48:52.079+0000] {logging_mixin.py:188} INFO - [2024-03-26T08:48:52.078+0000] {dag.py:3823} INFO - Setting next_dagrun for example_external_task_marker_parent to None, run_after=None
[2024-03-26T08:48:52.093+0000] {processor.py:183} INFO - Processing /home/airflow/.local/lib/python3.8/site-packages/airflow/example_dags/example_external_task_marker_dag.py took 0.058 seconds
[2024-03-26T08:49:22.314+0000] {processor.py:161} INFO - Started process (PID=693) to work on /home/airflow/.local/lib/python3.8/site-packages/airflow/example_dags/example_external_task_marker_dag.py
[2024-03-26T08:49:22.315+0000] {processor.py:830} INFO - Processing file /home/airflow/.local/lib/python3.8/site-packages/airflow/example_dags/example_external_task_marker_dag.py for tasks to queue
[2024-03-26T08:49:22.316+0000] {logging_mixin.py:188} INFO - [2024-03-26T08:49:22.316+0000] {dagbag.py:538} INFO - Filling up the DagBag from /home/airflow/.local/lib/python3.8/site-packages/airflow/example_dags/example_external_task_marker_dag.py
[2024-03-26T08:49:22.320+0000] {processor.py:840} INFO - DAG(s) 'example_external_task_marker_child', 'example_external_task_marker_parent' retrieved from /home/airflow/.local/lib/python3.8/site-packages/airflow/example_dags/example_external_task_marker_dag.py
[2024-03-26T08:49:22.338+0000] {logging_mixin.py:188} INFO - [2024-03-26T08:49:22.337+0000] {dag.py:3036} INFO - Sync 2 DAGs
[2024-03-26T08:49:22.351+0000] {logging_mixin.py:188} INFO - [2024-03-26T08:49:22.351+0000] {dag.py:3823} INFO - Setting next_dagrun for example_external_task_marker_child to None, run_after=None
[2024-03-26T08:49:22.354+0000] {logging_mixin.py:188} INFO - [2024-03-26T08:49:22.354+0000] {dag.py:3823} INFO - Setting next_dagrun for example_external_task_marker_parent to None, run_after=None
[2024-03-26T08:49:22.367+0000] {processor.py:183} INFO - Processing /home/airflow/.local/lib/python3.8/site-packages/airflow/example_dags/example_external_task_marker_dag.py took 0.056 seconds
[2024-03-26T08:49:52.743+0000] {processor.py:161} INFO - Started process (PID=749) to work on /home/airflow/.local/lib/python3.8/site-packages/airflow/example_dags/example_external_task_marker_dag.py
[2024-03-26T08:49:52.744+0000] {processor.py:830} INFO - Processing file /home/airflow/.local/lib/python3.8/site-packages/airflow/example_dags/example_external_task_marker_dag.py for tasks to queue
[2024-03-26T08:49:52.745+0000] {logging_mixin.py:188} INFO - [2024-03-26T08:49:52.745+0000] {dagbag.py:538} INFO - Filling up the DagBag from /home/airflow/.local/lib/python3.8/site-packages/airflow/example_dags/example_external_task_marker_dag.py
[2024-03-26T08:49:52.750+0000] {processor.py:840} INFO - DAG(s) 'example_external_task_marker_child', 'example_external_task_marker_parent' retrieved from /home/airflow/.local/lib/python3.8/site-packages/airflow/example_dags/example_external_task_marker_dag.py
[2024-03-26T08:49:52.768+0000] {logging_mixin.py:188} INFO - [2024-03-26T08:49:52.768+0000] {dag.py:3036} INFO - Sync 2 DAGs
[2024-03-26T08:49:52.778+0000] {logging_mixin.py:188} INFO - [2024-03-26T08:49:52.778+0000] {dag.py:3823} INFO - Setting next_dagrun for example_external_task_marker_child to None, run_after=None
[2024-03-26T08:49:52.782+0000] {logging_mixin.py:188} INFO - [2024-03-26T08:49:52.781+0000] {dag.py:3823} INFO - Setting next_dagrun for example_external_task_marker_parent to None, run_after=None
[2024-03-26T08:49:52.794+0000] {processor.py:183} INFO - Processing /home/airflow/.local/lib/python3.8/site-packages/airflow/example_dags/example_external_task_marker_dag.py took 0.054 seconds
[2024-03-26T08:50:23.308+0000] {processor.py:161} INFO - Started process (PID=805) to work on /home/airflow/.local/lib/python3.8/site-packages/airflow/example_dags/example_external_task_marker_dag.py
[2024-03-26T08:50:23.309+0000] {processor.py:830} INFO - Processing file /home/airflow/.local/lib/python3.8/site-packages/airflow/example_dags/example_external_task_marker_dag.py for tasks to queue
[2024-03-26T08:50:23.311+0000] {logging_mixin.py:188} INFO - [2024-03-26T08:50:23.310+0000] {dagbag.py:538} INFO - Filling up the DagBag from /home/airflow/.local/lib/python3.8/site-packages/airflow/example_dags/example_external_task_marker_dag.py
[2024-03-26T08:50:23.315+0000] {processor.py:840} INFO - DAG(s) 'example_external_task_marker_child', 'example_external_task_marker_parent' retrieved from /home/airflow/.local/lib/python3.8/site-packages/airflow/example_dags/example_external_task_marker_dag.py
[2024-03-26T08:50:23.333+0000] {logging_mixin.py:188} INFO - [2024-03-26T08:50:23.332+0000] {dag.py:3036} INFO - Sync 2 DAGs
[2024-03-26T08:50:23.343+0000] {logging_mixin.py:188} INFO - [2024-03-26T08:50:23.343+0000] {dag.py:3823} INFO - Setting next_dagrun for example_external_task_marker_child to None, run_after=None
[2024-03-26T08:50:23.346+0000] {logging_mixin.py:188} INFO - [2024-03-26T08:50:23.346+0000] {dag.py:3823} INFO - Setting next_dagrun for example_external_task_marker_parent to None, run_after=None
[2024-03-26T08:50:23.359+0000] {processor.py:183} INFO - Processing /home/airflow/.local/lib/python3.8/site-packages/airflow/example_dags/example_external_task_marker_dag.py took 0.054 seconds
[2024-03-26T08:53:13.703+0000] {processor.py:161} INFO - Started process (PID=77) to work on /home/airflow/.local/lib/python3.8/site-packages/airflow/example_dags/example_external_task_marker_dag.py
[2024-03-26T08:53:13.704+0000] {processor.py:830} INFO - Processing file /home/airflow/.local/lib/python3.8/site-packages/airflow/example_dags/example_external_task_marker_dag.py for tasks to queue
[2024-03-26T08:53:13.707+0000] {logging_mixin.py:188} INFO - [2024-03-26T08:53:13.706+0000] {dagbag.py:538} INFO - Filling up the DagBag from /home/airflow/.local/lib/python3.8/site-packages/airflow/example_dags/example_external_task_marker_dag.py
[2024-03-26T08:53:13.715+0000] {processor.py:840} INFO - DAG(s) 'example_external_task_marker_parent', 'example_external_task_marker_child' retrieved from /home/airflow/.local/lib/python3.8/site-packages/airflow/example_dags/example_external_task_marker_dag.py
[2024-03-26T08:53:13.724+0000] {logging_mixin.py:188} INFO - [2024-03-26T08:53:13.724+0000] {dag.py:3036} INFO - Sync 2 DAGs
[2024-03-26T08:53:13.735+0000] {logging_mixin.py:188} INFO - [2024-03-26T08:53:13.735+0000] {dag.py:3823} INFO - Setting next_dagrun for example_external_task_marker_child to None, run_after=None
[2024-03-26T08:53:13.739+0000] {logging_mixin.py:188} INFO - [2024-03-26T08:53:13.738+0000] {dag.py:3823} INFO - Setting next_dagrun for example_external_task_marker_parent to None, run_after=None
[2024-03-26T08:53:13.752+0000] {processor.py:183} INFO - Processing /home/airflow/.local/lib/python3.8/site-packages/airflow/example_dags/example_external_task_marker_dag.py took 0.052 seconds
[2024-03-26T08:53:45.621+0000] {processor.py:161} INFO - Started process (PID=133) to work on /home/airflow/.local/lib/python3.8/site-packages/airflow/example_dags/example_external_task_marker_dag.py
[2024-03-26T08:53:45.622+0000] {processor.py:830} INFO - Processing file /home/airflow/.local/lib/python3.8/site-packages/airflow/example_dags/example_external_task_marker_dag.py for tasks to queue
[2024-03-26T08:53:45.623+0000] {logging_mixin.py:188} INFO - [2024-03-26T08:53:45.623+0000] {dagbag.py:538} INFO - Filling up the DagBag from /home/airflow/.local/lib/python3.8/site-packages/airflow/example_dags/example_external_task_marker_dag.py
[2024-03-26T08:53:45.628+0000] {processor.py:840} INFO - DAG(s) 'example_external_task_marker_parent', 'example_external_task_marker_child' retrieved from /home/airflow/.local/lib/python3.8/site-packages/airflow/example_dags/example_external_task_marker_dag.py
[2024-03-26T08:53:45.718+0000] {logging_mixin.py:188} INFO - [2024-03-26T08:53:45.717+0000] {dag.py:3036} INFO - Sync 2 DAGs
[2024-03-26T08:53:45.727+0000] {logging_mixin.py:188} INFO - [2024-03-26T08:53:45.727+0000] {dag.py:3823} INFO - Setting next_dagrun for example_external_task_marker_child to None, run_after=None
[2024-03-26T08:53:45.730+0000] {logging_mixin.py:188} INFO - [2024-03-26T08:53:45.730+0000] {dag.py:3823} INFO - Setting next_dagrun for example_external_task_marker_parent to None, run_after=None
[2024-03-26T08:53:45.744+0000] {processor.py:183} INFO - Processing /home/airflow/.local/lib/python3.8/site-packages/airflow/example_dags/example_external_task_marker_dag.py took 0.124 seconds
[2024-03-26T08:54:15.825+0000] {processor.py:161} INFO - Started process (PID=189) to work on /home/airflow/.local/lib/python3.8/site-packages/airflow/example_dags/example_external_task_marker_dag.py
[2024-03-26T08:54:15.826+0000] {processor.py:830} INFO - Processing file /home/airflow/.local/lib/python3.8/site-packages/airflow/example_dags/example_external_task_marker_dag.py for tasks to queue
[2024-03-26T08:54:15.827+0000] {logging_mixin.py:188} INFO - [2024-03-26T08:54:15.827+0000] {dagbag.py:538} INFO - Filling up the DagBag from /home/airflow/.local/lib/python3.8/site-packages/airflow/example_dags/example_external_task_marker_dag.py
[2024-03-26T08:54:15.832+0000] {processor.py:840} INFO - DAG(s) 'example_external_task_marker_parent', 'example_external_task_marker_child' retrieved from /home/airflow/.local/lib/python3.8/site-packages/airflow/example_dags/example_external_task_marker_dag.py
[2024-03-26T08:54:15.850+0000] {logging_mixin.py:188} INFO - [2024-03-26T08:54:15.850+0000] {dag.py:3036} INFO - Sync 2 DAGs
[2024-03-26T08:54:15.861+0000] {logging_mixin.py:188} INFO - [2024-03-26T08:54:15.860+0000] {dag.py:3823} INFO - Setting next_dagrun for example_external_task_marker_child to None, run_after=None
[2024-03-26T08:54:15.864+0000] {logging_mixin.py:188} INFO - [2024-03-26T08:54:15.864+0000] {dag.py:3823} INFO - Setting next_dagrun for example_external_task_marker_parent to None, run_after=None
[2024-03-26T08:54:15.877+0000] {processor.py:183} INFO - Processing /home/airflow/.local/lib/python3.8/site-packages/airflow/example_dags/example_external_task_marker_dag.py took 0.055 seconds
[2024-03-26T08:54:46.430+0000] {processor.py:161} INFO - Started process (PID=245) to work on /home/airflow/.local/lib/python3.8/site-packages/airflow/example_dags/example_external_task_marker_dag.py
[2024-03-26T08:54:46.431+0000] {processor.py:830} INFO - Processing file /home/airflow/.local/lib/python3.8/site-packages/airflow/example_dags/example_external_task_marker_dag.py for tasks to queue
[2024-03-26T08:54:46.433+0000] {logging_mixin.py:188} INFO - [2024-03-26T08:54:46.433+0000] {dagbag.py:538} INFO - Filling up the DagBag from /home/airflow/.local/lib/python3.8/site-packages/airflow/example_dags/example_external_task_marker_dag.py
[2024-03-26T08:54:46.437+0000] {processor.py:840} INFO - DAG(s) 'example_external_task_marker_parent', 'example_external_task_marker_child' retrieved from /home/airflow/.local/lib/python3.8/site-packages/airflow/example_dags/example_external_task_marker_dag.py
[2024-03-26T08:54:46.457+0000] {logging_mixin.py:188} INFO - [2024-03-26T08:54:46.457+0000] {dag.py:3036} INFO - Sync 2 DAGs
[2024-03-26T08:54:46.468+0000] {logging_mixin.py:188} INFO - [2024-03-26T08:54:46.468+0000] {dag.py:3823} INFO - Setting next_dagrun for example_external_task_marker_child to None, run_after=None
[2024-03-26T08:54:46.472+0000] {logging_mixin.py:188} INFO - [2024-03-26T08:54:46.472+0000] {dag.py:3823} INFO - Setting next_dagrun for example_external_task_marker_parent to None, run_after=None
[2024-03-26T08:54:46.486+0000] {processor.py:183} INFO - Processing /home/airflow/.local/lib/python3.8/site-packages/airflow/example_dags/example_external_task_marker_dag.py took 0.058 seconds
[2024-03-26T08:55:16.798+0000] {processor.py:161} INFO - Started process (PID=301) to work on /home/airflow/.local/lib/python3.8/site-packages/airflow/example_dags/example_external_task_marker_dag.py
[2024-03-26T08:55:16.799+0000] {processor.py:830} INFO - Processing file /home/airflow/.local/lib/python3.8/site-packages/airflow/example_dags/example_external_task_marker_dag.py for tasks to queue
[2024-03-26T08:55:16.800+0000] {logging_mixin.py:188} INFO - [2024-03-26T08:55:16.800+0000] {dagbag.py:538} INFO - Filling up the DagBag from /home/airflow/.local/lib/python3.8/site-packages/airflow/example_dags/example_external_task_marker_dag.py
[2024-03-26T08:55:16.805+0000] {processor.py:840} INFO - DAG(s) 'example_external_task_marker_child', 'example_external_task_marker_parent' retrieved from /home/airflow/.local/lib/python3.8/site-packages/airflow/example_dags/example_external_task_marker_dag.py
[2024-03-26T08:55:16.824+0000] {logging_mixin.py:188} INFO - [2024-03-26T08:55:16.824+0000] {dag.py:3036} INFO - Sync 2 DAGs
[2024-03-26T08:55:16.836+0000] {logging_mixin.py:188} INFO - [2024-03-26T08:55:16.835+0000] {dag.py:3823} INFO - Setting next_dagrun for example_external_task_marker_child to None, run_after=None
[2024-03-26T08:55:16.840+0000] {logging_mixin.py:188} INFO - [2024-03-26T08:55:16.839+0000] {dag.py:3823} INFO - Setting next_dagrun for example_external_task_marker_parent to None, run_after=None
[2024-03-26T08:55:16.854+0000] {processor.py:183} INFO - Processing /home/airflow/.local/lib/python3.8/site-packages/airflow/example_dags/example_external_task_marker_dag.py took 0.059 seconds
[2024-03-26T08:55:47.200+0000] {processor.py:161} INFO - Started process (PID=357) to work on /home/airflow/.local/lib/python3.8/site-packages/airflow/example_dags/example_external_task_marker_dag.py
[2024-03-26T08:55:47.201+0000] {processor.py:830} INFO - Processing file /home/airflow/.local/lib/python3.8/site-packages/airflow/example_dags/example_external_task_marker_dag.py for tasks to queue
[2024-03-26T08:55:47.202+0000] {logging_mixin.py:188} INFO - [2024-03-26T08:55:47.202+0000] {dagbag.py:538} INFO - Filling up the DagBag from /home/airflow/.local/lib/python3.8/site-packages/airflow/example_dags/example_external_task_marker_dag.py
[2024-03-26T08:55:47.207+0000] {processor.py:840} INFO - DAG(s) 'example_external_task_marker_parent', 'example_external_task_marker_child' retrieved from /home/airflow/.local/lib/python3.8/site-packages/airflow/example_dags/example_external_task_marker_dag.py
[2024-03-26T08:55:47.226+0000] {logging_mixin.py:188} INFO - [2024-03-26T08:55:47.226+0000] {dag.py:3036} INFO - Sync 2 DAGs
[2024-03-26T08:55:47.236+0000] {logging_mixin.py:188} INFO - [2024-03-26T08:55:47.236+0000] {dag.py:3823} INFO - Setting next_dagrun for example_external_task_marker_child to None, run_after=None
[2024-03-26T08:55:47.240+0000] {logging_mixin.py:188} INFO - [2024-03-26T08:55:47.239+0000] {dag.py:3823} INFO - Setting next_dagrun for example_external_task_marker_parent to None, run_after=None
[2024-03-26T08:55:47.253+0000] {processor.py:183} INFO - Processing /home/airflow/.local/lib/python3.8/site-packages/airflow/example_dags/example_external_task_marker_dag.py took 0.055 seconds
[2024-03-26T08:56:17.517+0000] {processor.py:161} INFO - Started process (PID=413) to work on /home/airflow/.local/lib/python3.8/site-packages/airflow/example_dags/example_external_task_marker_dag.py
[2024-03-26T08:56:17.518+0000] {processor.py:830} INFO - Processing file /home/airflow/.local/lib/python3.8/site-packages/airflow/example_dags/example_external_task_marker_dag.py for tasks to queue
[2024-03-26T08:56:17.520+0000] {logging_mixin.py:188} INFO - [2024-03-26T08:56:17.520+0000] {dagbag.py:538} INFO - Filling up the DagBag from /home/airflow/.local/lib/python3.8/site-packages/airflow/example_dags/example_external_task_marker_dag.py
[2024-03-26T08:56:17.525+0000] {processor.py:840} INFO - DAG(s) 'example_external_task_marker_parent', 'example_external_task_marker_child' retrieved from /home/airflow/.local/lib/python3.8/site-packages/airflow/example_dags/example_external_task_marker_dag.py
[2024-03-26T08:56:17.542+0000] {logging_mixin.py:188} INFO - [2024-03-26T08:56:17.542+0000] {dag.py:3036} INFO - Sync 2 DAGs
[2024-03-26T08:56:17.553+0000] {logging_mixin.py:188} INFO - [2024-03-26T08:56:17.553+0000] {dag.py:3823} INFO - Setting next_dagrun for example_external_task_marker_child to None, run_after=None
[2024-03-26T08:56:17.557+0000] {logging_mixin.py:188} INFO - [2024-03-26T08:56:17.556+0000] {dag.py:3823} INFO - Setting next_dagrun for example_external_task_marker_parent to None, run_after=None
[2024-03-26T08:56:17.573+0000] {processor.py:183} INFO - Processing /home/airflow/.local/lib/python3.8/site-packages/airflow/example_dags/example_external_task_marker_dag.py took 0.058 seconds
[2024-03-26T08:56:47.881+0000] {processor.py:161} INFO - Started process (PID=469) to work on /home/airflow/.local/lib/python3.8/site-packages/airflow/example_dags/example_external_task_marker_dag.py
[2024-03-26T08:56:47.882+0000] {processor.py:830} INFO - Processing file /home/airflow/.local/lib/python3.8/site-packages/airflow/example_dags/example_external_task_marker_dag.py for tasks to queue
[2024-03-26T08:56:47.883+0000] {logging_mixin.py:188} INFO - [2024-03-26T08:56:47.883+0000] {dagbag.py:538} INFO - Filling up the DagBag from /home/airflow/.local/lib/python3.8/site-packages/airflow/example_dags/example_external_task_marker_dag.py
[2024-03-26T08:56:47.888+0000] {processor.py:840} INFO - DAG(s) 'example_external_task_marker_child', 'example_external_task_marker_parent' retrieved from /home/airflow/.local/lib/python3.8/site-packages/airflow/example_dags/example_external_task_marker_dag.py
[2024-03-26T08:56:47.905+0000] {logging_mixin.py:188} INFO - [2024-03-26T08:56:47.905+0000] {dag.py:3036} INFO - Sync 2 DAGs
[2024-03-26T08:56:47.915+0000] {logging_mixin.py:188} INFO - [2024-03-26T08:56:47.915+0000] {dag.py:3823} INFO - Setting next_dagrun for example_external_task_marker_child to None, run_after=None
[2024-03-26T08:56:47.918+0000] {logging_mixin.py:188} INFO - [2024-03-26T08:56:47.918+0000] {dag.py:3823} INFO - Setting next_dagrun for example_external_task_marker_parent to None, run_after=None
[2024-03-26T08:56:47.931+0000] {processor.py:183} INFO - Processing /home/airflow/.local/lib/python3.8/site-packages/airflow/example_dags/example_external_task_marker_dag.py took 0.052 seconds
[2024-03-26T08:57:18.244+0000] {processor.py:161} INFO - Started process (PID=525) to work on /home/airflow/.local/lib/python3.8/site-packages/airflow/example_dags/example_external_task_marker_dag.py
[2024-03-26T08:57:18.245+0000] {processor.py:830} INFO - Processing file /home/airflow/.local/lib/python3.8/site-packages/airflow/example_dags/example_external_task_marker_dag.py for tasks to queue
[2024-03-26T08:57:18.246+0000] {logging_mixin.py:188} INFO - [2024-03-26T08:57:18.246+0000] {dagbag.py:538} INFO - Filling up the DagBag from /home/airflow/.local/lib/python3.8/site-packages/airflow/example_dags/example_external_task_marker_dag.py
[2024-03-26T08:57:18.251+0000] {processor.py:840} INFO - DAG(s) 'example_external_task_marker_parent', 'example_external_task_marker_child' retrieved from /home/airflow/.local/lib/python3.8/site-packages/airflow/example_dags/example_external_task_marker_dag.py
[2024-03-26T08:57:18.268+0000] {logging_mixin.py:188} INFO - [2024-03-26T08:57:18.268+0000] {dag.py:3036} INFO - Sync 2 DAGs
[2024-03-26T08:57:18.279+0000] {logging_mixin.py:188} INFO - [2024-03-26T08:57:18.279+0000] {dag.py:3823} INFO - Setting next_dagrun for example_external_task_marker_child to None, run_after=None
[2024-03-26T08:57:18.282+0000] {logging_mixin.py:188} INFO - [2024-03-26T08:57:18.282+0000] {dag.py:3823} INFO - Setting next_dagrun for example_external_task_marker_parent to None, run_after=None
[2024-03-26T08:57:18.298+0000] {processor.py:183} INFO - Processing /home/airflow/.local/lib/python3.8/site-packages/airflow/example_dags/example_external_task_marker_dag.py took 0.056 seconds
[2024-03-26T08:57:48.733+0000] {processor.py:161} INFO - Started process (PID=581) to work on /home/airflow/.local/lib/python3.8/site-packages/airflow/example_dags/example_external_task_marker_dag.py
[2024-03-26T08:57:48.734+0000] {processor.py:830} INFO - Processing file /home/airflow/.local/lib/python3.8/site-packages/airflow/example_dags/example_external_task_marker_dag.py for tasks to queue
[2024-03-26T08:57:48.735+0000] {logging_mixin.py:188} INFO - [2024-03-26T08:57:48.735+0000] {dagbag.py:538} INFO - Filling up the DagBag from /home/airflow/.local/lib/python3.8/site-packages/airflow/example_dags/example_external_task_marker_dag.py
[2024-03-26T08:57:48.740+0000] {processor.py:840} INFO - DAG(s) 'example_external_task_marker_parent', 'example_external_task_marker_child' retrieved from /home/airflow/.local/lib/python3.8/site-packages/airflow/example_dags/example_external_task_marker_dag.py
[2024-03-26T08:57:48.764+0000] {logging_mixin.py:188} INFO - [2024-03-26T08:57:48.764+0000] {dag.py:3036} INFO - Sync 2 DAGs
[2024-03-26T08:57:48.776+0000] {logging_mixin.py:188} INFO - [2024-03-26T08:57:48.775+0000] {dag.py:3823} INFO - Setting next_dagrun for example_external_task_marker_child to None, run_after=None
[2024-03-26T08:57:48.780+0000] {logging_mixin.py:188} INFO - [2024-03-26T08:57:48.780+0000] {dag.py:3823} INFO - Setting next_dagrun for example_external_task_marker_parent to None, run_after=None
[2024-03-26T08:57:48.795+0000] {processor.py:183} INFO - Processing /home/airflow/.local/lib/python3.8/site-packages/airflow/example_dags/example_external_task_marker_dag.py took 0.064 seconds
[2024-03-26T08:58:19.307+0000] {processor.py:161} INFO - Started process (PID=637) to work on /home/airflow/.local/lib/python3.8/site-packages/airflow/example_dags/example_external_task_marker_dag.py
[2024-03-26T08:58:19.308+0000] {processor.py:830} INFO - Processing file /home/airflow/.local/lib/python3.8/site-packages/airflow/example_dags/example_external_task_marker_dag.py for tasks to queue
[2024-03-26T08:58:19.310+0000] {logging_mixin.py:188} INFO - [2024-03-26T08:58:19.310+0000] {dagbag.py:538} INFO - Filling up the DagBag from /home/airflow/.local/lib/python3.8/site-packages/airflow/example_dags/example_external_task_marker_dag.py
[2024-03-26T08:58:19.316+0000] {processor.py:840} INFO - DAG(s) 'example_external_task_marker_parent', 'example_external_task_marker_child' retrieved from /home/airflow/.local/lib/python3.8/site-packages/airflow/example_dags/example_external_task_marker_dag.py
[2024-03-26T08:58:19.335+0000] {logging_mixin.py:188} INFO - [2024-03-26T08:58:19.334+0000] {dag.py:3036} INFO - Sync 2 DAGs
[2024-03-26T08:58:19.345+0000] {logging_mixin.py:188} INFO - [2024-03-26T08:58:19.345+0000] {dag.py:3823} INFO - Setting next_dagrun for example_external_task_marker_child to None, run_after=None
[2024-03-26T08:58:19.349+0000] {logging_mixin.py:188} INFO - [2024-03-26T08:58:19.349+0000] {dag.py:3823} INFO - Setting next_dagrun for example_external_task_marker_parent to None, run_after=None
[2024-03-26T08:58:19.366+0000] {processor.py:183} INFO - Processing /home/airflow/.local/lib/python3.8/site-packages/airflow/example_dags/example_external_task_marker_dag.py took 0.060 seconds
[2024-03-26T08:58:49.704+0000] {processor.py:161} INFO - Started process (PID=693) to work on /home/airflow/.local/lib/python3.8/site-packages/airflow/example_dags/example_external_task_marker_dag.py
[2024-03-26T08:58:49.705+0000] {processor.py:830} INFO - Processing file /home/airflow/.local/lib/python3.8/site-packages/airflow/example_dags/example_external_task_marker_dag.py for tasks to queue
[2024-03-26T08:58:49.707+0000] {logging_mixin.py:188} INFO - [2024-03-26T08:58:49.707+0000] {dagbag.py:538} INFO - Filling up the DagBag from /home/airflow/.local/lib/python3.8/site-packages/airflow/example_dags/example_external_task_marker_dag.py
[2024-03-26T08:58:49.712+0000] {processor.py:840} INFO - DAG(s) 'example_external_task_marker_child', 'example_external_task_marker_parent' retrieved from /home/airflow/.local/lib/python3.8/site-packages/airflow/example_dags/example_external_task_marker_dag.py
[2024-03-26T08:58:49.731+0000] {logging_mixin.py:188} INFO - [2024-03-26T08:58:49.731+0000] {dag.py:3036} INFO - Sync 2 DAGs
[2024-03-26T08:58:49.742+0000] {logging_mixin.py:188} INFO - [2024-03-26T08:58:49.742+0000] {dag.py:3823} INFO - Setting next_dagrun for example_external_task_marker_child to None, run_after=None
[2024-03-26T08:58:49.745+0000] {logging_mixin.py:188} INFO - [2024-03-26T08:58:49.745+0000] {dag.py:3823} INFO - Setting next_dagrun for example_external_task_marker_parent to None, run_after=None
[2024-03-26T08:58:49.759+0000] {processor.py:183} INFO - Processing /home/airflow/.local/lib/python3.8/site-packages/airflow/example_dags/example_external_task_marker_dag.py took 0.057 seconds
[2024-03-26T09:07:42.269+0000] {processor.py:161} INFO - Started process (PID=78) to work on /home/airflow/.local/lib/python3.8/site-packages/airflow/example_dags/example_external_task_marker_dag.py
[2024-03-26T09:07:42.270+0000] {processor.py:830} INFO - Processing file /home/airflow/.local/lib/python3.8/site-packages/airflow/example_dags/example_external_task_marker_dag.py for tasks to queue
[2024-03-26T09:07:42.272+0000] {logging_mixin.py:188} INFO - [2024-03-26T09:07:42.271+0000] {dagbag.py:538} INFO - Filling up the DagBag from /home/airflow/.local/lib/python3.8/site-packages/airflow/example_dags/example_external_task_marker_dag.py
[2024-03-26T09:07:42.278+0000] {processor.py:840} INFO - DAG(s) 'example_external_task_marker_child', 'example_external_task_marker_parent' retrieved from /home/airflow/.local/lib/python3.8/site-packages/airflow/example_dags/example_external_task_marker_dag.py
[2024-03-26T09:07:42.288+0000] {logging_mixin.py:188} INFO - [2024-03-26T09:07:42.288+0000] {dag.py:3036} INFO - Sync 2 DAGs
[2024-03-26T09:07:42.300+0000] {logging_mixin.py:188} INFO - [2024-03-26T09:07:42.300+0000] {dag.py:3823} INFO - Setting next_dagrun for example_external_task_marker_child to None, run_after=None
[2024-03-26T09:07:42.304+0000] {logging_mixin.py:188} INFO - [2024-03-26T09:07:42.303+0000] {dag.py:3823} INFO - Setting next_dagrun for example_external_task_marker_parent to None, run_after=None
[2024-03-26T09:07:42.317+0000] {processor.py:183} INFO - Processing /home/airflow/.local/lib/python3.8/site-packages/airflow/example_dags/example_external_task_marker_dag.py took 0.051 seconds
[2024-03-26T09:08:13.347+0000] {processor.py:161} INFO - Started process (PID=136) to work on /home/airflow/.local/lib/python3.8/site-packages/airflow/example_dags/example_external_task_marker_dag.py
[2024-03-26T09:08:13.348+0000] {processor.py:830} INFO - Processing file /home/airflow/.local/lib/python3.8/site-packages/airflow/example_dags/example_external_task_marker_dag.py for tasks to queue
[2024-03-26T09:08:13.350+0000] {logging_mixin.py:188} INFO - [2024-03-26T09:08:13.349+0000] {dagbag.py:538} INFO - Filling up the DagBag from /home/airflow/.local/lib/python3.8/site-packages/airflow/example_dags/example_external_task_marker_dag.py
[2024-03-26T09:08:13.354+0000] {processor.py:840} INFO - DAG(s) 'example_external_task_marker_parent', 'example_external_task_marker_child' retrieved from /home/airflow/.local/lib/python3.8/site-packages/airflow/example_dags/example_external_task_marker_dag.py
[2024-03-26T09:08:13.455+0000] {logging_mixin.py:188} INFO - [2024-03-26T09:08:13.455+0000] {dag.py:3036} INFO - Sync 2 DAGs
[2024-03-26T09:08:13.466+0000] {logging_mixin.py:188} INFO - [2024-03-26T09:08:13.466+0000] {dag.py:3823} INFO - Setting next_dagrun for example_external_task_marker_child to None, run_after=None
[2024-03-26T09:08:13.469+0000] {logging_mixin.py:188} INFO - [2024-03-26T09:08:13.469+0000] {dag.py:3823} INFO - Setting next_dagrun for example_external_task_marker_parent to None, run_after=None
[2024-03-26T09:08:13.486+0000] {processor.py:183} INFO - Processing /home/airflow/.local/lib/python3.8/site-packages/airflow/example_dags/example_external_task_marker_dag.py took 0.141 seconds
[2024-03-26T09:08:43.932+0000] {processor.py:161} INFO - Started process (PID=193) to work on /home/airflow/.local/lib/python3.8/site-packages/airflow/example_dags/example_external_task_marker_dag.py
[2024-03-26T09:08:43.933+0000] {processor.py:830} INFO - Processing file /home/airflow/.local/lib/python3.8/site-packages/airflow/example_dags/example_external_task_marker_dag.py for tasks to queue
[2024-03-26T09:08:43.936+0000] {logging_mixin.py:188} INFO - [2024-03-26T09:08:43.935+0000] {dagbag.py:538} INFO - Filling up the DagBag from /home/airflow/.local/lib/python3.8/site-packages/airflow/example_dags/example_external_task_marker_dag.py
[2024-03-26T09:08:43.944+0000] {processor.py:840} INFO - DAG(s) 'example_external_task_marker_parent', 'example_external_task_marker_child' retrieved from /home/airflow/.local/lib/python3.8/site-packages/airflow/example_dags/example_external_task_marker_dag.py
[2024-03-26T09:08:43.976+0000] {logging_mixin.py:188} INFO - [2024-03-26T09:08:43.976+0000] {dag.py:3036} INFO - Sync 2 DAGs
[2024-03-26T09:08:43.994+0000] {logging_mixin.py:188} INFO - [2024-03-26T09:08:43.994+0000] {dag.py:3823} INFO - Setting next_dagrun for example_external_task_marker_child to None, run_after=None
[2024-03-26T09:08:43.999+0000] {logging_mixin.py:188} INFO - [2024-03-26T09:08:43.999+0000] {dag.py:3823} INFO - Setting next_dagrun for example_external_task_marker_parent to None, run_after=None
[2024-03-26T09:08:44.016+0000] {processor.py:183} INFO - Processing /home/airflow/.local/lib/python3.8/site-packages/airflow/example_dags/example_external_task_marker_dag.py took 0.087 seconds
[2024-03-26T09:09:14.589+0000] {processor.py:161} INFO - Started process (PID=250) to work on /home/airflow/.local/lib/python3.8/site-packages/airflow/example_dags/example_external_task_marker_dag.py
[2024-03-26T09:09:14.590+0000] {processor.py:830} INFO - Processing file /home/airflow/.local/lib/python3.8/site-packages/airflow/example_dags/example_external_task_marker_dag.py for tasks to queue
[2024-03-26T09:09:14.592+0000] {logging_mixin.py:188} INFO - [2024-03-26T09:09:14.592+0000] {dagbag.py:538} INFO - Filling up the DagBag from /home/airflow/.local/lib/python3.8/site-packages/airflow/example_dags/example_external_task_marker_dag.py
[2024-03-26T09:09:14.597+0000] {processor.py:840} INFO - DAG(s) 'example_external_task_marker_parent', 'example_external_task_marker_child' retrieved from /home/airflow/.local/lib/python3.8/site-packages/airflow/example_dags/example_external_task_marker_dag.py
[2024-03-26T09:09:14.618+0000] {logging_mixin.py:188} INFO - [2024-03-26T09:09:14.618+0000] {dag.py:3036} INFO - Sync 2 DAGs
[2024-03-26T09:09:14.630+0000] {logging_mixin.py:188} INFO - [2024-03-26T09:09:14.630+0000] {dag.py:3823} INFO - Setting next_dagrun for example_external_task_marker_child to None, run_after=None
[2024-03-26T09:09:14.635+0000] {logging_mixin.py:188} INFO - [2024-03-26T09:09:14.635+0000] {dag.py:3823} INFO - Setting next_dagrun for example_external_task_marker_parent to None, run_after=None
[2024-03-26T09:09:14.652+0000] {processor.py:183} INFO - Processing /home/airflow/.local/lib/python3.8/site-packages/airflow/example_dags/example_external_task_marker_dag.py took 0.065 seconds
[2024-03-26T09:09:45.270+0000] {processor.py:161} INFO - Started process (PID=307) to work on /home/airflow/.local/lib/python3.8/site-packages/airflow/example_dags/example_external_task_marker_dag.py
[2024-03-26T09:09:45.271+0000] {processor.py:830} INFO - Processing file /home/airflow/.local/lib/python3.8/site-packages/airflow/example_dags/example_external_task_marker_dag.py for tasks to queue
[2024-03-26T09:09:45.272+0000] {logging_mixin.py:188} INFO - [2024-03-26T09:09:45.272+0000] {dagbag.py:538} INFO - Filling up the DagBag from /home/airflow/.local/lib/python3.8/site-packages/airflow/example_dags/example_external_task_marker_dag.py
[2024-03-26T09:09:45.277+0000] {processor.py:840} INFO - DAG(s) 'example_external_task_marker_parent', 'example_external_task_marker_child' retrieved from /home/airflow/.local/lib/python3.8/site-packages/airflow/example_dags/example_external_task_marker_dag.py
[2024-03-26T09:09:45.296+0000] {logging_mixin.py:188} INFO - [2024-03-26T09:09:45.296+0000] {dag.py:3036} INFO - Sync 2 DAGs
[2024-03-26T09:09:45.308+0000] {logging_mixin.py:188} INFO - [2024-03-26T09:09:45.308+0000] {dag.py:3823} INFO - Setting next_dagrun for example_external_task_marker_child to None, run_after=None
[2024-03-26T09:09:45.312+0000] {logging_mixin.py:188} INFO - [2024-03-26T09:09:45.312+0000] {dag.py:3823} INFO - Setting next_dagrun for example_external_task_marker_parent to None, run_after=None
[2024-03-26T09:09:45.328+0000] {processor.py:183} INFO - Processing /home/airflow/.local/lib/python3.8/site-packages/airflow/example_dags/example_external_task_marker_dag.py took 0.060 seconds
[2024-03-26T09:10:16.008+0000] {processor.py:161} INFO - Started process (PID=364) to work on /home/airflow/.local/lib/python3.8/site-packages/airflow/example_dags/example_external_task_marker_dag.py
[2024-03-26T09:10:16.009+0000] {processor.py:830} INFO - Processing file /home/airflow/.local/lib/python3.8/site-packages/airflow/example_dags/example_external_task_marker_dag.py for tasks to queue
[2024-03-26T09:10:16.011+0000] {logging_mixin.py:188} INFO - [2024-03-26T09:10:16.010+0000] {dagbag.py:538} INFO - Filling up the DagBag from /home/airflow/.local/lib/python3.8/site-packages/airflow/example_dags/example_external_task_marker_dag.py
[2024-03-26T09:10:16.016+0000] {processor.py:840} INFO - DAG(s) 'example_external_task_marker_child', 'example_external_task_marker_parent' retrieved from /home/airflow/.local/lib/python3.8/site-packages/airflow/example_dags/example_external_task_marker_dag.py
[2024-03-26T09:10:16.038+0000] {logging_mixin.py:188} INFO - [2024-03-26T09:10:16.038+0000] {dag.py:3036} INFO - Sync 2 DAGs
[2024-03-26T09:10:16.051+0000] {logging_mixin.py:188} INFO - [2024-03-26T09:10:16.051+0000] {dag.py:3823} INFO - Setting next_dagrun for example_external_task_marker_child to None, run_after=None
[2024-03-26T09:10:16.055+0000] {logging_mixin.py:188} INFO - [2024-03-26T09:10:16.055+0000] {dag.py:3823} INFO - Setting next_dagrun for example_external_task_marker_parent to None, run_after=None
[2024-03-26T09:10:16.072+0000] {processor.py:183} INFO - Processing /home/airflow/.local/lib/python3.8/site-packages/airflow/example_dags/example_external_task_marker_dag.py took 0.066 seconds
[2024-03-26T09:50:58.484+0000] {processor.py:161} INFO - Started process (PID=78) to work on /home/airflow/.local/lib/python3.8/site-packages/airflow/example_dags/example_external_task_marker_dag.py
[2024-03-26T09:50:58.485+0000] {processor.py:830} INFO - Processing file /home/airflow/.local/lib/python3.8/site-packages/airflow/example_dags/example_external_task_marker_dag.py for tasks to queue
[2024-03-26T09:50:58.486+0000] {logging_mixin.py:188} INFO - [2024-03-26T09:50:58.486+0000] {dagbag.py:538} INFO - Filling up the DagBag from /home/airflow/.local/lib/python3.8/site-packages/airflow/example_dags/example_external_task_marker_dag.py
[2024-03-26T09:50:58.493+0000] {processor.py:840} INFO - DAG(s) 'example_external_task_marker_parent', 'example_external_task_marker_child' retrieved from /home/airflow/.local/lib/python3.8/site-packages/airflow/example_dags/example_external_task_marker_dag.py
[2024-03-26T09:50:58.503+0000] {logging_mixin.py:188} INFO - [2024-03-26T09:50:58.503+0000] {dag.py:3036} INFO - Sync 2 DAGs
[2024-03-26T09:50:58.515+0000] {logging_mixin.py:188} INFO - [2024-03-26T09:50:58.514+0000] {dag.py:3823} INFO - Setting next_dagrun for example_external_task_marker_child to None, run_after=None
[2024-03-26T09:50:58.518+0000] {logging_mixin.py:188} INFO - [2024-03-26T09:50:58.518+0000] {dag.py:3823} INFO - Setting next_dagrun for example_external_task_marker_parent to None, run_after=None
[2024-03-26T09:50:58.533+0000] {processor.py:183} INFO - Processing /home/airflow/.local/lib/python3.8/site-packages/airflow/example_dags/example_external_task_marker_dag.py took 0.052 seconds
[2024-03-26T09:51:29.339+0000] {processor.py:161} INFO - Started process (PID=135) to work on /home/airflow/.local/lib/python3.8/site-packages/airflow/example_dags/example_external_task_marker_dag.py
[2024-03-26T09:51:29.340+0000] {processor.py:830} INFO - Processing file /home/airflow/.local/lib/python3.8/site-packages/airflow/example_dags/example_external_task_marker_dag.py for tasks to queue
[2024-03-26T09:51:29.341+0000] {logging_mixin.py:188} INFO - [2024-03-26T09:51:29.341+0000] {dagbag.py:538} INFO - Filling up the DagBag from /home/airflow/.local/lib/python3.8/site-packages/airflow/example_dags/example_external_task_marker_dag.py
[2024-03-26T09:51:29.346+0000] {processor.py:840} INFO - DAG(s) 'example_external_task_marker_child', 'example_external_task_marker_parent' retrieved from /home/airflow/.local/lib/python3.8/site-packages/airflow/example_dags/example_external_task_marker_dag.py
[2024-03-26T09:51:29.442+0000] {logging_mixin.py:188} INFO - [2024-03-26T09:51:29.441+0000] {dag.py:3036} INFO - Sync 2 DAGs
[2024-03-26T09:51:29.451+0000] {logging_mixin.py:188} INFO - [2024-03-26T09:51:29.451+0000] {dag.py:3823} INFO - Setting next_dagrun for example_external_task_marker_child to None, run_after=None
[2024-03-26T09:51:29.454+0000] {logging_mixin.py:188} INFO - [2024-03-26T09:51:29.454+0000] {dag.py:3823} INFO - Setting next_dagrun for example_external_task_marker_parent to None, run_after=None
[2024-03-26T09:51:29.469+0000] {processor.py:183} INFO - Processing /home/airflow/.local/lib/python3.8/site-packages/airflow/example_dags/example_external_task_marker_dag.py took 0.132 seconds
[2024-03-26T09:51:59.497+0000] {processor.py:161} INFO - Started process (PID=192) to work on /home/airflow/.local/lib/python3.8/site-packages/airflow/example_dags/example_external_task_marker_dag.py
[2024-03-26T09:51:59.498+0000] {processor.py:830} INFO - Processing file /home/airflow/.local/lib/python3.8/site-packages/airflow/example_dags/example_external_task_marker_dag.py for tasks to queue
[2024-03-26T09:51:59.500+0000] {logging_mixin.py:188} INFO - [2024-03-26T09:51:59.499+0000] {dagbag.py:538} INFO - Filling up the DagBag from /home/airflow/.local/lib/python3.8/site-packages/airflow/example_dags/example_external_task_marker_dag.py
[2024-03-26T09:51:59.504+0000] {processor.py:840} INFO - DAG(s) 'example_external_task_marker_child', 'example_external_task_marker_parent' retrieved from /home/airflow/.local/lib/python3.8/site-packages/airflow/example_dags/example_external_task_marker_dag.py
[2024-03-26T09:51:59.522+0000] {logging_mixin.py:188} INFO - [2024-03-26T09:51:59.522+0000] {dag.py:3036} INFO - Sync 2 DAGs
[2024-03-26T09:51:59.532+0000] {logging_mixin.py:188} INFO - [2024-03-26T09:51:59.531+0000] {dag.py:3823} INFO - Setting next_dagrun for example_external_task_marker_child to None, run_after=None
[2024-03-26T09:51:59.535+0000] {logging_mixin.py:188} INFO - [2024-03-26T09:51:59.535+0000] {dag.py:3823} INFO - Setting next_dagrun for example_external_task_marker_parent to None, run_after=None
[2024-03-26T09:51:59.548+0000] {processor.py:183} INFO - Processing /home/airflow/.local/lib/python3.8/site-packages/airflow/example_dags/example_external_task_marker_dag.py took 0.053 seconds
[2024-03-26T09:52:30.331+0000] {processor.py:161} INFO - Started process (PID=249) to work on /home/airflow/.local/lib/python3.8/site-packages/airflow/example_dags/example_external_task_marker_dag.py
[2024-03-26T09:52:30.332+0000] {processor.py:830} INFO - Processing file /home/airflow/.local/lib/python3.8/site-packages/airflow/example_dags/example_external_task_marker_dag.py for tasks to queue
[2024-03-26T09:52:30.335+0000] {logging_mixin.py:188} INFO - [2024-03-26T09:52:30.333+0000] {dagbag.py:538} INFO - Filling up the DagBag from /home/airflow/.local/lib/python3.8/site-packages/airflow/example_dags/example_external_task_marker_dag.py
[2024-03-26T09:52:30.341+0000] {processor.py:840} INFO - DAG(s) 'example_external_task_marker_child', 'example_external_task_marker_parent' retrieved from /home/airflow/.local/lib/python3.8/site-packages/airflow/example_dags/example_external_task_marker_dag.py
[2024-03-26T09:52:30.358+0000] {logging_mixin.py:188} INFO - [2024-03-26T09:52:30.358+0000] {dag.py:3036} INFO - Sync 2 DAGs
[2024-03-26T09:52:30.369+0000] {logging_mixin.py:188} INFO - [2024-03-26T09:52:30.368+0000] {dag.py:3823} INFO - Setting next_dagrun for example_external_task_marker_child to None, run_after=None
[2024-03-26T09:52:30.372+0000] {logging_mixin.py:188} INFO - [2024-03-26T09:52:30.372+0000] {dag.py:3823} INFO - Setting next_dagrun for example_external_task_marker_parent to None, run_after=None
[2024-03-26T09:52:30.385+0000] {processor.py:183} INFO - Processing /home/airflow/.local/lib/python3.8/site-packages/airflow/example_dags/example_external_task_marker_dag.py took 0.056 seconds
[2024-03-26T09:53:01.129+0000] {processor.py:161} INFO - Started process (PID=306) to work on /home/airflow/.local/lib/python3.8/site-packages/airflow/example_dags/example_external_task_marker_dag.py
[2024-03-26T09:53:01.130+0000] {processor.py:830} INFO - Processing file /home/airflow/.local/lib/python3.8/site-packages/airflow/example_dags/example_external_task_marker_dag.py for tasks to queue
[2024-03-26T09:53:01.132+0000] {logging_mixin.py:188} INFO - [2024-03-26T09:53:01.132+0000] {dagbag.py:538} INFO - Filling up the DagBag from /home/airflow/.local/lib/python3.8/site-packages/airflow/example_dags/example_external_task_marker_dag.py
[2024-03-26T09:53:01.136+0000] {processor.py:840} INFO - DAG(s) 'example_external_task_marker_child', 'example_external_task_marker_parent' retrieved from /home/airflow/.local/lib/python3.8/site-packages/airflow/example_dags/example_external_task_marker_dag.py
[2024-03-26T09:53:01.155+0000] {logging_mixin.py:188} INFO - [2024-03-26T09:53:01.155+0000] {dag.py:3036} INFO - Sync 2 DAGs
[2024-03-26T09:53:01.167+0000] {logging_mixin.py:188} INFO - [2024-03-26T09:53:01.167+0000] {dag.py:3823} INFO - Setting next_dagrun for example_external_task_marker_child to None, run_after=None
[2024-03-26T09:53:01.171+0000] {logging_mixin.py:188} INFO - [2024-03-26T09:53:01.170+0000] {dag.py:3823} INFO - Setting next_dagrun for example_external_task_marker_parent to None, run_after=None
[2024-03-26T09:53:01.185+0000] {processor.py:183} INFO - Processing /home/airflow/.local/lib/python3.8/site-packages/airflow/example_dags/example_external_task_marker_dag.py took 0.057 seconds
[2024-03-26T09:53:31.610+0000] {processor.py:161} INFO - Started process (PID=363) to work on /home/airflow/.local/lib/python3.8/site-packages/airflow/example_dags/example_external_task_marker_dag.py
[2024-03-26T09:53:31.611+0000] {processor.py:830} INFO - Processing file /home/airflow/.local/lib/python3.8/site-packages/airflow/example_dags/example_external_task_marker_dag.py for tasks to queue
[2024-03-26T09:53:31.613+0000] {logging_mixin.py:188} INFO - [2024-03-26T09:53:31.613+0000] {dagbag.py:538} INFO - Filling up the DagBag from /home/airflow/.local/lib/python3.8/site-packages/airflow/example_dags/example_external_task_marker_dag.py
[2024-03-26T09:53:31.620+0000] {processor.py:840} INFO - DAG(s) 'example_external_task_marker_parent', 'example_external_task_marker_child' retrieved from /home/airflow/.local/lib/python3.8/site-packages/airflow/example_dags/example_external_task_marker_dag.py
[2024-03-26T09:53:31.643+0000] {logging_mixin.py:188} INFO - [2024-03-26T09:53:31.642+0000] {dag.py:3036} INFO - Sync 2 DAGs
[2024-03-26T09:53:31.655+0000] {logging_mixin.py:188} INFO - [2024-03-26T09:53:31.655+0000] {dag.py:3823} INFO - Setting next_dagrun for example_external_task_marker_child to None, run_after=None
[2024-03-26T09:53:31.659+0000] {logging_mixin.py:188} INFO - [2024-03-26T09:53:31.659+0000] {dag.py:3823} INFO - Setting next_dagrun for example_external_task_marker_parent to None, run_after=None
[2024-03-26T09:53:31.675+0000] {processor.py:183} INFO - Processing /home/airflow/.local/lib/python3.8/site-packages/airflow/example_dags/example_external_task_marker_dag.py took 0.067 seconds
[2024-03-26T09:54:02.641+0000] {processor.py:161} INFO - Started process (PID=420) to work on /home/airflow/.local/lib/python3.8/site-packages/airflow/example_dags/example_external_task_marker_dag.py
[2024-03-26T09:54:02.642+0000] {processor.py:830} INFO - Processing file /home/airflow/.local/lib/python3.8/site-packages/airflow/example_dags/example_external_task_marker_dag.py for tasks to queue
[2024-03-26T09:54:02.644+0000] {logging_mixin.py:188} INFO - [2024-03-26T09:54:02.643+0000] {dagbag.py:538} INFO - Filling up the DagBag from /home/airflow/.local/lib/python3.8/site-packages/airflow/example_dags/example_external_task_marker_dag.py
[2024-03-26T09:54:02.648+0000] {processor.py:840} INFO - DAG(s) 'example_external_task_marker_parent', 'example_external_task_marker_child' retrieved from /home/airflow/.local/lib/python3.8/site-packages/airflow/example_dags/example_external_task_marker_dag.py
[2024-03-26T09:54:02.668+0000] {logging_mixin.py:188} INFO - [2024-03-26T09:54:02.667+0000] {dag.py:3036} INFO - Sync 2 DAGs
[2024-03-26T09:54:02.678+0000] {logging_mixin.py:188} INFO - [2024-03-26T09:54:02.678+0000] {dag.py:3823} INFO - Setting next_dagrun for example_external_task_marker_child to None, run_after=None
[2024-03-26T09:54:02.682+0000] {logging_mixin.py:188} INFO - [2024-03-26T09:54:02.681+0000] {dag.py:3823} INFO - Setting next_dagrun for example_external_task_marker_parent to None, run_after=None
[2024-03-26T09:54:02.695+0000] {processor.py:183} INFO - Processing /home/airflow/.local/lib/python3.8/site-packages/airflow/example_dags/example_external_task_marker_dag.py took 0.056 seconds
[2024-03-26T09:54:33.271+0000] {processor.py:161} INFO - Started process (PID=477) to work on /home/airflow/.local/lib/python3.8/site-packages/airflow/example_dags/example_external_task_marker_dag.py
[2024-03-26T09:54:33.272+0000] {processor.py:830} INFO - Processing file /home/airflow/.local/lib/python3.8/site-packages/airflow/example_dags/example_external_task_marker_dag.py for tasks to queue
[2024-03-26T09:54:33.274+0000] {logging_mixin.py:188} INFO - [2024-03-26T09:54:33.273+0000] {dagbag.py:538} INFO - Filling up the DagBag from /home/airflow/.local/lib/python3.8/site-packages/airflow/example_dags/example_external_task_marker_dag.py
[2024-03-26T09:54:33.279+0000] {processor.py:840} INFO - DAG(s) 'example_external_task_marker_child', 'example_external_task_marker_parent' retrieved from /home/airflow/.local/lib/python3.8/site-packages/airflow/example_dags/example_external_task_marker_dag.py
[2024-03-26T09:54:33.302+0000] {logging_mixin.py:188} INFO - [2024-03-26T09:54:33.302+0000] {dag.py:3036} INFO - Sync 2 DAGs
[2024-03-26T09:54:33.315+0000] {logging_mixin.py:188} INFO - [2024-03-26T09:54:33.315+0000] {dag.py:3823} INFO - Setting next_dagrun for example_external_task_marker_child to None, run_after=None
[2024-03-26T09:54:33.318+0000] {logging_mixin.py:188} INFO - [2024-03-26T09:54:33.318+0000] {dag.py:3823} INFO - Setting next_dagrun for example_external_task_marker_parent to None, run_after=None
[2024-03-26T09:54:33.333+0000] {processor.py:183} INFO - Processing /home/airflow/.local/lib/python3.8/site-packages/airflow/example_dags/example_external_task_marker_dag.py took 0.065 seconds
[2024-03-26T09:55:03.839+0000] {processor.py:161} INFO - Started process (PID=534) to work on /home/airflow/.local/lib/python3.8/site-packages/airflow/example_dags/example_external_task_marker_dag.py
[2024-03-26T09:55:03.840+0000] {processor.py:830} INFO - Processing file /home/airflow/.local/lib/python3.8/site-packages/airflow/example_dags/example_external_task_marker_dag.py for tasks to queue
[2024-03-26T09:55:03.842+0000] {logging_mixin.py:188} INFO - [2024-03-26T09:55:03.842+0000] {dagbag.py:538} INFO - Filling up the DagBag from /home/airflow/.local/lib/python3.8/site-packages/airflow/example_dags/example_external_task_marker_dag.py
[2024-03-26T09:55:03.846+0000] {processor.py:840} INFO - DAG(s) 'example_external_task_marker_parent', 'example_external_task_marker_child' retrieved from /home/airflow/.local/lib/python3.8/site-packages/airflow/example_dags/example_external_task_marker_dag.py
[2024-03-26T09:55:03.866+0000] {logging_mixin.py:188} INFO - [2024-03-26T09:55:03.865+0000] {dag.py:3036} INFO - Sync 2 DAGs
[2024-03-26T09:55:03.878+0000] {logging_mixin.py:188} INFO - [2024-03-26T09:55:03.878+0000] {dag.py:3823} INFO - Setting next_dagrun for example_external_task_marker_child to None, run_after=None
[2024-03-26T09:55:03.883+0000] {logging_mixin.py:188} INFO - [2024-03-26T09:55:03.882+0000] {dag.py:3823} INFO - Setting next_dagrun for example_external_task_marker_parent to None, run_after=None
[2024-03-26T09:55:03.900+0000] {processor.py:183} INFO - Processing /home/airflow/.local/lib/python3.8/site-packages/airflow/example_dags/example_external_task_marker_dag.py took 0.063 seconds
[2024-03-26T09:55:34.468+0000] {processor.py:161} INFO - Started process (PID=591) to work on /home/airflow/.local/lib/python3.8/site-packages/airflow/example_dags/example_external_task_marker_dag.py
[2024-03-26T09:55:34.469+0000] {processor.py:830} INFO - Processing file /home/airflow/.local/lib/python3.8/site-packages/airflow/example_dags/example_external_task_marker_dag.py for tasks to queue
[2024-03-26T09:55:34.470+0000] {logging_mixin.py:188} INFO - [2024-03-26T09:55:34.470+0000] {dagbag.py:538} INFO - Filling up the DagBag from /home/airflow/.local/lib/python3.8/site-packages/airflow/example_dags/example_external_task_marker_dag.py
[2024-03-26T09:55:34.475+0000] {processor.py:840} INFO - DAG(s) 'example_external_task_marker_parent', 'example_external_task_marker_child' retrieved from /home/airflow/.local/lib/python3.8/site-packages/airflow/example_dags/example_external_task_marker_dag.py
[2024-03-26T09:55:34.496+0000] {logging_mixin.py:188} INFO - [2024-03-26T09:55:34.496+0000] {dag.py:3036} INFO - Sync 2 DAGs
[2024-03-26T09:55:34.506+0000] {logging_mixin.py:188} INFO - [2024-03-26T09:55:34.506+0000] {dag.py:3823} INFO - Setting next_dagrun for example_external_task_marker_child to None, run_after=None
[2024-03-26T09:55:34.509+0000] {logging_mixin.py:188} INFO - [2024-03-26T09:55:34.509+0000] {dag.py:3823} INFO - Setting next_dagrun for example_external_task_marker_parent to None, run_after=None
[2024-03-26T09:55:34.524+0000] {processor.py:183} INFO - Processing /home/airflow/.local/lib/python3.8/site-packages/airflow/example_dags/example_external_task_marker_dag.py took 0.058 seconds
[2024-03-26T09:56:05.194+0000] {processor.py:161} INFO - Started process (PID=648) to work on /home/airflow/.local/lib/python3.8/site-packages/airflow/example_dags/example_external_task_marker_dag.py
[2024-03-26T09:56:05.195+0000] {processor.py:830} INFO - Processing file /home/airflow/.local/lib/python3.8/site-packages/airflow/example_dags/example_external_task_marker_dag.py for tasks to queue
[2024-03-26T09:56:05.197+0000] {logging_mixin.py:188} INFO - [2024-03-26T09:56:05.197+0000] {dagbag.py:538} INFO - Filling up the DagBag from /home/airflow/.local/lib/python3.8/site-packages/airflow/example_dags/example_external_task_marker_dag.py
[2024-03-26T09:56:05.203+0000] {processor.py:840} INFO - DAG(s) 'example_external_task_marker_parent', 'example_external_task_marker_child' retrieved from /home/airflow/.local/lib/python3.8/site-packages/airflow/example_dags/example_external_task_marker_dag.py
[2024-03-26T09:56:05.225+0000] {logging_mixin.py:188} INFO - [2024-03-26T09:56:05.225+0000] {dag.py:3036} INFO - Sync 2 DAGs
[2024-03-26T09:56:05.237+0000] {logging_mixin.py:188} INFO - [2024-03-26T09:56:05.237+0000] {dag.py:3823} INFO - Setting next_dagrun for example_external_task_marker_child to None, run_after=None
[2024-03-26T09:56:05.241+0000] {logging_mixin.py:188} INFO - [2024-03-26T09:56:05.241+0000] {dag.py:3823} INFO - Setting next_dagrun for example_external_task_marker_parent to None, run_after=None
[2024-03-26T09:56:05.255+0000] {processor.py:183} INFO - Processing /home/airflow/.local/lib/python3.8/site-packages/airflow/example_dags/example_external_task_marker_dag.py took 0.064 seconds
[2024-03-26T09:57:48.122+0000] {processor.py:161} INFO - Started process (PID=78) to work on /home/airflow/.local/lib/python3.8/site-packages/airflow/example_dags/example_external_task_marker_dag.py
[2024-03-26T09:57:48.123+0000] {processor.py:830} INFO - Processing file /home/airflow/.local/lib/python3.8/site-packages/airflow/example_dags/example_external_task_marker_dag.py for tasks to queue
[2024-03-26T09:57:48.125+0000] {logging_mixin.py:188} INFO - [2024-03-26T09:57:48.125+0000] {dagbag.py:538} INFO - Filling up the DagBag from /home/airflow/.local/lib/python3.8/site-packages/airflow/example_dags/example_external_task_marker_dag.py
[2024-03-26T09:57:48.131+0000] {processor.py:840} INFO - DAG(s) 'example_external_task_marker_child', 'example_external_task_marker_parent' retrieved from /home/airflow/.local/lib/python3.8/site-packages/airflow/example_dags/example_external_task_marker_dag.py
[2024-03-26T09:57:48.141+0000] {logging_mixin.py:188} INFO - [2024-03-26T09:57:48.141+0000] {dag.py:3036} INFO - Sync 2 DAGs
[2024-03-26T09:57:48.152+0000] {logging_mixin.py:188} INFO - [2024-03-26T09:57:48.152+0000] {dag.py:3823} INFO - Setting next_dagrun for example_external_task_marker_child to None, run_after=None
[2024-03-26T09:57:48.156+0000] {logging_mixin.py:188} INFO - [2024-03-26T09:57:48.156+0000] {dag.py:3823} INFO - Setting next_dagrun for example_external_task_marker_parent to None, run_after=None
[2024-03-26T09:57:48.171+0000] {processor.py:183} INFO - Processing /home/airflow/.local/lib/python3.8/site-packages/airflow/example_dags/example_external_task_marker_dag.py took 0.051 seconds
[2024-03-26T09:58:19.267+0000] {processor.py:161} INFO - Started process (PID=135) to work on /home/airflow/.local/lib/python3.8/site-packages/airflow/example_dags/example_external_task_marker_dag.py
[2024-03-26T09:58:19.268+0000] {processor.py:830} INFO - Processing file /home/airflow/.local/lib/python3.8/site-packages/airflow/example_dags/example_external_task_marker_dag.py for tasks to queue
[2024-03-26T09:58:19.270+0000] {logging_mixin.py:188} INFO - [2024-03-26T09:58:19.269+0000] {dagbag.py:538} INFO - Filling up the DagBag from /home/airflow/.local/lib/python3.8/site-packages/airflow/example_dags/example_external_task_marker_dag.py
[2024-03-26T09:58:19.276+0000] {processor.py:840} INFO - DAG(s) 'example_external_task_marker_child', 'example_external_task_marker_parent' retrieved from /home/airflow/.local/lib/python3.8/site-packages/airflow/example_dags/example_external_task_marker_dag.py
[2024-03-26T09:58:19.409+0000] {logging_mixin.py:188} INFO - [2024-03-26T09:58:19.409+0000] {dag.py:3036} INFO - Sync 2 DAGs
[2024-03-26T09:58:19.422+0000] {logging_mixin.py:188} INFO - [2024-03-26T09:58:19.422+0000] {dag.py:3823} INFO - Setting next_dagrun for example_external_task_marker_child to None, run_after=None
[2024-03-26T09:58:19.426+0000] {logging_mixin.py:188} INFO - [2024-03-26T09:58:19.426+0000] {dag.py:3823} INFO - Setting next_dagrun for example_external_task_marker_parent to None, run_after=None
[2024-03-26T09:58:19.442+0000] {processor.py:183} INFO - Processing /home/airflow/.local/lib/python3.8/site-packages/airflow/example_dags/example_external_task_marker_dag.py took 0.178 seconds
[2024-03-26T09:58:49.678+0000] {processor.py:161} INFO - Started process (PID=192) to work on /home/airflow/.local/lib/python3.8/site-packages/airflow/example_dags/example_external_task_marker_dag.py
[2024-03-26T09:58:49.679+0000] {processor.py:830} INFO - Processing file /home/airflow/.local/lib/python3.8/site-packages/airflow/example_dags/example_external_task_marker_dag.py for tasks to queue
[2024-03-26T09:58:49.681+0000] {logging_mixin.py:188} INFO - [2024-03-26T09:58:49.680+0000] {dagbag.py:538} INFO - Filling up the DagBag from /home/airflow/.local/lib/python3.8/site-packages/airflow/example_dags/example_external_task_marker_dag.py
[2024-03-26T09:58:49.686+0000] {processor.py:840} INFO - DAG(s) 'example_external_task_marker_parent', 'example_external_task_marker_child' retrieved from /home/airflow/.local/lib/python3.8/site-packages/airflow/example_dags/example_external_task_marker_dag.py
[2024-03-26T09:58:49.710+0000] {logging_mixin.py:188} INFO - [2024-03-26T09:58:49.709+0000] {dag.py:3036} INFO - Sync 2 DAGs
[2024-03-26T09:58:49.721+0000] {logging_mixin.py:188} INFO - [2024-03-26T09:58:49.721+0000] {dag.py:3823} INFO - Setting next_dagrun for example_external_task_marker_child to None, run_after=None
[2024-03-26T09:58:49.725+0000] {logging_mixin.py:188} INFO - [2024-03-26T09:58:49.725+0000] {dag.py:3823} INFO - Setting next_dagrun for example_external_task_marker_parent to None, run_after=None
[2024-03-26T09:58:49.741+0000] {processor.py:183} INFO - Processing /home/airflow/.local/lib/python3.8/site-packages/airflow/example_dags/example_external_task_marker_dag.py took 0.065 seconds
[2024-03-26T10:11:04.330+0000] {processor.py:161} INFO - Started process (PID=77) to work on /home/airflow/.local/lib/python3.8/site-packages/airflow/example_dags/example_external_task_marker_dag.py
[2024-03-26T10:11:04.331+0000] {processor.py:830} INFO - Processing file /home/airflow/.local/lib/python3.8/site-packages/airflow/example_dags/example_external_task_marker_dag.py for tasks to queue
[2024-03-26T10:11:04.333+0000] {logging_mixin.py:188} INFO - [2024-03-26T10:11:04.332+0000] {dagbag.py:538} INFO - Filling up the DagBag from /home/airflow/.local/lib/python3.8/site-packages/airflow/example_dags/example_external_task_marker_dag.py
[2024-03-26T10:11:04.342+0000] {processor.py:840} INFO - DAG(s) 'example_external_task_marker_child', 'example_external_task_marker_parent' retrieved from /home/airflow/.local/lib/python3.8/site-packages/airflow/example_dags/example_external_task_marker_dag.py
[2024-03-26T10:11:04.355+0000] {logging_mixin.py:188} INFO - [2024-03-26T10:11:04.354+0000] {dag.py:3036} INFO - Sync 2 DAGs
[2024-03-26T10:11:04.369+0000] {logging_mixin.py:188} INFO - [2024-03-26T10:11:04.369+0000] {dag.py:3823} INFO - Setting next_dagrun for example_external_task_marker_child to None, run_after=None
[2024-03-26T10:11:04.373+0000] {logging_mixin.py:188} INFO - [2024-03-26T10:11:04.373+0000] {dag.py:3823} INFO - Setting next_dagrun for example_external_task_marker_parent to None, run_after=None
[2024-03-26T10:11:04.388+0000] {processor.py:183} INFO - Processing /home/airflow/.local/lib/python3.8/site-packages/airflow/example_dags/example_external_task_marker_dag.py took 0.061 seconds
[2024-03-26T10:11:36.344+0000] {processor.py:161} INFO - Started process (PID=133) to work on /home/airflow/.local/lib/python3.8/site-packages/airflow/example_dags/example_external_task_marker_dag.py
[2024-03-26T10:11:36.345+0000] {processor.py:830} INFO - Processing file /home/airflow/.local/lib/python3.8/site-packages/airflow/example_dags/example_external_task_marker_dag.py for tasks to queue
[2024-03-26T10:11:36.347+0000] {logging_mixin.py:188} INFO - [2024-03-26T10:11:36.346+0000] {dagbag.py:538} INFO - Filling up the DagBag from /home/airflow/.local/lib/python3.8/site-packages/airflow/example_dags/example_external_task_marker_dag.py
[2024-03-26T10:11:36.352+0000] {processor.py:840} INFO - DAG(s) 'example_external_task_marker_parent', 'example_external_task_marker_child' retrieved from /home/airflow/.local/lib/python3.8/site-packages/airflow/example_dags/example_external_task_marker_dag.py
[2024-03-26T10:11:36.458+0000] {logging_mixin.py:188} INFO - [2024-03-26T10:11:36.458+0000] {dag.py:3036} INFO - Sync 2 DAGs
[2024-03-26T10:11:36.470+0000] {logging_mixin.py:188} INFO - [2024-03-26T10:11:36.470+0000] {dag.py:3823} INFO - Setting next_dagrun for example_external_task_marker_child to None, run_after=None
[2024-03-26T10:11:36.474+0000] {logging_mixin.py:188} INFO - [2024-03-26T10:11:36.473+0000] {dag.py:3823} INFO - Setting next_dagrun for example_external_task_marker_parent to None, run_after=None
[2024-03-26T10:11:36.490+0000] {processor.py:183} INFO - Processing /home/airflow/.local/lib/python3.8/site-packages/airflow/example_dags/example_external_task_marker_dag.py took 0.149 seconds
[2024-03-26T10:12:50.437+0000] {processor.py:161} INFO - Started process (PID=78) to work on /home/airflow/.local/lib/python3.8/site-packages/airflow/example_dags/example_external_task_marker_dag.py
[2024-03-26T10:12:50.438+0000] {processor.py:830} INFO - Processing file /home/airflow/.local/lib/python3.8/site-packages/airflow/example_dags/example_external_task_marker_dag.py for tasks to queue
[2024-03-26T10:12:50.440+0000] {logging_mixin.py:188} INFO - [2024-03-26T10:12:50.440+0000] {dagbag.py:538} INFO - Filling up the DagBag from /home/airflow/.local/lib/python3.8/site-packages/airflow/example_dags/example_external_task_marker_dag.py
[2024-03-26T10:12:50.447+0000] {processor.py:840} INFO - DAG(s) 'example_external_task_marker_child', 'example_external_task_marker_parent' retrieved from /home/airflow/.local/lib/python3.8/site-packages/airflow/example_dags/example_external_task_marker_dag.py
[2024-03-26T10:12:50.458+0000] {logging_mixin.py:188} INFO - [2024-03-26T10:12:50.457+0000] {dag.py:3036} INFO - Sync 2 DAGs
[2024-03-26T10:12:50.469+0000] {logging_mixin.py:188} INFO - [2024-03-26T10:12:50.469+0000] {dag.py:3823} INFO - Setting next_dagrun for example_external_task_marker_child to None, run_after=None
[2024-03-26T10:12:50.473+0000] {logging_mixin.py:188} INFO - [2024-03-26T10:12:50.473+0000] {dag.py:3823} INFO - Setting next_dagrun for example_external_task_marker_parent to None, run_after=None
[2024-03-26T10:12:50.490+0000] {processor.py:183} INFO - Processing /home/airflow/.local/lib/python3.8/site-packages/airflow/example_dags/example_external_task_marker_dag.py took 0.056 seconds
[2024-03-26T10:13:21.439+0000] {processor.py:161} INFO - Started process (PID=135) to work on /home/airflow/.local/lib/python3.8/site-packages/airflow/example_dags/example_external_task_marker_dag.py
[2024-03-26T10:13:21.440+0000] {processor.py:830} INFO - Processing file /home/airflow/.local/lib/python3.8/site-packages/airflow/example_dags/example_external_task_marker_dag.py for tasks to queue
[2024-03-26T10:13:21.442+0000] {logging_mixin.py:188} INFO - [2024-03-26T10:13:21.442+0000] {dagbag.py:538} INFO - Filling up the DagBag from /home/airflow/.local/lib/python3.8/site-packages/airflow/example_dags/example_external_task_marker_dag.py
[2024-03-26T10:13:21.446+0000] {processor.py:840} INFO - DAG(s) 'example_external_task_marker_child', 'example_external_task_marker_parent' retrieved from /home/airflow/.local/lib/python3.8/site-packages/airflow/example_dags/example_external_task_marker_dag.py
[2024-03-26T10:13:21.544+0000] {logging_mixin.py:188} INFO - [2024-03-26T10:13:21.544+0000] {dag.py:3036} INFO - Sync 2 DAGs
[2024-03-26T10:13:21.555+0000] {logging_mixin.py:188} INFO - [2024-03-26T10:13:21.555+0000] {dag.py:3823} INFO - Setting next_dagrun for example_external_task_marker_child to None, run_after=None
[2024-03-26T10:13:21.559+0000] {logging_mixin.py:188} INFO - [2024-03-26T10:13:21.559+0000] {dag.py:3823} INFO - Setting next_dagrun for example_external_task_marker_parent to None, run_after=None
[2024-03-26T10:13:21.575+0000] {processor.py:183} INFO - Processing /home/airflow/.local/lib/python3.8/site-packages/airflow/example_dags/example_external_task_marker_dag.py took 0.138 seconds
[2024-03-26T10:13:51.721+0000] {processor.py:161} INFO - Started process (PID=192) to work on /home/airflow/.local/lib/python3.8/site-packages/airflow/example_dags/example_external_task_marker_dag.py
[2024-03-26T10:13:51.722+0000] {processor.py:830} INFO - Processing file /home/airflow/.local/lib/python3.8/site-packages/airflow/example_dags/example_external_task_marker_dag.py for tasks to queue
[2024-03-26T10:13:51.724+0000] {logging_mixin.py:188} INFO - [2024-03-26T10:13:51.724+0000] {dagbag.py:538} INFO - Filling up the DagBag from /home/airflow/.local/lib/python3.8/site-packages/airflow/example_dags/example_external_task_marker_dag.py
[2024-03-26T10:13:51.729+0000] {processor.py:840} INFO - DAG(s) 'example_external_task_marker_parent', 'example_external_task_marker_child' retrieved from /home/airflow/.local/lib/python3.8/site-packages/airflow/example_dags/example_external_task_marker_dag.py
[2024-03-26T10:13:51.761+0000] {logging_mixin.py:188} INFO - [2024-03-26T10:13:51.761+0000] {dag.py:3036} INFO - Sync 2 DAGs
[2024-03-26T10:13:51.776+0000] {logging_mixin.py:188} INFO - [2024-03-26T10:13:51.776+0000] {dag.py:3823} INFO - Setting next_dagrun for example_external_task_marker_child to None, run_after=None
[2024-03-26T10:13:51.782+0000] {logging_mixin.py:188} INFO - [2024-03-26T10:13:51.782+0000] {dag.py:3823} INFO - Setting next_dagrun for example_external_task_marker_parent to None, run_after=None
[2024-03-26T10:13:51.804+0000] {processor.py:183} INFO - Processing /home/airflow/.local/lib/python3.8/site-packages/airflow/example_dags/example_external_task_marker_dag.py took 0.086 seconds
[2024-03-26T10:14:22.053+0000] {processor.py:161} INFO - Started process (PID=249) to work on /home/airflow/.local/lib/python3.8/site-packages/airflow/example_dags/example_external_task_marker_dag.py
[2024-03-26T10:14:22.054+0000] {processor.py:830} INFO - Processing file /home/airflow/.local/lib/python3.8/site-packages/airflow/example_dags/example_external_task_marker_dag.py for tasks to queue
[2024-03-26T10:14:22.056+0000] {logging_mixin.py:188} INFO - [2024-03-26T10:14:22.055+0000] {dagbag.py:538} INFO - Filling up the DagBag from /home/airflow/.local/lib/python3.8/site-packages/airflow/example_dags/example_external_task_marker_dag.py
[2024-03-26T10:14:22.060+0000] {processor.py:840} INFO - DAG(s) 'example_external_task_marker_child', 'example_external_task_marker_parent' retrieved from /home/airflow/.local/lib/python3.8/site-packages/airflow/example_dags/example_external_task_marker_dag.py
[2024-03-26T10:14:22.080+0000] {logging_mixin.py:188} INFO - [2024-03-26T10:14:22.079+0000] {dag.py:3036} INFO - Sync 2 DAGs
[2024-03-26T10:14:22.091+0000] {logging_mixin.py:188} INFO - [2024-03-26T10:14:22.091+0000] {dag.py:3823} INFO - Setting next_dagrun for example_external_task_marker_child to None, run_after=None
[2024-03-26T10:14:22.094+0000] {logging_mixin.py:188} INFO - [2024-03-26T10:14:22.094+0000] {dag.py:3823} INFO - Setting next_dagrun for example_external_task_marker_parent to None, run_after=None
[2024-03-26T10:14:22.109+0000] {processor.py:183} INFO - Processing /home/airflow/.local/lib/python3.8/site-packages/airflow/example_dags/example_external_task_marker_dag.py took 0.058 seconds
[2024-03-26T10:15:16.441+0000] {processor.py:161} INFO - Started process (PID=78) to work on /home/airflow/.local/lib/python3.8/site-packages/airflow/example_dags/example_external_task_marker_dag.py
[2024-03-26T10:15:16.443+0000] {processor.py:830} INFO - Processing file /home/airflow/.local/lib/python3.8/site-packages/airflow/example_dags/example_external_task_marker_dag.py for tasks to queue
[2024-03-26T10:15:16.447+0000] {logging_mixin.py:188} INFO - [2024-03-26T10:15:16.446+0000] {dagbag.py:538} INFO - Filling up the DagBag from /home/airflow/.local/lib/python3.8/site-packages/airflow/example_dags/example_external_task_marker_dag.py
[2024-03-26T10:15:16.458+0000] {processor.py:840} INFO - DAG(s) 'example_external_task_marker_child', 'example_external_task_marker_parent' retrieved from /home/airflow/.local/lib/python3.8/site-packages/airflow/example_dags/example_external_task_marker_dag.py
[2024-03-26T10:15:16.473+0000] {logging_mixin.py:188} INFO - [2024-03-26T10:15:16.472+0000] {dag.py:3036} INFO - Sync 2 DAGs
[2024-03-26T10:15:16.488+0000] {logging_mixin.py:188} INFO - [2024-03-26T10:15:16.488+0000] {dag.py:3823} INFO - Setting next_dagrun for example_external_task_marker_child to None, run_after=None
[2024-03-26T10:15:16.492+0000] {logging_mixin.py:188} INFO - [2024-03-26T10:15:16.492+0000] {dag.py:3823} INFO - Setting next_dagrun for example_external_task_marker_parent to None, run_after=None
[2024-03-26T10:15:16.513+0000] {processor.py:183} INFO - Processing /home/airflow/.local/lib/python3.8/site-packages/airflow/example_dags/example_external_task_marker_dag.py took 0.075 seconds
[2024-03-26T10:17:23.723+0000] {processor.py:161} INFO - Started process (PID=78) to work on /home/airflow/.local/lib/python3.8/site-packages/airflow/example_dags/example_external_task_marker_dag.py
[2024-03-26T10:17:23.725+0000] {processor.py:830} INFO - Processing file /home/airflow/.local/lib/python3.8/site-packages/airflow/example_dags/example_external_task_marker_dag.py for tasks to queue
[2024-03-26T10:17:23.726+0000] {logging_mixin.py:188} INFO - [2024-03-26T10:17:23.726+0000] {dagbag.py:538} INFO - Filling up the DagBag from /home/airflow/.local/lib/python3.8/site-packages/airflow/example_dags/example_external_task_marker_dag.py
[2024-03-26T10:17:23.735+0000] {processor.py:840} INFO - DAG(s) 'example_external_task_marker_parent', 'example_external_task_marker_child' retrieved from /home/airflow/.local/lib/python3.8/site-packages/airflow/example_dags/example_external_task_marker_dag.py
[2024-03-26T10:17:23.748+0000] {logging_mixin.py:188} INFO - [2024-03-26T10:17:23.747+0000] {dag.py:3036} INFO - Sync 2 DAGs
[2024-03-26T10:17:23.761+0000] {logging_mixin.py:188} INFO - [2024-03-26T10:17:23.761+0000] {dag.py:3823} INFO - Setting next_dagrun for example_external_task_marker_child to None, run_after=None
[2024-03-26T10:17:23.766+0000] {logging_mixin.py:188} INFO - [2024-03-26T10:17:23.766+0000] {dag.py:3823} INFO - Setting next_dagrun for example_external_task_marker_parent to None, run_after=None
[2024-03-26T10:17:23.783+0000] {processor.py:183} INFO - Processing /home/airflow/.local/lib/python3.8/site-packages/airflow/example_dags/example_external_task_marker_dag.py took 0.064 seconds
[2024-03-26T10:17:55.246+0000] {processor.py:161} INFO - Started process (PID=135) to work on /home/airflow/.local/lib/python3.8/site-packages/airflow/example_dags/example_external_task_marker_dag.py
[2024-03-26T10:17:55.247+0000] {processor.py:830} INFO - Processing file /home/airflow/.local/lib/python3.8/site-packages/airflow/example_dags/example_external_task_marker_dag.py for tasks to queue
[2024-03-26T10:17:55.249+0000] {logging_mixin.py:188} INFO - [2024-03-26T10:17:55.249+0000] {dagbag.py:538} INFO - Filling up the DagBag from /home/airflow/.local/lib/python3.8/site-packages/airflow/example_dags/example_external_task_marker_dag.py
[2024-03-26T10:17:55.254+0000] {processor.py:840} INFO - DAG(s) 'example_external_task_marker_parent', 'example_external_task_marker_child' retrieved from /home/airflow/.local/lib/python3.8/site-packages/airflow/example_dags/example_external_task_marker_dag.py
[2024-03-26T10:17:55.347+0000] {logging_mixin.py:188} INFO - [2024-03-26T10:17:55.347+0000] {dag.py:3036} INFO - Sync 2 DAGs
[2024-03-26T10:17:55.358+0000] {logging_mixin.py:188} INFO - [2024-03-26T10:17:55.357+0000] {dag.py:3823} INFO - Setting next_dagrun for example_external_task_marker_child to None, run_after=None
[2024-03-26T10:17:55.361+0000] {logging_mixin.py:188} INFO - [2024-03-26T10:17:55.361+0000] {dag.py:3823} INFO - Setting next_dagrun for example_external_task_marker_parent to None, run_after=None
[2024-03-26T10:17:55.378+0000] {processor.py:183} INFO - Processing /home/airflow/.local/lib/python3.8/site-packages/airflow/example_dags/example_external_task_marker_dag.py took 0.133 seconds
