[2024-03-26T08:41:07.284+0000] {processor.py:161} INFO - Started process (PID=68) to work on /home/airflow/.local/lib/python3.8/site-packages/airflow/example_dags/example_branch_day_of_week_operator.py
[2024-03-26T08:41:07.285+0000] {processor.py:830} INFO - Processing file /home/airflow/.local/lib/python3.8/site-packages/airflow/example_dags/example_branch_day_of_week_operator.py for tasks to queue
[2024-03-26T08:41:07.287+0000] {logging_mixin.py:188} INFO - [2024-03-26T08:41:07.287+0000] {dagbag.py:538} INFO - Filling up the DagBag from /home/airflow/.local/lib/python3.8/site-packages/airflow/example_dags/example_branch_day_of_week_operator.py
[2024-03-26T08:41:07.295+0000] {processor.py:840} INFO - DAG(s) 'example_weekday_branch_operator' retrieved from /home/airflow/.local/lib/python3.8/site-packages/airflow/example_dags/example_branch_day_of_week_operator.py
[2024-03-26T08:41:07.305+0000] {logging_mixin.py:188} INFO - [2024-03-26T08:41:07.305+0000] {dag.py:3036} INFO - Sync 1 DAGs
[2024-03-26T08:41:07.326+0000] {logging_mixin.py:188} INFO - [2024-03-26T08:41:07.326+0000] {dag.py:3823} INFO - Setting next_dagrun for example_weekday_branch_operator to 2024-03-25 00:00:00+00:00, run_after=2024-03-26 00:00:00+00:00
[2024-03-26T08:41:07.341+0000] {processor.py:183} INFO - Processing /home/airflow/.local/lib/python3.8/site-packages/airflow/example_dags/example_branch_day_of_week_operator.py took 0.059 seconds
[2024-03-26T08:41:38.673+0000] {processor.py:161} INFO - Started process (PID=124) to work on /home/airflow/.local/lib/python3.8/site-packages/airflow/example_dags/example_branch_day_of_week_operator.py
[2024-03-26T08:41:38.674+0000] {processor.py:830} INFO - Processing file /home/airflow/.local/lib/python3.8/site-packages/airflow/example_dags/example_branch_day_of_week_operator.py for tasks to queue
[2024-03-26T08:41:38.676+0000] {logging_mixin.py:188} INFO - [2024-03-26T08:41:38.676+0000] {dagbag.py:538} INFO - Filling up the DagBag from /home/airflow/.local/lib/python3.8/site-packages/airflow/example_dags/example_branch_day_of_week_operator.py
[2024-03-26T08:41:38.682+0000] {processor.py:840} INFO - DAG(s) 'example_weekday_branch_operator' retrieved from /home/airflow/.local/lib/python3.8/site-packages/airflow/example_dags/example_branch_day_of_week_operator.py
[2024-03-26T08:41:38.789+0000] {logging_mixin.py:188} INFO - [2024-03-26T08:41:38.788+0000] {dag.py:3036} INFO - Sync 1 DAGs
[2024-03-26T08:41:38.809+0000] {logging_mixin.py:188} INFO - [2024-03-26T08:41:38.808+0000] {dag.py:3823} INFO - Setting next_dagrun for example_weekday_branch_operator to 2024-03-25 00:00:00+00:00, run_after=2024-03-26 00:00:00+00:00
[2024-03-26T08:41:38.827+0000] {processor.py:183} INFO - Processing /home/airflow/.local/lib/python3.8/site-packages/airflow/example_dags/example_branch_day_of_week_operator.py took 0.156 seconds
[2024-03-26T08:43:47.516+0000] {processor.py:161} INFO - Started process (PID=68) to work on /home/airflow/.local/lib/python3.8/site-packages/airflow/example_dags/example_branch_day_of_week_operator.py
[2024-03-26T08:43:47.517+0000] {processor.py:830} INFO - Processing file /home/airflow/.local/lib/python3.8/site-packages/airflow/example_dags/example_branch_day_of_week_operator.py for tasks to queue
[2024-03-26T08:43:47.519+0000] {logging_mixin.py:188} INFO - [2024-03-26T08:43:47.518+0000] {dagbag.py:538} INFO - Filling up the DagBag from /home/airflow/.local/lib/python3.8/site-packages/airflow/example_dags/example_branch_day_of_week_operator.py
[2024-03-26T08:43:47.527+0000] {processor.py:840} INFO - DAG(s) 'example_weekday_branch_operator' retrieved from /home/airflow/.local/lib/python3.8/site-packages/airflow/example_dags/example_branch_day_of_week_operator.py
[2024-03-26T08:43:47.536+0000] {logging_mixin.py:188} INFO - [2024-03-26T08:43:47.536+0000] {dag.py:3036} INFO - Sync 1 DAGs
[2024-03-26T08:43:47.558+0000] {logging_mixin.py:188} INFO - [2024-03-26T08:43:47.558+0000] {dag.py:3823} INFO - Setting next_dagrun for example_weekday_branch_operator to 2024-03-25 00:00:00+00:00, run_after=2024-03-26 00:00:00+00:00
[2024-03-26T08:43:47.573+0000] {processor.py:183} INFO - Processing /home/airflow/.local/lib/python3.8/site-packages/airflow/example_dags/example_branch_day_of_week_operator.py took 0.059 seconds
[2024-03-26T08:44:19.085+0000] {processor.py:161} INFO - Started process (PID=124) to work on /home/airflow/.local/lib/python3.8/site-packages/airflow/example_dags/example_branch_day_of_week_operator.py
[2024-03-26T08:44:19.086+0000] {processor.py:830} INFO - Processing file /home/airflow/.local/lib/python3.8/site-packages/airflow/example_dags/example_branch_day_of_week_operator.py for tasks to queue
[2024-03-26T08:44:19.087+0000] {logging_mixin.py:188} INFO - [2024-03-26T08:44:19.087+0000] {dagbag.py:538} INFO - Filling up the DagBag from /home/airflow/.local/lib/python3.8/site-packages/airflow/example_dags/example_branch_day_of_week_operator.py
[2024-03-26T08:44:19.093+0000] {processor.py:840} INFO - DAG(s) 'example_weekday_branch_operator' retrieved from /home/airflow/.local/lib/python3.8/site-packages/airflow/example_dags/example_branch_day_of_week_operator.py
[2024-03-26T08:44:19.175+0000] {logging_mixin.py:188} INFO - [2024-03-26T08:44:19.175+0000] {dag.py:3036} INFO - Sync 1 DAGs
[2024-03-26T08:44:19.192+0000] {logging_mixin.py:188} INFO - [2024-03-26T08:44:19.192+0000] {dag.py:3823} INFO - Setting next_dagrun for example_weekday_branch_operator to 2024-03-25 00:00:00+00:00, run_after=2024-03-26 00:00:00+00:00
[2024-03-26T08:44:19.208+0000] {processor.py:183} INFO - Processing /home/airflow/.local/lib/python3.8/site-packages/airflow/example_dags/example_branch_day_of_week_operator.py took 0.125 seconds
[2024-03-26T08:44:49.356+0000] {processor.py:161} INFO - Started process (PID=180) to work on /home/airflow/.local/lib/python3.8/site-packages/airflow/example_dags/example_branch_day_of_week_operator.py
[2024-03-26T08:44:49.357+0000] {processor.py:830} INFO - Processing file /home/airflow/.local/lib/python3.8/site-packages/airflow/example_dags/example_branch_day_of_week_operator.py for tasks to queue
[2024-03-26T08:44:49.359+0000] {logging_mixin.py:188} INFO - [2024-03-26T08:44:49.358+0000] {dagbag.py:538} INFO - Filling up the DagBag from /home/airflow/.local/lib/python3.8/site-packages/airflow/example_dags/example_branch_day_of_week_operator.py
[2024-03-26T08:44:49.365+0000] {processor.py:840} INFO - DAG(s) 'example_weekday_branch_operator' retrieved from /home/airflow/.local/lib/python3.8/site-packages/airflow/example_dags/example_branch_day_of_week_operator.py
[2024-03-26T08:44:49.382+0000] {logging_mixin.py:188} INFO - [2024-03-26T08:44:49.381+0000] {dag.py:3036} INFO - Sync 1 DAGs
[2024-03-26T08:44:49.403+0000] {logging_mixin.py:188} INFO - [2024-03-26T08:44:49.403+0000] {dag.py:3823} INFO - Setting next_dagrun for example_weekday_branch_operator to 2024-03-25 00:00:00+00:00, run_after=2024-03-26 00:00:00+00:00
[2024-03-26T08:44:49.419+0000] {processor.py:183} INFO - Processing /home/airflow/.local/lib/python3.8/site-packages/airflow/example_dags/example_branch_day_of_week_operator.py took 0.065 seconds
[2024-03-26T08:45:19.688+0000] {processor.py:161} INFO - Started process (PID=236) to work on /home/airflow/.local/lib/python3.8/site-packages/airflow/example_dags/example_branch_day_of_week_operator.py
[2024-03-26T08:45:19.689+0000] {processor.py:830} INFO - Processing file /home/airflow/.local/lib/python3.8/site-packages/airflow/example_dags/example_branch_day_of_week_operator.py for tasks to queue
[2024-03-26T08:45:19.691+0000] {logging_mixin.py:188} INFO - [2024-03-26T08:45:19.690+0000] {dagbag.py:538} INFO - Filling up the DagBag from /home/airflow/.local/lib/python3.8/site-packages/airflow/example_dags/example_branch_day_of_week_operator.py
[2024-03-26T08:45:19.697+0000] {processor.py:840} INFO - DAG(s) 'example_weekday_branch_operator' retrieved from /home/airflow/.local/lib/python3.8/site-packages/airflow/example_dags/example_branch_day_of_week_operator.py
[2024-03-26T08:45:19.713+0000] {logging_mixin.py:188} INFO - [2024-03-26T08:45:19.713+0000] {dag.py:3036} INFO - Sync 1 DAGs
[2024-03-26T08:45:19.733+0000] {logging_mixin.py:188} INFO - [2024-03-26T08:45:19.733+0000] {dag.py:3823} INFO - Setting next_dagrun for example_weekday_branch_operator to 2024-03-25 00:00:00+00:00, run_after=2024-03-26 00:00:00+00:00
[2024-03-26T08:45:19.751+0000] {processor.py:183} INFO - Processing /home/airflow/.local/lib/python3.8/site-packages/airflow/example_dags/example_branch_day_of_week_operator.py took 0.064 seconds
[2024-03-26T08:45:49.924+0000] {processor.py:161} INFO - Started process (PID=292) to work on /home/airflow/.local/lib/python3.8/site-packages/airflow/example_dags/example_branch_day_of_week_operator.py
[2024-03-26T08:45:49.925+0000] {processor.py:830} INFO - Processing file /home/airflow/.local/lib/python3.8/site-packages/airflow/example_dags/example_branch_day_of_week_operator.py for tasks to queue
[2024-03-26T08:45:49.926+0000] {logging_mixin.py:188} INFO - [2024-03-26T08:45:49.926+0000] {dagbag.py:538} INFO - Filling up the DagBag from /home/airflow/.local/lib/python3.8/site-packages/airflow/example_dags/example_branch_day_of_week_operator.py
[2024-03-26T08:45:49.932+0000] {processor.py:840} INFO - DAG(s) 'example_weekday_branch_operator' retrieved from /home/airflow/.local/lib/python3.8/site-packages/airflow/example_dags/example_branch_day_of_week_operator.py
[2024-03-26T08:45:49.949+0000] {logging_mixin.py:188} INFO - [2024-03-26T08:45:49.949+0000] {dag.py:3036} INFO - Sync 1 DAGs
[2024-03-26T08:45:49.968+0000] {logging_mixin.py:188} INFO - [2024-03-26T08:45:49.968+0000] {dag.py:3823} INFO - Setting next_dagrun for example_weekday_branch_operator to 2024-03-25 00:00:00+00:00, run_after=2024-03-26 00:00:00+00:00
[2024-03-26T08:45:49.983+0000] {processor.py:183} INFO - Processing /home/airflow/.local/lib/python3.8/site-packages/airflow/example_dags/example_branch_day_of_week_operator.py took 0.061 seconds
[2024-03-26T08:46:20.115+0000] {processor.py:161} INFO - Started process (PID=348) to work on /home/airflow/.local/lib/python3.8/site-packages/airflow/example_dags/example_branch_day_of_week_operator.py
[2024-03-26T08:46:20.116+0000] {processor.py:830} INFO - Processing file /home/airflow/.local/lib/python3.8/site-packages/airflow/example_dags/example_branch_day_of_week_operator.py for tasks to queue
[2024-03-26T08:46:20.118+0000] {logging_mixin.py:188} INFO - [2024-03-26T08:46:20.118+0000] {dagbag.py:538} INFO - Filling up the DagBag from /home/airflow/.local/lib/python3.8/site-packages/airflow/example_dags/example_branch_day_of_week_operator.py
[2024-03-26T08:46:20.127+0000] {processor.py:840} INFO - DAG(s) 'example_weekday_branch_operator' retrieved from /home/airflow/.local/lib/python3.8/site-packages/airflow/example_dags/example_branch_day_of_week_operator.py
[2024-03-26T08:46:20.143+0000] {logging_mixin.py:188} INFO - [2024-03-26T08:46:20.143+0000] {dag.py:3036} INFO - Sync 1 DAGs
[2024-03-26T08:46:20.162+0000] {logging_mixin.py:188} INFO - [2024-03-26T08:46:20.162+0000] {dag.py:3823} INFO - Setting next_dagrun for example_weekday_branch_operator to 2024-03-25 00:00:00+00:00, run_after=2024-03-26 00:00:00+00:00
[2024-03-26T08:46:20.177+0000] {processor.py:183} INFO - Processing /home/airflow/.local/lib/python3.8/site-packages/airflow/example_dags/example_branch_day_of_week_operator.py took 0.064 seconds
[2024-03-26T08:46:50.326+0000] {processor.py:161} INFO - Started process (PID=404) to work on /home/airflow/.local/lib/python3.8/site-packages/airflow/example_dags/example_branch_day_of_week_operator.py
[2024-03-26T08:46:50.327+0000] {processor.py:830} INFO - Processing file /home/airflow/.local/lib/python3.8/site-packages/airflow/example_dags/example_branch_day_of_week_operator.py for tasks to queue
[2024-03-26T08:46:50.329+0000] {logging_mixin.py:188} INFO - [2024-03-26T08:46:50.328+0000] {dagbag.py:538} INFO - Filling up the DagBag from /home/airflow/.local/lib/python3.8/site-packages/airflow/example_dags/example_branch_day_of_week_operator.py
[2024-03-26T08:46:50.334+0000] {processor.py:840} INFO - DAG(s) 'example_weekday_branch_operator' retrieved from /home/airflow/.local/lib/python3.8/site-packages/airflow/example_dags/example_branch_day_of_week_operator.py
[2024-03-26T08:46:50.350+0000] {logging_mixin.py:188} INFO - [2024-03-26T08:46:50.350+0000] {dag.py:3036} INFO - Sync 1 DAGs
[2024-03-26T08:46:50.369+0000] {logging_mixin.py:188} INFO - [2024-03-26T08:46:50.369+0000] {dag.py:3823} INFO - Setting next_dagrun for example_weekday_branch_operator to 2024-03-25 00:00:00+00:00, run_after=2024-03-26 00:00:00+00:00
[2024-03-26T08:46:50.383+0000] {processor.py:183} INFO - Processing /home/airflow/.local/lib/python3.8/site-packages/airflow/example_dags/example_branch_day_of_week_operator.py took 0.059 seconds
[2024-03-26T08:47:20.611+0000] {processor.py:161} INFO - Started process (PID=460) to work on /home/airflow/.local/lib/python3.8/site-packages/airflow/example_dags/example_branch_day_of_week_operator.py
[2024-03-26T08:47:20.612+0000] {processor.py:830} INFO - Processing file /home/airflow/.local/lib/python3.8/site-packages/airflow/example_dags/example_branch_day_of_week_operator.py for tasks to queue
[2024-03-26T08:47:20.613+0000] {logging_mixin.py:188} INFO - [2024-03-26T08:47:20.613+0000] {dagbag.py:538} INFO - Filling up the DagBag from /home/airflow/.local/lib/python3.8/site-packages/airflow/example_dags/example_branch_day_of_week_operator.py
[2024-03-26T08:47:20.619+0000] {processor.py:840} INFO - DAG(s) 'example_weekday_branch_operator' retrieved from /home/airflow/.local/lib/python3.8/site-packages/airflow/example_dags/example_branch_day_of_week_operator.py
[2024-03-26T08:47:20.637+0000] {logging_mixin.py:188} INFO - [2024-03-26T08:47:20.637+0000] {dag.py:3036} INFO - Sync 1 DAGs
[2024-03-26T08:47:20.660+0000] {logging_mixin.py:188} INFO - [2024-03-26T08:47:20.660+0000] {dag.py:3823} INFO - Setting next_dagrun for example_weekday_branch_operator to 2024-03-25 00:00:00+00:00, run_after=2024-03-26 00:00:00+00:00
[2024-03-26T08:47:20.676+0000] {processor.py:183} INFO - Processing /home/airflow/.local/lib/python3.8/site-packages/airflow/example_dags/example_branch_day_of_week_operator.py took 0.068 seconds
[2024-03-26T08:47:50.831+0000] {processor.py:161} INFO - Started process (PID=516) to work on /home/airflow/.local/lib/python3.8/site-packages/airflow/example_dags/example_branch_day_of_week_operator.py
[2024-03-26T08:47:50.832+0000] {processor.py:830} INFO - Processing file /home/airflow/.local/lib/python3.8/site-packages/airflow/example_dags/example_branch_day_of_week_operator.py for tasks to queue
[2024-03-26T08:47:50.834+0000] {logging_mixin.py:188} INFO - [2024-03-26T08:47:50.833+0000] {dagbag.py:538} INFO - Filling up the DagBag from /home/airflow/.local/lib/python3.8/site-packages/airflow/example_dags/example_branch_day_of_week_operator.py
[2024-03-26T08:47:50.840+0000] {processor.py:840} INFO - DAG(s) 'example_weekday_branch_operator' retrieved from /home/airflow/.local/lib/python3.8/site-packages/airflow/example_dags/example_branch_day_of_week_operator.py
[2024-03-26T08:47:50.857+0000] {logging_mixin.py:188} INFO - [2024-03-26T08:47:50.857+0000] {dag.py:3036} INFO - Sync 1 DAGs
[2024-03-26T08:47:50.878+0000] {logging_mixin.py:188} INFO - [2024-03-26T08:47:50.877+0000] {dag.py:3823} INFO - Setting next_dagrun for example_weekday_branch_operator to 2024-03-25 00:00:00+00:00, run_after=2024-03-26 00:00:00+00:00
[2024-03-26T08:47:50.893+0000] {processor.py:183} INFO - Processing /home/airflow/.local/lib/python3.8/site-packages/airflow/example_dags/example_branch_day_of_week_operator.py took 0.064 seconds
[2024-03-26T08:48:21.122+0000] {processor.py:161} INFO - Started process (PID=572) to work on /home/airflow/.local/lib/python3.8/site-packages/airflow/example_dags/example_branch_day_of_week_operator.py
[2024-03-26T08:48:21.123+0000] {processor.py:830} INFO - Processing file /home/airflow/.local/lib/python3.8/site-packages/airflow/example_dags/example_branch_day_of_week_operator.py for tasks to queue
[2024-03-26T08:48:21.125+0000] {logging_mixin.py:188} INFO - [2024-03-26T08:48:21.124+0000] {dagbag.py:538} INFO - Filling up the DagBag from /home/airflow/.local/lib/python3.8/site-packages/airflow/example_dags/example_branch_day_of_week_operator.py
[2024-03-26T08:48:21.132+0000] {processor.py:840} INFO - DAG(s) 'example_weekday_branch_operator' retrieved from /home/airflow/.local/lib/python3.8/site-packages/airflow/example_dags/example_branch_day_of_week_operator.py
[2024-03-26T08:48:21.148+0000] {logging_mixin.py:188} INFO - [2024-03-26T08:48:21.148+0000] {dag.py:3036} INFO - Sync 1 DAGs
[2024-03-26T08:48:21.166+0000] {logging_mixin.py:188} INFO - [2024-03-26T08:48:21.166+0000] {dag.py:3823} INFO - Setting next_dagrun for example_weekday_branch_operator to 2024-03-25 00:00:00+00:00, run_after=2024-03-26 00:00:00+00:00
[2024-03-26T08:48:21.181+0000] {processor.py:183} INFO - Processing /home/airflow/.local/lib/python3.8/site-packages/airflow/example_dags/example_branch_day_of_week_operator.py took 0.060 seconds
[2024-03-26T08:48:51.575+0000] {processor.py:161} INFO - Started process (PID=628) to work on /home/airflow/.local/lib/python3.8/site-packages/airflow/example_dags/example_branch_day_of_week_operator.py
[2024-03-26T08:48:51.576+0000] {processor.py:830} INFO - Processing file /home/airflow/.local/lib/python3.8/site-packages/airflow/example_dags/example_branch_day_of_week_operator.py for tasks to queue
[2024-03-26T08:48:51.577+0000] {logging_mixin.py:188} INFO - [2024-03-26T08:48:51.577+0000] {dagbag.py:538} INFO - Filling up the DagBag from /home/airflow/.local/lib/python3.8/site-packages/airflow/example_dags/example_branch_day_of_week_operator.py
[2024-03-26T08:48:51.583+0000] {processor.py:840} INFO - DAG(s) 'example_weekday_branch_operator' retrieved from /home/airflow/.local/lib/python3.8/site-packages/airflow/example_dags/example_branch_day_of_week_operator.py
[2024-03-26T08:48:51.599+0000] {logging_mixin.py:188} INFO - [2024-03-26T08:48:51.599+0000] {dag.py:3036} INFO - Sync 1 DAGs
[2024-03-26T08:48:51.618+0000] {logging_mixin.py:188} INFO - [2024-03-26T08:48:51.618+0000] {dag.py:3823} INFO - Setting next_dagrun for example_weekday_branch_operator to 2024-03-25 00:00:00+00:00, run_after=2024-03-26 00:00:00+00:00
[2024-03-26T08:48:51.635+0000] {processor.py:183} INFO - Processing /home/airflow/.local/lib/python3.8/site-packages/airflow/example_dags/example_branch_day_of_week_operator.py took 0.062 seconds
[2024-03-26T08:49:21.891+0000] {processor.py:161} INFO - Started process (PID=684) to work on /home/airflow/.local/lib/python3.8/site-packages/airflow/example_dags/example_branch_day_of_week_operator.py
[2024-03-26T08:49:21.892+0000] {processor.py:830} INFO - Processing file /home/airflow/.local/lib/python3.8/site-packages/airflow/example_dags/example_branch_day_of_week_operator.py for tasks to queue
[2024-03-26T08:49:21.893+0000] {logging_mixin.py:188} INFO - [2024-03-26T08:49:21.893+0000] {dagbag.py:538} INFO - Filling up the DagBag from /home/airflow/.local/lib/python3.8/site-packages/airflow/example_dags/example_branch_day_of_week_operator.py
[2024-03-26T08:49:21.899+0000] {processor.py:840} INFO - DAG(s) 'example_weekday_branch_operator' retrieved from /home/airflow/.local/lib/python3.8/site-packages/airflow/example_dags/example_branch_day_of_week_operator.py
[2024-03-26T08:49:21.916+0000] {logging_mixin.py:188} INFO - [2024-03-26T08:49:21.916+0000] {dag.py:3036} INFO - Sync 1 DAGs
[2024-03-26T08:49:21.934+0000] {logging_mixin.py:188} INFO - [2024-03-26T08:49:21.934+0000] {dag.py:3823} INFO - Setting next_dagrun for example_weekday_branch_operator to 2024-03-25 00:00:00+00:00, run_after=2024-03-26 00:00:00+00:00
[2024-03-26T08:49:21.949+0000] {processor.py:183} INFO - Processing /home/airflow/.local/lib/python3.8/site-packages/airflow/example_dags/example_branch_day_of_week_operator.py took 0.060 seconds
[2024-03-26T08:49:52.354+0000] {processor.py:161} INFO - Started process (PID=740) to work on /home/airflow/.local/lib/python3.8/site-packages/airflow/example_dags/example_branch_day_of_week_operator.py
[2024-03-26T08:49:52.355+0000] {processor.py:830} INFO - Processing file /home/airflow/.local/lib/python3.8/site-packages/airflow/example_dags/example_branch_day_of_week_operator.py for tasks to queue
[2024-03-26T08:49:52.357+0000] {logging_mixin.py:188} INFO - [2024-03-26T08:49:52.357+0000] {dagbag.py:538} INFO - Filling up the DagBag from /home/airflow/.local/lib/python3.8/site-packages/airflow/example_dags/example_branch_day_of_week_operator.py
[2024-03-26T08:49:52.363+0000] {processor.py:840} INFO - DAG(s) 'example_weekday_branch_operator' retrieved from /home/airflow/.local/lib/python3.8/site-packages/airflow/example_dags/example_branch_day_of_week_operator.py
[2024-03-26T08:49:52.381+0000] {logging_mixin.py:188} INFO - [2024-03-26T08:49:52.380+0000] {dag.py:3036} INFO - Sync 1 DAGs
[2024-03-26T08:49:52.402+0000] {logging_mixin.py:188} INFO - [2024-03-26T08:49:52.401+0000] {dag.py:3823} INFO - Setting next_dagrun for example_weekday_branch_operator to 2024-03-25 00:00:00+00:00, run_after=2024-03-26 00:00:00+00:00
[2024-03-26T08:49:52.417+0000] {processor.py:183} INFO - Processing /home/airflow/.local/lib/python3.8/site-packages/airflow/example_dags/example_branch_day_of_week_operator.py took 0.065 seconds
[2024-03-26T08:50:22.920+0000] {processor.py:161} INFO - Started process (PID=796) to work on /home/airflow/.local/lib/python3.8/site-packages/airflow/example_dags/example_branch_day_of_week_operator.py
[2024-03-26T08:50:22.921+0000] {processor.py:830} INFO - Processing file /home/airflow/.local/lib/python3.8/site-packages/airflow/example_dags/example_branch_day_of_week_operator.py for tasks to queue
[2024-03-26T08:50:22.923+0000] {logging_mixin.py:188} INFO - [2024-03-26T08:50:22.922+0000] {dagbag.py:538} INFO - Filling up the DagBag from /home/airflow/.local/lib/python3.8/site-packages/airflow/example_dags/example_branch_day_of_week_operator.py
[2024-03-26T08:50:22.929+0000] {processor.py:840} INFO - DAG(s) 'example_weekday_branch_operator' retrieved from /home/airflow/.local/lib/python3.8/site-packages/airflow/example_dags/example_branch_day_of_week_operator.py
[2024-03-26T08:50:22.945+0000] {logging_mixin.py:188} INFO - [2024-03-26T08:50:22.945+0000] {dag.py:3036} INFO - Sync 1 DAGs
[2024-03-26T08:50:22.965+0000] {logging_mixin.py:188} INFO - [2024-03-26T08:50:22.964+0000] {dag.py:3823} INFO - Setting next_dagrun for example_weekday_branch_operator to 2024-03-25 00:00:00+00:00, run_after=2024-03-26 00:00:00+00:00
[2024-03-26T08:50:22.979+0000] {processor.py:183} INFO - Processing /home/airflow/.local/lib/python3.8/site-packages/airflow/example_dags/example_branch_day_of_week_operator.py took 0.061 seconds
[2024-03-26T08:53:13.140+0000] {processor.py:161} INFO - Started process (PID=68) to work on /home/airflow/.local/lib/python3.8/site-packages/airflow/example_dags/example_branch_day_of_week_operator.py
[2024-03-26T08:53:13.142+0000] {processor.py:830} INFO - Processing file /home/airflow/.local/lib/python3.8/site-packages/airflow/example_dags/example_branch_day_of_week_operator.py for tasks to queue
[2024-03-26T08:53:13.143+0000] {logging_mixin.py:188} INFO - [2024-03-26T08:53:13.143+0000] {dagbag.py:538} INFO - Filling up the DagBag from /home/airflow/.local/lib/python3.8/site-packages/airflow/example_dags/example_branch_day_of_week_operator.py
[2024-03-26T08:53:13.152+0000] {processor.py:840} INFO - DAG(s) 'example_weekday_branch_operator' retrieved from /home/airflow/.local/lib/python3.8/site-packages/airflow/example_dags/example_branch_day_of_week_operator.py
[2024-03-26T08:53:13.168+0000] {logging_mixin.py:188} INFO - [2024-03-26T08:53:13.168+0000] {dag.py:3036} INFO - Sync 1 DAGs
[2024-03-26T08:53:13.191+0000] {logging_mixin.py:188} INFO - [2024-03-26T08:53:13.190+0000] {dag.py:3823} INFO - Setting next_dagrun for example_weekday_branch_operator to 2024-03-25 00:00:00+00:00, run_after=2024-03-26 00:00:00+00:00
[2024-03-26T08:53:13.209+0000] {processor.py:183} INFO - Processing /home/airflow/.local/lib/python3.8/site-packages/airflow/example_dags/example_branch_day_of_week_operator.py took 0.073 seconds
[2024-03-26T08:53:44.907+0000] {processor.py:161} INFO - Started process (PID=124) to work on /home/airflow/.local/lib/python3.8/site-packages/airflow/example_dags/example_branch_day_of_week_operator.py
[2024-03-26T08:53:44.908+0000] {processor.py:830} INFO - Processing file /home/airflow/.local/lib/python3.8/site-packages/airflow/example_dags/example_branch_day_of_week_operator.py for tasks to queue
[2024-03-26T08:53:44.910+0000] {logging_mixin.py:188} INFO - [2024-03-26T08:53:44.910+0000] {dagbag.py:538} INFO - Filling up the DagBag from /home/airflow/.local/lib/python3.8/site-packages/airflow/example_dags/example_branch_day_of_week_operator.py
[2024-03-26T08:53:44.916+0000] {processor.py:840} INFO - DAG(s) 'example_weekday_branch_operator' retrieved from /home/airflow/.local/lib/python3.8/site-packages/airflow/example_dags/example_branch_day_of_week_operator.py
[2024-03-26T08:53:44.997+0000] {logging_mixin.py:188} INFO - [2024-03-26T08:53:44.997+0000] {dag.py:3036} INFO - Sync 1 DAGs
[2024-03-26T08:53:45.018+0000] {logging_mixin.py:188} INFO - [2024-03-26T08:53:45.017+0000] {dag.py:3823} INFO - Setting next_dagrun for example_weekday_branch_operator to 2024-03-25 00:00:00+00:00, run_after=2024-03-26 00:00:00+00:00
[2024-03-26T08:53:45.035+0000] {processor.py:183} INFO - Processing /home/airflow/.local/lib/python3.8/site-packages/airflow/example_dags/example_branch_day_of_week_operator.py took 0.130 seconds
[2024-03-26T08:54:15.283+0000] {processor.py:161} INFO - Started process (PID=180) to work on /home/airflow/.local/lib/python3.8/site-packages/airflow/example_dags/example_branch_day_of_week_operator.py
[2024-03-26T08:54:15.284+0000] {processor.py:830} INFO - Processing file /home/airflow/.local/lib/python3.8/site-packages/airflow/example_dags/example_branch_day_of_week_operator.py for tasks to queue
[2024-03-26T08:54:15.285+0000] {logging_mixin.py:188} INFO - [2024-03-26T08:54:15.285+0000] {dagbag.py:538} INFO - Filling up the DagBag from /home/airflow/.local/lib/python3.8/site-packages/airflow/example_dags/example_branch_day_of_week_operator.py
[2024-03-26T08:54:15.292+0000] {processor.py:840} INFO - DAG(s) 'example_weekday_branch_operator' retrieved from /home/airflow/.local/lib/python3.8/site-packages/airflow/example_dags/example_branch_day_of_week_operator.py
[2024-03-26T08:54:15.307+0000] {logging_mixin.py:188} INFO - [2024-03-26T08:54:15.307+0000] {dag.py:3036} INFO - Sync 1 DAGs
[2024-03-26T08:54:15.326+0000] {logging_mixin.py:188} INFO - [2024-03-26T08:54:15.325+0000] {dag.py:3823} INFO - Setting next_dagrun for example_weekday_branch_operator to 2024-03-25 00:00:00+00:00, run_after=2024-03-26 00:00:00+00:00
[2024-03-26T08:54:15.340+0000] {processor.py:183} INFO - Processing /home/airflow/.local/lib/python3.8/site-packages/airflow/example_dags/example_branch_day_of_week_operator.py took 0.059 seconds
[2024-03-26T08:54:46.044+0000] {processor.py:161} INFO - Started process (PID=236) to work on /home/airflow/.local/lib/python3.8/site-packages/airflow/example_dags/example_branch_day_of_week_operator.py
[2024-03-26T08:54:46.045+0000] {processor.py:830} INFO - Processing file /home/airflow/.local/lib/python3.8/site-packages/airflow/example_dags/example_branch_day_of_week_operator.py for tasks to queue
[2024-03-26T08:54:46.047+0000] {logging_mixin.py:188} INFO - [2024-03-26T08:54:46.046+0000] {dagbag.py:538} INFO - Filling up the DagBag from /home/airflow/.local/lib/python3.8/site-packages/airflow/example_dags/example_branch_day_of_week_operator.py
[2024-03-26T08:54:46.053+0000] {processor.py:840} INFO - DAG(s) 'example_weekday_branch_operator' retrieved from /home/airflow/.local/lib/python3.8/site-packages/airflow/example_dags/example_branch_day_of_week_operator.py
[2024-03-26T08:54:46.069+0000] {logging_mixin.py:188} INFO - [2024-03-26T08:54:46.069+0000] {dag.py:3036} INFO - Sync 1 DAGs
[2024-03-26T08:54:46.090+0000] {logging_mixin.py:188} INFO - [2024-03-26T08:54:46.090+0000] {dag.py:3823} INFO - Setting next_dagrun for example_weekday_branch_operator to 2024-03-25 00:00:00+00:00, run_after=2024-03-26 00:00:00+00:00
[2024-03-26T08:54:46.110+0000] {processor.py:183} INFO - Processing /home/airflow/.local/lib/python3.8/site-packages/airflow/example_dags/example_branch_day_of_week_operator.py took 0.069 seconds
[2024-03-26T08:55:16.424+0000] {processor.py:161} INFO - Started process (PID=292) to work on /home/airflow/.local/lib/python3.8/site-packages/airflow/example_dags/example_branch_day_of_week_operator.py
[2024-03-26T08:55:16.425+0000] {processor.py:830} INFO - Processing file /home/airflow/.local/lib/python3.8/site-packages/airflow/example_dags/example_branch_day_of_week_operator.py for tasks to queue
[2024-03-26T08:55:16.427+0000] {logging_mixin.py:188} INFO - [2024-03-26T08:55:16.426+0000] {dagbag.py:538} INFO - Filling up the DagBag from /home/airflow/.local/lib/python3.8/site-packages/airflow/example_dags/example_branch_day_of_week_operator.py
[2024-03-26T08:55:16.433+0000] {processor.py:840} INFO - DAG(s) 'example_weekday_branch_operator' retrieved from /home/airflow/.local/lib/python3.8/site-packages/airflow/example_dags/example_branch_day_of_week_operator.py
[2024-03-26T08:55:16.449+0000] {logging_mixin.py:188} INFO - [2024-03-26T08:55:16.449+0000] {dag.py:3036} INFO - Sync 1 DAGs
[2024-03-26T08:55:16.468+0000] {logging_mixin.py:188} INFO - [2024-03-26T08:55:16.468+0000] {dag.py:3823} INFO - Setting next_dagrun for example_weekday_branch_operator to 2024-03-25 00:00:00+00:00, run_after=2024-03-26 00:00:00+00:00
[2024-03-26T08:55:16.485+0000] {processor.py:183} INFO - Processing /home/airflow/.local/lib/python3.8/site-packages/airflow/example_dags/example_branch_day_of_week_operator.py took 0.063 seconds
[2024-03-26T08:55:46.830+0000] {processor.py:161} INFO - Started process (PID=348) to work on /home/airflow/.local/lib/python3.8/site-packages/airflow/example_dags/example_branch_day_of_week_operator.py
[2024-03-26T08:55:46.830+0000] {processor.py:830} INFO - Processing file /home/airflow/.local/lib/python3.8/site-packages/airflow/example_dags/example_branch_day_of_week_operator.py for tasks to queue
[2024-03-26T08:55:46.832+0000] {logging_mixin.py:188} INFO - [2024-03-26T08:55:46.832+0000] {dagbag.py:538} INFO - Filling up the DagBag from /home/airflow/.local/lib/python3.8/site-packages/airflow/example_dags/example_branch_day_of_week_operator.py
[2024-03-26T08:55:46.838+0000] {processor.py:840} INFO - DAG(s) 'example_weekday_branch_operator' retrieved from /home/airflow/.local/lib/python3.8/site-packages/airflow/example_dags/example_branch_day_of_week_operator.py
[2024-03-26T08:55:46.856+0000] {logging_mixin.py:188} INFO - [2024-03-26T08:55:46.855+0000] {dag.py:3036} INFO - Sync 1 DAGs
[2024-03-26T08:55:46.876+0000] {logging_mixin.py:188} INFO - [2024-03-26T08:55:46.876+0000] {dag.py:3823} INFO - Setting next_dagrun for example_weekday_branch_operator to 2024-03-25 00:00:00+00:00, run_after=2024-03-26 00:00:00+00:00
[2024-03-26T08:55:46.892+0000] {processor.py:183} INFO - Processing /home/airflow/.local/lib/python3.8/site-packages/airflow/example_dags/example_branch_day_of_week_operator.py took 0.065 seconds
[2024-03-26T08:56:17.087+0000] {processor.py:161} INFO - Started process (PID=404) to work on /home/airflow/.local/lib/python3.8/site-packages/airflow/example_dags/example_branch_day_of_week_operator.py
[2024-03-26T08:56:17.088+0000] {processor.py:830} INFO - Processing file /home/airflow/.local/lib/python3.8/site-packages/airflow/example_dags/example_branch_day_of_week_operator.py for tasks to queue
[2024-03-26T08:56:17.089+0000] {logging_mixin.py:188} INFO - [2024-03-26T08:56:17.089+0000] {dagbag.py:538} INFO - Filling up the DagBag from /home/airflow/.local/lib/python3.8/site-packages/airflow/example_dags/example_branch_day_of_week_operator.py
[2024-03-26T08:56:17.095+0000] {processor.py:840} INFO - DAG(s) 'example_weekday_branch_operator' retrieved from /home/airflow/.local/lib/python3.8/site-packages/airflow/example_dags/example_branch_day_of_week_operator.py
[2024-03-26T08:56:17.111+0000] {logging_mixin.py:188} INFO - [2024-03-26T08:56:17.111+0000] {dag.py:3036} INFO - Sync 1 DAGs
[2024-03-26T08:56:17.131+0000] {logging_mixin.py:188} INFO - [2024-03-26T08:56:17.130+0000] {dag.py:3823} INFO - Setting next_dagrun for example_weekday_branch_operator to 2024-03-25 00:00:00+00:00, run_after=2024-03-26 00:00:00+00:00
[2024-03-26T08:56:17.145+0000] {processor.py:183} INFO - Processing /home/airflow/.local/lib/python3.8/site-packages/airflow/example_dags/example_branch_day_of_week_operator.py took 0.061 seconds
[2024-03-26T08:56:47.459+0000] {processor.py:161} INFO - Started process (PID=460) to work on /home/airflow/.local/lib/python3.8/site-packages/airflow/example_dags/example_branch_day_of_week_operator.py
[2024-03-26T08:56:47.460+0000] {processor.py:830} INFO - Processing file /home/airflow/.local/lib/python3.8/site-packages/airflow/example_dags/example_branch_day_of_week_operator.py for tasks to queue
[2024-03-26T08:56:47.462+0000] {logging_mixin.py:188} INFO - [2024-03-26T08:56:47.461+0000] {dagbag.py:538} INFO - Filling up the DagBag from /home/airflow/.local/lib/python3.8/site-packages/airflow/example_dags/example_branch_day_of_week_operator.py
[2024-03-26T08:56:47.468+0000] {processor.py:840} INFO - DAG(s) 'example_weekday_branch_operator' retrieved from /home/airflow/.local/lib/python3.8/site-packages/airflow/example_dags/example_branch_day_of_week_operator.py
[2024-03-26T08:56:47.484+0000] {logging_mixin.py:188} INFO - [2024-03-26T08:56:47.484+0000] {dag.py:3036} INFO - Sync 1 DAGs
[2024-03-26T08:56:47.503+0000] {logging_mixin.py:188} INFO - [2024-03-26T08:56:47.503+0000] {dag.py:3823} INFO - Setting next_dagrun for example_weekday_branch_operator to 2024-03-25 00:00:00+00:00, run_after=2024-03-26 00:00:00+00:00
[2024-03-26T08:56:47.519+0000] {processor.py:183} INFO - Processing /home/airflow/.local/lib/python3.8/site-packages/airflow/example_dags/example_branch_day_of_week_operator.py took 0.062 seconds
[2024-03-26T08:57:17.806+0000] {processor.py:161} INFO - Started process (PID=516) to work on /home/airflow/.local/lib/python3.8/site-packages/airflow/example_dags/example_branch_day_of_week_operator.py
[2024-03-26T08:57:17.807+0000] {processor.py:830} INFO - Processing file /home/airflow/.local/lib/python3.8/site-packages/airflow/example_dags/example_branch_day_of_week_operator.py for tasks to queue
[2024-03-26T08:57:17.808+0000] {logging_mixin.py:188} INFO - [2024-03-26T08:57:17.808+0000] {dagbag.py:538} INFO - Filling up the DagBag from /home/airflow/.local/lib/python3.8/site-packages/airflow/example_dags/example_branch_day_of_week_operator.py
[2024-03-26T08:57:17.814+0000] {processor.py:840} INFO - DAG(s) 'example_weekday_branch_operator' retrieved from /home/airflow/.local/lib/python3.8/site-packages/airflow/example_dags/example_branch_day_of_week_operator.py
[2024-03-26T08:57:17.833+0000] {logging_mixin.py:188} INFO - [2024-03-26T08:57:17.832+0000] {dag.py:3036} INFO - Sync 1 DAGs
[2024-03-26T08:57:17.850+0000] {logging_mixin.py:188} INFO - [2024-03-26T08:57:17.850+0000] {dag.py:3823} INFO - Setting next_dagrun for example_weekday_branch_operator to 2024-03-25 00:00:00+00:00, run_after=2024-03-26 00:00:00+00:00
[2024-03-26T08:57:17.865+0000] {processor.py:183} INFO - Processing /home/airflow/.local/lib/python3.8/site-packages/airflow/example_dags/example_branch_day_of_week_operator.py took 0.062 seconds
[2024-03-26T08:57:48.329+0000] {processor.py:161} INFO - Started process (PID=572) to work on /home/airflow/.local/lib/python3.8/site-packages/airflow/example_dags/example_branch_day_of_week_operator.py
[2024-03-26T08:57:48.330+0000] {processor.py:830} INFO - Processing file /home/airflow/.local/lib/python3.8/site-packages/airflow/example_dags/example_branch_day_of_week_operator.py for tasks to queue
[2024-03-26T08:57:48.332+0000] {logging_mixin.py:188} INFO - [2024-03-26T08:57:48.332+0000] {dagbag.py:538} INFO - Filling up the DagBag from /home/airflow/.local/lib/python3.8/site-packages/airflow/example_dags/example_branch_day_of_week_operator.py
[2024-03-26T08:57:48.339+0000] {processor.py:840} INFO - DAG(s) 'example_weekday_branch_operator' retrieved from /home/airflow/.local/lib/python3.8/site-packages/airflow/example_dags/example_branch_day_of_week_operator.py
[2024-03-26T08:57:48.357+0000] {logging_mixin.py:188} INFO - [2024-03-26T08:57:48.357+0000] {dag.py:3036} INFO - Sync 1 DAGs
[2024-03-26T08:57:48.379+0000] {logging_mixin.py:188} INFO - [2024-03-26T08:57:48.379+0000] {dag.py:3823} INFO - Setting next_dagrun for example_weekday_branch_operator to 2024-03-25 00:00:00+00:00, run_after=2024-03-26 00:00:00+00:00
[2024-03-26T08:57:48.396+0000] {processor.py:183} INFO - Processing /home/airflow/.local/lib/python3.8/site-packages/airflow/example_dags/example_branch_day_of_week_operator.py took 0.069 seconds
[2024-03-26T08:58:18.851+0000] {processor.py:161} INFO - Started process (PID=628) to work on /home/airflow/.local/lib/python3.8/site-packages/airflow/example_dags/example_branch_day_of_week_operator.py
[2024-03-26T08:58:18.852+0000] {processor.py:830} INFO - Processing file /home/airflow/.local/lib/python3.8/site-packages/airflow/example_dags/example_branch_day_of_week_operator.py for tasks to queue
[2024-03-26T08:58:18.853+0000] {logging_mixin.py:188} INFO - [2024-03-26T08:58:18.853+0000] {dagbag.py:538} INFO - Filling up the DagBag from /home/airflow/.local/lib/python3.8/site-packages/airflow/example_dags/example_branch_day_of_week_operator.py
[2024-03-26T08:58:18.859+0000] {processor.py:840} INFO - DAG(s) 'example_weekday_branch_operator' retrieved from /home/airflow/.local/lib/python3.8/site-packages/airflow/example_dags/example_branch_day_of_week_operator.py
[2024-03-26T08:58:18.876+0000] {logging_mixin.py:188} INFO - [2024-03-26T08:58:18.876+0000] {dag.py:3036} INFO - Sync 1 DAGs
[2024-03-26T08:58:18.899+0000] {logging_mixin.py:188} INFO - [2024-03-26T08:58:18.898+0000] {dag.py:3823} INFO - Setting next_dagrun for example_weekday_branch_operator to 2024-03-25 00:00:00+00:00, run_after=2024-03-26 00:00:00+00:00
[2024-03-26T08:58:18.916+0000] {processor.py:183} INFO - Processing /home/airflow/.local/lib/python3.8/site-packages/airflow/example_dags/example_branch_day_of_week_operator.py took 0.068 seconds
[2024-03-26T08:58:49.330+0000] {processor.py:161} INFO - Started process (PID=684) to work on /home/airflow/.local/lib/python3.8/site-packages/airflow/example_dags/example_branch_day_of_week_operator.py
[2024-03-26T08:58:49.330+0000] {processor.py:830} INFO - Processing file /home/airflow/.local/lib/python3.8/site-packages/airflow/example_dags/example_branch_day_of_week_operator.py for tasks to queue
[2024-03-26T08:58:49.332+0000] {logging_mixin.py:188} INFO - [2024-03-26T08:58:49.332+0000] {dagbag.py:538} INFO - Filling up the DagBag from /home/airflow/.local/lib/python3.8/site-packages/airflow/example_dags/example_branch_day_of_week_operator.py
[2024-03-26T08:58:49.338+0000] {processor.py:840} INFO - DAG(s) 'example_weekday_branch_operator' retrieved from /home/airflow/.local/lib/python3.8/site-packages/airflow/example_dags/example_branch_day_of_week_operator.py
[2024-03-26T08:58:49.355+0000] {logging_mixin.py:188} INFO - [2024-03-26T08:58:49.355+0000] {dag.py:3036} INFO - Sync 1 DAGs
[2024-03-26T08:58:49.374+0000] {logging_mixin.py:188} INFO - [2024-03-26T08:58:49.374+0000] {dag.py:3823} INFO - Setting next_dagrun for example_weekday_branch_operator to 2024-03-25 00:00:00+00:00, run_after=2024-03-26 00:00:00+00:00
[2024-03-26T08:58:49.389+0000] {processor.py:183} INFO - Processing /home/airflow/.local/lib/python3.8/site-packages/airflow/example_dags/example_branch_day_of_week_operator.py took 0.062 seconds
[2024-03-26T09:07:41.765+0000] {processor.py:161} INFO - Started process (PID=69) to work on /home/airflow/.local/lib/python3.8/site-packages/airflow/example_dags/example_branch_day_of_week_operator.py
[2024-03-26T09:07:41.767+0000] {processor.py:830} INFO - Processing file /home/airflow/.local/lib/python3.8/site-packages/airflow/example_dags/example_branch_day_of_week_operator.py for tasks to queue
[2024-03-26T09:07:41.768+0000] {logging_mixin.py:188} INFO - [2024-03-26T09:07:41.768+0000] {dagbag.py:538} INFO - Filling up the DagBag from /home/airflow/.local/lib/python3.8/site-packages/airflow/example_dags/example_branch_day_of_week_operator.py
[2024-03-26T09:07:41.779+0000] {processor.py:840} INFO - DAG(s) 'example_weekday_branch_operator' retrieved from /home/airflow/.local/lib/python3.8/site-packages/airflow/example_dags/example_branch_day_of_week_operator.py
[2024-03-26T09:07:41.793+0000] {logging_mixin.py:188} INFO - [2024-03-26T09:07:41.792+0000] {dag.py:3036} INFO - Sync 1 DAGs
[2024-03-26T09:07:41.819+0000] {logging_mixin.py:188} INFO - [2024-03-26T09:07:41.819+0000] {dag.py:3823} INFO - Setting next_dagrun for example_weekday_branch_operator to 2024-03-25 00:00:00+00:00, run_after=2024-03-26 00:00:00+00:00
[2024-03-26T09:07:41.840+0000] {processor.py:183} INFO - Processing /home/airflow/.local/lib/python3.8/site-packages/airflow/example_dags/example_branch_day_of_week_operator.py took 0.078 seconds
[2024-03-26T09:08:12.621+0000] {processor.py:161} INFO - Started process (PID=127) to work on /home/airflow/.local/lib/python3.8/site-packages/airflow/example_dags/example_branch_day_of_week_operator.py
[2024-03-26T09:08:12.622+0000] {processor.py:830} INFO - Processing file /home/airflow/.local/lib/python3.8/site-packages/airflow/example_dags/example_branch_day_of_week_operator.py for tasks to queue
[2024-03-26T09:08:12.623+0000] {logging_mixin.py:188} INFO - [2024-03-26T09:08:12.623+0000] {dagbag.py:538} INFO - Filling up the DagBag from /home/airflow/.local/lib/python3.8/site-packages/airflow/example_dags/example_branch_day_of_week_operator.py
[2024-03-26T09:08:12.630+0000] {processor.py:840} INFO - DAG(s) 'example_weekday_branch_operator' retrieved from /home/airflow/.local/lib/python3.8/site-packages/airflow/example_dags/example_branch_day_of_week_operator.py
[2024-03-26T09:08:12.714+0000] {logging_mixin.py:188} INFO - [2024-03-26T09:08:12.714+0000] {dag.py:3036} INFO - Sync 1 DAGs
[2024-03-26T09:08:12.732+0000] {logging_mixin.py:188} INFO - [2024-03-26T09:08:12.732+0000] {dag.py:3823} INFO - Setting next_dagrun for example_weekday_branch_operator to 2024-03-25 00:00:00+00:00, run_after=2024-03-26 00:00:00+00:00
[2024-03-26T09:08:12.748+0000] {processor.py:183} INFO - Processing /home/airflow/.local/lib/python3.8/site-packages/airflow/example_dags/example_branch_day_of_week_operator.py took 0.130 seconds
[2024-03-26T09:08:43.480+0000] {processor.py:161} INFO - Started process (PID=184) to work on /home/airflow/.local/lib/python3.8/site-packages/airflow/example_dags/example_branch_day_of_week_operator.py
[2024-03-26T09:08:43.481+0000] {processor.py:830} INFO - Processing file /home/airflow/.local/lib/python3.8/site-packages/airflow/example_dags/example_branch_day_of_week_operator.py for tasks to queue
[2024-03-26T09:08:43.483+0000] {logging_mixin.py:188} INFO - [2024-03-26T09:08:43.482+0000] {dagbag.py:538} INFO - Filling up the DagBag from /home/airflow/.local/lib/python3.8/site-packages/airflow/example_dags/example_branch_day_of_week_operator.py
[2024-03-26T09:08:43.489+0000] {processor.py:840} INFO - DAG(s) 'example_weekday_branch_operator' retrieved from /home/airflow/.local/lib/python3.8/site-packages/airflow/example_dags/example_branch_day_of_week_operator.py
[2024-03-26T09:08:43.505+0000] {logging_mixin.py:188} INFO - [2024-03-26T09:08:43.505+0000] {dag.py:3036} INFO - Sync 1 DAGs
[2024-03-26T09:08:43.525+0000] {logging_mixin.py:188} INFO - [2024-03-26T09:08:43.524+0000] {dag.py:3823} INFO - Setting next_dagrun for example_weekday_branch_operator to 2024-03-25 00:00:00+00:00, run_after=2024-03-26 00:00:00+00:00
[2024-03-26T09:08:43.541+0000] {processor.py:183} INFO - Processing /home/airflow/.local/lib/python3.8/site-packages/airflow/example_dags/example_branch_day_of_week_operator.py took 0.063 seconds
[2024-03-26T09:09:14.070+0000] {processor.py:161} INFO - Started process (PID=241) to work on /home/airflow/.local/lib/python3.8/site-packages/airflow/example_dags/example_branch_day_of_week_operator.py
[2024-03-26T09:09:14.071+0000] {processor.py:830} INFO - Processing file /home/airflow/.local/lib/python3.8/site-packages/airflow/example_dags/example_branch_day_of_week_operator.py for tasks to queue
[2024-03-26T09:09:14.074+0000] {logging_mixin.py:188} INFO - [2024-03-26T09:09:14.073+0000] {dagbag.py:538} INFO - Filling up the DagBag from /home/airflow/.local/lib/python3.8/site-packages/airflow/example_dags/example_branch_day_of_week_operator.py
[2024-03-26T09:09:14.082+0000] {processor.py:840} INFO - DAG(s) 'example_weekday_branch_operator' retrieved from /home/airflow/.local/lib/python3.8/site-packages/airflow/example_dags/example_branch_day_of_week_operator.py
[2024-03-26T09:09:14.103+0000] {logging_mixin.py:188} INFO - [2024-03-26T09:09:14.103+0000] {dag.py:3036} INFO - Sync 1 DAGs
[2024-03-26T09:09:14.130+0000] {logging_mixin.py:188} INFO - [2024-03-26T09:09:14.129+0000] {dag.py:3823} INFO - Setting next_dagrun for example_weekday_branch_operator to 2024-03-25 00:00:00+00:00, run_after=2024-03-26 00:00:00+00:00
[2024-03-26T09:09:14.151+0000] {processor.py:183} INFO - Processing /home/airflow/.local/lib/python3.8/site-packages/airflow/example_dags/example_branch_day_of_week_operator.py took 0.083 seconds
[2024-03-26T09:09:44.899+0000] {processor.py:161} INFO - Started process (PID=298) to work on /home/airflow/.local/lib/python3.8/site-packages/airflow/example_dags/example_branch_day_of_week_operator.py
[2024-03-26T09:09:44.900+0000] {processor.py:830} INFO - Processing file /home/airflow/.local/lib/python3.8/site-packages/airflow/example_dags/example_branch_day_of_week_operator.py for tasks to queue
[2024-03-26T09:09:44.902+0000] {logging_mixin.py:188} INFO - [2024-03-26T09:09:44.901+0000] {dagbag.py:538} INFO - Filling up the DagBag from /home/airflow/.local/lib/python3.8/site-packages/airflow/example_dags/example_branch_day_of_week_operator.py
[2024-03-26T09:09:44.909+0000] {processor.py:840} INFO - DAG(s) 'example_weekday_branch_operator' retrieved from /home/airflow/.local/lib/python3.8/site-packages/airflow/example_dags/example_branch_day_of_week_operator.py
[2024-03-26T09:09:44.927+0000] {logging_mixin.py:188} INFO - [2024-03-26T09:09:44.927+0000] {dag.py:3036} INFO - Sync 1 DAGs
[2024-03-26T09:09:44.946+0000] {logging_mixin.py:188} INFO - [2024-03-26T09:09:44.946+0000] {dag.py:3823} INFO - Setting next_dagrun for example_weekday_branch_operator to 2024-03-25 00:00:00+00:00, run_after=2024-03-26 00:00:00+00:00
[2024-03-26T09:09:44.961+0000] {processor.py:183} INFO - Processing /home/airflow/.local/lib/python3.8/site-packages/airflow/example_dags/example_branch_day_of_week_operator.py took 0.064 seconds
[2024-03-26T09:10:15.504+0000] {processor.py:161} INFO - Started process (PID=355) to work on /home/airflow/.local/lib/python3.8/site-packages/airflow/example_dags/example_branch_day_of_week_operator.py
[2024-03-26T09:10:15.505+0000] {processor.py:830} INFO - Processing file /home/airflow/.local/lib/python3.8/site-packages/airflow/example_dags/example_branch_day_of_week_operator.py for tasks to queue
[2024-03-26T09:10:15.507+0000] {logging_mixin.py:188} INFO - [2024-03-26T09:10:15.506+0000] {dagbag.py:538} INFO - Filling up the DagBag from /home/airflow/.local/lib/python3.8/site-packages/airflow/example_dags/example_branch_day_of_week_operator.py
[2024-03-26T09:10:15.513+0000] {processor.py:840} INFO - DAG(s) 'example_weekday_branch_operator' retrieved from /home/airflow/.local/lib/python3.8/site-packages/airflow/example_dags/example_branch_day_of_week_operator.py
[2024-03-26T09:10:15.529+0000] {logging_mixin.py:188} INFO - [2024-03-26T09:10:15.529+0000] {dag.py:3036} INFO - Sync 1 DAGs
[2024-03-26T09:10:15.558+0000] {logging_mixin.py:188} INFO - [2024-03-26T09:10:15.558+0000] {dag.py:3823} INFO - Setting next_dagrun for example_weekday_branch_operator to 2024-03-25 00:00:00+00:00, run_after=2024-03-26 00:00:00+00:00
[2024-03-26T09:10:15.579+0000] {processor.py:183} INFO - Processing /home/airflow/.local/lib/python3.8/site-packages/airflow/example_dags/example_branch_day_of_week_operator.py took 0.077 seconds
[2024-03-26T09:50:57.965+0000] {processor.py:161} INFO - Started process (PID=69) to work on /home/airflow/.local/lib/python3.8/site-packages/airflow/example_dags/example_branch_day_of_week_operator.py
[2024-03-26T09:50:57.966+0000] {processor.py:830} INFO - Processing file /home/airflow/.local/lib/python3.8/site-packages/airflow/example_dags/example_branch_day_of_week_operator.py for tasks to queue
[2024-03-26T09:50:57.968+0000] {logging_mixin.py:188} INFO - [2024-03-26T09:50:57.968+0000] {dagbag.py:538} INFO - Filling up the DagBag from /home/airflow/.local/lib/python3.8/site-packages/airflow/example_dags/example_branch_day_of_week_operator.py
[2024-03-26T09:50:57.977+0000] {processor.py:840} INFO - DAG(s) 'example_weekday_branch_operator' retrieved from /home/airflow/.local/lib/python3.8/site-packages/airflow/example_dags/example_branch_day_of_week_operator.py
[2024-03-26T09:50:57.987+0000] {logging_mixin.py:188} INFO - [2024-03-26T09:50:57.986+0000] {dag.py:3036} INFO - Sync 1 DAGs
[2024-03-26T09:50:58.010+0000] {logging_mixin.py:188} INFO - [2024-03-26T09:50:58.010+0000] {dag.py:3823} INFO - Setting next_dagrun for example_weekday_branch_operator to 2024-03-25 00:00:00+00:00, run_after=2024-03-26 00:00:00+00:00
[2024-03-26T09:50:58.028+0000] {processor.py:183} INFO - Processing /home/airflow/.local/lib/python3.8/site-packages/airflow/example_dags/example_branch_day_of_week_operator.py took 0.065 seconds
[2024-03-26T09:51:28.700+0000] {processor.py:161} INFO - Started process (PID=126) to work on /home/airflow/.local/lib/python3.8/site-packages/airflow/example_dags/example_branch_day_of_week_operator.py
[2024-03-26T09:51:28.701+0000] {processor.py:830} INFO - Processing file /home/airflow/.local/lib/python3.8/site-packages/airflow/example_dags/example_branch_day_of_week_operator.py for tasks to queue
[2024-03-26T09:51:28.702+0000] {logging_mixin.py:188} INFO - [2024-03-26T09:51:28.702+0000] {dagbag.py:538} INFO - Filling up the DagBag from /home/airflow/.local/lib/python3.8/site-packages/airflow/example_dags/example_branch_day_of_week_operator.py
[2024-03-26T09:51:28.709+0000] {processor.py:840} INFO - DAG(s) 'example_weekday_branch_operator' retrieved from /home/airflow/.local/lib/python3.8/site-packages/airflow/example_dags/example_branch_day_of_week_operator.py
[2024-03-26T09:51:28.797+0000] {logging_mixin.py:188} INFO - [2024-03-26T09:51:28.797+0000] {dag.py:3036} INFO - Sync 1 DAGs
[2024-03-26T09:51:28.815+0000] {logging_mixin.py:188} INFO - [2024-03-26T09:51:28.814+0000] {dag.py:3823} INFO - Setting next_dagrun for example_weekday_branch_operator to 2024-03-25 00:00:00+00:00, run_after=2024-03-26 00:00:00+00:00
[2024-03-26T09:51:28.830+0000] {processor.py:183} INFO - Processing /home/airflow/.local/lib/python3.8/site-packages/airflow/example_dags/example_branch_day_of_week_operator.py took 0.132 seconds
[2024-03-26T09:51:59.099+0000] {processor.py:161} INFO - Started process (PID=183) to work on /home/airflow/.local/lib/python3.8/site-packages/airflow/example_dags/example_branch_day_of_week_operator.py
[2024-03-26T09:51:59.100+0000] {processor.py:830} INFO - Processing file /home/airflow/.local/lib/python3.8/site-packages/airflow/example_dags/example_branch_day_of_week_operator.py for tasks to queue
[2024-03-26T09:51:59.101+0000] {logging_mixin.py:188} INFO - [2024-03-26T09:51:59.101+0000] {dagbag.py:538} INFO - Filling up the DagBag from /home/airflow/.local/lib/python3.8/site-packages/airflow/example_dags/example_branch_day_of_week_operator.py
[2024-03-26T09:51:59.107+0000] {processor.py:840} INFO - DAG(s) 'example_weekday_branch_operator' retrieved from /home/airflow/.local/lib/python3.8/site-packages/airflow/example_dags/example_branch_day_of_week_operator.py
[2024-03-26T09:51:59.126+0000] {logging_mixin.py:188} INFO - [2024-03-26T09:51:59.126+0000] {dag.py:3036} INFO - Sync 1 DAGs
[2024-03-26T09:51:59.146+0000] {logging_mixin.py:188} INFO - [2024-03-26T09:51:59.146+0000] {dag.py:3823} INFO - Setting next_dagrun for example_weekday_branch_operator to 2024-03-25 00:00:00+00:00, run_after=2024-03-26 00:00:00+00:00
[2024-03-26T09:51:59.162+0000] {processor.py:183} INFO - Processing /home/airflow/.local/lib/python3.8/site-packages/airflow/example_dags/example_branch_day_of_week_operator.py took 0.065 seconds
[2024-03-26T09:52:29.896+0000] {processor.py:161} INFO - Started process (PID=240) to work on /home/airflow/.local/lib/python3.8/site-packages/airflow/example_dags/example_branch_day_of_week_operator.py
[2024-03-26T09:52:29.897+0000] {processor.py:830} INFO - Processing file /home/airflow/.local/lib/python3.8/site-packages/airflow/example_dags/example_branch_day_of_week_operator.py for tasks to queue
[2024-03-26T09:52:29.899+0000] {logging_mixin.py:188} INFO - [2024-03-26T09:52:29.898+0000] {dagbag.py:538} INFO - Filling up the DagBag from /home/airflow/.local/lib/python3.8/site-packages/airflow/example_dags/example_branch_day_of_week_operator.py
[2024-03-26T09:52:29.906+0000] {processor.py:840} INFO - DAG(s) 'example_weekday_branch_operator' retrieved from /home/airflow/.local/lib/python3.8/site-packages/airflow/example_dags/example_branch_day_of_week_operator.py
[2024-03-26T09:52:29.923+0000] {logging_mixin.py:188} INFO - [2024-03-26T09:52:29.923+0000] {dag.py:3036} INFO - Sync 1 DAGs
[2024-03-26T09:52:29.942+0000] {logging_mixin.py:188} INFO - [2024-03-26T09:52:29.942+0000] {dag.py:3823} INFO - Setting next_dagrun for example_weekday_branch_operator to 2024-03-25 00:00:00+00:00, run_after=2024-03-26 00:00:00+00:00
[2024-03-26T09:52:29.958+0000] {processor.py:183} INFO - Processing /home/airflow/.local/lib/python3.8/site-packages/airflow/example_dags/example_branch_day_of_week_operator.py took 0.064 seconds
[2024-03-26T09:53:00.771+0000] {processor.py:161} INFO - Started process (PID=297) to work on /home/airflow/.local/lib/python3.8/site-packages/airflow/example_dags/example_branch_day_of_week_operator.py
[2024-03-26T09:53:00.772+0000] {processor.py:830} INFO - Processing file /home/airflow/.local/lib/python3.8/site-packages/airflow/example_dags/example_branch_day_of_week_operator.py for tasks to queue
[2024-03-26T09:53:00.774+0000] {logging_mixin.py:188} INFO - [2024-03-26T09:53:00.774+0000] {dagbag.py:538} INFO - Filling up the DagBag from /home/airflow/.local/lib/python3.8/site-packages/airflow/example_dags/example_branch_day_of_week_operator.py
[2024-03-26T09:53:00.780+0000] {processor.py:840} INFO - DAG(s) 'example_weekday_branch_operator' retrieved from /home/airflow/.local/lib/python3.8/site-packages/airflow/example_dags/example_branch_day_of_week_operator.py
[2024-03-26T09:53:00.796+0000] {logging_mixin.py:188} INFO - [2024-03-26T09:53:00.796+0000] {dag.py:3036} INFO - Sync 1 DAGs
[2024-03-26T09:53:00.815+0000] {logging_mixin.py:188} INFO - [2024-03-26T09:53:00.815+0000] {dag.py:3823} INFO - Setting next_dagrun for example_weekday_branch_operator to 2024-03-25 00:00:00+00:00, run_after=2024-03-26 00:00:00+00:00
[2024-03-26T09:53:00.829+0000] {processor.py:183} INFO - Processing /home/airflow/.local/lib/python3.8/site-packages/airflow/example_dags/example_branch_day_of_week_operator.py took 0.060 seconds
[2024-03-26T09:53:31.167+0000] {processor.py:161} INFO - Started process (PID=354) to work on /home/airflow/.local/lib/python3.8/site-packages/airflow/example_dags/example_branch_day_of_week_operator.py
[2024-03-26T09:53:31.168+0000] {processor.py:830} INFO - Processing file /home/airflow/.local/lib/python3.8/site-packages/airflow/example_dags/example_branch_day_of_week_operator.py for tasks to queue
[2024-03-26T09:53:31.169+0000] {logging_mixin.py:188} INFO - [2024-03-26T09:53:31.169+0000] {dagbag.py:538} INFO - Filling up the DagBag from /home/airflow/.local/lib/python3.8/site-packages/airflow/example_dags/example_branch_day_of_week_operator.py
[2024-03-26T09:53:31.176+0000] {processor.py:840} INFO - DAG(s) 'example_weekday_branch_operator' retrieved from /home/airflow/.local/lib/python3.8/site-packages/airflow/example_dags/example_branch_day_of_week_operator.py
[2024-03-26T09:53:31.193+0000] {logging_mixin.py:188} INFO - [2024-03-26T09:53:31.192+0000] {dag.py:3036} INFO - Sync 1 DAGs
[2024-03-26T09:53:31.213+0000] {logging_mixin.py:188} INFO - [2024-03-26T09:53:31.213+0000] {dag.py:3823} INFO - Setting next_dagrun for example_weekday_branch_operator to 2024-03-25 00:00:00+00:00, run_after=2024-03-26 00:00:00+00:00
[2024-03-26T09:53:31.231+0000] {processor.py:183} INFO - Processing /home/airflow/.local/lib/python3.8/site-packages/airflow/example_dags/example_branch_day_of_week_operator.py took 0.066 seconds
[2024-03-26T09:54:02.285+0000] {processor.py:161} INFO - Started process (PID=411) to work on /home/airflow/.local/lib/python3.8/site-packages/airflow/example_dags/example_branch_day_of_week_operator.py
[2024-03-26T09:54:02.286+0000] {processor.py:830} INFO - Processing file /home/airflow/.local/lib/python3.8/site-packages/airflow/example_dags/example_branch_day_of_week_operator.py for tasks to queue
[2024-03-26T09:54:02.287+0000] {logging_mixin.py:188} INFO - [2024-03-26T09:54:02.287+0000] {dagbag.py:538} INFO - Filling up the DagBag from /home/airflow/.local/lib/python3.8/site-packages/airflow/example_dags/example_branch_day_of_week_operator.py
[2024-03-26T09:54:02.293+0000] {processor.py:840} INFO - DAG(s) 'example_weekday_branch_operator' retrieved from /home/airflow/.local/lib/python3.8/site-packages/airflow/example_dags/example_branch_day_of_week_operator.py
[2024-03-26T09:54:02.308+0000] {logging_mixin.py:188} INFO - [2024-03-26T09:54:02.308+0000] {dag.py:3036} INFO - Sync 1 DAGs
[2024-03-26T09:54:02.327+0000] {logging_mixin.py:188} INFO - [2024-03-26T09:54:02.327+0000] {dag.py:3823} INFO - Setting next_dagrun for example_weekday_branch_operator to 2024-03-25 00:00:00+00:00, run_after=2024-03-26 00:00:00+00:00
[2024-03-26T09:54:02.343+0000] {processor.py:183} INFO - Processing /home/airflow/.local/lib/python3.8/site-packages/airflow/example_dags/example_branch_day_of_week_operator.py took 0.060 seconds
[2024-03-26T09:54:32.857+0000] {processor.py:161} INFO - Started process (PID=468) to work on /home/airflow/.local/lib/python3.8/site-packages/airflow/example_dags/example_branch_day_of_week_operator.py
[2024-03-26T09:54:32.858+0000] {processor.py:830} INFO - Processing file /home/airflow/.local/lib/python3.8/site-packages/airflow/example_dags/example_branch_day_of_week_operator.py for tasks to queue
[2024-03-26T09:54:32.859+0000] {logging_mixin.py:188} INFO - [2024-03-26T09:54:32.859+0000] {dagbag.py:538} INFO - Filling up the DagBag from /home/airflow/.local/lib/python3.8/site-packages/airflow/example_dags/example_branch_day_of_week_operator.py
[2024-03-26T09:54:32.865+0000] {processor.py:840} INFO - DAG(s) 'example_weekday_branch_operator' retrieved from /home/airflow/.local/lib/python3.8/site-packages/airflow/example_dags/example_branch_day_of_week_operator.py
[2024-03-26T09:54:32.882+0000] {logging_mixin.py:188} INFO - [2024-03-26T09:54:32.881+0000] {dag.py:3036} INFO - Sync 1 DAGs
[2024-03-26T09:54:32.905+0000] {logging_mixin.py:188} INFO - [2024-03-26T09:54:32.905+0000] {dag.py:3823} INFO - Setting next_dagrun for example_weekday_branch_operator to 2024-03-25 00:00:00+00:00, run_after=2024-03-26 00:00:00+00:00
[2024-03-26T09:54:32.926+0000] {processor.py:183} INFO - Processing /home/airflow/.local/lib/python3.8/site-packages/airflow/example_dags/example_branch_day_of_week_operator.py took 0.071 seconds
[2024-03-26T09:55:03.437+0000] {processor.py:161} INFO - Started process (PID=525) to work on /home/airflow/.local/lib/python3.8/site-packages/airflow/example_dags/example_branch_day_of_week_operator.py
[2024-03-26T09:55:03.438+0000] {processor.py:830} INFO - Processing file /home/airflow/.local/lib/python3.8/site-packages/airflow/example_dags/example_branch_day_of_week_operator.py for tasks to queue
[2024-03-26T09:55:03.439+0000] {logging_mixin.py:188} INFO - [2024-03-26T09:55:03.439+0000] {dagbag.py:538} INFO - Filling up the DagBag from /home/airflow/.local/lib/python3.8/site-packages/airflow/example_dags/example_branch_day_of_week_operator.py
[2024-03-26T09:55:03.446+0000] {processor.py:840} INFO - DAG(s) 'example_weekday_branch_operator' retrieved from /home/airflow/.local/lib/python3.8/site-packages/airflow/example_dags/example_branch_day_of_week_operator.py
[2024-03-26T09:55:03.464+0000] {logging_mixin.py:188} INFO - [2024-03-26T09:55:03.464+0000] {dag.py:3036} INFO - Sync 1 DAGs
[2024-03-26T09:55:03.485+0000] {logging_mixin.py:188} INFO - [2024-03-26T09:55:03.485+0000] {dag.py:3823} INFO - Setting next_dagrun for example_weekday_branch_operator to 2024-03-25 00:00:00+00:00, run_after=2024-03-26 00:00:00+00:00
[2024-03-26T09:55:03.503+0000] {processor.py:183} INFO - Processing /home/airflow/.local/lib/python3.8/site-packages/airflow/example_dags/example_branch_day_of_week_operator.py took 0.068 seconds
[2024-03-26T09:55:34.053+0000] {processor.py:161} INFO - Started process (PID=583) to work on /home/airflow/.local/lib/python3.8/site-packages/airflow/example_dags/example_branch_day_of_week_operator.py
[2024-03-26T09:55:34.054+0000] {processor.py:830} INFO - Processing file /home/airflow/.local/lib/python3.8/site-packages/airflow/example_dags/example_branch_day_of_week_operator.py for tasks to queue
[2024-03-26T09:55:34.055+0000] {logging_mixin.py:188} INFO - [2024-03-26T09:55:34.055+0000] {dagbag.py:538} INFO - Filling up the DagBag from /home/airflow/.local/lib/python3.8/site-packages/airflow/example_dags/example_branch_day_of_week_operator.py
[2024-03-26T09:55:34.061+0000] {processor.py:840} INFO - DAG(s) 'example_weekday_branch_operator' retrieved from /home/airflow/.local/lib/python3.8/site-packages/airflow/example_dags/example_branch_day_of_week_operator.py
[2024-03-26T09:55:34.078+0000] {logging_mixin.py:188} INFO - [2024-03-26T09:55:34.078+0000] {dag.py:3036} INFO - Sync 1 DAGs
[2024-03-26T09:55:34.100+0000] {logging_mixin.py:188} INFO - [2024-03-26T09:55:34.099+0000] {dag.py:3823} INFO - Setting next_dagrun for example_weekday_branch_operator to 2024-03-25 00:00:00+00:00, run_after=2024-03-26 00:00:00+00:00
[2024-03-26T09:55:34.115+0000] {processor.py:183} INFO - Processing /home/airflow/.local/lib/python3.8/site-packages/airflow/example_dags/example_branch_day_of_week_operator.py took 0.064 seconds
[2024-03-26T09:56:04.687+0000] {processor.py:161} INFO - Started process (PID=639) to work on /home/airflow/.local/lib/python3.8/site-packages/airflow/example_dags/example_branch_day_of_week_operator.py
[2024-03-26T09:56:04.689+0000] {processor.py:830} INFO - Processing file /home/airflow/.local/lib/python3.8/site-packages/airflow/example_dags/example_branch_day_of_week_operator.py for tasks to queue
[2024-03-26T09:56:04.690+0000] {logging_mixin.py:188} INFO - [2024-03-26T09:56:04.690+0000] {dagbag.py:538} INFO - Filling up the DagBag from /home/airflow/.local/lib/python3.8/site-packages/airflow/example_dags/example_branch_day_of_week_operator.py
[2024-03-26T09:56:04.697+0000] {processor.py:840} INFO - DAG(s) 'example_weekday_branch_operator' retrieved from /home/airflow/.local/lib/python3.8/site-packages/airflow/example_dags/example_branch_day_of_week_operator.py
[2024-03-26T09:56:04.717+0000] {logging_mixin.py:188} INFO - [2024-03-26T09:56:04.717+0000] {dag.py:3036} INFO - Sync 1 DAGs
[2024-03-26T09:56:04.739+0000] {logging_mixin.py:188} INFO - [2024-03-26T09:56:04.739+0000] {dag.py:3823} INFO - Setting next_dagrun for example_weekday_branch_operator to 2024-03-25 00:00:00+00:00, run_after=2024-03-26 00:00:00+00:00
[2024-03-26T09:56:04.759+0000] {processor.py:183} INFO - Processing /home/airflow/.local/lib/python3.8/site-packages/airflow/example_dags/example_branch_day_of_week_operator.py took 0.074 seconds
[2024-03-26T09:57:47.630+0000] {processor.py:161} INFO - Started process (PID=69) to work on /home/airflow/.local/lib/python3.8/site-packages/airflow/example_dags/example_branch_day_of_week_operator.py
[2024-03-26T09:57:47.631+0000] {processor.py:830} INFO - Processing file /home/airflow/.local/lib/python3.8/site-packages/airflow/example_dags/example_branch_day_of_week_operator.py for tasks to queue
[2024-03-26T09:57:47.633+0000] {logging_mixin.py:188} INFO - [2024-03-26T09:57:47.632+0000] {dagbag.py:538} INFO - Filling up the DagBag from /home/airflow/.local/lib/python3.8/site-packages/airflow/example_dags/example_branch_day_of_week_operator.py
[2024-03-26T09:57:47.641+0000] {processor.py:840} INFO - DAG(s) 'example_weekday_branch_operator' retrieved from /home/airflow/.local/lib/python3.8/site-packages/airflow/example_dags/example_branch_day_of_week_operator.py
[2024-03-26T09:57:47.650+0000] {logging_mixin.py:188} INFO - [2024-03-26T09:57:47.650+0000] {dag.py:3036} INFO - Sync 1 DAGs
[2024-03-26T09:57:47.673+0000] {logging_mixin.py:188} INFO - [2024-03-26T09:57:47.672+0000] {dag.py:3823} INFO - Setting next_dagrun for example_weekday_branch_operator to 2024-03-25 00:00:00+00:00, run_after=2024-03-26 00:00:00+00:00
[2024-03-26T09:57:47.692+0000] {processor.py:183} INFO - Processing /home/airflow/.local/lib/python3.8/site-packages/airflow/example_dags/example_branch_day_of_week_operator.py took 0.064 seconds
[2024-03-26T09:58:18.392+0000] {processor.py:161} INFO - Started process (PID=126) to work on /home/airflow/.local/lib/python3.8/site-packages/airflow/example_dags/example_branch_day_of_week_operator.py
[2024-03-26T09:58:18.393+0000] {processor.py:830} INFO - Processing file /home/airflow/.local/lib/python3.8/site-packages/airflow/example_dags/example_branch_day_of_week_operator.py for tasks to queue
[2024-03-26T09:58:18.394+0000] {logging_mixin.py:188} INFO - [2024-03-26T09:58:18.394+0000] {dagbag.py:538} INFO - Filling up the DagBag from /home/airflow/.local/lib/python3.8/site-packages/airflow/example_dags/example_branch_day_of_week_operator.py
[2024-03-26T09:58:18.405+0000] {processor.py:840} INFO - DAG(s) 'example_weekday_branch_operator' retrieved from /home/airflow/.local/lib/python3.8/site-packages/airflow/example_dags/example_branch_day_of_week_operator.py
[2024-03-26T09:58:18.498+0000] {logging_mixin.py:188} INFO - [2024-03-26T09:58:18.498+0000] {dag.py:3036} INFO - Sync 1 DAGs
[2024-03-26T09:58:18.518+0000] {logging_mixin.py:188} INFO - [2024-03-26T09:58:18.518+0000] {dag.py:3823} INFO - Setting next_dagrun for example_weekday_branch_operator to 2024-03-25 00:00:00+00:00, run_after=2024-03-26 00:00:00+00:00
[2024-03-26T09:58:18.535+0000] {processor.py:183} INFO - Processing /home/airflow/.local/lib/python3.8/site-packages/airflow/example_dags/example_branch_day_of_week_operator.py took 0.146 seconds
[2024-03-26T09:58:49.036+0000] {processor.py:161} INFO - Started process (PID=183) to work on /home/airflow/.local/lib/python3.8/site-packages/airflow/example_dags/example_branch_day_of_week_operator.py
[2024-03-26T09:58:49.037+0000] {processor.py:830} INFO - Processing file /home/airflow/.local/lib/python3.8/site-packages/airflow/example_dags/example_branch_day_of_week_operator.py for tasks to queue
[2024-03-26T09:58:49.039+0000] {logging_mixin.py:188} INFO - [2024-03-26T09:58:49.039+0000] {dagbag.py:538} INFO - Filling up the DagBag from /home/airflow/.local/lib/python3.8/site-packages/airflow/example_dags/example_branch_day_of_week_operator.py
[2024-03-26T09:58:49.048+0000] {processor.py:840} INFO - DAG(s) 'example_weekday_branch_operator' retrieved from /home/airflow/.local/lib/python3.8/site-packages/airflow/example_dags/example_branch_day_of_week_operator.py
[2024-03-26T09:58:49.071+0000] {logging_mixin.py:188} INFO - [2024-03-26T09:58:49.071+0000] {dag.py:3036} INFO - Sync 1 DAGs
[2024-03-26T09:58:49.096+0000] {logging_mixin.py:188} INFO - [2024-03-26T09:58:49.096+0000] {dag.py:3823} INFO - Setting next_dagrun for example_weekday_branch_operator to 2024-03-25 00:00:00+00:00, run_after=2024-03-26 00:00:00+00:00
[2024-03-26T09:58:49.116+0000] {processor.py:183} INFO - Processing /home/airflow/.local/lib/python3.8/site-packages/airflow/example_dags/example_branch_day_of_week_operator.py took 0.082 seconds
[2024-03-26T10:11:03.646+0000] {processor.py:161} INFO - Started process (PID=68) to work on /home/airflow/.local/lib/python3.8/site-packages/airflow/example_dags/example_branch_day_of_week_operator.py
[2024-03-26T10:11:03.647+0000] {processor.py:830} INFO - Processing file /home/airflow/.local/lib/python3.8/site-packages/airflow/example_dags/example_branch_day_of_week_operator.py for tasks to queue
[2024-03-26T10:11:03.649+0000] {logging_mixin.py:188} INFO - [2024-03-26T10:11:03.649+0000] {dagbag.py:538} INFO - Filling up the DagBag from /home/airflow/.local/lib/python3.8/site-packages/airflow/example_dags/example_branch_day_of_week_operator.py
[2024-03-26T10:11:03.659+0000] {processor.py:840} INFO - DAG(s) 'example_weekday_branch_operator' retrieved from /home/airflow/.local/lib/python3.8/site-packages/airflow/example_dags/example_branch_day_of_week_operator.py
[2024-03-26T10:11:03.670+0000] {logging_mixin.py:188} INFO - [2024-03-26T10:11:03.669+0000] {dag.py:3036} INFO - Sync 1 DAGs
[2024-03-26T10:11:03.702+0000] {logging_mixin.py:188} INFO - [2024-03-26T10:11:03.702+0000] {dag.py:3823} INFO - Setting next_dagrun for example_weekday_branch_operator to 2024-03-25 00:00:00+00:00, run_after=2024-03-26 00:00:00+00:00
[2024-03-26T10:11:03.730+0000] {processor.py:183} INFO - Processing /home/airflow/.local/lib/python3.8/site-packages/airflow/example_dags/example_branch_day_of_week_operator.py took 0.086 seconds
[2024-03-26T10:11:35.520+0000] {processor.py:161} INFO - Started process (PID=124) to work on /home/airflow/.local/lib/python3.8/site-packages/airflow/example_dags/example_branch_day_of_week_operator.py
[2024-03-26T10:11:35.521+0000] {processor.py:830} INFO - Processing file /home/airflow/.local/lib/python3.8/site-packages/airflow/example_dags/example_branch_day_of_week_operator.py for tasks to queue
[2024-03-26T10:11:35.523+0000] {logging_mixin.py:188} INFO - [2024-03-26T10:11:35.522+0000] {dagbag.py:538} INFO - Filling up the DagBag from /home/airflow/.local/lib/python3.8/site-packages/airflow/example_dags/example_branch_day_of_week_operator.py
[2024-03-26T10:11:35.529+0000] {processor.py:840} INFO - DAG(s) 'example_weekday_branch_operator' retrieved from /home/airflow/.local/lib/python3.8/site-packages/airflow/example_dags/example_branch_day_of_week_operator.py
[2024-03-26T10:11:35.615+0000] {logging_mixin.py:188} INFO - [2024-03-26T10:11:35.615+0000] {dag.py:3036} INFO - Sync 1 DAGs
[2024-03-26T10:11:35.634+0000] {logging_mixin.py:188} INFO - [2024-03-26T10:11:35.634+0000] {dag.py:3823} INFO - Setting next_dagrun for example_weekday_branch_operator to 2024-03-25 00:00:00+00:00, run_after=2024-03-26 00:00:00+00:00
[2024-03-26T10:11:35.651+0000] {processor.py:183} INFO - Processing /home/airflow/.local/lib/python3.8/site-packages/airflow/example_dags/example_branch_day_of_week_operator.py took 0.133 seconds
[2024-03-26T10:12:49.856+0000] {processor.py:161} INFO - Started process (PID=69) to work on /home/airflow/.local/lib/python3.8/site-packages/airflow/example_dags/example_branch_day_of_week_operator.py
[2024-03-26T10:12:49.857+0000] {processor.py:830} INFO - Processing file /home/airflow/.local/lib/python3.8/site-packages/airflow/example_dags/example_branch_day_of_week_operator.py for tasks to queue
[2024-03-26T10:12:49.860+0000] {logging_mixin.py:188} INFO - [2024-03-26T10:12:49.859+0000] {dagbag.py:538} INFO - Filling up the DagBag from /home/airflow/.local/lib/python3.8/site-packages/airflow/example_dags/example_branch_day_of_week_operator.py
[2024-03-26T10:12:49.871+0000] {processor.py:840} INFO - DAG(s) 'example_weekday_branch_operator' retrieved from /home/airflow/.local/lib/python3.8/site-packages/airflow/example_dags/example_branch_day_of_week_operator.py
[2024-03-26T10:12:49.885+0000] {logging_mixin.py:188} INFO - [2024-03-26T10:12:49.884+0000] {dag.py:3036} INFO - Sync 1 DAGs
[2024-03-26T10:12:49.913+0000] {logging_mixin.py:188} INFO - [2024-03-26T10:12:49.913+0000] {dag.py:3823} INFO - Setting next_dagrun for example_weekday_branch_operator to 2024-03-25 00:00:00+00:00, run_after=2024-03-26 00:00:00+00:00
[2024-03-26T10:12:49.933+0000] {processor.py:183} INFO - Processing /home/airflow/.local/lib/python3.8/site-packages/airflow/example_dags/example_branch_day_of_week_operator.py took 0.082 seconds
[2024-03-26T10:13:20.765+0000] {processor.py:161} INFO - Started process (PID=126) to work on /home/airflow/.local/lib/python3.8/site-packages/airflow/example_dags/example_branch_day_of_week_operator.py
[2024-03-26T10:13:20.766+0000] {processor.py:830} INFO - Processing file /home/airflow/.local/lib/python3.8/site-packages/airflow/example_dags/example_branch_day_of_week_operator.py for tasks to queue
[2024-03-26T10:13:20.767+0000] {logging_mixin.py:188} INFO - [2024-03-26T10:13:20.767+0000] {dagbag.py:538} INFO - Filling up the DagBag from /home/airflow/.local/lib/python3.8/site-packages/airflow/example_dags/example_branch_day_of_week_operator.py
[2024-03-26T10:13:20.774+0000] {processor.py:840} INFO - DAG(s) 'example_weekday_branch_operator' retrieved from /home/airflow/.local/lib/python3.8/site-packages/airflow/example_dags/example_branch_day_of_week_operator.py
[2024-03-26T10:13:20.859+0000] {logging_mixin.py:188} INFO - [2024-03-26T10:13:20.859+0000] {dag.py:3036} INFO - Sync 1 DAGs
[2024-03-26T10:13:20.878+0000] {logging_mixin.py:188} INFO - [2024-03-26T10:13:20.878+0000] {dag.py:3823} INFO - Setting next_dagrun for example_weekday_branch_operator to 2024-03-25 00:00:00+00:00, run_after=2024-03-26 00:00:00+00:00
[2024-03-26T10:13:20.894+0000] {processor.py:183} INFO - Processing /home/airflow/.local/lib/python3.8/site-packages/airflow/example_dags/example_branch_day_of_week_operator.py took 0.132 seconds
[2024-03-26T10:13:51.174+0000] {processor.py:161} INFO - Started process (PID=183) to work on /home/airflow/.local/lib/python3.8/site-packages/airflow/example_dags/example_branch_day_of_week_operator.py
[2024-03-26T10:13:51.175+0000] {processor.py:830} INFO - Processing file /home/airflow/.local/lib/python3.8/site-packages/airflow/example_dags/example_branch_day_of_week_operator.py for tasks to queue
[2024-03-26T10:13:51.176+0000] {logging_mixin.py:188} INFO - [2024-03-26T10:13:51.176+0000] {dagbag.py:538} INFO - Filling up the DagBag from /home/airflow/.local/lib/python3.8/site-packages/airflow/example_dags/example_branch_day_of_week_operator.py
[2024-03-26T10:13:51.183+0000] {processor.py:840} INFO - DAG(s) 'example_weekday_branch_operator' retrieved from /home/airflow/.local/lib/python3.8/site-packages/airflow/example_dags/example_branch_day_of_week_operator.py
[2024-03-26T10:13:51.199+0000] {logging_mixin.py:188} INFO - [2024-03-26T10:13:51.199+0000] {dag.py:3036} INFO - Sync 1 DAGs
[2024-03-26T10:13:51.222+0000] {logging_mixin.py:188} INFO - [2024-03-26T10:13:51.222+0000] {dag.py:3823} INFO - Setting next_dagrun for example_weekday_branch_operator to 2024-03-25 00:00:00+00:00, run_after=2024-03-26 00:00:00+00:00
[2024-03-26T10:13:51.237+0000] {processor.py:183} INFO - Processing /home/airflow/.local/lib/python3.8/site-packages/airflow/example_dags/example_branch_day_of_week_operator.py took 0.066 seconds
[2024-03-26T10:14:21.608+0000] {processor.py:161} INFO - Started process (PID=240) to work on /home/airflow/.local/lib/python3.8/site-packages/airflow/example_dags/example_branch_day_of_week_operator.py
[2024-03-26T10:14:21.609+0000] {processor.py:830} INFO - Processing file /home/airflow/.local/lib/python3.8/site-packages/airflow/example_dags/example_branch_day_of_week_operator.py for tasks to queue
[2024-03-26T10:14:21.611+0000] {logging_mixin.py:188} INFO - [2024-03-26T10:14:21.610+0000] {dagbag.py:538} INFO - Filling up the DagBag from /home/airflow/.local/lib/python3.8/site-packages/airflow/example_dags/example_branch_day_of_week_operator.py
[2024-03-26T10:14:21.617+0000] {processor.py:840} INFO - DAG(s) 'example_weekday_branch_operator' retrieved from /home/airflow/.local/lib/python3.8/site-packages/airflow/example_dags/example_branch_day_of_week_operator.py
[2024-03-26T10:14:21.635+0000] {logging_mixin.py:188} INFO - [2024-03-26T10:14:21.635+0000] {dag.py:3036} INFO - Sync 1 DAGs
[2024-03-26T10:14:21.656+0000] {logging_mixin.py:188} INFO - [2024-03-26T10:14:21.656+0000] {dag.py:3823} INFO - Setting next_dagrun for example_weekday_branch_operator to 2024-03-25 00:00:00+00:00, run_after=2024-03-26 00:00:00+00:00
[2024-03-26T10:14:21.674+0000] {processor.py:183} INFO - Processing /home/airflow/.local/lib/python3.8/site-packages/airflow/example_dags/example_branch_day_of_week_operator.py took 0.069 seconds
[2024-03-26T10:15:15.917+0000] {processor.py:161} INFO - Started process (PID=69) to work on /home/airflow/.local/lib/python3.8/site-packages/airflow/example_dags/example_branch_day_of_week_operator.py
[2024-03-26T10:15:15.919+0000] {processor.py:830} INFO - Processing file /home/airflow/.local/lib/python3.8/site-packages/airflow/example_dags/example_branch_day_of_week_operator.py for tasks to queue
[2024-03-26T10:15:15.922+0000] {logging_mixin.py:188} INFO - [2024-03-26T10:15:15.921+0000] {dagbag.py:538} INFO - Filling up the DagBag from /home/airflow/.local/lib/python3.8/site-packages/airflow/example_dags/example_branch_day_of_week_operator.py
[2024-03-26T10:15:15.931+0000] {processor.py:840} INFO - DAG(s) 'example_weekday_branch_operator' retrieved from /home/airflow/.local/lib/python3.8/site-packages/airflow/example_dags/example_branch_day_of_week_operator.py
[2024-03-26T10:15:15.944+0000] {logging_mixin.py:188} INFO - [2024-03-26T10:15:15.943+0000] {dag.py:3036} INFO - Sync 1 DAGs
[2024-03-26T10:15:15.974+0000] {logging_mixin.py:188} INFO - [2024-03-26T10:15:15.973+0000] {dag.py:3823} INFO - Setting next_dagrun for example_weekday_branch_operator to 2024-03-25 00:00:00+00:00, run_after=2024-03-26 00:00:00+00:00
[2024-03-26T10:15:15.996+0000] {processor.py:183} INFO - Processing /home/airflow/.local/lib/python3.8/site-packages/airflow/example_dags/example_branch_day_of_week_operator.py took 0.083 seconds
[2024-03-26T10:17:23.107+0000] {processor.py:161} INFO - Started process (PID=69) to work on /home/airflow/.local/lib/python3.8/site-packages/airflow/example_dags/example_branch_day_of_week_operator.py
[2024-03-26T10:17:23.108+0000] {processor.py:830} INFO - Processing file /home/airflow/.local/lib/python3.8/site-packages/airflow/example_dags/example_branch_day_of_week_operator.py for tasks to queue
[2024-03-26T10:17:23.110+0000] {logging_mixin.py:188} INFO - [2024-03-26T10:17:23.110+0000] {dagbag.py:538} INFO - Filling up the DagBag from /home/airflow/.local/lib/python3.8/site-packages/airflow/example_dags/example_branch_day_of_week_operator.py
[2024-03-26T10:17:23.122+0000] {processor.py:840} INFO - DAG(s) 'example_weekday_branch_operator' retrieved from /home/airflow/.local/lib/python3.8/site-packages/airflow/example_dags/example_branch_day_of_week_operator.py
[2024-03-26T10:17:23.134+0000] {logging_mixin.py:188} INFO - [2024-03-26T10:17:23.133+0000] {dag.py:3036} INFO - Sync 1 DAGs
[2024-03-26T10:17:23.163+0000] {logging_mixin.py:188} INFO - [2024-03-26T10:17:23.162+0000] {dag.py:3823} INFO - Setting next_dagrun for example_weekday_branch_operator to 2024-03-25 00:00:00+00:00, run_after=2024-03-26 00:00:00+00:00
[2024-03-26T10:17:23.184+0000] {processor.py:183} INFO - Processing /home/airflow/.local/lib/python3.8/site-packages/airflow/example_dags/example_branch_day_of_week_operator.py took 0.081 seconds
[2024-03-26T10:17:54.383+0000] {processor.py:161} INFO - Started process (PID=126) to work on /home/airflow/.local/lib/python3.8/site-packages/airflow/example_dags/example_branch_day_of_week_operator.py
[2024-03-26T10:17:54.385+0000] {processor.py:830} INFO - Processing file /home/airflow/.local/lib/python3.8/site-packages/airflow/example_dags/example_branch_day_of_week_operator.py for tasks to queue
[2024-03-26T10:17:54.387+0000] {logging_mixin.py:188} INFO - [2024-03-26T10:17:54.386+0000] {dagbag.py:538} INFO - Filling up the DagBag from /home/airflow/.local/lib/python3.8/site-packages/airflow/example_dags/example_branch_day_of_week_operator.py
[2024-03-26T10:17:54.394+0000] {processor.py:840} INFO - DAG(s) 'example_weekday_branch_operator' retrieved from /home/airflow/.local/lib/python3.8/site-packages/airflow/example_dags/example_branch_day_of_week_operator.py
[2024-03-26T10:17:54.493+0000] {logging_mixin.py:188} INFO - [2024-03-26T10:17:54.492+0000] {dag.py:3036} INFO - Sync 1 DAGs
[2024-03-26T10:17:54.515+0000] {logging_mixin.py:188} INFO - [2024-03-26T10:17:54.515+0000] {dag.py:3823} INFO - Setting next_dagrun for example_weekday_branch_operator to 2024-03-25 00:00:00+00:00, run_after=2024-03-26 00:00:00+00:00
[2024-03-26T10:17:54.537+0000] {processor.py:183} INFO - Processing /home/airflow/.local/lib/python3.8/site-packages/airflow/example_dags/example_branch_day_of_week_operator.py took 0.156 seconds
