[2024-03-26T08:41:08.296+0000] {processor.py:161} INFO - Started process (PID=85) to work on /home/airflow/.local/lib/python3.8/site-packages/airflow/example_dags/example_branch_labels.py
[2024-03-26T08:41:08.297+0000] {processor.py:830} INFO - Processing file /home/airflow/.local/lib/python3.8/site-packages/airflow/example_dags/example_branch_labels.py for tasks to queue
[2024-03-26T08:41:08.298+0000] {logging_mixin.py:188} INFO - [2024-03-26T08:41:08.298+0000] {dagbag.py:538} INFO - Filling up the DagBag from /home/airflow/.local/lib/python3.8/site-packages/airflow/example_dags/example_branch_labels.py
[2024-03-26T08:41:08.305+0000] {processor.py:840} INFO - DAG(s) 'example_branch_labels' retrieved from /home/airflow/.local/lib/python3.8/site-packages/airflow/example_dags/example_branch_labels.py
[2024-03-26T08:41:08.313+0000] {logging_mixin.py:188} INFO - [2024-03-26T08:41:08.313+0000] {dag.py:3036} INFO - Sync 1 DAGs
[2024-03-26T08:41:08.332+0000] {logging_mixin.py:188} INFO - [2024-03-26T08:41:08.332+0000] {dag.py:3823} INFO - Setting next_dagrun for example_branch_labels to 2024-03-25 00:00:00+00:00, run_after=2024-03-26 00:00:00+00:00
[2024-03-26T08:41:08.352+0000] {processor.py:183} INFO - Processing /home/airflow/.local/lib/python3.8/site-packages/airflow/example_dags/example_branch_labels.py took 0.059 seconds
[2024-03-26T08:41:40.146+0000] {processor.py:161} INFO - Started process (PID=141) to work on /home/airflow/.local/lib/python3.8/site-packages/airflow/example_dags/example_branch_labels.py
[2024-03-26T08:41:40.147+0000] {processor.py:830} INFO - Processing file /home/airflow/.local/lib/python3.8/site-packages/airflow/example_dags/example_branch_labels.py for tasks to queue
[2024-03-26T08:41:40.149+0000] {logging_mixin.py:188} INFO - [2024-03-26T08:41:40.148+0000] {dagbag.py:538} INFO - Filling up the DagBag from /home/airflow/.local/lib/python3.8/site-packages/airflow/example_dags/example_branch_labels.py
[2024-03-26T08:41:40.155+0000] {processor.py:840} INFO - DAG(s) 'example_branch_labels' retrieved from /home/airflow/.local/lib/python3.8/site-packages/airflow/example_dags/example_branch_labels.py
[2024-03-26T08:41:40.247+0000] {logging_mixin.py:188} INFO - [2024-03-26T08:41:40.246+0000] {dag.py:3036} INFO - Sync 1 DAGs
[2024-03-26T08:41:40.265+0000] {logging_mixin.py:188} INFO - [2024-03-26T08:41:40.264+0000] {dag.py:3823} INFO - Setting next_dagrun for example_branch_labels to 2024-03-25 00:00:00+00:00, run_after=2024-03-26 00:00:00+00:00
[2024-03-26T08:41:40.285+0000] {processor.py:183} INFO - Processing /home/airflow/.local/lib/python3.8/site-packages/airflow/example_dags/example_branch_labels.py took 0.141 seconds
[2024-03-26T08:43:48.389+0000] {processor.py:161} INFO - Started process (PID=85) to work on /home/airflow/.local/lib/python3.8/site-packages/airflow/example_dags/example_branch_labels.py
[2024-03-26T08:43:48.390+0000] {processor.py:830} INFO - Processing file /home/airflow/.local/lib/python3.8/site-packages/airflow/example_dags/example_branch_labels.py for tasks to queue
[2024-03-26T08:43:48.391+0000] {logging_mixin.py:188} INFO - [2024-03-26T08:43:48.391+0000] {dagbag.py:538} INFO - Filling up the DagBag from /home/airflow/.local/lib/python3.8/site-packages/airflow/example_dags/example_branch_labels.py
[2024-03-26T08:43:48.398+0000] {processor.py:840} INFO - DAG(s) 'example_branch_labels' retrieved from /home/airflow/.local/lib/python3.8/site-packages/airflow/example_dags/example_branch_labels.py
[2024-03-26T08:43:48.407+0000] {logging_mixin.py:188} INFO - [2024-03-26T08:43:48.407+0000] {dag.py:3036} INFO - Sync 1 DAGs
[2024-03-26T08:43:48.432+0000] {logging_mixin.py:188} INFO - [2024-03-26T08:43:48.432+0000] {dag.py:3823} INFO - Setting next_dagrun for example_branch_labels to 2024-03-25 00:00:00+00:00, run_after=2024-03-26 00:00:00+00:00
[2024-03-26T08:43:48.452+0000] {processor.py:183} INFO - Processing /home/airflow/.local/lib/python3.8/site-packages/airflow/example_dags/example_branch_labels.py took 0.066 seconds
[2024-03-26T08:44:20.361+0000] {processor.py:161} INFO - Started process (PID=141) to work on /home/airflow/.local/lib/python3.8/site-packages/airflow/example_dags/example_branch_labels.py
[2024-03-26T08:44:20.362+0000] {processor.py:830} INFO - Processing file /home/airflow/.local/lib/python3.8/site-packages/airflow/example_dags/example_branch_labels.py for tasks to queue
[2024-03-26T08:44:20.363+0000] {logging_mixin.py:188} INFO - [2024-03-26T08:44:20.363+0000] {dagbag.py:538} INFO - Filling up the DagBag from /home/airflow/.local/lib/python3.8/site-packages/airflow/example_dags/example_branch_labels.py
[2024-03-26T08:44:20.369+0000] {processor.py:840} INFO - DAG(s) 'example_branch_labels' retrieved from /home/airflow/.local/lib/python3.8/site-packages/airflow/example_dags/example_branch_labels.py
[2024-03-26T08:44:20.450+0000] {logging_mixin.py:188} INFO - [2024-03-26T08:44:20.450+0000] {dag.py:3036} INFO - Sync 1 DAGs
[2024-03-26T08:44:20.467+0000] {logging_mixin.py:188} INFO - [2024-03-26T08:44:20.467+0000] {dag.py:3823} INFO - Setting next_dagrun for example_branch_labels to 2024-03-25 00:00:00+00:00, run_after=2024-03-26 00:00:00+00:00
[2024-03-26T08:44:20.485+0000] {processor.py:183} INFO - Processing /home/airflow/.local/lib/python3.8/site-packages/airflow/example_dags/example_branch_labels.py took 0.126 seconds
[2024-03-26T08:44:51.180+0000] {processor.py:161} INFO - Started process (PID=197) to work on /home/airflow/.local/lib/python3.8/site-packages/airflow/example_dags/example_branch_labels.py
[2024-03-26T08:44:51.181+0000] {processor.py:830} INFO - Processing file /home/airflow/.local/lib/python3.8/site-packages/airflow/example_dags/example_branch_labels.py for tasks to queue
[2024-03-26T08:44:51.182+0000] {logging_mixin.py:188} INFO - [2024-03-26T08:44:51.182+0000] {dagbag.py:538} INFO - Filling up the DagBag from /home/airflow/.local/lib/python3.8/site-packages/airflow/example_dags/example_branch_labels.py
[2024-03-26T08:44:51.188+0000] {processor.py:840} INFO - DAG(s) 'example_branch_labels' retrieved from /home/airflow/.local/lib/python3.8/site-packages/airflow/example_dags/example_branch_labels.py
[2024-03-26T08:44:51.204+0000] {logging_mixin.py:188} INFO - [2024-03-26T08:44:51.204+0000] {dag.py:3036} INFO - Sync 1 DAGs
[2024-03-26T08:44:51.223+0000] {logging_mixin.py:188} INFO - [2024-03-26T08:44:51.223+0000] {dag.py:3823} INFO - Setting next_dagrun for example_branch_labels to 2024-03-25 00:00:00+00:00, run_after=2024-03-26 00:00:00+00:00
[2024-03-26T08:44:51.237+0000] {processor.py:183} INFO - Processing /home/airflow/.local/lib/python3.8/site-packages/airflow/example_dags/example_branch_labels.py took 0.060 seconds
[2024-03-26T08:45:21.425+0000] {processor.py:161} INFO - Started process (PID=253) to work on /home/airflow/.local/lib/python3.8/site-packages/airflow/example_dags/example_branch_labels.py
[2024-03-26T08:45:21.426+0000] {processor.py:830} INFO - Processing file /home/airflow/.local/lib/python3.8/site-packages/airflow/example_dags/example_branch_labels.py for tasks to queue
[2024-03-26T08:45:21.427+0000] {logging_mixin.py:188} INFO - [2024-03-26T08:45:21.427+0000] {dagbag.py:538} INFO - Filling up the DagBag from /home/airflow/.local/lib/python3.8/site-packages/airflow/example_dags/example_branch_labels.py
[2024-03-26T08:45:21.434+0000] {processor.py:840} INFO - DAG(s) 'example_branch_labels' retrieved from /home/airflow/.local/lib/python3.8/site-packages/airflow/example_dags/example_branch_labels.py
[2024-03-26T08:45:21.452+0000] {logging_mixin.py:188} INFO - [2024-03-26T08:45:21.452+0000] {dag.py:3036} INFO - Sync 1 DAGs
[2024-03-26T08:45:21.476+0000] {logging_mixin.py:188} INFO - [2024-03-26T08:45:21.476+0000] {dag.py:3823} INFO - Setting next_dagrun for example_branch_labels to 2024-03-25 00:00:00+00:00, run_after=2024-03-26 00:00:00+00:00
[2024-03-26T08:45:21.492+0000] {processor.py:183} INFO - Processing /home/airflow/.local/lib/python3.8/site-packages/airflow/example_dags/example_branch_labels.py took 0.070 seconds
[2024-03-26T08:45:51.606+0000] {processor.py:161} INFO - Started process (PID=309) to work on /home/airflow/.local/lib/python3.8/site-packages/airflow/example_dags/example_branch_labels.py
[2024-03-26T08:45:51.607+0000] {processor.py:830} INFO - Processing file /home/airflow/.local/lib/python3.8/site-packages/airflow/example_dags/example_branch_labels.py for tasks to queue
[2024-03-26T08:45:51.609+0000] {logging_mixin.py:188} INFO - [2024-03-26T08:45:51.609+0000] {dagbag.py:538} INFO - Filling up the DagBag from /home/airflow/.local/lib/python3.8/site-packages/airflow/example_dags/example_branch_labels.py
[2024-03-26T08:45:51.615+0000] {processor.py:840} INFO - DAG(s) 'example_branch_labels' retrieved from /home/airflow/.local/lib/python3.8/site-packages/airflow/example_dags/example_branch_labels.py
[2024-03-26T08:45:51.632+0000] {logging_mixin.py:188} INFO - [2024-03-26T08:45:51.632+0000] {dag.py:3036} INFO - Sync 1 DAGs
[2024-03-26T08:45:51.651+0000] {logging_mixin.py:188} INFO - [2024-03-26T08:45:51.651+0000] {dag.py:3823} INFO - Setting next_dagrun for example_branch_labels to 2024-03-25 00:00:00+00:00, run_after=2024-03-26 00:00:00+00:00
[2024-03-26T08:45:51.666+0000] {processor.py:183} INFO - Processing /home/airflow/.local/lib/python3.8/site-packages/airflow/example_dags/example_branch_labels.py took 0.062 seconds
[2024-03-26T08:46:21.829+0000] {processor.py:161} INFO - Started process (PID=365) to work on /home/airflow/.local/lib/python3.8/site-packages/airflow/example_dags/example_branch_labels.py
[2024-03-26T08:46:21.830+0000] {processor.py:830} INFO - Processing file /home/airflow/.local/lib/python3.8/site-packages/airflow/example_dags/example_branch_labels.py for tasks to queue
[2024-03-26T08:46:21.831+0000] {logging_mixin.py:188} INFO - [2024-03-26T08:46:21.831+0000] {dagbag.py:538} INFO - Filling up the DagBag from /home/airflow/.local/lib/python3.8/site-packages/airflow/example_dags/example_branch_labels.py
[2024-03-26T08:46:21.838+0000] {processor.py:840} INFO - DAG(s) 'example_branch_labels' retrieved from /home/airflow/.local/lib/python3.8/site-packages/airflow/example_dags/example_branch_labels.py
[2024-03-26T08:46:21.856+0000] {logging_mixin.py:188} INFO - [2024-03-26T08:46:21.855+0000] {dag.py:3036} INFO - Sync 1 DAGs
[2024-03-26T08:46:21.875+0000] {logging_mixin.py:188} INFO - [2024-03-26T08:46:21.875+0000] {dag.py:3823} INFO - Setting next_dagrun for example_branch_labels to 2024-03-25 00:00:00+00:00, run_after=2024-03-26 00:00:00+00:00
[2024-03-26T08:46:21.892+0000] {processor.py:183} INFO - Processing /home/airflow/.local/lib/python3.8/site-packages/airflow/example_dags/example_branch_labels.py took 0.065 seconds
[2024-03-26T08:46:52.111+0000] {processor.py:161} INFO - Started process (PID=421) to work on /home/airflow/.local/lib/python3.8/site-packages/airflow/example_dags/example_branch_labels.py
[2024-03-26T08:46:52.111+0000] {processor.py:830} INFO - Processing file /home/airflow/.local/lib/python3.8/site-packages/airflow/example_dags/example_branch_labels.py for tasks to queue
[2024-03-26T08:46:52.113+0000] {logging_mixin.py:188} INFO - [2024-03-26T08:46:52.113+0000] {dagbag.py:538} INFO - Filling up the DagBag from /home/airflow/.local/lib/python3.8/site-packages/airflow/example_dags/example_branch_labels.py
[2024-03-26T08:46:52.119+0000] {processor.py:840} INFO - DAG(s) 'example_branch_labels' retrieved from /home/airflow/.local/lib/python3.8/site-packages/airflow/example_dags/example_branch_labels.py
[2024-03-26T08:46:52.137+0000] {logging_mixin.py:188} INFO - [2024-03-26T08:46:52.137+0000] {dag.py:3036} INFO - Sync 1 DAGs
[2024-03-26T08:46:52.156+0000] {logging_mixin.py:188} INFO - [2024-03-26T08:46:52.156+0000] {dag.py:3823} INFO - Setting next_dagrun for example_branch_labels to 2024-03-25 00:00:00+00:00, run_after=2024-03-26 00:00:00+00:00
[2024-03-26T08:46:52.171+0000] {processor.py:183} INFO - Processing /home/airflow/.local/lib/python3.8/site-packages/airflow/example_dags/example_branch_labels.py took 0.062 seconds
[2024-03-26T08:47:22.299+0000] {processor.py:161} INFO - Started process (PID=477) to work on /home/airflow/.local/lib/python3.8/site-packages/airflow/example_dags/example_branch_labels.py
[2024-03-26T08:47:22.300+0000] {processor.py:830} INFO - Processing file /home/airflow/.local/lib/python3.8/site-packages/airflow/example_dags/example_branch_labels.py for tasks to queue
[2024-03-26T08:47:22.302+0000] {logging_mixin.py:188} INFO - [2024-03-26T08:47:22.301+0000] {dagbag.py:538} INFO - Filling up the DagBag from /home/airflow/.local/lib/python3.8/site-packages/airflow/example_dags/example_branch_labels.py
[2024-03-26T08:47:22.308+0000] {processor.py:840} INFO - DAG(s) 'example_branch_labels' retrieved from /home/airflow/.local/lib/python3.8/site-packages/airflow/example_dags/example_branch_labels.py
[2024-03-26T08:47:22.325+0000] {logging_mixin.py:188} INFO - [2024-03-26T08:47:22.324+0000] {dag.py:3036} INFO - Sync 1 DAGs
[2024-03-26T08:47:22.344+0000] {logging_mixin.py:188} INFO - [2024-03-26T08:47:22.343+0000] {dag.py:3823} INFO - Setting next_dagrun for example_branch_labels to 2024-03-25 00:00:00+00:00, run_after=2024-03-26 00:00:00+00:00
[2024-03-26T08:47:22.358+0000] {processor.py:183} INFO - Processing /home/airflow/.local/lib/python3.8/site-packages/airflow/example_dags/example_branch_labels.py took 0.061 seconds
[2024-03-26T08:47:52.526+0000] {processor.py:161} INFO - Started process (PID=533) to work on /home/airflow/.local/lib/python3.8/site-packages/airflow/example_dags/example_branch_labels.py
[2024-03-26T08:47:52.527+0000] {processor.py:830} INFO - Processing file /home/airflow/.local/lib/python3.8/site-packages/airflow/example_dags/example_branch_labels.py for tasks to queue
[2024-03-26T08:47:52.529+0000] {logging_mixin.py:188} INFO - [2024-03-26T08:47:52.528+0000] {dagbag.py:538} INFO - Filling up the DagBag from /home/airflow/.local/lib/python3.8/site-packages/airflow/example_dags/example_branch_labels.py
[2024-03-26T08:47:52.535+0000] {processor.py:840} INFO - DAG(s) 'example_branch_labels' retrieved from /home/airflow/.local/lib/python3.8/site-packages/airflow/example_dags/example_branch_labels.py
[2024-03-26T08:47:52.552+0000] {logging_mixin.py:188} INFO - [2024-03-26T08:47:52.551+0000] {dag.py:3036} INFO - Sync 1 DAGs
[2024-03-26T08:47:52.571+0000] {logging_mixin.py:188} INFO - [2024-03-26T08:47:52.571+0000] {dag.py:3823} INFO - Setting next_dagrun for example_branch_labels to 2024-03-25 00:00:00+00:00, run_after=2024-03-26 00:00:00+00:00
[2024-03-26T08:47:52.587+0000] {processor.py:183} INFO - Processing /home/airflow/.local/lib/python3.8/site-packages/airflow/example_dags/example_branch_labels.py took 0.063 seconds
[2024-03-26T08:48:23.008+0000] {processor.py:161} INFO - Started process (PID=589) to work on /home/airflow/.local/lib/python3.8/site-packages/airflow/example_dags/example_branch_labels.py
[2024-03-26T08:48:23.009+0000] {processor.py:830} INFO - Processing file /home/airflow/.local/lib/python3.8/site-packages/airflow/example_dags/example_branch_labels.py for tasks to queue
[2024-03-26T08:48:23.010+0000] {logging_mixin.py:188} INFO - [2024-03-26T08:48:23.010+0000] {dagbag.py:538} INFO - Filling up the DagBag from /home/airflow/.local/lib/python3.8/site-packages/airflow/example_dags/example_branch_labels.py
[2024-03-26T08:48:23.016+0000] {processor.py:840} INFO - DAG(s) 'example_branch_labels' retrieved from /home/airflow/.local/lib/python3.8/site-packages/airflow/example_dags/example_branch_labels.py
[2024-03-26T08:48:23.032+0000] {logging_mixin.py:188} INFO - [2024-03-26T08:48:23.032+0000] {dag.py:3036} INFO - Sync 1 DAGs
[2024-03-26T08:48:23.052+0000] {logging_mixin.py:188} INFO - [2024-03-26T08:48:23.052+0000] {dag.py:3823} INFO - Setting next_dagrun for example_branch_labels to 2024-03-25 00:00:00+00:00, run_after=2024-03-26 00:00:00+00:00
[2024-03-26T08:48:23.067+0000] {processor.py:183} INFO - Processing /home/airflow/.local/lib/python3.8/site-packages/airflow/example_dags/example_branch_labels.py took 0.061 seconds
[2024-03-26T08:48:53.339+0000] {processor.py:161} INFO - Started process (PID=645) to work on /home/airflow/.local/lib/python3.8/site-packages/airflow/example_dags/example_branch_labels.py
[2024-03-26T08:48:53.340+0000] {processor.py:830} INFO - Processing file /home/airflow/.local/lib/python3.8/site-packages/airflow/example_dags/example_branch_labels.py for tasks to queue
[2024-03-26T08:48:53.342+0000] {logging_mixin.py:188} INFO - [2024-03-26T08:48:53.342+0000] {dagbag.py:538} INFO - Filling up the DagBag from /home/airflow/.local/lib/python3.8/site-packages/airflow/example_dags/example_branch_labels.py
[2024-03-26T08:48:53.348+0000] {processor.py:840} INFO - DAG(s) 'example_branch_labels' retrieved from /home/airflow/.local/lib/python3.8/site-packages/airflow/example_dags/example_branch_labels.py
[2024-03-26T08:48:53.364+0000] {logging_mixin.py:188} INFO - [2024-03-26T08:48:53.363+0000] {dag.py:3036} INFO - Sync 1 DAGs
[2024-03-26T08:48:53.382+0000] {logging_mixin.py:188} INFO - [2024-03-26T08:48:53.382+0000] {dag.py:3823} INFO - Setting next_dagrun for example_branch_labels to 2024-03-25 00:00:00+00:00, run_after=2024-03-26 00:00:00+00:00
[2024-03-26T08:48:53.399+0000] {processor.py:183} INFO - Processing /home/airflow/.local/lib/python3.8/site-packages/airflow/example_dags/example_branch_labels.py took 0.061 seconds
[2024-03-26T08:49:23.620+0000] {processor.py:161} INFO - Started process (PID=701) to work on /home/airflow/.local/lib/python3.8/site-packages/airflow/example_dags/example_branch_labels.py
[2024-03-26T08:49:23.621+0000] {processor.py:830} INFO - Processing file /home/airflow/.local/lib/python3.8/site-packages/airflow/example_dags/example_branch_labels.py for tasks to queue
[2024-03-26T08:49:23.623+0000] {logging_mixin.py:188} INFO - [2024-03-26T08:49:23.623+0000] {dagbag.py:538} INFO - Filling up the DagBag from /home/airflow/.local/lib/python3.8/site-packages/airflow/example_dags/example_branch_labels.py
[2024-03-26T08:49:23.629+0000] {processor.py:840} INFO - DAG(s) 'example_branch_labels' retrieved from /home/airflow/.local/lib/python3.8/site-packages/airflow/example_dags/example_branch_labels.py
[2024-03-26T08:49:23.648+0000] {logging_mixin.py:188} INFO - [2024-03-26T08:49:23.647+0000] {dag.py:3036} INFO - Sync 1 DAGs
[2024-03-26T08:49:23.670+0000] {logging_mixin.py:188} INFO - [2024-03-26T08:49:23.670+0000] {dag.py:3823} INFO - Setting next_dagrun for example_branch_labels to 2024-03-25 00:00:00+00:00, run_after=2024-03-26 00:00:00+00:00
[2024-03-26T08:49:23.688+0000] {processor.py:183} INFO - Processing /home/airflow/.local/lib/python3.8/site-packages/airflow/example_dags/example_branch_labels.py took 0.070 seconds
[2024-03-26T08:49:54.103+0000] {processor.py:161} INFO - Started process (PID=757) to work on /home/airflow/.local/lib/python3.8/site-packages/airflow/example_dags/example_branch_labels.py
[2024-03-26T08:49:54.105+0000] {processor.py:830} INFO - Processing file /home/airflow/.local/lib/python3.8/site-packages/airflow/example_dags/example_branch_labels.py for tasks to queue
[2024-03-26T08:49:54.106+0000] {logging_mixin.py:188} INFO - [2024-03-26T08:49:54.106+0000] {dagbag.py:538} INFO - Filling up the DagBag from /home/airflow/.local/lib/python3.8/site-packages/airflow/example_dags/example_branch_labels.py
[2024-03-26T08:49:54.114+0000] {processor.py:840} INFO - DAG(s) 'example_branch_labels' retrieved from /home/airflow/.local/lib/python3.8/site-packages/airflow/example_dags/example_branch_labels.py
[2024-03-26T08:49:54.138+0000] {logging_mixin.py:188} INFO - [2024-03-26T08:49:54.138+0000] {dag.py:3036} INFO - Sync 1 DAGs
[2024-03-26T08:49:54.165+0000] {logging_mixin.py:188} INFO - [2024-03-26T08:49:54.165+0000] {dag.py:3823} INFO - Setting next_dagrun for example_branch_labels to 2024-03-25 00:00:00+00:00, run_after=2024-03-26 00:00:00+00:00
[2024-03-26T08:49:54.188+0000] {processor.py:183} INFO - Processing /home/airflow/.local/lib/python3.8/site-packages/airflow/example_dags/example_branch_labels.py took 0.089 seconds
[2024-03-26T08:50:24.629+0000] {processor.py:161} INFO - Started process (PID=813) to work on /home/airflow/.local/lib/python3.8/site-packages/airflow/example_dags/example_branch_labels.py
[2024-03-26T08:50:24.629+0000] {processor.py:830} INFO - Processing file /home/airflow/.local/lib/python3.8/site-packages/airflow/example_dags/example_branch_labels.py for tasks to queue
[2024-03-26T08:50:24.631+0000] {logging_mixin.py:188} INFO - [2024-03-26T08:50:24.631+0000] {dagbag.py:538} INFO - Filling up the DagBag from /home/airflow/.local/lib/python3.8/site-packages/airflow/example_dags/example_branch_labels.py
[2024-03-26T08:50:24.637+0000] {processor.py:840} INFO - DAG(s) 'example_branch_labels' retrieved from /home/airflow/.local/lib/python3.8/site-packages/airflow/example_dags/example_branch_labels.py
[2024-03-26T08:50:24.655+0000] {logging_mixin.py:188} INFO - [2024-03-26T08:50:24.654+0000] {dag.py:3036} INFO - Sync 1 DAGs
[2024-03-26T08:50:24.676+0000] {logging_mixin.py:188} INFO - [2024-03-26T08:50:24.676+0000] {dag.py:3823} INFO - Setting next_dagrun for example_branch_labels to 2024-03-25 00:00:00+00:00, run_after=2024-03-26 00:00:00+00:00
[2024-03-26T08:50:24.691+0000] {processor.py:183} INFO - Processing /home/airflow/.local/lib/python3.8/site-packages/airflow/example_dags/example_branch_labels.py took 0.065 seconds
[2024-03-26T08:53:14.023+0000] {processor.py:161} INFO - Started process (PID=85) to work on /home/airflow/.local/lib/python3.8/site-packages/airflow/example_dags/example_branch_labels.py
[2024-03-26T08:53:14.024+0000] {processor.py:830} INFO - Processing file /home/airflow/.local/lib/python3.8/site-packages/airflow/example_dags/example_branch_labels.py for tasks to queue
[2024-03-26T08:53:14.026+0000] {logging_mixin.py:188} INFO - [2024-03-26T08:53:14.025+0000] {dagbag.py:538} INFO - Filling up the DagBag from /home/airflow/.local/lib/python3.8/site-packages/airflow/example_dags/example_branch_labels.py
[2024-03-26T08:53:14.032+0000] {processor.py:840} INFO - DAG(s) 'example_branch_labels' retrieved from /home/airflow/.local/lib/python3.8/site-packages/airflow/example_dags/example_branch_labels.py
[2024-03-26T08:53:14.044+0000] {logging_mixin.py:188} INFO - [2024-03-26T08:53:14.043+0000] {dag.py:3036} INFO - Sync 1 DAGs
[2024-03-26T08:53:14.068+0000] {logging_mixin.py:188} INFO - [2024-03-26T08:53:14.068+0000] {dag.py:3823} INFO - Setting next_dagrun for example_branch_labels to 2024-03-25 00:00:00+00:00, run_after=2024-03-26 00:00:00+00:00
[2024-03-26T08:53:14.088+0000] {processor.py:183} INFO - Processing /home/airflow/.local/lib/python3.8/site-packages/airflow/example_dags/example_branch_labels.py took 0.067 seconds
[2024-03-26T08:53:46.248+0000] {processor.py:161} INFO - Started process (PID=141) to work on /home/airflow/.local/lib/python3.8/site-packages/airflow/example_dags/example_branch_labels.py
[2024-03-26T08:53:46.249+0000] {processor.py:830} INFO - Processing file /home/airflow/.local/lib/python3.8/site-packages/airflow/example_dags/example_branch_labels.py for tasks to queue
[2024-03-26T08:53:46.251+0000] {logging_mixin.py:188} INFO - [2024-03-26T08:53:46.250+0000] {dagbag.py:538} INFO - Filling up the DagBag from /home/airflow/.local/lib/python3.8/site-packages/airflow/example_dags/example_branch_labels.py
[2024-03-26T08:53:46.257+0000] {processor.py:840} INFO - DAG(s) 'example_branch_labels' retrieved from /home/airflow/.local/lib/python3.8/site-packages/airflow/example_dags/example_branch_labels.py
[2024-03-26T08:53:46.337+0000] {logging_mixin.py:188} INFO - [2024-03-26T08:53:46.336+0000] {dag.py:3036} INFO - Sync 1 DAGs
[2024-03-26T08:53:46.354+0000] {logging_mixin.py:188} INFO - [2024-03-26T08:53:46.353+0000] {dag.py:3823} INFO - Setting next_dagrun for example_branch_labels to 2024-03-25 00:00:00+00:00, run_after=2024-03-26 00:00:00+00:00
[2024-03-26T08:53:46.372+0000] {processor.py:183} INFO - Processing /home/airflow/.local/lib/python3.8/site-packages/airflow/example_dags/example_branch_labels.py took 0.126 seconds
[2024-03-26T08:54:17.094+0000] {processor.py:161} INFO - Started process (PID=197) to work on /home/airflow/.local/lib/python3.8/site-packages/airflow/example_dags/example_branch_labels.py
[2024-03-26T08:54:17.094+0000] {processor.py:830} INFO - Processing file /home/airflow/.local/lib/python3.8/site-packages/airflow/example_dags/example_branch_labels.py for tasks to queue
[2024-03-26T08:54:17.096+0000] {logging_mixin.py:188} INFO - [2024-03-26T08:54:17.096+0000] {dagbag.py:538} INFO - Filling up the DagBag from /home/airflow/.local/lib/python3.8/site-packages/airflow/example_dags/example_branch_labels.py
[2024-03-26T08:54:17.103+0000] {processor.py:840} INFO - DAG(s) 'example_branch_labels' retrieved from /home/airflow/.local/lib/python3.8/site-packages/airflow/example_dags/example_branch_labels.py
[2024-03-26T08:54:17.118+0000] {logging_mixin.py:188} INFO - [2024-03-26T08:54:17.118+0000] {dag.py:3036} INFO - Sync 1 DAGs
[2024-03-26T08:54:17.137+0000] {logging_mixin.py:188} INFO - [2024-03-26T08:54:17.137+0000] {dag.py:3823} INFO - Setting next_dagrun for example_branch_labels to 2024-03-25 00:00:00+00:00, run_after=2024-03-26 00:00:00+00:00
[2024-03-26T08:54:17.152+0000] {processor.py:183} INFO - Processing /home/airflow/.local/lib/python3.8/site-packages/airflow/example_dags/example_branch_labels.py took 0.060 seconds
[2024-03-26T08:54:47.790+0000] {processor.py:161} INFO - Started process (PID=253) to work on /home/airflow/.local/lib/python3.8/site-packages/airflow/example_dags/example_branch_labels.py
[2024-03-26T08:54:47.791+0000] {processor.py:830} INFO - Processing file /home/airflow/.local/lib/python3.8/site-packages/airflow/example_dags/example_branch_labels.py for tasks to queue
[2024-03-26T08:54:47.793+0000] {logging_mixin.py:188} INFO - [2024-03-26T08:54:47.792+0000] {dagbag.py:538} INFO - Filling up the DagBag from /home/airflow/.local/lib/python3.8/site-packages/airflow/example_dags/example_branch_labels.py
[2024-03-26T08:54:47.799+0000] {processor.py:840} INFO - DAG(s) 'example_branch_labels' retrieved from /home/airflow/.local/lib/python3.8/site-packages/airflow/example_dags/example_branch_labels.py
[2024-03-26T08:54:47.814+0000] {logging_mixin.py:188} INFO - [2024-03-26T08:54:47.814+0000] {dag.py:3036} INFO - Sync 1 DAGs
[2024-03-26T08:54:47.832+0000] {logging_mixin.py:188} INFO - [2024-03-26T08:54:47.832+0000] {dag.py:3823} INFO - Setting next_dagrun for example_branch_labels to 2024-03-25 00:00:00+00:00, run_after=2024-03-26 00:00:00+00:00
[2024-03-26T08:54:47.846+0000] {processor.py:183} INFO - Processing /home/airflow/.local/lib/python3.8/site-packages/airflow/example_dags/example_branch_labels.py took 0.058 seconds
[2024-03-26T08:55:18.161+0000] {processor.py:161} INFO - Started process (PID=309) to work on /home/airflow/.local/lib/python3.8/site-packages/airflow/example_dags/example_branch_labels.py
[2024-03-26T08:55:18.162+0000] {processor.py:830} INFO - Processing file /home/airflow/.local/lib/python3.8/site-packages/airflow/example_dags/example_branch_labels.py for tasks to queue
[2024-03-26T08:55:18.163+0000] {logging_mixin.py:188} INFO - [2024-03-26T08:55:18.163+0000] {dagbag.py:538} INFO - Filling up the DagBag from /home/airflow/.local/lib/python3.8/site-packages/airflow/example_dags/example_branch_labels.py
[2024-03-26T08:55:18.169+0000] {processor.py:840} INFO - DAG(s) 'example_branch_labels' retrieved from /home/airflow/.local/lib/python3.8/site-packages/airflow/example_dags/example_branch_labels.py
[2024-03-26T08:55:18.185+0000] {logging_mixin.py:188} INFO - [2024-03-26T08:55:18.185+0000] {dag.py:3036} INFO - Sync 1 DAGs
[2024-03-26T08:55:18.205+0000] {logging_mixin.py:188} INFO - [2024-03-26T08:55:18.205+0000] {dag.py:3823} INFO - Setting next_dagrun for example_branch_labels to 2024-03-25 00:00:00+00:00, run_after=2024-03-26 00:00:00+00:00
[2024-03-26T08:55:18.224+0000] {processor.py:183} INFO - Processing /home/airflow/.local/lib/python3.8/site-packages/airflow/example_dags/example_branch_labels.py took 0.065 seconds
[2024-03-26T08:55:48.551+0000] {processor.py:161} INFO - Started process (PID=365) to work on /home/airflow/.local/lib/python3.8/site-packages/airflow/example_dags/example_branch_labels.py
[2024-03-26T08:55:48.552+0000] {processor.py:830} INFO - Processing file /home/airflow/.local/lib/python3.8/site-packages/airflow/example_dags/example_branch_labels.py for tasks to queue
[2024-03-26T08:55:48.553+0000] {logging_mixin.py:188} INFO - [2024-03-26T08:55:48.553+0000] {dagbag.py:538} INFO - Filling up the DagBag from /home/airflow/.local/lib/python3.8/site-packages/airflow/example_dags/example_branch_labels.py
[2024-03-26T08:55:48.559+0000] {processor.py:840} INFO - DAG(s) 'example_branch_labels' retrieved from /home/airflow/.local/lib/python3.8/site-packages/airflow/example_dags/example_branch_labels.py
[2024-03-26T08:55:48.575+0000] {logging_mixin.py:188} INFO - [2024-03-26T08:55:48.575+0000] {dag.py:3036} INFO - Sync 1 DAGs
[2024-03-26T08:55:48.596+0000] {logging_mixin.py:188} INFO - [2024-03-26T08:55:48.596+0000] {dag.py:3823} INFO - Setting next_dagrun for example_branch_labels to 2024-03-25 00:00:00+00:00, run_after=2024-03-26 00:00:00+00:00
[2024-03-26T08:55:48.614+0000] {processor.py:183} INFO - Processing /home/airflow/.local/lib/python3.8/site-packages/airflow/example_dags/example_branch_labels.py took 0.066 seconds
[2024-03-26T08:56:18.955+0000] {processor.py:161} INFO - Started process (PID=421) to work on /home/airflow/.local/lib/python3.8/site-packages/airflow/example_dags/example_branch_labels.py
[2024-03-26T08:56:18.956+0000] {processor.py:830} INFO - Processing file /home/airflow/.local/lib/python3.8/site-packages/airflow/example_dags/example_branch_labels.py for tasks to queue
[2024-03-26T08:56:18.957+0000] {logging_mixin.py:188} INFO - [2024-03-26T08:56:18.957+0000] {dagbag.py:538} INFO - Filling up the DagBag from /home/airflow/.local/lib/python3.8/site-packages/airflow/example_dags/example_branch_labels.py
[2024-03-26T08:56:18.963+0000] {processor.py:840} INFO - DAG(s) 'example_branch_labels' retrieved from /home/airflow/.local/lib/python3.8/site-packages/airflow/example_dags/example_branch_labels.py
[2024-03-26T08:56:18.979+0000] {logging_mixin.py:188} INFO - [2024-03-26T08:56:18.979+0000] {dag.py:3036} INFO - Sync 1 DAGs
[2024-03-26T08:56:18.999+0000] {logging_mixin.py:188} INFO - [2024-03-26T08:56:18.999+0000] {dag.py:3823} INFO - Setting next_dagrun for example_branch_labels to 2024-03-25 00:00:00+00:00, run_after=2024-03-26 00:00:00+00:00
[2024-03-26T08:56:19.014+0000] {processor.py:183} INFO - Processing /home/airflow/.local/lib/python3.8/site-packages/airflow/example_dags/example_branch_labels.py took 0.062 seconds
[2024-03-26T08:56:49.317+0000] {processor.py:161} INFO - Started process (PID=477) to work on /home/airflow/.local/lib/python3.8/site-packages/airflow/example_dags/example_branch_labels.py
[2024-03-26T08:56:49.318+0000] {processor.py:830} INFO - Processing file /home/airflow/.local/lib/python3.8/site-packages/airflow/example_dags/example_branch_labels.py for tasks to queue
[2024-03-26T08:56:49.320+0000] {logging_mixin.py:188} INFO - [2024-03-26T08:56:49.320+0000] {dagbag.py:538} INFO - Filling up the DagBag from /home/airflow/.local/lib/python3.8/site-packages/airflow/example_dags/example_branch_labels.py
[2024-03-26T08:56:49.326+0000] {processor.py:840} INFO - DAG(s) 'example_branch_labels' retrieved from /home/airflow/.local/lib/python3.8/site-packages/airflow/example_dags/example_branch_labels.py
[2024-03-26T08:56:49.342+0000] {logging_mixin.py:188} INFO - [2024-03-26T08:56:49.342+0000] {dag.py:3036} INFO - Sync 1 DAGs
[2024-03-26T08:56:49.360+0000] {logging_mixin.py:188} INFO - [2024-03-26T08:56:49.359+0000] {dag.py:3823} INFO - Setting next_dagrun for example_branch_labels to 2024-03-25 00:00:00+00:00, run_after=2024-03-26 00:00:00+00:00
[2024-03-26T08:56:49.376+0000] {processor.py:183} INFO - Processing /home/airflow/.local/lib/python3.8/site-packages/airflow/example_dags/example_branch_labels.py took 0.061 seconds
[2024-03-26T08:57:19.700+0000] {processor.py:161} INFO - Started process (PID=533) to work on /home/airflow/.local/lib/python3.8/site-packages/airflow/example_dags/example_branch_labels.py
[2024-03-26T08:57:19.701+0000] {processor.py:830} INFO - Processing file /home/airflow/.local/lib/python3.8/site-packages/airflow/example_dags/example_branch_labels.py for tasks to queue
[2024-03-26T08:57:19.702+0000] {logging_mixin.py:188} INFO - [2024-03-26T08:57:19.702+0000] {dagbag.py:538} INFO - Filling up the DagBag from /home/airflow/.local/lib/python3.8/site-packages/airflow/example_dags/example_branch_labels.py
[2024-03-26T08:57:19.708+0000] {processor.py:840} INFO - DAG(s) 'example_branch_labels' retrieved from /home/airflow/.local/lib/python3.8/site-packages/airflow/example_dags/example_branch_labels.py
[2024-03-26T08:57:19.724+0000] {logging_mixin.py:188} INFO - [2024-03-26T08:57:19.723+0000] {dag.py:3036} INFO - Sync 1 DAGs
[2024-03-26T08:57:19.742+0000] {logging_mixin.py:188} INFO - [2024-03-26T08:57:19.741+0000] {dag.py:3823} INFO - Setting next_dagrun for example_branch_labels to 2024-03-25 00:00:00+00:00, run_after=2024-03-26 00:00:00+00:00
[2024-03-26T08:57:19.756+0000] {processor.py:183} INFO - Processing /home/airflow/.local/lib/python3.8/site-packages/airflow/example_dags/example_branch_labels.py took 0.059 seconds
[2024-03-26T08:57:50.124+0000] {processor.py:161} INFO - Started process (PID=590) to work on /home/airflow/.local/lib/python3.8/site-packages/airflow/example_dags/example_branch_labels.py
[2024-03-26T08:57:50.125+0000] {processor.py:830} INFO - Processing file /home/airflow/.local/lib/python3.8/site-packages/airflow/example_dags/example_branch_labels.py for tasks to queue
[2024-03-26T08:57:50.126+0000] {logging_mixin.py:188} INFO - [2024-03-26T08:57:50.126+0000] {dagbag.py:538} INFO - Filling up the DagBag from /home/airflow/.local/lib/python3.8/site-packages/airflow/example_dags/example_branch_labels.py
[2024-03-26T08:57:50.133+0000] {processor.py:840} INFO - DAG(s) 'example_branch_labels' retrieved from /home/airflow/.local/lib/python3.8/site-packages/airflow/example_dags/example_branch_labels.py
[2024-03-26T08:57:50.155+0000] {logging_mixin.py:188} INFO - [2024-03-26T08:57:50.154+0000] {dag.py:3036} INFO - Sync 1 DAGs
[2024-03-26T08:57:50.174+0000] {logging_mixin.py:188} INFO - [2024-03-26T08:57:50.174+0000] {dag.py:3823} INFO - Setting next_dagrun for example_branch_labels to 2024-03-25 00:00:00+00:00, run_after=2024-03-26 00:00:00+00:00
[2024-03-26T08:57:50.188+0000] {processor.py:183} INFO - Processing /home/airflow/.local/lib/python3.8/site-packages/airflow/example_dags/example_branch_labels.py took 0.067 seconds
[2024-03-26T08:58:20.720+0000] {processor.py:161} INFO - Started process (PID=646) to work on /home/airflow/.local/lib/python3.8/site-packages/airflow/example_dags/example_branch_labels.py
[2024-03-26T08:58:20.721+0000] {processor.py:830} INFO - Processing file /home/airflow/.local/lib/python3.8/site-packages/airflow/example_dags/example_branch_labels.py for tasks to queue
[2024-03-26T08:58:20.723+0000] {logging_mixin.py:188} INFO - [2024-03-26T08:58:20.723+0000] {dagbag.py:538} INFO - Filling up the DagBag from /home/airflow/.local/lib/python3.8/site-packages/airflow/example_dags/example_branch_labels.py
[2024-03-26T08:58:20.730+0000] {processor.py:840} INFO - DAG(s) 'example_branch_labels' retrieved from /home/airflow/.local/lib/python3.8/site-packages/airflow/example_dags/example_branch_labels.py
[2024-03-26T08:58:20.749+0000] {logging_mixin.py:188} INFO - [2024-03-26T08:58:20.749+0000] {dag.py:3036} INFO - Sync 1 DAGs
[2024-03-26T08:58:20.772+0000] {logging_mixin.py:188} INFO - [2024-03-26T08:58:20.772+0000] {dag.py:3823} INFO - Setting next_dagrun for example_branch_labels to 2024-03-25 00:00:00+00:00, run_after=2024-03-26 00:00:00+00:00
[2024-03-26T08:58:20.795+0000] {processor.py:183} INFO - Processing /home/airflow/.local/lib/python3.8/site-packages/airflow/example_dags/example_branch_labels.py took 0.078 seconds
[2024-03-26T08:58:51.114+0000] {processor.py:161} INFO - Started process (PID=702) to work on /home/airflow/.local/lib/python3.8/site-packages/airflow/example_dags/example_branch_labels.py
[2024-03-26T08:58:51.115+0000] {processor.py:830} INFO - Processing file /home/airflow/.local/lib/python3.8/site-packages/airflow/example_dags/example_branch_labels.py for tasks to queue
[2024-03-26T08:58:51.116+0000] {logging_mixin.py:188} INFO - [2024-03-26T08:58:51.116+0000] {dagbag.py:538} INFO - Filling up the DagBag from /home/airflow/.local/lib/python3.8/site-packages/airflow/example_dags/example_branch_labels.py
[2024-03-26T08:58:51.123+0000] {processor.py:840} INFO - DAG(s) 'example_branch_labels' retrieved from /home/airflow/.local/lib/python3.8/site-packages/airflow/example_dags/example_branch_labels.py
[2024-03-26T08:58:51.140+0000] {logging_mixin.py:188} INFO - [2024-03-26T08:58:51.140+0000] {dag.py:3036} INFO - Sync 1 DAGs
[2024-03-26T08:58:51.160+0000] {logging_mixin.py:188} INFO - [2024-03-26T08:58:51.160+0000] {dag.py:3823} INFO - Setting next_dagrun for example_branch_labels to 2024-03-25 00:00:00+00:00, run_after=2024-03-26 00:00:00+00:00
[2024-03-26T08:58:51.176+0000] {processor.py:183} INFO - Processing /home/airflow/.local/lib/python3.8/site-packages/airflow/example_dags/example_branch_labels.py took 0.064 seconds
[2024-03-26T09:07:42.630+0000] {processor.py:161} INFO - Started process (PID=86) to work on /home/airflow/.local/lib/python3.8/site-packages/airflow/example_dags/example_branch_labels.py
[2024-03-26T09:07:42.631+0000] {processor.py:830} INFO - Processing file /home/airflow/.local/lib/python3.8/site-packages/airflow/example_dags/example_branch_labels.py for tasks to queue
[2024-03-26T09:07:42.633+0000] {logging_mixin.py:188} INFO - [2024-03-26T09:07:42.632+0000] {dagbag.py:538} INFO - Filling up the DagBag from /home/airflow/.local/lib/python3.8/site-packages/airflow/example_dags/example_branch_labels.py
[2024-03-26T09:07:42.639+0000] {processor.py:840} INFO - DAG(s) 'example_branch_labels' retrieved from /home/airflow/.local/lib/python3.8/site-packages/airflow/example_dags/example_branch_labels.py
[2024-03-26T09:07:42.648+0000] {logging_mixin.py:188} INFO - [2024-03-26T09:07:42.648+0000] {dag.py:3036} INFO - Sync 1 DAGs
[2024-03-26T09:07:42.671+0000] {logging_mixin.py:188} INFO - [2024-03-26T09:07:42.671+0000] {dag.py:3823} INFO - Setting next_dagrun for example_branch_labels to 2024-03-25 00:00:00+00:00, run_after=2024-03-26 00:00:00+00:00
[2024-03-26T09:07:42.691+0000] {processor.py:183} INFO - Processing /home/airflow/.local/lib/python3.8/site-packages/airflow/example_dags/example_branch_labels.py took 0.063 seconds
[2024-03-26T09:08:14.285+0000] {processor.py:161} INFO - Started process (PID=144) to work on /home/airflow/.local/lib/python3.8/site-packages/airflow/example_dags/example_branch_labels.py
[2024-03-26T09:08:14.286+0000] {processor.py:830} INFO - Processing file /home/airflow/.local/lib/python3.8/site-packages/airflow/example_dags/example_branch_labels.py for tasks to queue
[2024-03-26T09:08:14.288+0000] {logging_mixin.py:188} INFO - [2024-03-26T09:08:14.288+0000] {dagbag.py:538} INFO - Filling up the DagBag from /home/airflow/.local/lib/python3.8/site-packages/airflow/example_dags/example_branch_labels.py
[2024-03-26T09:08:14.298+0000] {processor.py:840} INFO - DAG(s) 'example_branch_labels' retrieved from /home/airflow/.local/lib/python3.8/site-packages/airflow/example_dags/example_branch_labels.py
[2024-03-26T09:08:14.410+0000] {logging_mixin.py:188} INFO - [2024-03-26T09:08:14.409+0000] {dag.py:3036} INFO - Sync 1 DAGs
[2024-03-26T09:08:14.433+0000] {logging_mixin.py:188} INFO - [2024-03-26T09:08:14.433+0000] {dag.py:3823} INFO - Setting next_dagrun for example_branch_labels to 2024-03-25 00:00:00+00:00, run_after=2024-03-26 00:00:00+00:00
[2024-03-26T09:08:14.453+0000] {processor.py:183} INFO - Processing /home/airflow/.local/lib/python3.8/site-packages/airflow/example_dags/example_branch_labels.py took 0.170 seconds
[2024-03-26T09:08:44.511+0000] {processor.py:161} INFO - Started process (PID=201) to work on /home/airflow/.local/lib/python3.8/site-packages/airflow/example_dags/example_branch_labels.py
[2024-03-26T09:08:44.513+0000] {processor.py:830} INFO - Processing file /home/airflow/.local/lib/python3.8/site-packages/airflow/example_dags/example_branch_labels.py for tasks to queue
[2024-03-26T09:08:44.514+0000] {logging_mixin.py:188} INFO - [2024-03-26T09:08:44.514+0000] {dagbag.py:538} INFO - Filling up the DagBag from /home/airflow/.local/lib/python3.8/site-packages/airflow/example_dags/example_branch_labels.py
[2024-03-26T09:08:44.523+0000] {processor.py:840} INFO - DAG(s) 'example_branch_labels' retrieved from /home/airflow/.local/lib/python3.8/site-packages/airflow/example_dags/example_branch_labels.py
[2024-03-26T09:08:44.544+0000] {logging_mixin.py:188} INFO - [2024-03-26T09:08:44.544+0000] {dag.py:3036} INFO - Sync 1 DAGs
[2024-03-26T09:08:44.565+0000] {logging_mixin.py:188} INFO - [2024-03-26T09:08:44.565+0000] {dag.py:3823} INFO - Setting next_dagrun for example_branch_labels to 2024-03-25 00:00:00+00:00, run_after=2024-03-26 00:00:00+00:00
[2024-03-26T09:08:44.581+0000] {processor.py:183} INFO - Processing /home/airflow/.local/lib/python3.8/site-packages/airflow/example_dags/example_branch_labels.py took 0.073 seconds
[2024-03-26T09:09:14.989+0000] {processor.py:161} INFO - Started process (PID=258) to work on /home/airflow/.local/lib/python3.8/site-packages/airflow/example_dags/example_branch_labels.py
[2024-03-26T09:09:14.990+0000] {processor.py:830} INFO - Processing file /home/airflow/.local/lib/python3.8/site-packages/airflow/example_dags/example_branch_labels.py for tasks to queue
[2024-03-26T09:09:14.992+0000] {logging_mixin.py:188} INFO - [2024-03-26T09:09:14.992+0000] {dagbag.py:538} INFO - Filling up the DagBag from /home/airflow/.local/lib/python3.8/site-packages/airflow/example_dags/example_branch_labels.py
[2024-03-26T09:09:14.999+0000] {processor.py:840} INFO - DAG(s) 'example_branch_labels' retrieved from /home/airflow/.local/lib/python3.8/site-packages/airflow/example_dags/example_branch_labels.py
[2024-03-26T09:09:15.018+0000] {logging_mixin.py:188} INFO - [2024-03-26T09:09:15.017+0000] {dag.py:3036} INFO - Sync 1 DAGs
[2024-03-26T09:09:15.039+0000] {logging_mixin.py:188} INFO - [2024-03-26T09:09:15.038+0000] {dag.py:3823} INFO - Setting next_dagrun for example_branch_labels to 2024-03-25 00:00:00+00:00, run_after=2024-03-26 00:00:00+00:00
[2024-03-26T09:09:15.055+0000] {processor.py:183} INFO - Processing /home/airflow/.local/lib/python3.8/site-packages/airflow/example_dags/example_branch_labels.py took 0.069 seconds
[2024-03-26T09:09:45.628+0000] {processor.py:161} INFO - Started process (PID=315) to work on /home/airflow/.local/lib/python3.8/site-packages/airflow/example_dags/example_branch_labels.py
[2024-03-26T09:09:45.629+0000] {processor.py:830} INFO - Processing file /home/airflow/.local/lib/python3.8/site-packages/airflow/example_dags/example_branch_labels.py for tasks to queue
[2024-03-26T09:09:45.630+0000] {logging_mixin.py:188} INFO - [2024-03-26T09:09:45.630+0000] {dagbag.py:538} INFO - Filling up the DagBag from /home/airflow/.local/lib/python3.8/site-packages/airflow/example_dags/example_branch_labels.py
[2024-03-26T09:09:45.636+0000] {processor.py:840} INFO - DAG(s) 'example_branch_labels' retrieved from /home/airflow/.local/lib/python3.8/site-packages/airflow/example_dags/example_branch_labels.py
[2024-03-26T09:09:45.654+0000] {logging_mixin.py:188} INFO - [2024-03-26T09:09:45.654+0000] {dag.py:3036} INFO - Sync 1 DAGs
[2024-03-26T09:09:45.677+0000] {logging_mixin.py:188} INFO - [2024-03-26T09:09:45.676+0000] {dag.py:3823} INFO - Setting next_dagrun for example_branch_labels to 2024-03-25 00:00:00+00:00, run_after=2024-03-26 00:00:00+00:00
[2024-03-26T09:09:45.692+0000] {processor.py:183} INFO - Processing /home/airflow/.local/lib/python3.8/site-packages/airflow/example_dags/example_branch_labels.py took 0.066 seconds
[2024-03-26T09:10:16.424+0000] {processor.py:161} INFO - Started process (PID=372) to work on /home/airflow/.local/lib/python3.8/site-packages/airflow/example_dags/example_branch_labels.py
[2024-03-26T09:10:16.425+0000] {processor.py:830} INFO - Processing file /home/airflow/.local/lib/python3.8/site-packages/airflow/example_dags/example_branch_labels.py for tasks to queue
[2024-03-26T09:10:16.427+0000] {logging_mixin.py:188} INFO - [2024-03-26T09:10:16.426+0000] {dagbag.py:538} INFO - Filling up the DagBag from /home/airflow/.local/lib/python3.8/site-packages/airflow/example_dags/example_branch_labels.py
[2024-03-26T09:10:16.434+0000] {processor.py:840} INFO - DAG(s) 'example_branch_labels' retrieved from /home/airflow/.local/lib/python3.8/site-packages/airflow/example_dags/example_branch_labels.py
[2024-03-26T09:10:16.452+0000] {logging_mixin.py:188} INFO - [2024-03-26T09:10:16.451+0000] {dag.py:3036} INFO - Sync 1 DAGs
[2024-03-26T09:10:16.472+0000] {logging_mixin.py:188} INFO - [2024-03-26T09:10:16.472+0000] {dag.py:3823} INFO - Setting next_dagrun for example_branch_labels to 2024-03-25 00:00:00+00:00, run_after=2024-03-26 00:00:00+00:00
[2024-03-26T09:10:16.492+0000] {processor.py:183} INFO - Processing /home/airflow/.local/lib/python3.8/site-packages/airflow/example_dags/example_branch_labels.py took 0.070 seconds
[2024-03-26T09:50:58.799+0000] {processor.py:161} INFO - Started process (PID=86) to work on /home/airflow/.local/lib/python3.8/site-packages/airflow/example_dags/example_branch_labels.py
[2024-03-26T09:50:58.800+0000] {processor.py:830} INFO - Processing file /home/airflow/.local/lib/python3.8/site-packages/airflow/example_dags/example_branch_labels.py for tasks to queue
[2024-03-26T09:50:58.802+0000] {logging_mixin.py:188} INFO - [2024-03-26T09:50:58.801+0000] {dagbag.py:538} INFO - Filling up the DagBag from /home/airflow/.local/lib/python3.8/site-packages/airflow/example_dags/example_branch_labels.py
[2024-03-26T09:50:58.808+0000] {processor.py:840} INFO - DAG(s) 'example_branch_labels' retrieved from /home/airflow/.local/lib/python3.8/site-packages/airflow/example_dags/example_branch_labels.py
[2024-03-26T09:50:58.817+0000] {logging_mixin.py:188} INFO - [2024-03-26T09:50:58.817+0000] {dag.py:3036} INFO - Sync 1 DAGs
[2024-03-26T09:50:58.838+0000] {logging_mixin.py:188} INFO - [2024-03-26T09:50:58.838+0000] {dag.py:3823} INFO - Setting next_dagrun for example_branch_labels to 2024-03-25 00:00:00+00:00, run_after=2024-03-26 00:00:00+00:00
[2024-03-26T09:50:58.855+0000] {processor.py:183} INFO - Processing /home/airflow/.local/lib/python3.8/site-packages/airflow/example_dags/example_branch_labels.py took 0.058 seconds
[2024-03-26T09:51:29.967+0000] {processor.py:161} INFO - Started process (PID=143) to work on /home/airflow/.local/lib/python3.8/site-packages/airflow/example_dags/example_branch_labels.py
[2024-03-26T09:51:29.968+0000] {processor.py:830} INFO - Processing file /home/airflow/.local/lib/python3.8/site-packages/airflow/example_dags/example_branch_labels.py for tasks to queue
[2024-03-26T09:51:29.970+0000] {logging_mixin.py:188} INFO - [2024-03-26T09:51:29.969+0000] {dagbag.py:538} INFO - Filling up the DagBag from /home/airflow/.local/lib/python3.8/site-packages/airflow/example_dags/example_branch_labels.py
[2024-03-26T09:51:29.976+0000] {processor.py:840} INFO - DAG(s) 'example_branch_labels' retrieved from /home/airflow/.local/lib/python3.8/site-packages/airflow/example_dags/example_branch_labels.py
[2024-03-26T09:51:30.057+0000] {logging_mixin.py:188} INFO - [2024-03-26T09:51:30.056+0000] {dag.py:3036} INFO - Sync 1 DAGs
[2024-03-26T09:51:30.073+0000] {logging_mixin.py:188} INFO - [2024-03-26T09:51:30.073+0000] {dag.py:3823} INFO - Setting next_dagrun for example_branch_labels to 2024-03-25 00:00:00+00:00, run_after=2024-03-26 00:00:00+00:00
[2024-03-26T09:51:30.090+0000] {processor.py:183} INFO - Processing /home/airflow/.local/lib/python3.8/site-packages/airflow/example_dags/example_branch_labels.py took 0.125 seconds
[2024-03-26T09:52:00.854+0000] {processor.py:161} INFO - Started process (PID=200) to work on /home/airflow/.local/lib/python3.8/site-packages/airflow/example_dags/example_branch_labels.py
[2024-03-26T09:52:00.855+0000] {processor.py:830} INFO - Processing file /home/airflow/.local/lib/python3.8/site-packages/airflow/example_dags/example_branch_labels.py for tasks to queue
[2024-03-26T09:52:00.857+0000] {logging_mixin.py:188} INFO - [2024-03-26T09:52:00.856+0000] {dagbag.py:538} INFO - Filling up the DagBag from /home/airflow/.local/lib/python3.8/site-packages/airflow/example_dags/example_branch_labels.py
[2024-03-26T09:52:00.863+0000] {processor.py:840} INFO - DAG(s) 'example_branch_labels' retrieved from /home/airflow/.local/lib/python3.8/site-packages/airflow/example_dags/example_branch_labels.py
[2024-03-26T09:52:00.878+0000] {logging_mixin.py:188} INFO - [2024-03-26T09:52:00.878+0000] {dag.py:3036} INFO - Sync 1 DAGs
[2024-03-26T09:52:00.897+0000] {logging_mixin.py:188} INFO - [2024-03-26T09:52:00.897+0000] {dag.py:3823} INFO - Setting next_dagrun for example_branch_labels to 2024-03-25 00:00:00+00:00, run_after=2024-03-26 00:00:00+00:00
[2024-03-26T09:52:00.912+0000] {processor.py:183} INFO - Processing /home/airflow/.local/lib/python3.8/site-packages/airflow/example_dags/example_branch_labels.py took 0.060 seconds
[2024-03-26T09:52:31.615+0000] {processor.py:161} INFO - Started process (PID=257) to work on /home/airflow/.local/lib/python3.8/site-packages/airflow/example_dags/example_branch_labels.py
[2024-03-26T09:52:31.616+0000] {processor.py:830} INFO - Processing file /home/airflow/.local/lib/python3.8/site-packages/airflow/example_dags/example_branch_labels.py for tasks to queue
[2024-03-26T09:52:31.617+0000] {logging_mixin.py:188} INFO - [2024-03-26T09:52:31.617+0000] {dagbag.py:538} INFO - Filling up the DagBag from /home/airflow/.local/lib/python3.8/site-packages/airflow/example_dags/example_branch_labels.py
[2024-03-26T09:52:31.624+0000] {processor.py:840} INFO - DAG(s) 'example_branch_labels' retrieved from /home/airflow/.local/lib/python3.8/site-packages/airflow/example_dags/example_branch_labels.py
[2024-03-26T09:52:31.638+0000] {logging_mixin.py:188} INFO - [2024-03-26T09:52:31.638+0000] {dag.py:3036} INFO - Sync 1 DAGs
[2024-03-26T09:52:31.656+0000] {logging_mixin.py:188} INFO - [2024-03-26T09:52:31.655+0000] {dag.py:3823} INFO - Setting next_dagrun for example_branch_labels to 2024-03-25 00:00:00+00:00, run_after=2024-03-26 00:00:00+00:00
[2024-03-26T09:52:31.671+0000] {processor.py:183} INFO - Processing /home/airflow/.local/lib/python3.8/site-packages/airflow/example_dags/example_branch_labels.py took 0.058 seconds
[2024-03-26T09:53:02.481+0000] {processor.py:161} INFO - Started process (PID=314) to work on /home/airflow/.local/lib/python3.8/site-packages/airflow/example_dags/example_branch_labels.py
[2024-03-26T09:53:02.482+0000] {processor.py:830} INFO - Processing file /home/airflow/.local/lib/python3.8/site-packages/airflow/example_dags/example_branch_labels.py for tasks to queue
[2024-03-26T09:53:02.484+0000] {logging_mixin.py:188} INFO - [2024-03-26T09:53:02.483+0000] {dagbag.py:538} INFO - Filling up the DagBag from /home/airflow/.local/lib/python3.8/site-packages/airflow/example_dags/example_branch_labels.py
[2024-03-26T09:53:02.489+0000] {processor.py:840} INFO - DAG(s) 'example_branch_labels' retrieved from /home/airflow/.local/lib/python3.8/site-packages/airflow/example_dags/example_branch_labels.py
[2024-03-26T09:53:02.504+0000] {logging_mixin.py:188} INFO - [2024-03-26T09:53:02.504+0000] {dag.py:3036} INFO - Sync 1 DAGs
[2024-03-26T09:53:02.522+0000] {logging_mixin.py:188} INFO - [2024-03-26T09:53:02.521+0000] {dag.py:3823} INFO - Setting next_dagrun for example_branch_labels to 2024-03-25 00:00:00+00:00, run_after=2024-03-26 00:00:00+00:00
[2024-03-26T09:53:02.539+0000] {processor.py:183} INFO - Processing /home/airflow/.local/lib/python3.8/site-packages/airflow/example_dags/example_branch_labels.py took 0.059 seconds
[2024-03-26T09:53:32.985+0000] {processor.py:161} INFO - Started process (PID=371) to work on /home/airflow/.local/lib/python3.8/site-packages/airflow/example_dags/example_branch_labels.py
[2024-03-26T09:53:32.986+0000] {processor.py:830} INFO - Processing file /home/airflow/.local/lib/python3.8/site-packages/airflow/example_dags/example_branch_labels.py for tasks to queue
[2024-03-26T09:53:32.987+0000] {logging_mixin.py:188} INFO - [2024-03-26T09:53:32.987+0000] {dagbag.py:538} INFO - Filling up the DagBag from /home/airflow/.local/lib/python3.8/site-packages/airflow/example_dags/example_branch_labels.py
[2024-03-26T09:53:32.994+0000] {processor.py:840} INFO - DAG(s) 'example_branch_labels' retrieved from /home/airflow/.local/lib/python3.8/site-packages/airflow/example_dags/example_branch_labels.py
[2024-03-26T09:53:33.010+0000] {logging_mixin.py:188} INFO - [2024-03-26T09:53:33.009+0000] {dag.py:3036} INFO - Sync 1 DAGs
[2024-03-26T09:53:33.029+0000] {logging_mixin.py:188} INFO - [2024-03-26T09:53:33.029+0000] {dag.py:3823} INFO - Setting next_dagrun for example_branch_labels to 2024-03-25 00:00:00+00:00, run_after=2024-03-26 00:00:00+00:00
[2024-03-26T09:53:33.045+0000] {processor.py:183} INFO - Processing /home/airflow/.local/lib/python3.8/site-packages/airflow/example_dags/example_branch_labels.py took 0.062 seconds
[2024-03-26T09:54:03.997+0000] {processor.py:161} INFO - Started process (PID=428) to work on /home/airflow/.local/lib/python3.8/site-packages/airflow/example_dags/example_branch_labels.py
[2024-03-26T09:54:03.998+0000] {processor.py:830} INFO - Processing file /home/airflow/.local/lib/python3.8/site-packages/airflow/example_dags/example_branch_labels.py for tasks to queue
[2024-03-26T09:54:04.000+0000] {logging_mixin.py:188} INFO - [2024-03-26T09:54:03.999+0000] {dagbag.py:538} INFO - Filling up the DagBag from /home/airflow/.local/lib/python3.8/site-packages/airflow/example_dags/example_branch_labels.py
[2024-03-26T09:54:04.006+0000] {processor.py:840} INFO - DAG(s) 'example_branch_labels' retrieved from /home/airflow/.local/lib/python3.8/site-packages/airflow/example_dags/example_branch_labels.py
[2024-03-26T09:54:04.020+0000] {logging_mixin.py:188} INFO - [2024-03-26T09:54:04.020+0000] {dag.py:3036} INFO - Sync 1 DAGs
[2024-03-26T09:54:04.039+0000] {logging_mixin.py:188} INFO - [2024-03-26T09:54:04.038+0000] {dag.py:3823} INFO - Setting next_dagrun for example_branch_labels to 2024-03-25 00:00:00+00:00, run_after=2024-03-26 00:00:00+00:00
[2024-03-26T09:54:04.052+0000] {processor.py:183} INFO - Processing /home/airflow/.local/lib/python3.8/site-packages/airflow/example_dags/example_branch_labels.py took 0.057 seconds
[2024-03-26T09:54:34.639+0000] {processor.py:161} INFO - Started process (PID=485) to work on /home/airflow/.local/lib/python3.8/site-packages/airflow/example_dags/example_branch_labels.py
[2024-03-26T09:54:34.640+0000] {processor.py:830} INFO - Processing file /home/airflow/.local/lib/python3.8/site-packages/airflow/example_dags/example_branch_labels.py for tasks to queue
[2024-03-26T09:54:34.642+0000] {logging_mixin.py:188} INFO - [2024-03-26T09:54:34.642+0000] {dagbag.py:538} INFO - Filling up the DagBag from /home/airflow/.local/lib/python3.8/site-packages/airflow/example_dags/example_branch_labels.py
[2024-03-26T09:54:34.648+0000] {processor.py:840} INFO - DAG(s) 'example_branch_labels' retrieved from /home/airflow/.local/lib/python3.8/site-packages/airflow/example_dags/example_branch_labels.py
[2024-03-26T09:54:34.664+0000] {logging_mixin.py:188} INFO - [2024-03-26T09:54:34.663+0000] {dag.py:3036} INFO - Sync 1 DAGs
[2024-03-26T09:54:34.683+0000] {logging_mixin.py:188} INFO - [2024-03-26T09:54:34.682+0000] {dag.py:3823} INFO - Setting next_dagrun for example_branch_labels to 2024-03-25 00:00:00+00:00, run_after=2024-03-26 00:00:00+00:00
[2024-03-26T09:54:34.697+0000] {processor.py:183} INFO - Processing /home/airflow/.local/lib/python3.8/site-packages/airflow/example_dags/example_branch_labels.py took 0.060 seconds
[2024-03-26T09:55:05.194+0000] {processor.py:161} INFO - Started process (PID=542) to work on /home/airflow/.local/lib/python3.8/site-packages/airflow/example_dags/example_branch_labels.py
[2024-03-26T09:55:05.194+0000] {processor.py:830} INFO - Processing file /home/airflow/.local/lib/python3.8/site-packages/airflow/example_dags/example_branch_labels.py for tasks to queue
[2024-03-26T09:55:05.196+0000] {logging_mixin.py:188} INFO - [2024-03-26T09:55:05.196+0000] {dagbag.py:538} INFO - Filling up the DagBag from /home/airflow/.local/lib/python3.8/site-packages/airflow/example_dags/example_branch_labels.py
[2024-03-26T09:55:05.202+0000] {processor.py:840} INFO - DAG(s) 'example_branch_labels' retrieved from /home/airflow/.local/lib/python3.8/site-packages/airflow/example_dags/example_branch_labels.py
[2024-03-26T09:55:05.217+0000] {logging_mixin.py:188} INFO - [2024-03-26T09:55:05.217+0000] {dag.py:3036} INFO - Sync 1 DAGs
[2024-03-26T09:55:05.234+0000] {logging_mixin.py:188} INFO - [2024-03-26T09:55:05.234+0000] {dag.py:3823} INFO - Setting next_dagrun for example_branch_labels to 2024-03-25 00:00:00+00:00, run_after=2024-03-26 00:00:00+00:00
[2024-03-26T09:55:05.252+0000] {processor.py:183} INFO - Processing /home/airflow/.local/lib/python3.8/site-packages/airflow/example_dags/example_branch_labels.py took 0.060 seconds
[2024-03-26T09:55:35.808+0000] {processor.py:161} INFO - Started process (PID=599) to work on /home/airflow/.local/lib/python3.8/site-packages/airflow/example_dags/example_branch_labels.py
[2024-03-26T09:55:35.809+0000] {processor.py:830} INFO - Processing file /home/airflow/.local/lib/python3.8/site-packages/airflow/example_dags/example_branch_labels.py for tasks to queue
[2024-03-26T09:55:35.810+0000] {logging_mixin.py:188} INFO - [2024-03-26T09:55:35.810+0000] {dagbag.py:538} INFO - Filling up the DagBag from /home/airflow/.local/lib/python3.8/site-packages/airflow/example_dags/example_branch_labels.py
[2024-03-26T09:55:35.816+0000] {processor.py:840} INFO - DAG(s) 'example_branch_labels' retrieved from /home/airflow/.local/lib/python3.8/site-packages/airflow/example_dags/example_branch_labels.py
[2024-03-26T09:55:35.834+0000] {logging_mixin.py:188} INFO - [2024-03-26T09:55:35.834+0000] {dag.py:3036} INFO - Sync 1 DAGs
[2024-03-26T09:55:35.853+0000] {logging_mixin.py:188} INFO - [2024-03-26T09:55:35.853+0000] {dag.py:3823} INFO - Setting next_dagrun for example_branch_labels to 2024-03-25 00:00:00+00:00, run_after=2024-03-26 00:00:00+00:00
[2024-03-26T09:55:35.868+0000] {processor.py:183} INFO - Processing /home/airflow/.local/lib/python3.8/site-packages/airflow/example_dags/example_branch_labels.py took 0.062 seconds
[2024-03-26T09:56:06.593+0000] {processor.py:161} INFO - Started process (PID=656) to work on /home/airflow/.local/lib/python3.8/site-packages/airflow/example_dags/example_branch_labels.py
[2024-03-26T09:56:06.594+0000] {processor.py:830} INFO - Processing file /home/airflow/.local/lib/python3.8/site-packages/airflow/example_dags/example_branch_labels.py for tasks to queue
[2024-03-26T09:56:06.597+0000] {logging_mixin.py:188} INFO - [2024-03-26T09:56:06.596+0000] {dagbag.py:538} INFO - Filling up the DagBag from /home/airflow/.local/lib/python3.8/site-packages/airflow/example_dags/example_branch_labels.py
[2024-03-26T09:56:06.604+0000] {processor.py:840} INFO - DAG(s) 'example_branch_labels' retrieved from /home/airflow/.local/lib/python3.8/site-packages/airflow/example_dags/example_branch_labels.py
[2024-03-26T09:56:06.621+0000] {logging_mixin.py:188} INFO - [2024-03-26T09:56:06.620+0000] {dag.py:3036} INFO - Sync 1 DAGs
[2024-03-26T09:56:06.640+0000] {logging_mixin.py:188} INFO - [2024-03-26T09:56:06.640+0000] {dag.py:3823} INFO - Setting next_dagrun for example_branch_labels to 2024-03-25 00:00:00+00:00, run_after=2024-03-26 00:00:00+00:00
[2024-03-26T09:56:06.674+0000] {processor.py:183} INFO - Processing /home/airflow/.local/lib/python3.8/site-packages/airflow/example_dags/example_branch_labels.py took 0.083 seconds
[2024-03-26T09:57:48.462+0000] {processor.py:161} INFO - Started process (PID=86) to work on /home/airflow/.local/lib/python3.8/site-packages/airflow/example_dags/example_branch_labels.py
[2024-03-26T09:57:48.462+0000] {processor.py:830} INFO - Processing file /home/airflow/.local/lib/python3.8/site-packages/airflow/example_dags/example_branch_labels.py for tasks to queue
[2024-03-26T09:57:48.464+0000] {logging_mixin.py:188} INFO - [2024-03-26T09:57:48.464+0000] {dagbag.py:538} INFO - Filling up the DagBag from /home/airflow/.local/lib/python3.8/site-packages/airflow/example_dags/example_branch_labels.py
[2024-03-26T09:57:48.470+0000] {processor.py:840} INFO - DAG(s) 'example_branch_labels' retrieved from /home/airflow/.local/lib/python3.8/site-packages/airflow/example_dags/example_branch_labels.py
[2024-03-26T09:57:48.479+0000] {logging_mixin.py:188} INFO - [2024-03-26T09:57:48.479+0000] {dag.py:3036} INFO - Sync 1 DAGs
[2024-03-26T09:57:48.499+0000] {logging_mixin.py:188} INFO - [2024-03-26T09:57:48.498+0000] {dag.py:3823} INFO - Setting next_dagrun for example_branch_labels to 2024-03-25 00:00:00+00:00, run_after=2024-03-26 00:00:00+00:00
[2024-03-26T09:57:48.516+0000] {processor.py:183} INFO - Processing /home/airflow/.local/lib/python3.8/site-packages/airflow/example_dags/example_branch_labels.py took 0.057 seconds
[2024-03-26T09:58:19.990+0000] {processor.py:161} INFO - Started process (PID=143) to work on /home/airflow/.local/lib/python3.8/site-packages/airflow/example_dags/example_branch_labels.py
[2024-03-26T09:58:19.991+0000] {processor.py:830} INFO - Processing file /home/airflow/.local/lib/python3.8/site-packages/airflow/example_dags/example_branch_labels.py for tasks to queue
[2024-03-26T09:58:19.993+0000] {logging_mixin.py:188} INFO - [2024-03-26T09:58:19.992+0000] {dagbag.py:538} INFO - Filling up the DagBag from /home/airflow/.local/lib/python3.8/site-packages/airflow/example_dags/example_branch_labels.py
[2024-03-26T09:58:20.000+0000] {processor.py:840} INFO - DAG(s) 'example_branch_labels' retrieved from /home/airflow/.local/lib/python3.8/site-packages/airflow/example_dags/example_branch_labels.py
[2024-03-26T09:58:20.087+0000] {logging_mixin.py:188} INFO - [2024-03-26T09:58:20.087+0000] {dag.py:3036} INFO - Sync 1 DAGs
[2024-03-26T09:58:20.114+0000] {logging_mixin.py:188} INFO - [2024-03-26T09:58:20.114+0000] {dag.py:3823} INFO - Setting next_dagrun for example_branch_labels to 2024-03-25 00:00:00+00:00, run_after=2024-03-26 00:00:00+00:00
[2024-03-26T09:58:20.136+0000] {processor.py:183} INFO - Processing /home/airflow/.local/lib/python3.8/site-packages/airflow/example_dags/example_branch_labels.py took 0.149 seconds
[2024-03-26T09:58:51.067+0000] {processor.py:161} INFO - Started process (PID=200) to work on /home/airflow/.local/lib/python3.8/site-packages/airflow/example_dags/example_branch_labels.py
[2024-03-26T09:58:51.069+0000] {processor.py:830} INFO - Processing file /home/airflow/.local/lib/python3.8/site-packages/airflow/example_dags/example_branch_labels.py for tasks to queue
[2024-03-26T09:58:51.071+0000] {logging_mixin.py:188} INFO - [2024-03-26T09:58:51.070+0000] {dagbag.py:538} INFO - Filling up the DagBag from /home/airflow/.local/lib/python3.8/site-packages/airflow/example_dags/example_branch_labels.py
[2024-03-26T09:58:51.079+0000] {processor.py:840} INFO - DAG(s) 'example_branch_labels' retrieved from /home/airflow/.local/lib/python3.8/site-packages/airflow/example_dags/example_branch_labels.py
[2024-03-26T09:58:51.098+0000] {logging_mixin.py:188} INFO - [2024-03-26T09:58:51.097+0000] {dag.py:3036} INFO - Sync 1 DAGs
[2024-03-26T09:58:51.122+0000] {logging_mixin.py:188} INFO - [2024-03-26T09:58:51.122+0000] {dag.py:3823} INFO - Setting next_dagrun for example_branch_labels to 2024-03-25 00:00:00+00:00, run_after=2024-03-26 00:00:00+00:00
[2024-03-26T09:58:51.142+0000] {processor.py:183} INFO - Processing /home/airflow/.local/lib/python3.8/site-packages/airflow/example_dags/example_branch_labels.py took 0.077 seconds
[2024-03-26T10:11:04.745+0000] {processor.py:161} INFO - Started process (PID=85) to work on /home/airflow/.local/lib/python3.8/site-packages/airflow/example_dags/example_branch_labels.py
[2024-03-26T10:11:04.746+0000] {processor.py:830} INFO - Processing file /home/airflow/.local/lib/python3.8/site-packages/airflow/example_dags/example_branch_labels.py for tasks to queue
[2024-03-26T10:11:04.748+0000] {logging_mixin.py:188} INFO - [2024-03-26T10:11:04.747+0000] {dagbag.py:538} INFO - Filling up the DagBag from /home/airflow/.local/lib/python3.8/site-packages/airflow/example_dags/example_branch_labels.py
[2024-03-26T10:11:04.755+0000] {processor.py:840} INFO - DAG(s) 'example_branch_labels' retrieved from /home/airflow/.local/lib/python3.8/site-packages/airflow/example_dags/example_branch_labels.py
[2024-03-26T10:11:04.765+0000] {logging_mixin.py:188} INFO - [2024-03-26T10:11:04.765+0000] {dag.py:3036} INFO - Sync 1 DAGs
[2024-03-26T10:11:04.789+0000] {logging_mixin.py:188} INFO - [2024-03-26T10:11:04.789+0000] {dag.py:3823} INFO - Setting next_dagrun for example_branch_labels to 2024-03-25 00:00:00+00:00, run_after=2024-03-26 00:00:00+00:00
[2024-03-26T10:11:04.815+0000] {processor.py:183} INFO - Processing /home/airflow/.local/lib/python3.8/site-packages/airflow/example_dags/example_branch_labels.py took 0.072 seconds
[2024-03-26T10:11:37.057+0000] {processor.py:161} INFO - Started process (PID=141) to work on /home/airflow/.local/lib/python3.8/site-packages/airflow/example_dags/example_branch_labels.py
[2024-03-26T10:11:37.058+0000] {processor.py:830} INFO - Processing file /home/airflow/.local/lib/python3.8/site-packages/airflow/example_dags/example_branch_labels.py for tasks to queue
[2024-03-26T10:11:37.060+0000] {logging_mixin.py:188} INFO - [2024-03-26T10:11:37.060+0000] {dagbag.py:538} INFO - Filling up the DagBag from /home/airflow/.local/lib/python3.8/site-packages/airflow/example_dags/example_branch_labels.py
[2024-03-26T10:11:37.066+0000] {processor.py:840} INFO - DAG(s) 'example_branch_labels' retrieved from /home/airflow/.local/lib/python3.8/site-packages/airflow/example_dags/example_branch_labels.py
[2024-03-26T10:11:37.145+0000] {logging_mixin.py:188} INFO - [2024-03-26T10:11:37.145+0000] {dag.py:3036} INFO - Sync 1 DAGs
[2024-03-26T10:11:37.163+0000] {logging_mixin.py:188} INFO - [2024-03-26T10:11:37.162+0000] {dag.py:3823} INFO - Setting next_dagrun for example_branch_labels to 2024-03-25 00:00:00+00:00, run_after=2024-03-26 00:00:00+00:00
[2024-03-26T10:11:37.179+0000] {processor.py:183} INFO - Processing /home/airflow/.local/lib/python3.8/site-packages/airflow/example_dags/example_branch_labels.py took 0.124 seconds
[2024-03-26T10:12:50.845+0000] {processor.py:161} INFO - Started process (PID=86) to work on /home/airflow/.local/lib/python3.8/site-packages/airflow/example_dags/example_branch_labels.py
[2024-03-26T10:12:50.846+0000] {processor.py:830} INFO - Processing file /home/airflow/.local/lib/python3.8/site-packages/airflow/example_dags/example_branch_labels.py for tasks to queue
[2024-03-26T10:12:50.848+0000] {logging_mixin.py:188} INFO - [2024-03-26T10:12:50.847+0000] {dagbag.py:538} INFO - Filling up the DagBag from /home/airflow/.local/lib/python3.8/site-packages/airflow/example_dags/example_branch_labels.py
[2024-03-26T10:12:50.855+0000] {processor.py:840} INFO - DAG(s) 'example_branch_labels' retrieved from /home/airflow/.local/lib/python3.8/site-packages/airflow/example_dags/example_branch_labels.py
[2024-03-26T10:12:50.868+0000] {logging_mixin.py:188} INFO - [2024-03-26T10:12:50.867+0000] {dag.py:3036} INFO - Sync 1 DAGs
[2024-03-26T10:12:50.893+0000] {logging_mixin.py:188} INFO - [2024-03-26T10:12:50.893+0000] {dag.py:3823} INFO - Setting next_dagrun for example_branch_labels to 2024-03-25 00:00:00+00:00, run_after=2024-03-26 00:00:00+00:00
[2024-03-26T10:12:50.915+0000] {processor.py:183} INFO - Processing /home/airflow/.local/lib/python3.8/site-packages/airflow/example_dags/example_branch_labels.py took 0.073 seconds
[2024-03-26T10:13:22.127+0000] {processor.py:161} INFO - Started process (PID=143) to work on /home/airflow/.local/lib/python3.8/site-packages/airflow/example_dags/example_branch_labels.py
[2024-03-26T10:13:22.128+0000] {processor.py:830} INFO - Processing file /home/airflow/.local/lib/python3.8/site-packages/airflow/example_dags/example_branch_labels.py for tasks to queue
[2024-03-26T10:13:22.130+0000] {logging_mixin.py:188} INFO - [2024-03-26T10:13:22.129+0000] {dagbag.py:538} INFO - Filling up the DagBag from /home/airflow/.local/lib/python3.8/site-packages/airflow/example_dags/example_branch_labels.py
[2024-03-26T10:13:22.137+0000] {processor.py:840} INFO - DAG(s) 'example_branch_labels' retrieved from /home/airflow/.local/lib/python3.8/site-packages/airflow/example_dags/example_branch_labels.py
[2024-03-26T10:13:22.218+0000] {logging_mixin.py:188} INFO - [2024-03-26T10:13:22.218+0000] {dag.py:3036} INFO - Sync 1 DAGs
[2024-03-26T10:13:22.237+0000] {logging_mixin.py:188} INFO - [2024-03-26T10:13:22.236+0000] {dag.py:3823} INFO - Setting next_dagrun for example_branch_labels to 2024-03-25 00:00:00+00:00, run_after=2024-03-26 00:00:00+00:00
[2024-03-26T10:13:22.254+0000] {processor.py:183} INFO - Processing /home/airflow/.local/lib/python3.8/site-packages/airflow/example_dags/example_branch_labels.py took 0.129 seconds
[2024-03-26T10:13:53.217+0000] {processor.py:161} INFO - Started process (PID=200) to work on /home/airflow/.local/lib/python3.8/site-packages/airflow/example_dags/example_branch_labels.py
[2024-03-26T10:13:53.218+0000] {processor.py:830} INFO - Processing file /home/airflow/.local/lib/python3.8/site-packages/airflow/example_dags/example_branch_labels.py for tasks to queue
[2024-03-26T10:13:53.220+0000] {logging_mixin.py:188} INFO - [2024-03-26T10:13:53.220+0000] {dagbag.py:538} INFO - Filling up the DagBag from /home/airflow/.local/lib/python3.8/site-packages/airflow/example_dags/example_branch_labels.py
[2024-03-26T10:13:53.226+0000] {processor.py:840} INFO - DAG(s) 'example_branch_labels' retrieved from /home/airflow/.local/lib/python3.8/site-packages/airflow/example_dags/example_branch_labels.py
[2024-03-26T10:13:53.243+0000] {logging_mixin.py:188} INFO - [2024-03-26T10:13:53.242+0000] {dag.py:3036} INFO - Sync 1 DAGs
[2024-03-26T10:13:53.261+0000] {logging_mixin.py:188} INFO - [2024-03-26T10:13:53.261+0000] {dag.py:3823} INFO - Setting next_dagrun for example_branch_labels to 2024-03-25 00:00:00+00:00, run_after=2024-03-26 00:00:00+00:00
[2024-03-26T10:13:53.276+0000] {processor.py:183} INFO - Processing /home/airflow/.local/lib/python3.8/site-packages/airflow/example_dags/example_branch_labels.py took 0.061 seconds
[2024-03-26T10:15:16.873+0000] {processor.py:161} INFO - Started process (PID=86) to work on /home/airflow/.local/lib/python3.8/site-packages/airflow/example_dags/example_branch_labels.py
[2024-03-26T10:15:16.874+0000] {processor.py:830} INFO - Processing file /home/airflow/.local/lib/python3.8/site-packages/airflow/example_dags/example_branch_labels.py for tasks to queue
[2024-03-26T10:15:16.876+0000] {logging_mixin.py:188} INFO - [2024-03-26T10:15:16.875+0000] {dagbag.py:538} INFO - Filling up the DagBag from /home/airflow/.local/lib/python3.8/site-packages/airflow/example_dags/example_branch_labels.py
[2024-03-26T10:15:16.886+0000] {processor.py:840} INFO - DAG(s) 'example_branch_labels' retrieved from /home/airflow/.local/lib/python3.8/site-packages/airflow/example_dags/example_branch_labels.py
[2024-03-26T10:15:16.898+0000] {logging_mixin.py:188} INFO - [2024-03-26T10:15:16.898+0000] {dag.py:3036} INFO - Sync 1 DAGs
[2024-03-26T10:15:16.924+0000] {logging_mixin.py:188} INFO - [2024-03-26T10:15:16.924+0000] {dag.py:3823} INFO - Setting next_dagrun for example_branch_labels to 2024-03-25 00:00:00+00:00, run_after=2024-03-26 00:00:00+00:00
[2024-03-26T10:15:16.943+0000] {processor.py:183} INFO - Processing /home/airflow/.local/lib/python3.8/site-packages/airflow/example_dags/example_branch_labels.py took 0.073 seconds
[2024-03-26T10:17:24.116+0000] {processor.py:161} INFO - Started process (PID=86) to work on /home/airflow/.local/lib/python3.8/site-packages/airflow/example_dags/example_branch_labels.py
[2024-03-26T10:17:24.118+0000] {processor.py:830} INFO - Processing file /home/airflow/.local/lib/python3.8/site-packages/airflow/example_dags/example_branch_labels.py for tasks to queue
[2024-03-26T10:17:24.119+0000] {logging_mixin.py:188} INFO - [2024-03-26T10:17:24.119+0000] {dagbag.py:538} INFO - Filling up the DagBag from /home/airflow/.local/lib/python3.8/site-packages/airflow/example_dags/example_branch_labels.py
[2024-03-26T10:17:24.127+0000] {processor.py:840} INFO - DAG(s) 'example_branch_labels' retrieved from /home/airflow/.local/lib/python3.8/site-packages/airflow/example_dags/example_branch_labels.py
[2024-03-26T10:17:24.138+0000] {logging_mixin.py:188} INFO - [2024-03-26T10:17:24.137+0000] {dag.py:3036} INFO - Sync 1 DAGs
[2024-03-26T10:17:24.163+0000] {logging_mixin.py:188} INFO - [2024-03-26T10:17:24.162+0000] {dag.py:3823} INFO - Setting next_dagrun for example_branch_labels to 2024-03-25 00:00:00+00:00, run_after=2024-03-26 00:00:00+00:00
[2024-03-26T10:17:24.191+0000] {processor.py:183} INFO - Processing /home/airflow/.local/lib/python3.8/site-packages/airflow/example_dags/example_branch_labels.py took 0.077 seconds
[2024-03-26T10:17:56.109+0000] {processor.py:161} INFO - Started process (PID=143) to work on /home/airflow/.local/lib/python3.8/site-packages/airflow/example_dags/example_branch_labels.py
[2024-03-26T10:17:56.110+0000] {processor.py:830} INFO - Processing file /home/airflow/.local/lib/python3.8/site-packages/airflow/example_dags/example_branch_labels.py for tasks to queue
[2024-03-26T10:17:56.112+0000] {logging_mixin.py:188} INFO - [2024-03-26T10:17:56.111+0000] {dagbag.py:538} INFO - Filling up the DagBag from /home/airflow/.local/lib/python3.8/site-packages/airflow/example_dags/example_branch_labels.py
[2024-03-26T10:17:56.119+0000] {processor.py:840} INFO - DAG(s) 'example_branch_labels' retrieved from /home/airflow/.local/lib/python3.8/site-packages/airflow/example_dags/example_branch_labels.py
[2024-03-26T10:17:56.216+0000] {logging_mixin.py:188} INFO - [2024-03-26T10:17:56.216+0000] {dag.py:3036} INFO - Sync 1 DAGs
[2024-03-26T10:17:56.238+0000] {logging_mixin.py:188} INFO - [2024-03-26T10:17:56.238+0000] {dag.py:3823} INFO - Setting next_dagrun for example_branch_labels to 2024-03-25 00:00:00+00:00, run_after=2024-03-26 00:00:00+00:00
[2024-03-26T10:17:56.258+0000] {processor.py:183} INFO - Processing /home/airflow/.local/lib/python3.8/site-packages/airflow/example_dags/example_branch_labels.py took 0.153 seconds
