[2024-03-26T08:41:06.661+0000] {processor.py:161} INFO - Started process (PID=57) to work on /home/airflow/.local/lib/python3.8/site-packages/airflow/example_dags/example_complex.py
[2024-03-26T08:41:06.662+0000] {processor.py:830} INFO - Processing file /home/airflow/.local/lib/python3.8/site-packages/airflow/example_dags/example_complex.py for tasks to queue
[2024-03-26T08:41:06.664+0000] {logging_mixin.py:188} INFO - [2024-03-26T08:41:06.664+0000] {dagbag.py:538} INFO - Filling up the DagBag from /home/airflow/.local/lib/python3.8/site-packages/airflow/example_dags/example_complex.py
[2024-03-26T08:41:06.676+0000] {processor.py:840} INFO - DAG(s) 'example_complex' retrieved from /home/airflow/.local/lib/python3.8/site-packages/airflow/example_dags/example_complex.py
[2024-03-26T08:41:06.685+0000] {logging_mixin.py:188} INFO - [2024-03-26T08:41:06.685+0000] {dag.py:3036} INFO - Sync 1 DAGs
[2024-03-26T08:41:06.696+0000] {logging_mixin.py:188} INFO - [2024-03-26T08:41:06.696+0000] {dag.py:3823} INFO - Setting next_dagrun for example_complex to None, run_after=None
[2024-03-26T08:41:06.714+0000] {processor.py:183} INFO - Processing /home/airflow/.local/lib/python3.8/site-packages/airflow/example_dags/example_complex.py took 0.055 seconds
[2024-03-26T08:41:37.877+0000] {processor.py:161} INFO - Started process (PID=113) to work on /home/airflow/.local/lib/python3.8/site-packages/airflow/example_dags/example_complex.py
[2024-03-26T08:41:37.878+0000] {processor.py:830} INFO - Processing file /home/airflow/.local/lib/python3.8/site-packages/airflow/example_dags/example_complex.py for tasks to queue
[2024-03-26T08:41:37.880+0000] {logging_mixin.py:188} INFO - [2024-03-26T08:41:37.879+0000] {dagbag.py:538} INFO - Filling up the DagBag from /home/airflow/.local/lib/python3.8/site-packages/airflow/example_dags/example_complex.py
[2024-03-26T08:41:37.889+0000] {processor.py:840} INFO - DAG(s) 'example_complex' retrieved from /home/airflow/.local/lib/python3.8/site-packages/airflow/example_dags/example_complex.py
[2024-03-26T08:41:37.979+0000] {logging_mixin.py:188} INFO - [2024-03-26T08:41:37.979+0000] {dag.py:3036} INFO - Sync 1 DAGs
[2024-03-26T08:41:37.989+0000] {logging_mixin.py:188} INFO - [2024-03-26T08:41:37.988+0000] {dag.py:3823} INFO - Setting next_dagrun for example_complex to None, run_after=None
[2024-03-26T08:41:38.006+0000] {processor.py:183} INFO - Processing /home/airflow/.local/lib/python3.8/site-packages/airflow/example_dags/example_complex.py took 0.131 seconds
[2024-03-26T08:43:47.004+0000] {processor.py:161} INFO - Started process (PID=57) to work on /home/airflow/.local/lib/python3.8/site-packages/airflow/example_dags/example_complex.py
[2024-03-26T08:43:47.005+0000] {processor.py:830} INFO - Processing file /home/airflow/.local/lib/python3.8/site-packages/airflow/example_dags/example_complex.py for tasks to queue
[2024-03-26T08:43:47.006+0000] {logging_mixin.py:188} INFO - [2024-03-26T08:43:47.006+0000] {dagbag.py:538} INFO - Filling up the DagBag from /home/airflow/.local/lib/python3.8/site-packages/airflow/example_dags/example_complex.py
[2024-03-26T08:43:47.021+0000] {processor.py:840} INFO - DAG(s) 'example_complex' retrieved from /home/airflow/.local/lib/python3.8/site-packages/airflow/example_dags/example_complex.py
[2024-03-26T08:43:47.031+0000] {logging_mixin.py:188} INFO - [2024-03-26T08:43:47.031+0000] {dag.py:3036} INFO - Sync 1 DAGs
[2024-03-26T08:43:47.042+0000] {logging_mixin.py:188} INFO - [2024-03-26T08:43:47.042+0000] {dag.py:3823} INFO - Setting next_dagrun for example_complex to None, run_after=None
[2024-03-26T08:43:47.062+0000] {processor.py:183} INFO - Processing /home/airflow/.local/lib/python3.8/site-packages/airflow/example_dags/example_complex.py took 0.060 seconds
[2024-03-26T08:44:18.146+0000] {processor.py:161} INFO - Started process (PID=113) to work on /home/airflow/.local/lib/python3.8/site-packages/airflow/example_dags/example_complex.py
[2024-03-26T08:44:18.147+0000] {processor.py:830} INFO - Processing file /home/airflow/.local/lib/python3.8/site-packages/airflow/example_dags/example_complex.py for tasks to queue
[2024-03-26T08:44:18.149+0000] {logging_mixin.py:188} INFO - [2024-03-26T08:44:18.149+0000] {dagbag.py:538} INFO - Filling up the DagBag from /home/airflow/.local/lib/python3.8/site-packages/airflow/example_dags/example_complex.py
[2024-03-26T08:44:18.160+0000] {processor.py:840} INFO - DAG(s) 'example_complex' retrieved from /home/airflow/.local/lib/python3.8/site-packages/airflow/example_dags/example_complex.py
[2024-03-26T08:44:18.262+0000] {logging_mixin.py:188} INFO - [2024-03-26T08:44:18.262+0000] {dag.py:3036} INFO - Sync 1 DAGs
[2024-03-26T08:44:18.272+0000] {logging_mixin.py:188} INFO - [2024-03-26T08:44:18.272+0000] {dag.py:3823} INFO - Setting next_dagrun for example_complex to None, run_after=None
[2024-03-26T08:44:18.290+0000] {processor.py:183} INFO - Processing /home/airflow/.local/lib/python3.8/site-packages/airflow/example_dags/example_complex.py took 0.147 seconds
[2024-03-26T08:44:48.865+0000] {processor.py:161} INFO - Started process (PID=169) to work on /home/airflow/.local/lib/python3.8/site-packages/airflow/example_dags/example_complex.py
[2024-03-26T08:44:48.866+0000] {processor.py:830} INFO - Processing file /home/airflow/.local/lib/python3.8/site-packages/airflow/example_dags/example_complex.py for tasks to queue
[2024-03-26T08:44:48.868+0000] {logging_mixin.py:188} INFO - [2024-03-26T08:44:48.867+0000] {dagbag.py:538} INFO - Filling up the DagBag from /home/airflow/.local/lib/python3.8/site-packages/airflow/example_dags/example_complex.py
[2024-03-26T08:44:48.876+0000] {processor.py:840} INFO - DAG(s) 'example_complex' retrieved from /home/airflow/.local/lib/python3.8/site-packages/airflow/example_dags/example_complex.py
[2024-03-26T08:44:48.901+0000] {logging_mixin.py:188} INFO - [2024-03-26T08:44:48.901+0000] {dag.py:3036} INFO - Sync 1 DAGs
[2024-03-26T08:44:48.912+0000] {logging_mixin.py:188} INFO - [2024-03-26T08:44:48.912+0000] {dag.py:3823} INFO - Setting next_dagrun for example_complex to None, run_after=None
[2024-03-26T08:44:48.929+0000] {processor.py:183} INFO - Processing /home/airflow/.local/lib/python3.8/site-packages/airflow/example_dags/example_complex.py took 0.066 seconds
[2024-03-26T08:45:19.180+0000] {processor.py:161} INFO - Started process (PID=225) to work on /home/airflow/.local/lib/python3.8/site-packages/airflow/example_dags/example_complex.py
[2024-03-26T08:45:19.181+0000] {processor.py:830} INFO - Processing file /home/airflow/.local/lib/python3.8/site-packages/airflow/example_dags/example_complex.py for tasks to queue
[2024-03-26T08:45:19.183+0000] {logging_mixin.py:188} INFO - [2024-03-26T08:45:19.182+0000] {dagbag.py:538} INFO - Filling up the DagBag from /home/airflow/.local/lib/python3.8/site-packages/airflow/example_dags/example_complex.py
[2024-03-26T08:45:19.193+0000] {processor.py:840} INFO - DAG(s) 'example_complex' retrieved from /home/airflow/.local/lib/python3.8/site-packages/airflow/example_dags/example_complex.py
[2024-03-26T08:45:19.217+0000] {logging_mixin.py:188} INFO - [2024-03-26T08:45:19.217+0000] {dag.py:3036} INFO - Sync 1 DAGs
[2024-03-26T08:45:19.227+0000] {logging_mixin.py:188} INFO - [2024-03-26T08:45:19.227+0000] {dag.py:3823} INFO - Setting next_dagrun for example_complex to None, run_after=None
[2024-03-26T08:45:19.244+0000] {processor.py:183} INFO - Processing /home/airflow/.local/lib/python3.8/site-packages/airflow/example_dags/example_complex.py took 0.066 seconds
[2024-03-26T08:45:49.389+0000] {processor.py:161} INFO - Started process (PID=281) to work on /home/airflow/.local/lib/python3.8/site-packages/airflow/example_dags/example_complex.py
[2024-03-26T08:45:49.390+0000] {processor.py:830} INFO - Processing file /home/airflow/.local/lib/python3.8/site-packages/airflow/example_dags/example_complex.py for tasks to queue
[2024-03-26T08:45:49.391+0000] {logging_mixin.py:188} INFO - [2024-03-26T08:45:49.391+0000] {dagbag.py:538} INFO - Filling up the DagBag from /home/airflow/.local/lib/python3.8/site-packages/airflow/example_dags/example_complex.py
[2024-03-26T08:45:49.400+0000] {processor.py:840} INFO - DAG(s) 'example_complex' retrieved from /home/airflow/.local/lib/python3.8/site-packages/airflow/example_dags/example_complex.py
[2024-03-26T08:45:49.424+0000] {logging_mixin.py:188} INFO - [2024-03-26T08:45:49.424+0000] {dag.py:3036} INFO - Sync 1 DAGs
[2024-03-26T08:45:49.435+0000] {logging_mixin.py:188} INFO - [2024-03-26T08:45:49.434+0000] {dag.py:3823} INFO - Setting next_dagrun for example_complex to None, run_after=None
[2024-03-26T08:45:49.451+0000] {processor.py:183} INFO - Processing /home/airflow/.local/lib/python3.8/site-packages/airflow/example_dags/example_complex.py took 0.064 seconds
[2024-03-26T08:46:19.553+0000] {processor.py:161} INFO - Started process (PID=336) to work on /home/airflow/.local/lib/python3.8/site-packages/airflow/example_dags/example_complex.py
[2024-03-26T08:46:19.554+0000] {processor.py:830} INFO - Processing file /home/airflow/.local/lib/python3.8/site-packages/airflow/example_dags/example_complex.py for tasks to queue
[2024-03-26T08:46:19.555+0000] {logging_mixin.py:188} INFO - [2024-03-26T08:46:19.555+0000] {dagbag.py:538} INFO - Filling up the DagBag from /home/airflow/.local/lib/python3.8/site-packages/airflow/example_dags/example_complex.py
[2024-03-26T08:46:19.564+0000] {processor.py:840} INFO - DAG(s) 'example_complex' retrieved from /home/airflow/.local/lib/python3.8/site-packages/airflow/example_dags/example_complex.py
[2024-03-26T08:46:19.588+0000] {logging_mixin.py:188} INFO - [2024-03-26T08:46:19.588+0000] {dag.py:3036} INFO - Sync 1 DAGs
[2024-03-26T08:46:19.598+0000] {logging_mixin.py:188} INFO - [2024-03-26T08:46:19.598+0000] {dag.py:3823} INFO - Setting next_dagrun for example_complex to None, run_after=None
[2024-03-26T08:46:19.614+0000] {processor.py:183} INFO - Processing /home/airflow/.local/lib/python3.8/site-packages/airflow/example_dags/example_complex.py took 0.063 seconds
[2024-03-26T08:46:49.669+0000] {processor.py:161} INFO - Started process (PID=392) to work on /home/airflow/.local/lib/python3.8/site-packages/airflow/example_dags/example_complex.py
[2024-03-26T08:46:49.669+0000] {processor.py:830} INFO - Processing file /home/airflow/.local/lib/python3.8/site-packages/airflow/example_dags/example_complex.py for tasks to queue
[2024-03-26T08:46:49.671+0000] {logging_mixin.py:188} INFO - [2024-03-26T08:46:49.671+0000] {dagbag.py:538} INFO - Filling up the DagBag from /home/airflow/.local/lib/python3.8/site-packages/airflow/example_dags/example_complex.py
[2024-03-26T08:46:49.680+0000] {processor.py:840} INFO - DAG(s) 'example_complex' retrieved from /home/airflow/.local/lib/python3.8/site-packages/airflow/example_dags/example_complex.py
[2024-03-26T08:46:49.704+0000] {logging_mixin.py:188} INFO - [2024-03-26T08:46:49.703+0000] {dag.py:3036} INFO - Sync 1 DAGs
[2024-03-26T08:46:49.713+0000] {logging_mixin.py:188} INFO - [2024-03-26T08:46:49.713+0000] {dag.py:3823} INFO - Setting next_dagrun for example_complex to None, run_after=None
[2024-03-26T08:46:49.729+0000] {processor.py:183} INFO - Processing /home/airflow/.local/lib/python3.8/site-packages/airflow/example_dags/example_complex.py took 0.063 seconds
[2024-03-26T08:47:20.025+0000] {processor.py:161} INFO - Started process (PID=448) to work on /home/airflow/.local/lib/python3.8/site-packages/airflow/example_dags/example_complex.py
[2024-03-26T08:47:20.026+0000] {processor.py:830} INFO - Processing file /home/airflow/.local/lib/python3.8/site-packages/airflow/example_dags/example_complex.py for tasks to queue
[2024-03-26T08:47:20.028+0000] {logging_mixin.py:188} INFO - [2024-03-26T08:47:20.028+0000] {dagbag.py:538} INFO - Filling up the DagBag from /home/airflow/.local/lib/python3.8/site-packages/airflow/example_dags/example_complex.py
[2024-03-26T08:47:20.037+0000] {processor.py:840} INFO - DAG(s) 'example_complex' retrieved from /home/airflow/.local/lib/python3.8/site-packages/airflow/example_dags/example_complex.py
[2024-03-26T08:47:20.059+0000] {logging_mixin.py:188} INFO - [2024-03-26T08:47:20.059+0000] {dag.py:3036} INFO - Sync 1 DAGs
[2024-03-26T08:47:20.069+0000] {logging_mixin.py:188} INFO - [2024-03-26T08:47:20.069+0000] {dag.py:3823} INFO - Setting next_dagrun for example_complex to None, run_after=None
[2024-03-26T08:47:20.084+0000] {processor.py:183} INFO - Processing /home/airflow/.local/lib/python3.8/site-packages/airflow/example_dags/example_complex.py took 0.060 seconds
[2024-03-26T08:47:50.232+0000] {processor.py:161} INFO - Started process (PID=504) to work on /home/airflow/.local/lib/python3.8/site-packages/airflow/example_dags/example_complex.py
[2024-03-26T08:47:50.233+0000] {processor.py:830} INFO - Processing file /home/airflow/.local/lib/python3.8/site-packages/airflow/example_dags/example_complex.py for tasks to queue
[2024-03-26T08:47:50.235+0000] {logging_mixin.py:188} INFO - [2024-03-26T08:47:50.234+0000] {dagbag.py:538} INFO - Filling up the DagBag from /home/airflow/.local/lib/python3.8/site-packages/airflow/example_dags/example_complex.py
[2024-03-26T08:47:50.244+0000] {processor.py:840} INFO - DAG(s) 'example_complex' retrieved from /home/airflow/.local/lib/python3.8/site-packages/airflow/example_dags/example_complex.py
[2024-03-26T08:47:50.269+0000] {logging_mixin.py:188} INFO - [2024-03-26T08:47:50.268+0000] {dag.py:3036} INFO - Sync 1 DAGs
[2024-03-26T08:47:50.278+0000] {logging_mixin.py:188} INFO - [2024-03-26T08:47:50.278+0000] {dag.py:3823} INFO - Setting next_dagrun for example_complex to None, run_after=None
[2024-03-26T08:47:50.293+0000] {processor.py:183} INFO - Processing /home/airflow/.local/lib/python3.8/site-packages/airflow/example_dags/example_complex.py took 0.064 seconds
[2024-03-26T08:48:20.461+0000] {processor.py:161} INFO - Started process (PID=560) to work on /home/airflow/.local/lib/python3.8/site-packages/airflow/example_dags/example_complex.py
[2024-03-26T08:48:20.462+0000] {processor.py:830} INFO - Processing file /home/airflow/.local/lib/python3.8/site-packages/airflow/example_dags/example_complex.py for tasks to queue
[2024-03-26T08:48:20.464+0000] {logging_mixin.py:188} INFO - [2024-03-26T08:48:20.463+0000] {dagbag.py:538} INFO - Filling up the DagBag from /home/airflow/.local/lib/python3.8/site-packages/airflow/example_dags/example_complex.py
[2024-03-26T08:48:20.473+0000] {processor.py:840} INFO - DAG(s) 'example_complex' retrieved from /home/airflow/.local/lib/python3.8/site-packages/airflow/example_dags/example_complex.py
[2024-03-26T08:48:20.498+0000] {logging_mixin.py:188} INFO - [2024-03-26T08:48:20.497+0000] {dag.py:3036} INFO - Sync 1 DAGs
[2024-03-26T08:48:20.507+0000] {logging_mixin.py:188} INFO - [2024-03-26T08:48:20.507+0000] {dag.py:3823} INFO - Setting next_dagrun for example_complex to None, run_after=None
[2024-03-26T08:48:20.522+0000] {processor.py:183} INFO - Processing /home/airflow/.local/lib/python3.8/site-packages/airflow/example_dags/example_complex.py took 0.063 seconds
[2024-03-26T08:48:50.989+0000] {processor.py:161} INFO - Started process (PID=616) to work on /home/airflow/.local/lib/python3.8/site-packages/airflow/example_dags/example_complex.py
[2024-03-26T08:48:50.990+0000] {processor.py:830} INFO - Processing file /home/airflow/.local/lib/python3.8/site-packages/airflow/example_dags/example_complex.py for tasks to queue
[2024-03-26T08:48:50.991+0000] {logging_mixin.py:188} INFO - [2024-03-26T08:48:50.991+0000] {dagbag.py:538} INFO - Filling up the DagBag from /home/airflow/.local/lib/python3.8/site-packages/airflow/example_dags/example_complex.py
[2024-03-26T08:48:51.000+0000] {processor.py:840} INFO - DAG(s) 'example_complex' retrieved from /home/airflow/.local/lib/python3.8/site-packages/airflow/example_dags/example_complex.py
[2024-03-26T08:48:51.025+0000] {logging_mixin.py:188} INFO - [2024-03-26T08:48:51.024+0000] {dag.py:3036} INFO - Sync 1 DAGs
[2024-03-26T08:48:51.035+0000] {logging_mixin.py:188} INFO - [2024-03-26T08:48:51.035+0000] {dag.py:3823} INFO - Setting next_dagrun for example_complex to None, run_after=None
[2024-03-26T08:48:51.050+0000] {processor.py:183} INFO - Processing /home/airflow/.local/lib/python3.8/site-packages/airflow/example_dags/example_complex.py took 0.063 seconds
[2024-03-26T08:49:21.326+0000] {processor.py:161} INFO - Started process (PID=672) to work on /home/airflow/.local/lib/python3.8/site-packages/airflow/example_dags/example_complex.py
[2024-03-26T08:49:21.327+0000] {processor.py:830} INFO - Processing file /home/airflow/.local/lib/python3.8/site-packages/airflow/example_dags/example_complex.py for tasks to queue
[2024-03-26T08:49:21.329+0000] {logging_mixin.py:188} INFO - [2024-03-26T08:49:21.328+0000] {dagbag.py:538} INFO - Filling up the DagBag from /home/airflow/.local/lib/python3.8/site-packages/airflow/example_dags/example_complex.py
[2024-03-26T08:49:21.341+0000] {processor.py:840} INFO - DAG(s) 'example_complex' retrieved from /home/airflow/.local/lib/python3.8/site-packages/airflow/example_dags/example_complex.py
[2024-03-26T08:49:21.365+0000] {logging_mixin.py:188} INFO - [2024-03-26T08:49:21.365+0000] {dag.py:3036} INFO - Sync 1 DAGs
[2024-03-26T08:49:21.375+0000] {logging_mixin.py:188} INFO - [2024-03-26T08:49:21.375+0000] {dag.py:3823} INFO - Setting next_dagrun for example_complex to None, run_after=None
[2024-03-26T08:49:21.390+0000] {processor.py:183} INFO - Processing /home/airflow/.local/lib/python3.8/site-packages/airflow/example_dags/example_complex.py took 0.066 seconds
[2024-03-26T08:49:51.744+0000] {processor.py:161} INFO - Started process (PID=728) to work on /home/airflow/.local/lib/python3.8/site-packages/airflow/example_dags/example_complex.py
[2024-03-26T08:49:51.745+0000] {processor.py:830} INFO - Processing file /home/airflow/.local/lib/python3.8/site-packages/airflow/example_dags/example_complex.py for tasks to queue
[2024-03-26T08:49:51.746+0000] {logging_mixin.py:188} INFO - [2024-03-26T08:49:51.746+0000] {dagbag.py:538} INFO - Filling up the DagBag from /home/airflow/.local/lib/python3.8/site-packages/airflow/example_dags/example_complex.py
[2024-03-26T08:49:51.756+0000] {processor.py:840} INFO - DAG(s) 'example_complex' retrieved from /home/airflow/.local/lib/python3.8/site-packages/airflow/example_dags/example_complex.py
[2024-03-26T08:49:51.784+0000] {logging_mixin.py:188} INFO - [2024-03-26T08:49:51.784+0000] {dag.py:3036} INFO - Sync 1 DAGs
[2024-03-26T08:49:51.796+0000] {logging_mixin.py:188} INFO - [2024-03-26T08:49:51.795+0000] {dag.py:3823} INFO - Setting next_dagrun for example_complex to None, run_after=None
[2024-03-26T08:49:51.813+0000] {processor.py:183} INFO - Processing /home/airflow/.local/lib/python3.8/site-packages/airflow/example_dags/example_complex.py took 0.072 seconds
[2024-03-26T08:50:22.250+0000] {processor.py:161} INFO - Started process (PID=784) to work on /home/airflow/.local/lib/python3.8/site-packages/airflow/example_dags/example_complex.py
[2024-03-26T08:50:22.251+0000] {processor.py:830} INFO - Processing file /home/airflow/.local/lib/python3.8/site-packages/airflow/example_dags/example_complex.py for tasks to queue
[2024-03-26T08:50:22.253+0000] {logging_mixin.py:188} INFO - [2024-03-26T08:50:22.253+0000] {dagbag.py:538} INFO - Filling up the DagBag from /home/airflow/.local/lib/python3.8/site-packages/airflow/example_dags/example_complex.py
[2024-03-26T08:50:22.262+0000] {processor.py:840} INFO - DAG(s) 'example_complex' retrieved from /home/airflow/.local/lib/python3.8/site-packages/airflow/example_dags/example_complex.py
[2024-03-26T08:50:22.285+0000] {logging_mixin.py:188} INFO - [2024-03-26T08:50:22.285+0000] {dag.py:3036} INFO - Sync 1 DAGs
[2024-03-26T08:50:22.295+0000] {logging_mixin.py:188} INFO - [2024-03-26T08:50:22.294+0000] {dag.py:3823} INFO - Setting next_dagrun for example_complex to None, run_after=None
[2024-03-26T08:50:22.309+0000] {processor.py:183} INFO - Processing /home/airflow/.local/lib/python3.8/site-packages/airflow/example_dags/example_complex.py took 0.061 seconds
[2024-03-26T08:53:12.565+0000] {processor.py:161} INFO - Started process (PID=57) to work on /home/airflow/.local/lib/python3.8/site-packages/airflow/example_dags/example_complex.py
[2024-03-26T08:53:12.566+0000] {processor.py:830} INFO - Processing file /home/airflow/.local/lib/python3.8/site-packages/airflow/example_dags/example_complex.py for tasks to queue
[2024-03-26T08:53:12.568+0000] {logging_mixin.py:188} INFO - [2024-03-26T08:53:12.567+0000] {dagbag.py:538} INFO - Filling up the DagBag from /home/airflow/.local/lib/python3.8/site-packages/airflow/example_dags/example_complex.py
[2024-03-26T08:53:12.579+0000] {processor.py:840} INFO - DAG(s) 'example_complex' retrieved from /home/airflow/.local/lib/python3.8/site-packages/airflow/example_dags/example_complex.py
[2024-03-26T08:53:12.592+0000] {logging_mixin.py:188} INFO - [2024-03-26T08:53:12.591+0000] {dag.py:3036} INFO - Sync 1 DAGs
[2024-03-26T08:53:12.609+0000] {logging_mixin.py:188} INFO - [2024-03-26T08:53:12.608+0000] {dag.py:3823} INFO - Setting next_dagrun for example_complex to None, run_after=None
[2024-03-26T08:53:12.633+0000] {processor.py:183} INFO - Processing /home/airflow/.local/lib/python3.8/site-packages/airflow/example_dags/example_complex.py took 0.070 seconds
[2024-03-26T08:53:43.985+0000] {processor.py:161} INFO - Started process (PID=113) to work on /home/airflow/.local/lib/python3.8/site-packages/airflow/example_dags/example_complex.py
[2024-03-26T08:53:43.986+0000] {processor.py:830} INFO - Processing file /home/airflow/.local/lib/python3.8/site-packages/airflow/example_dags/example_complex.py for tasks to queue
[2024-03-26T08:53:43.987+0000] {logging_mixin.py:188} INFO - [2024-03-26T08:53:43.987+0000] {dagbag.py:538} INFO - Filling up the DagBag from /home/airflow/.local/lib/python3.8/site-packages/airflow/example_dags/example_complex.py
[2024-03-26T08:53:43.996+0000] {processor.py:840} INFO - DAG(s) 'example_complex' retrieved from /home/airflow/.local/lib/python3.8/site-packages/airflow/example_dags/example_complex.py
[2024-03-26T08:53:44.084+0000] {logging_mixin.py:188} INFO - [2024-03-26T08:53:44.083+0000] {dag.py:3036} INFO - Sync 1 DAGs
[2024-03-26T08:53:44.093+0000] {logging_mixin.py:188} INFO - [2024-03-26T08:53:44.092+0000] {dag.py:3823} INFO - Setting next_dagrun for example_complex to None, run_after=None
[2024-03-26T08:53:44.109+0000] {processor.py:183} INFO - Processing /home/airflow/.local/lib/python3.8/site-packages/airflow/example_dags/example_complex.py took 0.126 seconds
[2024-03-26T08:54:14.555+0000] {processor.py:161} INFO - Started process (PID=169) to work on /home/airflow/.local/lib/python3.8/site-packages/airflow/example_dags/example_complex.py
[2024-03-26T08:54:14.556+0000] {processor.py:830} INFO - Processing file /home/airflow/.local/lib/python3.8/site-packages/airflow/example_dags/example_complex.py for tasks to queue
[2024-03-26T08:54:14.557+0000] {logging_mixin.py:188} INFO - [2024-03-26T08:54:14.557+0000] {dagbag.py:538} INFO - Filling up the DagBag from /home/airflow/.local/lib/python3.8/site-packages/airflow/example_dags/example_complex.py
[2024-03-26T08:54:14.566+0000] {processor.py:840} INFO - DAG(s) 'example_complex' retrieved from /home/airflow/.local/lib/python3.8/site-packages/airflow/example_dags/example_complex.py
[2024-03-26T08:54:14.592+0000] {logging_mixin.py:188} INFO - [2024-03-26T08:54:14.591+0000] {dag.py:3036} INFO - Sync 1 DAGs
[2024-03-26T08:54:14.603+0000] {logging_mixin.py:188} INFO - [2024-03-26T08:54:14.603+0000] {dag.py:3823} INFO - Setting next_dagrun for example_complex to None, run_after=None
[2024-03-26T08:54:14.623+0000] {processor.py:183} INFO - Processing /home/airflow/.local/lib/python3.8/site-packages/airflow/example_dags/example_complex.py took 0.070 seconds
[2024-03-26T08:54:45.345+0000] {processor.py:161} INFO - Started process (PID=225) to work on /home/airflow/.local/lib/python3.8/site-packages/airflow/example_dags/example_complex.py
[2024-03-26T08:54:45.346+0000] {processor.py:830} INFO - Processing file /home/airflow/.local/lib/python3.8/site-packages/airflow/example_dags/example_complex.py for tasks to queue
[2024-03-26T08:54:45.347+0000] {logging_mixin.py:188} INFO - [2024-03-26T08:54:45.347+0000] {dagbag.py:538} INFO - Filling up the DagBag from /home/airflow/.local/lib/python3.8/site-packages/airflow/example_dags/example_complex.py
[2024-03-26T08:54:45.357+0000] {processor.py:840} INFO - DAG(s) 'example_complex' retrieved from /home/airflow/.local/lib/python3.8/site-packages/airflow/example_dags/example_complex.py
[2024-03-26T08:54:45.388+0000] {logging_mixin.py:188} INFO - [2024-03-26T08:54:45.387+0000] {dag.py:3036} INFO - Sync 1 DAGs
[2024-03-26T08:54:45.409+0000] {logging_mixin.py:188} INFO - [2024-03-26T08:54:45.408+0000] {dag.py:3823} INFO - Setting next_dagrun for example_complex to None, run_after=None
[2024-03-26T08:54:45.437+0000] {processor.py:183} INFO - Processing /home/airflow/.local/lib/python3.8/site-packages/airflow/example_dags/example_complex.py took 0.095 seconds
[2024-03-26T08:55:15.881+0000] {processor.py:161} INFO - Started process (PID=281) to work on /home/airflow/.local/lib/python3.8/site-packages/airflow/example_dags/example_complex.py
[2024-03-26T08:55:15.882+0000] {processor.py:830} INFO - Processing file /home/airflow/.local/lib/python3.8/site-packages/airflow/example_dags/example_complex.py for tasks to queue
[2024-03-26T08:55:15.883+0000] {logging_mixin.py:188} INFO - [2024-03-26T08:55:15.883+0000] {dagbag.py:538} INFO - Filling up the DagBag from /home/airflow/.local/lib/python3.8/site-packages/airflow/example_dags/example_complex.py
[2024-03-26T08:55:15.892+0000] {processor.py:840} INFO - DAG(s) 'example_complex' retrieved from /home/airflow/.local/lib/python3.8/site-packages/airflow/example_dags/example_complex.py
[2024-03-26T08:55:15.917+0000] {logging_mixin.py:188} INFO - [2024-03-26T08:55:15.917+0000] {dag.py:3036} INFO - Sync 1 DAGs
[2024-03-26T08:55:15.927+0000] {logging_mixin.py:188} INFO - [2024-03-26T08:55:15.927+0000] {dag.py:3823} INFO - Setting next_dagrun for example_complex to None, run_after=None
[2024-03-26T08:55:15.943+0000] {processor.py:183} INFO - Processing /home/airflow/.local/lib/python3.8/site-packages/airflow/example_dags/example_complex.py took 0.065 seconds
[2024-03-26T08:55:46.377+0000] {processor.py:161} INFO - Started process (PID=337) to work on /home/airflow/.local/lib/python3.8/site-packages/airflow/example_dags/example_complex.py
[2024-03-26T08:55:46.378+0000] {processor.py:830} INFO - Processing file /home/airflow/.local/lib/python3.8/site-packages/airflow/example_dags/example_complex.py for tasks to queue
[2024-03-26T08:55:46.380+0000] {logging_mixin.py:188} INFO - [2024-03-26T08:55:46.379+0000] {dagbag.py:538} INFO - Filling up the DagBag from /home/airflow/.local/lib/python3.8/site-packages/airflow/example_dags/example_complex.py
[2024-03-26T08:55:46.388+0000] {processor.py:840} INFO - DAG(s) 'example_complex' retrieved from /home/airflow/.local/lib/python3.8/site-packages/airflow/example_dags/example_complex.py
[2024-03-26T08:55:46.414+0000] {logging_mixin.py:188} INFO - [2024-03-26T08:55:46.413+0000] {dag.py:3036} INFO - Sync 1 DAGs
[2024-03-26T08:55:46.424+0000] {logging_mixin.py:188} INFO - [2024-03-26T08:55:46.424+0000] {dag.py:3823} INFO - Setting next_dagrun for example_complex to None, run_after=None
[2024-03-26T08:55:46.440+0000] {processor.py:183} INFO - Processing /home/airflow/.local/lib/python3.8/site-packages/airflow/example_dags/example_complex.py took 0.064 seconds
[2024-03-26T08:56:16.616+0000] {processor.py:161} INFO - Started process (PID=393) to work on /home/airflow/.local/lib/python3.8/site-packages/airflow/example_dags/example_complex.py
[2024-03-26T08:56:16.617+0000] {processor.py:830} INFO - Processing file /home/airflow/.local/lib/python3.8/site-packages/airflow/example_dags/example_complex.py for tasks to queue
[2024-03-26T08:56:16.619+0000] {logging_mixin.py:188} INFO - [2024-03-26T08:56:16.619+0000] {dagbag.py:538} INFO - Filling up the DagBag from /home/airflow/.local/lib/python3.8/site-packages/airflow/example_dags/example_complex.py
[2024-03-26T08:56:16.628+0000] {processor.py:840} INFO - DAG(s) 'example_complex' retrieved from /home/airflow/.local/lib/python3.8/site-packages/airflow/example_dags/example_complex.py
[2024-03-26T08:56:16.652+0000] {logging_mixin.py:188} INFO - [2024-03-26T08:56:16.652+0000] {dag.py:3036} INFO - Sync 1 DAGs
[2024-03-26T08:56:16.663+0000] {logging_mixin.py:188} INFO - [2024-03-26T08:56:16.663+0000] {dag.py:3823} INFO - Setting next_dagrun for example_complex to None, run_after=None
[2024-03-26T08:56:16.679+0000] {processor.py:183} INFO - Processing /home/airflow/.local/lib/python3.8/site-packages/airflow/example_dags/example_complex.py took 0.064 seconds
[2024-03-26T08:56:46.970+0000] {processor.py:161} INFO - Started process (PID=449) to work on /home/airflow/.local/lib/python3.8/site-packages/airflow/example_dags/example_complex.py
[2024-03-26T08:56:46.971+0000] {processor.py:830} INFO - Processing file /home/airflow/.local/lib/python3.8/site-packages/airflow/example_dags/example_complex.py for tasks to queue
[2024-03-26T08:56:46.973+0000] {logging_mixin.py:188} INFO - [2024-03-26T08:56:46.972+0000] {dagbag.py:538} INFO - Filling up the DagBag from /home/airflow/.local/lib/python3.8/site-packages/airflow/example_dags/example_complex.py
[2024-03-26T08:56:46.981+0000] {processor.py:840} INFO - DAG(s) 'example_complex' retrieved from /home/airflow/.local/lib/python3.8/site-packages/airflow/example_dags/example_complex.py
[2024-03-26T08:56:47.005+0000] {logging_mixin.py:188} INFO - [2024-03-26T08:56:47.005+0000] {dag.py:3036} INFO - Sync 1 DAGs
[2024-03-26T08:56:47.015+0000] {logging_mixin.py:188} INFO - [2024-03-26T08:56:47.015+0000] {dag.py:3823} INFO - Setting next_dagrun for example_complex to None, run_after=None
[2024-03-26T08:56:47.032+0000] {processor.py:183} INFO - Processing /home/airflow/.local/lib/python3.8/site-packages/airflow/example_dags/example_complex.py took 0.064 seconds
[2024-03-26T08:57:17.316+0000] {processor.py:161} INFO - Started process (PID=505) to work on /home/airflow/.local/lib/python3.8/site-packages/airflow/example_dags/example_complex.py
[2024-03-26T08:57:17.317+0000] {processor.py:830} INFO - Processing file /home/airflow/.local/lib/python3.8/site-packages/airflow/example_dags/example_complex.py for tasks to queue
[2024-03-26T08:57:17.318+0000] {logging_mixin.py:188} INFO - [2024-03-26T08:57:17.318+0000] {dagbag.py:538} INFO - Filling up the DagBag from /home/airflow/.local/lib/python3.8/site-packages/airflow/example_dags/example_complex.py
[2024-03-26T08:57:17.330+0000] {processor.py:840} INFO - DAG(s) 'example_complex' retrieved from /home/airflow/.local/lib/python3.8/site-packages/airflow/example_dags/example_complex.py
[2024-03-26T08:57:17.356+0000] {logging_mixin.py:188} INFO - [2024-03-26T08:57:17.356+0000] {dag.py:3036} INFO - Sync 1 DAGs
[2024-03-26T08:57:17.366+0000] {logging_mixin.py:188} INFO - [2024-03-26T08:57:17.366+0000] {dag.py:3823} INFO - Setting next_dagrun for example_complex to None, run_after=None
[2024-03-26T08:57:17.385+0000] {processor.py:183} INFO - Processing /home/airflow/.local/lib/python3.8/site-packages/airflow/example_dags/example_complex.py took 0.071 seconds
[2024-03-26T08:57:47.841+0000] {processor.py:161} INFO - Started process (PID=561) to work on /home/airflow/.local/lib/python3.8/site-packages/airflow/example_dags/example_complex.py
[2024-03-26T08:57:47.842+0000] {processor.py:830} INFO - Processing file /home/airflow/.local/lib/python3.8/site-packages/airflow/example_dags/example_complex.py for tasks to queue
[2024-03-26T08:57:47.844+0000] {logging_mixin.py:188} INFO - [2024-03-26T08:57:47.843+0000] {dagbag.py:538} INFO - Filling up the DagBag from /home/airflow/.local/lib/python3.8/site-packages/airflow/example_dags/example_complex.py
[2024-03-26T08:57:47.853+0000] {processor.py:840} INFO - DAG(s) 'example_complex' retrieved from /home/airflow/.local/lib/python3.8/site-packages/airflow/example_dags/example_complex.py
[2024-03-26T08:57:47.879+0000] {logging_mixin.py:188} INFO - [2024-03-26T08:57:47.878+0000] {dag.py:3036} INFO - Sync 1 DAGs
[2024-03-26T08:57:47.890+0000] {logging_mixin.py:188} INFO - [2024-03-26T08:57:47.889+0000] {dag.py:3823} INFO - Setting next_dagrun for example_complex to None, run_after=None
[2024-03-26T08:57:47.906+0000] {processor.py:183} INFO - Processing /home/airflow/.local/lib/python3.8/site-packages/airflow/example_dags/example_complex.py took 0.067 seconds
[2024-03-26T08:58:18.292+0000] {processor.py:161} INFO - Started process (PID=617) to work on /home/airflow/.local/lib/python3.8/site-packages/airflow/example_dags/example_complex.py
[2024-03-26T08:58:18.293+0000] {processor.py:830} INFO - Processing file /home/airflow/.local/lib/python3.8/site-packages/airflow/example_dags/example_complex.py for tasks to queue
[2024-03-26T08:58:18.295+0000] {logging_mixin.py:188} INFO - [2024-03-26T08:58:18.295+0000] {dagbag.py:538} INFO - Filling up the DagBag from /home/airflow/.local/lib/python3.8/site-packages/airflow/example_dags/example_complex.py
[2024-03-26T08:58:18.304+0000] {processor.py:840} INFO - DAG(s) 'example_complex' retrieved from /home/airflow/.local/lib/python3.8/site-packages/airflow/example_dags/example_complex.py
[2024-03-26T08:58:18.329+0000] {logging_mixin.py:188} INFO - [2024-03-26T08:58:18.329+0000] {dag.py:3036} INFO - Sync 1 DAGs
[2024-03-26T08:58:18.341+0000] {logging_mixin.py:188} INFO - [2024-03-26T08:58:18.341+0000] {dag.py:3823} INFO - Setting next_dagrun for example_complex to None, run_after=None
[2024-03-26T08:58:18.357+0000] {processor.py:183} INFO - Processing /home/airflow/.local/lib/python3.8/site-packages/airflow/example_dags/example_complex.py took 0.068 seconds
[2024-03-26T08:58:48.814+0000] {processor.py:161} INFO - Started process (PID=673) to work on /home/airflow/.local/lib/python3.8/site-packages/airflow/example_dags/example_complex.py
[2024-03-26T08:58:48.815+0000] {processor.py:830} INFO - Processing file /home/airflow/.local/lib/python3.8/site-packages/airflow/example_dags/example_complex.py for tasks to queue
[2024-03-26T08:58:48.816+0000] {logging_mixin.py:188} INFO - [2024-03-26T08:58:48.816+0000] {dagbag.py:538} INFO - Filling up the DagBag from /home/airflow/.local/lib/python3.8/site-packages/airflow/example_dags/example_complex.py
[2024-03-26T08:58:48.825+0000] {processor.py:840} INFO - DAG(s) 'example_complex' retrieved from /home/airflow/.local/lib/python3.8/site-packages/airflow/example_dags/example_complex.py
[2024-03-26T08:58:48.850+0000] {logging_mixin.py:188} INFO - [2024-03-26T08:58:48.850+0000] {dag.py:3036} INFO - Sync 1 DAGs
[2024-03-26T08:58:48.861+0000] {logging_mixin.py:188} INFO - [2024-03-26T08:58:48.861+0000] {dag.py:3823} INFO - Setting next_dagrun for example_complex to None, run_after=None
[2024-03-26T08:58:48.878+0000] {processor.py:183} INFO - Processing /home/airflow/.local/lib/python3.8/site-packages/airflow/example_dags/example_complex.py took 0.066 seconds
[2024-03-26T09:07:41.131+0000] {processor.py:161} INFO - Started process (PID=58) to work on /home/airflow/.local/lib/python3.8/site-packages/airflow/example_dags/example_complex.py
[2024-03-26T09:07:41.132+0000] {processor.py:830} INFO - Processing file /home/airflow/.local/lib/python3.8/site-packages/airflow/example_dags/example_complex.py for tasks to queue
[2024-03-26T09:07:41.134+0000] {logging_mixin.py:188} INFO - [2024-03-26T09:07:41.134+0000] {dagbag.py:538} INFO - Filling up the DagBag from /home/airflow/.local/lib/python3.8/site-packages/airflow/example_dags/example_complex.py
[2024-03-26T09:07:41.145+0000] {processor.py:840} INFO - DAG(s) 'example_complex' retrieved from /home/airflow/.local/lib/python3.8/site-packages/airflow/example_dags/example_complex.py
[2024-03-26T09:07:41.154+0000] {logging_mixin.py:188} INFO - [2024-03-26T09:07:41.154+0000] {dag.py:3036} INFO - Sync 1 DAGs
[2024-03-26T09:07:41.166+0000] {logging_mixin.py:188} INFO - [2024-03-26T09:07:41.166+0000] {dag.py:3823} INFO - Setting next_dagrun for example_complex to None, run_after=None
[2024-03-26T09:07:41.189+0000] {processor.py:183} INFO - Processing /home/airflow/.local/lib/python3.8/site-packages/airflow/example_dags/example_complex.py took 0.061 seconds
[2024-03-26T09:08:11.760+0000] {processor.py:161} INFO - Started process (PID=116) to work on /home/airflow/.local/lib/python3.8/site-packages/airflow/example_dags/example_complex.py
[2024-03-26T09:08:11.761+0000] {processor.py:830} INFO - Processing file /home/airflow/.local/lib/python3.8/site-packages/airflow/example_dags/example_complex.py for tasks to queue
[2024-03-26T09:08:11.762+0000] {logging_mixin.py:188} INFO - [2024-03-26T09:08:11.762+0000] {dagbag.py:538} INFO - Filling up the DagBag from /home/airflow/.local/lib/python3.8/site-packages/airflow/example_dags/example_complex.py
[2024-03-26T09:08:11.772+0000] {processor.py:840} INFO - DAG(s) 'example_complex' retrieved from /home/airflow/.local/lib/python3.8/site-packages/airflow/example_dags/example_complex.py
[2024-03-26T09:08:11.878+0000] {logging_mixin.py:188} INFO - [2024-03-26T09:08:11.877+0000] {dag.py:3036} INFO - Sync 1 DAGs
[2024-03-26T09:08:11.887+0000] {logging_mixin.py:188} INFO - [2024-03-26T09:08:11.887+0000] {dag.py:3823} INFO - Setting next_dagrun for example_complex to None, run_after=None
[2024-03-26T09:08:11.906+0000] {processor.py:183} INFO - Processing /home/airflow/.local/lib/python3.8/site-packages/airflow/example_dags/example_complex.py took 0.148 seconds
[2024-03-26T09:08:42.816+0000] {processor.py:161} INFO - Started process (PID=173) to work on /home/airflow/.local/lib/python3.8/site-packages/airflow/example_dags/example_complex.py
[2024-03-26T09:08:42.817+0000] {processor.py:830} INFO - Processing file /home/airflow/.local/lib/python3.8/site-packages/airflow/example_dags/example_complex.py for tasks to queue
[2024-03-26T09:08:42.819+0000] {logging_mixin.py:188} INFO - [2024-03-26T09:08:42.818+0000] {dagbag.py:538} INFO - Filling up the DagBag from /home/airflow/.local/lib/python3.8/site-packages/airflow/example_dags/example_complex.py
[2024-03-26T09:08:42.828+0000] {processor.py:840} INFO - DAG(s) 'example_complex' retrieved from /home/airflow/.local/lib/python3.8/site-packages/airflow/example_dags/example_complex.py
[2024-03-26T09:08:42.853+0000] {logging_mixin.py:188} INFO - [2024-03-26T09:08:42.853+0000] {dag.py:3036} INFO - Sync 1 DAGs
[2024-03-26T09:08:42.866+0000] {logging_mixin.py:188} INFO - [2024-03-26T09:08:42.866+0000] {dag.py:3823} INFO - Setting next_dagrun for example_complex to None, run_after=None
[2024-03-26T09:08:42.885+0000] {processor.py:183} INFO - Processing /home/airflow/.local/lib/python3.8/site-packages/airflow/example_dags/example_complex.py took 0.071 seconds
[2024-03-26T09:09:13.419+0000] {processor.py:161} INFO - Started process (PID=230) to work on /home/airflow/.local/lib/python3.8/site-packages/airflow/example_dags/example_complex.py
[2024-03-26T09:09:13.420+0000] {processor.py:830} INFO - Processing file /home/airflow/.local/lib/python3.8/site-packages/airflow/example_dags/example_complex.py for tasks to queue
[2024-03-26T09:09:13.422+0000] {logging_mixin.py:188} INFO - [2024-03-26T09:09:13.422+0000] {dagbag.py:538} INFO - Filling up the DagBag from /home/airflow/.local/lib/python3.8/site-packages/airflow/example_dags/example_complex.py
[2024-03-26T09:09:13.432+0000] {processor.py:840} INFO - DAG(s) 'example_complex' retrieved from /home/airflow/.local/lib/python3.8/site-packages/airflow/example_dags/example_complex.py
[2024-03-26T09:09:13.459+0000] {logging_mixin.py:188} INFO - [2024-03-26T09:09:13.458+0000] {dag.py:3036} INFO - Sync 1 DAGs
[2024-03-26T09:09:13.470+0000] {logging_mixin.py:188} INFO - [2024-03-26T09:09:13.469+0000] {dag.py:3823} INFO - Setting next_dagrun for example_complex to None, run_after=None
[2024-03-26T09:09:13.488+0000] {processor.py:183} INFO - Processing /home/airflow/.local/lib/python3.8/site-packages/airflow/example_dags/example_complex.py took 0.071 seconds
[2024-03-26T09:09:44.223+0000] {processor.py:161} INFO - Started process (PID=287) to work on /home/airflow/.local/lib/python3.8/site-packages/airflow/example_dags/example_complex.py
[2024-03-26T09:09:44.224+0000] {processor.py:830} INFO - Processing file /home/airflow/.local/lib/python3.8/site-packages/airflow/example_dags/example_complex.py for tasks to queue
[2024-03-26T09:09:44.225+0000] {logging_mixin.py:188} INFO - [2024-03-26T09:09:44.225+0000] {dagbag.py:538} INFO - Filling up the DagBag from /home/airflow/.local/lib/python3.8/site-packages/airflow/example_dags/example_complex.py
[2024-03-26T09:09:44.237+0000] {processor.py:840} INFO - DAG(s) 'example_complex' retrieved from /home/airflow/.local/lib/python3.8/site-packages/airflow/example_dags/example_complex.py
[2024-03-26T09:09:44.261+0000] {logging_mixin.py:188} INFO - [2024-03-26T09:09:44.261+0000] {dag.py:3036} INFO - Sync 1 DAGs
[2024-03-26T09:09:44.272+0000] {logging_mixin.py:188} INFO - [2024-03-26T09:09:44.272+0000] {dag.py:3823} INFO - Setting next_dagrun for example_complex to None, run_after=None
[2024-03-26T09:09:44.287+0000] {processor.py:183} INFO - Processing /home/airflow/.local/lib/python3.8/site-packages/airflow/example_dags/example_complex.py took 0.067 seconds
[2024-03-26T09:10:14.821+0000] {processor.py:161} INFO - Started process (PID=344) to work on /home/airflow/.local/lib/python3.8/site-packages/airflow/example_dags/example_complex.py
[2024-03-26T09:10:14.822+0000] {processor.py:830} INFO - Processing file /home/airflow/.local/lib/python3.8/site-packages/airflow/example_dags/example_complex.py for tasks to queue
[2024-03-26T09:10:14.823+0000] {logging_mixin.py:188} INFO - [2024-03-26T09:10:14.823+0000] {dagbag.py:538} INFO - Filling up the DagBag from /home/airflow/.local/lib/python3.8/site-packages/airflow/example_dags/example_complex.py
[2024-03-26T09:10:14.833+0000] {processor.py:840} INFO - DAG(s) 'example_complex' retrieved from /home/airflow/.local/lib/python3.8/site-packages/airflow/example_dags/example_complex.py
[2024-03-26T09:10:14.861+0000] {logging_mixin.py:188} INFO - [2024-03-26T09:10:14.861+0000] {dag.py:3036} INFO - Sync 1 DAGs
[2024-03-26T09:10:14.877+0000] {logging_mixin.py:188} INFO - [2024-03-26T09:10:14.876+0000] {dag.py:3823} INFO - Setting next_dagrun for example_complex to None, run_after=None
[2024-03-26T09:10:14.894+0000] {processor.py:183} INFO - Processing /home/airflow/.local/lib/python3.8/site-packages/airflow/example_dags/example_complex.py took 0.076 seconds
[2024-03-26T09:50:57.387+0000] {processor.py:161} INFO - Started process (PID=58) to work on /home/airflow/.local/lib/python3.8/site-packages/airflow/example_dags/example_complex.py
[2024-03-26T09:50:57.388+0000] {processor.py:830} INFO - Processing file /home/airflow/.local/lib/python3.8/site-packages/airflow/example_dags/example_complex.py for tasks to queue
[2024-03-26T09:50:57.389+0000] {logging_mixin.py:188} INFO - [2024-03-26T09:50:57.389+0000] {dagbag.py:538} INFO - Filling up the DagBag from /home/airflow/.local/lib/python3.8/site-packages/airflow/example_dags/example_complex.py
[2024-03-26T09:50:57.407+0000] {processor.py:840} INFO - DAG(s) 'example_complex' retrieved from /home/airflow/.local/lib/python3.8/site-packages/airflow/example_dags/example_complex.py
[2024-03-26T09:50:57.423+0000] {logging_mixin.py:188} INFO - [2024-03-26T09:50:57.423+0000] {dag.py:3036} INFO - Sync 1 DAGs
[2024-03-26T09:50:57.439+0000] {logging_mixin.py:188} INFO - [2024-03-26T09:50:57.439+0000] {dag.py:3823} INFO - Setting next_dagrun for example_complex to None, run_after=None
[2024-03-26T09:50:57.464+0000] {processor.py:183} INFO - Processing /home/airflow/.local/lib/python3.8/site-packages/airflow/example_dags/example_complex.py took 0.079 seconds
[2024-03-26T09:51:27.852+0000] {processor.py:161} INFO - Started process (PID=115) to work on /home/airflow/.local/lib/python3.8/site-packages/airflow/example_dags/example_complex.py
[2024-03-26T09:51:27.853+0000] {processor.py:830} INFO - Processing file /home/airflow/.local/lib/python3.8/site-packages/airflow/example_dags/example_complex.py for tasks to queue
[2024-03-26T09:51:27.854+0000] {logging_mixin.py:188} INFO - [2024-03-26T09:51:27.854+0000] {dagbag.py:538} INFO - Filling up the DagBag from /home/airflow/.local/lib/python3.8/site-packages/airflow/example_dags/example_complex.py
[2024-03-26T09:51:27.863+0000] {processor.py:840} INFO - DAG(s) 'example_complex' retrieved from /home/airflow/.local/lib/python3.8/site-packages/airflow/example_dags/example_complex.py
[2024-03-26T09:51:27.955+0000] {logging_mixin.py:188} INFO - [2024-03-26T09:51:27.955+0000] {dag.py:3036} INFO - Sync 1 DAGs
[2024-03-26T09:51:27.965+0000] {logging_mixin.py:188} INFO - [2024-03-26T09:51:27.965+0000] {dag.py:3823} INFO - Setting next_dagrun for example_complex to None, run_after=None
[2024-03-26T09:51:27.982+0000] {processor.py:183} INFO - Processing /home/airflow/.local/lib/python3.8/site-packages/airflow/example_dags/example_complex.py took 0.133 seconds
[2024-03-26T09:51:58.484+0000] {processor.py:161} INFO - Started process (PID=172) to work on /home/airflow/.local/lib/python3.8/site-packages/airflow/example_dags/example_complex.py
[2024-03-26T09:51:58.485+0000] {processor.py:830} INFO - Processing file /home/airflow/.local/lib/python3.8/site-packages/airflow/example_dags/example_complex.py for tasks to queue
[2024-03-26T09:51:58.487+0000] {logging_mixin.py:188} INFO - [2024-03-26T09:51:58.486+0000] {dagbag.py:538} INFO - Filling up the DagBag from /home/airflow/.local/lib/python3.8/site-packages/airflow/example_dags/example_complex.py
[2024-03-26T09:51:58.496+0000] {processor.py:840} INFO - DAG(s) 'example_complex' retrieved from /home/airflow/.local/lib/python3.8/site-packages/airflow/example_dags/example_complex.py
[2024-03-26T09:51:58.524+0000] {logging_mixin.py:188} INFO - [2024-03-26T09:51:58.524+0000] {dag.py:3036} INFO - Sync 1 DAGs
[2024-03-26T09:51:58.534+0000] {logging_mixin.py:188} INFO - [2024-03-26T09:51:58.534+0000] {dag.py:3823} INFO - Setting next_dagrun for example_complex to None, run_after=None
[2024-03-26T09:51:58.550+0000] {processor.py:183} INFO - Processing /home/airflow/.local/lib/python3.8/site-packages/airflow/example_dags/example_complex.py took 0.069 seconds
[2024-03-26T09:52:29.219+0000] {processor.py:161} INFO - Started process (PID=229) to work on /home/airflow/.local/lib/python3.8/site-packages/airflow/example_dags/example_complex.py
[2024-03-26T09:52:29.220+0000] {processor.py:830} INFO - Processing file /home/airflow/.local/lib/python3.8/site-packages/airflow/example_dags/example_complex.py for tasks to queue
[2024-03-26T09:52:29.222+0000] {logging_mixin.py:188} INFO - [2024-03-26T09:52:29.222+0000] {dagbag.py:538} INFO - Filling up the DagBag from /home/airflow/.local/lib/python3.8/site-packages/airflow/example_dags/example_complex.py
[2024-03-26T09:52:29.231+0000] {processor.py:840} INFO - DAG(s) 'example_complex' retrieved from /home/airflow/.local/lib/python3.8/site-packages/airflow/example_dags/example_complex.py
[2024-03-26T09:52:29.259+0000] {logging_mixin.py:188} INFO - [2024-03-26T09:52:29.258+0000] {dag.py:3036} INFO - Sync 1 DAGs
[2024-03-26T09:52:29.274+0000] {logging_mixin.py:188} INFO - [2024-03-26T09:52:29.274+0000] {dag.py:3823} INFO - Setting next_dagrun for example_complex to None, run_after=None
[2024-03-26T09:52:29.295+0000] {processor.py:183} INFO - Processing /home/airflow/.local/lib/python3.8/site-packages/airflow/example_dags/example_complex.py took 0.078 seconds
[2024-03-26T09:53:00.305+0000] {processor.py:161} INFO - Started process (PID=286) to work on /home/airflow/.local/lib/python3.8/site-packages/airflow/example_dags/example_complex.py
[2024-03-26T09:53:00.306+0000] {processor.py:830} INFO - Processing file /home/airflow/.local/lib/python3.8/site-packages/airflow/example_dags/example_complex.py for tasks to queue
[2024-03-26T09:53:00.307+0000] {logging_mixin.py:188} INFO - [2024-03-26T09:53:00.307+0000] {dagbag.py:538} INFO - Filling up the DagBag from /home/airflow/.local/lib/python3.8/site-packages/airflow/example_dags/example_complex.py
[2024-03-26T09:53:00.318+0000] {processor.py:840} INFO - DAG(s) 'example_complex' retrieved from /home/airflow/.local/lib/python3.8/site-packages/airflow/example_dags/example_complex.py
[2024-03-26T09:53:00.343+0000] {logging_mixin.py:188} INFO - [2024-03-26T09:53:00.343+0000] {dag.py:3036} INFO - Sync 1 DAGs
[2024-03-26T09:53:00.354+0000] {logging_mixin.py:188} INFO - [2024-03-26T09:53:00.354+0000] {dag.py:3823} INFO - Setting next_dagrun for example_complex to None, run_after=None
[2024-03-26T09:53:00.369+0000] {processor.py:183} INFO - Processing /home/airflow/.local/lib/python3.8/site-packages/airflow/example_dags/example_complex.py took 0.067 seconds
[2024-03-26T09:53:30.648+0000] {processor.py:161} INFO - Started process (PID=343) to work on /home/airflow/.local/lib/python3.8/site-packages/airflow/example_dags/example_complex.py
[2024-03-26T09:53:30.649+0000] {processor.py:830} INFO - Processing file /home/airflow/.local/lib/python3.8/site-packages/airflow/example_dags/example_complex.py for tasks to queue
[2024-03-26T09:53:30.650+0000] {logging_mixin.py:188} INFO - [2024-03-26T09:53:30.650+0000] {dagbag.py:538} INFO - Filling up the DagBag from /home/airflow/.local/lib/python3.8/site-packages/airflow/example_dags/example_complex.py
[2024-03-26T09:53:30.660+0000] {processor.py:840} INFO - DAG(s) 'example_complex' retrieved from /home/airflow/.local/lib/python3.8/site-packages/airflow/example_dags/example_complex.py
[2024-03-26T09:53:30.684+0000] {logging_mixin.py:188} INFO - [2024-03-26T09:53:30.683+0000] {dag.py:3036} INFO - Sync 1 DAGs
[2024-03-26T09:53:30.693+0000] {logging_mixin.py:188} INFO - [2024-03-26T09:53:30.693+0000] {dag.py:3823} INFO - Setting next_dagrun for example_complex to None, run_after=None
[2024-03-26T09:53:30.709+0000] {processor.py:183} INFO - Processing /home/airflow/.local/lib/python3.8/site-packages/airflow/example_dags/example_complex.py took 0.063 seconds
[2024-03-26T09:54:01.686+0000] {processor.py:161} INFO - Started process (PID=400) to work on /home/airflow/.local/lib/python3.8/site-packages/airflow/example_dags/example_complex.py
[2024-03-26T09:54:01.687+0000] {processor.py:830} INFO - Processing file /home/airflow/.local/lib/python3.8/site-packages/airflow/example_dags/example_complex.py for tasks to queue
[2024-03-26T09:54:01.688+0000] {logging_mixin.py:188} INFO - [2024-03-26T09:54:01.688+0000] {dagbag.py:538} INFO - Filling up the DagBag from /home/airflow/.local/lib/python3.8/site-packages/airflow/example_dags/example_complex.py
[2024-03-26T09:54:01.697+0000] {processor.py:840} INFO - DAG(s) 'example_complex' retrieved from /home/airflow/.local/lib/python3.8/site-packages/airflow/example_dags/example_complex.py
[2024-03-26T09:54:01.725+0000] {logging_mixin.py:188} INFO - [2024-03-26T09:54:01.725+0000] {dag.py:3036} INFO - Sync 1 DAGs
[2024-03-26T09:54:01.736+0000] {logging_mixin.py:188} INFO - [2024-03-26T09:54:01.735+0000] {dag.py:3823} INFO - Setting next_dagrun for example_complex to None, run_after=None
[2024-03-26T09:54:01.752+0000] {processor.py:183} INFO - Processing /home/airflow/.local/lib/python3.8/site-packages/airflow/example_dags/example_complex.py took 0.068 seconds
[2024-03-26T09:54:32.218+0000] {processor.py:161} INFO - Started process (PID=456) to work on /home/airflow/.local/lib/python3.8/site-packages/airflow/example_dags/example_complex.py
[2024-03-26T09:54:32.219+0000] {processor.py:830} INFO - Processing file /home/airflow/.local/lib/python3.8/site-packages/airflow/example_dags/example_complex.py for tasks to queue
[2024-03-26T09:54:32.221+0000] {logging_mixin.py:188} INFO - [2024-03-26T09:54:32.220+0000] {dagbag.py:538} INFO - Filling up the DagBag from /home/airflow/.local/lib/python3.8/site-packages/airflow/example_dags/example_complex.py
[2024-03-26T09:54:32.229+0000] {processor.py:840} INFO - DAG(s) 'example_complex' retrieved from /home/airflow/.local/lib/python3.8/site-packages/airflow/example_dags/example_complex.py
[2024-03-26T09:54:32.254+0000] {logging_mixin.py:188} INFO - [2024-03-26T09:54:32.254+0000] {dag.py:3036} INFO - Sync 1 DAGs
[2024-03-26T09:54:32.264+0000] {logging_mixin.py:188} INFO - [2024-03-26T09:54:32.264+0000] {dag.py:3823} INFO - Setting next_dagrun for example_complex to None, run_after=None
[2024-03-26T09:54:32.280+0000] {processor.py:183} INFO - Processing /home/airflow/.local/lib/python3.8/site-packages/airflow/example_dags/example_complex.py took 0.064 seconds
[2024-03-26T09:55:02.584+0000] {processor.py:161} INFO - Started process (PID=512) to work on /home/airflow/.local/lib/python3.8/site-packages/airflow/example_dags/example_complex.py
[2024-03-26T09:55:02.585+0000] {processor.py:830} INFO - Processing file /home/airflow/.local/lib/python3.8/site-packages/airflow/example_dags/example_complex.py for tasks to queue
[2024-03-26T09:55:02.586+0000] {logging_mixin.py:188} INFO - [2024-03-26T09:55:02.586+0000] {dagbag.py:538} INFO - Filling up the DagBag from /home/airflow/.local/lib/python3.8/site-packages/airflow/example_dags/example_complex.py
[2024-03-26T09:55:02.595+0000] {processor.py:840} INFO - DAG(s) 'example_complex' retrieved from /home/airflow/.local/lib/python3.8/site-packages/airflow/example_dags/example_complex.py
[2024-03-26T09:55:02.619+0000] {logging_mixin.py:188} INFO - [2024-03-26T09:55:02.619+0000] {dag.py:3036} INFO - Sync 1 DAGs
[2024-03-26T09:55:02.629+0000] {logging_mixin.py:188} INFO - [2024-03-26T09:55:02.629+0000] {dag.py:3823} INFO - Setting next_dagrun for example_complex to None, run_after=None
[2024-03-26T09:55:02.645+0000] {processor.py:183} INFO - Processing /home/airflow/.local/lib/python3.8/site-packages/airflow/example_dags/example_complex.py took 0.063 seconds
[2024-03-26T09:55:33.105+0000] {processor.py:161} INFO - Started process (PID=569) to work on /home/airflow/.local/lib/python3.8/site-packages/airflow/example_dags/example_complex.py
[2024-03-26T09:55:33.106+0000] {processor.py:830} INFO - Processing file /home/airflow/.local/lib/python3.8/site-packages/airflow/example_dags/example_complex.py for tasks to queue
[2024-03-26T09:55:33.107+0000] {logging_mixin.py:188} INFO - [2024-03-26T09:55:33.107+0000] {dagbag.py:538} INFO - Filling up the DagBag from /home/airflow/.local/lib/python3.8/site-packages/airflow/example_dags/example_complex.py
[2024-03-26T09:55:33.116+0000] {processor.py:840} INFO - DAG(s) 'example_complex' retrieved from /home/airflow/.local/lib/python3.8/site-packages/airflow/example_dags/example_complex.py
[2024-03-26T09:55:33.140+0000] {logging_mixin.py:188} INFO - [2024-03-26T09:55:33.140+0000] {dag.py:3036} INFO - Sync 1 DAGs
[2024-03-26T09:55:33.150+0000] {logging_mixin.py:188} INFO - [2024-03-26T09:55:33.150+0000] {dag.py:3823} INFO - Setting next_dagrun for example_complex to None, run_after=None
[2024-03-26T09:55:33.167+0000] {processor.py:183} INFO - Processing /home/airflow/.local/lib/python3.8/site-packages/airflow/example_dags/example_complex.py took 0.065 seconds
[2024-03-26T09:56:03.785+0000] {processor.py:161} INFO - Started process (PID=626) to work on /home/airflow/.local/lib/python3.8/site-packages/airflow/example_dags/example_complex.py
[2024-03-26T09:56:03.786+0000] {processor.py:830} INFO - Processing file /home/airflow/.local/lib/python3.8/site-packages/airflow/example_dags/example_complex.py for tasks to queue
[2024-03-26T09:56:03.788+0000] {logging_mixin.py:188} INFO - [2024-03-26T09:56:03.787+0000] {dagbag.py:538} INFO - Filling up the DagBag from /home/airflow/.local/lib/python3.8/site-packages/airflow/example_dags/example_complex.py
[2024-03-26T09:56:03.797+0000] {processor.py:840} INFO - DAG(s) 'example_complex' retrieved from /home/airflow/.local/lib/python3.8/site-packages/airflow/example_dags/example_complex.py
[2024-03-26T09:56:03.825+0000] {logging_mixin.py:188} INFO - [2024-03-26T09:56:03.824+0000] {dag.py:3036} INFO - Sync 1 DAGs
[2024-03-26T09:56:03.837+0000] {logging_mixin.py:188} INFO - [2024-03-26T09:56:03.836+0000] {dag.py:3823} INFO - Setting next_dagrun for example_complex to None, run_after=None
[2024-03-26T09:56:03.856+0000] {processor.py:183} INFO - Processing /home/airflow/.local/lib/python3.8/site-packages/airflow/example_dags/example_complex.py took 0.074 seconds
[2024-03-26T09:57:47.132+0000] {processor.py:161} INFO - Started process (PID=58) to work on /home/airflow/.local/lib/python3.8/site-packages/airflow/example_dags/example_complex.py
[2024-03-26T09:57:47.133+0000] {processor.py:830} INFO - Processing file /home/airflow/.local/lib/python3.8/site-packages/airflow/example_dags/example_complex.py for tasks to queue
[2024-03-26T09:57:47.134+0000] {logging_mixin.py:188} INFO - [2024-03-26T09:57:47.134+0000] {dagbag.py:538} INFO - Filling up the DagBag from /home/airflow/.local/lib/python3.8/site-packages/airflow/example_dags/example_complex.py
[2024-03-26T09:57:47.147+0000] {processor.py:840} INFO - DAG(s) 'example_complex' retrieved from /home/airflow/.local/lib/python3.8/site-packages/airflow/example_dags/example_complex.py
[2024-03-26T09:57:47.157+0000] {logging_mixin.py:188} INFO - [2024-03-26T09:57:47.156+0000] {dag.py:3036} INFO - Sync 1 DAGs
[2024-03-26T09:57:47.172+0000] {logging_mixin.py:188} INFO - [2024-03-26T09:57:47.172+0000] {dag.py:3823} INFO - Setting next_dagrun for example_complex to None, run_after=None
[2024-03-26T09:57:47.190+0000] {processor.py:183} INFO - Processing /home/airflow/.local/lib/python3.8/site-packages/airflow/example_dags/example_complex.py took 0.061 seconds
[2024-03-26T09:58:17.590+0000] {processor.py:161} INFO - Started process (PID=115) to work on /home/airflow/.local/lib/python3.8/site-packages/airflow/example_dags/example_complex.py
[2024-03-26T09:58:17.591+0000] {processor.py:830} INFO - Processing file /home/airflow/.local/lib/python3.8/site-packages/airflow/example_dags/example_complex.py for tasks to queue
[2024-03-26T09:58:17.592+0000] {logging_mixin.py:188} INFO - [2024-03-26T09:58:17.592+0000] {dagbag.py:538} INFO - Filling up the DagBag from /home/airflow/.local/lib/python3.8/site-packages/airflow/example_dags/example_complex.py
[2024-03-26T09:58:17.602+0000] {processor.py:840} INFO - DAG(s) 'example_complex' retrieved from /home/airflow/.local/lib/python3.8/site-packages/airflow/example_dags/example_complex.py
[2024-03-26T09:58:17.692+0000] {logging_mixin.py:188} INFO - [2024-03-26T09:58:17.692+0000] {dag.py:3036} INFO - Sync 1 DAGs
[2024-03-26T09:58:17.701+0000] {logging_mixin.py:188} INFO - [2024-03-26T09:58:17.701+0000] {dag.py:3823} INFO - Setting next_dagrun for example_complex to None, run_after=None
[2024-03-26T09:58:17.718+0000] {processor.py:183} INFO - Processing /home/airflow/.local/lib/python3.8/site-packages/airflow/example_dags/example_complex.py took 0.130 seconds
[2024-03-26T09:58:48.470+0000] {processor.py:161} INFO - Started process (PID=172) to work on /home/airflow/.local/lib/python3.8/site-packages/airflow/example_dags/example_complex.py
[2024-03-26T09:58:48.471+0000] {processor.py:830} INFO - Processing file /home/airflow/.local/lib/python3.8/site-packages/airflow/example_dags/example_complex.py for tasks to queue
[2024-03-26T09:58:48.473+0000] {logging_mixin.py:188} INFO - [2024-03-26T09:58:48.472+0000] {dagbag.py:538} INFO - Filling up the DagBag from /home/airflow/.local/lib/python3.8/site-packages/airflow/example_dags/example_complex.py
[2024-03-26T09:58:48.482+0000] {processor.py:840} INFO - DAG(s) 'example_complex' retrieved from /home/airflow/.local/lib/python3.8/site-packages/airflow/example_dags/example_complex.py
[2024-03-26T09:58:48.512+0000] {logging_mixin.py:188} INFO - [2024-03-26T09:58:48.511+0000] {dag.py:3036} INFO - Sync 1 DAGs
[2024-03-26T09:58:48.523+0000] {logging_mixin.py:188} INFO - [2024-03-26T09:58:48.523+0000] {dag.py:3823} INFO - Setting next_dagrun for example_complex to None, run_after=None
[2024-03-26T09:58:48.544+0000] {processor.py:183} INFO - Processing /home/airflow/.local/lib/python3.8/site-packages/airflow/example_dags/example_complex.py took 0.077 seconds
[2024-03-26T10:11:03.050+0000] {processor.py:161} INFO - Started process (PID=57) to work on /home/airflow/.local/lib/python3.8/site-packages/airflow/example_dags/example_complex.py
[2024-03-26T10:11:03.052+0000] {processor.py:830} INFO - Processing file /home/airflow/.local/lib/python3.8/site-packages/airflow/example_dags/example_complex.py for tasks to queue
[2024-03-26T10:11:03.053+0000] {logging_mixin.py:188} INFO - [2024-03-26T10:11:03.053+0000] {dagbag.py:538} INFO - Filling up the DagBag from /home/airflow/.local/lib/python3.8/site-packages/airflow/example_dags/example_complex.py
[2024-03-26T10:11:03.069+0000] {processor.py:840} INFO - DAG(s) 'example_complex' retrieved from /home/airflow/.local/lib/python3.8/site-packages/airflow/example_dags/example_complex.py
[2024-03-26T10:11:03.079+0000] {logging_mixin.py:188} INFO - [2024-03-26T10:11:03.079+0000] {dag.py:3036} INFO - Sync 1 DAGs
[2024-03-26T10:11:03.094+0000] {logging_mixin.py:188} INFO - [2024-03-26T10:11:03.094+0000] {dag.py:3823} INFO - Setting next_dagrun for example_complex to None, run_after=None
[2024-03-26T10:11:03.116+0000] {processor.py:183} INFO - Processing /home/airflow/.local/lib/python3.8/site-packages/airflow/example_dags/example_complex.py took 0.068 seconds
[2024-03-26T10:11:34.441+0000] {processor.py:161} INFO - Started process (PID=112) to work on /home/airflow/.local/lib/python3.8/site-packages/airflow/example_dags/example_complex.py
[2024-03-26T10:11:34.442+0000] {processor.py:830} INFO - Processing file /home/airflow/.local/lib/python3.8/site-packages/airflow/example_dags/example_complex.py for tasks to queue
[2024-03-26T10:11:34.443+0000] {logging_mixin.py:188} INFO - [2024-03-26T10:11:34.443+0000] {dagbag.py:538} INFO - Filling up the DagBag from /home/airflow/.local/lib/python3.8/site-packages/airflow/example_dags/example_complex.py
[2024-03-26T10:11:34.452+0000] {processor.py:840} INFO - DAG(s) 'example_complex' retrieved from /home/airflow/.local/lib/python3.8/site-packages/airflow/example_dags/example_complex.py
[2024-03-26T10:11:34.544+0000] {logging_mixin.py:188} INFO - [2024-03-26T10:11:34.544+0000] {dag.py:3036} INFO - Sync 1 DAGs
[2024-03-26T10:11:34.553+0000] {logging_mixin.py:188} INFO - [2024-03-26T10:11:34.553+0000] {dag.py:3823} INFO - Setting next_dagrun for example_complex to None, run_after=None
[2024-03-26T10:11:34.569+0000] {processor.py:183} INFO - Processing /home/airflow/.local/lib/python3.8/site-packages/airflow/example_dags/example_complex.py took 0.131 seconds
[2024-03-26T10:12:49.226+0000] {processor.py:161} INFO - Started process (PID=58) to work on /home/airflow/.local/lib/python3.8/site-packages/airflow/example_dags/example_complex.py
[2024-03-26T10:12:49.227+0000] {processor.py:830} INFO - Processing file /home/airflow/.local/lib/python3.8/site-packages/airflow/example_dags/example_complex.py for tasks to queue
[2024-03-26T10:12:49.229+0000] {logging_mixin.py:188} INFO - [2024-03-26T10:12:49.229+0000] {dagbag.py:538} INFO - Filling up the DagBag from /home/airflow/.local/lib/python3.8/site-packages/airflow/example_dags/example_complex.py
[2024-03-26T10:12:49.243+0000] {processor.py:840} INFO - DAG(s) 'example_complex' retrieved from /home/airflow/.local/lib/python3.8/site-packages/airflow/example_dags/example_complex.py
[2024-03-26T10:12:49.255+0000] {logging_mixin.py:188} INFO - [2024-03-26T10:12:49.255+0000] {dag.py:3036} INFO - Sync 1 DAGs
[2024-03-26T10:12:49.282+0000] {logging_mixin.py:188} INFO - [2024-03-26T10:12:49.281+0000] {dag.py:3823} INFO - Setting next_dagrun for example_complex to None, run_after=None
[2024-03-26T10:12:49.307+0000] {processor.py:183} INFO - Processing /home/airflow/.local/lib/python3.8/site-packages/airflow/example_dags/example_complex.py took 0.083 seconds
[2024-03-26T10:13:19.895+0000] {processor.py:161} INFO - Started process (PID=115) to work on /home/airflow/.local/lib/python3.8/site-packages/airflow/example_dags/example_complex.py
[2024-03-26T10:13:19.896+0000] {processor.py:830} INFO - Processing file /home/airflow/.local/lib/python3.8/site-packages/airflow/example_dags/example_complex.py for tasks to queue
[2024-03-26T10:13:19.897+0000] {logging_mixin.py:188} INFO - [2024-03-26T10:13:19.897+0000] {dagbag.py:538} INFO - Filling up the DagBag from /home/airflow/.local/lib/python3.8/site-packages/airflow/example_dags/example_complex.py
[2024-03-26T10:13:19.906+0000] {processor.py:840} INFO - DAG(s) 'example_complex' retrieved from /home/airflow/.local/lib/python3.8/site-packages/airflow/example_dags/example_complex.py
[2024-03-26T10:13:19.997+0000] {logging_mixin.py:188} INFO - [2024-03-26T10:13:19.997+0000] {dag.py:3036} INFO - Sync 1 DAGs
[2024-03-26T10:13:20.006+0000] {logging_mixin.py:188} INFO - [2024-03-26T10:13:20.006+0000] {dag.py:3823} INFO - Setting next_dagrun for example_complex to None, run_after=None
[2024-03-26T10:13:20.023+0000] {processor.py:183} INFO - Processing /home/airflow/.local/lib/python3.8/site-packages/airflow/example_dags/example_complex.py took 0.131 seconds
[2024-03-26T10:13:50.714+0000] {processor.py:161} INFO - Started process (PID=172) to work on /home/airflow/.local/lib/python3.8/site-packages/airflow/example_dags/example_complex.py
[2024-03-26T10:13:50.715+0000] {processor.py:830} INFO - Processing file /home/airflow/.local/lib/python3.8/site-packages/airflow/example_dags/example_complex.py for tasks to queue
[2024-03-26T10:13:50.717+0000] {logging_mixin.py:188} INFO - [2024-03-26T10:13:50.716+0000] {dagbag.py:538} INFO - Filling up the DagBag from /home/airflow/.local/lib/python3.8/site-packages/airflow/example_dags/example_complex.py
[2024-03-26T10:13:50.726+0000] {processor.py:840} INFO - DAG(s) 'example_complex' retrieved from /home/airflow/.local/lib/python3.8/site-packages/airflow/example_dags/example_complex.py
[2024-03-26T10:13:50.751+0000] {logging_mixin.py:188} INFO - [2024-03-26T10:13:50.751+0000] {dag.py:3036} INFO - Sync 1 DAGs
[2024-03-26T10:13:50.763+0000] {logging_mixin.py:188} INFO - [2024-03-26T10:13:50.763+0000] {dag.py:3823} INFO - Setting next_dagrun for example_complex to None, run_after=None
[2024-03-26T10:13:50.779+0000] {processor.py:183} INFO - Processing /home/airflow/.local/lib/python3.8/site-packages/airflow/example_dags/example_complex.py took 0.067 seconds
[2024-03-26T10:14:21.119+0000] {processor.py:161} INFO - Started process (PID=229) to work on /home/airflow/.local/lib/python3.8/site-packages/airflow/example_dags/example_complex.py
[2024-03-26T10:14:21.120+0000] {processor.py:830} INFO - Processing file /home/airflow/.local/lib/python3.8/site-packages/airflow/example_dags/example_complex.py for tasks to queue
[2024-03-26T10:14:21.122+0000] {logging_mixin.py:188} INFO - [2024-03-26T10:14:21.121+0000] {dagbag.py:538} INFO - Filling up the DagBag from /home/airflow/.local/lib/python3.8/site-packages/airflow/example_dags/example_complex.py
[2024-03-26T10:14:21.130+0000] {processor.py:840} INFO - DAG(s) 'example_complex' retrieved from /home/airflow/.local/lib/python3.8/site-packages/airflow/example_dags/example_complex.py
[2024-03-26T10:14:21.154+0000] {logging_mixin.py:188} INFO - [2024-03-26T10:14:21.154+0000] {dag.py:3036} INFO - Sync 1 DAGs
[2024-03-26T10:14:21.166+0000] {logging_mixin.py:188} INFO - [2024-03-26T10:14:21.165+0000] {dag.py:3823} INFO - Setting next_dagrun for example_complex to None, run_after=None
[2024-03-26T10:14:21.183+0000] {processor.py:183} INFO - Processing /home/airflow/.local/lib/python3.8/site-packages/airflow/example_dags/example_complex.py took 0.066 seconds
[2024-03-26T10:15:15.348+0000] {processor.py:161} INFO - Started process (PID=58) to work on /home/airflow/.local/lib/python3.8/site-packages/airflow/example_dags/example_complex.py
[2024-03-26T10:15:15.349+0000] {processor.py:830} INFO - Processing file /home/airflow/.local/lib/python3.8/site-packages/airflow/example_dags/example_complex.py for tasks to queue
[2024-03-26T10:15:15.351+0000] {logging_mixin.py:188} INFO - [2024-03-26T10:15:15.351+0000] {dagbag.py:538} INFO - Filling up the DagBag from /home/airflow/.local/lib/python3.8/site-packages/airflow/example_dags/example_complex.py
[2024-03-26T10:15:15.363+0000] {processor.py:840} INFO - DAG(s) 'example_complex' retrieved from /home/airflow/.local/lib/python3.8/site-packages/airflow/example_dags/example_complex.py
[2024-03-26T10:15:15.373+0000] {logging_mixin.py:188} INFO - [2024-03-26T10:15:15.373+0000] {dag.py:3036} INFO - Sync 1 DAGs
[2024-03-26T10:15:15.388+0000] {logging_mixin.py:188} INFO - [2024-03-26T10:15:15.388+0000] {dag.py:3823} INFO - Setting next_dagrun for example_complex to None, run_after=None
[2024-03-26T10:15:15.415+0000] {processor.py:183} INFO - Processing /home/airflow/.local/lib/python3.8/site-packages/airflow/example_dags/example_complex.py took 0.069 seconds
[2024-03-26T10:15:46.153+0000] {processor.py:161} INFO - Started process (PID=115) to work on /home/airflow/.local/lib/python3.8/site-packages/airflow/example_dags/example_complex.py
[2024-03-26T10:15:46.154+0000] {processor.py:830} INFO - Processing file /home/airflow/.local/lib/python3.8/site-packages/airflow/example_dags/example_complex.py for tasks to queue
[2024-03-26T10:15:46.156+0000] {logging_mixin.py:188} INFO - [2024-03-26T10:15:46.156+0000] {dagbag.py:538} INFO - Filling up the DagBag from /home/airflow/.local/lib/python3.8/site-packages/airflow/example_dags/example_complex.py
[2024-03-26T10:15:46.166+0000] {processor.py:840} INFO - DAG(s) 'example_complex' retrieved from /home/airflow/.local/lib/python3.8/site-packages/airflow/example_dags/example_complex.py
[2024-03-26T10:15:46.276+0000] {logging_mixin.py:188} INFO - [2024-03-26T10:15:46.275+0000] {dag.py:3036} INFO - Sync 1 DAGs
[2024-03-26T10:15:46.286+0000] {logging_mixin.py:188} INFO - [2024-03-26T10:15:46.286+0000] {dag.py:3823} INFO - Setting next_dagrun for example_complex to None, run_after=None
[2024-03-26T10:15:46.311+0000] {processor.py:183} INFO - Processing /home/airflow/.local/lib/python3.8/site-packages/airflow/example_dags/example_complex.py took 0.160 seconds
[2024-03-26T10:17:22.540+0000] {processor.py:161} INFO - Started process (PID=58) to work on /home/airflow/.local/lib/python3.8/site-packages/airflow/example_dags/example_complex.py
[2024-03-26T10:17:22.541+0000] {processor.py:830} INFO - Processing file /home/airflow/.local/lib/python3.8/site-packages/airflow/example_dags/example_complex.py for tasks to queue
[2024-03-26T10:17:22.542+0000] {logging_mixin.py:188} INFO - [2024-03-26T10:17:22.542+0000] {dagbag.py:538} INFO - Filling up the DagBag from /home/airflow/.local/lib/python3.8/site-packages/airflow/example_dags/example_complex.py
[2024-03-26T10:17:22.556+0000] {processor.py:840} INFO - DAG(s) 'example_complex' retrieved from /home/airflow/.local/lib/python3.8/site-packages/airflow/example_dags/example_complex.py
[2024-03-26T10:17:22.566+0000] {logging_mixin.py:188} INFO - [2024-03-26T10:17:22.566+0000] {dag.py:3036} INFO - Sync 1 DAGs
[2024-03-26T10:17:22.578+0000] {logging_mixin.py:188} INFO - [2024-03-26T10:17:22.578+0000] {dag.py:3823} INFO - Setting next_dagrun for example_complex to None, run_after=None
[2024-03-26T10:17:22.597+0000] {processor.py:183} INFO - Processing /home/airflow/.local/lib/python3.8/site-packages/airflow/example_dags/example_complex.py took 0.060 seconds
[2024-03-26T10:17:53.415+0000] {processor.py:161} INFO - Started process (PID=115) to work on /home/airflow/.local/lib/python3.8/site-packages/airflow/example_dags/example_complex.py
[2024-03-26T10:17:53.416+0000] {processor.py:830} INFO - Processing file /home/airflow/.local/lib/python3.8/site-packages/airflow/example_dags/example_complex.py for tasks to queue
[2024-03-26T10:17:53.418+0000] {logging_mixin.py:188} INFO - [2024-03-26T10:17:53.418+0000] {dagbag.py:538} INFO - Filling up the DagBag from /home/airflow/.local/lib/python3.8/site-packages/airflow/example_dags/example_complex.py
[2024-03-26T10:17:53.434+0000] {processor.py:840} INFO - DAG(s) 'example_complex' retrieved from /home/airflow/.local/lib/python3.8/site-packages/airflow/example_dags/example_complex.py
[2024-03-26T10:17:53.544+0000] {logging_mixin.py:188} INFO - [2024-03-26T10:17:53.544+0000] {dag.py:3036} INFO - Sync 1 DAGs
[2024-03-26T10:17:53.555+0000] {logging_mixin.py:188} INFO - [2024-03-26T10:17:53.554+0000] {dag.py:3823} INFO - Setting next_dagrun for example_complex to None, run_after=None
[2024-03-26T10:17:53.578+0000] {processor.py:183} INFO - Processing /home/airflow/.local/lib/python3.8/site-packages/airflow/example_dags/example_complex.py took 0.166 seconds
