[2024-03-26T08:41:07.732+0000] {processor.py:161} INFO - Started process (PID=75) to work on /home/airflow/.local/lib/python3.8/site-packages/airflow/example_dags/example_nested_branch_dag.py
[2024-03-26T08:41:07.733+0000] {processor.py:830} INFO - Processing file /home/airflow/.local/lib/python3.8/site-packages/airflow/example_dags/example_nested_branch_dag.py for tasks to queue
[2024-03-26T08:41:07.734+0000] {logging_mixin.py:188} INFO - [2024-03-26T08:41:07.734+0000] {dagbag.py:538} INFO - Filling up the DagBag from /home/airflow/.local/lib/python3.8/site-packages/airflow/example_dags/example_nested_branch_dag.py
[2024-03-26T08:41:07.748+0000] {processor.py:840} INFO - DAG(s) 'example_nested_branch_dag' retrieved from /home/airflow/.local/lib/python3.8/site-packages/airflow/example_dags/example_nested_branch_dag.py
[2024-03-26T08:41:07.762+0000] {logging_mixin.py:188} INFO - [2024-03-26T08:41:07.762+0000] {dag.py:3036} INFO - Sync 1 DAGs
[2024-03-26T08:41:07.787+0000] {logging_mixin.py:188} INFO - [2024-03-26T08:41:07.787+0000] {dag.py:3823} INFO - Setting next_dagrun for example_nested_branch_dag to 2024-03-25 00:00:00+00:00, run_after=2024-03-26 00:00:00+00:00
[2024-03-26T08:41:07.805+0000] {processor.py:183} INFO - Processing /home/airflow/.local/lib/python3.8/site-packages/airflow/example_dags/example_nested_branch_dag.py took 0.076 seconds
[2024-03-26T08:41:39.297+0000] {processor.py:161} INFO - Started process (PID=131) to work on /home/airflow/.local/lib/python3.8/site-packages/airflow/example_dags/example_nested_branch_dag.py
[2024-03-26T08:41:39.298+0000] {processor.py:830} INFO - Processing file /home/airflow/.local/lib/python3.8/site-packages/airflow/example_dags/example_nested_branch_dag.py for tasks to queue
[2024-03-26T08:41:39.300+0000] {logging_mixin.py:188} INFO - [2024-03-26T08:41:39.299+0000] {dagbag.py:538} INFO - Filling up the DagBag from /home/airflow/.local/lib/python3.8/site-packages/airflow/example_dags/example_nested_branch_dag.py
[2024-03-26T08:41:39.308+0000] {processor.py:840} INFO - DAG(s) 'example_nested_branch_dag' retrieved from /home/airflow/.local/lib/python3.8/site-packages/airflow/example_dags/example_nested_branch_dag.py
[2024-03-26T08:41:39.401+0000] {logging_mixin.py:188} INFO - [2024-03-26T08:41:39.401+0000] {dag.py:3036} INFO - Sync 1 DAGs
[2024-03-26T08:41:39.420+0000] {logging_mixin.py:188} INFO - [2024-03-26T08:41:39.419+0000] {dag.py:3823} INFO - Setting next_dagrun for example_nested_branch_dag to 2024-03-25 00:00:00+00:00, run_after=2024-03-26 00:00:00+00:00
[2024-03-26T08:41:39.440+0000] {processor.py:183} INFO - Processing /home/airflow/.local/lib/python3.8/site-packages/airflow/example_dags/example_nested_branch_dag.py took 0.145 seconds
[2024-03-26T08:43:47.938+0000] {processor.py:161} INFO - Started process (PID=75) to work on /home/airflow/.local/lib/python3.8/site-packages/airflow/example_dags/example_nested_branch_dag.py
[2024-03-26T08:43:47.939+0000] {processor.py:830} INFO - Processing file /home/airflow/.local/lib/python3.8/site-packages/airflow/example_dags/example_nested_branch_dag.py for tasks to queue
[2024-03-26T08:43:47.941+0000] {logging_mixin.py:188} INFO - [2024-03-26T08:43:47.941+0000] {dagbag.py:538} INFO - Filling up the DagBag from /home/airflow/.local/lib/python3.8/site-packages/airflow/example_dags/example_nested_branch_dag.py
[2024-03-26T08:43:47.952+0000] {processor.py:840} INFO - DAG(s) 'example_nested_branch_dag' retrieved from /home/airflow/.local/lib/python3.8/site-packages/airflow/example_dags/example_nested_branch_dag.py
[2024-03-26T08:43:47.961+0000] {logging_mixin.py:188} INFO - [2024-03-26T08:43:47.961+0000] {dag.py:3036} INFO - Sync 1 DAGs
[2024-03-26T08:43:47.982+0000] {logging_mixin.py:188} INFO - [2024-03-26T08:43:47.982+0000] {dag.py:3823} INFO - Setting next_dagrun for example_nested_branch_dag to 2024-03-25 00:00:00+00:00, run_after=2024-03-26 00:00:00+00:00
[2024-03-26T08:43:48.002+0000] {processor.py:183} INFO - Processing /home/airflow/.local/lib/python3.8/site-packages/airflow/example_dags/example_nested_branch_dag.py took 0.066 seconds
[2024-03-26T08:44:19.580+0000] {processor.py:161} INFO - Started process (PID=131) to work on /home/airflow/.local/lib/python3.8/site-packages/airflow/example_dags/example_nested_branch_dag.py
[2024-03-26T08:44:19.581+0000] {processor.py:830} INFO - Processing file /home/airflow/.local/lib/python3.8/site-packages/airflow/example_dags/example_nested_branch_dag.py for tasks to queue
[2024-03-26T08:44:19.582+0000] {logging_mixin.py:188} INFO - [2024-03-26T08:44:19.582+0000] {dagbag.py:538} INFO - Filling up the DagBag from /home/airflow/.local/lib/python3.8/site-packages/airflow/example_dags/example_nested_branch_dag.py
[2024-03-26T08:44:19.590+0000] {processor.py:840} INFO - DAG(s) 'example_nested_branch_dag' retrieved from /home/airflow/.local/lib/python3.8/site-packages/airflow/example_dags/example_nested_branch_dag.py
[2024-03-26T08:44:19.673+0000] {logging_mixin.py:188} INFO - [2024-03-26T08:44:19.672+0000] {dag.py:3036} INFO - Sync 1 DAGs
[2024-03-26T08:44:19.691+0000] {logging_mixin.py:188} INFO - [2024-03-26T08:44:19.691+0000] {dag.py:3823} INFO - Setting next_dagrun for example_nested_branch_dag to 2024-03-25 00:00:00+00:00, run_after=2024-03-26 00:00:00+00:00
[2024-03-26T08:44:19.709+0000] {processor.py:183} INFO - Processing /home/airflow/.local/lib/python3.8/site-packages/airflow/example_dags/example_nested_branch_dag.py took 0.135 seconds
[2024-03-26T08:44:49.803+0000] {processor.py:161} INFO - Started process (PID=187) to work on /home/airflow/.local/lib/python3.8/site-packages/airflow/example_dags/example_nested_branch_dag.py
[2024-03-26T08:44:49.804+0000] {processor.py:830} INFO - Processing file /home/airflow/.local/lib/python3.8/site-packages/airflow/example_dags/example_nested_branch_dag.py for tasks to queue
[2024-03-26T08:44:49.805+0000] {logging_mixin.py:188} INFO - [2024-03-26T08:44:49.805+0000] {dagbag.py:538} INFO - Filling up the DagBag from /home/airflow/.local/lib/python3.8/site-packages/airflow/example_dags/example_nested_branch_dag.py
[2024-03-26T08:44:49.813+0000] {processor.py:840} INFO - DAG(s) 'example_nested_branch_dag' retrieved from /home/airflow/.local/lib/python3.8/site-packages/airflow/example_dags/example_nested_branch_dag.py
[2024-03-26T08:44:49.830+0000] {logging_mixin.py:188} INFO - [2024-03-26T08:44:49.830+0000] {dag.py:3036} INFO - Sync 1 DAGs
[2024-03-26T08:44:49.848+0000] {logging_mixin.py:188} INFO - [2024-03-26T08:44:49.848+0000] {dag.py:3823} INFO - Setting next_dagrun for example_nested_branch_dag to 2024-03-25 00:00:00+00:00, run_after=2024-03-26 00:00:00+00:00
[2024-03-26T08:44:49.863+0000] {processor.py:183} INFO - Processing /home/airflow/.local/lib/python3.8/site-packages/airflow/example_dags/example_nested_branch_dag.py took 0.063 seconds
[2024-03-26T08:45:19.986+0000] {processor.py:161} INFO - Started process (PID=243) to work on /home/airflow/.local/lib/python3.8/site-packages/airflow/example_dags/example_nested_branch_dag.py
[2024-03-26T08:45:19.987+0000] {processor.py:830} INFO - Processing file /home/airflow/.local/lib/python3.8/site-packages/airflow/example_dags/example_nested_branch_dag.py for tasks to queue
[2024-03-26T08:45:19.988+0000] {logging_mixin.py:188} INFO - [2024-03-26T08:45:19.988+0000] {dagbag.py:538} INFO - Filling up the DagBag from /home/airflow/.local/lib/python3.8/site-packages/airflow/example_dags/example_nested_branch_dag.py
[2024-03-26T08:45:19.996+0000] {processor.py:840} INFO - DAG(s) 'example_nested_branch_dag' retrieved from /home/airflow/.local/lib/python3.8/site-packages/airflow/example_dags/example_nested_branch_dag.py
[2024-03-26T08:45:20.014+0000] {logging_mixin.py:188} INFO - [2024-03-26T08:45:20.014+0000] {dag.py:3036} INFO - Sync 1 DAGs
[2024-03-26T08:45:20.035+0000] {logging_mixin.py:188} INFO - [2024-03-26T08:45:20.034+0000] {dag.py:3823} INFO - Setting next_dagrun for example_nested_branch_dag to 2024-03-25 00:00:00+00:00, run_after=2024-03-26 00:00:00+00:00
[2024-03-26T08:45:20.050+0000] {processor.py:183} INFO - Processing /home/airflow/.local/lib/python3.8/site-packages/airflow/example_dags/example_nested_branch_dag.py took 0.066 seconds
[2024-03-26T08:45:50.211+0000] {processor.py:161} INFO - Started process (PID=299) to work on /home/airflow/.local/lib/python3.8/site-packages/airflow/example_dags/example_nested_branch_dag.py
[2024-03-26T08:45:50.212+0000] {processor.py:830} INFO - Processing file /home/airflow/.local/lib/python3.8/site-packages/airflow/example_dags/example_nested_branch_dag.py for tasks to queue
[2024-03-26T08:45:50.213+0000] {logging_mixin.py:188} INFO - [2024-03-26T08:45:50.213+0000] {dagbag.py:538} INFO - Filling up the DagBag from /home/airflow/.local/lib/python3.8/site-packages/airflow/example_dags/example_nested_branch_dag.py
[2024-03-26T08:45:50.221+0000] {processor.py:840} INFO - DAG(s) 'example_nested_branch_dag' retrieved from /home/airflow/.local/lib/python3.8/site-packages/airflow/example_dags/example_nested_branch_dag.py
[2024-03-26T08:45:50.239+0000] {logging_mixin.py:188} INFO - [2024-03-26T08:45:50.239+0000] {dag.py:3036} INFO - Sync 1 DAGs
[2024-03-26T08:45:50.257+0000] {logging_mixin.py:188} INFO - [2024-03-26T08:45:50.257+0000] {dag.py:3823} INFO - Setting next_dagrun for example_nested_branch_dag to 2024-03-25 00:00:00+00:00, run_after=2024-03-26 00:00:00+00:00
[2024-03-26T08:45:50.272+0000] {processor.py:183} INFO - Processing /home/airflow/.local/lib/python3.8/site-packages/airflow/example_dags/example_nested_branch_dag.py took 0.063 seconds
[2024-03-26T08:46:20.452+0000] {processor.py:161} INFO - Started process (PID=355) to work on /home/airflow/.local/lib/python3.8/site-packages/airflow/example_dags/example_nested_branch_dag.py
[2024-03-26T08:46:20.453+0000] {processor.py:830} INFO - Processing file /home/airflow/.local/lib/python3.8/site-packages/airflow/example_dags/example_nested_branch_dag.py for tasks to queue
[2024-03-26T08:46:20.455+0000] {logging_mixin.py:188} INFO - [2024-03-26T08:46:20.455+0000] {dagbag.py:538} INFO - Filling up the DagBag from /home/airflow/.local/lib/python3.8/site-packages/airflow/example_dags/example_nested_branch_dag.py
[2024-03-26T08:46:20.464+0000] {processor.py:840} INFO - DAG(s) 'example_nested_branch_dag' retrieved from /home/airflow/.local/lib/python3.8/site-packages/airflow/example_dags/example_nested_branch_dag.py
[2024-03-26T08:46:20.480+0000] {logging_mixin.py:188} INFO - [2024-03-26T08:46:20.480+0000] {dag.py:3036} INFO - Sync 1 DAGs
[2024-03-26T08:46:20.499+0000] {logging_mixin.py:188} INFO - [2024-03-26T08:46:20.499+0000] {dag.py:3823} INFO - Setting next_dagrun for example_nested_branch_dag to 2024-03-25 00:00:00+00:00, run_after=2024-03-26 00:00:00+00:00
[2024-03-26T08:46:20.514+0000] {processor.py:183} INFO - Processing /home/airflow/.local/lib/python3.8/site-packages/airflow/example_dags/example_nested_branch_dag.py took 0.064 seconds
[2024-03-26T08:46:50.689+0000] {processor.py:161} INFO - Started process (PID=411) to work on /home/airflow/.local/lib/python3.8/site-packages/airflow/example_dags/example_nested_branch_dag.py
[2024-03-26T08:46:50.690+0000] {processor.py:830} INFO - Processing file /home/airflow/.local/lib/python3.8/site-packages/airflow/example_dags/example_nested_branch_dag.py for tasks to queue
[2024-03-26T08:46:50.691+0000] {logging_mixin.py:188} INFO - [2024-03-26T08:46:50.691+0000] {dagbag.py:538} INFO - Filling up the DagBag from /home/airflow/.local/lib/python3.8/site-packages/airflow/example_dags/example_nested_branch_dag.py
[2024-03-26T08:46:50.699+0000] {processor.py:840} INFO - DAG(s) 'example_nested_branch_dag' retrieved from /home/airflow/.local/lib/python3.8/site-packages/airflow/example_dags/example_nested_branch_dag.py
[2024-03-26T08:46:50.715+0000] {logging_mixin.py:188} INFO - [2024-03-26T08:46:50.715+0000] {dag.py:3036} INFO - Sync 1 DAGs
[2024-03-26T08:46:50.737+0000] {logging_mixin.py:188} INFO - [2024-03-26T08:46:50.737+0000] {dag.py:3823} INFO - Setting next_dagrun for example_nested_branch_dag to 2024-03-25 00:00:00+00:00, run_after=2024-03-26 00:00:00+00:00
[2024-03-26T08:46:50.753+0000] {processor.py:183} INFO - Processing /home/airflow/.local/lib/python3.8/site-packages/airflow/example_dags/example_nested_branch_dag.py took 0.066 seconds
[2024-03-26T08:47:20.907+0000] {processor.py:161} INFO - Started process (PID=467) to work on /home/airflow/.local/lib/python3.8/site-packages/airflow/example_dags/example_nested_branch_dag.py
[2024-03-26T08:47:20.908+0000] {processor.py:830} INFO - Processing file /home/airflow/.local/lib/python3.8/site-packages/airflow/example_dags/example_nested_branch_dag.py for tasks to queue
[2024-03-26T08:47:20.909+0000] {logging_mixin.py:188} INFO - [2024-03-26T08:47:20.909+0000] {dagbag.py:538} INFO - Filling up the DagBag from /home/airflow/.local/lib/python3.8/site-packages/airflow/example_dags/example_nested_branch_dag.py
[2024-03-26T08:47:20.917+0000] {processor.py:840} INFO - DAG(s) 'example_nested_branch_dag' retrieved from /home/airflow/.local/lib/python3.8/site-packages/airflow/example_dags/example_nested_branch_dag.py
[2024-03-26T08:47:20.934+0000] {logging_mixin.py:188} INFO - [2024-03-26T08:47:20.934+0000] {dag.py:3036} INFO - Sync 1 DAGs
[2024-03-26T08:47:20.953+0000] {logging_mixin.py:188} INFO - [2024-03-26T08:47:20.953+0000] {dag.py:3823} INFO - Setting next_dagrun for example_nested_branch_dag to 2024-03-25 00:00:00+00:00, run_after=2024-03-26 00:00:00+00:00
[2024-03-26T08:47:20.967+0000] {processor.py:183} INFO - Processing /home/airflow/.local/lib/python3.8/site-packages/airflow/example_dags/example_nested_branch_dag.py took 0.062 seconds
[2024-03-26T08:47:51.120+0000] {processor.py:161} INFO - Started process (PID=523) to work on /home/airflow/.local/lib/python3.8/site-packages/airflow/example_dags/example_nested_branch_dag.py
[2024-03-26T08:47:51.121+0000] {processor.py:830} INFO - Processing file /home/airflow/.local/lib/python3.8/site-packages/airflow/example_dags/example_nested_branch_dag.py for tasks to queue
[2024-03-26T08:47:51.122+0000] {logging_mixin.py:188} INFO - [2024-03-26T08:47:51.122+0000] {dagbag.py:538} INFO - Filling up the DagBag from /home/airflow/.local/lib/python3.8/site-packages/airflow/example_dags/example_nested_branch_dag.py
[2024-03-26T08:47:51.130+0000] {processor.py:840} INFO - DAG(s) 'example_nested_branch_dag' retrieved from /home/airflow/.local/lib/python3.8/site-packages/airflow/example_dags/example_nested_branch_dag.py
[2024-03-26T08:47:51.148+0000] {logging_mixin.py:188} INFO - [2024-03-26T08:47:51.147+0000] {dag.py:3036} INFO - Sync 1 DAGs
[2024-03-26T08:47:51.167+0000] {logging_mixin.py:188} INFO - [2024-03-26T08:47:51.166+0000] {dag.py:3823} INFO - Setting next_dagrun for example_nested_branch_dag to 2024-03-25 00:00:00+00:00, run_after=2024-03-26 00:00:00+00:00
[2024-03-26T08:47:51.182+0000] {processor.py:183} INFO - Processing /home/airflow/.local/lib/python3.8/site-packages/airflow/example_dags/example_nested_branch_dag.py took 0.064 seconds
[2024-03-26T08:48:21.493+0000] {processor.py:161} INFO - Started process (PID=579) to work on /home/airflow/.local/lib/python3.8/site-packages/airflow/example_dags/example_nested_branch_dag.py
[2024-03-26T08:48:21.494+0000] {processor.py:830} INFO - Processing file /home/airflow/.local/lib/python3.8/site-packages/airflow/example_dags/example_nested_branch_dag.py for tasks to queue
[2024-03-26T08:48:21.495+0000] {logging_mixin.py:188} INFO - [2024-03-26T08:48:21.495+0000] {dagbag.py:538} INFO - Filling up the DagBag from /home/airflow/.local/lib/python3.8/site-packages/airflow/example_dags/example_nested_branch_dag.py
[2024-03-26T08:48:21.503+0000] {processor.py:840} INFO - DAG(s) 'example_nested_branch_dag' retrieved from /home/airflow/.local/lib/python3.8/site-packages/airflow/example_dags/example_nested_branch_dag.py
[2024-03-26T08:48:21.520+0000] {logging_mixin.py:188} INFO - [2024-03-26T08:48:21.520+0000] {dag.py:3036} INFO - Sync 1 DAGs
[2024-03-26T08:48:21.540+0000] {logging_mixin.py:188} INFO - [2024-03-26T08:48:21.540+0000] {dag.py:3823} INFO - Setting next_dagrun for example_nested_branch_dag to 2024-03-25 00:00:00+00:00, run_after=2024-03-26 00:00:00+00:00
[2024-03-26T08:48:21.561+0000] {processor.py:183} INFO - Processing /home/airflow/.local/lib/python3.8/site-packages/airflow/example_dags/example_nested_branch_dag.py took 0.070 seconds
[2024-03-26T08:48:51.944+0000] {processor.py:161} INFO - Started process (PID=635) to work on /home/airflow/.local/lib/python3.8/site-packages/airflow/example_dags/example_nested_branch_dag.py
[2024-03-26T08:48:51.945+0000] {processor.py:830} INFO - Processing file /home/airflow/.local/lib/python3.8/site-packages/airflow/example_dags/example_nested_branch_dag.py for tasks to queue
[2024-03-26T08:48:51.947+0000] {logging_mixin.py:188} INFO - [2024-03-26T08:48:51.947+0000] {dagbag.py:538} INFO - Filling up the DagBag from /home/airflow/.local/lib/python3.8/site-packages/airflow/example_dags/example_nested_branch_dag.py
[2024-03-26T08:48:51.955+0000] {processor.py:840} INFO - DAG(s) 'example_nested_branch_dag' retrieved from /home/airflow/.local/lib/python3.8/site-packages/airflow/example_dags/example_nested_branch_dag.py
[2024-03-26T08:48:51.972+0000] {logging_mixin.py:188} INFO - [2024-03-26T08:48:51.972+0000] {dag.py:3036} INFO - Sync 1 DAGs
[2024-03-26T08:48:51.992+0000] {logging_mixin.py:188} INFO - [2024-03-26T08:48:51.991+0000] {dag.py:3823} INFO - Setting next_dagrun for example_nested_branch_dag to 2024-03-25 00:00:00+00:00, run_after=2024-03-26 00:00:00+00:00
[2024-03-26T08:48:52.007+0000] {processor.py:183} INFO - Processing /home/airflow/.local/lib/python3.8/site-packages/airflow/example_dags/example_nested_branch_dag.py took 0.065 seconds
[2024-03-26T08:49:22.230+0000] {processor.py:161} INFO - Started process (PID=691) to work on /home/airflow/.local/lib/python3.8/site-packages/airflow/example_dags/example_nested_branch_dag.py
[2024-03-26T08:49:22.231+0000] {processor.py:830} INFO - Processing file /home/airflow/.local/lib/python3.8/site-packages/airflow/example_dags/example_nested_branch_dag.py for tasks to queue
[2024-03-26T08:49:22.233+0000] {logging_mixin.py:188} INFO - [2024-03-26T08:49:22.233+0000] {dagbag.py:538} INFO - Filling up the DagBag from /home/airflow/.local/lib/python3.8/site-packages/airflow/example_dags/example_nested_branch_dag.py
[2024-03-26T08:49:22.241+0000] {processor.py:840} INFO - DAG(s) 'example_nested_branch_dag' retrieved from /home/airflow/.local/lib/python3.8/site-packages/airflow/example_dags/example_nested_branch_dag.py
[2024-03-26T08:49:22.258+0000] {logging_mixin.py:188} INFO - [2024-03-26T08:49:22.257+0000] {dag.py:3036} INFO - Sync 1 DAGs
[2024-03-26T08:49:22.277+0000] {logging_mixin.py:188} INFO - [2024-03-26T08:49:22.276+0000] {dag.py:3823} INFO - Setting next_dagrun for example_nested_branch_dag to 2024-03-25 00:00:00+00:00, run_after=2024-03-26 00:00:00+00:00
[2024-03-26T08:49:22.291+0000] {processor.py:183} INFO - Processing /home/airflow/.local/lib/python3.8/site-packages/airflow/example_dags/example_nested_branch_dag.py took 0.063 seconds
[2024-03-26T08:49:52.653+0000] {processor.py:161} INFO - Started process (PID=747) to work on /home/airflow/.local/lib/python3.8/site-packages/airflow/example_dags/example_nested_branch_dag.py
[2024-03-26T08:49:52.654+0000] {processor.py:830} INFO - Processing file /home/airflow/.local/lib/python3.8/site-packages/airflow/example_dags/example_nested_branch_dag.py for tasks to queue
[2024-03-26T08:49:52.656+0000] {logging_mixin.py:188} INFO - [2024-03-26T08:49:52.656+0000] {dagbag.py:538} INFO - Filling up the DagBag from /home/airflow/.local/lib/python3.8/site-packages/airflow/example_dags/example_nested_branch_dag.py
[2024-03-26T08:49:52.666+0000] {processor.py:840} INFO - DAG(s) 'example_nested_branch_dag' retrieved from /home/airflow/.local/lib/python3.8/site-packages/airflow/example_dags/example_nested_branch_dag.py
[2024-03-26T08:49:52.685+0000] {logging_mixin.py:188} INFO - [2024-03-26T08:49:52.685+0000] {dag.py:3036} INFO - Sync 1 DAGs
[2024-03-26T08:49:52.705+0000] {logging_mixin.py:188} INFO - [2024-03-26T08:49:52.704+0000] {dag.py:3823} INFO - Setting next_dagrun for example_nested_branch_dag to 2024-03-25 00:00:00+00:00, run_after=2024-03-26 00:00:00+00:00
[2024-03-26T08:49:52.720+0000] {processor.py:183} INFO - Processing /home/airflow/.local/lib/python3.8/site-packages/airflow/example_dags/example_nested_branch_dag.py took 0.069 seconds
[2024-03-26T08:50:23.223+0000] {processor.py:161} INFO - Started process (PID=803) to work on /home/airflow/.local/lib/python3.8/site-packages/airflow/example_dags/example_nested_branch_dag.py
[2024-03-26T08:50:23.224+0000] {processor.py:830} INFO - Processing file /home/airflow/.local/lib/python3.8/site-packages/airflow/example_dags/example_nested_branch_dag.py for tasks to queue
[2024-03-26T08:50:23.225+0000] {logging_mixin.py:188} INFO - [2024-03-26T08:50:23.225+0000] {dagbag.py:538} INFO - Filling up the DagBag from /home/airflow/.local/lib/python3.8/site-packages/airflow/example_dags/example_nested_branch_dag.py
[2024-03-26T08:50:23.233+0000] {processor.py:840} INFO - DAG(s) 'example_nested_branch_dag' retrieved from /home/airflow/.local/lib/python3.8/site-packages/airflow/example_dags/example_nested_branch_dag.py
[2024-03-26T08:50:23.252+0000] {logging_mixin.py:188} INFO - [2024-03-26T08:50:23.251+0000] {dag.py:3036} INFO - Sync 1 DAGs
[2024-03-26T08:50:23.270+0000] {logging_mixin.py:188} INFO - [2024-03-26T08:50:23.270+0000] {dag.py:3823} INFO - Setting next_dagrun for example_nested_branch_dag to 2024-03-25 00:00:00+00:00, run_after=2024-03-26 00:00:00+00:00
[2024-03-26T08:50:23.286+0000] {processor.py:183} INFO - Processing /home/airflow/.local/lib/python3.8/site-packages/airflow/example_dags/example_nested_branch_dag.py took 0.065 seconds
[2024-03-26T08:53:13.602+0000] {processor.py:161} INFO - Started process (PID=75) to work on /home/airflow/.local/lib/python3.8/site-packages/airflow/example_dags/example_nested_branch_dag.py
[2024-03-26T08:53:13.603+0000] {processor.py:830} INFO - Processing file /home/airflow/.local/lib/python3.8/site-packages/airflow/example_dags/example_nested_branch_dag.py for tasks to queue
[2024-03-26T08:53:13.604+0000] {logging_mixin.py:188} INFO - [2024-03-26T08:53:13.604+0000] {dagbag.py:538} INFO - Filling up the DagBag from /home/airflow/.local/lib/python3.8/site-packages/airflow/example_dags/example_nested_branch_dag.py
[2024-03-26T08:53:13.614+0000] {processor.py:840} INFO - DAG(s) 'example_nested_branch_dag' retrieved from /home/airflow/.local/lib/python3.8/site-packages/airflow/example_dags/example_nested_branch_dag.py
[2024-03-26T08:53:13.624+0000] {logging_mixin.py:188} INFO - [2024-03-26T08:53:13.623+0000] {dag.py:3036} INFO - Sync 1 DAGs
[2024-03-26T08:53:13.644+0000] {logging_mixin.py:188} INFO - [2024-03-26T08:53:13.644+0000] {dag.py:3823} INFO - Setting next_dagrun for example_nested_branch_dag to 2024-03-25 00:00:00+00:00, run_after=2024-03-26 00:00:00+00:00
[2024-03-26T08:53:13.666+0000] {processor.py:183} INFO - Processing /home/airflow/.local/lib/python3.8/site-packages/airflow/example_dags/example_nested_branch_dag.py took 0.066 seconds
[2024-03-26T08:53:45.474+0000] {processor.py:161} INFO - Started process (PID=131) to work on /home/airflow/.local/lib/python3.8/site-packages/airflow/example_dags/example_nested_branch_dag.py
[2024-03-26T08:53:45.475+0000] {processor.py:830} INFO - Processing file /home/airflow/.local/lib/python3.8/site-packages/airflow/example_dags/example_nested_branch_dag.py for tasks to queue
[2024-03-26T08:53:45.477+0000] {logging_mixin.py:188} INFO - [2024-03-26T08:53:45.477+0000] {dagbag.py:538} INFO - Filling up the DagBag from /home/airflow/.local/lib/python3.8/site-packages/airflow/example_dags/example_nested_branch_dag.py
[2024-03-26T08:53:45.485+0000] {processor.py:840} INFO - DAG(s) 'example_nested_branch_dag' retrieved from /home/airflow/.local/lib/python3.8/site-packages/airflow/example_dags/example_nested_branch_dag.py
[2024-03-26T08:53:45.566+0000] {logging_mixin.py:188} INFO - [2024-03-26T08:53:45.566+0000] {dag.py:3036} INFO - Sync 1 DAGs
[2024-03-26T08:53:45.583+0000] {logging_mixin.py:188} INFO - [2024-03-26T08:53:45.583+0000] {dag.py:3823} INFO - Setting next_dagrun for example_nested_branch_dag to 2024-03-25 00:00:00+00:00, run_after=2024-03-26 00:00:00+00:00
[2024-03-26T08:53:45.598+0000] {processor.py:183} INFO - Processing /home/airflow/.local/lib/python3.8/site-packages/airflow/example_dags/example_nested_branch_dag.py took 0.126 seconds
[2024-03-26T08:54:15.633+0000] {processor.py:161} INFO - Started process (PID=187) to work on /home/airflow/.local/lib/python3.8/site-packages/airflow/example_dags/example_nested_branch_dag.py
[2024-03-26T08:54:15.634+0000] {processor.py:830} INFO - Processing file /home/airflow/.local/lib/python3.8/site-packages/airflow/example_dags/example_nested_branch_dag.py for tasks to queue
[2024-03-26T08:54:15.635+0000] {logging_mixin.py:188} INFO - [2024-03-26T08:54:15.635+0000] {dagbag.py:538} INFO - Filling up the DagBag from /home/airflow/.local/lib/python3.8/site-packages/airflow/example_dags/example_nested_branch_dag.py
[2024-03-26T08:54:15.643+0000] {processor.py:840} INFO - DAG(s) 'example_nested_branch_dag' retrieved from /home/airflow/.local/lib/python3.8/site-packages/airflow/example_dags/example_nested_branch_dag.py
[2024-03-26T08:54:15.660+0000] {logging_mixin.py:188} INFO - [2024-03-26T08:54:15.660+0000] {dag.py:3036} INFO - Sync 1 DAGs
[2024-03-26T08:54:15.679+0000] {logging_mixin.py:188} INFO - [2024-03-26T08:54:15.679+0000] {dag.py:3823} INFO - Setting next_dagrun for example_nested_branch_dag to 2024-03-25 00:00:00+00:00, run_after=2024-03-26 00:00:00+00:00
[2024-03-26T08:54:15.694+0000] {processor.py:183} INFO - Processing /home/airflow/.local/lib/python3.8/site-packages/airflow/example_dags/example_nested_branch_dag.py took 0.064 seconds
[2024-03-26T08:54:46.341+0000] {processor.py:161} INFO - Started process (PID=243) to work on /home/airflow/.local/lib/python3.8/site-packages/airflow/example_dags/example_nested_branch_dag.py
[2024-03-26T08:54:46.342+0000] {processor.py:830} INFO - Processing file /home/airflow/.local/lib/python3.8/site-packages/airflow/example_dags/example_nested_branch_dag.py for tasks to queue
[2024-03-26T08:54:46.343+0000] {logging_mixin.py:188} INFO - [2024-03-26T08:54:46.343+0000] {dagbag.py:538} INFO - Filling up the DagBag from /home/airflow/.local/lib/python3.8/site-packages/airflow/example_dags/example_nested_branch_dag.py
[2024-03-26T08:54:46.351+0000] {processor.py:840} INFO - DAG(s) 'example_nested_branch_dag' retrieved from /home/airflow/.local/lib/python3.8/site-packages/airflow/example_dags/example_nested_branch_dag.py
[2024-03-26T08:54:46.371+0000] {logging_mixin.py:188} INFO - [2024-03-26T08:54:46.370+0000] {dag.py:3036} INFO - Sync 1 DAGs
[2024-03-26T08:54:46.391+0000] {logging_mixin.py:188} INFO - [2024-03-26T08:54:46.390+0000] {dag.py:3823} INFO - Setting next_dagrun for example_nested_branch_dag to 2024-03-25 00:00:00+00:00, run_after=2024-03-26 00:00:00+00:00
[2024-03-26T08:54:46.407+0000] {processor.py:183} INFO - Processing /home/airflow/.local/lib/python3.8/site-packages/airflow/example_dags/example_nested_branch_dag.py took 0.068 seconds
[2024-03-26T08:55:16.704+0000] {processor.py:161} INFO - Started process (PID=299) to work on /home/airflow/.local/lib/python3.8/site-packages/airflow/example_dags/example_nested_branch_dag.py
[2024-03-26T08:55:16.705+0000] {processor.py:830} INFO - Processing file /home/airflow/.local/lib/python3.8/site-packages/airflow/example_dags/example_nested_branch_dag.py for tasks to queue
[2024-03-26T08:55:16.706+0000] {logging_mixin.py:188} INFO - [2024-03-26T08:55:16.706+0000] {dagbag.py:538} INFO - Filling up the DagBag from /home/airflow/.local/lib/python3.8/site-packages/airflow/example_dags/example_nested_branch_dag.py
[2024-03-26T08:55:16.714+0000] {processor.py:840} INFO - DAG(s) 'example_nested_branch_dag' retrieved from /home/airflow/.local/lib/python3.8/site-packages/airflow/example_dags/example_nested_branch_dag.py
[2024-03-26T08:55:16.733+0000] {logging_mixin.py:188} INFO - [2024-03-26T08:55:16.732+0000] {dag.py:3036} INFO - Sync 1 DAGs
[2024-03-26T08:55:16.754+0000] {logging_mixin.py:188} INFO - [2024-03-26T08:55:16.754+0000] {dag.py:3823} INFO - Setting next_dagrun for example_nested_branch_dag to 2024-03-25 00:00:00+00:00, run_after=2024-03-26 00:00:00+00:00
[2024-03-26T08:55:16.774+0000] {processor.py:183} INFO - Processing /home/airflow/.local/lib/python3.8/site-packages/airflow/example_dags/example_nested_branch_dag.py took 0.073 seconds
[2024-03-26T08:55:47.118+0000] {processor.py:161} INFO - Started process (PID=355) to work on /home/airflow/.local/lib/python3.8/site-packages/airflow/example_dags/example_nested_branch_dag.py
[2024-03-26T08:55:47.118+0000] {processor.py:830} INFO - Processing file /home/airflow/.local/lib/python3.8/site-packages/airflow/example_dags/example_nested_branch_dag.py for tasks to queue
[2024-03-26T08:55:47.120+0000] {logging_mixin.py:188} INFO - [2024-03-26T08:55:47.120+0000] {dagbag.py:538} INFO - Filling up the DagBag from /home/airflow/.local/lib/python3.8/site-packages/airflow/example_dags/example_nested_branch_dag.py
[2024-03-26T08:55:47.127+0000] {processor.py:840} INFO - DAG(s) 'example_nested_branch_dag' retrieved from /home/airflow/.local/lib/python3.8/site-packages/airflow/example_dags/example_nested_branch_dag.py
[2024-03-26T08:55:47.144+0000] {logging_mixin.py:188} INFO - [2024-03-26T08:55:47.144+0000] {dag.py:3036} INFO - Sync 1 DAGs
[2024-03-26T08:55:47.163+0000] {logging_mixin.py:188} INFO - [2024-03-26T08:55:47.163+0000] {dag.py:3823} INFO - Setting next_dagrun for example_nested_branch_dag to 2024-03-25 00:00:00+00:00, run_after=2024-03-26 00:00:00+00:00
[2024-03-26T08:55:47.178+0000] {processor.py:183} INFO - Processing /home/airflow/.local/lib/python3.8/site-packages/airflow/example_dags/example_nested_branch_dag.py took 0.062 seconds
[2024-03-26T08:56:17.424+0000] {processor.py:161} INFO - Started process (PID=411) to work on /home/airflow/.local/lib/python3.8/site-packages/airflow/example_dags/example_nested_branch_dag.py
[2024-03-26T08:56:17.425+0000] {processor.py:830} INFO - Processing file /home/airflow/.local/lib/python3.8/site-packages/airflow/example_dags/example_nested_branch_dag.py for tasks to queue
[2024-03-26T08:56:17.427+0000] {logging_mixin.py:188} INFO - [2024-03-26T08:56:17.427+0000] {dagbag.py:538} INFO - Filling up the DagBag from /home/airflow/.local/lib/python3.8/site-packages/airflow/example_dags/example_nested_branch_dag.py
[2024-03-26T08:56:17.435+0000] {processor.py:840} INFO - DAG(s) 'example_nested_branch_dag' retrieved from /home/airflow/.local/lib/python3.8/site-packages/airflow/example_dags/example_nested_branch_dag.py
[2024-03-26T08:56:17.451+0000] {logging_mixin.py:188} INFO - [2024-03-26T08:56:17.451+0000] {dag.py:3036} INFO - Sync 1 DAGs
[2024-03-26T08:56:17.469+0000] {logging_mixin.py:188} INFO - [2024-03-26T08:56:17.469+0000] {dag.py:3823} INFO - Setting next_dagrun for example_nested_branch_dag to 2024-03-25 00:00:00+00:00, run_after=2024-03-26 00:00:00+00:00
[2024-03-26T08:56:17.484+0000] {processor.py:183} INFO - Processing /home/airflow/.local/lib/python3.8/site-packages/airflow/example_dags/example_nested_branch_dag.py took 0.062 seconds
[2024-03-26T08:56:47.787+0000] {processor.py:161} INFO - Started process (PID=467) to work on /home/airflow/.local/lib/python3.8/site-packages/airflow/example_dags/example_nested_branch_dag.py
[2024-03-26T08:56:47.788+0000] {processor.py:830} INFO - Processing file /home/airflow/.local/lib/python3.8/site-packages/airflow/example_dags/example_nested_branch_dag.py for tasks to queue
[2024-03-26T08:56:47.790+0000] {logging_mixin.py:188} INFO - [2024-03-26T08:56:47.789+0000] {dagbag.py:538} INFO - Filling up the DagBag from /home/airflow/.local/lib/python3.8/site-packages/airflow/example_dags/example_nested_branch_dag.py
[2024-03-26T08:56:47.799+0000] {processor.py:840} INFO - DAG(s) 'example_nested_branch_dag' retrieved from /home/airflow/.local/lib/python3.8/site-packages/airflow/example_dags/example_nested_branch_dag.py
[2024-03-26T08:56:47.815+0000] {logging_mixin.py:188} INFO - [2024-03-26T08:56:47.815+0000] {dag.py:3036} INFO - Sync 1 DAGs
[2024-03-26T08:56:47.834+0000] {logging_mixin.py:188} INFO - [2024-03-26T08:56:47.833+0000] {dag.py:3823} INFO - Setting next_dagrun for example_nested_branch_dag to 2024-03-25 00:00:00+00:00, run_after=2024-03-26 00:00:00+00:00
[2024-03-26T08:56:47.848+0000] {processor.py:183} INFO - Processing /home/airflow/.local/lib/python3.8/site-packages/airflow/example_dags/example_nested_branch_dag.py took 0.063 seconds
[2024-03-26T08:57:18.158+0000] {processor.py:161} INFO - Started process (PID=523) to work on /home/airflow/.local/lib/python3.8/site-packages/airflow/example_dags/example_nested_branch_dag.py
[2024-03-26T08:57:18.159+0000] {processor.py:830} INFO - Processing file /home/airflow/.local/lib/python3.8/site-packages/airflow/example_dags/example_nested_branch_dag.py for tasks to queue
[2024-03-26T08:57:18.160+0000] {logging_mixin.py:188} INFO - [2024-03-26T08:57:18.160+0000] {dagbag.py:538} INFO - Filling up the DagBag from /home/airflow/.local/lib/python3.8/site-packages/airflow/example_dags/example_nested_branch_dag.py
[2024-03-26T08:57:18.168+0000] {processor.py:840} INFO - DAG(s) 'example_nested_branch_dag' retrieved from /home/airflow/.local/lib/python3.8/site-packages/airflow/example_dags/example_nested_branch_dag.py
[2024-03-26T08:57:18.184+0000] {logging_mixin.py:188} INFO - [2024-03-26T08:57:18.184+0000] {dag.py:3036} INFO - Sync 1 DAGs
[2024-03-26T08:57:18.203+0000] {logging_mixin.py:188} INFO - [2024-03-26T08:57:18.202+0000] {dag.py:3823} INFO - Setting next_dagrun for example_nested_branch_dag to 2024-03-25 00:00:00+00:00, run_after=2024-03-26 00:00:00+00:00
[2024-03-26T08:57:18.219+0000] {processor.py:183} INFO - Processing /home/airflow/.local/lib/python3.8/site-packages/airflow/example_dags/example_nested_branch_dag.py took 0.063 seconds
[2024-03-26T08:57:48.641+0000] {processor.py:161} INFO - Started process (PID=579) to work on /home/airflow/.local/lib/python3.8/site-packages/airflow/example_dags/example_nested_branch_dag.py
[2024-03-26T08:57:48.643+0000] {processor.py:830} INFO - Processing file /home/airflow/.local/lib/python3.8/site-packages/airflow/example_dags/example_nested_branch_dag.py for tasks to queue
[2024-03-26T08:57:48.644+0000] {logging_mixin.py:188} INFO - [2024-03-26T08:57:48.644+0000] {dagbag.py:538} INFO - Filling up the DagBag from /home/airflow/.local/lib/python3.8/site-packages/airflow/example_dags/example_nested_branch_dag.py
[2024-03-26T08:57:48.654+0000] {processor.py:840} INFO - DAG(s) 'example_nested_branch_dag' retrieved from /home/airflow/.local/lib/python3.8/site-packages/airflow/example_dags/example_nested_branch_dag.py
[2024-03-26T08:57:48.672+0000] {logging_mixin.py:188} INFO - [2024-03-26T08:57:48.672+0000] {dag.py:3036} INFO - Sync 1 DAGs
[2024-03-26T08:57:48.692+0000] {logging_mixin.py:188} INFO - [2024-03-26T08:57:48.692+0000] {dag.py:3823} INFO - Setting next_dagrun for example_nested_branch_dag to 2024-03-25 00:00:00+00:00, run_after=2024-03-26 00:00:00+00:00
[2024-03-26T08:57:48.708+0000] {processor.py:183} INFO - Processing /home/airflow/.local/lib/python3.8/site-packages/airflow/example_dags/example_nested_branch_dag.py took 0.069 seconds
[2024-03-26T08:58:19.213+0000] {processor.py:161} INFO - Started process (PID=635) to work on /home/airflow/.local/lib/python3.8/site-packages/airflow/example_dags/example_nested_branch_dag.py
[2024-03-26T08:58:19.214+0000] {processor.py:830} INFO - Processing file /home/airflow/.local/lib/python3.8/site-packages/airflow/example_dags/example_nested_branch_dag.py for tasks to queue
[2024-03-26T08:58:19.216+0000] {logging_mixin.py:188} INFO - [2024-03-26T08:58:19.215+0000] {dagbag.py:538} INFO - Filling up the DagBag from /home/airflow/.local/lib/python3.8/site-packages/airflow/example_dags/example_nested_branch_dag.py
[2024-03-26T08:58:19.224+0000] {processor.py:840} INFO - DAG(s) 'example_nested_branch_dag' retrieved from /home/airflow/.local/lib/python3.8/site-packages/airflow/example_dags/example_nested_branch_dag.py
[2024-03-26T08:58:19.241+0000] {logging_mixin.py:188} INFO - [2024-03-26T08:58:19.241+0000] {dag.py:3036} INFO - Sync 1 DAGs
[2024-03-26T08:58:19.261+0000] {logging_mixin.py:188} INFO - [2024-03-26T08:58:19.261+0000] {dag.py:3823} INFO - Setting next_dagrun for example_nested_branch_dag to 2024-03-25 00:00:00+00:00, run_after=2024-03-26 00:00:00+00:00
[2024-03-26T08:58:19.277+0000] {processor.py:183} INFO - Processing /home/airflow/.local/lib/python3.8/site-packages/airflow/example_dags/example_nested_branch_dag.py took 0.067 seconds
[2024-03-26T08:58:49.616+0000] {processor.py:161} INFO - Started process (PID=691) to work on /home/airflow/.local/lib/python3.8/site-packages/airflow/example_dags/example_nested_branch_dag.py
[2024-03-26T08:58:49.617+0000] {processor.py:830} INFO - Processing file /home/airflow/.local/lib/python3.8/site-packages/airflow/example_dags/example_nested_branch_dag.py for tasks to queue
[2024-03-26T08:58:49.618+0000] {logging_mixin.py:188} INFO - [2024-03-26T08:58:49.618+0000] {dagbag.py:538} INFO - Filling up the DagBag from /home/airflow/.local/lib/python3.8/site-packages/airflow/example_dags/example_nested_branch_dag.py
[2024-03-26T08:58:49.626+0000] {processor.py:840} INFO - DAG(s) 'example_nested_branch_dag' retrieved from /home/airflow/.local/lib/python3.8/site-packages/airflow/example_dags/example_nested_branch_dag.py
[2024-03-26T08:58:49.644+0000] {logging_mixin.py:188} INFO - [2024-03-26T08:58:49.643+0000] {dag.py:3036} INFO - Sync 1 DAGs
[2024-03-26T08:58:49.663+0000] {logging_mixin.py:188} INFO - [2024-03-26T08:58:49.663+0000] {dag.py:3823} INFO - Setting next_dagrun for example_nested_branch_dag to 2024-03-25 00:00:00+00:00, run_after=2024-03-26 00:00:00+00:00
[2024-03-26T08:58:49.678+0000] {processor.py:183} INFO - Processing /home/airflow/.local/lib/python3.8/site-packages/airflow/example_dags/example_nested_branch_dag.py took 0.064 seconds
[2024-03-26T09:07:42.177+0000] {processor.py:161} INFO - Started process (PID=76) to work on /home/airflow/.local/lib/python3.8/site-packages/airflow/example_dags/example_nested_branch_dag.py
[2024-03-26T09:07:42.178+0000] {processor.py:830} INFO - Processing file /home/airflow/.local/lib/python3.8/site-packages/airflow/example_dags/example_nested_branch_dag.py for tasks to queue
[2024-03-26T09:07:42.180+0000] {logging_mixin.py:188} INFO - [2024-03-26T09:07:42.180+0000] {dagbag.py:538} INFO - Filling up the DagBag from /home/airflow/.local/lib/python3.8/site-packages/airflow/example_dags/example_nested_branch_dag.py
[2024-03-26T09:07:42.192+0000] {processor.py:840} INFO - DAG(s) 'example_nested_branch_dag' retrieved from /home/airflow/.local/lib/python3.8/site-packages/airflow/example_dags/example_nested_branch_dag.py
[2024-03-26T09:07:42.204+0000] {logging_mixin.py:188} INFO - [2024-03-26T09:07:42.204+0000] {dag.py:3036} INFO - Sync 1 DAGs
[2024-03-26T09:07:42.226+0000] {logging_mixin.py:188} INFO - [2024-03-26T09:07:42.226+0000] {dag.py:3823} INFO - Setting next_dagrun for example_nested_branch_dag to 2024-03-25 00:00:00+00:00, run_after=2024-03-26 00:00:00+00:00
[2024-03-26T09:07:42.244+0000] {processor.py:183} INFO - Processing /home/airflow/.local/lib/python3.8/site-packages/airflow/example_dags/example_nested_branch_dag.py took 0.070 seconds
[2024-03-26T09:08:13.163+0000] {processor.py:161} INFO - Started process (PID=134) to work on /home/airflow/.local/lib/python3.8/site-packages/airflow/example_dags/example_nested_branch_dag.py
[2024-03-26T09:08:13.164+0000] {processor.py:830} INFO - Processing file /home/airflow/.local/lib/python3.8/site-packages/airflow/example_dags/example_nested_branch_dag.py for tasks to queue
[2024-03-26T09:08:13.165+0000] {logging_mixin.py:188} INFO - [2024-03-26T09:08:13.165+0000] {dagbag.py:538} INFO - Filling up the DagBag from /home/airflow/.local/lib/python3.8/site-packages/airflow/example_dags/example_nested_branch_dag.py
[2024-03-26T09:08:13.173+0000] {processor.py:840} INFO - DAG(s) 'example_nested_branch_dag' retrieved from /home/airflow/.local/lib/python3.8/site-packages/airflow/example_dags/example_nested_branch_dag.py
[2024-03-26T09:08:13.270+0000] {logging_mixin.py:188} INFO - [2024-03-26T09:08:13.270+0000] {dag.py:3036} INFO - Sync 1 DAGs
[2024-03-26T09:08:13.302+0000] {logging_mixin.py:188} INFO - [2024-03-26T09:08:13.302+0000] {dag.py:3823} INFO - Setting next_dagrun for example_nested_branch_dag to 2024-03-25 00:00:00+00:00, run_after=2024-03-26 00:00:00+00:00
[2024-03-26T09:08:13.323+0000] {processor.py:183} INFO - Processing /home/airflow/.local/lib/python3.8/site-packages/airflow/example_dags/example_nested_branch_dag.py took 0.163 seconds
[2024-03-26T09:08:43.818+0000] {processor.py:161} INFO - Started process (PID=191) to work on /home/airflow/.local/lib/python3.8/site-packages/airflow/example_dags/example_nested_branch_dag.py
[2024-03-26T09:08:43.819+0000] {processor.py:830} INFO - Processing file /home/airflow/.local/lib/python3.8/site-packages/airflow/example_dags/example_nested_branch_dag.py for tasks to queue
[2024-03-26T09:08:43.820+0000] {logging_mixin.py:188} INFO - [2024-03-26T09:08:43.820+0000] {dagbag.py:538} INFO - Filling up the DagBag from /home/airflow/.local/lib/python3.8/site-packages/airflow/example_dags/example_nested_branch_dag.py
[2024-03-26T09:08:43.829+0000] {processor.py:840} INFO - DAG(s) 'example_nested_branch_dag' retrieved from /home/airflow/.local/lib/python3.8/site-packages/airflow/example_dags/example_nested_branch_dag.py
[2024-03-26T09:08:43.848+0000] {logging_mixin.py:188} INFO - [2024-03-26T09:08:43.848+0000] {dag.py:3036} INFO - Sync 1 DAGs
[2024-03-26T09:08:43.873+0000] {logging_mixin.py:188} INFO - [2024-03-26T09:08:43.872+0000] {dag.py:3823} INFO - Setting next_dagrun for example_nested_branch_dag to 2024-03-25 00:00:00+00:00, run_after=2024-03-26 00:00:00+00:00
[2024-03-26T09:08:43.897+0000] {processor.py:183} INFO - Processing /home/airflow/.local/lib/python3.8/site-packages/airflow/example_dags/example_nested_branch_dag.py took 0.081 seconds
[2024-03-26T09:09:14.393+0000] {processor.py:161} INFO - Started process (PID=248) to work on /home/airflow/.local/lib/python3.8/site-packages/airflow/example_dags/example_nested_branch_dag.py
[2024-03-26T09:09:14.394+0000] {processor.py:830} INFO - Processing file /home/airflow/.local/lib/python3.8/site-packages/airflow/example_dags/example_nested_branch_dag.py for tasks to queue
[2024-03-26T09:09:14.396+0000] {logging_mixin.py:188} INFO - [2024-03-26T09:09:14.396+0000] {dagbag.py:538} INFO - Filling up the DagBag from /home/airflow/.local/lib/python3.8/site-packages/airflow/example_dags/example_nested_branch_dag.py
[2024-03-26T09:09:14.409+0000] {processor.py:840} INFO - DAG(s) 'example_nested_branch_dag' retrieved from /home/airflow/.local/lib/python3.8/site-packages/airflow/example_dags/example_nested_branch_dag.py
[2024-03-26T09:09:14.428+0000] {logging_mixin.py:188} INFO - [2024-03-26T09:09:14.428+0000] {dag.py:3036} INFO - Sync 1 DAGs
[2024-03-26T09:09:14.448+0000] {logging_mixin.py:188} INFO - [2024-03-26T09:09:14.448+0000] {dag.py:3823} INFO - Setting next_dagrun for example_nested_branch_dag to 2024-03-25 00:00:00+00:00, run_after=2024-03-26 00:00:00+00:00
[2024-03-26T09:09:14.466+0000] {processor.py:183} INFO - Processing /home/airflow/.local/lib/python3.8/site-packages/airflow/example_dags/example_nested_branch_dag.py took 0.075 seconds
[2024-03-26T09:09:45.182+0000] {processor.py:161} INFO - Started process (PID=305) to work on /home/airflow/.local/lib/python3.8/site-packages/airflow/example_dags/example_nested_branch_dag.py
[2024-03-26T09:09:45.182+0000] {processor.py:830} INFO - Processing file /home/airflow/.local/lib/python3.8/site-packages/airflow/example_dags/example_nested_branch_dag.py for tasks to queue
[2024-03-26T09:09:45.184+0000] {logging_mixin.py:188} INFO - [2024-03-26T09:09:45.184+0000] {dagbag.py:538} INFO - Filling up the DagBag from /home/airflow/.local/lib/python3.8/site-packages/airflow/example_dags/example_nested_branch_dag.py
[2024-03-26T09:09:45.192+0000] {processor.py:840} INFO - DAG(s) 'example_nested_branch_dag' retrieved from /home/airflow/.local/lib/python3.8/site-packages/airflow/example_dags/example_nested_branch_dag.py
[2024-03-26T09:09:45.209+0000] {logging_mixin.py:188} INFO - [2024-03-26T09:09:45.209+0000] {dag.py:3036} INFO - Sync 1 DAGs
[2024-03-26T09:09:45.231+0000] {logging_mixin.py:188} INFO - [2024-03-26T09:09:45.230+0000] {dag.py:3823} INFO - Setting next_dagrun for example_nested_branch_dag to 2024-03-25 00:00:00+00:00, run_after=2024-03-26 00:00:00+00:00
[2024-03-26T09:09:45.246+0000] {processor.py:183} INFO - Processing /home/airflow/.local/lib/python3.8/site-packages/airflow/example_dags/example_nested_branch_dag.py took 0.067 seconds
[2024-03-26T09:10:15.911+0000] {processor.py:161} INFO - Started process (PID=362) to work on /home/airflow/.local/lib/python3.8/site-packages/airflow/example_dags/example_nested_branch_dag.py
[2024-03-26T09:10:15.912+0000] {processor.py:830} INFO - Processing file /home/airflow/.local/lib/python3.8/site-packages/airflow/example_dags/example_nested_branch_dag.py for tasks to queue
[2024-03-26T09:10:15.914+0000] {logging_mixin.py:188} INFO - [2024-03-26T09:10:15.914+0000] {dagbag.py:538} INFO - Filling up the DagBag from /home/airflow/.local/lib/python3.8/site-packages/airflow/example_dags/example_nested_branch_dag.py
[2024-03-26T09:10:15.923+0000] {processor.py:840} INFO - DAG(s) 'example_nested_branch_dag' retrieved from /home/airflow/.local/lib/python3.8/site-packages/airflow/example_dags/example_nested_branch_dag.py
[2024-03-26T09:10:15.942+0000] {logging_mixin.py:188} INFO - [2024-03-26T09:10:15.941+0000] {dag.py:3036} INFO - Sync 1 DAGs
[2024-03-26T09:10:15.965+0000] {logging_mixin.py:188} INFO - [2024-03-26T09:10:15.965+0000] {dag.py:3823} INFO - Setting next_dagrun for example_nested_branch_dag to 2024-03-25 00:00:00+00:00, run_after=2024-03-26 00:00:00+00:00
[2024-03-26T09:10:15.984+0000] {processor.py:183} INFO - Processing /home/airflow/.local/lib/python3.8/site-packages/airflow/example_dags/example_nested_branch_dag.py took 0.075 seconds
[2024-03-26T09:50:58.390+0000] {processor.py:161} INFO - Started process (PID=76) to work on /home/airflow/.local/lib/python3.8/site-packages/airflow/example_dags/example_nested_branch_dag.py
[2024-03-26T09:50:58.391+0000] {processor.py:830} INFO - Processing file /home/airflow/.local/lib/python3.8/site-packages/airflow/example_dags/example_nested_branch_dag.py for tasks to queue
[2024-03-26T09:50:58.393+0000] {logging_mixin.py:188} INFO - [2024-03-26T09:50:58.393+0000] {dagbag.py:538} INFO - Filling up the DagBag from /home/airflow/.local/lib/python3.8/site-packages/airflow/example_dags/example_nested_branch_dag.py
[2024-03-26T09:50:58.402+0000] {processor.py:840} INFO - DAG(s) 'example_nested_branch_dag' retrieved from /home/airflow/.local/lib/python3.8/site-packages/airflow/example_dags/example_nested_branch_dag.py
[2024-03-26T09:50:58.411+0000] {logging_mixin.py:188} INFO - [2024-03-26T09:50:58.411+0000] {dag.py:3036} INFO - Sync 1 DAGs
[2024-03-26T09:50:58.431+0000] {logging_mixin.py:188} INFO - [2024-03-26T09:50:58.431+0000] {dag.py:3823} INFO - Setting next_dagrun for example_nested_branch_dag to 2024-03-25 00:00:00+00:00, run_after=2024-03-26 00:00:00+00:00
[2024-03-26T09:50:58.448+0000] {processor.py:183} INFO - Processing /home/airflow/.local/lib/python3.8/site-packages/airflow/example_dags/example_nested_branch_dag.py took 0.060 seconds
[2024-03-26T09:51:29.185+0000] {processor.py:161} INFO - Started process (PID=133) to work on /home/airflow/.local/lib/python3.8/site-packages/airflow/example_dags/example_nested_branch_dag.py
[2024-03-26T09:51:29.185+0000] {processor.py:830} INFO - Processing file /home/airflow/.local/lib/python3.8/site-packages/airflow/example_dags/example_nested_branch_dag.py for tasks to queue
[2024-03-26T09:51:29.187+0000] {logging_mixin.py:188} INFO - [2024-03-26T09:51:29.187+0000] {dagbag.py:538} INFO - Filling up the DagBag from /home/airflow/.local/lib/python3.8/site-packages/airflow/example_dags/example_nested_branch_dag.py
[2024-03-26T09:51:29.194+0000] {processor.py:840} INFO - DAG(s) 'example_nested_branch_dag' retrieved from /home/airflow/.local/lib/python3.8/site-packages/airflow/example_dags/example_nested_branch_dag.py
[2024-03-26T09:51:29.278+0000] {logging_mixin.py:188} INFO - [2024-03-26T09:51:29.278+0000] {dag.py:3036} INFO - Sync 1 DAGs
[2024-03-26T09:51:29.298+0000] {logging_mixin.py:188} INFO - [2024-03-26T09:51:29.298+0000] {dag.py:3823} INFO - Setting next_dagrun for example_nested_branch_dag to 2024-03-25 00:00:00+00:00, run_after=2024-03-26 00:00:00+00:00
[2024-03-26T09:51:29.316+0000] {processor.py:183} INFO - Processing /home/airflow/.local/lib/python3.8/site-packages/airflow/example_dags/example_nested_branch_dag.py took 0.133 seconds
[2024-03-26T09:51:59.409+0000] {processor.py:161} INFO - Started process (PID=190) to work on /home/airflow/.local/lib/python3.8/site-packages/airflow/example_dags/example_nested_branch_dag.py
[2024-03-26T09:51:59.410+0000] {processor.py:830} INFO - Processing file /home/airflow/.local/lib/python3.8/site-packages/airflow/example_dags/example_nested_branch_dag.py for tasks to queue
[2024-03-26T09:51:59.412+0000] {logging_mixin.py:188} INFO - [2024-03-26T09:51:59.412+0000] {dagbag.py:538} INFO - Filling up the DagBag from /home/airflow/.local/lib/python3.8/site-packages/airflow/example_dags/example_nested_branch_dag.py
[2024-03-26T09:51:59.420+0000] {processor.py:840} INFO - DAG(s) 'example_nested_branch_dag' retrieved from /home/airflow/.local/lib/python3.8/site-packages/airflow/example_dags/example_nested_branch_dag.py
[2024-03-26T09:51:59.436+0000] {logging_mixin.py:188} INFO - [2024-03-26T09:51:59.436+0000] {dag.py:3036} INFO - Sync 1 DAGs
[2024-03-26T09:51:59.454+0000] {logging_mixin.py:188} INFO - [2024-03-26T09:51:59.454+0000] {dag.py:3823} INFO - Setting next_dagrun for example_nested_branch_dag to 2024-03-25 00:00:00+00:00, run_after=2024-03-26 00:00:00+00:00
[2024-03-26T09:51:59.469+0000] {processor.py:183} INFO - Processing /home/airflow/.local/lib/python3.8/site-packages/airflow/example_dags/example_nested_branch_dag.py took 0.061 seconds
[2024-03-26T09:52:30.236+0000] {processor.py:161} INFO - Started process (PID=247) to work on /home/airflow/.local/lib/python3.8/site-packages/airflow/example_dags/example_nested_branch_dag.py
[2024-03-26T09:52:30.237+0000] {processor.py:830} INFO - Processing file /home/airflow/.local/lib/python3.8/site-packages/airflow/example_dags/example_nested_branch_dag.py for tasks to queue
[2024-03-26T09:52:30.239+0000] {logging_mixin.py:188} INFO - [2024-03-26T09:52:30.238+0000] {dagbag.py:538} INFO - Filling up the DagBag from /home/airflow/.local/lib/python3.8/site-packages/airflow/example_dags/example_nested_branch_dag.py
[2024-03-26T09:52:30.248+0000] {processor.py:840} INFO - DAG(s) 'example_nested_branch_dag' retrieved from /home/airflow/.local/lib/python3.8/site-packages/airflow/example_dags/example_nested_branch_dag.py
[2024-03-26T09:52:30.265+0000] {logging_mixin.py:188} INFO - [2024-03-26T09:52:30.265+0000] {dag.py:3036} INFO - Sync 1 DAGs
[2024-03-26T09:52:30.284+0000] {logging_mixin.py:188} INFO - [2024-03-26T09:52:30.284+0000] {dag.py:3823} INFO - Setting next_dagrun for example_nested_branch_dag to 2024-03-25 00:00:00+00:00, run_after=2024-03-26 00:00:00+00:00
[2024-03-26T09:52:30.299+0000] {processor.py:183} INFO - Processing /home/airflow/.local/lib/python3.8/site-packages/airflow/example_dags/example_nested_branch_dag.py took 0.065 seconds
[2024-03-26T09:53:01.043+0000] {processor.py:161} INFO - Started process (PID=304) to work on /home/airflow/.local/lib/python3.8/site-packages/airflow/example_dags/example_nested_branch_dag.py
[2024-03-26T09:53:01.044+0000] {processor.py:830} INFO - Processing file /home/airflow/.local/lib/python3.8/site-packages/airflow/example_dags/example_nested_branch_dag.py for tasks to queue
[2024-03-26T09:53:01.045+0000] {logging_mixin.py:188} INFO - [2024-03-26T09:53:01.045+0000] {dagbag.py:538} INFO - Filling up the DagBag from /home/airflow/.local/lib/python3.8/site-packages/airflow/example_dags/example_nested_branch_dag.py
[2024-03-26T09:53:01.053+0000] {processor.py:840} INFO - DAG(s) 'example_nested_branch_dag' retrieved from /home/airflow/.local/lib/python3.8/site-packages/airflow/example_dags/example_nested_branch_dag.py
[2024-03-26T09:53:01.070+0000] {logging_mixin.py:188} INFO - [2024-03-26T09:53:01.070+0000] {dag.py:3036} INFO - Sync 1 DAGs
[2024-03-26T09:53:01.090+0000] {logging_mixin.py:188} INFO - [2024-03-26T09:53:01.090+0000] {dag.py:3823} INFO - Setting next_dagrun for example_nested_branch_dag to 2024-03-25 00:00:00+00:00, run_after=2024-03-26 00:00:00+00:00
[2024-03-26T09:53:01.105+0000] {processor.py:183} INFO - Processing /home/airflow/.local/lib/python3.8/site-packages/airflow/example_dags/example_nested_branch_dag.py took 0.064 seconds
[2024-03-26T09:53:31.510+0000] {processor.py:161} INFO - Started process (PID=361) to work on /home/airflow/.local/lib/python3.8/site-packages/airflow/example_dags/example_nested_branch_dag.py
[2024-03-26T09:53:31.512+0000] {processor.py:830} INFO - Processing file /home/airflow/.local/lib/python3.8/site-packages/airflow/example_dags/example_nested_branch_dag.py for tasks to queue
[2024-03-26T09:53:31.513+0000] {logging_mixin.py:188} INFO - [2024-03-26T09:53:31.513+0000] {dagbag.py:538} INFO - Filling up the DagBag from /home/airflow/.local/lib/python3.8/site-packages/airflow/example_dags/example_nested_branch_dag.py
[2024-03-26T09:53:31.522+0000] {processor.py:840} INFO - DAG(s) 'example_nested_branch_dag' retrieved from /home/airflow/.local/lib/python3.8/site-packages/airflow/example_dags/example_nested_branch_dag.py
[2024-03-26T09:53:31.541+0000] {logging_mixin.py:188} INFO - [2024-03-26T09:53:31.540+0000] {dag.py:3036} INFO - Sync 1 DAGs
[2024-03-26T09:53:31.561+0000] {logging_mixin.py:188} INFO - [2024-03-26T09:53:31.561+0000] {dag.py:3823} INFO - Setting next_dagrun for example_nested_branch_dag to 2024-03-25 00:00:00+00:00, run_after=2024-03-26 00:00:00+00:00
[2024-03-26T09:53:31.576+0000] {processor.py:183} INFO - Processing /home/airflow/.local/lib/python3.8/site-packages/airflow/example_dags/example_nested_branch_dag.py took 0.068 seconds
[2024-03-26T09:54:02.554+0000] {processor.py:161} INFO - Started process (PID=418) to work on /home/airflow/.local/lib/python3.8/site-packages/airflow/example_dags/example_nested_branch_dag.py
[2024-03-26T09:54:02.555+0000] {processor.py:830} INFO - Processing file /home/airflow/.local/lib/python3.8/site-packages/airflow/example_dags/example_nested_branch_dag.py for tasks to queue
[2024-03-26T09:54:02.557+0000] {logging_mixin.py:188} INFO - [2024-03-26T09:54:02.556+0000] {dagbag.py:538} INFO - Filling up the DagBag from /home/airflow/.local/lib/python3.8/site-packages/airflow/example_dags/example_nested_branch_dag.py
[2024-03-26T09:54:02.565+0000] {processor.py:840} INFO - DAG(s) 'example_nested_branch_dag' retrieved from /home/airflow/.local/lib/python3.8/site-packages/airflow/example_dags/example_nested_branch_dag.py
[2024-03-26T09:54:02.583+0000] {logging_mixin.py:188} INFO - [2024-03-26T09:54:02.583+0000] {dag.py:3036} INFO - Sync 1 DAGs
[2024-03-26T09:54:02.602+0000] {logging_mixin.py:188} INFO - [2024-03-26T09:54:02.602+0000] {dag.py:3823} INFO - Setting next_dagrun for example_nested_branch_dag to 2024-03-25 00:00:00+00:00, run_after=2024-03-26 00:00:00+00:00
[2024-03-26T09:54:02.618+0000] {processor.py:183} INFO - Processing /home/airflow/.local/lib/python3.8/site-packages/airflow/example_dags/example_nested_branch_dag.py took 0.066 seconds
[2024-03-26T09:54:33.175+0000] {processor.py:161} INFO - Started process (PID=475) to work on /home/airflow/.local/lib/python3.8/site-packages/airflow/example_dags/example_nested_branch_dag.py
[2024-03-26T09:54:33.176+0000] {processor.py:830} INFO - Processing file /home/airflow/.local/lib/python3.8/site-packages/airflow/example_dags/example_nested_branch_dag.py for tasks to queue
[2024-03-26T09:54:33.178+0000] {logging_mixin.py:188} INFO - [2024-03-26T09:54:33.177+0000] {dagbag.py:538} INFO - Filling up the DagBag from /home/airflow/.local/lib/python3.8/site-packages/airflow/example_dags/example_nested_branch_dag.py
[2024-03-26T09:54:33.186+0000] {processor.py:840} INFO - DAG(s) 'example_nested_branch_dag' retrieved from /home/airflow/.local/lib/python3.8/site-packages/airflow/example_dags/example_nested_branch_dag.py
[2024-03-26T09:54:33.205+0000] {logging_mixin.py:188} INFO - [2024-03-26T09:54:33.205+0000] {dag.py:3036} INFO - Sync 1 DAGs
[2024-03-26T09:54:33.228+0000] {logging_mixin.py:188} INFO - [2024-03-26T09:54:33.227+0000] {dag.py:3823} INFO - Setting next_dagrun for example_nested_branch_dag to 2024-03-25 00:00:00+00:00, run_after=2024-03-26 00:00:00+00:00
[2024-03-26T09:54:33.246+0000] {processor.py:183} INFO - Processing /home/airflow/.local/lib/python3.8/site-packages/airflow/example_dags/example_nested_branch_dag.py took 0.073 seconds
[2024-03-26T09:55:03.737+0000] {processor.py:161} INFO - Started process (PID=532) to work on /home/airflow/.local/lib/python3.8/site-packages/airflow/example_dags/example_nested_branch_dag.py
[2024-03-26T09:55:03.738+0000] {processor.py:830} INFO - Processing file /home/airflow/.local/lib/python3.8/site-packages/airflow/example_dags/example_nested_branch_dag.py for tasks to queue
[2024-03-26T09:55:03.741+0000] {logging_mixin.py:188} INFO - [2024-03-26T09:55:03.740+0000] {dagbag.py:538} INFO - Filling up the DagBag from /home/airflow/.local/lib/python3.8/site-packages/airflow/example_dags/example_nested_branch_dag.py
[2024-03-26T09:55:03.749+0000] {processor.py:840} INFO - DAG(s) 'example_nested_branch_dag' retrieved from /home/airflow/.local/lib/python3.8/site-packages/airflow/example_dags/example_nested_branch_dag.py
[2024-03-26T09:55:03.780+0000] {logging_mixin.py:188} INFO - [2024-03-26T09:55:03.780+0000] {dag.py:3036} INFO - Sync 1 DAGs
[2024-03-26T09:55:03.801+0000] {logging_mixin.py:188} INFO - [2024-03-26T09:55:03.801+0000] {dag.py:3823} INFO - Setting next_dagrun for example_nested_branch_dag to 2024-03-25 00:00:00+00:00, run_after=2024-03-26 00:00:00+00:00
[2024-03-26T09:55:03.815+0000] {processor.py:183} INFO - Processing /home/airflow/.local/lib/python3.8/site-packages/airflow/example_dags/example_nested_branch_dag.py took 0.081 seconds
[2024-03-26T09:55:34.379+0000] {processor.py:161} INFO - Started process (PID=589) to work on /home/airflow/.local/lib/python3.8/site-packages/airflow/example_dags/example_nested_branch_dag.py
[2024-03-26T09:55:34.380+0000] {processor.py:830} INFO - Processing file /home/airflow/.local/lib/python3.8/site-packages/airflow/example_dags/example_nested_branch_dag.py for tasks to queue
[2024-03-26T09:55:34.381+0000] {logging_mixin.py:188} INFO - [2024-03-26T09:55:34.381+0000] {dagbag.py:538} INFO - Filling up the DagBag from /home/airflow/.local/lib/python3.8/site-packages/airflow/example_dags/example_nested_branch_dag.py
[2024-03-26T09:55:34.390+0000] {processor.py:840} INFO - DAG(s) 'example_nested_branch_dag' retrieved from /home/airflow/.local/lib/python3.8/site-packages/airflow/example_dags/example_nested_branch_dag.py
[2024-03-26T09:55:34.407+0000] {logging_mixin.py:188} INFO - [2024-03-26T09:55:34.407+0000] {dag.py:3036} INFO - Sync 1 DAGs
[2024-03-26T09:55:34.426+0000] {logging_mixin.py:188} INFO - [2024-03-26T09:55:34.426+0000] {dag.py:3823} INFO - Setting next_dagrun for example_nested_branch_dag to 2024-03-25 00:00:00+00:00, run_after=2024-03-26 00:00:00+00:00
[2024-03-26T09:55:34.440+0000] {processor.py:183} INFO - Processing /home/airflow/.local/lib/python3.8/site-packages/airflow/example_dags/example_nested_branch_dag.py took 0.063 seconds
[2024-03-26T09:56:05.065+0000] {processor.py:161} INFO - Started process (PID=646) to work on /home/airflow/.local/lib/python3.8/site-packages/airflow/example_dags/example_nested_branch_dag.py
[2024-03-26T09:56:05.066+0000] {processor.py:830} INFO - Processing file /home/airflow/.local/lib/python3.8/site-packages/airflow/example_dags/example_nested_branch_dag.py for tasks to queue
[2024-03-26T09:56:05.068+0000] {logging_mixin.py:188} INFO - [2024-03-26T09:56:05.068+0000] {dagbag.py:538} INFO - Filling up the DagBag from /home/airflow/.local/lib/python3.8/site-packages/airflow/example_dags/example_nested_branch_dag.py
[2024-03-26T09:56:05.079+0000] {processor.py:840} INFO - DAG(s) 'example_nested_branch_dag' retrieved from /home/airflow/.local/lib/python3.8/site-packages/airflow/example_dags/example_nested_branch_dag.py
[2024-03-26T09:56:05.105+0000] {logging_mixin.py:188} INFO - [2024-03-26T09:56:05.105+0000] {dag.py:3036} INFO - Sync 1 DAGs
[2024-03-26T09:56:05.137+0000] {logging_mixin.py:188} INFO - [2024-03-26T09:56:05.137+0000] {dag.py:3823} INFO - Setting next_dagrun for example_nested_branch_dag to 2024-03-25 00:00:00+00:00, run_after=2024-03-26 00:00:00+00:00
[2024-03-26T09:56:05.163+0000] {processor.py:183} INFO - Processing /home/airflow/.local/lib/python3.8/site-packages/airflow/example_dags/example_nested_branch_dag.py took 0.100 seconds
[2024-03-26T09:57:48.032+0000] {processor.py:161} INFO - Started process (PID=76) to work on /home/airflow/.local/lib/python3.8/site-packages/airflow/example_dags/example_nested_branch_dag.py
[2024-03-26T09:57:48.033+0000] {processor.py:830} INFO - Processing file /home/airflow/.local/lib/python3.8/site-packages/airflow/example_dags/example_nested_branch_dag.py for tasks to queue
[2024-03-26T09:57:48.034+0000] {logging_mixin.py:188} INFO - [2024-03-26T09:57:48.034+0000] {dagbag.py:538} INFO - Filling up the DagBag from /home/airflow/.local/lib/python3.8/site-packages/airflow/example_dags/example_nested_branch_dag.py
[2024-03-26T09:57:48.044+0000] {processor.py:840} INFO - DAG(s) 'example_nested_branch_dag' retrieved from /home/airflow/.local/lib/python3.8/site-packages/airflow/example_dags/example_nested_branch_dag.py
[2024-03-26T09:57:48.052+0000] {logging_mixin.py:188} INFO - [2024-03-26T09:57:48.052+0000] {dag.py:3036} INFO - Sync 1 DAGs
[2024-03-26T09:57:48.071+0000] {logging_mixin.py:188} INFO - [2024-03-26T09:57:48.071+0000] {dag.py:3823} INFO - Setting next_dagrun for example_nested_branch_dag to 2024-03-25 00:00:00+00:00, run_after=2024-03-26 00:00:00+00:00
[2024-03-26T09:57:48.088+0000] {processor.py:183} INFO - Processing /home/airflow/.local/lib/python3.8/site-packages/airflow/example_dags/example_nested_branch_dag.py took 0.058 seconds
[2024-03-26T09:58:19.078+0000] {processor.py:161} INFO - Started process (PID=133) to work on /home/airflow/.local/lib/python3.8/site-packages/airflow/example_dags/example_nested_branch_dag.py
[2024-03-26T09:58:19.079+0000] {processor.py:830} INFO - Processing file /home/airflow/.local/lib/python3.8/site-packages/airflow/example_dags/example_nested_branch_dag.py for tasks to queue
[2024-03-26T09:58:19.081+0000] {logging_mixin.py:188} INFO - [2024-03-26T09:58:19.081+0000] {dagbag.py:538} INFO - Filling up the DagBag from /home/airflow/.local/lib/python3.8/site-packages/airflow/example_dags/example_nested_branch_dag.py
[2024-03-26T09:58:19.090+0000] {processor.py:840} INFO - DAG(s) 'example_nested_branch_dag' retrieved from /home/airflow/.local/lib/python3.8/site-packages/airflow/example_dags/example_nested_branch_dag.py
[2024-03-26T09:58:19.188+0000] {logging_mixin.py:188} INFO - [2024-03-26T09:58:19.188+0000] {dag.py:3036} INFO - Sync 1 DAGs
[2024-03-26T09:58:19.210+0000] {logging_mixin.py:188} INFO - [2024-03-26T09:58:19.210+0000] {dag.py:3823} INFO - Setting next_dagrun for example_nested_branch_dag to 2024-03-25 00:00:00+00:00, run_after=2024-03-26 00:00:00+00:00
[2024-03-26T09:58:19.238+0000] {processor.py:183} INFO - Processing /home/airflow/.local/lib/python3.8/site-packages/airflow/example_dags/example_nested_branch_dag.py took 0.162 seconds
[2024-03-26T09:58:49.464+0000] {processor.py:161} INFO - Started process (PID=190) to work on /home/airflow/.local/lib/python3.8/site-packages/airflow/example_dags/example_nested_branch_dag.py
[2024-03-26T09:58:49.465+0000] {processor.py:830} INFO - Processing file /home/airflow/.local/lib/python3.8/site-packages/airflow/example_dags/example_nested_branch_dag.py for tasks to queue
[2024-03-26T09:58:49.467+0000] {logging_mixin.py:188} INFO - [2024-03-26T09:58:49.466+0000] {dagbag.py:538} INFO - Filling up the DagBag from /home/airflow/.local/lib/python3.8/site-packages/airflow/example_dags/example_nested_branch_dag.py
[2024-03-26T09:58:49.476+0000] {processor.py:840} INFO - DAG(s) 'example_nested_branch_dag' retrieved from /home/airflow/.local/lib/python3.8/site-packages/airflow/example_dags/example_nested_branch_dag.py
[2024-03-26T09:58:49.497+0000] {logging_mixin.py:188} INFO - [2024-03-26T09:58:49.496+0000] {dag.py:3036} INFO - Sync 1 DAGs
[2024-03-26T09:58:49.518+0000] {logging_mixin.py:188} INFO - [2024-03-26T09:58:49.518+0000] {dag.py:3823} INFO - Setting next_dagrun for example_nested_branch_dag to 2024-03-25 00:00:00+00:00, run_after=2024-03-26 00:00:00+00:00
[2024-03-26T09:58:49.537+0000] {processor.py:183} INFO - Processing /home/airflow/.local/lib/python3.8/site-packages/airflow/example_dags/example_nested_branch_dag.py took 0.076 seconds
[2024-03-26T10:11:04.211+0000] {processor.py:161} INFO - Started process (PID=75) to work on /home/airflow/.local/lib/python3.8/site-packages/airflow/example_dags/example_nested_branch_dag.py
[2024-03-26T10:11:04.213+0000] {processor.py:830} INFO - Processing file /home/airflow/.local/lib/python3.8/site-packages/airflow/example_dags/example_nested_branch_dag.py for tasks to queue
[2024-03-26T10:11:04.216+0000] {logging_mixin.py:188} INFO - [2024-03-26T10:11:04.215+0000] {dagbag.py:538} INFO - Filling up the DagBag from /home/airflow/.local/lib/python3.8/site-packages/airflow/example_dags/example_nested_branch_dag.py
[2024-03-26T10:11:04.229+0000] {processor.py:840} INFO - DAG(s) 'example_nested_branch_dag' retrieved from /home/airflow/.local/lib/python3.8/site-packages/airflow/example_dags/example_nested_branch_dag.py
[2024-03-26T10:11:04.241+0000] {logging_mixin.py:188} INFO - [2024-03-26T10:11:04.240+0000] {dag.py:3036} INFO - Sync 1 DAGs
[2024-03-26T10:11:04.265+0000] {logging_mixin.py:188} INFO - [2024-03-26T10:11:04.265+0000] {dag.py:3823} INFO - Setting next_dagrun for example_nested_branch_dag to 2024-03-25 00:00:00+00:00, run_after=2024-03-26 00:00:00+00:00
[2024-03-26T10:11:04.285+0000] {processor.py:183} INFO - Processing /home/airflow/.local/lib/python3.8/site-packages/airflow/example_dags/example_nested_branch_dag.py took 0.079 seconds
[2024-03-26T10:11:36.163+0000] {processor.py:161} INFO - Started process (PID=131) to work on /home/airflow/.local/lib/python3.8/site-packages/airflow/example_dags/example_nested_branch_dag.py
[2024-03-26T10:11:36.165+0000] {processor.py:830} INFO - Processing file /home/airflow/.local/lib/python3.8/site-packages/airflow/example_dags/example_nested_branch_dag.py for tasks to queue
[2024-03-26T10:11:36.167+0000] {logging_mixin.py:188} INFO - [2024-03-26T10:11:36.166+0000] {dagbag.py:538} INFO - Filling up the DagBag from /home/airflow/.local/lib/python3.8/site-packages/airflow/example_dags/example_nested_branch_dag.py
[2024-03-26T10:11:36.179+0000] {processor.py:840} INFO - DAG(s) 'example_nested_branch_dag' retrieved from /home/airflow/.local/lib/python3.8/site-packages/airflow/example_dags/example_nested_branch_dag.py
[2024-03-26T10:11:36.274+0000] {logging_mixin.py:188} INFO - [2024-03-26T10:11:36.274+0000] {dag.py:3036} INFO - Sync 1 DAGs
[2024-03-26T10:11:36.297+0000] {logging_mixin.py:188} INFO - [2024-03-26T10:11:36.297+0000] {dag.py:3823} INFO - Setting next_dagrun for example_nested_branch_dag to 2024-03-25 00:00:00+00:00, run_after=2024-03-26 00:00:00+00:00
[2024-03-26T10:11:36.316+0000] {processor.py:183} INFO - Processing /home/airflow/.local/lib/python3.8/site-packages/airflow/example_dags/example_nested_branch_dag.py took 0.155 seconds
[2024-03-26T10:12:50.325+0000] {processor.py:161} INFO - Started process (PID=76) to work on /home/airflow/.local/lib/python3.8/site-packages/airflow/example_dags/example_nested_branch_dag.py
[2024-03-26T10:12:50.326+0000] {processor.py:830} INFO - Processing file /home/airflow/.local/lib/python3.8/site-packages/airflow/example_dags/example_nested_branch_dag.py for tasks to queue
[2024-03-26T10:12:50.329+0000] {logging_mixin.py:188} INFO - [2024-03-26T10:12:50.328+0000] {dagbag.py:538} INFO - Filling up the DagBag from /home/airflow/.local/lib/python3.8/site-packages/airflow/example_dags/example_nested_branch_dag.py
[2024-03-26T10:12:50.342+0000] {processor.py:840} INFO - DAG(s) 'example_nested_branch_dag' retrieved from /home/airflow/.local/lib/python3.8/site-packages/airflow/example_dags/example_nested_branch_dag.py
[2024-03-26T10:12:50.356+0000] {logging_mixin.py:188} INFO - [2024-03-26T10:12:50.355+0000] {dag.py:3036} INFO - Sync 1 DAGs
[2024-03-26T10:12:50.379+0000] {logging_mixin.py:188} INFO - [2024-03-26T10:12:50.378+0000] {dag.py:3823} INFO - Setting next_dagrun for example_nested_branch_dag to 2024-03-25 00:00:00+00:00, run_after=2024-03-26 00:00:00+00:00
[2024-03-26T10:12:50.401+0000] {processor.py:183} INFO - Processing /home/airflow/.local/lib/python3.8/site-packages/airflow/example_dags/example_nested_branch_dag.py took 0.078 seconds
[2024-03-26T10:13:21.280+0000] {processor.py:161} INFO - Started process (PID=133) to work on /home/airflow/.local/lib/python3.8/site-packages/airflow/example_dags/example_nested_branch_dag.py
[2024-03-26T10:13:21.281+0000] {processor.py:830} INFO - Processing file /home/airflow/.local/lib/python3.8/site-packages/airflow/example_dags/example_nested_branch_dag.py for tasks to queue
[2024-03-26T10:13:21.282+0000] {logging_mixin.py:188} INFO - [2024-03-26T10:13:21.282+0000] {dagbag.py:538} INFO - Filling up the DagBag from /home/airflow/.local/lib/python3.8/site-packages/airflow/example_dags/example_nested_branch_dag.py
[2024-03-26T10:13:21.291+0000] {processor.py:840} INFO - DAG(s) 'example_nested_branch_dag' retrieved from /home/airflow/.local/lib/python3.8/site-packages/airflow/example_dags/example_nested_branch_dag.py
[2024-03-26T10:13:21.379+0000] {logging_mixin.py:188} INFO - [2024-03-26T10:13:21.378+0000] {dag.py:3036} INFO - Sync 1 DAGs
[2024-03-26T10:13:21.398+0000] {logging_mixin.py:188} INFO - [2024-03-26T10:13:21.397+0000] {dag.py:3823} INFO - Setting next_dagrun for example_nested_branch_dag to 2024-03-25 00:00:00+00:00, run_after=2024-03-26 00:00:00+00:00
[2024-03-26T10:13:21.415+0000] {processor.py:183} INFO - Processing /home/airflow/.local/lib/python3.8/site-packages/airflow/example_dags/example_nested_branch_dag.py took 0.137 seconds
[2024-03-26T10:13:51.479+0000] {processor.py:161} INFO - Started process (PID=190) to work on /home/airflow/.local/lib/python3.8/site-packages/airflow/example_dags/example_nested_branch_dag.py
[2024-03-26T10:13:51.480+0000] {processor.py:830} INFO - Processing file /home/airflow/.local/lib/python3.8/site-packages/airflow/example_dags/example_nested_branch_dag.py for tasks to queue
[2024-03-26T10:13:51.482+0000] {logging_mixin.py:188} INFO - [2024-03-26T10:13:51.482+0000] {dagbag.py:538} INFO - Filling up the DagBag from /home/airflow/.local/lib/python3.8/site-packages/airflow/example_dags/example_nested_branch_dag.py
[2024-03-26T10:13:51.490+0000] {processor.py:840} INFO - DAG(s) 'example_nested_branch_dag' retrieved from /home/airflow/.local/lib/python3.8/site-packages/airflow/example_dags/example_nested_branch_dag.py
[2024-03-26T10:13:51.511+0000] {logging_mixin.py:188} INFO - [2024-03-26T10:13:51.511+0000] {dag.py:3036} INFO - Sync 1 DAGs
[2024-03-26T10:13:51.535+0000] {logging_mixin.py:188} INFO - [2024-03-26T10:13:51.535+0000] {dag.py:3823} INFO - Setting next_dagrun for example_nested_branch_dag to 2024-03-25 00:00:00+00:00, run_after=2024-03-26 00:00:00+00:00
[2024-03-26T10:13:51.553+0000] {processor.py:183} INFO - Processing /home/airflow/.local/lib/python3.8/site-packages/airflow/example_dags/example_nested_branch_dag.py took 0.076 seconds
[2024-03-26T10:14:21.965+0000] {processor.py:161} INFO - Started process (PID=247) to work on /home/airflow/.local/lib/python3.8/site-packages/airflow/example_dags/example_nested_branch_dag.py
[2024-03-26T10:14:21.966+0000] {processor.py:830} INFO - Processing file /home/airflow/.local/lib/python3.8/site-packages/airflow/example_dags/example_nested_branch_dag.py for tasks to queue
[2024-03-26T10:14:21.967+0000] {logging_mixin.py:188} INFO - [2024-03-26T10:14:21.967+0000] {dagbag.py:538} INFO - Filling up the DagBag from /home/airflow/.local/lib/python3.8/site-packages/airflow/example_dags/example_nested_branch_dag.py
[2024-03-26T10:14:21.975+0000] {processor.py:840} INFO - DAG(s) 'example_nested_branch_dag' retrieved from /home/airflow/.local/lib/python3.8/site-packages/airflow/example_dags/example_nested_branch_dag.py
[2024-03-26T10:14:21.993+0000] {logging_mixin.py:188} INFO - [2024-03-26T10:14:21.992+0000] {dag.py:3036} INFO - Sync 1 DAGs
[2024-03-26T10:14:22.012+0000] {logging_mixin.py:188} INFO - [2024-03-26T10:14:22.012+0000] {dag.py:3823} INFO - Setting next_dagrun for example_nested_branch_dag to 2024-03-25 00:00:00+00:00, run_after=2024-03-26 00:00:00+00:00
[2024-03-26T10:14:22.029+0000] {processor.py:183} INFO - Processing /home/airflow/.local/lib/python3.8/site-packages/airflow/example_dags/example_nested_branch_dag.py took 0.067 seconds
[2024-03-26T10:15:16.308+0000] {processor.py:161} INFO - Started process (PID=76) to work on /home/airflow/.local/lib/python3.8/site-packages/airflow/example_dags/example_nested_branch_dag.py
[2024-03-26T10:15:16.309+0000] {processor.py:830} INFO - Processing file /home/airflow/.local/lib/python3.8/site-packages/airflow/example_dags/example_nested_branch_dag.py for tasks to queue
[2024-03-26T10:15:16.311+0000] {logging_mixin.py:188} INFO - [2024-03-26T10:15:16.311+0000] {dagbag.py:538} INFO - Filling up the DagBag from /home/airflow/.local/lib/python3.8/site-packages/airflow/example_dags/example_nested_branch_dag.py
[2024-03-26T10:15:16.324+0000] {processor.py:840} INFO - DAG(s) 'example_nested_branch_dag' retrieved from /home/airflow/.local/lib/python3.8/site-packages/airflow/example_dags/example_nested_branch_dag.py
[2024-03-26T10:15:16.338+0000] {logging_mixin.py:188} INFO - [2024-03-26T10:15:16.338+0000] {dag.py:3036} INFO - Sync 1 DAGs
[2024-03-26T10:15:16.371+0000] {logging_mixin.py:188} INFO - [2024-03-26T10:15:16.370+0000] {dag.py:3823} INFO - Setting next_dagrun for example_nested_branch_dag to 2024-03-25 00:00:00+00:00, run_after=2024-03-26 00:00:00+00:00
[2024-03-26T10:15:16.400+0000] {processor.py:183} INFO - Processing /home/airflow/.local/lib/python3.8/site-packages/airflow/example_dags/example_nested_branch_dag.py took 0.094 seconds
[2024-03-26T10:17:23.602+0000] {processor.py:161} INFO - Started process (PID=76) to work on /home/airflow/.local/lib/python3.8/site-packages/airflow/example_dags/example_nested_branch_dag.py
[2024-03-26T10:17:23.603+0000] {processor.py:830} INFO - Processing file /home/airflow/.local/lib/python3.8/site-packages/airflow/example_dags/example_nested_branch_dag.py for tasks to queue
[2024-03-26T10:17:23.605+0000] {logging_mixin.py:188} INFO - [2024-03-26T10:17:23.605+0000] {dagbag.py:538} INFO - Filling up the DagBag from /home/airflow/.local/lib/python3.8/site-packages/airflow/example_dags/example_nested_branch_dag.py
[2024-03-26T10:17:23.618+0000] {processor.py:840} INFO - DAG(s) 'example_nested_branch_dag' retrieved from /home/airflow/.local/lib/python3.8/site-packages/airflow/example_dags/example_nested_branch_dag.py
[2024-03-26T10:17:23.629+0000] {logging_mixin.py:188} INFO - [2024-03-26T10:17:23.629+0000] {dag.py:3036} INFO - Sync 1 DAGs
[2024-03-26T10:17:23.654+0000] {logging_mixin.py:188} INFO - [2024-03-26T10:17:23.653+0000] {dag.py:3823} INFO - Setting next_dagrun for example_nested_branch_dag to 2024-03-25 00:00:00+00:00, run_after=2024-03-26 00:00:00+00:00
[2024-03-26T10:17:23.676+0000] {processor.py:183} INFO - Processing /home/airflow/.local/lib/python3.8/site-packages/airflow/example_dags/example_nested_branch_dag.py took 0.077 seconds
[2024-03-26T10:17:55.071+0000] {processor.py:161} INFO - Started process (PID=133) to work on /home/airflow/.local/lib/python3.8/site-packages/airflow/example_dags/example_nested_branch_dag.py
[2024-03-26T10:17:55.072+0000] {processor.py:830} INFO - Processing file /home/airflow/.local/lib/python3.8/site-packages/airflow/example_dags/example_nested_branch_dag.py for tasks to queue
[2024-03-26T10:17:55.074+0000] {logging_mixin.py:188} INFO - [2024-03-26T10:17:55.074+0000] {dagbag.py:538} INFO - Filling up the DagBag from /home/airflow/.local/lib/python3.8/site-packages/airflow/example_dags/example_nested_branch_dag.py
[2024-03-26T10:17:55.083+0000] {processor.py:840} INFO - DAG(s) 'example_nested_branch_dag' retrieved from /home/airflow/.local/lib/python3.8/site-packages/airflow/example_dags/example_nested_branch_dag.py
[2024-03-26T10:17:55.178+0000] {logging_mixin.py:188} INFO - [2024-03-26T10:17:55.178+0000] {dag.py:3036} INFO - Sync 1 DAGs
[2024-03-26T10:17:55.198+0000] {logging_mixin.py:188} INFO - [2024-03-26T10:17:55.197+0000] {dag.py:3823} INFO - Setting next_dagrun for example_nested_branch_dag to 2024-03-25 00:00:00+00:00, run_after=2024-03-26 00:00:00+00:00
[2024-03-26T10:17:55.216+0000] {processor.py:183} INFO - Processing /home/airflow/.local/lib/python3.8/site-packages/airflow/example_dags/example_nested_branch_dag.py took 0.147 seconds
