[2024-03-26T08:41:06.391+0000] {processor.py:161} INFO - Started process (PID=52) to work on /home/airflow/.local/lib/python3.8/site-packages/airflow/example_dags/example_task_group.py
[2024-03-26T08:41:06.392+0000] {processor.py:830} INFO - Processing file /home/airflow/.local/lib/python3.8/site-packages/airflow/example_dags/example_task_group.py for tasks to queue
[2024-03-26T08:41:06.393+0000] {logging_mixin.py:188} INFO - [2024-03-26T08:41:06.393+0000] {dagbag.py:538} INFO - Filling up the DagBag from /home/airflow/.local/lib/python3.8/site-packages/airflow/example_dags/example_task_group.py
[2024-03-26T08:41:06.405+0000] {processor.py:840} INFO - DAG(s) 'example_task_group' retrieved from /home/airflow/.local/lib/python3.8/site-packages/airflow/example_dags/example_task_group.py
[2024-03-26T08:41:06.414+0000] {logging_mixin.py:188} INFO - [2024-03-26T08:41:06.414+0000] {dag.py:3036} INFO - Sync 1 DAGs
[2024-03-26T08:41:06.435+0000] {logging_mixin.py:188} INFO - [2024-03-26T08:41:06.435+0000] {dag.py:3823} INFO - Setting next_dagrun for example_task_group to 2024-03-25 00:00:00+00:00, run_after=2024-03-26 00:00:00+00:00
[2024-03-26T08:41:06.453+0000] {processor.py:183} INFO - Processing /home/airflow/.local/lib/python3.8/site-packages/airflow/example_dags/example_task_group.py took 0.065 seconds
[2024-03-26T08:41:37.430+0000] {processor.py:161} INFO - Started process (PID=108) to work on /home/airflow/.local/lib/python3.8/site-packages/airflow/example_dags/example_task_group.py
[2024-03-26T08:41:37.431+0000] {processor.py:830} INFO - Processing file /home/airflow/.local/lib/python3.8/site-packages/airflow/example_dags/example_task_group.py for tasks to queue
[2024-03-26T08:41:37.433+0000] {logging_mixin.py:188} INFO - [2024-03-26T08:41:37.432+0000] {dagbag.py:538} INFO - Filling up the DagBag from /home/airflow/.local/lib/python3.8/site-packages/airflow/example_dags/example_task_group.py
[2024-03-26T08:41:37.439+0000] {processor.py:840} INFO - DAG(s) 'example_task_group' retrieved from /home/airflow/.local/lib/python3.8/site-packages/airflow/example_dags/example_task_group.py
[2024-03-26T08:41:37.523+0000] {logging_mixin.py:188} INFO - [2024-03-26T08:41:37.522+0000] {dag.py:3036} INFO - Sync 1 DAGs
[2024-03-26T08:41:37.539+0000] {logging_mixin.py:188} INFO - [2024-03-26T08:41:37.539+0000] {dag.py:3823} INFO - Setting next_dagrun for example_task_group to 2024-03-25 00:00:00+00:00, run_after=2024-03-26 00:00:00+00:00
[2024-03-26T08:41:37.555+0000] {processor.py:183} INFO - Processing /home/airflow/.local/lib/python3.8/site-packages/airflow/example_dags/example_task_group.py took 0.127 seconds
[2024-03-26T08:43:46.544+0000] {processor.py:161} INFO - Started process (PID=52) to work on /home/airflow/.local/lib/python3.8/site-packages/airflow/example_dags/example_task_group.py
[2024-03-26T08:43:46.545+0000] {processor.py:830} INFO - Processing file /home/airflow/.local/lib/python3.8/site-packages/airflow/example_dags/example_task_group.py for tasks to queue
[2024-03-26T08:43:46.547+0000] {logging_mixin.py:188} INFO - [2024-03-26T08:43:46.546+0000] {dagbag.py:538} INFO - Filling up the DagBag from /home/airflow/.local/lib/python3.8/site-packages/airflow/example_dags/example_task_group.py
[2024-03-26T08:43:46.559+0000] {processor.py:840} INFO - DAG(s) 'example_task_group' retrieved from /home/airflow/.local/lib/python3.8/site-packages/airflow/example_dags/example_task_group.py
[2024-03-26T08:43:46.570+0000] {logging_mixin.py:188} INFO - [2024-03-26T08:43:46.570+0000] {dag.py:3036} INFO - Sync 1 DAGs
[2024-03-26T08:43:46.595+0000] {logging_mixin.py:188} INFO - [2024-03-26T08:43:46.595+0000] {dag.py:3823} INFO - Setting next_dagrun for example_task_group to 2024-03-25 00:00:00+00:00, run_after=2024-03-26 00:00:00+00:00
[2024-03-26T08:43:46.616+0000] {processor.py:183} INFO - Processing /home/airflow/.local/lib/python3.8/site-packages/airflow/example_dags/example_task_group.py took 0.075 seconds
[2024-03-26T08:44:17.629+0000] {processor.py:161} INFO - Started process (PID=108) to work on /home/airflow/.local/lib/python3.8/site-packages/airflow/example_dags/example_task_group.py
[2024-03-26T08:44:17.630+0000] {processor.py:830} INFO - Processing file /home/airflow/.local/lib/python3.8/site-packages/airflow/example_dags/example_task_group.py for tasks to queue
[2024-03-26T08:44:17.631+0000] {logging_mixin.py:188} INFO - [2024-03-26T08:44:17.631+0000] {dagbag.py:538} INFO - Filling up the DagBag from /home/airflow/.local/lib/python3.8/site-packages/airflow/example_dags/example_task_group.py
[2024-03-26T08:44:17.638+0000] {processor.py:840} INFO - DAG(s) 'example_task_group' retrieved from /home/airflow/.local/lib/python3.8/site-packages/airflow/example_dags/example_task_group.py
[2024-03-26T08:44:17.729+0000] {logging_mixin.py:188} INFO - [2024-03-26T08:44:17.729+0000] {dag.py:3036} INFO - Sync 1 DAGs
[2024-03-26T08:44:17.752+0000] {logging_mixin.py:188} INFO - [2024-03-26T08:44:17.752+0000] {dag.py:3823} INFO - Setting next_dagrun for example_task_group to 2024-03-25 00:00:00+00:00, run_after=2024-03-26 00:00:00+00:00
[2024-03-26T08:44:17.773+0000] {processor.py:183} INFO - Processing /home/airflow/.local/lib/python3.8/site-packages/airflow/example_dags/example_task_group.py took 0.147 seconds
[2024-03-26T08:44:48.578+0000] {processor.py:161} INFO - Started process (PID=164) to work on /home/airflow/.local/lib/python3.8/site-packages/airflow/example_dags/example_task_group.py
[2024-03-26T08:44:48.579+0000] {processor.py:830} INFO - Processing file /home/airflow/.local/lib/python3.8/site-packages/airflow/example_dags/example_task_group.py for tasks to queue
[2024-03-26T08:44:48.581+0000] {logging_mixin.py:188} INFO - [2024-03-26T08:44:48.580+0000] {dagbag.py:538} INFO - Filling up the DagBag from /home/airflow/.local/lib/python3.8/site-packages/airflow/example_dags/example_task_group.py
[2024-03-26T08:44:48.586+0000] {processor.py:840} INFO - DAG(s) 'example_task_group' retrieved from /home/airflow/.local/lib/python3.8/site-packages/airflow/example_dags/example_task_group.py
[2024-03-26T08:44:48.603+0000] {logging_mixin.py:188} INFO - [2024-03-26T08:44:48.603+0000] {dag.py:3036} INFO - Sync 1 DAGs
[2024-03-26T08:44:48.623+0000] {logging_mixin.py:188} INFO - [2024-03-26T08:44:48.623+0000] {dag.py:3823} INFO - Setting next_dagrun for example_task_group to 2024-03-25 00:00:00+00:00, run_after=2024-03-26 00:00:00+00:00
[2024-03-26T08:44:48.639+0000] {processor.py:183} INFO - Processing /home/airflow/.local/lib/python3.8/site-packages/airflow/example_dags/example_task_group.py took 0.064 seconds
[2024-03-26T08:45:18.909+0000] {processor.py:161} INFO - Started process (PID=220) to work on /home/airflow/.local/lib/python3.8/site-packages/airflow/example_dags/example_task_group.py
[2024-03-26T08:45:18.910+0000] {processor.py:830} INFO - Processing file /home/airflow/.local/lib/python3.8/site-packages/airflow/example_dags/example_task_group.py for tasks to queue
[2024-03-26T08:45:18.912+0000] {logging_mixin.py:188} INFO - [2024-03-26T08:45:18.911+0000] {dagbag.py:538} INFO - Filling up the DagBag from /home/airflow/.local/lib/python3.8/site-packages/airflow/example_dags/example_task_group.py
[2024-03-26T08:45:18.917+0000] {processor.py:840} INFO - DAG(s) 'example_task_group' retrieved from /home/airflow/.local/lib/python3.8/site-packages/airflow/example_dags/example_task_group.py
[2024-03-26T08:45:18.933+0000] {logging_mixin.py:188} INFO - [2024-03-26T08:45:18.933+0000] {dag.py:3036} INFO - Sync 1 DAGs
[2024-03-26T08:45:18.951+0000] {logging_mixin.py:188} INFO - [2024-03-26T08:45:18.951+0000] {dag.py:3823} INFO - Setting next_dagrun for example_task_group to 2024-03-25 00:00:00+00:00, run_after=2024-03-26 00:00:00+00:00
[2024-03-26T08:45:18.967+0000] {processor.py:183} INFO - Processing /home/airflow/.local/lib/python3.8/site-packages/airflow/example_dags/example_task_group.py took 0.060 seconds
[2024-03-26T08:45:49.175+0000] {processor.py:161} INFO - Started process (PID=276) to work on /home/airflow/.local/lib/python3.8/site-packages/airflow/example_dags/example_task_group.py
[2024-03-26T08:45:49.176+0000] {processor.py:830} INFO - Processing file /home/airflow/.local/lib/python3.8/site-packages/airflow/example_dags/example_task_group.py for tasks to queue
[2024-03-26T08:45:49.178+0000] {logging_mixin.py:188} INFO - [2024-03-26T08:45:49.177+0000] {dagbag.py:538} INFO - Filling up the DagBag from /home/airflow/.local/lib/python3.8/site-packages/airflow/example_dags/example_task_group.py
[2024-03-26T08:45:49.183+0000] {processor.py:840} INFO - DAG(s) 'example_task_group' retrieved from /home/airflow/.local/lib/python3.8/site-packages/airflow/example_dags/example_task_group.py
[2024-03-26T08:45:49.198+0000] {logging_mixin.py:188} INFO - [2024-03-26T08:45:49.198+0000] {dag.py:3036} INFO - Sync 1 DAGs
[2024-03-26T08:45:49.217+0000] {logging_mixin.py:188} INFO - [2024-03-26T08:45:49.217+0000] {dag.py:3823} INFO - Setting next_dagrun for example_task_group to 2024-03-25 00:00:00+00:00, run_after=2024-03-26 00:00:00+00:00
[2024-03-26T08:45:49.232+0000] {processor.py:183} INFO - Processing /home/airflow/.local/lib/python3.8/site-packages/airflow/example_dags/example_task_group.py took 0.059 seconds
[2024-03-26T08:46:19.352+0000] {processor.py:161} INFO - Started process (PID=332) to work on /home/airflow/.local/lib/python3.8/site-packages/airflow/example_dags/example_task_group.py
[2024-03-26T08:46:19.353+0000] {processor.py:830} INFO - Processing file /home/airflow/.local/lib/python3.8/site-packages/airflow/example_dags/example_task_group.py for tasks to queue
[2024-03-26T08:46:19.354+0000] {logging_mixin.py:188} INFO - [2024-03-26T08:46:19.354+0000] {dagbag.py:538} INFO - Filling up the DagBag from /home/airflow/.local/lib/python3.8/site-packages/airflow/example_dags/example_task_group.py
[2024-03-26T08:46:19.359+0000] {processor.py:840} INFO - DAG(s) 'example_task_group' retrieved from /home/airflow/.local/lib/python3.8/site-packages/airflow/example_dags/example_task_group.py
[2024-03-26T08:46:19.377+0000] {logging_mixin.py:188} INFO - [2024-03-26T08:46:19.377+0000] {dag.py:3036} INFO - Sync 1 DAGs
[2024-03-26T08:46:19.398+0000] {logging_mixin.py:188} INFO - [2024-03-26T08:46:19.398+0000] {dag.py:3823} INFO - Setting next_dagrun for example_task_group to 2024-03-25 00:00:00+00:00, run_after=2024-03-26 00:00:00+00:00
[2024-03-26T08:46:19.417+0000] {processor.py:183} INFO - Processing /home/airflow/.local/lib/python3.8/site-packages/airflow/example_dags/example_task_group.py took 0.067 seconds
[2024-03-26T08:46:49.478+0000] {processor.py:161} INFO - Started process (PID=388) to work on /home/airflow/.local/lib/python3.8/site-packages/airflow/example_dags/example_task_group.py
[2024-03-26T08:46:49.479+0000] {processor.py:830} INFO - Processing file /home/airflow/.local/lib/python3.8/site-packages/airflow/example_dags/example_task_group.py for tasks to queue
[2024-03-26T08:46:49.480+0000] {logging_mixin.py:188} INFO - [2024-03-26T08:46:49.480+0000] {dagbag.py:538} INFO - Filling up the DagBag from /home/airflow/.local/lib/python3.8/site-packages/airflow/example_dags/example_task_group.py
[2024-03-26T08:46:49.486+0000] {processor.py:840} INFO - DAG(s) 'example_task_group' retrieved from /home/airflow/.local/lib/python3.8/site-packages/airflow/example_dags/example_task_group.py
[2024-03-26T08:46:49.501+0000] {logging_mixin.py:188} INFO - [2024-03-26T08:46:49.501+0000] {dag.py:3036} INFO - Sync 1 DAGs
[2024-03-26T08:46:49.519+0000] {logging_mixin.py:188} INFO - [2024-03-26T08:46:49.519+0000] {dag.py:3823} INFO - Setting next_dagrun for example_task_group to 2024-03-25 00:00:00+00:00, run_after=2024-03-26 00:00:00+00:00
[2024-03-26T08:46:49.535+0000] {processor.py:183} INFO - Processing /home/airflow/.local/lib/python3.8/site-packages/airflow/example_dags/example_task_group.py took 0.059 seconds
[2024-03-26T08:47:19.823+0000] {processor.py:161} INFO - Started process (PID=444) to work on /home/airflow/.local/lib/python3.8/site-packages/airflow/example_dags/example_task_group.py
[2024-03-26T08:47:19.824+0000] {processor.py:830} INFO - Processing file /home/airflow/.local/lib/python3.8/site-packages/airflow/example_dags/example_task_group.py for tasks to queue
[2024-03-26T08:47:19.826+0000] {logging_mixin.py:188} INFO - [2024-03-26T08:47:19.825+0000] {dagbag.py:538} INFO - Filling up the DagBag from /home/airflow/.local/lib/python3.8/site-packages/airflow/example_dags/example_task_group.py
[2024-03-26T08:47:19.831+0000] {processor.py:840} INFO - DAG(s) 'example_task_group' retrieved from /home/airflow/.local/lib/python3.8/site-packages/airflow/example_dags/example_task_group.py
[2024-03-26T08:47:19.847+0000] {logging_mixin.py:188} INFO - [2024-03-26T08:47:19.846+0000] {dag.py:3036} INFO - Sync 1 DAGs
[2024-03-26T08:47:19.866+0000] {logging_mixin.py:188} INFO - [2024-03-26T08:47:19.866+0000] {dag.py:3823} INFO - Setting next_dagrun for example_task_group to 2024-03-25 00:00:00+00:00, run_after=2024-03-26 00:00:00+00:00
[2024-03-26T08:47:19.883+0000] {processor.py:183} INFO - Processing /home/airflow/.local/lib/python3.8/site-packages/airflow/example_dags/example_task_group.py took 0.062 seconds
[2024-03-26T08:47:50.033+0000] {processor.py:161} INFO - Started process (PID=500) to work on /home/airflow/.local/lib/python3.8/site-packages/airflow/example_dags/example_task_group.py
[2024-03-26T08:47:50.034+0000] {processor.py:830} INFO - Processing file /home/airflow/.local/lib/python3.8/site-packages/airflow/example_dags/example_task_group.py for tasks to queue
[2024-03-26T08:47:50.035+0000] {logging_mixin.py:188} INFO - [2024-03-26T08:47:50.035+0000] {dagbag.py:538} INFO - Filling up the DagBag from /home/airflow/.local/lib/python3.8/site-packages/airflow/example_dags/example_task_group.py
[2024-03-26T08:47:50.041+0000] {processor.py:840} INFO - DAG(s) 'example_task_group' retrieved from /home/airflow/.local/lib/python3.8/site-packages/airflow/example_dags/example_task_group.py
[2024-03-26T08:47:50.057+0000] {logging_mixin.py:188} INFO - [2024-03-26T08:47:50.057+0000] {dag.py:3036} INFO - Sync 1 DAGs
[2024-03-26T08:47:50.075+0000] {logging_mixin.py:188} INFO - [2024-03-26T08:47:50.075+0000] {dag.py:3823} INFO - Setting next_dagrun for example_task_group to 2024-03-25 00:00:00+00:00, run_after=2024-03-26 00:00:00+00:00
[2024-03-26T08:47:50.094+0000] {processor.py:183} INFO - Processing /home/airflow/.local/lib/python3.8/site-packages/airflow/example_dags/example_task_group.py took 0.064 seconds
[2024-03-26T08:48:20.267+0000] {processor.py:161} INFO - Started process (PID=556) to work on /home/airflow/.local/lib/python3.8/site-packages/airflow/example_dags/example_task_group.py
[2024-03-26T08:48:20.268+0000] {processor.py:830} INFO - Processing file /home/airflow/.local/lib/python3.8/site-packages/airflow/example_dags/example_task_group.py for tasks to queue
[2024-03-26T08:48:20.270+0000] {logging_mixin.py:188} INFO - [2024-03-26T08:48:20.269+0000] {dagbag.py:538} INFO - Filling up the DagBag from /home/airflow/.local/lib/python3.8/site-packages/airflow/example_dags/example_task_group.py
[2024-03-26T08:48:20.275+0000] {processor.py:840} INFO - DAG(s) 'example_task_group' retrieved from /home/airflow/.local/lib/python3.8/site-packages/airflow/example_dags/example_task_group.py
[2024-03-26T08:48:20.291+0000] {logging_mixin.py:188} INFO - [2024-03-26T08:48:20.291+0000] {dag.py:3036} INFO - Sync 1 DAGs
[2024-03-26T08:48:20.310+0000] {logging_mixin.py:188} INFO - [2024-03-26T08:48:20.310+0000] {dag.py:3823} INFO - Setting next_dagrun for example_task_group to 2024-03-25 00:00:00+00:00, run_after=2024-03-26 00:00:00+00:00
[2024-03-26T08:48:20.327+0000] {processor.py:183} INFO - Processing /home/airflow/.local/lib/python3.8/site-packages/airflow/example_dags/example_task_group.py took 0.062 seconds
[2024-03-26T08:48:50.796+0000] {processor.py:161} INFO - Started process (PID=612) to work on /home/airflow/.local/lib/python3.8/site-packages/airflow/example_dags/example_task_group.py
[2024-03-26T08:48:50.797+0000] {processor.py:830} INFO - Processing file /home/airflow/.local/lib/python3.8/site-packages/airflow/example_dags/example_task_group.py for tasks to queue
[2024-03-26T08:48:50.798+0000] {logging_mixin.py:188} INFO - [2024-03-26T08:48:50.798+0000] {dagbag.py:538} INFO - Filling up the DagBag from /home/airflow/.local/lib/python3.8/site-packages/airflow/example_dags/example_task_group.py
[2024-03-26T08:48:50.804+0000] {processor.py:840} INFO - DAG(s) 'example_task_group' retrieved from /home/airflow/.local/lib/python3.8/site-packages/airflow/example_dags/example_task_group.py
[2024-03-26T08:48:50.820+0000] {logging_mixin.py:188} INFO - [2024-03-26T08:48:50.820+0000] {dag.py:3036} INFO - Sync 1 DAGs
[2024-03-26T08:48:50.838+0000] {logging_mixin.py:188} INFO - [2024-03-26T08:48:50.838+0000] {dag.py:3823} INFO - Setting next_dagrun for example_task_group to 2024-03-25 00:00:00+00:00, run_after=2024-03-26 00:00:00+00:00
[2024-03-26T08:48:50.854+0000] {processor.py:183} INFO - Processing /home/airflow/.local/lib/python3.8/site-packages/airflow/example_dags/example_task_group.py took 0.060 seconds
[2024-03-26T08:49:21.134+0000] {processor.py:161} INFO - Started process (PID=668) to work on /home/airflow/.local/lib/python3.8/site-packages/airflow/example_dags/example_task_group.py
[2024-03-26T08:49:21.135+0000] {processor.py:830} INFO - Processing file /home/airflow/.local/lib/python3.8/site-packages/airflow/example_dags/example_task_group.py for tasks to queue
[2024-03-26T08:49:21.137+0000] {logging_mixin.py:188} INFO - [2024-03-26T08:49:21.136+0000] {dagbag.py:538} INFO - Filling up the DagBag from /home/airflow/.local/lib/python3.8/site-packages/airflow/example_dags/example_task_group.py
[2024-03-26T08:49:21.142+0000] {processor.py:840} INFO - DAG(s) 'example_task_group' retrieved from /home/airflow/.local/lib/python3.8/site-packages/airflow/example_dags/example_task_group.py
[2024-03-26T08:49:21.158+0000] {logging_mixin.py:188} INFO - [2024-03-26T08:49:21.158+0000] {dag.py:3036} INFO - Sync 1 DAGs
[2024-03-26T08:49:21.177+0000] {logging_mixin.py:188} INFO - [2024-03-26T08:49:21.176+0000] {dag.py:3823} INFO - Setting next_dagrun for example_task_group to 2024-03-25 00:00:00+00:00, run_after=2024-03-26 00:00:00+00:00
[2024-03-26T08:49:21.192+0000] {processor.py:183} INFO - Processing /home/airflow/.local/lib/python3.8/site-packages/airflow/example_dags/example_task_group.py took 0.060 seconds
[2024-03-26T08:49:51.534+0000] {processor.py:161} INFO - Started process (PID=724) to work on /home/airflow/.local/lib/python3.8/site-packages/airflow/example_dags/example_task_group.py
[2024-03-26T08:49:51.535+0000] {processor.py:830} INFO - Processing file /home/airflow/.local/lib/python3.8/site-packages/airflow/example_dags/example_task_group.py for tasks to queue
[2024-03-26T08:49:51.537+0000] {logging_mixin.py:188} INFO - [2024-03-26T08:49:51.537+0000] {dagbag.py:538} INFO - Filling up the DagBag from /home/airflow/.local/lib/python3.8/site-packages/airflow/example_dags/example_task_group.py
[2024-03-26T08:49:51.543+0000] {processor.py:840} INFO - DAG(s) 'example_task_group' retrieved from /home/airflow/.local/lib/python3.8/site-packages/airflow/example_dags/example_task_group.py
[2024-03-26T08:49:51.562+0000] {logging_mixin.py:188} INFO - [2024-03-26T08:49:51.562+0000] {dag.py:3036} INFO - Sync 1 DAGs
[2024-03-26T08:49:51.582+0000] {logging_mixin.py:188} INFO - [2024-03-26T08:49:51.581+0000] {dag.py:3823} INFO - Setting next_dagrun for example_task_group to 2024-03-25 00:00:00+00:00, run_after=2024-03-26 00:00:00+00:00
[2024-03-26T08:49:51.603+0000] {processor.py:183} INFO - Processing /home/airflow/.local/lib/python3.8/site-packages/airflow/example_dags/example_task_group.py took 0.071 seconds
[2024-03-26T08:50:22.044+0000] {processor.py:161} INFO - Started process (PID=780) to work on /home/airflow/.local/lib/python3.8/site-packages/airflow/example_dags/example_task_group.py
[2024-03-26T08:50:22.045+0000] {processor.py:830} INFO - Processing file /home/airflow/.local/lib/python3.8/site-packages/airflow/example_dags/example_task_group.py for tasks to queue
[2024-03-26T08:50:22.046+0000] {logging_mixin.py:188} INFO - [2024-03-26T08:50:22.046+0000] {dagbag.py:538} INFO - Filling up the DagBag from /home/airflow/.local/lib/python3.8/site-packages/airflow/example_dags/example_task_group.py
[2024-03-26T08:50:22.052+0000] {processor.py:840} INFO - DAG(s) 'example_task_group' retrieved from /home/airflow/.local/lib/python3.8/site-packages/airflow/example_dags/example_task_group.py
[2024-03-26T08:50:22.068+0000] {logging_mixin.py:188} INFO - [2024-03-26T08:50:22.068+0000] {dag.py:3036} INFO - Sync 1 DAGs
[2024-03-26T08:50:22.088+0000] {logging_mixin.py:188} INFO - [2024-03-26T08:50:22.087+0000] {dag.py:3823} INFO - Setting next_dagrun for example_task_group to 2024-03-25 00:00:00+00:00, run_after=2024-03-26 00:00:00+00:00
[2024-03-26T08:50:22.104+0000] {processor.py:183} INFO - Processing /home/airflow/.local/lib/python3.8/site-packages/airflow/example_dags/example_task_group.py took 0.063 seconds
[2024-03-26T08:53:12.292+0000] {processor.py:161} INFO - Started process (PID=52) to work on /home/airflow/.local/lib/python3.8/site-packages/airflow/example_dags/example_task_group.py
[2024-03-26T08:53:12.293+0000] {processor.py:830} INFO - Processing file /home/airflow/.local/lib/python3.8/site-packages/airflow/example_dags/example_task_group.py for tasks to queue
[2024-03-26T08:53:12.297+0000] {logging_mixin.py:188} INFO - [2024-03-26T08:53:12.297+0000] {dagbag.py:538} INFO - Filling up the DagBag from /home/airflow/.local/lib/python3.8/site-packages/airflow/example_dags/example_task_group.py
[2024-03-26T08:53:12.313+0000] {processor.py:840} INFO - DAG(s) 'example_task_group' retrieved from /home/airflow/.local/lib/python3.8/site-packages/airflow/example_dags/example_task_group.py
[2024-03-26T08:53:12.325+0000] {logging_mixin.py:188} INFO - [2024-03-26T08:53:12.325+0000] {dag.py:3036} INFO - Sync 1 DAGs
[2024-03-26T08:53:12.345+0000] {logging_mixin.py:188} INFO - [2024-03-26T08:53:12.345+0000] {dag.py:3823} INFO - Setting next_dagrun for example_task_group to 2024-03-25 00:00:00+00:00, run_after=2024-03-26 00:00:00+00:00
[2024-03-26T08:53:12.374+0000] {processor.py:183} INFO - Processing /home/airflow/.local/lib/python3.8/site-packages/airflow/example_dags/example_task_group.py took 0.084 seconds
[2024-03-26T08:53:43.471+0000] {processor.py:161} INFO - Started process (PID=108) to work on /home/airflow/.local/lib/python3.8/site-packages/airflow/example_dags/example_task_group.py
[2024-03-26T08:53:43.472+0000] {processor.py:830} INFO - Processing file /home/airflow/.local/lib/python3.8/site-packages/airflow/example_dags/example_task_group.py for tasks to queue
[2024-03-26T08:53:43.474+0000] {logging_mixin.py:188} INFO - [2024-03-26T08:53:43.473+0000] {dagbag.py:538} INFO - Filling up the DagBag from /home/airflow/.local/lib/python3.8/site-packages/airflow/example_dags/example_task_group.py
[2024-03-26T08:53:43.480+0000] {processor.py:840} INFO - DAG(s) 'example_task_group' retrieved from /home/airflow/.local/lib/python3.8/site-packages/airflow/example_dags/example_task_group.py
[2024-03-26T08:53:43.569+0000] {logging_mixin.py:188} INFO - [2024-03-26T08:53:43.569+0000] {dag.py:3036} INFO - Sync 1 DAGs
[2024-03-26T08:53:43.587+0000] {logging_mixin.py:188} INFO - [2024-03-26T08:53:43.587+0000] {dag.py:3823} INFO - Setting next_dagrun for example_task_group to 2024-03-25 00:00:00+00:00, run_after=2024-03-26 00:00:00+00:00
[2024-03-26T08:53:43.602+0000] {processor.py:183} INFO - Processing /home/airflow/.local/lib/python3.8/site-packages/airflow/example_dags/example_task_group.py took 0.133 seconds
[2024-03-26T08:54:14.250+0000] {processor.py:161} INFO - Started process (PID=164) to work on /home/airflow/.local/lib/python3.8/site-packages/airflow/example_dags/example_task_group.py
[2024-03-26T08:54:14.252+0000] {processor.py:830} INFO - Processing file /home/airflow/.local/lib/python3.8/site-packages/airflow/example_dags/example_task_group.py for tasks to queue
[2024-03-26T08:54:14.253+0000] {logging_mixin.py:188} INFO - [2024-03-26T08:54:14.253+0000] {dagbag.py:538} INFO - Filling up the DagBag from /home/airflow/.local/lib/python3.8/site-packages/airflow/example_dags/example_task_group.py
[2024-03-26T08:54:14.259+0000] {processor.py:840} INFO - DAG(s) 'example_task_group' retrieved from /home/airflow/.local/lib/python3.8/site-packages/airflow/example_dags/example_task_group.py
[2024-03-26T08:54:14.279+0000] {logging_mixin.py:188} INFO - [2024-03-26T08:54:14.279+0000] {dag.py:3036} INFO - Sync 1 DAGs
[2024-03-26T08:54:14.299+0000] {logging_mixin.py:188} INFO - [2024-03-26T08:54:14.299+0000] {dag.py:3823} INFO - Setting next_dagrun for example_task_group to 2024-03-25 00:00:00+00:00, run_after=2024-03-26 00:00:00+00:00
[2024-03-26T08:54:14.319+0000] {processor.py:183} INFO - Processing /home/airflow/.local/lib/python3.8/site-packages/airflow/example_dags/example_task_group.py took 0.070 seconds
[2024-03-26T08:54:45.059+0000] {processor.py:161} INFO - Started process (PID=220) to work on /home/airflow/.local/lib/python3.8/site-packages/airflow/example_dags/example_task_group.py
[2024-03-26T08:54:45.060+0000] {processor.py:830} INFO - Processing file /home/airflow/.local/lib/python3.8/site-packages/airflow/example_dags/example_task_group.py for tasks to queue
[2024-03-26T08:54:45.062+0000] {logging_mixin.py:188} INFO - [2024-03-26T08:54:45.062+0000] {dagbag.py:538} INFO - Filling up the DagBag from /home/airflow/.local/lib/python3.8/site-packages/airflow/example_dags/example_task_group.py
[2024-03-26T08:54:45.067+0000] {processor.py:840} INFO - DAG(s) 'example_task_group' retrieved from /home/airflow/.local/lib/python3.8/site-packages/airflow/example_dags/example_task_group.py
[2024-03-26T08:54:45.086+0000] {logging_mixin.py:188} INFO - [2024-03-26T08:54:45.085+0000] {dag.py:3036} INFO - Sync 1 DAGs
[2024-03-26T08:54:45.106+0000] {logging_mixin.py:188} INFO - [2024-03-26T08:54:45.106+0000] {dag.py:3823} INFO - Setting next_dagrun for example_task_group to 2024-03-25 00:00:00+00:00, run_after=2024-03-26 00:00:00+00:00
[2024-03-26T08:54:45.124+0000] {processor.py:183} INFO - Processing /home/airflow/.local/lib/python3.8/site-packages/airflow/example_dags/example_task_group.py took 0.067 seconds
[2024-03-26T08:55:15.591+0000] {processor.py:161} INFO - Started process (PID=276) to work on /home/airflow/.local/lib/python3.8/site-packages/airflow/example_dags/example_task_group.py
[2024-03-26T08:55:15.592+0000] {processor.py:830} INFO - Processing file /home/airflow/.local/lib/python3.8/site-packages/airflow/example_dags/example_task_group.py for tasks to queue
[2024-03-26T08:55:15.593+0000] {logging_mixin.py:188} INFO - [2024-03-26T08:55:15.593+0000] {dagbag.py:538} INFO - Filling up the DagBag from /home/airflow/.local/lib/python3.8/site-packages/airflow/example_dags/example_task_group.py
[2024-03-26T08:55:15.598+0000] {processor.py:840} INFO - DAG(s) 'example_task_group' retrieved from /home/airflow/.local/lib/python3.8/site-packages/airflow/example_dags/example_task_group.py
[2024-03-26T08:55:15.617+0000] {logging_mixin.py:188} INFO - [2024-03-26T08:55:15.617+0000] {dag.py:3036} INFO - Sync 1 DAGs
[2024-03-26T08:55:15.637+0000] {logging_mixin.py:188} INFO - [2024-03-26T08:55:15.637+0000] {dag.py:3823} INFO - Setting next_dagrun for example_task_group to 2024-03-25 00:00:00+00:00, run_after=2024-03-26 00:00:00+00:00
[2024-03-26T08:55:15.653+0000] {processor.py:183} INFO - Processing /home/airflow/.local/lib/python3.8/site-packages/airflow/example_dags/example_task_group.py took 0.064 seconds
[2024-03-26T08:55:46.100+0000] {processor.py:161} INFO - Started process (PID=332) to work on /home/airflow/.local/lib/python3.8/site-packages/airflow/example_dags/example_task_group.py
[2024-03-26T08:55:46.100+0000] {processor.py:830} INFO - Processing file /home/airflow/.local/lib/python3.8/site-packages/airflow/example_dags/example_task_group.py for tasks to queue
[2024-03-26T08:55:46.102+0000] {logging_mixin.py:188} INFO - [2024-03-26T08:55:46.102+0000] {dagbag.py:538} INFO - Filling up the DagBag from /home/airflow/.local/lib/python3.8/site-packages/airflow/example_dags/example_task_group.py
[2024-03-26T08:55:46.107+0000] {processor.py:840} INFO - DAG(s) 'example_task_group' retrieved from /home/airflow/.local/lib/python3.8/site-packages/airflow/example_dags/example_task_group.py
[2024-03-26T08:55:46.125+0000] {logging_mixin.py:188} INFO - [2024-03-26T08:55:46.124+0000] {dag.py:3036} INFO - Sync 1 DAGs
[2024-03-26T08:55:46.145+0000] {logging_mixin.py:188} INFO - [2024-03-26T08:55:46.144+0000] {dag.py:3823} INFO - Setting next_dagrun for example_task_group to 2024-03-25 00:00:00+00:00, run_after=2024-03-26 00:00:00+00:00
[2024-03-26T08:55:46.159+0000] {processor.py:183} INFO - Processing /home/airflow/.local/lib/python3.8/site-packages/airflow/example_dags/example_task_group.py took 0.062 seconds
[2024-03-26T08:56:16.340+0000] {processor.py:161} INFO - Started process (PID=388) to work on /home/airflow/.local/lib/python3.8/site-packages/airflow/example_dags/example_task_group.py
[2024-03-26T08:56:16.341+0000] {processor.py:830} INFO - Processing file /home/airflow/.local/lib/python3.8/site-packages/airflow/example_dags/example_task_group.py for tasks to queue
[2024-03-26T08:56:16.343+0000] {logging_mixin.py:188} INFO - [2024-03-26T08:56:16.342+0000] {dagbag.py:538} INFO - Filling up the DagBag from /home/airflow/.local/lib/python3.8/site-packages/airflow/example_dags/example_task_group.py
[2024-03-26T08:56:16.348+0000] {processor.py:840} INFO - DAG(s) 'example_task_group' retrieved from /home/airflow/.local/lib/python3.8/site-packages/airflow/example_dags/example_task_group.py
[2024-03-26T08:56:16.364+0000] {logging_mixin.py:188} INFO - [2024-03-26T08:56:16.363+0000] {dag.py:3036} INFO - Sync 1 DAGs
[2024-03-26T08:56:16.382+0000] {logging_mixin.py:188} INFO - [2024-03-26T08:56:16.382+0000] {dag.py:3823} INFO - Setting next_dagrun for example_task_group to 2024-03-25 00:00:00+00:00, run_after=2024-03-26 00:00:00+00:00
[2024-03-26T08:56:16.398+0000] {processor.py:183} INFO - Processing /home/airflow/.local/lib/python3.8/site-packages/airflow/example_dags/example_task_group.py took 0.060 seconds
[2024-03-26T08:56:46.701+0000] {processor.py:161} INFO - Started process (PID=444) to work on /home/airflow/.local/lib/python3.8/site-packages/airflow/example_dags/example_task_group.py
[2024-03-26T08:56:46.702+0000] {processor.py:830} INFO - Processing file /home/airflow/.local/lib/python3.8/site-packages/airflow/example_dags/example_task_group.py for tasks to queue
[2024-03-26T08:56:46.703+0000] {logging_mixin.py:188} INFO - [2024-03-26T08:56:46.703+0000] {dagbag.py:538} INFO - Filling up the DagBag from /home/airflow/.local/lib/python3.8/site-packages/airflow/example_dags/example_task_group.py
[2024-03-26T08:56:46.708+0000] {processor.py:840} INFO - DAG(s) 'example_task_group' retrieved from /home/airflow/.local/lib/python3.8/site-packages/airflow/example_dags/example_task_group.py
[2024-03-26T08:56:46.725+0000] {logging_mixin.py:188} INFO - [2024-03-26T08:56:46.724+0000] {dag.py:3036} INFO - Sync 1 DAGs
[2024-03-26T08:56:46.743+0000] {logging_mixin.py:188} INFO - [2024-03-26T08:56:46.743+0000] {dag.py:3823} INFO - Setting next_dagrun for example_task_group to 2024-03-25 00:00:00+00:00, run_after=2024-03-26 00:00:00+00:00
[2024-03-26T08:56:46.758+0000] {processor.py:183} INFO - Processing /home/airflow/.local/lib/python3.8/site-packages/airflow/example_dags/example_task_group.py took 0.060 seconds
[2024-03-26T08:57:17.044+0000] {processor.py:161} INFO - Started process (PID=500) to work on /home/airflow/.local/lib/python3.8/site-packages/airflow/example_dags/example_task_group.py
[2024-03-26T08:57:17.045+0000] {processor.py:830} INFO - Processing file /home/airflow/.local/lib/python3.8/site-packages/airflow/example_dags/example_task_group.py for tasks to queue
[2024-03-26T08:57:17.046+0000] {logging_mixin.py:188} INFO - [2024-03-26T08:57:17.046+0000] {dagbag.py:538} INFO - Filling up the DagBag from /home/airflow/.local/lib/python3.8/site-packages/airflow/example_dags/example_task_group.py
[2024-03-26T08:57:17.052+0000] {processor.py:840} INFO - DAG(s) 'example_task_group' retrieved from /home/airflow/.local/lib/python3.8/site-packages/airflow/example_dags/example_task_group.py
[2024-03-26T08:57:17.068+0000] {logging_mixin.py:188} INFO - [2024-03-26T08:57:17.068+0000] {dag.py:3036} INFO - Sync 1 DAGs
[2024-03-26T08:57:17.087+0000] {logging_mixin.py:188} INFO - [2024-03-26T08:57:17.087+0000] {dag.py:3823} INFO - Setting next_dagrun for example_task_group to 2024-03-25 00:00:00+00:00, run_after=2024-03-26 00:00:00+00:00
[2024-03-26T08:57:17.102+0000] {processor.py:183} INFO - Processing /home/airflow/.local/lib/python3.8/site-packages/airflow/example_dags/example_task_group.py took 0.061 seconds
[2024-03-26T08:57:47.548+0000] {processor.py:161} INFO - Started process (PID=556) to work on /home/airflow/.local/lib/python3.8/site-packages/airflow/example_dags/example_task_group.py
[2024-03-26T08:57:47.549+0000] {processor.py:830} INFO - Processing file /home/airflow/.local/lib/python3.8/site-packages/airflow/example_dags/example_task_group.py for tasks to queue
[2024-03-26T08:57:47.551+0000] {logging_mixin.py:188} INFO - [2024-03-26T08:57:47.551+0000] {dagbag.py:538} INFO - Filling up the DagBag from /home/airflow/.local/lib/python3.8/site-packages/airflow/example_dags/example_task_group.py
[2024-03-26T08:57:47.557+0000] {processor.py:840} INFO - DAG(s) 'example_task_group' retrieved from /home/airflow/.local/lib/python3.8/site-packages/airflow/example_dags/example_task_group.py
[2024-03-26T08:57:47.577+0000] {logging_mixin.py:188} INFO - [2024-03-26T08:57:47.577+0000] {dag.py:3036} INFO - Sync 1 DAGs
[2024-03-26T08:57:47.596+0000] {logging_mixin.py:188} INFO - [2024-03-26T08:57:47.596+0000] {dag.py:3823} INFO - Setting next_dagrun for example_task_group to 2024-03-25 00:00:00+00:00, run_after=2024-03-26 00:00:00+00:00
[2024-03-26T08:57:47.614+0000] {processor.py:183} INFO - Processing /home/airflow/.local/lib/python3.8/site-packages/airflow/example_dags/example_task_group.py took 0.069 seconds
[2024-03-26T08:58:18.019+0000] {processor.py:161} INFO - Started process (PID=612) to work on /home/airflow/.local/lib/python3.8/site-packages/airflow/example_dags/example_task_group.py
[2024-03-26T08:58:18.020+0000] {processor.py:830} INFO - Processing file /home/airflow/.local/lib/python3.8/site-packages/airflow/example_dags/example_task_group.py for tasks to queue
[2024-03-26T08:58:18.021+0000] {logging_mixin.py:188} INFO - [2024-03-26T08:58:18.021+0000] {dagbag.py:538} INFO - Filling up the DagBag from /home/airflow/.local/lib/python3.8/site-packages/airflow/example_dags/example_task_group.py
[2024-03-26T08:58:18.027+0000] {processor.py:840} INFO - DAG(s) 'example_task_group' retrieved from /home/airflow/.local/lib/python3.8/site-packages/airflow/example_dags/example_task_group.py
[2024-03-26T08:58:18.043+0000] {logging_mixin.py:188} INFO - [2024-03-26T08:58:18.043+0000] {dag.py:3036} INFO - Sync 1 DAGs
[2024-03-26T08:58:18.062+0000] {logging_mixin.py:188} INFO - [2024-03-26T08:58:18.061+0000] {dag.py:3823} INFO - Setting next_dagrun for example_task_group to 2024-03-25 00:00:00+00:00, run_after=2024-03-26 00:00:00+00:00
[2024-03-26T08:58:18.080+0000] {processor.py:183} INFO - Processing /home/airflow/.local/lib/python3.8/site-packages/airflow/example_dags/example_task_group.py took 0.064 seconds
[2024-03-26T08:58:48.498+0000] {processor.py:161} INFO - Started process (PID=668) to work on /home/airflow/.local/lib/python3.8/site-packages/airflow/example_dags/example_task_group.py
[2024-03-26T08:58:48.499+0000] {processor.py:830} INFO - Processing file /home/airflow/.local/lib/python3.8/site-packages/airflow/example_dags/example_task_group.py for tasks to queue
[2024-03-26T08:58:48.500+0000] {logging_mixin.py:188} INFO - [2024-03-26T08:58:48.500+0000] {dagbag.py:538} INFO - Filling up the DagBag from /home/airflow/.local/lib/python3.8/site-packages/airflow/example_dags/example_task_group.py
[2024-03-26T08:58:48.506+0000] {processor.py:840} INFO - DAG(s) 'example_task_group' retrieved from /home/airflow/.local/lib/python3.8/site-packages/airflow/example_dags/example_task_group.py
[2024-03-26T08:58:48.522+0000] {logging_mixin.py:188} INFO - [2024-03-26T08:58:48.522+0000] {dag.py:3036} INFO - Sync 1 DAGs
[2024-03-26T08:58:48.540+0000] {logging_mixin.py:188} INFO - [2024-03-26T08:58:48.539+0000] {dag.py:3823} INFO - Setting next_dagrun for example_task_group to 2024-03-25 00:00:00+00:00, run_after=2024-03-26 00:00:00+00:00
[2024-03-26T08:58:48.554+0000] {processor.py:183} INFO - Processing /home/airflow/.local/lib/python3.8/site-packages/airflow/example_dags/example_task_group.py took 0.058 seconds
[2024-03-26T09:07:40.871+0000] {processor.py:161} INFO - Started process (PID=53) to work on /home/airflow/.local/lib/python3.8/site-packages/airflow/example_dags/example_task_group.py
[2024-03-26T09:07:40.872+0000] {processor.py:830} INFO - Processing file /home/airflow/.local/lib/python3.8/site-packages/airflow/example_dags/example_task_group.py for tasks to queue
[2024-03-26T09:07:40.874+0000] {logging_mixin.py:188} INFO - [2024-03-26T09:07:40.874+0000] {dagbag.py:538} INFO - Filling up the DagBag from /home/airflow/.local/lib/python3.8/site-packages/airflow/example_dags/example_task_group.py
[2024-03-26T09:07:40.881+0000] {processor.py:840} INFO - DAG(s) 'example_task_group' retrieved from /home/airflow/.local/lib/python3.8/site-packages/airflow/example_dags/example_task_group.py
[2024-03-26T09:07:40.889+0000] {logging_mixin.py:188} INFO - [2024-03-26T09:07:40.889+0000] {dag.py:3036} INFO - Sync 1 DAGs
[2024-03-26T09:07:40.910+0000] {logging_mixin.py:188} INFO - [2024-03-26T09:07:40.910+0000] {dag.py:3823} INFO - Setting next_dagrun for example_task_group to 2024-03-25 00:00:00+00:00, run_after=2024-03-26 00:00:00+00:00
[2024-03-26T09:07:40.930+0000] {processor.py:183} INFO - Processing /home/airflow/.local/lib/python3.8/site-packages/airflow/example_dags/example_task_group.py took 0.061 seconds
[2024-03-26T09:08:11.329+0000] {processor.py:161} INFO - Started process (PID=111) to work on /home/airflow/.local/lib/python3.8/site-packages/airflow/example_dags/example_task_group.py
[2024-03-26T09:08:11.330+0000] {processor.py:830} INFO - Processing file /home/airflow/.local/lib/python3.8/site-packages/airflow/example_dags/example_task_group.py for tasks to queue
[2024-03-26T09:08:11.331+0000] {logging_mixin.py:188} INFO - [2024-03-26T09:08:11.331+0000] {dagbag.py:538} INFO - Filling up the DagBag from /home/airflow/.local/lib/python3.8/site-packages/airflow/example_dags/example_task_group.py
[2024-03-26T09:08:11.337+0000] {processor.py:840} INFO - DAG(s) 'example_task_group' retrieved from /home/airflow/.local/lib/python3.8/site-packages/airflow/example_dags/example_task_group.py
[2024-03-26T09:08:11.433+0000] {logging_mixin.py:188} INFO - [2024-03-26T09:08:11.433+0000] {dag.py:3036} INFO - Sync 1 DAGs
[2024-03-26T09:08:11.451+0000] {logging_mixin.py:188} INFO - [2024-03-26T09:08:11.451+0000] {dag.py:3823} INFO - Setting next_dagrun for example_task_group to 2024-03-25 00:00:00+00:00, run_after=2024-03-26 00:00:00+00:00
[2024-03-26T09:08:11.468+0000] {processor.py:183} INFO - Processing /home/airflow/.local/lib/python3.8/site-packages/airflow/example_dags/example_task_group.py took 0.142 seconds
[2024-03-26T09:08:42.287+0000] {processor.py:161} INFO - Started process (PID=168) to work on /home/airflow/.local/lib/python3.8/site-packages/airflow/example_dags/example_task_group.py
[2024-03-26T09:08:42.288+0000] {processor.py:830} INFO - Processing file /home/airflow/.local/lib/python3.8/site-packages/airflow/example_dags/example_task_group.py for tasks to queue
[2024-03-26T09:08:42.290+0000] {logging_mixin.py:188} INFO - [2024-03-26T09:08:42.290+0000] {dagbag.py:538} INFO - Filling up the DagBag from /home/airflow/.local/lib/python3.8/site-packages/airflow/example_dags/example_task_group.py
[2024-03-26T09:08:42.295+0000] {processor.py:840} INFO - DAG(s) 'example_task_group' retrieved from /home/airflow/.local/lib/python3.8/site-packages/airflow/example_dags/example_task_group.py
[2024-03-26T09:08:42.313+0000] {logging_mixin.py:188} INFO - [2024-03-26T09:08:42.313+0000] {dag.py:3036} INFO - Sync 1 DAGs
[2024-03-26T09:08:42.334+0000] {logging_mixin.py:188} INFO - [2024-03-26T09:08:42.333+0000] {dag.py:3823} INFO - Setting next_dagrun for example_task_group to 2024-03-25 00:00:00+00:00, run_after=2024-03-26 00:00:00+00:00
[2024-03-26T09:08:42.350+0000] {processor.py:183} INFO - Processing /home/airflow/.local/lib/python3.8/site-packages/airflow/example_dags/example_task_group.py took 0.066 seconds
[2024-03-26T09:09:12.496+0000] {processor.py:161} INFO - Started process (PID=223) to work on /home/airflow/.local/lib/python3.8/site-packages/airflow/example_dags/example_task_group.py
[2024-03-26T09:09:12.497+0000] {processor.py:830} INFO - Processing file /home/airflow/.local/lib/python3.8/site-packages/airflow/example_dags/example_task_group.py for tasks to queue
[2024-03-26T09:09:12.499+0000] {logging_mixin.py:188} INFO - [2024-03-26T09:09:12.498+0000] {dagbag.py:538} INFO - Filling up the DagBag from /home/airflow/.local/lib/python3.8/site-packages/airflow/example_dags/example_task_group.py
[2024-03-26T09:09:12.505+0000] {processor.py:840} INFO - DAG(s) 'example_task_group' retrieved from /home/airflow/.local/lib/python3.8/site-packages/airflow/example_dags/example_task_group.py
[2024-03-26T09:09:12.522+0000] {logging_mixin.py:188} INFO - [2024-03-26T09:09:12.522+0000] {dag.py:3036} INFO - Sync 1 DAGs
[2024-03-26T09:09:12.543+0000] {logging_mixin.py:188} INFO - [2024-03-26T09:09:12.543+0000] {dag.py:3823} INFO - Setting next_dagrun for example_task_group to 2024-03-25 00:00:00+00:00, run_after=2024-03-26 00:00:00+00:00
[2024-03-26T09:09:12.560+0000] {processor.py:183} INFO - Processing /home/airflow/.local/lib/python3.8/site-packages/airflow/example_dags/example_task_group.py took 0.066 seconds
[2024-03-26T09:09:42.759+0000] {processor.py:161} INFO - Started process (PID=280) to work on /home/airflow/.local/lib/python3.8/site-packages/airflow/example_dags/example_task_group.py
[2024-03-26T09:09:42.760+0000] {processor.py:830} INFO - Processing file /home/airflow/.local/lib/python3.8/site-packages/airflow/example_dags/example_task_group.py for tasks to queue
[2024-03-26T09:09:42.761+0000] {logging_mixin.py:188} INFO - [2024-03-26T09:09:42.761+0000] {dagbag.py:538} INFO - Filling up the DagBag from /home/airflow/.local/lib/python3.8/site-packages/airflow/example_dags/example_task_group.py
[2024-03-26T09:09:42.767+0000] {processor.py:840} INFO - DAG(s) 'example_task_group' retrieved from /home/airflow/.local/lib/python3.8/site-packages/airflow/example_dags/example_task_group.py
[2024-03-26T09:09:42.783+0000] {logging_mixin.py:188} INFO - [2024-03-26T09:09:42.783+0000] {dag.py:3036} INFO - Sync 1 DAGs
[2024-03-26T09:09:42.803+0000] {logging_mixin.py:188} INFO - [2024-03-26T09:09:42.802+0000] {dag.py:3823} INFO - Setting next_dagrun for example_task_group to 2024-03-25 00:00:00+00:00, run_after=2024-03-26 00:00:00+00:00
[2024-03-26T09:09:42.819+0000] {processor.py:183} INFO - Processing /home/airflow/.local/lib/python3.8/site-packages/airflow/example_dags/example_task_group.py took 0.063 seconds
[2024-03-26T09:10:13.333+0000] {processor.py:161} INFO - Started process (PID=337) to work on /home/airflow/.local/lib/python3.8/site-packages/airflow/example_dags/example_task_group.py
[2024-03-26T09:10:13.334+0000] {processor.py:830} INFO - Processing file /home/airflow/.local/lib/python3.8/site-packages/airflow/example_dags/example_task_group.py for tasks to queue
[2024-03-26T09:10:13.335+0000] {logging_mixin.py:188} INFO - [2024-03-26T09:10:13.335+0000] {dagbag.py:538} INFO - Filling up the DagBag from /home/airflow/.local/lib/python3.8/site-packages/airflow/example_dags/example_task_group.py
[2024-03-26T09:10:13.340+0000] {processor.py:840} INFO - DAG(s) 'example_task_group' retrieved from /home/airflow/.local/lib/python3.8/site-packages/airflow/example_dags/example_task_group.py
[2024-03-26T09:10:13.358+0000] {logging_mixin.py:188} INFO - [2024-03-26T09:10:13.357+0000] {dag.py:3036} INFO - Sync 1 DAGs
[2024-03-26T09:10:13.381+0000] {logging_mixin.py:188} INFO - [2024-03-26T09:10:13.380+0000] {dag.py:3823} INFO - Setting next_dagrun for example_task_group to 2024-03-25 00:00:00+00:00, run_after=2024-03-26 00:00:00+00:00
[2024-03-26T09:10:13.405+0000] {processor.py:183} INFO - Processing /home/airflow/.local/lib/python3.8/site-packages/airflow/example_dags/example_task_group.py took 0.078 seconds
[2024-03-26T09:50:56.716+0000] {processor.py:161} INFO - Started process (PID=53) to work on /home/airflow/.local/lib/python3.8/site-packages/airflow/example_dags/example_task_group.py
[2024-03-26T09:50:56.717+0000] {processor.py:830} INFO - Processing file /home/airflow/.local/lib/python3.8/site-packages/airflow/example_dags/example_task_group.py for tasks to queue
[2024-03-26T09:50:56.719+0000] {logging_mixin.py:188} INFO - [2024-03-26T09:50:56.719+0000] {dagbag.py:538} INFO - Filling up the DagBag from /home/airflow/.local/lib/python3.8/site-packages/airflow/example_dags/example_task_group.py
[2024-03-26T09:50:56.728+0000] {processor.py:840} INFO - DAG(s) 'example_task_group' retrieved from /home/airflow/.local/lib/python3.8/site-packages/airflow/example_dags/example_task_group.py
[2024-03-26T09:50:56.739+0000] {logging_mixin.py:188} INFO - [2024-03-26T09:50:56.738+0000] {dag.py:3036} INFO - Sync 1 DAGs
[2024-03-26T09:50:56.761+0000] {logging_mixin.py:188} INFO - [2024-03-26T09:50:56.761+0000] {dag.py:3823} INFO - Setting next_dagrun for example_task_group to 2024-03-25 00:00:00+00:00, run_after=2024-03-26 00:00:00+00:00
[2024-03-26T09:50:56.779+0000] {processor.py:183} INFO - Processing /home/airflow/.local/lib/python3.8/site-packages/airflow/example_dags/example_task_group.py took 0.065 seconds
[2024-03-26T09:51:27.067+0000] {processor.py:161} INFO - Started process (PID=108) to work on /home/airflow/.local/lib/python3.8/site-packages/airflow/example_dags/example_task_group.py
[2024-03-26T09:51:27.068+0000] {processor.py:830} INFO - Processing file /home/airflow/.local/lib/python3.8/site-packages/airflow/example_dags/example_task_group.py for tasks to queue
[2024-03-26T09:51:27.070+0000] {logging_mixin.py:188} INFO - [2024-03-26T09:51:27.070+0000] {dagbag.py:538} INFO - Filling up the DagBag from /home/airflow/.local/lib/python3.8/site-packages/airflow/example_dags/example_task_group.py
[2024-03-26T09:51:27.076+0000] {processor.py:840} INFO - DAG(s) 'example_task_group' retrieved from /home/airflow/.local/lib/python3.8/site-packages/airflow/example_dags/example_task_group.py
[2024-03-26T09:51:27.160+0000] {logging_mixin.py:188} INFO - [2024-03-26T09:51:27.159+0000] {dag.py:3036} INFO - Sync 1 DAGs
[2024-03-26T09:51:27.176+0000] {logging_mixin.py:188} INFO - [2024-03-26T09:51:27.176+0000] {dag.py:3823} INFO - Setting next_dagrun for example_task_group to 2024-03-25 00:00:00+00:00, run_after=2024-03-26 00:00:00+00:00
[2024-03-26T09:51:27.193+0000] {processor.py:183} INFO - Processing /home/airflow/.local/lib/python3.8/site-packages/airflow/example_dags/example_task_group.py took 0.128 seconds
[2024-03-26T09:51:58.015+0000] {processor.py:161} INFO - Started process (PID=165) to work on /home/airflow/.local/lib/python3.8/site-packages/airflow/example_dags/example_task_group.py
[2024-03-26T09:51:58.016+0000] {processor.py:830} INFO - Processing file /home/airflow/.local/lib/python3.8/site-packages/airflow/example_dags/example_task_group.py for tasks to queue
[2024-03-26T09:51:58.017+0000] {logging_mixin.py:188} INFO - [2024-03-26T09:51:58.017+0000] {dagbag.py:538} INFO - Filling up the DagBag from /home/airflow/.local/lib/python3.8/site-packages/airflow/example_dags/example_task_group.py
[2024-03-26T09:51:58.022+0000] {processor.py:840} INFO - DAG(s) 'example_task_group' retrieved from /home/airflow/.local/lib/python3.8/site-packages/airflow/example_dags/example_task_group.py
[2024-03-26T09:51:58.038+0000] {logging_mixin.py:188} INFO - [2024-03-26T09:51:58.038+0000] {dag.py:3036} INFO - Sync 1 DAGs
[2024-03-26T09:51:58.056+0000] {logging_mixin.py:188} INFO - [2024-03-26T09:51:58.056+0000] {dag.py:3823} INFO - Setting next_dagrun for example_task_group to 2024-03-25 00:00:00+00:00, run_after=2024-03-26 00:00:00+00:00
[2024-03-26T09:51:58.071+0000] {processor.py:183} INFO - Processing /home/airflow/.local/lib/python3.8/site-packages/airflow/example_dags/example_task_group.py took 0.058 seconds
[2024-03-26T09:52:28.787+0000] {processor.py:161} INFO - Started process (PID=222) to work on /home/airflow/.local/lib/python3.8/site-packages/airflow/example_dags/example_task_group.py
[2024-03-26T09:52:28.788+0000] {processor.py:830} INFO - Processing file /home/airflow/.local/lib/python3.8/site-packages/airflow/example_dags/example_task_group.py for tasks to queue
[2024-03-26T09:52:28.789+0000] {logging_mixin.py:188} INFO - [2024-03-26T09:52:28.789+0000] {dagbag.py:538} INFO - Filling up the DagBag from /home/airflow/.local/lib/python3.8/site-packages/airflow/example_dags/example_task_group.py
[2024-03-26T09:52:28.798+0000] {processor.py:840} INFO - DAG(s) 'example_task_group' retrieved from /home/airflow/.local/lib/python3.8/site-packages/airflow/example_dags/example_task_group.py
[2024-03-26T09:52:28.813+0000] {logging_mixin.py:188} INFO - [2024-03-26T09:52:28.813+0000] {dag.py:3036} INFO - Sync 1 DAGs
[2024-03-26T09:52:28.830+0000] {logging_mixin.py:188} INFO - [2024-03-26T09:52:28.830+0000] {dag.py:3823} INFO - Setting next_dagrun for example_task_group to 2024-03-25 00:00:00+00:00, run_after=2024-03-26 00:00:00+00:00
[2024-03-26T09:52:28.845+0000] {processor.py:183} INFO - Processing /home/airflow/.local/lib/python3.8/site-packages/airflow/example_dags/example_task_group.py took 0.061 seconds
[2024-03-26T09:52:59.835+0000] {processor.py:161} INFO - Started process (PID=280) to work on /home/airflow/.local/lib/python3.8/site-packages/airflow/example_dags/example_task_group.py
[2024-03-26T09:52:59.835+0000] {processor.py:830} INFO - Processing file /home/airflow/.local/lib/python3.8/site-packages/airflow/example_dags/example_task_group.py for tasks to queue
[2024-03-26T09:52:59.837+0000] {logging_mixin.py:188} INFO - [2024-03-26T09:52:59.837+0000] {dagbag.py:538} INFO - Filling up the DagBag from /home/airflow/.local/lib/python3.8/site-packages/airflow/example_dags/example_task_group.py
[2024-03-26T09:52:59.842+0000] {processor.py:840} INFO - DAG(s) 'example_task_group' retrieved from /home/airflow/.local/lib/python3.8/site-packages/airflow/example_dags/example_task_group.py
[2024-03-26T09:52:59.859+0000] {logging_mixin.py:188} INFO - [2024-03-26T09:52:59.859+0000] {dag.py:3036} INFO - Sync 1 DAGs
[2024-03-26T09:52:59.877+0000] {logging_mixin.py:188} INFO - [2024-03-26T09:52:59.877+0000] {dag.py:3823} INFO - Setting next_dagrun for example_task_group to 2024-03-25 00:00:00+00:00, run_after=2024-03-26 00:00:00+00:00
[2024-03-26T09:52:59.894+0000] {processor.py:183} INFO - Processing /home/airflow/.local/lib/python3.8/site-packages/airflow/example_dags/example_task_group.py took 0.062 seconds
[2024-03-26T09:53:30.097+0000] {processor.py:161} INFO - Started process (PID=336) to work on /home/airflow/.local/lib/python3.8/site-packages/airflow/example_dags/example_task_group.py
[2024-03-26T09:53:30.098+0000] {processor.py:830} INFO - Processing file /home/airflow/.local/lib/python3.8/site-packages/airflow/example_dags/example_task_group.py for tasks to queue
[2024-03-26T09:53:30.099+0000] {logging_mixin.py:188} INFO - [2024-03-26T09:53:30.099+0000] {dagbag.py:538} INFO - Filling up the DagBag from /home/airflow/.local/lib/python3.8/site-packages/airflow/example_dags/example_task_group.py
[2024-03-26T09:53:30.105+0000] {processor.py:840} INFO - DAG(s) 'example_task_group' retrieved from /home/airflow/.local/lib/python3.8/site-packages/airflow/example_dags/example_task_group.py
[2024-03-26T09:53:30.120+0000] {logging_mixin.py:188} INFO - [2024-03-26T09:53:30.120+0000] {dag.py:3036} INFO - Sync 1 DAGs
[2024-03-26T09:53:30.138+0000] {logging_mixin.py:188} INFO - [2024-03-26T09:53:30.137+0000] {dag.py:3823} INFO - Setting next_dagrun for example_task_group to 2024-03-25 00:00:00+00:00, run_after=2024-03-26 00:00:00+00:00
[2024-03-26T09:53:30.152+0000] {processor.py:183} INFO - Processing /home/airflow/.local/lib/python3.8/site-packages/airflow/example_dags/example_task_group.py took 0.058 seconds
[2024-03-26T09:54:00.224+0000] {processor.py:161} INFO - Started process (PID=393) to work on /home/airflow/.local/lib/python3.8/site-packages/airflow/example_dags/example_task_group.py
[2024-03-26T09:54:00.225+0000] {processor.py:830} INFO - Processing file /home/airflow/.local/lib/python3.8/site-packages/airflow/example_dags/example_task_group.py for tasks to queue
[2024-03-26T09:54:00.227+0000] {logging_mixin.py:188} INFO - [2024-03-26T09:54:00.226+0000] {dagbag.py:538} INFO - Filling up the DagBag from /home/airflow/.local/lib/python3.8/site-packages/airflow/example_dags/example_task_group.py
[2024-03-26T09:54:00.232+0000] {processor.py:840} INFO - DAG(s) 'example_task_group' retrieved from /home/airflow/.local/lib/python3.8/site-packages/airflow/example_dags/example_task_group.py
[2024-03-26T09:54:00.248+0000] {logging_mixin.py:188} INFO - [2024-03-26T09:54:00.248+0000] {dag.py:3036} INFO - Sync 1 DAGs
[2024-03-26T09:54:00.266+0000] {logging_mixin.py:188} INFO - [2024-03-26T09:54:00.265+0000] {dag.py:3823} INFO - Setting next_dagrun for example_task_group to 2024-03-25 00:00:00+00:00, run_after=2024-03-26 00:00:00+00:00
[2024-03-26T09:54:00.281+0000] {processor.py:183} INFO - Processing /home/airflow/.local/lib/python3.8/site-packages/airflow/example_dags/example_task_group.py took 0.059 seconds
[2024-03-26T09:54:30.798+0000] {processor.py:161} INFO - Started process (PID=450) to work on /home/airflow/.local/lib/python3.8/site-packages/airflow/example_dags/example_task_group.py
[2024-03-26T09:54:30.799+0000] {processor.py:830} INFO - Processing file /home/airflow/.local/lib/python3.8/site-packages/airflow/example_dags/example_task_group.py for tasks to queue
[2024-03-26T09:54:30.801+0000] {logging_mixin.py:188} INFO - [2024-03-26T09:54:30.800+0000] {dagbag.py:538} INFO - Filling up the DagBag from /home/airflow/.local/lib/python3.8/site-packages/airflow/example_dags/example_task_group.py
[2024-03-26T09:54:30.807+0000] {processor.py:840} INFO - DAG(s) 'example_task_group' retrieved from /home/airflow/.local/lib/python3.8/site-packages/airflow/example_dags/example_task_group.py
[2024-03-26T09:54:30.825+0000] {logging_mixin.py:188} INFO - [2024-03-26T09:54:30.825+0000] {dag.py:3036} INFO - Sync 1 DAGs
[2024-03-26T09:54:30.843+0000] {logging_mixin.py:188} INFO - [2024-03-26T09:54:30.843+0000] {dag.py:3823} INFO - Setting next_dagrun for example_task_group to 2024-03-25 00:00:00+00:00, run_after=2024-03-26 00:00:00+00:00
[2024-03-26T09:54:30.858+0000] {processor.py:183} INFO - Processing /home/airflow/.local/lib/python3.8/site-packages/airflow/example_dags/example_task_group.py took 0.063 seconds
[2024-03-26T09:55:01.347+0000] {processor.py:161} INFO - Started process (PID=507) to work on /home/airflow/.local/lib/python3.8/site-packages/airflow/example_dags/example_task_group.py
[2024-03-26T09:55:01.349+0000] {processor.py:830} INFO - Processing file /home/airflow/.local/lib/python3.8/site-packages/airflow/example_dags/example_task_group.py for tasks to queue
[2024-03-26T09:55:01.350+0000] {logging_mixin.py:188} INFO - [2024-03-26T09:55:01.350+0000] {dagbag.py:538} INFO - Filling up the DagBag from /home/airflow/.local/lib/python3.8/site-packages/airflow/example_dags/example_task_group.py
[2024-03-26T09:55:01.356+0000] {processor.py:840} INFO - DAG(s) 'example_task_group' retrieved from /home/airflow/.local/lib/python3.8/site-packages/airflow/example_dags/example_task_group.py
[2024-03-26T09:55:01.373+0000] {logging_mixin.py:188} INFO - [2024-03-26T09:55:01.372+0000] {dag.py:3036} INFO - Sync 1 DAGs
[2024-03-26T09:55:01.390+0000] {logging_mixin.py:188} INFO - [2024-03-26T09:55:01.390+0000] {dag.py:3823} INFO - Setting next_dagrun for example_task_group to 2024-03-25 00:00:00+00:00, run_after=2024-03-26 00:00:00+00:00
[2024-03-26T09:55:01.405+0000] {processor.py:183} INFO - Processing /home/airflow/.local/lib/python3.8/site-packages/airflow/example_dags/example_task_group.py took 0.059 seconds
[2024-03-26T09:55:31.937+0000] {processor.py:161} INFO - Started process (PID=564) to work on /home/airflow/.local/lib/python3.8/site-packages/airflow/example_dags/example_task_group.py
[2024-03-26T09:55:31.938+0000] {processor.py:830} INFO - Processing file /home/airflow/.local/lib/python3.8/site-packages/airflow/example_dags/example_task_group.py for tasks to queue
[2024-03-26T09:55:31.939+0000] {logging_mixin.py:188} INFO - [2024-03-26T09:55:31.939+0000] {dagbag.py:538} INFO - Filling up the DagBag from /home/airflow/.local/lib/python3.8/site-packages/airflow/example_dags/example_task_group.py
[2024-03-26T09:55:31.945+0000] {processor.py:840} INFO - DAG(s) 'example_task_group' retrieved from /home/airflow/.local/lib/python3.8/site-packages/airflow/example_dags/example_task_group.py
[2024-03-26T09:55:31.962+0000] {logging_mixin.py:188} INFO - [2024-03-26T09:55:31.962+0000] {dag.py:3036} INFO - Sync 1 DAGs
[2024-03-26T09:55:31.980+0000] {logging_mixin.py:188} INFO - [2024-03-26T09:55:31.980+0000] {dag.py:3823} INFO - Setting next_dagrun for example_task_group to 2024-03-25 00:00:00+00:00, run_after=2024-03-26 00:00:00+00:00
[2024-03-26T09:55:31.995+0000] {processor.py:183} INFO - Processing /home/airflow/.local/lib/python3.8/site-packages/airflow/example_dags/example_task_group.py took 0.060 seconds
[2024-03-26T09:56:02.540+0000] {processor.py:161} INFO - Started process (PID=621) to work on /home/airflow/.local/lib/python3.8/site-packages/airflow/example_dags/example_task_group.py
[2024-03-26T09:56:02.541+0000] {processor.py:830} INFO - Processing file /home/airflow/.local/lib/python3.8/site-packages/airflow/example_dags/example_task_group.py for tasks to queue
[2024-03-26T09:56:02.542+0000] {logging_mixin.py:188} INFO - [2024-03-26T09:56:02.542+0000] {dagbag.py:538} INFO - Filling up the DagBag from /home/airflow/.local/lib/python3.8/site-packages/airflow/example_dags/example_task_group.py
[2024-03-26T09:56:02.548+0000] {processor.py:840} INFO - DAG(s) 'example_task_group' retrieved from /home/airflow/.local/lib/python3.8/site-packages/airflow/example_dags/example_task_group.py
[2024-03-26T09:56:02.564+0000] {logging_mixin.py:188} INFO - [2024-03-26T09:56:02.564+0000] {dag.py:3036} INFO - Sync 1 DAGs
[2024-03-26T09:56:02.581+0000] {logging_mixin.py:188} INFO - [2024-03-26T09:56:02.581+0000] {dag.py:3823} INFO - Setting next_dagrun for example_task_group to 2024-03-25 00:00:00+00:00, run_after=2024-03-26 00:00:00+00:00
[2024-03-26T09:56:02.597+0000] {processor.py:183} INFO - Processing /home/airflow/.local/lib/python3.8/site-packages/airflow/example_dags/example_task_group.py took 0.058 seconds
[2024-03-26T09:57:46.446+0000] {processor.py:161} INFO - Started process (PID=53) to work on /home/airflow/.local/lib/python3.8/site-packages/airflow/example_dags/example_task_group.py
[2024-03-26T09:57:46.447+0000] {processor.py:830} INFO - Processing file /home/airflow/.local/lib/python3.8/site-packages/airflow/example_dags/example_task_group.py for tasks to queue
[2024-03-26T09:57:46.449+0000] {logging_mixin.py:188} INFO - [2024-03-26T09:57:46.448+0000] {dagbag.py:538} INFO - Filling up the DagBag from /home/airflow/.local/lib/python3.8/site-packages/airflow/example_dags/example_task_group.py
[2024-03-26T09:57:46.457+0000] {processor.py:840} INFO - DAG(s) 'example_task_group' retrieved from /home/airflow/.local/lib/python3.8/site-packages/airflow/example_dags/example_task_group.py
[2024-03-26T09:57:46.467+0000] {logging_mixin.py:188} INFO - [2024-03-26T09:57:46.466+0000] {dag.py:3036} INFO - Sync 1 DAGs
[2024-03-26T09:57:46.488+0000] {logging_mixin.py:188} INFO - [2024-03-26T09:57:46.487+0000] {dag.py:3823} INFO - Setting next_dagrun for example_task_group to 2024-03-25 00:00:00+00:00, run_after=2024-03-26 00:00:00+00:00
[2024-03-26T09:57:46.505+0000] {processor.py:183} INFO - Processing /home/airflow/.local/lib/python3.8/site-packages/airflow/example_dags/example_task_group.py took 0.062 seconds
[2024-03-26T09:58:16.747+0000] {processor.py:161} INFO - Started process (PID=108) to work on /home/airflow/.local/lib/python3.8/site-packages/airflow/example_dags/example_task_group.py
[2024-03-26T09:58:16.749+0000] {processor.py:830} INFO - Processing file /home/airflow/.local/lib/python3.8/site-packages/airflow/example_dags/example_task_group.py for tasks to queue
[2024-03-26T09:58:16.750+0000] {logging_mixin.py:188} INFO - [2024-03-26T09:58:16.750+0000] {dagbag.py:538} INFO - Filling up the DagBag from /home/airflow/.local/lib/python3.8/site-packages/airflow/example_dags/example_task_group.py
[2024-03-26T09:58:16.757+0000] {processor.py:840} INFO - DAG(s) 'example_task_group' retrieved from /home/airflow/.local/lib/python3.8/site-packages/airflow/example_dags/example_task_group.py
[2024-03-26T09:58:16.868+0000] {logging_mixin.py:188} INFO - [2024-03-26T09:58:16.867+0000] {dag.py:3036} INFO - Sync 1 DAGs
[2024-03-26T09:58:16.894+0000] {logging_mixin.py:188} INFO - [2024-03-26T09:58:16.894+0000] {dag.py:3823} INFO - Setting next_dagrun for example_task_group to 2024-03-25 00:00:00+00:00, run_after=2024-03-26 00:00:00+00:00
[2024-03-26T09:58:16.927+0000] {processor.py:183} INFO - Processing /home/airflow/.local/lib/python3.8/site-packages/airflow/example_dags/example_task_group.py took 0.182 seconds
[2024-03-26T09:58:47.977+0000] {processor.py:161} INFO - Started process (PID=166) to work on /home/airflow/.local/lib/python3.8/site-packages/airflow/example_dags/example_task_group.py
[2024-03-26T09:58:47.979+0000] {processor.py:830} INFO - Processing file /home/airflow/.local/lib/python3.8/site-packages/airflow/example_dags/example_task_group.py for tasks to queue
[2024-03-26T09:58:47.980+0000] {logging_mixin.py:188} INFO - [2024-03-26T09:58:47.980+0000] {dagbag.py:538} INFO - Filling up the DagBag from /home/airflow/.local/lib/python3.8/site-packages/airflow/example_dags/example_task_group.py
[2024-03-26T09:58:47.986+0000] {processor.py:840} INFO - DAG(s) 'example_task_group' retrieved from /home/airflow/.local/lib/python3.8/site-packages/airflow/example_dags/example_task_group.py
[2024-03-26T09:58:48.006+0000] {logging_mixin.py:188} INFO - [2024-03-26T09:58:48.006+0000] {dag.py:3036} INFO - Sync 1 DAGs
[2024-03-26T09:58:48.027+0000] {logging_mixin.py:188} INFO - [2024-03-26T09:58:48.026+0000] {dag.py:3823} INFO - Setting next_dagrun for example_task_group to 2024-03-25 00:00:00+00:00, run_after=2024-03-26 00:00:00+00:00
[2024-03-26T09:58:48.045+0000] {processor.py:183} INFO - Processing /home/airflow/.local/lib/python3.8/site-packages/airflow/example_dags/example_task_group.py took 0.070 seconds
[2024-03-26T10:11:02.743+0000] {processor.py:161} INFO - Started process (PID=52) to work on /home/airflow/.local/lib/python3.8/site-packages/airflow/example_dags/example_task_group.py
[2024-03-26T10:11:02.744+0000] {processor.py:830} INFO - Processing file /home/airflow/.local/lib/python3.8/site-packages/airflow/example_dags/example_task_group.py for tasks to queue
[2024-03-26T10:11:02.746+0000] {logging_mixin.py:188} INFO - [2024-03-26T10:11:02.746+0000] {dagbag.py:538} INFO - Filling up the DagBag from /home/airflow/.local/lib/python3.8/site-packages/airflow/example_dags/example_task_group.py
[2024-03-26T10:11:02.755+0000] {processor.py:840} INFO - DAG(s) 'example_task_group' retrieved from /home/airflow/.local/lib/python3.8/site-packages/airflow/example_dags/example_task_group.py
[2024-03-26T10:11:02.764+0000] {logging_mixin.py:188} INFO - [2024-03-26T10:11:02.764+0000] {dag.py:3036} INFO - Sync 1 DAGs
[2024-03-26T10:11:02.788+0000] {logging_mixin.py:188} INFO - [2024-03-26T10:11:02.788+0000] {dag.py:3823} INFO - Setting next_dagrun for example_task_group to 2024-03-25 00:00:00+00:00, run_after=2024-03-26 00:00:00+00:00
[2024-03-26T10:11:02.812+0000] {processor.py:183} INFO - Processing /home/airflow/.local/lib/python3.8/site-packages/airflow/example_dags/example_task_group.py took 0.071 seconds
[2024-03-26T10:11:34.090+0000] {processor.py:161} INFO - Started process (PID=108) to work on /home/airflow/.local/lib/python3.8/site-packages/airflow/example_dags/example_task_group.py
[2024-03-26T10:11:34.091+0000] {processor.py:830} INFO - Processing file /home/airflow/.local/lib/python3.8/site-packages/airflow/example_dags/example_task_group.py for tasks to queue
[2024-03-26T10:11:34.093+0000] {logging_mixin.py:188} INFO - [2024-03-26T10:11:34.092+0000] {dagbag.py:538} INFO - Filling up the DagBag from /home/airflow/.local/lib/python3.8/site-packages/airflow/example_dags/example_task_group.py
[2024-03-26T10:11:34.099+0000] {processor.py:840} INFO - DAG(s) 'example_task_group' retrieved from /home/airflow/.local/lib/python3.8/site-packages/airflow/example_dags/example_task_group.py
[2024-03-26T10:11:34.192+0000] {logging_mixin.py:188} INFO - [2024-03-26T10:11:34.191+0000] {dag.py:3036} INFO - Sync 1 DAGs
[2024-03-26T10:11:34.211+0000] {logging_mixin.py:188} INFO - [2024-03-26T10:11:34.210+0000] {dag.py:3823} INFO - Setting next_dagrun for example_task_group to 2024-03-25 00:00:00+00:00, run_after=2024-03-26 00:00:00+00:00
[2024-03-26T10:11:34.230+0000] {processor.py:183} INFO - Processing /home/airflow/.local/lib/python3.8/site-packages/airflow/example_dags/example_task_group.py took 0.142 seconds
[2024-03-26T10:12:48.929+0000] {processor.py:161} INFO - Started process (PID=53) to work on /home/airflow/.local/lib/python3.8/site-packages/airflow/example_dags/example_task_group.py
[2024-03-26T10:12:48.930+0000] {processor.py:830} INFO - Processing file /home/airflow/.local/lib/python3.8/site-packages/airflow/example_dags/example_task_group.py for tasks to queue
[2024-03-26T10:12:48.932+0000] {logging_mixin.py:188} INFO - [2024-03-26T10:12:48.932+0000] {dagbag.py:538} INFO - Filling up the DagBag from /home/airflow/.local/lib/python3.8/site-packages/airflow/example_dags/example_task_group.py
[2024-03-26T10:12:48.940+0000] {processor.py:840} INFO - DAG(s) 'example_task_group' retrieved from /home/airflow/.local/lib/python3.8/site-packages/airflow/example_dags/example_task_group.py
[2024-03-26T10:12:48.951+0000] {logging_mixin.py:188} INFO - [2024-03-26T10:12:48.951+0000] {dag.py:3036} INFO - Sync 1 DAGs
[2024-03-26T10:12:48.977+0000] {logging_mixin.py:188} INFO - [2024-03-26T10:12:48.977+0000] {dag.py:3823} INFO - Setting next_dagrun for example_task_group to 2024-03-25 00:00:00+00:00, run_after=2024-03-26 00:00:00+00:00
[2024-03-26T10:12:48.997+0000] {processor.py:183} INFO - Processing /home/airflow/.local/lib/python3.8/site-packages/airflow/example_dags/example_task_group.py took 0.070 seconds
[2024-03-26T10:13:19.516+0000] {processor.py:161} INFO - Started process (PID=110) to work on /home/airflow/.local/lib/python3.8/site-packages/airflow/example_dags/example_task_group.py
[2024-03-26T10:13:19.517+0000] {processor.py:830} INFO - Processing file /home/airflow/.local/lib/python3.8/site-packages/airflow/example_dags/example_task_group.py for tasks to queue
[2024-03-26T10:13:19.518+0000] {logging_mixin.py:188} INFO - [2024-03-26T10:13:19.518+0000] {dagbag.py:538} INFO - Filling up the DagBag from /home/airflow/.local/lib/python3.8/site-packages/airflow/example_dags/example_task_group.py
[2024-03-26T10:13:19.525+0000] {processor.py:840} INFO - DAG(s) 'example_task_group' retrieved from /home/airflow/.local/lib/python3.8/site-packages/airflow/example_dags/example_task_group.py
[2024-03-26T10:13:19.611+0000] {logging_mixin.py:188} INFO - [2024-03-26T10:13:19.611+0000] {dag.py:3036} INFO - Sync 1 DAGs
[2024-03-26T10:13:19.628+0000] {logging_mixin.py:188} INFO - [2024-03-26T10:13:19.628+0000] {dag.py:3823} INFO - Setting next_dagrun for example_task_group to 2024-03-25 00:00:00+00:00, run_after=2024-03-26 00:00:00+00:00
[2024-03-26T10:13:19.644+0000] {processor.py:183} INFO - Processing /home/airflow/.local/lib/python3.8/site-packages/airflow/example_dags/example_task_group.py took 0.130 seconds
[2024-03-26T10:13:50.442+0000] {processor.py:161} INFO - Started process (PID=167) to work on /home/airflow/.local/lib/python3.8/site-packages/airflow/example_dags/example_task_group.py
[2024-03-26T10:13:50.443+0000] {processor.py:830} INFO - Processing file /home/airflow/.local/lib/python3.8/site-packages/airflow/example_dags/example_task_group.py for tasks to queue
[2024-03-26T10:13:50.444+0000] {logging_mixin.py:188} INFO - [2024-03-26T10:13:50.444+0000] {dagbag.py:538} INFO - Filling up the DagBag from /home/airflow/.local/lib/python3.8/site-packages/airflow/example_dags/example_task_group.py
[2024-03-26T10:13:50.450+0000] {processor.py:840} INFO - DAG(s) 'example_task_group' retrieved from /home/airflow/.local/lib/python3.8/site-packages/airflow/example_dags/example_task_group.py
[2024-03-26T10:13:50.466+0000] {logging_mixin.py:188} INFO - [2024-03-26T10:13:50.466+0000] {dag.py:3036} INFO - Sync 1 DAGs
[2024-03-26T10:13:50.484+0000] {logging_mixin.py:188} INFO - [2024-03-26T10:13:50.484+0000] {dag.py:3823} INFO - Setting next_dagrun for example_task_group to 2024-03-25 00:00:00+00:00, run_after=2024-03-26 00:00:00+00:00
[2024-03-26T10:13:50.501+0000] {processor.py:183} INFO - Processing /home/airflow/.local/lib/python3.8/site-packages/airflow/example_dags/example_task_group.py took 0.062 seconds
[2024-03-26T10:14:20.579+0000] {processor.py:161} INFO - Started process (PID=223) to work on /home/airflow/.local/lib/python3.8/site-packages/airflow/example_dags/example_task_group.py
[2024-03-26T10:14:20.580+0000] {processor.py:830} INFO - Processing file /home/airflow/.local/lib/python3.8/site-packages/airflow/example_dags/example_task_group.py for tasks to queue
[2024-03-26T10:14:20.581+0000] {logging_mixin.py:188} INFO - [2024-03-26T10:14:20.581+0000] {dagbag.py:538} INFO - Filling up the DagBag from /home/airflow/.local/lib/python3.8/site-packages/airflow/example_dags/example_task_group.py
[2024-03-26T10:14:20.588+0000] {processor.py:840} INFO - DAG(s) 'example_task_group' retrieved from /home/airflow/.local/lib/python3.8/site-packages/airflow/example_dags/example_task_group.py
[2024-03-26T10:14:20.605+0000] {logging_mixin.py:188} INFO - [2024-03-26T10:14:20.605+0000] {dag.py:3036} INFO - Sync 1 DAGs
[2024-03-26T10:14:20.625+0000] {logging_mixin.py:188} INFO - [2024-03-26T10:14:20.625+0000] {dag.py:3823} INFO - Setting next_dagrun for example_task_group to 2024-03-25 00:00:00+00:00, run_after=2024-03-26 00:00:00+00:00
[2024-03-26T10:14:20.642+0000] {processor.py:183} INFO - Processing /home/airflow/.local/lib/python3.8/site-packages/airflow/example_dags/example_task_group.py took 0.065 seconds
[2024-03-26T10:15:15.008+0000] {processor.py:161} INFO - Started process (PID=53) to work on /home/airflow/.local/lib/python3.8/site-packages/airflow/example_dags/example_task_group.py
[2024-03-26T10:15:15.009+0000] {processor.py:830} INFO - Processing file /home/airflow/.local/lib/python3.8/site-packages/airflow/example_dags/example_task_group.py for tasks to queue
[2024-03-26T10:15:15.011+0000] {logging_mixin.py:188} INFO - [2024-03-26T10:15:15.011+0000] {dagbag.py:538} INFO - Filling up the DagBag from /home/airflow/.local/lib/python3.8/site-packages/airflow/example_dags/example_task_group.py
[2024-03-26T10:15:15.019+0000] {processor.py:840} INFO - DAG(s) 'example_task_group' retrieved from /home/airflow/.local/lib/python3.8/site-packages/airflow/example_dags/example_task_group.py
[2024-03-26T10:15:15.029+0000] {logging_mixin.py:188} INFO - [2024-03-26T10:15:15.029+0000] {dag.py:3036} INFO - Sync 1 DAGs
[2024-03-26T10:15:15.056+0000] {logging_mixin.py:188} INFO - [2024-03-26T10:15:15.056+0000] {dag.py:3823} INFO - Setting next_dagrun for example_task_group to 2024-03-25 00:00:00+00:00, run_after=2024-03-26 00:00:00+00:00
[2024-03-26T10:15:15.081+0000] {processor.py:183} INFO - Processing /home/airflow/.local/lib/python3.8/site-packages/airflow/example_dags/example_task_group.py took 0.075 seconds
[2024-03-26T10:15:45.542+0000] {processor.py:161} INFO - Started process (PID=110) to work on /home/airflow/.local/lib/python3.8/site-packages/airflow/example_dags/example_task_group.py
[2024-03-26T10:15:45.543+0000] {processor.py:830} INFO - Processing file /home/airflow/.local/lib/python3.8/site-packages/airflow/example_dags/example_task_group.py for tasks to queue
[2024-03-26T10:15:45.545+0000] {logging_mixin.py:188} INFO - [2024-03-26T10:15:45.544+0000] {dagbag.py:538} INFO - Filling up the DagBag from /home/airflow/.local/lib/python3.8/site-packages/airflow/example_dags/example_task_group.py
[2024-03-26T10:15:45.550+0000] {processor.py:840} INFO - DAG(s) 'example_task_group' retrieved from /home/airflow/.local/lib/python3.8/site-packages/airflow/example_dags/example_task_group.py
[2024-03-26T10:15:45.633+0000] {logging_mixin.py:188} INFO - [2024-03-26T10:15:45.633+0000] {dag.py:3036} INFO - Sync 1 DAGs
[2024-03-26T10:15:45.652+0000] {logging_mixin.py:188} INFO - [2024-03-26T10:15:45.652+0000] {dag.py:3823} INFO - Setting next_dagrun for example_task_group to 2024-03-25 00:00:00+00:00, run_after=2024-03-26 00:00:00+00:00
[2024-03-26T10:15:45.670+0000] {processor.py:183} INFO - Processing /home/airflow/.local/lib/python3.8/site-packages/airflow/example_dags/example_task_group.py took 0.131 seconds
[2024-03-26T10:17:21.879+0000] {processor.py:161} INFO - Started process (PID=53) to work on /home/airflow/.local/lib/python3.8/site-packages/airflow/example_dags/example_task_group.py
[2024-03-26T10:17:21.880+0000] {processor.py:830} INFO - Processing file /home/airflow/.local/lib/python3.8/site-packages/airflow/example_dags/example_task_group.py for tasks to queue
[2024-03-26T10:17:21.882+0000] {logging_mixin.py:188} INFO - [2024-03-26T10:17:21.882+0000] {dagbag.py:538} INFO - Filling up the DagBag from /home/airflow/.local/lib/python3.8/site-packages/airflow/example_dags/example_task_group.py
[2024-03-26T10:17:21.892+0000] {processor.py:840} INFO - DAG(s) 'example_task_group' retrieved from /home/airflow/.local/lib/python3.8/site-packages/airflow/example_dags/example_task_group.py
[2024-03-26T10:17:21.904+0000] {logging_mixin.py:188} INFO - [2024-03-26T10:17:21.904+0000] {dag.py:3036} INFO - Sync 1 DAGs
[2024-03-26T10:17:21.929+0000] {logging_mixin.py:188} INFO - [2024-03-26T10:17:21.928+0000] {dag.py:3823} INFO - Setting next_dagrun for example_task_group to 2024-03-25 00:00:00+00:00, run_after=2024-03-26 00:00:00+00:00
[2024-03-26T10:17:21.949+0000] {processor.py:183} INFO - Processing /home/airflow/.local/lib/python3.8/site-packages/airflow/example_dags/example_task_group.py took 0.073 seconds
[2024-03-26T10:17:52.476+0000] {processor.py:161} INFO - Started process (PID=108) to work on /home/airflow/.local/lib/python3.8/site-packages/airflow/example_dags/example_task_group.py
[2024-03-26T10:17:52.477+0000] {processor.py:830} INFO - Processing file /home/airflow/.local/lib/python3.8/site-packages/airflow/example_dags/example_task_group.py for tasks to queue
[2024-03-26T10:17:52.479+0000] {logging_mixin.py:188} INFO - [2024-03-26T10:17:52.478+0000] {dagbag.py:538} INFO - Filling up the DagBag from /home/airflow/.local/lib/python3.8/site-packages/airflow/example_dags/example_task_group.py
[2024-03-26T10:17:52.485+0000] {processor.py:840} INFO - DAG(s) 'example_task_group' retrieved from /home/airflow/.local/lib/python3.8/site-packages/airflow/example_dags/example_task_group.py
[2024-03-26T10:17:52.567+0000] {logging_mixin.py:188} INFO - [2024-03-26T10:17:52.567+0000] {dag.py:3036} INFO - Sync 1 DAGs
[2024-03-26T10:17:52.583+0000] {logging_mixin.py:188} INFO - [2024-03-26T10:17:52.583+0000] {dag.py:3823} INFO - Setting next_dagrun for example_task_group to 2024-03-25 00:00:00+00:00, run_after=2024-03-26 00:00:00+00:00
[2024-03-26T10:17:52.599+0000] {processor.py:183} INFO - Processing /home/airflow/.local/lib/python3.8/site-packages/airflow/example_dags/example_task_group.py took 0.125 seconds
