[2024-03-26T08:41:07.014+0000] {processor.py:161} INFO - Started process (PID=62) to work on /home/airflow/.local/lib/python3.8/site-packages/airflow/example_dags/example_python_decorator.py
[2024-03-26T08:41:07.015+0000] {processor.py:830} INFO - Processing file /home/airflow/.local/lib/python3.8/site-packages/airflow/example_dags/example_python_decorator.py for tasks to queue
[2024-03-26T08:41:07.016+0000] {logging_mixin.py:188} INFO - [2024-03-26T08:41:07.016+0000] {dagbag.py:538} INFO - Filling up the DagBag from /home/airflow/.local/lib/python3.8/site-packages/airflow/example_dags/example_python_decorator.py
[2024-03-26T08:41:07.030+0000] {processor.py:840} INFO - DAG(s) 'example_python_decorator' retrieved from /home/airflow/.local/lib/python3.8/site-packages/airflow/example_dags/example_python_decorator.py
[2024-03-26T08:41:07.038+0000] {logging_mixin.py:188} INFO - [2024-03-26T08:41:07.038+0000] {dag.py:3036} INFO - Sync 1 DAGs
[2024-03-26T08:41:07.049+0000] {logging_mixin.py:188} INFO - [2024-03-26T08:41:07.049+0000] {dag.py:3823} INFO - Setting next_dagrun for example_python_decorator to None, run_after=None
[2024-03-26T08:41:07.067+0000] {processor.py:183} INFO - Processing /home/airflow/.local/lib/python3.8/site-packages/airflow/example_dags/example_python_decorator.py took 0.055 seconds
[2024-03-26T08:41:38.198+0000] {processor.py:161} INFO - Started process (PID=118) to work on /home/airflow/.local/lib/python3.8/site-packages/airflow/example_dags/example_python_decorator.py
[2024-03-26T08:41:38.199+0000] {processor.py:830} INFO - Processing file /home/airflow/.local/lib/python3.8/site-packages/airflow/example_dags/example_python_decorator.py for tasks to queue
[2024-03-26T08:41:38.200+0000] {logging_mixin.py:188} INFO - [2024-03-26T08:41:38.200+0000] {dagbag.py:538} INFO - Filling up the DagBag from /home/airflow/.local/lib/python3.8/site-packages/airflow/example_dags/example_python_decorator.py
[2024-03-26T08:41:38.210+0000] {processor.py:840} INFO - DAG(s) 'example_python_decorator' retrieved from /home/airflow/.local/lib/python3.8/site-packages/airflow/example_dags/example_python_decorator.py
[2024-03-26T08:41:38.295+0000] {logging_mixin.py:188} INFO - [2024-03-26T08:41:38.294+0000] {dag.py:3036} INFO - Sync 1 DAGs
[2024-03-26T08:41:38.304+0000] {logging_mixin.py:188} INFO - [2024-03-26T08:41:38.304+0000] {dag.py:3823} INFO - Setting next_dagrun for example_python_decorator to None, run_after=None
[2024-03-26T08:41:38.322+0000] {processor.py:183} INFO - Processing /home/airflow/.local/lib/python3.8/site-packages/airflow/example_dags/example_python_decorator.py took 0.127 seconds
[2024-03-26T08:43:47.258+0000] {processor.py:161} INFO - Started process (PID=62) to work on /home/airflow/.local/lib/python3.8/site-packages/airflow/example_dags/example_python_decorator.py
[2024-03-26T08:43:47.259+0000] {processor.py:830} INFO - Processing file /home/airflow/.local/lib/python3.8/site-packages/airflow/example_dags/example_python_decorator.py for tasks to queue
[2024-03-26T08:43:47.261+0000] {logging_mixin.py:188} INFO - [2024-03-26T08:43:47.261+0000] {dagbag.py:538} INFO - Filling up the DagBag from /home/airflow/.local/lib/python3.8/site-packages/airflow/example_dags/example_python_decorator.py
[2024-03-26T08:43:47.278+0000] {processor.py:840} INFO - DAG(s) 'example_python_decorator' retrieved from /home/airflow/.local/lib/python3.8/site-packages/airflow/example_dags/example_python_decorator.py
[2024-03-26T08:43:47.288+0000] {logging_mixin.py:188} INFO - [2024-03-26T08:43:47.287+0000] {dag.py:3036} INFO - Sync 1 DAGs
[2024-03-26T08:43:47.299+0000] {logging_mixin.py:188} INFO - [2024-03-26T08:43:47.299+0000] {dag.py:3823} INFO - Setting next_dagrun for example_python_decorator to None, run_after=None
[2024-03-26T08:43:47.319+0000] {processor.py:183} INFO - Processing /home/airflow/.local/lib/python3.8/site-packages/airflow/example_dags/example_python_decorator.py took 0.062 seconds
[2024-03-26T08:44:18.634+0000] {processor.py:161} INFO - Started process (PID=118) to work on /home/airflow/.local/lib/python3.8/site-packages/airflow/example_dags/example_python_decorator.py
[2024-03-26T08:44:18.635+0000] {processor.py:830} INFO - Processing file /home/airflow/.local/lib/python3.8/site-packages/airflow/example_dags/example_python_decorator.py for tasks to queue
[2024-03-26T08:44:18.637+0000] {logging_mixin.py:188} INFO - [2024-03-26T08:44:18.637+0000] {dagbag.py:538} INFO - Filling up the DagBag from /home/airflow/.local/lib/python3.8/site-packages/airflow/example_dags/example_python_decorator.py
[2024-03-26T08:44:18.647+0000] {processor.py:840} INFO - DAG(s) 'example_python_decorator' retrieved from /home/airflow/.local/lib/python3.8/site-packages/airflow/example_dags/example_python_decorator.py
[2024-03-26T08:44:18.725+0000] {logging_mixin.py:188} INFO - [2024-03-26T08:44:18.725+0000] {dag.py:3036} INFO - Sync 1 DAGs
[2024-03-26T08:44:18.734+0000] {logging_mixin.py:188} INFO - [2024-03-26T08:44:18.733+0000] {dag.py:3823} INFO - Setting next_dagrun for example_python_decorator to None, run_after=None
[2024-03-26T08:44:18.750+0000] {processor.py:183} INFO - Processing /home/airflow/.local/lib/python3.8/site-packages/airflow/example_dags/example_python_decorator.py took 0.117 seconds
[2024-03-26T08:44:49.087+0000] {processor.py:161} INFO - Started process (PID=174) to work on /home/airflow/.local/lib/python3.8/site-packages/airflow/example_dags/example_python_decorator.py
[2024-03-26T08:44:49.088+0000] {processor.py:830} INFO - Processing file /home/airflow/.local/lib/python3.8/site-packages/airflow/example_dags/example_python_decorator.py for tasks to queue
[2024-03-26T08:44:49.089+0000] {logging_mixin.py:188} INFO - [2024-03-26T08:44:49.089+0000] {dagbag.py:538} INFO - Filling up the DagBag from /home/airflow/.local/lib/python3.8/site-packages/airflow/example_dags/example_python_decorator.py
[2024-03-26T08:44:49.099+0000] {processor.py:840} INFO - DAG(s) 'example_python_decorator' retrieved from /home/airflow/.local/lib/python3.8/site-packages/airflow/example_dags/example_python_decorator.py
[2024-03-26T08:44:49.117+0000] {logging_mixin.py:188} INFO - [2024-03-26T08:44:49.116+0000] {dag.py:3036} INFO - Sync 1 DAGs
[2024-03-26T08:44:49.127+0000] {logging_mixin.py:188} INFO - [2024-03-26T08:44:49.126+0000] {dag.py:3823} INFO - Setting next_dagrun for example_python_decorator to None, run_after=None
[2024-03-26T08:44:49.142+0000] {processor.py:183} INFO - Processing /home/airflow/.local/lib/python3.8/site-packages/airflow/example_dags/example_python_decorator.py took 0.057 seconds
[2024-03-26T08:45:19.409+0000] {processor.py:161} INFO - Started process (PID=230) to work on /home/airflow/.local/lib/python3.8/site-packages/airflow/example_dags/example_python_decorator.py
[2024-03-26T08:45:19.410+0000] {processor.py:830} INFO - Processing file /home/airflow/.local/lib/python3.8/site-packages/airflow/example_dags/example_python_decorator.py for tasks to queue
[2024-03-26T08:45:19.412+0000] {logging_mixin.py:188} INFO - [2024-03-26T08:45:19.411+0000] {dagbag.py:538} INFO - Filling up the DagBag from /home/airflow/.local/lib/python3.8/site-packages/airflow/example_dags/example_python_decorator.py
[2024-03-26T08:45:19.422+0000] {processor.py:840} INFO - DAG(s) 'example_python_decorator' retrieved from /home/airflow/.local/lib/python3.8/site-packages/airflow/example_dags/example_python_decorator.py
[2024-03-26T08:45:19.440+0000] {logging_mixin.py:188} INFO - [2024-03-26T08:45:19.439+0000] {dag.py:3036} INFO - Sync 1 DAGs
[2024-03-26T08:45:19.450+0000] {logging_mixin.py:188} INFO - [2024-03-26T08:45:19.450+0000] {dag.py:3823} INFO - Setting next_dagrun for example_python_decorator to None, run_after=None
[2024-03-26T08:45:19.468+0000] {processor.py:183} INFO - Processing /home/airflow/.local/lib/python3.8/site-packages/airflow/example_dags/example_python_decorator.py took 0.061 seconds
[2024-03-26T08:45:49.664+0000] {processor.py:161} INFO - Started process (PID=286) to work on /home/airflow/.local/lib/python3.8/site-packages/airflow/example_dags/example_python_decorator.py
[2024-03-26T08:45:49.664+0000] {processor.py:830} INFO - Processing file /home/airflow/.local/lib/python3.8/site-packages/airflow/example_dags/example_python_decorator.py for tasks to queue
[2024-03-26T08:45:49.666+0000] {logging_mixin.py:188} INFO - [2024-03-26T08:45:49.666+0000] {dagbag.py:538} INFO - Filling up the DagBag from /home/airflow/.local/lib/python3.8/site-packages/airflow/example_dags/example_python_decorator.py
[2024-03-26T08:45:49.678+0000] {processor.py:840} INFO - DAG(s) 'example_python_decorator' retrieved from /home/airflow/.local/lib/python3.8/site-packages/airflow/example_dags/example_python_decorator.py
[2024-03-26T08:45:49.695+0000] {logging_mixin.py:188} INFO - [2024-03-26T08:45:49.695+0000] {dag.py:3036} INFO - Sync 1 DAGs
[2024-03-26T08:45:49.706+0000] {logging_mixin.py:188} INFO - [2024-03-26T08:45:49.706+0000] {dag.py:3823} INFO - Setting next_dagrun for example_python_decorator to None, run_after=None
[2024-03-26T08:45:49.723+0000] {processor.py:183} INFO - Processing /home/airflow/.local/lib/python3.8/site-packages/airflow/example_dags/example_python_decorator.py took 0.061 seconds
[2024-03-26T08:46:19.854+0000] {processor.py:161} INFO - Started process (PID=342) to work on /home/airflow/.local/lib/python3.8/site-packages/airflow/example_dags/example_python_decorator.py
[2024-03-26T08:46:19.855+0000] {processor.py:830} INFO - Processing file /home/airflow/.local/lib/python3.8/site-packages/airflow/example_dags/example_python_decorator.py for tasks to queue
[2024-03-26T08:46:19.857+0000] {logging_mixin.py:188} INFO - [2024-03-26T08:46:19.856+0000] {dagbag.py:538} INFO - Filling up the DagBag from /home/airflow/.local/lib/python3.8/site-packages/airflow/example_dags/example_python_decorator.py
[2024-03-26T08:46:19.866+0000] {processor.py:840} INFO - DAG(s) 'example_python_decorator' retrieved from /home/airflow/.local/lib/python3.8/site-packages/airflow/example_dags/example_python_decorator.py
[2024-03-26T08:46:19.884+0000] {logging_mixin.py:188} INFO - [2024-03-26T08:46:19.883+0000] {dag.py:3036} INFO - Sync 1 DAGs
[2024-03-26T08:46:19.894+0000] {logging_mixin.py:188} INFO - [2024-03-26T08:46:19.894+0000] {dag.py:3823} INFO - Setting next_dagrun for example_python_decorator to None, run_after=None
[2024-03-26T08:46:19.909+0000] {processor.py:183} INFO - Processing /home/airflow/.local/lib/python3.8/site-packages/airflow/example_dags/example_python_decorator.py took 0.058 seconds
[2024-03-26T08:46:50.008+0000] {processor.py:161} INFO - Started process (PID=398) to work on /home/airflow/.local/lib/python3.8/site-packages/airflow/example_dags/example_python_decorator.py
[2024-03-26T08:46:50.009+0000] {processor.py:830} INFO - Processing file /home/airflow/.local/lib/python3.8/site-packages/airflow/example_dags/example_python_decorator.py for tasks to queue
[2024-03-26T08:46:50.010+0000] {logging_mixin.py:188} INFO - [2024-03-26T08:46:50.010+0000] {dagbag.py:538} INFO - Filling up the DagBag from /home/airflow/.local/lib/python3.8/site-packages/airflow/example_dags/example_python_decorator.py
[2024-03-26T08:46:50.020+0000] {processor.py:840} INFO - DAG(s) 'example_python_decorator' retrieved from /home/airflow/.local/lib/python3.8/site-packages/airflow/example_dags/example_python_decorator.py
[2024-03-26T08:46:50.036+0000] {logging_mixin.py:188} INFO - [2024-03-26T08:46:50.036+0000] {dag.py:3036} INFO - Sync 1 DAGs
[2024-03-26T08:46:50.046+0000] {logging_mixin.py:188} INFO - [2024-03-26T08:46:50.046+0000] {dag.py:3823} INFO - Setting next_dagrun for example_python_decorator to None, run_after=None
[2024-03-26T08:46:50.060+0000] {processor.py:183} INFO - Processing /home/airflow/.local/lib/python3.8/site-packages/airflow/example_dags/example_python_decorator.py took 0.055 seconds
[2024-03-26T08:47:20.355+0000] {processor.py:161} INFO - Started process (PID=454) to work on /home/airflow/.local/lib/python3.8/site-packages/airflow/example_dags/example_python_decorator.py
[2024-03-26T08:47:20.356+0000] {processor.py:830} INFO - Processing file /home/airflow/.local/lib/python3.8/site-packages/airflow/example_dags/example_python_decorator.py for tasks to queue
[2024-03-26T08:47:20.358+0000] {logging_mixin.py:188} INFO - [2024-03-26T08:47:20.357+0000] {dagbag.py:538} INFO - Filling up the DagBag from /home/airflow/.local/lib/python3.8/site-packages/airflow/example_dags/example_python_decorator.py
[2024-03-26T08:47:20.367+0000] {processor.py:840} INFO - DAG(s) 'example_python_decorator' retrieved from /home/airflow/.local/lib/python3.8/site-packages/airflow/example_dags/example_python_decorator.py
[2024-03-26T08:47:20.384+0000] {logging_mixin.py:188} INFO - [2024-03-26T08:47:20.383+0000] {dag.py:3036} INFO - Sync 1 DAGs
[2024-03-26T08:47:20.393+0000] {logging_mixin.py:188} INFO - [2024-03-26T08:47:20.393+0000] {dag.py:3823} INFO - Setting next_dagrun for example_python_decorator to None, run_after=None
[2024-03-26T08:47:20.409+0000] {processor.py:183} INFO - Processing /home/airflow/.local/lib/python3.8/site-packages/airflow/example_dags/example_python_decorator.py took 0.056 seconds
[2024-03-26T08:47:50.493+0000] {processor.py:161} INFO - Started process (PID=510) to work on /home/airflow/.local/lib/python3.8/site-packages/airflow/example_dags/example_python_decorator.py
[2024-03-26T08:47:50.494+0000] {processor.py:830} INFO - Processing file /home/airflow/.local/lib/python3.8/site-packages/airflow/example_dags/example_python_decorator.py for tasks to queue
[2024-03-26T08:47:50.495+0000] {logging_mixin.py:188} INFO - [2024-03-26T08:47:50.495+0000] {dagbag.py:538} INFO - Filling up the DagBag from /home/airflow/.local/lib/python3.8/site-packages/airflow/example_dags/example_python_decorator.py
[2024-03-26T08:47:50.505+0000] {processor.py:840} INFO - DAG(s) 'example_python_decorator' retrieved from /home/airflow/.local/lib/python3.8/site-packages/airflow/example_dags/example_python_decorator.py
[2024-03-26T08:47:50.522+0000] {logging_mixin.py:188} INFO - [2024-03-26T08:47:50.522+0000] {dag.py:3036} INFO - Sync 1 DAGs
[2024-03-26T08:47:50.531+0000] {logging_mixin.py:188} INFO - [2024-03-26T08:47:50.531+0000] {dag.py:3823} INFO - Setting next_dagrun for example_python_decorator to None, run_after=None
[2024-03-26T08:47:50.547+0000] {processor.py:183} INFO - Processing /home/airflow/.local/lib/python3.8/site-packages/airflow/example_dags/example_python_decorator.py took 0.056 seconds
[2024-03-26T08:48:20.728+0000] {processor.py:161} INFO - Started process (PID=565) to work on /home/airflow/.local/lib/python3.8/site-packages/airflow/example_dags/example_python_decorator.py
[2024-03-26T08:48:20.729+0000] {processor.py:830} INFO - Processing file /home/airflow/.local/lib/python3.8/site-packages/airflow/example_dags/example_python_decorator.py for tasks to queue
[2024-03-26T08:48:20.730+0000] {logging_mixin.py:188} INFO - [2024-03-26T08:48:20.730+0000] {dagbag.py:538} INFO - Filling up the DagBag from /home/airflow/.local/lib/python3.8/site-packages/airflow/example_dags/example_python_decorator.py
[2024-03-26T08:48:20.743+0000] {processor.py:840} INFO - DAG(s) 'example_python_decorator' retrieved from /home/airflow/.local/lib/python3.8/site-packages/airflow/example_dags/example_python_decorator.py
[2024-03-26T08:48:20.760+0000] {logging_mixin.py:188} INFO - [2024-03-26T08:48:20.759+0000] {dag.py:3036} INFO - Sync 1 DAGs
[2024-03-26T08:48:20.770+0000] {logging_mixin.py:188} INFO - [2024-03-26T08:48:20.770+0000] {dag.py:3823} INFO - Setting next_dagrun for example_python_decorator to None, run_after=None
[2024-03-26T08:48:20.785+0000] {processor.py:183} INFO - Processing /home/airflow/.local/lib/python3.8/site-packages/airflow/example_dags/example_python_decorator.py took 0.059 seconds
[2024-03-26T08:48:51.246+0000] {processor.py:161} INFO - Started process (PID=622) to work on /home/airflow/.local/lib/python3.8/site-packages/airflow/example_dags/example_python_decorator.py
[2024-03-26T08:48:51.247+0000] {processor.py:830} INFO - Processing file /home/airflow/.local/lib/python3.8/site-packages/airflow/example_dags/example_python_decorator.py for tasks to queue
[2024-03-26T08:48:51.248+0000] {logging_mixin.py:188} INFO - [2024-03-26T08:48:51.248+0000] {dagbag.py:538} INFO - Filling up the DagBag from /home/airflow/.local/lib/python3.8/site-packages/airflow/example_dags/example_python_decorator.py
[2024-03-26T08:48:51.258+0000] {processor.py:840} INFO - DAG(s) 'example_python_decorator' retrieved from /home/airflow/.local/lib/python3.8/site-packages/airflow/example_dags/example_python_decorator.py
[2024-03-26T08:48:51.275+0000] {logging_mixin.py:188} INFO - [2024-03-26T08:48:51.275+0000] {dag.py:3036} INFO - Sync 1 DAGs
[2024-03-26T08:48:51.285+0000] {logging_mixin.py:188} INFO - [2024-03-26T08:48:51.285+0000] {dag.py:3823} INFO - Setting next_dagrun for example_python_decorator to None, run_after=None
[2024-03-26T08:48:51.300+0000] {processor.py:183} INFO - Processing /home/airflow/.local/lib/python3.8/site-packages/airflow/example_dags/example_python_decorator.py took 0.057 seconds
[2024-03-26T08:49:21.590+0000] {processor.py:161} INFO - Started process (PID=678) to work on /home/airflow/.local/lib/python3.8/site-packages/airflow/example_dags/example_python_decorator.py
[2024-03-26T08:49:21.590+0000] {processor.py:830} INFO - Processing file /home/airflow/.local/lib/python3.8/site-packages/airflow/example_dags/example_python_decorator.py for tasks to queue
[2024-03-26T08:49:21.592+0000] {logging_mixin.py:188} INFO - [2024-03-26T08:49:21.592+0000] {dagbag.py:538} INFO - Filling up the DagBag from /home/airflow/.local/lib/python3.8/site-packages/airflow/example_dags/example_python_decorator.py
[2024-03-26T08:49:21.601+0000] {processor.py:840} INFO - DAG(s) 'example_python_decorator' retrieved from /home/airflow/.local/lib/python3.8/site-packages/airflow/example_dags/example_python_decorator.py
[2024-03-26T08:49:21.619+0000] {logging_mixin.py:188} INFO - [2024-03-26T08:49:21.618+0000] {dag.py:3036} INFO - Sync 1 DAGs
[2024-03-26T08:49:21.628+0000] {logging_mixin.py:188} INFO - [2024-03-26T08:49:21.628+0000] {dag.py:3823} INFO - Setting next_dagrun for example_python_decorator to None, run_after=None
[2024-03-26T08:49:21.643+0000] {processor.py:183} INFO - Processing /home/airflow/.local/lib/python3.8/site-packages/airflow/example_dags/example_python_decorator.py took 0.055 seconds
[2024-03-26T08:49:51.947+0000] {processor.py:161} INFO - Started process (PID=733) to work on /home/airflow/.local/lib/python3.8/site-packages/airflow/example_dags/example_python_decorator.py
[2024-03-26T08:49:51.948+0000] {processor.py:830} INFO - Processing file /home/airflow/.local/lib/python3.8/site-packages/airflow/example_dags/example_python_decorator.py for tasks to queue
[2024-03-26T08:49:51.949+0000] {logging_mixin.py:188} INFO - [2024-03-26T08:49:51.949+0000] {dagbag.py:538} INFO - Filling up the DagBag from /home/airflow/.local/lib/python3.8/site-packages/airflow/example_dags/example_python_decorator.py
[2024-03-26T08:49:51.960+0000] {processor.py:840} INFO - DAG(s) 'example_python_decorator' retrieved from /home/airflow/.local/lib/python3.8/site-packages/airflow/example_dags/example_python_decorator.py
[2024-03-26T08:49:51.979+0000] {logging_mixin.py:188} INFO - [2024-03-26T08:49:51.978+0000] {dag.py:3036} INFO - Sync 1 DAGs
[2024-03-26T08:49:51.990+0000] {logging_mixin.py:188} INFO - [2024-03-26T08:49:51.989+0000] {dag.py:3823} INFO - Setting next_dagrun for example_python_decorator to None, run_after=None
[2024-03-26T08:49:52.008+0000] {processor.py:183} INFO - Processing /home/airflow/.local/lib/python3.8/site-packages/airflow/example_dags/example_python_decorator.py took 0.063 seconds
[2024-03-26T08:50:22.513+0000] {processor.py:161} INFO - Started process (PID=789) to work on /home/airflow/.local/lib/python3.8/site-packages/airflow/example_dags/example_python_decorator.py
[2024-03-26T08:50:22.514+0000] {processor.py:830} INFO - Processing file /home/airflow/.local/lib/python3.8/site-packages/airflow/example_dags/example_python_decorator.py for tasks to queue
[2024-03-26T08:50:22.515+0000] {logging_mixin.py:188} INFO - [2024-03-26T08:50:22.515+0000] {dagbag.py:538} INFO - Filling up the DagBag from /home/airflow/.local/lib/python3.8/site-packages/airflow/example_dags/example_python_decorator.py
[2024-03-26T08:50:22.525+0000] {processor.py:840} INFO - DAG(s) 'example_python_decorator' retrieved from /home/airflow/.local/lib/python3.8/site-packages/airflow/example_dags/example_python_decorator.py
[2024-03-26T08:50:22.549+0000] {logging_mixin.py:188} INFO - [2024-03-26T08:50:22.549+0000] {dag.py:3036} INFO - Sync 1 DAGs
[2024-03-26T08:50:22.562+0000] {logging_mixin.py:188} INFO - [2024-03-26T08:50:22.562+0000] {dag.py:3823} INFO - Setting next_dagrun for example_python_decorator to None, run_after=None
[2024-03-26T08:50:22.579+0000] {processor.py:183} INFO - Processing /home/airflow/.local/lib/python3.8/site-packages/airflow/example_dags/example_python_decorator.py took 0.068 seconds
[2024-03-26T08:53:12.852+0000] {processor.py:161} INFO - Started process (PID=62) to work on /home/airflow/.local/lib/python3.8/site-packages/airflow/example_dags/example_python_decorator.py
[2024-03-26T08:53:12.853+0000] {processor.py:830} INFO - Processing file /home/airflow/.local/lib/python3.8/site-packages/airflow/example_dags/example_python_decorator.py for tasks to queue
[2024-03-26T08:53:12.855+0000] {logging_mixin.py:188} INFO - [2024-03-26T08:53:12.854+0000] {dagbag.py:538} INFO - Filling up the DagBag from /home/airflow/.local/lib/python3.8/site-packages/airflow/example_dags/example_python_decorator.py
[2024-03-26T08:53:12.871+0000] {processor.py:840} INFO - DAG(s) 'example_python_decorator' retrieved from /home/airflow/.local/lib/python3.8/site-packages/airflow/example_dags/example_python_decorator.py
[2024-03-26T08:53:12.881+0000] {logging_mixin.py:188} INFO - [2024-03-26T08:53:12.881+0000] {dag.py:3036} INFO - Sync 1 DAGs
[2024-03-26T08:53:12.896+0000] {logging_mixin.py:188} INFO - [2024-03-26T08:53:12.895+0000] {dag.py:3823} INFO - Setting next_dagrun for example_python_decorator to None, run_after=None
[2024-03-26T08:53:12.915+0000] {processor.py:183} INFO - Processing /home/airflow/.local/lib/python3.8/site-packages/airflow/example_dags/example_python_decorator.py took 0.067 seconds
[2024-03-26T08:53:44.299+0000] {processor.py:161} INFO - Started process (PID=118) to work on /home/airflow/.local/lib/python3.8/site-packages/airflow/example_dags/example_python_decorator.py
[2024-03-26T08:53:44.300+0000] {processor.py:830} INFO - Processing file /home/airflow/.local/lib/python3.8/site-packages/airflow/example_dags/example_python_decorator.py for tasks to queue
[2024-03-26T08:53:44.301+0000] {logging_mixin.py:188} INFO - [2024-03-26T08:53:44.301+0000] {dagbag.py:538} INFO - Filling up the DagBag from /home/airflow/.local/lib/python3.8/site-packages/airflow/example_dags/example_python_decorator.py
[2024-03-26T08:53:44.311+0000] {processor.py:840} INFO - DAG(s) 'example_python_decorator' retrieved from /home/airflow/.local/lib/python3.8/site-packages/airflow/example_dags/example_python_decorator.py
[2024-03-26T08:53:44.411+0000] {logging_mixin.py:188} INFO - [2024-03-26T08:53:44.410+0000] {dag.py:3036} INFO - Sync 1 DAGs
[2024-03-26T08:53:44.421+0000] {logging_mixin.py:188} INFO - [2024-03-26T08:53:44.420+0000] {dag.py:3823} INFO - Setting next_dagrun for example_python_decorator to None, run_after=None
[2024-03-26T08:53:44.439+0000] {processor.py:183} INFO - Processing /home/airflow/.local/lib/python3.8/site-packages/airflow/example_dags/example_python_decorator.py took 0.142 seconds
[2024-03-26T08:54:14.945+0000] {processor.py:161} INFO - Started process (PID=174) to work on /home/airflow/.local/lib/python3.8/site-packages/airflow/example_dags/example_python_decorator.py
[2024-03-26T08:54:14.946+0000] {processor.py:830} INFO - Processing file /home/airflow/.local/lib/python3.8/site-packages/airflow/example_dags/example_python_decorator.py for tasks to queue
[2024-03-26T08:54:14.948+0000] {logging_mixin.py:188} INFO - [2024-03-26T08:54:14.947+0000] {dagbag.py:538} INFO - Filling up the DagBag from /home/airflow/.local/lib/python3.8/site-packages/airflow/example_dags/example_python_decorator.py
[2024-03-26T08:54:14.958+0000] {processor.py:840} INFO - DAG(s) 'example_python_decorator' retrieved from /home/airflow/.local/lib/python3.8/site-packages/airflow/example_dags/example_python_decorator.py
[2024-03-26T08:54:14.977+0000] {logging_mixin.py:188} INFO - [2024-03-26T08:54:14.976+0000] {dag.py:3036} INFO - Sync 1 DAGs
[2024-03-26T08:54:14.988+0000] {logging_mixin.py:188} INFO - [2024-03-26T08:54:14.987+0000] {dag.py:3823} INFO - Setting next_dagrun for example_python_decorator to None, run_after=None
[2024-03-26T08:54:15.005+0000] {processor.py:183} INFO - Processing /home/airflow/.local/lib/python3.8/site-packages/airflow/example_dags/example_python_decorator.py took 0.062 seconds
[2024-03-26T08:54:45.663+0000] {processor.py:161} INFO - Started process (PID=230) to work on /home/airflow/.local/lib/python3.8/site-packages/airflow/example_dags/example_python_decorator.py
[2024-03-26T08:54:45.664+0000] {processor.py:830} INFO - Processing file /home/airflow/.local/lib/python3.8/site-packages/airflow/example_dags/example_python_decorator.py for tasks to queue
[2024-03-26T08:54:45.665+0000] {logging_mixin.py:188} INFO - [2024-03-26T08:54:45.665+0000] {dagbag.py:538} INFO - Filling up the DagBag from /home/airflow/.local/lib/python3.8/site-packages/airflow/example_dags/example_python_decorator.py
[2024-03-26T08:54:45.675+0000] {processor.py:840} INFO - DAG(s) 'example_python_decorator' retrieved from /home/airflow/.local/lib/python3.8/site-packages/airflow/example_dags/example_python_decorator.py
[2024-03-26T08:54:45.694+0000] {logging_mixin.py:188} INFO - [2024-03-26T08:54:45.694+0000] {dag.py:3036} INFO - Sync 1 DAGs
[2024-03-26T08:54:45.707+0000] {logging_mixin.py:188} INFO - [2024-03-26T08:54:45.706+0000] {dag.py:3823} INFO - Setting next_dagrun for example_python_decorator to None, run_after=None
[2024-03-26T08:54:45.725+0000] {processor.py:183} INFO - Processing /home/airflow/.local/lib/python3.8/site-packages/airflow/example_dags/example_python_decorator.py took 0.064 seconds
[2024-03-26T08:55:16.159+0000] {processor.py:161} INFO - Started process (PID=286) to work on /home/airflow/.local/lib/python3.8/site-packages/airflow/example_dags/example_python_decorator.py
[2024-03-26T08:55:16.160+0000] {processor.py:830} INFO - Processing file /home/airflow/.local/lib/python3.8/site-packages/airflow/example_dags/example_python_decorator.py for tasks to queue
[2024-03-26T08:55:16.161+0000] {logging_mixin.py:188} INFO - [2024-03-26T08:55:16.161+0000] {dagbag.py:538} INFO - Filling up the DagBag from /home/airflow/.local/lib/python3.8/site-packages/airflow/example_dags/example_python_decorator.py
[2024-03-26T08:55:16.173+0000] {processor.py:840} INFO - DAG(s) 'example_python_decorator' retrieved from /home/airflow/.local/lib/python3.8/site-packages/airflow/example_dags/example_python_decorator.py
[2024-03-26T08:55:16.190+0000] {logging_mixin.py:188} INFO - [2024-03-26T08:55:16.189+0000] {dag.py:3036} INFO - Sync 1 DAGs
[2024-03-26T08:55:16.200+0000] {logging_mixin.py:188} INFO - [2024-03-26T08:55:16.199+0000] {dag.py:3823} INFO - Setting next_dagrun for example_python_decorator to None, run_after=None
[2024-03-26T08:55:16.216+0000] {processor.py:183} INFO - Processing /home/airflow/.local/lib/python3.8/site-packages/airflow/example_dags/example_python_decorator.py took 0.059 seconds
[2024-03-26T08:55:46.575+0000] {processor.py:161} INFO - Started process (PID=342) to work on /home/airflow/.local/lib/python3.8/site-packages/airflow/example_dags/example_python_decorator.py
[2024-03-26T08:55:46.576+0000] {processor.py:830} INFO - Processing file /home/airflow/.local/lib/python3.8/site-packages/airflow/example_dags/example_python_decorator.py for tasks to queue
[2024-03-26T08:55:46.578+0000] {logging_mixin.py:188} INFO - [2024-03-26T08:55:46.577+0000] {dagbag.py:538} INFO - Filling up the DagBag from /home/airflow/.local/lib/python3.8/site-packages/airflow/example_dags/example_python_decorator.py
[2024-03-26T08:55:46.587+0000] {processor.py:840} INFO - DAG(s) 'example_python_decorator' retrieved from /home/airflow/.local/lib/python3.8/site-packages/airflow/example_dags/example_python_decorator.py
[2024-03-26T08:55:46.603+0000] {logging_mixin.py:188} INFO - [2024-03-26T08:55:46.603+0000] {dag.py:3036} INFO - Sync 1 DAGs
[2024-03-26T08:55:46.613+0000] {logging_mixin.py:188} INFO - [2024-03-26T08:55:46.613+0000] {dag.py:3823} INFO - Setting next_dagrun for example_python_decorator to None, run_after=None
[2024-03-26T08:55:46.630+0000] {processor.py:183} INFO - Processing /home/airflow/.local/lib/python3.8/site-packages/airflow/example_dags/example_python_decorator.py took 0.056 seconds
[2024-03-26T08:56:16.831+0000] {processor.py:161} INFO - Started process (PID=398) to work on /home/airflow/.local/lib/python3.8/site-packages/airflow/example_dags/example_python_decorator.py
[2024-03-26T08:56:16.832+0000] {processor.py:830} INFO - Processing file /home/airflow/.local/lib/python3.8/site-packages/airflow/example_dags/example_python_decorator.py for tasks to queue
[2024-03-26T08:56:16.833+0000] {logging_mixin.py:188} INFO - [2024-03-26T08:56:16.833+0000] {dagbag.py:538} INFO - Filling up the DagBag from /home/airflow/.local/lib/python3.8/site-packages/airflow/example_dags/example_python_decorator.py
[2024-03-26T08:56:16.843+0000] {processor.py:840} INFO - DAG(s) 'example_python_decorator' retrieved from /home/airflow/.local/lib/python3.8/site-packages/airflow/example_dags/example_python_decorator.py
[2024-03-26T08:56:16.861+0000] {logging_mixin.py:188} INFO - [2024-03-26T08:56:16.860+0000] {dag.py:3036} INFO - Sync 1 DAGs
[2024-03-26T08:56:16.871+0000] {logging_mixin.py:188} INFO - [2024-03-26T08:56:16.870+0000] {dag.py:3823} INFO - Setting next_dagrun for example_python_decorator to None, run_after=None
[2024-03-26T08:56:16.885+0000] {processor.py:183} INFO - Processing /home/airflow/.local/lib/python3.8/site-packages/airflow/example_dags/example_python_decorator.py took 0.057 seconds
[2024-03-26T08:56:47.189+0000] {processor.py:161} INFO - Started process (PID=454) to work on /home/airflow/.local/lib/python3.8/site-packages/airflow/example_dags/example_python_decorator.py
[2024-03-26T08:56:47.190+0000] {processor.py:830} INFO - Processing file /home/airflow/.local/lib/python3.8/site-packages/airflow/example_dags/example_python_decorator.py for tasks to queue
[2024-03-26T08:56:47.192+0000] {logging_mixin.py:188} INFO - [2024-03-26T08:56:47.192+0000] {dagbag.py:538} INFO - Filling up the DagBag from /home/airflow/.local/lib/python3.8/site-packages/airflow/example_dags/example_python_decorator.py
[2024-03-26T08:56:47.201+0000] {processor.py:840} INFO - DAG(s) 'example_python_decorator' retrieved from /home/airflow/.local/lib/python3.8/site-packages/airflow/example_dags/example_python_decorator.py
[2024-03-26T08:56:47.219+0000] {logging_mixin.py:188} INFO - [2024-03-26T08:56:47.218+0000] {dag.py:3036} INFO - Sync 1 DAGs
[2024-03-26T08:56:47.229+0000] {logging_mixin.py:188} INFO - [2024-03-26T08:56:47.229+0000] {dag.py:3823} INFO - Setting next_dagrun for example_python_decorator to None, run_after=None
[2024-03-26T08:56:47.245+0000] {processor.py:183} INFO - Processing /home/airflow/.local/lib/python3.8/site-packages/airflow/example_dags/example_python_decorator.py took 0.057 seconds
[2024-03-26T08:57:17.534+0000] {processor.py:161} INFO - Started process (PID=510) to work on /home/airflow/.local/lib/python3.8/site-packages/airflow/example_dags/example_python_decorator.py
[2024-03-26T08:57:17.535+0000] {processor.py:830} INFO - Processing file /home/airflow/.local/lib/python3.8/site-packages/airflow/example_dags/example_python_decorator.py for tasks to queue
[2024-03-26T08:57:17.537+0000] {logging_mixin.py:188} INFO - [2024-03-26T08:57:17.536+0000] {dagbag.py:538} INFO - Filling up the DagBag from /home/airflow/.local/lib/python3.8/site-packages/airflow/example_dags/example_python_decorator.py
[2024-03-26T08:57:17.546+0000] {processor.py:840} INFO - DAG(s) 'example_python_decorator' retrieved from /home/airflow/.local/lib/python3.8/site-packages/airflow/example_dags/example_python_decorator.py
[2024-03-26T08:57:17.563+0000] {logging_mixin.py:188} INFO - [2024-03-26T08:57:17.563+0000] {dag.py:3036} INFO - Sync 1 DAGs
[2024-03-26T08:57:17.573+0000] {logging_mixin.py:188} INFO - [2024-03-26T08:57:17.573+0000] {dag.py:3823} INFO - Setting next_dagrun for example_python_decorator to None, run_after=None
[2024-03-26T08:57:17.588+0000] {processor.py:183} INFO - Processing /home/airflow/.local/lib/python3.8/site-packages/airflow/example_dags/example_python_decorator.py took 0.056 seconds
[2024-03-26T08:57:48.047+0000] {processor.py:161} INFO - Started process (PID=566) to work on /home/airflow/.local/lib/python3.8/site-packages/airflow/example_dags/example_python_decorator.py
[2024-03-26T08:57:48.048+0000] {processor.py:830} INFO - Processing file /home/airflow/.local/lib/python3.8/site-packages/airflow/example_dags/example_python_decorator.py for tasks to queue
[2024-03-26T08:57:48.050+0000] {logging_mixin.py:188} INFO - [2024-03-26T08:57:48.049+0000] {dagbag.py:538} INFO - Filling up the DagBag from /home/airflow/.local/lib/python3.8/site-packages/airflow/example_dags/example_python_decorator.py
[2024-03-26T08:57:48.059+0000] {processor.py:840} INFO - DAG(s) 'example_python_decorator' retrieved from /home/airflow/.local/lib/python3.8/site-packages/airflow/example_dags/example_python_decorator.py
[2024-03-26T08:57:48.076+0000] {logging_mixin.py:188} INFO - [2024-03-26T08:57:48.076+0000] {dag.py:3036} INFO - Sync 1 DAGs
[2024-03-26T08:57:48.086+0000] {logging_mixin.py:188} INFO - [2024-03-26T08:57:48.086+0000] {dag.py:3823} INFO - Setting next_dagrun for example_python_decorator to None, run_after=None
[2024-03-26T08:57:48.107+0000] {processor.py:183} INFO - Processing /home/airflow/.local/lib/python3.8/site-packages/airflow/example_dags/example_python_decorator.py took 0.062 seconds
[2024-03-26T08:58:18.516+0000] {processor.py:161} INFO - Started process (PID=622) to work on /home/airflow/.local/lib/python3.8/site-packages/airflow/example_dags/example_python_decorator.py
[2024-03-26T08:58:18.517+0000] {processor.py:830} INFO - Processing file /home/airflow/.local/lib/python3.8/site-packages/airflow/example_dags/example_python_decorator.py for tasks to queue
[2024-03-26T08:58:18.518+0000] {logging_mixin.py:188} INFO - [2024-03-26T08:58:18.518+0000] {dagbag.py:538} INFO - Filling up the DagBag from /home/airflow/.local/lib/python3.8/site-packages/airflow/example_dags/example_python_decorator.py
[2024-03-26T08:58:18.529+0000] {processor.py:840} INFO - DAG(s) 'example_python_decorator' retrieved from /home/airflow/.local/lib/python3.8/site-packages/airflow/example_dags/example_python_decorator.py
[2024-03-26T08:58:18.549+0000] {logging_mixin.py:188} INFO - [2024-03-26T08:58:18.548+0000] {dag.py:3036} INFO - Sync 1 DAGs
[2024-03-26T08:58:18.563+0000] {logging_mixin.py:188} INFO - [2024-03-26T08:58:18.563+0000] {dag.py:3823} INFO - Setting next_dagrun for example_python_decorator to None, run_after=None
[2024-03-26T08:58:18.581+0000] {processor.py:183} INFO - Processing /home/airflow/.local/lib/python3.8/site-packages/airflow/example_dags/example_python_decorator.py took 0.067 seconds
[2024-03-26T08:58:49.022+0000] {processor.py:161} INFO - Started process (PID=678) to work on /home/airflow/.local/lib/python3.8/site-packages/airflow/example_dags/example_python_decorator.py
[2024-03-26T08:58:49.023+0000] {processor.py:830} INFO - Processing file /home/airflow/.local/lib/python3.8/site-packages/airflow/example_dags/example_python_decorator.py for tasks to queue
[2024-03-26T08:58:49.025+0000] {logging_mixin.py:188} INFO - [2024-03-26T08:58:49.024+0000] {dagbag.py:538} INFO - Filling up the DagBag from /home/airflow/.local/lib/python3.8/site-packages/airflow/example_dags/example_python_decorator.py
[2024-03-26T08:58:49.034+0000] {processor.py:840} INFO - DAG(s) 'example_python_decorator' retrieved from /home/airflow/.local/lib/python3.8/site-packages/airflow/example_dags/example_python_decorator.py
[2024-03-26T08:58:49.052+0000] {logging_mixin.py:188} INFO - [2024-03-26T08:58:49.051+0000] {dag.py:3036} INFO - Sync 1 DAGs
[2024-03-26T08:58:49.062+0000] {logging_mixin.py:188} INFO - [2024-03-26T08:58:49.062+0000] {dag.py:3823} INFO - Setting next_dagrun for example_python_decorator to None, run_after=None
[2024-03-26T08:58:49.078+0000] {processor.py:183} INFO - Processing /home/airflow/.local/lib/python3.8/site-packages/airflow/example_dags/example_python_decorator.py took 0.059 seconds
[2024-03-26T09:07:41.334+0000] {processor.py:161} INFO - Started process (PID=63) to work on /home/airflow/.local/lib/python3.8/site-packages/airflow/example_dags/example_python_decorator.py
[2024-03-26T09:07:41.335+0000] {processor.py:830} INFO - Processing file /home/airflow/.local/lib/python3.8/site-packages/airflow/example_dags/example_python_decorator.py for tasks to queue
[2024-03-26T09:07:41.337+0000] {logging_mixin.py:188} INFO - [2024-03-26T09:07:41.337+0000] {dagbag.py:538} INFO - Filling up the DagBag from /home/airflow/.local/lib/python3.8/site-packages/airflow/example_dags/example_python_decorator.py
[2024-03-26T09:07:41.356+0000] {processor.py:840} INFO - DAG(s) 'example_python_decorator' retrieved from /home/airflow/.local/lib/python3.8/site-packages/airflow/example_dags/example_python_decorator.py
[2024-03-26T09:07:41.368+0000] {logging_mixin.py:188} INFO - [2024-03-26T09:07:41.368+0000] {dag.py:3036} INFO - Sync 1 DAGs
[2024-03-26T09:07:41.384+0000] {logging_mixin.py:188} INFO - [2024-03-26T09:07:41.384+0000] {dag.py:3823} INFO - Setting next_dagrun for example_python_decorator to None, run_after=None
[2024-03-26T09:07:41.405+0000] {processor.py:183} INFO - Processing /home/airflow/.local/lib/python3.8/site-packages/airflow/example_dags/example_python_decorator.py took 0.076 seconds
[2024-03-26T09:08:12.136+0000] {processor.py:161} INFO - Started process (PID=121) to work on /home/airflow/.local/lib/python3.8/site-packages/airflow/example_dags/example_python_decorator.py
[2024-03-26T09:08:12.137+0000] {processor.py:830} INFO - Processing file /home/airflow/.local/lib/python3.8/site-packages/airflow/example_dags/example_python_decorator.py for tasks to queue
[2024-03-26T09:08:12.139+0000] {logging_mixin.py:188} INFO - [2024-03-26T09:08:12.138+0000] {dagbag.py:538} INFO - Filling up the DagBag from /home/airflow/.local/lib/python3.8/site-packages/airflow/example_dags/example_python_decorator.py
[2024-03-26T09:08:12.148+0000] {processor.py:840} INFO - DAG(s) 'example_python_decorator' retrieved from /home/airflow/.local/lib/python3.8/site-packages/airflow/example_dags/example_python_decorator.py
[2024-03-26T09:08:12.232+0000] {logging_mixin.py:188} INFO - [2024-03-26T09:08:12.231+0000] {dag.py:3036} INFO - Sync 1 DAGs
[2024-03-26T09:08:12.242+0000] {logging_mixin.py:188} INFO - [2024-03-26T09:08:12.242+0000] {dag.py:3823} INFO - Setting next_dagrun for example_python_decorator to None, run_after=None
[2024-03-26T09:08:12.264+0000] {processor.py:183} INFO - Processing /home/airflow/.local/lib/python3.8/site-packages/airflow/example_dags/example_python_decorator.py took 0.129 seconds
[2024-03-26T09:08:43.099+0000] {processor.py:161} INFO - Started process (PID=178) to work on /home/airflow/.local/lib/python3.8/site-packages/airflow/example_dags/example_python_decorator.py
[2024-03-26T09:08:43.100+0000] {processor.py:830} INFO - Processing file /home/airflow/.local/lib/python3.8/site-packages/airflow/example_dags/example_python_decorator.py for tasks to queue
[2024-03-26T09:08:43.101+0000] {logging_mixin.py:188} INFO - [2024-03-26T09:08:43.101+0000] {dagbag.py:538} INFO - Filling up the DagBag from /home/airflow/.local/lib/python3.8/site-packages/airflow/example_dags/example_python_decorator.py
[2024-03-26T09:08:43.112+0000] {processor.py:840} INFO - DAG(s) 'example_python_decorator' retrieved from /home/airflow/.local/lib/python3.8/site-packages/airflow/example_dags/example_python_decorator.py
[2024-03-26T09:08:43.129+0000] {logging_mixin.py:188} INFO - [2024-03-26T09:08:43.129+0000] {dag.py:3036} INFO - Sync 1 DAGs
[2024-03-26T09:08:43.142+0000] {logging_mixin.py:188} INFO - [2024-03-26T09:08:43.142+0000] {dag.py:3823} INFO - Setting next_dagrun for example_python_decorator to None, run_after=None
[2024-03-26T09:08:43.160+0000] {processor.py:183} INFO - Processing /home/airflow/.local/lib/python3.8/site-packages/airflow/example_dags/example_python_decorator.py took 0.063 seconds
[2024-03-26T09:09:13.742+0000] {processor.py:161} INFO - Started process (PID=235) to work on /home/airflow/.local/lib/python3.8/site-packages/airflow/example_dags/example_python_decorator.py
[2024-03-26T09:09:13.743+0000] {processor.py:830} INFO - Processing file /home/airflow/.local/lib/python3.8/site-packages/airflow/example_dags/example_python_decorator.py for tasks to queue
[2024-03-26T09:09:13.745+0000] {logging_mixin.py:188} INFO - [2024-03-26T09:09:13.744+0000] {dagbag.py:538} INFO - Filling up the DagBag from /home/airflow/.local/lib/python3.8/site-packages/airflow/example_dags/example_python_decorator.py
[2024-03-26T09:09:13.755+0000] {processor.py:840} INFO - DAG(s) 'example_python_decorator' retrieved from /home/airflow/.local/lib/python3.8/site-packages/airflow/example_dags/example_python_decorator.py
[2024-03-26T09:09:13.776+0000] {logging_mixin.py:188} INFO - [2024-03-26T09:09:13.776+0000] {dag.py:3036} INFO - Sync 1 DAGs
[2024-03-26T09:09:13.787+0000] {logging_mixin.py:188} INFO - [2024-03-26T09:09:13.787+0000] {dag.py:3823} INFO - Setting next_dagrun for example_python_decorator to None, run_after=None
[2024-03-26T09:09:13.812+0000] {processor.py:183} INFO - Processing /home/airflow/.local/lib/python3.8/site-packages/airflow/example_dags/example_python_decorator.py took 0.073 seconds
[2024-03-26T09:09:44.538+0000] {processor.py:161} INFO - Started process (PID=292) to work on /home/airflow/.local/lib/python3.8/site-packages/airflow/example_dags/example_python_decorator.py
[2024-03-26T09:09:44.539+0000] {processor.py:830} INFO - Processing file /home/airflow/.local/lib/python3.8/site-packages/airflow/example_dags/example_python_decorator.py for tasks to queue
[2024-03-26T09:09:44.541+0000] {logging_mixin.py:188} INFO - [2024-03-26T09:09:44.541+0000] {dagbag.py:538} INFO - Filling up the DagBag from /home/airflow/.local/lib/python3.8/site-packages/airflow/example_dags/example_python_decorator.py
[2024-03-26T09:09:44.558+0000] {processor.py:840} INFO - DAG(s) 'example_python_decorator' retrieved from /home/airflow/.local/lib/python3.8/site-packages/airflow/example_dags/example_python_decorator.py
[2024-03-26T09:09:44.584+0000] {logging_mixin.py:188} INFO - [2024-03-26T09:09:44.584+0000] {dag.py:3036} INFO - Sync 1 DAGs
[2024-03-26T09:09:44.595+0000] {logging_mixin.py:188} INFO - [2024-03-26T09:09:44.595+0000] {dag.py:3823} INFO - Setting next_dagrun for example_python_decorator to None, run_after=None
[2024-03-26T09:09:44.612+0000] {processor.py:183} INFO - Processing /home/airflow/.local/lib/python3.8/site-packages/airflow/example_dags/example_python_decorator.py took 0.077 seconds
[2024-03-26T09:10:15.205+0000] {processor.py:161} INFO - Started process (PID=349) to work on /home/airflow/.local/lib/python3.8/site-packages/airflow/example_dags/example_python_decorator.py
[2024-03-26T09:10:15.206+0000] {processor.py:830} INFO - Processing file /home/airflow/.local/lib/python3.8/site-packages/airflow/example_dags/example_python_decorator.py for tasks to queue
[2024-03-26T09:10:15.208+0000] {logging_mixin.py:188} INFO - [2024-03-26T09:10:15.208+0000] {dagbag.py:538} INFO - Filling up the DagBag from /home/airflow/.local/lib/python3.8/site-packages/airflow/example_dags/example_python_decorator.py
[2024-03-26T09:10:15.219+0000] {processor.py:840} INFO - DAG(s) 'example_python_decorator' retrieved from /home/airflow/.local/lib/python3.8/site-packages/airflow/example_dags/example_python_decorator.py
[2024-03-26T09:10:15.237+0000] {logging_mixin.py:188} INFO - [2024-03-26T09:10:15.237+0000] {dag.py:3036} INFO - Sync 1 DAGs
[2024-03-26T09:10:15.249+0000] {logging_mixin.py:188} INFO - [2024-03-26T09:10:15.249+0000] {dag.py:3823} INFO - Setting next_dagrun for example_python_decorator to None, run_after=None
[2024-03-26T09:10:15.266+0000] {processor.py:183} INFO - Processing /home/airflow/.local/lib/python3.8/site-packages/airflow/example_dags/example_python_decorator.py took 0.063 seconds
[2024-03-26T09:50:57.689+0000] {processor.py:161} INFO - Started process (PID=63) to work on /home/airflow/.local/lib/python3.8/site-packages/airflow/example_dags/example_python_decorator.py
[2024-03-26T09:50:57.690+0000] {processor.py:830} INFO - Processing file /home/airflow/.local/lib/python3.8/site-packages/airflow/example_dags/example_python_decorator.py for tasks to queue
[2024-03-26T09:50:57.692+0000] {logging_mixin.py:188} INFO - [2024-03-26T09:50:57.692+0000] {dagbag.py:538} INFO - Filling up the DagBag from /home/airflow/.local/lib/python3.8/site-packages/airflow/example_dags/example_python_decorator.py
[2024-03-26T09:50:57.705+0000] {processor.py:840} INFO - DAG(s) 'example_python_decorator' retrieved from /home/airflow/.local/lib/python3.8/site-packages/airflow/example_dags/example_python_decorator.py
[2024-03-26T09:50:57.720+0000] {logging_mixin.py:188} INFO - [2024-03-26T09:50:57.720+0000] {dag.py:3036} INFO - Sync 1 DAGs
[2024-03-26T09:50:57.737+0000] {logging_mixin.py:188} INFO - [2024-03-26T09:50:57.737+0000] {dag.py:3823} INFO - Setting next_dagrun for example_python_decorator to None, run_after=None
[2024-03-26T09:50:57.760+0000] {processor.py:183} INFO - Processing /home/airflow/.local/lib/python3.8/site-packages/airflow/example_dags/example_python_decorator.py took 0.073 seconds
[2024-03-26T09:51:28.250+0000] {processor.py:161} INFO - Started process (PID=120) to work on /home/airflow/.local/lib/python3.8/site-packages/airflow/example_dags/example_python_decorator.py
[2024-03-26T09:51:28.251+0000] {processor.py:830} INFO - Processing file /home/airflow/.local/lib/python3.8/site-packages/airflow/example_dags/example_python_decorator.py for tasks to queue
[2024-03-26T09:51:28.252+0000] {logging_mixin.py:188} INFO - [2024-03-26T09:51:28.252+0000] {dagbag.py:538} INFO - Filling up the DagBag from /home/airflow/.local/lib/python3.8/site-packages/airflow/example_dags/example_python_decorator.py
[2024-03-26T09:51:28.262+0000] {processor.py:840} INFO - DAG(s) 'example_python_decorator' retrieved from /home/airflow/.local/lib/python3.8/site-packages/airflow/example_dags/example_python_decorator.py
[2024-03-26T09:51:28.347+0000] {logging_mixin.py:188} INFO - [2024-03-26T09:51:28.347+0000] {dag.py:3036} INFO - Sync 1 DAGs
[2024-03-26T09:51:28.356+0000] {logging_mixin.py:188} INFO - [2024-03-26T09:51:28.356+0000] {dag.py:3823} INFO - Setting next_dagrun for example_python_decorator to None, run_after=None
[2024-03-26T09:51:28.373+0000] {processor.py:183} INFO - Processing /home/airflow/.local/lib/python3.8/site-packages/airflow/example_dags/example_python_decorator.py took 0.126 seconds
[2024-03-26T09:51:58.836+0000] {processor.py:161} INFO - Started process (PID=177) to work on /home/airflow/.local/lib/python3.8/site-packages/airflow/example_dags/example_python_decorator.py
[2024-03-26T09:51:58.837+0000] {processor.py:830} INFO - Processing file /home/airflow/.local/lib/python3.8/site-packages/airflow/example_dags/example_python_decorator.py for tasks to queue
[2024-03-26T09:51:58.839+0000] {logging_mixin.py:188} INFO - [2024-03-26T09:51:58.838+0000] {dagbag.py:538} INFO - Filling up the DagBag from /home/airflow/.local/lib/python3.8/site-packages/airflow/example_dags/example_python_decorator.py
[2024-03-26T09:51:58.849+0000] {processor.py:840} INFO - DAG(s) 'example_python_decorator' retrieved from /home/airflow/.local/lib/python3.8/site-packages/airflow/example_dags/example_python_decorator.py
[2024-03-26T09:51:58.865+0000] {logging_mixin.py:188} INFO - [2024-03-26T09:51:58.865+0000] {dag.py:3036} INFO - Sync 1 DAGs
[2024-03-26T09:51:58.875+0000] {logging_mixin.py:188} INFO - [2024-03-26T09:51:58.874+0000] {dag.py:3823} INFO - Setting next_dagrun for example_python_decorator to None, run_after=None
[2024-03-26T09:51:58.890+0000] {processor.py:183} INFO - Processing /home/airflow/.local/lib/python3.8/site-packages/airflow/example_dags/example_python_decorator.py took 0.056 seconds
[2024-03-26T09:52:29.628+0000] {processor.py:161} INFO - Started process (PID=234) to work on /home/airflow/.local/lib/python3.8/site-packages/airflow/example_dags/example_python_decorator.py
[2024-03-26T09:52:29.629+0000] {processor.py:830} INFO - Processing file /home/airflow/.local/lib/python3.8/site-packages/airflow/example_dags/example_python_decorator.py for tasks to queue
[2024-03-26T09:52:29.631+0000] {logging_mixin.py:188} INFO - [2024-03-26T09:52:29.630+0000] {dagbag.py:538} INFO - Filling up the DagBag from /home/airflow/.local/lib/python3.8/site-packages/airflow/example_dags/example_python_decorator.py
[2024-03-26T09:52:29.642+0000] {processor.py:840} INFO - DAG(s) 'example_python_decorator' retrieved from /home/airflow/.local/lib/python3.8/site-packages/airflow/example_dags/example_python_decorator.py
[2024-03-26T09:52:29.660+0000] {logging_mixin.py:188} INFO - [2024-03-26T09:52:29.660+0000] {dag.py:3036} INFO - Sync 1 DAGs
[2024-03-26T09:52:29.671+0000] {logging_mixin.py:188} INFO - [2024-03-26T09:52:29.671+0000] {dag.py:3823} INFO - Setting next_dagrun for example_python_decorator to None, run_after=None
[2024-03-26T09:52:29.688+0000] {processor.py:183} INFO - Processing /home/airflow/.local/lib/python3.8/site-packages/airflow/example_dags/example_python_decorator.py took 0.062 seconds
[2024-03-26T09:53:00.513+0000] {processor.py:161} INFO - Started process (PID=291) to work on /home/airflow/.local/lib/python3.8/site-packages/airflow/example_dags/example_python_decorator.py
[2024-03-26T09:53:00.514+0000] {processor.py:830} INFO - Processing file /home/airflow/.local/lib/python3.8/site-packages/airflow/example_dags/example_python_decorator.py for tasks to queue
[2024-03-26T09:53:00.516+0000] {logging_mixin.py:188} INFO - [2024-03-26T09:53:00.516+0000] {dagbag.py:538} INFO - Filling up the DagBag from /home/airflow/.local/lib/python3.8/site-packages/airflow/example_dags/example_python_decorator.py
[2024-03-26T09:53:00.526+0000] {processor.py:840} INFO - DAG(s) 'example_python_decorator' retrieved from /home/airflow/.local/lib/python3.8/site-packages/airflow/example_dags/example_python_decorator.py
[2024-03-26T09:53:00.542+0000] {logging_mixin.py:188} INFO - [2024-03-26T09:53:00.542+0000] {dag.py:3036} INFO - Sync 1 DAGs
[2024-03-26T09:53:00.554+0000] {logging_mixin.py:188} INFO - [2024-03-26T09:53:00.553+0000] {dag.py:3823} INFO - Setting next_dagrun for example_python_decorator to None, run_after=None
[2024-03-26T09:53:00.570+0000] {processor.py:183} INFO - Processing /home/airflow/.local/lib/python3.8/site-packages/airflow/example_dags/example_python_decorator.py took 0.059 seconds
[2024-03-26T09:53:30.900+0000] {processor.py:161} INFO - Started process (PID=348) to work on /home/airflow/.local/lib/python3.8/site-packages/airflow/example_dags/example_python_decorator.py
[2024-03-26T09:53:30.901+0000] {processor.py:830} INFO - Processing file /home/airflow/.local/lib/python3.8/site-packages/airflow/example_dags/example_python_decorator.py for tasks to queue
[2024-03-26T09:53:30.903+0000] {logging_mixin.py:188} INFO - [2024-03-26T09:53:30.902+0000] {dagbag.py:538} INFO - Filling up the DagBag from /home/airflow/.local/lib/python3.8/site-packages/airflow/example_dags/example_python_decorator.py
[2024-03-26T09:53:30.913+0000] {processor.py:840} INFO - DAG(s) 'example_python_decorator' retrieved from /home/airflow/.local/lib/python3.8/site-packages/airflow/example_dags/example_python_decorator.py
[2024-03-26T09:53:30.930+0000] {logging_mixin.py:188} INFO - [2024-03-26T09:53:30.930+0000] {dag.py:3036} INFO - Sync 1 DAGs
[2024-03-26T09:53:30.940+0000] {logging_mixin.py:188} INFO - [2024-03-26T09:53:30.940+0000] {dag.py:3823} INFO - Setting next_dagrun for example_python_decorator to None, run_after=None
[2024-03-26T09:53:30.956+0000] {processor.py:183} INFO - Processing /home/airflow/.local/lib/python3.8/site-packages/airflow/example_dags/example_python_decorator.py took 0.058 seconds
[2024-03-26T09:54:02.021+0000] {processor.py:161} INFO - Started process (PID=405) to work on /home/airflow/.local/lib/python3.8/site-packages/airflow/example_dags/example_python_decorator.py
[2024-03-26T09:54:02.022+0000] {processor.py:830} INFO - Processing file /home/airflow/.local/lib/python3.8/site-packages/airflow/example_dags/example_python_decorator.py for tasks to queue
[2024-03-26T09:54:02.023+0000] {logging_mixin.py:188} INFO - [2024-03-26T09:54:02.023+0000] {dagbag.py:538} INFO - Filling up the DagBag from /home/airflow/.local/lib/python3.8/site-packages/airflow/example_dags/example_python_decorator.py
[2024-03-26T09:54:02.034+0000] {processor.py:840} INFO - DAG(s) 'example_python_decorator' retrieved from /home/airflow/.local/lib/python3.8/site-packages/airflow/example_dags/example_python_decorator.py
[2024-03-26T09:54:02.052+0000] {logging_mixin.py:188} INFO - [2024-03-26T09:54:02.051+0000] {dag.py:3036} INFO - Sync 1 DAGs
[2024-03-26T09:54:02.062+0000] {logging_mixin.py:188} INFO - [2024-03-26T09:54:02.061+0000] {dag.py:3823} INFO - Setting next_dagrun for example_python_decorator to None, run_after=None
[2024-03-26T09:54:02.077+0000] {processor.py:183} INFO - Processing /home/airflow/.local/lib/python3.8/site-packages/airflow/example_dags/example_python_decorator.py took 0.058 seconds
[2024-03-26T09:54:32.589+0000] {processor.py:161} INFO - Started process (PID=462) to work on /home/airflow/.local/lib/python3.8/site-packages/airflow/example_dags/example_python_decorator.py
[2024-03-26T09:54:32.590+0000] {processor.py:830} INFO - Processing file /home/airflow/.local/lib/python3.8/site-packages/airflow/example_dags/example_python_decorator.py for tasks to queue
[2024-03-26T09:54:32.592+0000] {logging_mixin.py:188} INFO - [2024-03-26T09:54:32.591+0000] {dagbag.py:538} INFO - Filling up the DagBag from /home/airflow/.local/lib/python3.8/site-packages/airflow/example_dags/example_python_decorator.py
[2024-03-26T09:54:32.604+0000] {processor.py:840} INFO - DAG(s) 'example_python_decorator' retrieved from /home/airflow/.local/lib/python3.8/site-packages/airflow/example_dags/example_python_decorator.py
[2024-03-26T09:54:32.625+0000] {logging_mixin.py:188} INFO - [2024-03-26T09:54:32.624+0000] {dag.py:3036} INFO - Sync 1 DAGs
[2024-03-26T09:54:32.636+0000] {logging_mixin.py:188} INFO - [2024-03-26T09:54:32.636+0000] {dag.py:3823} INFO - Setting next_dagrun for example_python_decorator to None, run_after=None
[2024-03-26T09:54:32.654+0000] {processor.py:183} INFO - Processing /home/airflow/.local/lib/python3.8/site-packages/airflow/example_dags/example_python_decorator.py took 0.068 seconds
[2024-03-26T09:55:02.977+0000] {processor.py:161} INFO - Started process (PID=518) to work on /home/airflow/.local/lib/python3.8/site-packages/airflow/example_dags/example_python_decorator.py
[2024-03-26T09:55:02.978+0000] {processor.py:830} INFO - Processing file /home/airflow/.local/lib/python3.8/site-packages/airflow/example_dags/example_python_decorator.py for tasks to queue
[2024-03-26T09:55:02.979+0000] {logging_mixin.py:188} INFO - [2024-03-26T09:55:02.979+0000] {dagbag.py:538} INFO - Filling up the DagBag from /home/airflow/.local/lib/python3.8/site-packages/airflow/example_dags/example_python_decorator.py
[2024-03-26T09:55:02.989+0000] {processor.py:840} INFO - DAG(s) 'example_python_decorator' retrieved from /home/airflow/.local/lib/python3.8/site-packages/airflow/example_dags/example_python_decorator.py
[2024-03-26T09:55:03.006+0000] {logging_mixin.py:188} INFO - [2024-03-26T09:55:03.006+0000] {dag.py:3036} INFO - Sync 1 DAGs
[2024-03-26T09:55:03.016+0000] {logging_mixin.py:188} INFO - [2024-03-26T09:55:03.016+0000] {dag.py:3823} INFO - Setting next_dagrun for example_python_decorator to None, run_after=None
[2024-03-26T09:55:03.031+0000] {processor.py:183} INFO - Processing /home/airflow/.local/lib/python3.8/site-packages/airflow/example_dags/example_python_decorator.py took 0.056 seconds
[2024-03-26T09:55:33.466+0000] {processor.py:161} INFO - Started process (PID=574) to work on /home/airflow/.local/lib/python3.8/site-packages/airflow/example_dags/example_python_decorator.py
[2024-03-26T09:55:33.468+0000] {processor.py:830} INFO - Processing file /home/airflow/.local/lib/python3.8/site-packages/airflow/example_dags/example_python_decorator.py for tasks to queue
[2024-03-26T09:55:33.469+0000] {logging_mixin.py:188} INFO - [2024-03-26T09:55:33.469+0000] {dagbag.py:538} INFO - Filling up the DagBag from /home/airflow/.local/lib/python3.8/site-packages/airflow/example_dags/example_python_decorator.py
[2024-03-26T09:55:33.480+0000] {processor.py:840} INFO - DAG(s) 'example_python_decorator' retrieved from /home/airflow/.local/lib/python3.8/site-packages/airflow/example_dags/example_python_decorator.py
[2024-03-26T09:55:33.499+0000] {logging_mixin.py:188} INFO - [2024-03-26T09:55:33.499+0000] {dag.py:3036} INFO - Sync 1 DAGs
[2024-03-26T09:55:33.512+0000] {logging_mixin.py:188} INFO - [2024-03-26T09:55:33.511+0000] {dag.py:3823} INFO - Setting next_dagrun for example_python_decorator to None, run_after=None
[2024-03-26T09:55:33.534+0000] {processor.py:183} INFO - Processing /home/airflow/.local/lib/python3.8/site-packages/airflow/example_dags/example_python_decorator.py took 0.071 seconds
[2024-03-26T09:56:04.113+0000] {processor.py:161} INFO - Started process (PID=631) to work on /home/airflow/.local/lib/python3.8/site-packages/airflow/example_dags/example_python_decorator.py
[2024-03-26T09:56:04.114+0000] {processor.py:830} INFO - Processing file /home/airflow/.local/lib/python3.8/site-packages/airflow/example_dags/example_python_decorator.py for tasks to queue
[2024-03-26T09:56:04.115+0000] {logging_mixin.py:188} INFO - [2024-03-26T09:56:04.115+0000] {dagbag.py:538} INFO - Filling up the DagBag from /home/airflow/.local/lib/python3.8/site-packages/airflow/example_dags/example_python_decorator.py
[2024-03-26T09:56:04.126+0000] {processor.py:840} INFO - DAG(s) 'example_python_decorator' retrieved from /home/airflow/.local/lib/python3.8/site-packages/airflow/example_dags/example_python_decorator.py
[2024-03-26T09:56:04.144+0000] {logging_mixin.py:188} INFO - [2024-03-26T09:56:04.144+0000] {dag.py:3036} INFO - Sync 1 DAGs
[2024-03-26T09:56:04.157+0000] {logging_mixin.py:188} INFO - [2024-03-26T09:56:04.157+0000] {dag.py:3823} INFO - Setting next_dagrun for example_python_decorator to None, run_after=None
[2024-03-26T09:56:04.175+0000] {processor.py:183} INFO - Processing /home/airflow/.local/lib/python3.8/site-packages/airflow/example_dags/example_python_decorator.py took 0.065 seconds
[2024-03-26T09:57:47.388+0000] {processor.py:161} INFO - Started process (PID=63) to work on /home/airflow/.local/lib/python3.8/site-packages/airflow/example_dags/example_python_decorator.py
[2024-03-26T09:57:47.389+0000] {processor.py:830} INFO - Processing file /home/airflow/.local/lib/python3.8/site-packages/airflow/example_dags/example_python_decorator.py for tasks to queue
[2024-03-26T09:57:47.391+0000] {logging_mixin.py:188} INFO - [2024-03-26T09:57:47.390+0000] {dagbag.py:538} INFO - Filling up the DagBag from /home/airflow/.local/lib/python3.8/site-packages/airflow/example_dags/example_python_decorator.py
[2024-03-26T09:57:47.404+0000] {processor.py:840} INFO - DAG(s) 'example_python_decorator' retrieved from /home/airflow/.local/lib/python3.8/site-packages/airflow/example_dags/example_python_decorator.py
[2024-03-26T09:57:47.413+0000] {logging_mixin.py:188} INFO - [2024-03-26T09:57:47.413+0000] {dag.py:3036} INFO - Sync 1 DAGs
[2024-03-26T09:57:47.425+0000] {logging_mixin.py:188} INFO - [2024-03-26T09:57:47.424+0000] {dag.py:3823} INFO - Setting next_dagrun for example_python_decorator to None, run_after=None
[2024-03-26T09:57:47.442+0000] {processor.py:183} INFO - Processing /home/airflow/.local/lib/python3.8/site-packages/airflow/example_dags/example_python_decorator.py took 0.056 seconds
[2024-03-26T09:58:17.924+0000] {processor.py:161} INFO - Started process (PID=120) to work on /home/airflow/.local/lib/python3.8/site-packages/airflow/example_dags/example_python_decorator.py
[2024-03-26T09:58:17.925+0000] {processor.py:830} INFO - Processing file /home/airflow/.local/lib/python3.8/site-packages/airflow/example_dags/example_python_decorator.py for tasks to queue
[2024-03-26T09:58:17.927+0000] {logging_mixin.py:188} INFO - [2024-03-26T09:58:17.926+0000] {dagbag.py:538} INFO - Filling up the DagBag from /home/airflow/.local/lib/python3.8/site-packages/airflow/example_dags/example_python_decorator.py
[2024-03-26T09:58:17.936+0000] {processor.py:840} INFO - DAG(s) 'example_python_decorator' retrieved from /home/airflow/.local/lib/python3.8/site-packages/airflow/example_dags/example_python_decorator.py
[2024-03-26T09:58:18.018+0000] {logging_mixin.py:188} INFO - [2024-03-26T09:58:18.017+0000] {dag.py:3036} INFO - Sync 1 DAGs
[2024-03-26T09:58:18.027+0000] {logging_mixin.py:188} INFO - [2024-03-26T09:58:18.027+0000] {dag.py:3823} INFO - Setting next_dagrun for example_python_decorator to None, run_after=None
[2024-03-26T09:58:18.046+0000] {processor.py:183} INFO - Processing /home/airflow/.local/lib/python3.8/site-packages/airflow/example_dags/example_python_decorator.py took 0.124 seconds
[2024-03-26T09:58:48.723+0000] {processor.py:161} INFO - Started process (PID=177) to work on /home/airflow/.local/lib/python3.8/site-packages/airflow/example_dags/example_python_decorator.py
[2024-03-26T09:58:48.724+0000] {processor.py:830} INFO - Processing file /home/airflow/.local/lib/python3.8/site-packages/airflow/example_dags/example_python_decorator.py for tasks to queue
[2024-03-26T09:58:48.727+0000] {logging_mixin.py:188} INFO - [2024-03-26T09:58:48.726+0000] {dagbag.py:538} INFO - Filling up the DagBag from /home/airflow/.local/lib/python3.8/site-packages/airflow/example_dags/example_python_decorator.py
[2024-03-26T09:58:48.738+0000] {processor.py:840} INFO - DAG(s) 'example_python_decorator' retrieved from /home/airflow/.local/lib/python3.8/site-packages/airflow/example_dags/example_python_decorator.py
[2024-03-26T09:58:48.759+0000] {logging_mixin.py:188} INFO - [2024-03-26T09:58:48.759+0000] {dag.py:3036} INFO - Sync 1 DAGs
[2024-03-26T09:58:48.771+0000] {logging_mixin.py:188} INFO - [2024-03-26T09:58:48.771+0000] {dag.py:3823} INFO - Setting next_dagrun for example_python_decorator to None, run_after=None
[2024-03-26T09:58:48.790+0000] {processor.py:183} INFO - Processing /home/airflow/.local/lib/python3.8/site-packages/airflow/example_dags/example_python_decorator.py took 0.070 seconds
[2024-03-26T10:11:03.332+0000] {processor.py:161} INFO - Started process (PID=62) to work on /home/airflow/.local/lib/python3.8/site-packages/airflow/example_dags/example_python_decorator.py
[2024-03-26T10:11:03.333+0000] {processor.py:830} INFO - Processing file /home/airflow/.local/lib/python3.8/site-packages/airflow/example_dags/example_python_decorator.py for tasks to queue
[2024-03-26T10:11:03.335+0000] {logging_mixin.py:188} INFO - [2024-03-26T10:11:03.335+0000] {dagbag.py:538} INFO - Filling up the DagBag from /home/airflow/.local/lib/python3.8/site-packages/airflow/example_dags/example_python_decorator.py
[2024-03-26T10:11:03.348+0000] {processor.py:840} INFO - DAG(s) 'example_python_decorator' retrieved from /home/airflow/.local/lib/python3.8/site-packages/airflow/example_dags/example_python_decorator.py
[2024-03-26T10:11:03.358+0000] {logging_mixin.py:188} INFO - [2024-03-26T10:11:03.358+0000] {dag.py:3036} INFO - Sync 1 DAGs
[2024-03-26T10:11:03.372+0000] {logging_mixin.py:188} INFO - [2024-03-26T10:11:03.372+0000] {dag.py:3823} INFO - Setting next_dagrun for example_python_decorator to None, run_after=None
[2024-03-26T10:11:03.396+0000] {processor.py:183} INFO - Processing /home/airflow/.local/lib/python3.8/site-packages/airflow/example_dags/example_python_decorator.py took 0.067 seconds
[2024-03-26T10:11:34.885+0000] {processor.py:161} INFO - Started process (PID=118) to work on /home/airflow/.local/lib/python3.8/site-packages/airflow/example_dags/example_python_decorator.py
[2024-03-26T10:11:34.886+0000] {processor.py:830} INFO - Processing file /home/airflow/.local/lib/python3.8/site-packages/airflow/example_dags/example_python_decorator.py for tasks to queue
[2024-03-26T10:11:34.887+0000] {logging_mixin.py:188} INFO - [2024-03-26T10:11:34.887+0000] {dagbag.py:538} INFO - Filling up the DagBag from /home/airflow/.local/lib/python3.8/site-packages/airflow/example_dags/example_python_decorator.py
[2024-03-26T10:11:34.897+0000] {processor.py:840} INFO - DAG(s) 'example_python_decorator' retrieved from /home/airflow/.local/lib/python3.8/site-packages/airflow/example_dags/example_python_decorator.py
[2024-03-26T10:11:34.981+0000] {logging_mixin.py:188} INFO - [2024-03-26T10:11:34.981+0000] {dag.py:3036} INFO - Sync 1 DAGs
[2024-03-26T10:11:34.991+0000] {logging_mixin.py:188} INFO - [2024-03-26T10:11:34.991+0000] {dag.py:3823} INFO - Setting next_dagrun for example_python_decorator to None, run_after=None
[2024-03-26T10:11:35.010+0000] {processor.py:183} INFO - Processing /home/airflow/.local/lib/python3.8/site-packages/airflow/example_dags/example_python_decorator.py took 0.128 seconds
[2024-03-26T10:12:49.530+0000] {processor.py:161} INFO - Started process (PID=63) to work on /home/airflow/.local/lib/python3.8/site-packages/airflow/example_dags/example_python_decorator.py
[2024-03-26T10:12:49.532+0000] {processor.py:830} INFO - Processing file /home/airflow/.local/lib/python3.8/site-packages/airflow/example_dags/example_python_decorator.py for tasks to queue
[2024-03-26T10:12:49.535+0000] {logging_mixin.py:188} INFO - [2024-03-26T10:12:49.534+0000] {dagbag.py:538} INFO - Filling up the DagBag from /home/airflow/.local/lib/python3.8/site-packages/airflow/example_dags/example_python_decorator.py
[2024-03-26T10:12:49.557+0000] {processor.py:840} INFO - DAG(s) 'example_python_decorator' retrieved from /home/airflow/.local/lib/python3.8/site-packages/airflow/example_dags/example_python_decorator.py
[2024-03-26T10:12:49.572+0000] {logging_mixin.py:188} INFO - [2024-03-26T10:12:49.571+0000] {dag.py:3036} INFO - Sync 1 DAGs
[2024-03-26T10:12:49.588+0000] {logging_mixin.py:188} INFO - [2024-03-26T10:12:49.587+0000] {dag.py:3823} INFO - Setting next_dagrun for example_python_decorator to None, run_after=None
[2024-03-26T10:12:49.613+0000] {processor.py:183} INFO - Processing /home/airflow/.local/lib/python3.8/site-packages/airflow/example_dags/example_python_decorator.py took 0.088 seconds
[2024-03-26T10:13:20.302+0000] {processor.py:161} INFO - Started process (PID=120) to work on /home/airflow/.local/lib/python3.8/site-packages/airflow/example_dags/example_python_decorator.py
[2024-03-26T10:13:20.303+0000] {processor.py:830} INFO - Processing file /home/airflow/.local/lib/python3.8/site-packages/airflow/example_dags/example_python_decorator.py for tasks to queue
[2024-03-26T10:13:20.304+0000] {logging_mixin.py:188} INFO - [2024-03-26T10:13:20.304+0000] {dagbag.py:538} INFO - Filling up the DagBag from /home/airflow/.local/lib/python3.8/site-packages/airflow/example_dags/example_python_decorator.py
[2024-03-26T10:13:20.316+0000] {processor.py:840} INFO - DAG(s) 'example_python_decorator' retrieved from /home/airflow/.local/lib/python3.8/site-packages/airflow/example_dags/example_python_decorator.py
[2024-03-26T10:13:20.403+0000] {logging_mixin.py:188} INFO - [2024-03-26T10:13:20.403+0000] {dag.py:3036} INFO - Sync 1 DAGs
[2024-03-26T10:13:20.413+0000] {logging_mixin.py:188} INFO - [2024-03-26T10:13:20.413+0000] {dag.py:3823} INFO - Setting next_dagrun for example_python_decorator to None, run_after=None
[2024-03-26T10:13:20.430+0000] {processor.py:183} INFO - Processing /home/airflow/.local/lib/python3.8/site-packages/airflow/example_dags/example_python_decorator.py took 0.130 seconds
[2024-03-26T10:13:50.912+0000] {processor.py:161} INFO - Started process (PID=177) to work on /home/airflow/.local/lib/python3.8/site-packages/airflow/example_dags/example_python_decorator.py
[2024-03-26T10:13:50.913+0000] {processor.py:830} INFO - Processing file /home/airflow/.local/lib/python3.8/site-packages/airflow/example_dags/example_python_decorator.py for tasks to queue
[2024-03-26T10:13:50.914+0000] {logging_mixin.py:188} INFO - [2024-03-26T10:13:50.914+0000] {dagbag.py:538} INFO - Filling up the DagBag from /home/airflow/.local/lib/python3.8/site-packages/airflow/example_dags/example_python_decorator.py
[2024-03-26T10:13:50.924+0000] {processor.py:840} INFO - DAG(s) 'example_python_decorator' retrieved from /home/airflow/.local/lib/python3.8/site-packages/airflow/example_dags/example_python_decorator.py
[2024-03-26T10:13:50.941+0000] {logging_mixin.py:188} INFO - [2024-03-26T10:13:50.941+0000] {dag.py:3036} INFO - Sync 1 DAGs
[2024-03-26T10:13:50.951+0000] {logging_mixin.py:188} INFO - [2024-03-26T10:13:50.951+0000] {dag.py:3823} INFO - Setting next_dagrun for example_python_decorator to None, run_after=None
[2024-03-26T10:13:50.968+0000] {processor.py:183} INFO - Processing /home/airflow/.local/lib/python3.8/site-packages/airflow/example_dags/example_python_decorator.py took 0.058 seconds
[2024-03-26T10:14:21.340+0000] {processor.py:161} INFO - Started process (PID=234) to work on /home/airflow/.local/lib/python3.8/site-packages/airflow/example_dags/example_python_decorator.py
[2024-03-26T10:14:21.341+0000] {processor.py:830} INFO - Processing file /home/airflow/.local/lib/python3.8/site-packages/airflow/example_dags/example_python_decorator.py for tasks to queue
[2024-03-26T10:14:21.342+0000] {logging_mixin.py:188} INFO - [2024-03-26T10:14:21.342+0000] {dagbag.py:538} INFO - Filling up the DagBag from /home/airflow/.local/lib/python3.8/site-packages/airflow/example_dags/example_python_decorator.py
[2024-03-26T10:14:21.352+0000] {processor.py:840} INFO - DAG(s) 'example_python_decorator' retrieved from /home/airflow/.local/lib/python3.8/site-packages/airflow/example_dags/example_python_decorator.py
[2024-03-26T10:14:21.369+0000] {logging_mixin.py:188} INFO - [2024-03-26T10:14:21.369+0000] {dag.py:3036} INFO - Sync 1 DAGs
[2024-03-26T10:14:21.381+0000] {logging_mixin.py:188} INFO - [2024-03-26T10:14:21.381+0000] {dag.py:3823} INFO - Setting next_dagrun for example_python_decorator to None, run_after=None
[2024-03-26T10:14:21.397+0000] {processor.py:183} INFO - Processing /home/airflow/.local/lib/python3.8/site-packages/airflow/example_dags/example_python_decorator.py took 0.060 seconds
[2024-03-26T10:15:15.570+0000] {processor.py:161} INFO - Started process (PID=63) to work on /home/airflow/.local/lib/python3.8/site-packages/airflow/example_dags/example_python_decorator.py
[2024-03-26T10:15:15.572+0000] {processor.py:830} INFO - Processing file /home/airflow/.local/lib/python3.8/site-packages/airflow/example_dags/example_python_decorator.py for tasks to queue
[2024-03-26T10:15:15.575+0000] {logging_mixin.py:188} INFO - [2024-03-26T10:15:15.574+0000] {dagbag.py:538} INFO - Filling up the DagBag from /home/airflow/.local/lib/python3.8/site-packages/airflow/example_dags/example_python_decorator.py
[2024-03-26T10:15:15.590+0000] {processor.py:840} INFO - DAG(s) 'example_python_decorator' retrieved from /home/airflow/.local/lib/python3.8/site-packages/airflow/example_dags/example_python_decorator.py
[2024-03-26T10:15:15.601+0000] {logging_mixin.py:188} INFO - [2024-03-26T10:15:15.601+0000] {dag.py:3036} INFO - Sync 1 DAGs
[2024-03-26T10:15:15.615+0000] {logging_mixin.py:188} INFO - [2024-03-26T10:15:15.614+0000] {dag.py:3823} INFO - Setting next_dagrun for example_python_decorator to None, run_after=None
[2024-03-26T10:15:15.643+0000] {processor.py:183} INFO - Processing /home/airflow/.local/lib/python3.8/site-packages/airflow/example_dags/example_python_decorator.py took 0.077 seconds
[2024-03-26T10:15:46.619+0000] {processor.py:161} INFO - Started process (PID=120) to work on /home/airflow/.local/lib/python3.8/site-packages/airflow/example_dags/example_python_decorator.py
[2024-03-26T10:15:46.621+0000] {processor.py:830} INFO - Processing file /home/airflow/.local/lib/python3.8/site-packages/airflow/example_dags/example_python_decorator.py for tasks to queue
[2024-03-26T10:15:46.623+0000] {logging_mixin.py:188} INFO - [2024-03-26T10:15:46.623+0000] {dagbag.py:538} INFO - Filling up the DagBag from /home/airflow/.local/lib/python3.8/site-packages/airflow/example_dags/example_python_decorator.py
[2024-03-26T10:15:46.643+0000] {processor.py:840} INFO - DAG(s) 'example_python_decorator' retrieved from /home/airflow/.local/lib/python3.8/site-packages/airflow/example_dags/example_python_decorator.py
[2024-03-26T10:15:46.957+0000] {logging_mixin.py:188} INFO - [2024-03-26T10:15:46.957+0000] {process_utils.py:262} INFO - Waiting up to 5 seconds for processes to exit...
[2024-03-26T10:17:22.810+0000] {processor.py:161} INFO - Started process (PID=63) to work on /home/airflow/.local/lib/python3.8/site-packages/airflow/example_dags/example_python_decorator.py
[2024-03-26T10:17:22.811+0000] {processor.py:830} INFO - Processing file /home/airflow/.local/lib/python3.8/site-packages/airflow/example_dags/example_python_decorator.py for tasks to queue
[2024-03-26T10:17:22.814+0000] {logging_mixin.py:188} INFO - [2024-03-26T10:17:22.814+0000] {dagbag.py:538} INFO - Filling up the DagBag from /home/airflow/.local/lib/python3.8/site-packages/airflow/example_dags/example_python_decorator.py
[2024-03-26T10:17:22.829+0000] {processor.py:840} INFO - DAG(s) 'example_python_decorator' retrieved from /home/airflow/.local/lib/python3.8/site-packages/airflow/example_dags/example_python_decorator.py
[2024-03-26T10:17:22.841+0000] {logging_mixin.py:188} INFO - [2024-03-26T10:17:22.841+0000] {dag.py:3036} INFO - Sync 1 DAGs
[2024-03-26T10:17:22.854+0000] {logging_mixin.py:188} INFO - [2024-03-26T10:17:22.854+0000] {dag.py:3823} INFO - Setting next_dagrun for example_python_decorator to None, run_after=None
[2024-03-26T10:17:22.876+0000] {processor.py:183} INFO - Processing /home/airflow/.local/lib/python3.8/site-packages/airflow/example_dags/example_python_decorator.py took 0.069 seconds
[2024-03-26T10:17:53.811+0000] {processor.py:161} INFO - Started process (PID=120) to work on /home/airflow/.local/lib/python3.8/site-packages/airflow/example_dags/example_python_decorator.py
[2024-03-26T10:17:53.812+0000] {processor.py:830} INFO - Processing file /home/airflow/.local/lib/python3.8/site-packages/airflow/example_dags/example_python_decorator.py for tasks to queue
[2024-03-26T10:17:53.814+0000] {logging_mixin.py:188} INFO - [2024-03-26T10:17:53.813+0000] {dagbag.py:538} INFO - Filling up the DagBag from /home/airflow/.local/lib/python3.8/site-packages/airflow/example_dags/example_python_decorator.py
[2024-03-26T10:17:53.826+0000] {processor.py:840} INFO - DAG(s) 'example_python_decorator' retrieved from /home/airflow/.local/lib/python3.8/site-packages/airflow/example_dags/example_python_decorator.py
[2024-03-26T10:17:53.931+0000] {logging_mixin.py:188} INFO - [2024-03-26T10:17:53.931+0000] {dag.py:3036} INFO - Sync 1 DAGs
[2024-03-26T10:17:53.942+0000] {logging_mixin.py:188} INFO - [2024-03-26T10:17:53.942+0000] {dag.py:3823} INFO - Setting next_dagrun for example_python_decorator to None, run_after=None
[2024-03-26T10:17:53.969+0000] {processor.py:183} INFO - Processing /home/airflow/.local/lib/python3.8/site-packages/airflow/example_dags/example_python_decorator.py took 0.161 seconds
