[2024-03-26T08:41:06.934+0000] {processor.py:161} INFO - Started process (PID=61) to work on /home/airflow/.local/lib/python3.8/site-packages/airflow/example_dags/example_short_circuit_decorator.py
[2024-03-26T08:41:06.935+0000] {processor.py:830} INFO - Processing file /home/airflow/.local/lib/python3.8/site-packages/airflow/example_dags/example_short_circuit_decorator.py for tasks to queue
[2024-03-26T08:41:06.936+0000] {logging_mixin.py:188} INFO - [2024-03-26T08:41:06.936+0000] {dagbag.py:538} INFO - Filling up the DagBag from /home/airflow/.local/lib/python3.8/site-packages/airflow/example_dags/example_short_circuit_decorator.py
[2024-03-26T08:41:06.946+0000] {processor.py:840} INFO - DAG(s) 'example_short_circuit_decorator' retrieved from /home/airflow/.local/lib/python3.8/site-packages/airflow/example_dags/example_short_circuit_decorator.py
[2024-03-26T08:41:06.957+0000] {logging_mixin.py:188} INFO - [2024-03-26T08:41:06.957+0000] {dag.py:3036} INFO - Sync 1 DAGs
[2024-03-26T08:41:06.980+0000] {logging_mixin.py:188} INFO - [2024-03-26T08:41:06.979+0000] {dag.py:3823} INFO - Setting next_dagrun for example_short_circuit_decorator to 2024-03-25 00:00:00+00:00, run_after=2024-03-26 00:00:00+00:00
[2024-03-26T08:41:06.999+0000] {processor.py:183} INFO - Processing /home/airflow/.local/lib/python3.8/site-packages/airflow/example_dags/example_short_circuit_decorator.py took 0.068 seconds
[2024-03-26T08:41:38.169+0000] {processor.py:161} INFO - Started process (PID=117) to work on /home/airflow/.local/lib/python3.8/site-packages/airflow/example_dags/example_short_circuit_decorator.py
[2024-03-26T08:41:38.170+0000] {processor.py:830} INFO - Processing file /home/airflow/.local/lib/python3.8/site-packages/airflow/example_dags/example_short_circuit_decorator.py for tasks to queue
[2024-03-26T08:41:38.171+0000] {logging_mixin.py:188} INFO - [2024-03-26T08:41:38.171+0000] {dagbag.py:538} INFO - Filling up the DagBag from /home/airflow/.local/lib/python3.8/site-packages/airflow/example_dags/example_short_circuit_decorator.py
[2024-03-26T08:41:38.178+0000] {processor.py:840} INFO - DAG(s) 'example_short_circuit_decorator' retrieved from /home/airflow/.local/lib/python3.8/site-packages/airflow/example_dags/example_short_circuit_decorator.py
[2024-03-26T08:41:38.265+0000] {logging_mixin.py:188} INFO - [2024-03-26T08:41:38.265+0000] {dag.py:3036} INFO - Sync 1 DAGs
[2024-03-26T08:41:38.281+0000] {logging_mixin.py:188} INFO - [2024-03-26T08:41:38.281+0000] {dag.py:3823} INFO - Setting next_dagrun for example_short_circuit_decorator to 2024-03-25 00:00:00+00:00, run_after=2024-03-26 00:00:00+00:00
[2024-03-26T08:41:38.297+0000] {processor.py:183} INFO - Processing /home/airflow/.local/lib/python3.8/site-packages/airflow/example_dags/example_short_circuit_decorator.py took 0.130 seconds
[2024-03-26T08:43:47.186+0000] {processor.py:161} INFO - Started process (PID=61) to work on /home/airflow/.local/lib/python3.8/site-packages/airflow/example_dags/example_short_circuit_decorator.py
[2024-03-26T08:43:47.187+0000] {processor.py:830} INFO - Processing file /home/airflow/.local/lib/python3.8/site-packages/airflow/example_dags/example_short_circuit_decorator.py for tasks to queue
[2024-03-26T08:43:47.189+0000] {logging_mixin.py:188} INFO - [2024-03-26T08:43:47.189+0000] {dagbag.py:538} INFO - Filling up the DagBag from /home/airflow/.local/lib/python3.8/site-packages/airflow/example_dags/example_short_circuit_decorator.py
[2024-03-26T08:43:47.200+0000] {processor.py:840} INFO - DAG(s) 'example_short_circuit_decorator' retrieved from /home/airflow/.local/lib/python3.8/site-packages/airflow/example_dags/example_short_circuit_decorator.py
[2024-03-26T08:43:47.209+0000] {logging_mixin.py:188} INFO - [2024-03-26T08:43:47.209+0000] {dag.py:3036} INFO - Sync 1 DAGs
[2024-03-26T08:43:47.229+0000] {logging_mixin.py:188} INFO - [2024-03-26T08:43:47.229+0000] {dag.py:3823} INFO - Setting next_dagrun for example_short_circuit_decorator to 2024-03-25 00:00:00+00:00, run_after=2024-03-26 00:00:00+00:00
[2024-03-26T08:43:47.248+0000] {processor.py:183} INFO - Processing /home/airflow/.local/lib/python3.8/site-packages/airflow/example_dags/example_short_circuit_decorator.py took 0.065 seconds
[2024-03-26T08:44:18.469+0000] {processor.py:161} INFO - Started process (PID=117) to work on /home/airflow/.local/lib/python3.8/site-packages/airflow/example_dags/example_short_circuit_decorator.py
[2024-03-26T08:44:18.470+0000] {processor.py:830} INFO - Processing file /home/airflow/.local/lib/python3.8/site-packages/airflow/example_dags/example_short_circuit_decorator.py for tasks to queue
[2024-03-26T08:44:18.471+0000] {logging_mixin.py:188} INFO - [2024-03-26T08:44:18.471+0000] {dagbag.py:538} INFO - Filling up the DagBag from /home/airflow/.local/lib/python3.8/site-packages/airflow/example_dags/example_short_circuit_decorator.py
[2024-03-26T08:44:18.479+0000] {processor.py:840} INFO - DAG(s) 'example_short_circuit_decorator' retrieved from /home/airflow/.local/lib/python3.8/site-packages/airflow/example_dags/example_short_circuit_decorator.py
[2024-03-26T08:44:18.571+0000] {logging_mixin.py:188} INFO - [2024-03-26T08:44:18.571+0000] {dag.py:3036} INFO - Sync 1 DAGs
[2024-03-26T08:44:18.588+0000] {logging_mixin.py:188} INFO - [2024-03-26T08:44:18.588+0000] {dag.py:3823} INFO - Setting next_dagrun for example_short_circuit_decorator to 2024-03-25 00:00:00+00:00, run_after=2024-03-26 00:00:00+00:00
[2024-03-26T08:44:18.604+0000] {processor.py:183} INFO - Processing /home/airflow/.local/lib/python3.8/site-packages/airflow/example_dags/example_short_circuit_decorator.py took 0.137 seconds
[2024-03-26T08:44:49.033+0000] {processor.py:161} INFO - Started process (PID=173) to work on /home/airflow/.local/lib/python3.8/site-packages/airflow/example_dags/example_short_circuit_decorator.py
[2024-03-26T08:44:49.034+0000] {processor.py:830} INFO - Processing file /home/airflow/.local/lib/python3.8/site-packages/airflow/example_dags/example_short_circuit_decorator.py for tasks to queue
[2024-03-26T08:44:49.035+0000] {logging_mixin.py:188} INFO - [2024-03-26T08:44:49.035+0000] {dagbag.py:538} INFO - Filling up the DagBag from /home/airflow/.local/lib/python3.8/site-packages/airflow/example_dags/example_short_circuit_decorator.py
[2024-03-26T08:44:49.042+0000] {processor.py:840} INFO - DAG(s) 'example_short_circuit_decorator' retrieved from /home/airflow/.local/lib/python3.8/site-packages/airflow/example_dags/example_short_circuit_decorator.py
[2024-03-26T08:44:49.059+0000] {logging_mixin.py:188} INFO - [2024-03-26T08:44:49.059+0000] {dag.py:3036} INFO - Sync 1 DAGs
[2024-03-26T08:44:49.077+0000] {logging_mixin.py:188} INFO - [2024-03-26T08:44:49.077+0000] {dag.py:3823} INFO - Setting next_dagrun for example_short_circuit_decorator to 2024-03-25 00:00:00+00:00, run_after=2024-03-26 00:00:00+00:00
[2024-03-26T08:44:49.093+0000] {processor.py:183} INFO - Processing /home/airflow/.local/lib/python3.8/site-packages/airflow/example_dags/example_short_circuit_decorator.py took 0.062 seconds
[2024-03-26T08:45:19.350+0000] {processor.py:161} INFO - Started process (PID=229) to work on /home/airflow/.local/lib/python3.8/site-packages/airflow/example_dags/example_short_circuit_decorator.py
[2024-03-26T08:45:19.351+0000] {processor.py:830} INFO - Processing file /home/airflow/.local/lib/python3.8/site-packages/airflow/example_dags/example_short_circuit_decorator.py for tasks to queue
[2024-03-26T08:45:19.352+0000] {logging_mixin.py:188} INFO - [2024-03-26T08:45:19.352+0000] {dagbag.py:538} INFO - Filling up the DagBag from /home/airflow/.local/lib/python3.8/site-packages/airflow/example_dags/example_short_circuit_decorator.py
[2024-03-26T08:45:19.360+0000] {processor.py:840} INFO - DAG(s) 'example_short_circuit_decorator' retrieved from /home/airflow/.local/lib/python3.8/site-packages/airflow/example_dags/example_short_circuit_decorator.py
[2024-03-26T08:45:19.378+0000] {logging_mixin.py:188} INFO - [2024-03-26T08:45:19.378+0000] {dag.py:3036} INFO - Sync 1 DAGs
[2024-03-26T08:45:19.398+0000] {logging_mixin.py:188} INFO - [2024-03-26T08:45:19.398+0000] {dag.py:3823} INFO - Setting next_dagrun for example_short_circuit_decorator to 2024-03-25 00:00:00+00:00, run_after=2024-03-26 00:00:00+00:00
[2024-03-26T08:45:19.415+0000] {processor.py:183} INFO - Processing /home/airflow/.local/lib/python3.8/site-packages/airflow/example_dags/example_short_circuit_decorator.py took 0.068 seconds
[2024-03-26T08:45:49.630+0000] {processor.py:161} INFO - Started process (PID=285) to work on /home/airflow/.local/lib/python3.8/site-packages/airflow/example_dags/example_short_circuit_decorator.py
[2024-03-26T08:45:49.631+0000] {processor.py:830} INFO - Processing file /home/airflow/.local/lib/python3.8/site-packages/airflow/example_dags/example_short_circuit_decorator.py for tasks to queue
[2024-03-26T08:45:49.632+0000] {logging_mixin.py:188} INFO - [2024-03-26T08:45:49.632+0000] {dagbag.py:538} INFO - Filling up the DagBag from /home/airflow/.local/lib/python3.8/site-packages/airflow/example_dags/example_short_circuit_decorator.py
[2024-03-26T08:45:49.639+0000] {processor.py:840} INFO - DAG(s) 'example_short_circuit_decorator' retrieved from /home/airflow/.local/lib/python3.8/site-packages/airflow/example_dags/example_short_circuit_decorator.py
[2024-03-26T08:45:49.659+0000] {logging_mixin.py:188} INFO - [2024-03-26T08:45:49.659+0000] {dag.py:3036} INFO - Sync 1 DAGs
[2024-03-26T08:45:49.677+0000] {logging_mixin.py:188} INFO - [2024-03-26T08:45:49.677+0000] {dag.py:3823} INFO - Setting next_dagrun for example_short_circuit_decorator to 2024-03-25 00:00:00+00:00, run_after=2024-03-26 00:00:00+00:00
[2024-03-26T08:45:49.693+0000] {processor.py:183} INFO - Processing /home/airflow/.local/lib/python3.8/site-packages/airflow/example_dags/example_short_circuit_decorator.py took 0.065 seconds
[2024-03-26T08:46:19.807+0000] {processor.py:161} INFO - Started process (PID=341) to work on /home/airflow/.local/lib/python3.8/site-packages/airflow/example_dags/example_short_circuit_decorator.py
[2024-03-26T08:46:19.808+0000] {processor.py:830} INFO - Processing file /home/airflow/.local/lib/python3.8/site-packages/airflow/example_dags/example_short_circuit_decorator.py for tasks to queue
[2024-03-26T08:46:19.809+0000] {logging_mixin.py:188} INFO - [2024-03-26T08:46:19.809+0000] {dagbag.py:538} INFO - Filling up the DagBag from /home/airflow/.local/lib/python3.8/site-packages/airflow/example_dags/example_short_circuit_decorator.py
[2024-03-26T08:46:19.816+0000] {processor.py:840} INFO - DAG(s) 'example_short_circuit_decorator' retrieved from /home/airflow/.local/lib/python3.8/site-packages/airflow/example_dags/example_short_circuit_decorator.py
[2024-03-26T08:46:19.833+0000] {logging_mixin.py:188} INFO - [2024-03-26T08:46:19.833+0000] {dag.py:3036} INFO - Sync 1 DAGs
[2024-03-26T08:46:19.852+0000] {logging_mixin.py:188} INFO - [2024-03-26T08:46:19.852+0000] {dag.py:3823} INFO - Setting next_dagrun for example_short_circuit_decorator to 2024-03-25 00:00:00+00:00, run_after=2024-03-26 00:00:00+00:00
[2024-03-26T08:46:19.868+0000] {processor.py:183} INFO - Processing /home/airflow/.local/lib/python3.8/site-packages/airflow/example_dags/example_short_circuit_decorator.py took 0.063 seconds
[2024-03-26T08:46:49.923+0000] {processor.py:161} INFO - Started process (PID=397) to work on /home/airflow/.local/lib/python3.8/site-packages/airflow/example_dags/example_short_circuit_decorator.py
[2024-03-26T08:46:49.924+0000] {processor.py:830} INFO - Processing file /home/airflow/.local/lib/python3.8/site-packages/airflow/example_dags/example_short_circuit_decorator.py for tasks to queue
[2024-03-26T08:46:49.925+0000] {logging_mixin.py:188} INFO - [2024-03-26T08:46:49.925+0000] {dagbag.py:538} INFO - Filling up the DagBag from /home/airflow/.local/lib/python3.8/site-packages/airflow/example_dags/example_short_circuit_decorator.py
[2024-03-26T08:46:49.932+0000] {processor.py:840} INFO - DAG(s) 'example_short_circuit_decorator' retrieved from /home/airflow/.local/lib/python3.8/site-packages/airflow/example_dags/example_short_circuit_decorator.py
[2024-03-26T08:46:49.950+0000] {logging_mixin.py:188} INFO - [2024-03-26T08:46:49.949+0000] {dag.py:3036} INFO - Sync 1 DAGs
[2024-03-26T08:46:49.967+0000] {logging_mixin.py:188} INFO - [2024-03-26T08:46:49.967+0000] {dag.py:3823} INFO - Setting next_dagrun for example_short_circuit_decorator to 2024-03-25 00:00:00+00:00, run_after=2024-03-26 00:00:00+00:00
[2024-03-26T08:46:49.983+0000] {processor.py:183} INFO - Processing /home/airflow/.local/lib/python3.8/site-packages/airflow/example_dags/example_short_circuit_decorator.py took 0.062 seconds
[2024-03-26T08:47:20.276+0000] {processor.py:161} INFO - Started process (PID=453) to work on /home/airflow/.local/lib/python3.8/site-packages/airflow/example_dags/example_short_circuit_decorator.py
[2024-03-26T08:47:20.277+0000] {processor.py:830} INFO - Processing file /home/airflow/.local/lib/python3.8/site-packages/airflow/example_dags/example_short_circuit_decorator.py for tasks to queue
[2024-03-26T08:47:20.278+0000] {logging_mixin.py:188} INFO - [2024-03-26T08:47:20.278+0000] {dagbag.py:538} INFO - Filling up the DagBag from /home/airflow/.local/lib/python3.8/site-packages/airflow/example_dags/example_short_circuit_decorator.py
[2024-03-26T08:47:20.285+0000] {processor.py:840} INFO - DAG(s) 'example_short_circuit_decorator' retrieved from /home/airflow/.local/lib/python3.8/site-packages/airflow/example_dags/example_short_circuit_decorator.py
[2024-03-26T08:47:20.301+0000] {logging_mixin.py:188} INFO - [2024-03-26T08:47:20.301+0000] {dag.py:3036} INFO - Sync 1 DAGs
[2024-03-26T08:47:20.318+0000] {logging_mixin.py:188} INFO - [2024-03-26T08:47:20.318+0000] {dag.py:3823} INFO - Setting next_dagrun for example_short_circuit_decorator to 2024-03-25 00:00:00+00:00, run_after=2024-03-26 00:00:00+00:00
[2024-03-26T08:47:20.333+0000] {processor.py:183} INFO - Processing /home/airflow/.local/lib/python3.8/site-packages/airflow/example_dags/example_short_circuit_decorator.py took 0.060 seconds
[2024-03-26T08:47:50.400+0000] {processor.py:161} INFO - Started process (PID=508) to work on /home/airflow/.local/lib/python3.8/site-packages/airflow/example_dags/example_short_circuit_decorator.py
[2024-03-26T08:47:50.401+0000] {processor.py:830} INFO - Processing file /home/airflow/.local/lib/python3.8/site-packages/airflow/example_dags/example_short_circuit_decorator.py for tasks to queue
[2024-03-26T08:47:50.402+0000] {logging_mixin.py:188} INFO - [2024-03-26T08:47:50.402+0000] {dagbag.py:538} INFO - Filling up the DagBag from /home/airflow/.local/lib/python3.8/site-packages/airflow/example_dags/example_short_circuit_decorator.py
[2024-03-26T08:47:50.409+0000] {processor.py:840} INFO - DAG(s) 'example_short_circuit_decorator' retrieved from /home/airflow/.local/lib/python3.8/site-packages/airflow/example_dags/example_short_circuit_decorator.py
[2024-03-26T08:47:50.426+0000] {logging_mixin.py:188} INFO - [2024-03-26T08:47:50.426+0000] {dag.py:3036} INFO - Sync 1 DAGs
[2024-03-26T08:47:50.444+0000] {logging_mixin.py:188} INFO - [2024-03-26T08:47:50.443+0000] {dag.py:3823} INFO - Setting next_dagrun for example_short_circuit_decorator to 2024-03-25 00:00:00+00:00, run_after=2024-03-26 00:00:00+00:00
[2024-03-26T08:47:50.462+0000] {processor.py:183} INFO - Processing /home/airflow/.local/lib/python3.8/site-packages/airflow/example_dags/example_short_circuit_decorator.py took 0.064 seconds
[2024-03-26T08:48:20.635+0000] {processor.py:161} INFO - Started process (PID=564) to work on /home/airflow/.local/lib/python3.8/site-packages/airflow/example_dags/example_short_circuit_decorator.py
[2024-03-26T08:48:20.636+0000] {processor.py:830} INFO - Processing file /home/airflow/.local/lib/python3.8/site-packages/airflow/example_dags/example_short_circuit_decorator.py for tasks to queue
[2024-03-26T08:48:20.637+0000] {logging_mixin.py:188} INFO - [2024-03-26T08:48:20.637+0000] {dagbag.py:538} INFO - Filling up the DagBag from /home/airflow/.local/lib/python3.8/site-packages/airflow/example_dags/example_short_circuit_decorator.py
[2024-03-26T08:48:20.645+0000] {processor.py:840} INFO - DAG(s) 'example_short_circuit_decorator' retrieved from /home/airflow/.local/lib/python3.8/site-packages/airflow/example_dags/example_short_circuit_decorator.py
[2024-03-26T08:48:20.662+0000] {logging_mixin.py:188} INFO - [2024-03-26T08:48:20.662+0000] {dag.py:3036} INFO - Sync 1 DAGs
[2024-03-26T08:48:20.679+0000] {logging_mixin.py:188} INFO - [2024-03-26T08:48:20.679+0000] {dag.py:3823} INFO - Setting next_dagrun for example_short_circuit_decorator to 2024-03-25 00:00:00+00:00, run_after=2024-03-26 00:00:00+00:00
[2024-03-26T08:48:20.694+0000] {processor.py:183} INFO - Processing /home/airflow/.local/lib/python3.8/site-packages/airflow/example_dags/example_short_circuit_decorator.py took 0.062 seconds
[2024-03-26T08:48:51.164+0000] {processor.py:161} INFO - Started process (PID=621) to work on /home/airflow/.local/lib/python3.8/site-packages/airflow/example_dags/example_short_circuit_decorator.py
[2024-03-26T08:48:51.165+0000] {processor.py:830} INFO - Processing file /home/airflow/.local/lib/python3.8/site-packages/airflow/example_dags/example_short_circuit_decorator.py for tasks to queue
[2024-03-26T08:48:51.166+0000] {logging_mixin.py:188} INFO - [2024-03-26T08:48:51.166+0000] {dagbag.py:538} INFO - Filling up the DagBag from /home/airflow/.local/lib/python3.8/site-packages/airflow/example_dags/example_short_circuit_decorator.py
[2024-03-26T08:48:51.173+0000] {processor.py:840} INFO - DAG(s) 'example_short_circuit_decorator' retrieved from /home/airflow/.local/lib/python3.8/site-packages/airflow/example_dags/example_short_circuit_decorator.py
[2024-03-26T08:48:51.191+0000] {logging_mixin.py:188} INFO - [2024-03-26T08:48:51.191+0000] {dag.py:3036} INFO - Sync 1 DAGs
[2024-03-26T08:48:51.208+0000] {logging_mixin.py:188} INFO - [2024-03-26T08:48:51.208+0000] {dag.py:3823} INFO - Setting next_dagrun for example_short_circuit_decorator to 2024-03-25 00:00:00+00:00, run_after=2024-03-26 00:00:00+00:00
[2024-03-26T08:48:51.223+0000] {processor.py:183} INFO - Processing /home/airflow/.local/lib/python3.8/site-packages/airflow/example_dags/example_short_circuit_decorator.py took 0.061 seconds
[2024-03-26T08:49:21.507+0000] {processor.py:161} INFO - Started process (PID=677) to work on /home/airflow/.local/lib/python3.8/site-packages/airflow/example_dags/example_short_circuit_decorator.py
[2024-03-26T08:49:21.508+0000] {processor.py:830} INFO - Processing file /home/airflow/.local/lib/python3.8/site-packages/airflow/example_dags/example_short_circuit_decorator.py for tasks to queue
[2024-03-26T08:49:21.509+0000] {logging_mixin.py:188} INFO - [2024-03-26T08:49:21.509+0000] {dagbag.py:538} INFO - Filling up the DagBag from /home/airflow/.local/lib/python3.8/site-packages/airflow/example_dags/example_short_circuit_decorator.py
[2024-03-26T08:49:21.516+0000] {processor.py:840} INFO - DAG(s) 'example_short_circuit_decorator' retrieved from /home/airflow/.local/lib/python3.8/site-packages/airflow/example_dags/example_short_circuit_decorator.py
[2024-03-26T08:49:21.533+0000] {logging_mixin.py:188} INFO - [2024-03-26T08:49:21.533+0000] {dag.py:3036} INFO - Sync 1 DAGs
[2024-03-26T08:49:21.551+0000] {logging_mixin.py:188} INFO - [2024-03-26T08:49:21.551+0000] {dag.py:3823} INFO - Setting next_dagrun for example_short_circuit_decorator to 2024-03-25 00:00:00+00:00, run_after=2024-03-26 00:00:00+00:00
[2024-03-26T08:49:21.567+0000] {processor.py:183} INFO - Processing /home/airflow/.local/lib/python3.8/site-packages/airflow/example_dags/example_short_circuit_decorator.py took 0.063 seconds
[2024-03-26T08:49:51.924+0000] {processor.py:161} INFO - Started process (PID=732) to work on /home/airflow/.local/lib/python3.8/site-packages/airflow/example_dags/example_short_circuit_decorator.py
[2024-03-26T08:49:51.925+0000] {processor.py:830} INFO - Processing file /home/airflow/.local/lib/python3.8/site-packages/airflow/example_dags/example_short_circuit_decorator.py for tasks to queue
[2024-03-26T08:49:51.927+0000] {logging_mixin.py:188} INFO - [2024-03-26T08:49:51.927+0000] {dagbag.py:538} INFO - Filling up the DagBag from /home/airflow/.local/lib/python3.8/site-packages/airflow/example_dags/example_short_circuit_decorator.py
[2024-03-26T08:49:51.936+0000] {processor.py:840} INFO - DAG(s) 'example_short_circuit_decorator' retrieved from /home/airflow/.local/lib/python3.8/site-packages/airflow/example_dags/example_short_circuit_decorator.py
[2024-03-26T08:49:51.956+0000] {logging_mixin.py:188} INFO - [2024-03-26T08:49:51.956+0000] {dag.py:3036} INFO - Sync 1 DAGs
[2024-03-26T08:49:51.975+0000] {logging_mixin.py:188} INFO - [2024-03-26T08:49:51.975+0000] {dag.py:3823} INFO - Setting next_dagrun for example_short_circuit_decorator to 2024-03-25 00:00:00+00:00, run_after=2024-03-26 00:00:00+00:00
[2024-03-26T08:49:51.993+0000] {processor.py:183} INFO - Processing /home/airflow/.local/lib/python3.8/site-packages/airflow/example_dags/example_short_circuit_decorator.py took 0.071 seconds
[2024-03-26T08:50:22.423+0000] {processor.py:161} INFO - Started process (PID=788) to work on /home/airflow/.local/lib/python3.8/site-packages/airflow/example_dags/example_short_circuit_decorator.py
[2024-03-26T08:50:22.424+0000] {processor.py:830} INFO - Processing file /home/airflow/.local/lib/python3.8/site-packages/airflow/example_dags/example_short_circuit_decorator.py for tasks to queue
[2024-03-26T08:50:22.425+0000] {logging_mixin.py:188} INFO - [2024-03-26T08:50:22.425+0000] {dagbag.py:538} INFO - Filling up the DagBag from /home/airflow/.local/lib/python3.8/site-packages/airflow/example_dags/example_short_circuit_decorator.py
[2024-03-26T08:50:22.432+0000] {processor.py:840} INFO - DAG(s) 'example_short_circuit_decorator' retrieved from /home/airflow/.local/lib/python3.8/site-packages/airflow/example_dags/example_short_circuit_decorator.py
[2024-03-26T08:50:22.451+0000] {logging_mixin.py:188} INFO - [2024-03-26T08:50:22.450+0000] {dag.py:3036} INFO - Sync 1 DAGs
[2024-03-26T08:50:22.469+0000] {logging_mixin.py:188} INFO - [2024-03-26T08:50:22.468+0000] {dag.py:3823} INFO - Setting next_dagrun for example_short_circuit_decorator to 2024-03-25 00:00:00+00:00, run_after=2024-03-26 00:00:00+00:00
[2024-03-26T08:50:22.484+0000] {processor.py:183} INFO - Processing /home/airflow/.local/lib/python3.8/site-packages/airflow/example_dags/example_short_circuit_decorator.py took 0.064 seconds
[2024-03-26T08:53:12.820+0000] {processor.py:161} INFO - Started process (PID=61) to work on /home/airflow/.local/lib/python3.8/site-packages/airflow/example_dags/example_short_circuit_decorator.py
[2024-03-26T08:53:12.822+0000] {processor.py:830} INFO - Processing file /home/airflow/.local/lib/python3.8/site-packages/airflow/example_dags/example_short_circuit_decorator.py for tasks to queue
[2024-03-26T08:53:12.824+0000] {logging_mixin.py:188} INFO - [2024-03-26T08:53:12.823+0000] {dagbag.py:538} INFO - Filling up the DagBag from /home/airflow/.local/lib/python3.8/site-packages/airflow/example_dags/example_short_circuit_decorator.py
[2024-03-26T08:53:12.836+0000] {processor.py:840} INFO - DAG(s) 'example_short_circuit_decorator' retrieved from /home/airflow/.local/lib/python3.8/site-packages/airflow/example_dags/example_short_circuit_decorator.py
[2024-03-26T08:53:12.847+0000] {logging_mixin.py:188} INFO - [2024-03-26T08:53:12.847+0000] {dag.py:3036} INFO - Sync 1 DAGs
[2024-03-26T08:53:12.870+0000] {logging_mixin.py:188} INFO - [2024-03-26T08:53:12.870+0000] {dag.py:3823} INFO - Setting next_dagrun for example_short_circuit_decorator to 2024-03-25 00:00:00+00:00, run_after=2024-03-26 00:00:00+00:00
[2024-03-26T08:53:12.890+0000] {processor.py:183} INFO - Processing /home/airflow/.local/lib/python3.8/site-packages/airflow/example_dags/example_short_circuit_decorator.py took 0.072 seconds
[2024-03-26T08:53:44.274+0000] {processor.py:161} INFO - Started process (PID=117) to work on /home/airflow/.local/lib/python3.8/site-packages/airflow/example_dags/example_short_circuit_decorator.py
[2024-03-26T08:53:44.275+0000] {processor.py:830} INFO - Processing file /home/airflow/.local/lib/python3.8/site-packages/airflow/example_dags/example_short_circuit_decorator.py for tasks to queue
[2024-03-26T08:53:44.276+0000] {logging_mixin.py:188} INFO - [2024-03-26T08:53:44.276+0000] {dagbag.py:538} INFO - Filling up the DagBag from /home/airflow/.local/lib/python3.8/site-packages/airflow/example_dags/example_short_circuit_decorator.py
[2024-03-26T08:53:44.284+0000] {processor.py:840} INFO - DAG(s) 'example_short_circuit_decorator' retrieved from /home/airflow/.local/lib/python3.8/site-packages/airflow/example_dags/example_short_circuit_decorator.py
[2024-03-26T08:53:44.370+0000] {logging_mixin.py:188} INFO - [2024-03-26T08:53:44.370+0000] {dag.py:3036} INFO - Sync 1 DAGs
[2024-03-26T08:53:44.392+0000] {logging_mixin.py:188} INFO - [2024-03-26T08:53:44.391+0000] {dag.py:3823} INFO - Setting next_dagrun for example_short_circuit_decorator to 2024-03-25 00:00:00+00:00, run_after=2024-03-26 00:00:00+00:00
[2024-03-26T08:53:44.410+0000] {processor.py:183} INFO - Processing /home/airflow/.local/lib/python3.8/site-packages/airflow/example_dags/example_short_circuit_decorator.py took 0.138 seconds
[2024-03-26T08:54:14.933+0000] {processor.py:161} INFO - Started process (PID=173) to work on /home/airflow/.local/lib/python3.8/site-packages/airflow/example_dags/example_short_circuit_decorator.py
[2024-03-26T08:54:14.934+0000] {processor.py:830} INFO - Processing file /home/airflow/.local/lib/python3.8/site-packages/airflow/example_dags/example_short_circuit_decorator.py for tasks to queue
[2024-03-26T08:54:14.936+0000] {logging_mixin.py:188} INFO - [2024-03-26T08:54:14.936+0000] {dagbag.py:538} INFO - Filling up the DagBag from /home/airflow/.local/lib/python3.8/site-packages/airflow/example_dags/example_short_circuit_decorator.py
[2024-03-26T08:54:14.943+0000] {processor.py:840} INFO - DAG(s) 'example_short_circuit_decorator' retrieved from /home/airflow/.local/lib/python3.8/site-packages/airflow/example_dags/example_short_circuit_decorator.py
[2024-03-26T08:54:14.963+0000] {logging_mixin.py:188} INFO - [2024-03-26T08:54:14.962+0000] {dag.py:3036} INFO - Sync 1 DAGs
[2024-03-26T08:54:14.982+0000] {logging_mixin.py:188} INFO - [2024-03-26T08:54:14.982+0000] {dag.py:3823} INFO - Setting next_dagrun for example_short_circuit_decorator to 2024-03-25 00:00:00+00:00, run_after=2024-03-26 00:00:00+00:00
[2024-03-26T08:54:15.000+0000] {processor.py:183} INFO - Processing /home/airflow/.local/lib/python3.8/site-packages/airflow/example_dags/example_short_circuit_decorator.py took 0.069 seconds
[2024-03-26T08:54:45.650+0000] {processor.py:161} INFO - Started process (PID=229) to work on /home/airflow/.local/lib/python3.8/site-packages/airflow/example_dags/example_short_circuit_decorator.py
[2024-03-26T08:54:45.651+0000] {processor.py:830} INFO - Processing file /home/airflow/.local/lib/python3.8/site-packages/airflow/example_dags/example_short_circuit_decorator.py for tasks to queue
[2024-03-26T08:54:45.654+0000] {logging_mixin.py:188} INFO - [2024-03-26T08:54:45.653+0000] {dagbag.py:538} INFO - Filling up the DagBag from /home/airflow/.local/lib/python3.8/site-packages/airflow/example_dags/example_short_circuit_decorator.py
[2024-03-26T08:54:45.662+0000] {processor.py:840} INFO - DAG(s) 'example_short_circuit_decorator' retrieved from /home/airflow/.local/lib/python3.8/site-packages/airflow/example_dags/example_short_circuit_decorator.py
[2024-03-26T08:54:45.682+0000] {logging_mixin.py:188} INFO - [2024-03-26T08:54:45.682+0000] {dag.py:3036} INFO - Sync 1 DAGs
[2024-03-26T08:54:45.704+0000] {logging_mixin.py:188} INFO - [2024-03-26T08:54:45.703+0000] {dag.py:3823} INFO - Setting next_dagrun for example_short_circuit_decorator to 2024-03-25 00:00:00+00:00, run_after=2024-03-26 00:00:00+00:00
[2024-03-26T08:54:45.721+0000] {processor.py:183} INFO - Processing /home/airflow/.local/lib/python3.8/site-packages/airflow/example_dags/example_short_circuit_decorator.py took 0.073 seconds
[2024-03-26T08:55:16.066+0000] {processor.py:161} INFO - Started process (PID=285) to work on /home/airflow/.local/lib/python3.8/site-packages/airflow/example_dags/example_short_circuit_decorator.py
[2024-03-26T08:55:16.067+0000] {processor.py:830} INFO - Processing file /home/airflow/.local/lib/python3.8/site-packages/airflow/example_dags/example_short_circuit_decorator.py for tasks to queue
[2024-03-26T08:55:16.068+0000] {logging_mixin.py:188} INFO - [2024-03-26T08:55:16.068+0000] {dagbag.py:538} INFO - Filling up the DagBag from /home/airflow/.local/lib/python3.8/site-packages/airflow/example_dags/example_short_circuit_decorator.py
[2024-03-26T08:55:16.076+0000] {processor.py:840} INFO - DAG(s) 'example_short_circuit_decorator' retrieved from /home/airflow/.local/lib/python3.8/site-packages/airflow/example_dags/example_short_circuit_decorator.py
[2024-03-26T08:55:16.094+0000] {logging_mixin.py:188} INFO - [2024-03-26T08:55:16.094+0000] {dag.py:3036} INFO - Sync 1 DAGs
[2024-03-26T08:55:16.112+0000] {logging_mixin.py:188} INFO - [2024-03-26T08:55:16.112+0000] {dag.py:3823} INFO - Setting next_dagrun for example_short_circuit_decorator to 2024-03-25 00:00:00+00:00, run_after=2024-03-26 00:00:00+00:00
[2024-03-26T08:55:16.127+0000] {processor.py:183} INFO - Processing /home/airflow/.local/lib/python3.8/site-packages/airflow/example_dags/example_short_circuit_decorator.py took 0.064 seconds
[2024-03-26T08:55:46.540+0000] {processor.py:161} INFO - Started process (PID=341) to work on /home/airflow/.local/lib/python3.8/site-packages/airflow/example_dags/example_short_circuit_decorator.py
[2024-03-26T08:55:46.541+0000] {processor.py:830} INFO - Processing file /home/airflow/.local/lib/python3.8/site-packages/airflow/example_dags/example_short_circuit_decorator.py for tasks to queue
[2024-03-26T08:55:46.542+0000] {logging_mixin.py:188} INFO - [2024-03-26T08:55:46.542+0000] {dagbag.py:538} INFO - Filling up the DagBag from /home/airflow/.local/lib/python3.8/site-packages/airflow/example_dags/example_short_circuit_decorator.py
[2024-03-26T08:55:46.549+0000] {processor.py:840} INFO - DAG(s) 'example_short_circuit_decorator' retrieved from /home/airflow/.local/lib/python3.8/site-packages/airflow/example_dags/example_short_circuit_decorator.py
[2024-03-26T08:55:46.572+0000] {logging_mixin.py:188} INFO - [2024-03-26T08:55:46.572+0000] {dag.py:3036} INFO - Sync 1 DAGs
[2024-03-26T08:55:46.590+0000] {logging_mixin.py:188} INFO - [2024-03-26T08:55:46.590+0000] {dag.py:3823} INFO - Setting next_dagrun for example_short_circuit_decorator to 2024-03-25 00:00:00+00:00, run_after=2024-03-26 00:00:00+00:00
[2024-03-26T08:55:46.605+0000] {processor.py:183} INFO - Processing /home/airflow/.local/lib/python3.8/site-packages/airflow/example_dags/example_short_circuit_decorator.py took 0.067 seconds
[2024-03-26T08:56:16.782+0000] {processor.py:161} INFO - Started process (PID=397) to work on /home/airflow/.local/lib/python3.8/site-packages/airflow/example_dags/example_short_circuit_decorator.py
[2024-03-26T08:56:16.783+0000] {processor.py:830} INFO - Processing file /home/airflow/.local/lib/python3.8/site-packages/airflow/example_dags/example_short_circuit_decorator.py for tasks to queue
[2024-03-26T08:56:16.784+0000] {logging_mixin.py:188} INFO - [2024-03-26T08:56:16.784+0000] {dagbag.py:538} INFO - Filling up the DagBag from /home/airflow/.local/lib/python3.8/site-packages/airflow/example_dags/example_short_circuit_decorator.py
[2024-03-26T08:56:16.791+0000] {processor.py:840} INFO - DAG(s) 'example_short_circuit_decorator' retrieved from /home/airflow/.local/lib/python3.8/site-packages/airflow/example_dags/example_short_circuit_decorator.py
[2024-03-26T08:56:16.808+0000] {logging_mixin.py:188} INFO - [2024-03-26T08:56:16.808+0000] {dag.py:3036} INFO - Sync 1 DAGs
[2024-03-26T08:56:16.829+0000] {logging_mixin.py:188} INFO - [2024-03-26T08:56:16.829+0000] {dag.py:3823} INFO - Setting next_dagrun for example_short_circuit_decorator to 2024-03-25 00:00:00+00:00, run_after=2024-03-26 00:00:00+00:00
[2024-03-26T08:56:16.844+0000] {processor.py:183} INFO - Processing /home/airflow/.local/lib/python3.8/site-packages/airflow/example_dags/example_short_circuit_decorator.py took 0.064 seconds
[2024-03-26T08:56:47.141+0000] {processor.py:161} INFO - Started process (PID=453) to work on /home/airflow/.local/lib/python3.8/site-packages/airflow/example_dags/example_short_circuit_decorator.py
[2024-03-26T08:56:47.142+0000] {processor.py:830} INFO - Processing file /home/airflow/.local/lib/python3.8/site-packages/airflow/example_dags/example_short_circuit_decorator.py for tasks to queue
[2024-03-26T08:56:47.143+0000] {logging_mixin.py:188} INFO - [2024-03-26T08:56:47.143+0000] {dagbag.py:538} INFO - Filling up the DagBag from /home/airflow/.local/lib/python3.8/site-packages/airflow/example_dags/example_short_circuit_decorator.py
[2024-03-26T08:56:47.150+0000] {processor.py:840} INFO - DAG(s) 'example_short_circuit_decorator' retrieved from /home/airflow/.local/lib/python3.8/site-packages/airflow/example_dags/example_short_circuit_decorator.py
[2024-03-26T08:56:47.167+0000] {logging_mixin.py:188} INFO - [2024-03-26T08:56:47.167+0000] {dag.py:3036} INFO - Sync 1 DAGs
[2024-03-26T08:56:47.185+0000] {logging_mixin.py:188} INFO - [2024-03-26T08:56:47.185+0000] {dag.py:3823} INFO - Setting next_dagrun for example_short_circuit_decorator to 2024-03-25 00:00:00+00:00, run_after=2024-03-26 00:00:00+00:00
[2024-03-26T08:56:47.200+0000] {processor.py:183} INFO - Processing /home/airflow/.local/lib/python3.8/site-packages/airflow/example_dags/example_short_circuit_decorator.py took 0.062 seconds
[2024-03-26T08:57:17.488+0000] {processor.py:161} INFO - Started process (PID=509) to work on /home/airflow/.local/lib/python3.8/site-packages/airflow/example_dags/example_short_circuit_decorator.py
[2024-03-26T08:57:17.489+0000] {processor.py:830} INFO - Processing file /home/airflow/.local/lib/python3.8/site-packages/airflow/example_dags/example_short_circuit_decorator.py for tasks to queue
[2024-03-26T08:57:17.490+0000] {logging_mixin.py:188} INFO - [2024-03-26T08:57:17.490+0000] {dagbag.py:538} INFO - Filling up the DagBag from /home/airflow/.local/lib/python3.8/site-packages/airflow/example_dags/example_short_circuit_decorator.py
[2024-03-26T08:57:17.497+0000] {processor.py:840} INFO - DAG(s) 'example_short_circuit_decorator' retrieved from /home/airflow/.local/lib/python3.8/site-packages/airflow/example_dags/example_short_circuit_decorator.py
[2024-03-26T08:57:17.514+0000] {logging_mixin.py:188} INFO - [2024-03-26T08:57:17.514+0000] {dag.py:3036} INFO - Sync 1 DAGs
[2024-03-26T08:57:17.533+0000] {logging_mixin.py:188} INFO - [2024-03-26T08:57:17.533+0000] {dag.py:3823} INFO - Setting next_dagrun for example_short_circuit_decorator to 2024-03-25 00:00:00+00:00, run_after=2024-03-26 00:00:00+00:00
[2024-03-26T08:57:17.548+0000] {processor.py:183} INFO - Processing /home/airflow/.local/lib/python3.8/site-packages/airflow/example_dags/example_short_circuit_decorator.py took 0.062 seconds
[2024-03-26T08:57:48.015+0000] {processor.py:161} INFO - Started process (PID=565) to work on /home/airflow/.local/lib/python3.8/site-packages/airflow/example_dags/example_short_circuit_decorator.py
[2024-03-26T08:57:48.016+0000] {processor.py:830} INFO - Processing file /home/airflow/.local/lib/python3.8/site-packages/airflow/example_dags/example_short_circuit_decorator.py for tasks to queue
[2024-03-26T08:57:48.017+0000] {logging_mixin.py:188} INFO - [2024-03-26T08:57:48.017+0000] {dagbag.py:538} INFO - Filling up the DagBag from /home/airflow/.local/lib/python3.8/site-packages/airflow/example_dags/example_short_circuit_decorator.py
[2024-03-26T08:57:48.025+0000] {processor.py:840} INFO - DAG(s) 'example_short_circuit_decorator' retrieved from /home/airflow/.local/lib/python3.8/site-packages/airflow/example_dags/example_short_circuit_decorator.py
[2024-03-26T08:57:48.044+0000] {logging_mixin.py:188} INFO - [2024-03-26T08:57:48.044+0000] {dag.py:3036} INFO - Sync 1 DAGs
[2024-03-26T08:57:48.064+0000] {logging_mixin.py:188} INFO - [2024-03-26T08:57:48.063+0000] {dag.py:3823} INFO - Setting next_dagrun for example_short_circuit_decorator to 2024-03-25 00:00:00+00:00, run_after=2024-03-26 00:00:00+00:00
[2024-03-26T08:57:48.080+0000] {processor.py:183} INFO - Processing /home/airflow/.local/lib/python3.8/site-packages/airflow/example_dags/example_short_circuit_decorator.py took 0.068 seconds
[2024-03-26T08:58:18.471+0000] {processor.py:161} INFO - Started process (PID=621) to work on /home/airflow/.local/lib/python3.8/site-packages/airflow/example_dags/example_short_circuit_decorator.py
[2024-03-26T08:58:18.472+0000] {processor.py:830} INFO - Processing file /home/airflow/.local/lib/python3.8/site-packages/airflow/example_dags/example_short_circuit_decorator.py for tasks to queue
[2024-03-26T08:58:18.474+0000] {logging_mixin.py:188} INFO - [2024-03-26T08:58:18.473+0000] {dagbag.py:538} INFO - Filling up the DagBag from /home/airflow/.local/lib/python3.8/site-packages/airflow/example_dags/example_short_circuit_decorator.py
[2024-03-26T08:58:18.482+0000] {processor.py:840} INFO - DAG(s) 'example_short_circuit_decorator' retrieved from /home/airflow/.local/lib/python3.8/site-packages/airflow/example_dags/example_short_circuit_decorator.py
[2024-03-26T08:58:18.501+0000] {logging_mixin.py:188} INFO - [2024-03-26T08:58:18.500+0000] {dag.py:3036} INFO - Sync 1 DAGs
[2024-03-26T08:58:18.521+0000] {logging_mixin.py:188} INFO - [2024-03-26T08:58:18.520+0000] {dag.py:3823} INFO - Setting next_dagrun for example_short_circuit_decorator to 2024-03-25 00:00:00+00:00, run_after=2024-03-26 00:00:00+00:00
[2024-03-26T08:58:18.539+0000] {processor.py:183} INFO - Processing /home/airflow/.local/lib/python3.8/site-packages/airflow/example_dags/example_short_circuit_decorator.py took 0.071 seconds
[2024-03-26T08:58:48.979+0000] {processor.py:161} INFO - Started process (PID=677) to work on /home/airflow/.local/lib/python3.8/site-packages/airflow/example_dags/example_short_circuit_decorator.py
[2024-03-26T08:58:48.980+0000] {processor.py:830} INFO - Processing file /home/airflow/.local/lib/python3.8/site-packages/airflow/example_dags/example_short_circuit_decorator.py for tasks to queue
[2024-03-26T08:58:48.981+0000] {logging_mixin.py:188} INFO - [2024-03-26T08:58:48.981+0000] {dagbag.py:538} INFO - Filling up the DagBag from /home/airflow/.local/lib/python3.8/site-packages/airflow/example_dags/example_short_circuit_decorator.py
[2024-03-26T08:58:48.988+0000] {processor.py:840} INFO - DAG(s) 'example_short_circuit_decorator' retrieved from /home/airflow/.local/lib/python3.8/site-packages/airflow/example_dags/example_short_circuit_decorator.py
[2024-03-26T08:58:49.006+0000] {logging_mixin.py:188} INFO - [2024-03-26T08:58:49.006+0000] {dag.py:3036} INFO - Sync 1 DAGs
[2024-03-26T08:58:49.026+0000] {logging_mixin.py:188} INFO - [2024-03-26T08:58:49.025+0000] {dag.py:3823} INFO - Setting next_dagrun for example_short_circuit_decorator to 2024-03-25 00:00:00+00:00, run_after=2024-03-26 00:00:00+00:00
[2024-03-26T08:58:49.041+0000] {processor.py:183} INFO - Processing /home/airflow/.local/lib/python3.8/site-packages/airflow/example_dags/example_short_circuit_decorator.py took 0.064 seconds
[2024-03-26T09:07:41.324+0000] {processor.py:161} INFO - Started process (PID=62) to work on /home/airflow/.local/lib/python3.8/site-packages/airflow/example_dags/example_short_circuit_decorator.py
[2024-03-26T09:07:41.325+0000] {processor.py:830} INFO - Processing file /home/airflow/.local/lib/python3.8/site-packages/airflow/example_dags/example_short_circuit_decorator.py for tasks to queue
[2024-03-26T09:07:41.327+0000] {logging_mixin.py:188} INFO - [2024-03-26T09:07:41.327+0000] {dagbag.py:538} INFO - Filling up the DagBag from /home/airflow/.local/lib/python3.8/site-packages/airflow/example_dags/example_short_circuit_decorator.py
[2024-03-26T09:07:41.340+0000] {processor.py:840} INFO - DAG(s) 'example_short_circuit_decorator' retrieved from /home/airflow/.local/lib/python3.8/site-packages/airflow/example_dags/example_short_circuit_decorator.py
[2024-03-26T09:07:41.352+0000] {logging_mixin.py:188} INFO - [2024-03-26T09:07:41.351+0000] {dag.py:3036} INFO - Sync 1 DAGs
[2024-03-26T09:07:41.375+0000] {logging_mixin.py:188} INFO - [2024-03-26T09:07:41.374+0000] {dag.py:3823} INFO - Setting next_dagrun for example_short_circuit_decorator to 2024-03-25 00:00:00+00:00, run_after=2024-03-26 00:00:00+00:00
[2024-03-26T09:07:41.394+0000] {processor.py:183} INFO - Processing /home/airflow/.local/lib/python3.8/site-packages/airflow/example_dags/example_short_circuit_decorator.py took 0.073 seconds
[2024-03-26T09:08:12.080+0000] {processor.py:161} INFO - Started process (PID=120) to work on /home/airflow/.local/lib/python3.8/site-packages/airflow/example_dags/example_short_circuit_decorator.py
[2024-03-26T09:08:12.080+0000] {processor.py:830} INFO - Processing file /home/airflow/.local/lib/python3.8/site-packages/airflow/example_dags/example_short_circuit_decorator.py for tasks to queue
[2024-03-26T09:08:12.082+0000] {logging_mixin.py:188} INFO - [2024-03-26T09:08:12.082+0000] {dagbag.py:538} INFO - Filling up the DagBag from /home/airflow/.local/lib/python3.8/site-packages/airflow/example_dags/example_short_circuit_decorator.py
[2024-03-26T09:08:12.089+0000] {processor.py:840} INFO - DAG(s) 'example_short_circuit_decorator' retrieved from /home/airflow/.local/lib/python3.8/site-packages/airflow/example_dags/example_short_circuit_decorator.py
[2024-03-26T09:08:12.175+0000] {logging_mixin.py:188} INFO - [2024-03-26T09:08:12.175+0000] {dag.py:3036} INFO - Sync 1 DAGs
[2024-03-26T09:08:12.193+0000] {logging_mixin.py:188} INFO - [2024-03-26T09:08:12.193+0000] {dag.py:3823} INFO - Setting next_dagrun for example_short_circuit_decorator to 2024-03-25 00:00:00+00:00, run_after=2024-03-26 00:00:00+00:00
[2024-03-26T09:08:12.211+0000] {processor.py:183} INFO - Processing /home/airflow/.local/lib/python3.8/site-packages/airflow/example_dags/example_short_circuit_decorator.py took 0.134 seconds
[2024-03-26T09:08:43.095+0000] {processor.py:161} INFO - Started process (PID=177) to work on /home/airflow/.local/lib/python3.8/site-packages/airflow/example_dags/example_short_circuit_decorator.py
[2024-03-26T09:08:43.096+0000] {processor.py:830} INFO - Processing file /home/airflow/.local/lib/python3.8/site-packages/airflow/example_dags/example_short_circuit_decorator.py for tasks to queue
[2024-03-26T09:08:43.098+0000] {logging_mixin.py:188} INFO - [2024-03-26T09:08:43.098+0000] {dagbag.py:538} INFO - Filling up the DagBag from /home/airflow/.local/lib/python3.8/site-packages/airflow/example_dags/example_short_circuit_decorator.py
[2024-03-26T09:08:43.106+0000] {processor.py:840} INFO - DAG(s) 'example_short_circuit_decorator' retrieved from /home/airflow/.local/lib/python3.8/site-packages/airflow/example_dags/example_short_circuit_decorator.py
[2024-03-26T09:08:43.124+0000] {logging_mixin.py:188} INFO - [2024-03-26T09:08:43.124+0000] {dag.py:3036} INFO - Sync 1 DAGs
[2024-03-26T09:08:43.146+0000] {logging_mixin.py:188} INFO - [2024-03-26T09:08:43.146+0000] {dag.py:3823} INFO - Setting next_dagrun for example_short_circuit_decorator to 2024-03-25 00:00:00+00:00, run_after=2024-03-26 00:00:00+00:00
[2024-03-26T09:08:43.165+0000] {processor.py:183} INFO - Processing /home/airflow/.local/lib/python3.8/site-packages/airflow/example_dags/example_short_circuit_decorator.py took 0.071 seconds
[2024-03-26T09:09:13.703+0000] {processor.py:161} INFO - Started process (PID=234) to work on /home/airflow/.local/lib/python3.8/site-packages/airflow/example_dags/example_short_circuit_decorator.py
[2024-03-26T09:09:13.704+0000] {processor.py:830} INFO - Processing file /home/airflow/.local/lib/python3.8/site-packages/airflow/example_dags/example_short_circuit_decorator.py for tasks to queue
[2024-03-26T09:09:13.705+0000] {logging_mixin.py:188} INFO - [2024-03-26T09:09:13.705+0000] {dagbag.py:538} INFO - Filling up the DagBag from /home/airflow/.local/lib/python3.8/site-packages/airflow/example_dags/example_short_circuit_decorator.py
[2024-03-26T09:09:13.714+0000] {processor.py:840} INFO - DAG(s) 'example_short_circuit_decorator' retrieved from /home/airflow/.local/lib/python3.8/site-packages/airflow/example_dags/example_short_circuit_decorator.py
[2024-03-26T09:09:13.738+0000] {logging_mixin.py:188} INFO - [2024-03-26T09:09:13.737+0000] {dag.py:3036} INFO - Sync 1 DAGs
[2024-03-26T09:09:13.762+0000] {logging_mixin.py:188} INFO - [2024-03-26T09:09:13.761+0000] {dag.py:3823} INFO - Setting next_dagrun for example_short_circuit_decorator to 2024-03-25 00:00:00+00:00, run_after=2024-03-26 00:00:00+00:00
[2024-03-26T09:09:13.781+0000] {processor.py:183} INFO - Processing /home/airflow/.local/lib/python3.8/site-packages/airflow/example_dags/example_short_circuit_decorator.py took 0.082 seconds
[2024-03-26T09:09:44.529+0000] {processor.py:161} INFO - Started process (PID=291) to work on /home/airflow/.local/lib/python3.8/site-packages/airflow/example_dags/example_short_circuit_decorator.py
[2024-03-26T09:09:44.530+0000] {processor.py:830} INFO - Processing file /home/airflow/.local/lib/python3.8/site-packages/airflow/example_dags/example_short_circuit_decorator.py for tasks to queue
[2024-03-26T09:09:44.532+0000] {logging_mixin.py:188} INFO - [2024-03-26T09:09:44.532+0000] {dagbag.py:538} INFO - Filling up the DagBag from /home/airflow/.local/lib/python3.8/site-packages/airflow/example_dags/example_short_circuit_decorator.py
[2024-03-26T09:09:44.539+0000] {processor.py:840} INFO - DAG(s) 'example_short_circuit_decorator' retrieved from /home/airflow/.local/lib/python3.8/site-packages/airflow/example_dags/example_short_circuit_decorator.py
[2024-03-26T09:09:44.564+0000] {logging_mixin.py:188} INFO - [2024-03-26T09:09:44.564+0000] {dag.py:3036} INFO - Sync 1 DAGs
[2024-03-26T09:09:44.592+0000] {logging_mixin.py:188} INFO - [2024-03-26T09:09:44.591+0000] {dag.py:3823} INFO - Setting next_dagrun for example_short_circuit_decorator to 2024-03-25 00:00:00+00:00, run_after=2024-03-26 00:00:00+00:00
[2024-03-26T09:09:44.608+0000] {processor.py:183} INFO - Processing /home/airflow/.local/lib/python3.8/site-packages/airflow/example_dags/example_short_circuit_decorator.py took 0.081 seconds
[2024-03-26T09:10:15.124+0000] {processor.py:161} INFO - Started process (PID=348) to work on /home/airflow/.local/lib/python3.8/site-packages/airflow/example_dags/example_short_circuit_decorator.py
[2024-03-26T09:10:15.125+0000] {processor.py:830} INFO - Processing file /home/airflow/.local/lib/python3.8/site-packages/airflow/example_dags/example_short_circuit_decorator.py for tasks to queue
[2024-03-26T09:10:15.127+0000] {logging_mixin.py:188} INFO - [2024-03-26T09:10:15.127+0000] {dagbag.py:538} INFO - Filling up the DagBag from /home/airflow/.local/lib/python3.8/site-packages/airflow/example_dags/example_short_circuit_decorator.py
[2024-03-26T09:10:15.135+0000] {processor.py:840} INFO - DAG(s) 'example_short_circuit_decorator' retrieved from /home/airflow/.local/lib/python3.8/site-packages/airflow/example_dags/example_short_circuit_decorator.py
[2024-03-26T09:10:15.154+0000] {logging_mixin.py:188} INFO - [2024-03-26T09:10:15.154+0000] {dag.py:3036} INFO - Sync 1 DAGs
[2024-03-26T09:10:15.173+0000] {logging_mixin.py:188} INFO - [2024-03-26T09:10:15.172+0000] {dag.py:3823} INFO - Setting next_dagrun for example_short_circuit_decorator to 2024-03-25 00:00:00+00:00, run_after=2024-03-26 00:00:00+00:00
[2024-03-26T09:10:15.190+0000] {processor.py:183} INFO - Processing /home/airflow/.local/lib/python3.8/site-packages/airflow/example_dags/example_short_circuit_decorator.py took 0.069 seconds
[2024-03-26T09:50:57.615+0000] {processor.py:161} INFO - Started process (PID=62) to work on /home/airflow/.local/lib/python3.8/site-packages/airflow/example_dags/example_short_circuit_decorator.py
[2024-03-26T09:50:57.617+0000] {processor.py:830} INFO - Processing file /home/airflow/.local/lib/python3.8/site-packages/airflow/example_dags/example_short_circuit_decorator.py for tasks to queue
[2024-03-26T09:50:57.619+0000] {logging_mixin.py:188} INFO - [2024-03-26T09:50:57.619+0000] {dagbag.py:538} INFO - Filling up the DagBag from /home/airflow/.local/lib/python3.8/site-packages/airflow/example_dags/example_short_circuit_decorator.py
[2024-03-26T09:50:57.631+0000] {processor.py:840} INFO - DAG(s) 'example_short_circuit_decorator' retrieved from /home/airflow/.local/lib/python3.8/site-packages/airflow/example_dags/example_short_circuit_decorator.py
[2024-03-26T09:50:57.643+0000] {logging_mixin.py:188} INFO - [2024-03-26T09:50:57.642+0000] {dag.py:3036} INFO - Sync 1 DAGs
[2024-03-26T09:50:57.663+0000] {logging_mixin.py:188} INFO - [2024-03-26T09:50:57.662+0000] {dag.py:3823} INFO - Setting next_dagrun for example_short_circuit_decorator to 2024-03-25 00:00:00+00:00, run_after=2024-03-26 00:00:00+00:00
[2024-03-26T09:50:57.683+0000] {processor.py:183} INFO - Processing /home/airflow/.local/lib/python3.8/site-packages/airflow/example_dags/example_short_circuit_decorator.py took 0.070 seconds
[2024-03-26T09:51:28.149+0000] {processor.py:161} INFO - Started process (PID=119) to work on /home/airflow/.local/lib/python3.8/site-packages/airflow/example_dags/example_short_circuit_decorator.py
[2024-03-26T09:51:28.150+0000] {processor.py:830} INFO - Processing file /home/airflow/.local/lib/python3.8/site-packages/airflow/example_dags/example_short_circuit_decorator.py for tasks to queue
[2024-03-26T09:51:28.151+0000] {logging_mixin.py:188} INFO - [2024-03-26T09:51:28.151+0000] {dagbag.py:538} INFO - Filling up the DagBag from /home/airflow/.local/lib/python3.8/site-packages/airflow/example_dags/example_short_circuit_decorator.py
[2024-03-26T09:51:28.158+0000] {processor.py:840} INFO - DAG(s) 'example_short_circuit_decorator' retrieved from /home/airflow/.local/lib/python3.8/site-packages/airflow/example_dags/example_short_circuit_decorator.py
[2024-03-26T09:51:28.242+0000] {logging_mixin.py:188} INFO - [2024-03-26T09:51:28.241+0000] {dag.py:3036} INFO - Sync 1 DAGs
[2024-03-26T09:51:28.259+0000] {logging_mixin.py:188} INFO - [2024-03-26T09:51:28.259+0000] {dag.py:3823} INFO - Setting next_dagrun for example_short_circuit_decorator to 2024-03-25 00:00:00+00:00, run_after=2024-03-26 00:00:00+00:00
[2024-03-26T09:51:28.275+0000] {processor.py:183} INFO - Processing /home/airflow/.local/lib/python3.8/site-packages/airflow/example_dags/example_short_circuit_decorator.py took 0.128 seconds
[2024-03-26T09:51:58.836+0000] {processor.py:161} INFO - Started process (PID=176) to work on /home/airflow/.local/lib/python3.8/site-packages/airflow/example_dags/example_short_circuit_decorator.py
[2024-03-26T09:51:58.837+0000] {processor.py:830} INFO - Processing file /home/airflow/.local/lib/python3.8/site-packages/airflow/example_dags/example_short_circuit_decorator.py for tasks to queue
[2024-03-26T09:51:58.839+0000] {logging_mixin.py:188} INFO - [2024-03-26T09:51:58.838+0000] {dagbag.py:538} INFO - Filling up the DagBag from /home/airflow/.local/lib/python3.8/site-packages/airflow/example_dags/example_short_circuit_decorator.py
[2024-03-26T09:51:58.846+0000] {processor.py:840} INFO - DAG(s) 'example_short_circuit_decorator' retrieved from /home/airflow/.local/lib/python3.8/site-packages/airflow/example_dags/example_short_circuit_decorator.py
[2024-03-26T09:51:58.864+0000] {logging_mixin.py:188} INFO - [2024-03-26T09:51:58.864+0000] {dag.py:3036} INFO - Sync 1 DAGs
[2024-03-26T09:51:58.882+0000] {logging_mixin.py:188} INFO - [2024-03-26T09:51:58.882+0000] {dag.py:3823} INFO - Setting next_dagrun for example_short_circuit_decorator to 2024-03-25 00:00:00+00:00, run_after=2024-03-26 00:00:00+00:00
[2024-03-26T09:51:58.897+0000] {processor.py:183} INFO - Processing /home/airflow/.local/lib/python3.8/site-packages/airflow/example_dags/example_short_circuit_decorator.py took 0.063 seconds
[2024-03-26T09:52:29.551+0000] {processor.py:161} INFO - Started process (PID=233) to work on /home/airflow/.local/lib/python3.8/site-packages/airflow/example_dags/example_short_circuit_decorator.py
[2024-03-26T09:52:29.552+0000] {processor.py:830} INFO - Processing file /home/airflow/.local/lib/python3.8/site-packages/airflow/example_dags/example_short_circuit_decorator.py for tasks to queue
[2024-03-26T09:52:29.554+0000] {logging_mixin.py:188} INFO - [2024-03-26T09:52:29.553+0000] {dagbag.py:538} INFO - Filling up the DagBag from /home/airflow/.local/lib/python3.8/site-packages/airflow/example_dags/example_short_circuit_decorator.py
[2024-03-26T09:52:29.561+0000] {processor.py:840} INFO - DAG(s) 'example_short_circuit_decorator' retrieved from /home/airflow/.local/lib/python3.8/site-packages/airflow/example_dags/example_short_circuit_decorator.py
[2024-03-26T09:52:29.579+0000] {logging_mixin.py:188} INFO - [2024-03-26T09:52:29.579+0000] {dag.py:3036} INFO - Sync 1 DAGs
[2024-03-26T09:52:29.597+0000] {logging_mixin.py:188} INFO - [2024-03-26T09:52:29.597+0000] {dag.py:3823} INFO - Setting next_dagrun for example_short_circuit_decorator to 2024-03-25 00:00:00+00:00, run_after=2024-03-26 00:00:00+00:00
[2024-03-26T09:52:29.613+0000] {processor.py:183} INFO - Processing /home/airflow/.local/lib/python3.8/site-packages/airflow/example_dags/example_short_circuit_decorator.py took 0.065 seconds
[2024-03-26T09:53:00.470+0000] {processor.py:161} INFO - Started process (PID=290) to work on /home/airflow/.local/lib/python3.8/site-packages/airflow/example_dags/example_short_circuit_decorator.py
[2024-03-26T09:53:00.471+0000] {processor.py:830} INFO - Processing file /home/airflow/.local/lib/python3.8/site-packages/airflow/example_dags/example_short_circuit_decorator.py for tasks to queue
[2024-03-26T09:53:00.472+0000] {logging_mixin.py:188} INFO - [2024-03-26T09:53:00.472+0000] {dagbag.py:538} INFO - Filling up the DagBag from /home/airflow/.local/lib/python3.8/site-packages/airflow/example_dags/example_short_circuit_decorator.py
[2024-03-26T09:53:00.481+0000] {processor.py:840} INFO - DAG(s) 'example_short_circuit_decorator' retrieved from /home/airflow/.local/lib/python3.8/site-packages/airflow/example_dags/example_short_circuit_decorator.py
[2024-03-26T09:53:00.499+0000] {logging_mixin.py:188} INFO - [2024-03-26T09:53:00.499+0000] {dag.py:3036} INFO - Sync 1 DAGs
[2024-03-26T09:53:00.518+0000] {logging_mixin.py:188} INFO - [2024-03-26T09:53:00.518+0000] {dag.py:3823} INFO - Setting next_dagrun for example_short_circuit_decorator to 2024-03-25 00:00:00+00:00, run_after=2024-03-26 00:00:00+00:00
[2024-03-26T09:53:00.533+0000] {processor.py:183} INFO - Processing /home/airflow/.local/lib/python3.8/site-packages/airflow/example_dags/example_short_circuit_decorator.py took 0.066 seconds
[2024-03-26T09:53:30.850+0000] {processor.py:161} INFO - Started process (PID=347) to work on /home/airflow/.local/lib/python3.8/site-packages/airflow/example_dags/example_short_circuit_decorator.py
[2024-03-26T09:53:30.851+0000] {processor.py:830} INFO - Processing file /home/airflow/.local/lib/python3.8/site-packages/airflow/example_dags/example_short_circuit_decorator.py for tasks to queue
[2024-03-26T09:53:30.852+0000] {logging_mixin.py:188} INFO - [2024-03-26T09:53:30.852+0000] {dagbag.py:538} INFO - Filling up the DagBag from /home/airflow/.local/lib/python3.8/site-packages/airflow/example_dags/example_short_circuit_decorator.py
[2024-03-26T09:53:30.859+0000] {processor.py:840} INFO - DAG(s) 'example_short_circuit_decorator' retrieved from /home/airflow/.local/lib/python3.8/site-packages/airflow/example_dags/example_short_circuit_decorator.py
[2024-03-26T09:53:30.881+0000] {logging_mixin.py:188} INFO - [2024-03-26T09:53:30.880+0000] {dag.py:3036} INFO - Sync 1 DAGs
[2024-03-26T09:53:30.900+0000] {logging_mixin.py:188} INFO - [2024-03-26T09:53:30.900+0000] {dag.py:3823} INFO - Setting next_dagrun for example_short_circuit_decorator to 2024-03-25 00:00:00+00:00, run_after=2024-03-26 00:00:00+00:00
[2024-03-26T09:53:30.917+0000] {processor.py:183} INFO - Processing /home/airflow/.local/lib/python3.8/site-packages/airflow/example_dags/example_short_circuit_decorator.py took 0.069 seconds
[2024-03-26T09:54:01.966+0000] {processor.py:161} INFO - Started process (PID=404) to work on /home/airflow/.local/lib/python3.8/site-packages/airflow/example_dags/example_short_circuit_decorator.py
[2024-03-26T09:54:01.967+0000] {processor.py:830} INFO - Processing file /home/airflow/.local/lib/python3.8/site-packages/airflow/example_dags/example_short_circuit_decorator.py for tasks to queue
[2024-03-26T09:54:01.969+0000] {logging_mixin.py:188} INFO - [2024-03-26T09:54:01.968+0000] {dagbag.py:538} INFO - Filling up the DagBag from /home/airflow/.local/lib/python3.8/site-packages/airflow/example_dags/example_short_circuit_decorator.py
[2024-03-26T09:54:01.975+0000] {processor.py:840} INFO - DAG(s) 'example_short_circuit_decorator' retrieved from /home/airflow/.local/lib/python3.8/site-packages/airflow/example_dags/example_short_circuit_decorator.py
[2024-03-26T09:54:01.993+0000] {logging_mixin.py:188} INFO - [2024-03-26T09:54:01.993+0000] {dag.py:3036} INFO - Sync 1 DAGs
[2024-03-26T09:54:02.011+0000] {logging_mixin.py:188} INFO - [2024-03-26T09:54:02.011+0000] {dag.py:3823} INFO - Setting next_dagrun for example_short_circuit_decorator to 2024-03-25 00:00:00+00:00, run_after=2024-03-26 00:00:00+00:00
[2024-03-26T09:54:02.028+0000] {processor.py:183} INFO - Processing /home/airflow/.local/lib/python3.8/site-packages/airflow/example_dags/example_short_circuit_decorator.py took 0.064 seconds
[2024-03-26T09:54:32.575+0000] {processor.py:161} INFO - Started process (PID=461) to work on /home/airflow/.local/lib/python3.8/site-packages/airflow/example_dags/example_short_circuit_decorator.py
[2024-03-26T09:54:32.577+0000] {processor.py:830} INFO - Processing file /home/airflow/.local/lib/python3.8/site-packages/airflow/example_dags/example_short_circuit_decorator.py for tasks to queue
[2024-03-26T09:54:32.578+0000] {logging_mixin.py:188} INFO - [2024-03-26T09:54:32.578+0000] {dagbag.py:538} INFO - Filling up the DagBag from /home/airflow/.local/lib/python3.8/site-packages/airflow/example_dags/example_short_circuit_decorator.py
[2024-03-26T09:54:32.587+0000] {processor.py:840} INFO - DAG(s) 'example_short_circuit_decorator' retrieved from /home/airflow/.local/lib/python3.8/site-packages/airflow/example_dags/example_short_circuit_decorator.py
[2024-03-26T09:54:32.607+0000] {logging_mixin.py:188} INFO - [2024-03-26T09:54:32.606+0000] {dag.py:3036} INFO - Sync 1 DAGs
[2024-03-26T09:54:32.626+0000] {logging_mixin.py:188} INFO - [2024-03-26T09:54:32.626+0000] {dag.py:3823} INFO - Setting next_dagrun for example_short_circuit_decorator to 2024-03-25 00:00:00+00:00, run_after=2024-03-26 00:00:00+00:00
[2024-03-26T09:54:32.643+0000] {processor.py:183} INFO - Processing /home/airflow/.local/lib/python3.8/site-packages/airflow/example_dags/example_short_circuit_decorator.py took 0.070 seconds
[2024-03-26T09:55:02.888+0000] {processor.py:161} INFO - Started process (PID=517) to work on /home/airflow/.local/lib/python3.8/site-packages/airflow/example_dags/example_short_circuit_decorator.py
[2024-03-26T09:55:02.889+0000] {processor.py:830} INFO - Processing file /home/airflow/.local/lib/python3.8/site-packages/airflow/example_dags/example_short_circuit_decorator.py for tasks to queue
[2024-03-26T09:55:02.890+0000] {logging_mixin.py:188} INFO - [2024-03-26T09:55:02.890+0000] {dagbag.py:538} INFO - Filling up the DagBag from /home/airflow/.local/lib/python3.8/site-packages/airflow/example_dags/example_short_circuit_decorator.py
[2024-03-26T09:55:02.897+0000] {processor.py:840} INFO - DAG(s) 'example_short_circuit_decorator' retrieved from /home/airflow/.local/lib/python3.8/site-packages/airflow/example_dags/example_short_circuit_decorator.py
[2024-03-26T09:55:02.916+0000] {logging_mixin.py:188} INFO - [2024-03-26T09:55:02.915+0000] {dag.py:3036} INFO - Sync 1 DAGs
[2024-03-26T09:55:02.933+0000] {logging_mixin.py:188} INFO - [2024-03-26T09:55:02.933+0000] {dag.py:3823} INFO - Setting next_dagrun for example_short_circuit_decorator to 2024-03-25 00:00:00+00:00, run_after=2024-03-26 00:00:00+00:00
[2024-03-26T09:55:02.948+0000] {processor.py:183} INFO - Processing /home/airflow/.local/lib/python3.8/site-packages/airflow/example_dags/example_short_circuit_decorator.py took 0.063 seconds
[2024-03-26T09:55:33.407+0000] {processor.py:161} INFO - Started process (PID=573) to work on /home/airflow/.local/lib/python3.8/site-packages/airflow/example_dags/example_short_circuit_decorator.py
[2024-03-26T09:55:33.408+0000] {processor.py:830} INFO - Processing file /home/airflow/.local/lib/python3.8/site-packages/airflow/example_dags/example_short_circuit_decorator.py for tasks to queue
[2024-03-26T09:55:33.409+0000] {logging_mixin.py:188} INFO - [2024-03-26T09:55:33.409+0000] {dagbag.py:538} INFO - Filling up the DagBag from /home/airflow/.local/lib/python3.8/site-packages/airflow/example_dags/example_short_circuit_decorator.py
[2024-03-26T09:55:33.417+0000] {processor.py:840} INFO - DAG(s) 'example_short_circuit_decorator' retrieved from /home/airflow/.local/lib/python3.8/site-packages/airflow/example_dags/example_short_circuit_decorator.py
[2024-03-26T09:55:33.441+0000] {logging_mixin.py:188} INFO - [2024-03-26T09:55:33.441+0000] {dag.py:3036} INFO - Sync 1 DAGs
[2024-03-26T09:55:33.468+0000] {logging_mixin.py:188} INFO - [2024-03-26T09:55:33.468+0000] {dag.py:3823} INFO - Setting next_dagrun for example_short_circuit_decorator to 2024-03-25 00:00:00+00:00, run_after=2024-03-26 00:00:00+00:00
[2024-03-26T09:55:33.487+0000] {processor.py:183} INFO - Processing /home/airflow/.local/lib/python3.8/site-packages/airflow/example_dags/example_short_circuit_decorator.py took 0.083 seconds
[2024-03-26T09:56:04.072+0000] {processor.py:161} INFO - Started process (PID=630) to work on /home/airflow/.local/lib/python3.8/site-packages/airflow/example_dags/example_short_circuit_decorator.py
[2024-03-26T09:56:04.073+0000] {processor.py:830} INFO - Processing file /home/airflow/.local/lib/python3.8/site-packages/airflow/example_dags/example_short_circuit_decorator.py for tasks to queue
[2024-03-26T09:56:04.074+0000] {logging_mixin.py:188} INFO - [2024-03-26T09:56:04.074+0000] {dagbag.py:538} INFO - Filling up the DagBag from /home/airflow/.local/lib/python3.8/site-packages/airflow/example_dags/example_short_circuit_decorator.py
[2024-03-26T09:56:04.082+0000] {processor.py:840} INFO - DAG(s) 'example_short_circuit_decorator' retrieved from /home/airflow/.local/lib/python3.8/site-packages/airflow/example_dags/example_short_circuit_decorator.py
[2024-03-26T09:56:04.101+0000] {logging_mixin.py:188} INFO - [2024-03-26T09:56:04.101+0000] {dag.py:3036} INFO - Sync 1 DAGs
[2024-03-26T09:56:04.123+0000] {logging_mixin.py:188} INFO - [2024-03-26T09:56:04.123+0000] {dag.py:3823} INFO - Setting next_dagrun for example_short_circuit_decorator to 2024-03-25 00:00:00+00:00, run_after=2024-03-26 00:00:00+00:00
[2024-03-26T09:56:04.139+0000] {processor.py:183} INFO - Processing /home/airflow/.local/lib/python3.8/site-packages/airflow/example_dags/example_short_circuit_decorator.py took 0.070 seconds
[2024-03-26T09:57:47.316+0000] {processor.py:161} INFO - Started process (PID=62) to work on /home/airflow/.local/lib/python3.8/site-packages/airflow/example_dags/example_short_circuit_decorator.py
[2024-03-26T09:57:47.317+0000] {processor.py:830} INFO - Processing file /home/airflow/.local/lib/python3.8/site-packages/airflow/example_dags/example_short_circuit_decorator.py for tasks to queue
[2024-03-26T09:57:47.319+0000] {logging_mixin.py:188} INFO - [2024-03-26T09:57:47.318+0000] {dagbag.py:538} INFO - Filling up the DagBag from /home/airflow/.local/lib/python3.8/site-packages/airflow/example_dags/example_short_circuit_decorator.py
[2024-03-26T09:57:47.328+0000] {processor.py:840} INFO - DAG(s) 'example_short_circuit_decorator' retrieved from /home/airflow/.local/lib/python3.8/site-packages/airflow/example_dags/example_short_circuit_decorator.py
[2024-03-26T09:57:47.337+0000] {logging_mixin.py:188} INFO - [2024-03-26T09:57:47.337+0000] {dag.py:3036} INFO - Sync 1 DAGs
[2024-03-26T09:57:47.357+0000] {logging_mixin.py:188} INFO - [2024-03-26T09:57:47.356+0000] {dag.py:3823} INFO - Setting next_dagrun for example_short_circuit_decorator to 2024-03-25 00:00:00+00:00, run_after=2024-03-26 00:00:00+00:00
[2024-03-26T09:57:47.374+0000] {processor.py:183} INFO - Processing /home/airflow/.local/lib/python3.8/site-packages/airflow/example_dags/example_short_circuit_decorator.py took 0.060 seconds
[2024-03-26T09:58:17.891+0000] {processor.py:161} INFO - Started process (PID=119) to work on /home/airflow/.local/lib/python3.8/site-packages/airflow/example_dags/example_short_circuit_decorator.py
[2024-03-26T09:58:17.892+0000] {processor.py:830} INFO - Processing file /home/airflow/.local/lib/python3.8/site-packages/airflow/example_dags/example_short_circuit_decorator.py for tasks to queue
[2024-03-26T09:58:17.894+0000] {logging_mixin.py:188} INFO - [2024-03-26T09:58:17.893+0000] {dagbag.py:538} INFO - Filling up the DagBag from /home/airflow/.local/lib/python3.8/site-packages/airflow/example_dags/example_short_circuit_decorator.py
[2024-03-26T09:58:17.901+0000] {processor.py:840} INFO - DAG(s) 'example_short_circuit_decorator' retrieved from /home/airflow/.local/lib/python3.8/site-packages/airflow/example_dags/example_short_circuit_decorator.py
[2024-03-26T09:58:17.987+0000] {logging_mixin.py:188} INFO - [2024-03-26T09:58:17.987+0000] {dag.py:3036} INFO - Sync 1 DAGs
[2024-03-26T09:58:18.004+0000] {logging_mixin.py:188} INFO - [2024-03-26T09:58:18.004+0000] {dag.py:3823} INFO - Setting next_dagrun for example_short_circuit_decorator to 2024-03-25 00:00:00+00:00, run_after=2024-03-26 00:00:00+00:00
[2024-03-26T09:58:18.020+0000] {processor.py:183} INFO - Processing /home/airflow/.local/lib/python3.8/site-packages/airflow/example_dags/example_short_circuit_decorator.py took 0.132 seconds
[2024-03-26T09:58:48.664+0000] {processor.py:161} INFO - Started process (PID=176) to work on /home/airflow/.local/lib/python3.8/site-packages/airflow/example_dags/example_short_circuit_decorator.py
[2024-03-26T09:58:48.665+0000] {processor.py:830} INFO - Processing file /home/airflow/.local/lib/python3.8/site-packages/airflow/example_dags/example_short_circuit_decorator.py for tasks to queue
[2024-03-26T09:58:48.666+0000] {logging_mixin.py:188} INFO - [2024-03-26T09:58:48.666+0000] {dagbag.py:538} INFO - Filling up the DagBag from /home/airflow/.local/lib/python3.8/site-packages/airflow/example_dags/example_short_circuit_decorator.py
[2024-03-26T09:58:48.678+0000] {processor.py:840} INFO - DAG(s) 'example_short_circuit_decorator' retrieved from /home/airflow/.local/lib/python3.8/site-packages/airflow/example_dags/example_short_circuit_decorator.py
[2024-03-26T09:58:48.697+0000] {logging_mixin.py:188} INFO - [2024-03-26T09:58:48.697+0000] {dag.py:3036} INFO - Sync 1 DAGs
[2024-03-26T09:58:48.721+0000] {logging_mixin.py:188} INFO - [2024-03-26T09:58:48.720+0000] {dag.py:3823} INFO - Setting next_dagrun for example_short_circuit_decorator to 2024-03-25 00:00:00+00:00, run_after=2024-03-26 00:00:00+00:00
[2024-03-26T09:58:48.741+0000] {processor.py:183} INFO - Processing /home/airflow/.local/lib/python3.8/site-packages/airflow/example_dags/example_short_circuit_decorator.py took 0.080 seconds
[2024-03-26T10:11:03.301+0000] {processor.py:161} INFO - Started process (PID=61) to work on /home/airflow/.local/lib/python3.8/site-packages/airflow/example_dags/example_short_circuit_decorator.py
[2024-03-26T10:11:03.302+0000] {processor.py:830} INFO - Processing file /home/airflow/.local/lib/python3.8/site-packages/airflow/example_dags/example_short_circuit_decorator.py for tasks to queue
[2024-03-26T10:11:03.303+0000] {logging_mixin.py:188} INFO - [2024-03-26T10:11:03.303+0000] {dagbag.py:538} INFO - Filling up the DagBag from /home/airflow/.local/lib/python3.8/site-packages/airflow/example_dags/example_short_circuit_decorator.py
[2024-03-26T10:11:03.315+0000] {processor.py:840} INFO - DAG(s) 'example_short_circuit_decorator' retrieved from /home/airflow/.local/lib/python3.8/site-packages/airflow/example_dags/example_short_circuit_decorator.py
[2024-03-26T10:11:03.325+0000] {logging_mixin.py:188} INFO - [2024-03-26T10:11:03.325+0000] {dag.py:3036} INFO - Sync 1 DAGs
[2024-03-26T10:11:03.347+0000] {logging_mixin.py:188} INFO - [2024-03-26T10:11:03.347+0000] {dag.py:3823} INFO - Setting next_dagrun for example_short_circuit_decorator to 2024-03-25 00:00:00+00:00, run_after=2024-03-26 00:00:00+00:00
[2024-03-26T10:11:03.369+0000] {processor.py:183} INFO - Processing /home/airflow/.local/lib/python3.8/site-packages/airflow/example_dags/example_short_circuit_decorator.py took 0.071 seconds
[2024-03-26T10:11:34.878+0000] {processor.py:161} INFO - Started process (PID=117) to work on /home/airflow/.local/lib/python3.8/site-packages/airflow/example_dags/example_short_circuit_decorator.py
[2024-03-26T10:11:34.879+0000] {processor.py:830} INFO - Processing file /home/airflow/.local/lib/python3.8/site-packages/airflow/example_dags/example_short_circuit_decorator.py for tasks to queue
[2024-03-26T10:11:34.881+0000] {logging_mixin.py:188} INFO - [2024-03-26T10:11:34.881+0000] {dagbag.py:538} INFO - Filling up the DagBag from /home/airflow/.local/lib/python3.8/site-packages/airflow/example_dags/example_short_circuit_decorator.py
[2024-03-26T10:11:34.889+0000] {processor.py:840} INFO - DAG(s) 'example_short_circuit_decorator' retrieved from /home/airflow/.local/lib/python3.8/site-packages/airflow/example_dags/example_short_circuit_decorator.py
[2024-03-26T10:11:34.978+0000] {logging_mixin.py:188} INFO - [2024-03-26T10:11:34.978+0000] {dag.py:3036} INFO - Sync 1 DAGs
[2024-03-26T10:11:34.998+0000] {logging_mixin.py:188} INFO - [2024-03-26T10:11:34.998+0000] {dag.py:3823} INFO - Setting next_dagrun for example_short_circuit_decorator to 2024-03-25 00:00:00+00:00, run_after=2024-03-26 00:00:00+00:00
[2024-03-26T10:11:35.016+0000] {processor.py:183} INFO - Processing /home/airflow/.local/lib/python3.8/site-packages/airflow/example_dags/example_short_circuit_decorator.py took 0.140 seconds
[2024-03-26T10:12:49.446+0000] {processor.py:161} INFO - Started process (PID=62) to work on /home/airflow/.local/lib/python3.8/site-packages/airflow/example_dags/example_short_circuit_decorator.py
[2024-03-26T10:12:49.448+0000] {processor.py:830} INFO - Processing file /home/airflow/.local/lib/python3.8/site-packages/airflow/example_dags/example_short_circuit_decorator.py for tasks to queue
[2024-03-26T10:12:49.450+0000] {logging_mixin.py:188} INFO - [2024-03-26T10:12:49.450+0000] {dagbag.py:538} INFO - Filling up the DagBag from /home/airflow/.local/lib/python3.8/site-packages/airflow/example_dags/example_short_circuit_decorator.py
[2024-03-26T10:12:49.461+0000] {processor.py:840} INFO - DAG(s) 'example_short_circuit_decorator' retrieved from /home/airflow/.local/lib/python3.8/site-packages/airflow/example_dags/example_short_circuit_decorator.py
[2024-03-26T10:12:49.474+0000] {logging_mixin.py:188} INFO - [2024-03-26T10:12:49.474+0000] {dag.py:3036} INFO - Sync 1 DAGs
[2024-03-26T10:12:49.508+0000] {logging_mixin.py:188} INFO - [2024-03-26T10:12:49.508+0000] {dag.py:3823} INFO - Setting next_dagrun for example_short_circuit_decorator to 2024-03-25 00:00:00+00:00, run_after=2024-03-26 00:00:00+00:00
[2024-03-26T10:12:49.545+0000] {processor.py:183} INFO - Processing /home/airflow/.local/lib/python3.8/site-packages/airflow/example_dags/example_short_circuit_decorator.py took 0.101 seconds
[2024-03-26T10:13:20.200+0000] {processor.py:161} INFO - Started process (PID=119) to work on /home/airflow/.local/lib/python3.8/site-packages/airflow/example_dags/example_short_circuit_decorator.py
[2024-03-26T10:13:20.201+0000] {processor.py:830} INFO - Processing file /home/airflow/.local/lib/python3.8/site-packages/airflow/example_dags/example_short_circuit_decorator.py for tasks to queue
[2024-03-26T10:13:20.202+0000] {logging_mixin.py:188} INFO - [2024-03-26T10:13:20.202+0000] {dagbag.py:538} INFO - Filling up the DagBag from /home/airflow/.local/lib/python3.8/site-packages/airflow/example_dags/example_short_circuit_decorator.py
[2024-03-26T10:13:20.209+0000] {processor.py:840} INFO - DAG(s) 'example_short_circuit_decorator' retrieved from /home/airflow/.local/lib/python3.8/site-packages/airflow/example_dags/example_short_circuit_decorator.py
[2024-03-26T10:13:20.301+0000] {logging_mixin.py:188} INFO - [2024-03-26T10:13:20.300+0000] {dag.py:3036} INFO - Sync 1 DAGs
[2024-03-26T10:13:20.319+0000] {logging_mixin.py:188} INFO - [2024-03-26T10:13:20.318+0000] {dag.py:3823} INFO - Setting next_dagrun for example_short_circuit_decorator to 2024-03-25 00:00:00+00:00, run_after=2024-03-26 00:00:00+00:00
[2024-03-26T10:13:20.335+0000] {processor.py:183} INFO - Processing /home/airflow/.local/lib/python3.8/site-packages/airflow/example_dags/example_short_circuit_decorator.py took 0.138 seconds
[2024-03-26T10:13:50.887+0000] {processor.py:161} INFO - Started process (PID=176) to work on /home/airflow/.local/lib/python3.8/site-packages/airflow/example_dags/example_short_circuit_decorator.py
[2024-03-26T10:13:50.888+0000] {processor.py:830} INFO - Processing file /home/airflow/.local/lib/python3.8/site-packages/airflow/example_dags/example_short_circuit_decorator.py for tasks to queue
[2024-03-26T10:13:50.890+0000] {logging_mixin.py:188} INFO - [2024-03-26T10:13:50.890+0000] {dagbag.py:538} INFO - Filling up the DagBag from /home/airflow/.local/lib/python3.8/site-packages/airflow/example_dags/example_short_circuit_decorator.py
[2024-03-26T10:13:50.897+0000] {processor.py:840} INFO - DAG(s) 'example_short_circuit_decorator' retrieved from /home/airflow/.local/lib/python3.8/site-packages/airflow/example_dags/example_short_circuit_decorator.py
[2024-03-26T10:13:50.916+0000] {logging_mixin.py:188} INFO - [2024-03-26T10:13:50.916+0000] {dag.py:3036} INFO - Sync 1 DAGs
[2024-03-26T10:13:50.934+0000] {logging_mixin.py:188} INFO - [2024-03-26T10:13:50.933+0000] {dag.py:3823} INFO - Setting next_dagrun for example_short_circuit_decorator to 2024-03-25 00:00:00+00:00, run_after=2024-03-26 00:00:00+00:00
[2024-03-26T10:13:50.949+0000] {processor.py:183} INFO - Processing /home/airflow/.local/lib/python3.8/site-packages/airflow/example_dags/example_short_circuit_decorator.py took 0.064 seconds
[2024-03-26T10:14:21.289+0000] {processor.py:161} INFO - Started process (PID=233) to work on /home/airflow/.local/lib/python3.8/site-packages/airflow/example_dags/example_short_circuit_decorator.py
[2024-03-26T10:14:21.290+0000] {processor.py:830} INFO - Processing file /home/airflow/.local/lib/python3.8/site-packages/airflow/example_dags/example_short_circuit_decorator.py for tasks to queue
[2024-03-26T10:14:21.291+0000] {logging_mixin.py:188} INFO - [2024-03-26T10:14:21.291+0000] {dagbag.py:538} INFO - Filling up the DagBag from /home/airflow/.local/lib/python3.8/site-packages/airflow/example_dags/example_short_circuit_decorator.py
[2024-03-26T10:14:21.298+0000] {processor.py:840} INFO - DAG(s) 'example_short_circuit_decorator' retrieved from /home/airflow/.local/lib/python3.8/site-packages/airflow/example_dags/example_short_circuit_decorator.py
[2024-03-26T10:14:21.316+0000] {logging_mixin.py:188} INFO - [2024-03-26T10:14:21.316+0000] {dag.py:3036} INFO - Sync 1 DAGs
[2024-03-26T10:14:21.338+0000] {logging_mixin.py:188} INFO - [2024-03-26T10:14:21.338+0000] {dag.py:3823} INFO - Setting next_dagrun for example_short_circuit_decorator to 2024-03-25 00:00:00+00:00, run_after=2024-03-26 00:00:00+00:00
[2024-03-26T10:14:21.353+0000] {processor.py:183} INFO - Processing /home/airflow/.local/lib/python3.8/site-packages/airflow/example_dags/example_short_circuit_decorator.py took 0.066 seconds
[2024-03-26T10:15:15.536+0000] {processor.py:161} INFO - Started process (PID=62) to work on /home/airflow/.local/lib/python3.8/site-packages/airflow/example_dags/example_short_circuit_decorator.py
[2024-03-26T10:15:15.538+0000] {processor.py:830} INFO - Processing file /home/airflow/.local/lib/python3.8/site-packages/airflow/example_dags/example_short_circuit_decorator.py for tasks to queue
[2024-03-26T10:15:15.540+0000] {logging_mixin.py:188} INFO - [2024-03-26T10:15:15.540+0000] {dagbag.py:538} INFO - Filling up the DagBag from /home/airflow/.local/lib/python3.8/site-packages/airflow/example_dags/example_short_circuit_decorator.py
[2024-03-26T10:15:15.556+0000] {processor.py:840} INFO - DAG(s) 'example_short_circuit_decorator' retrieved from /home/airflow/.local/lib/python3.8/site-packages/airflow/example_dags/example_short_circuit_decorator.py
[2024-03-26T10:15:15.571+0000] {logging_mixin.py:188} INFO - [2024-03-26T10:15:15.571+0000] {dag.py:3036} INFO - Sync 1 DAGs
[2024-03-26T10:15:15.596+0000] {logging_mixin.py:188} INFO - [2024-03-26T10:15:15.596+0000] {dag.py:3823} INFO - Setting next_dagrun for example_short_circuit_decorator to 2024-03-25 00:00:00+00:00, run_after=2024-03-26 00:00:00+00:00
[2024-03-26T10:15:15.615+0000] {processor.py:183} INFO - Processing /home/airflow/.local/lib/python3.8/site-packages/airflow/example_dags/example_short_circuit_decorator.py took 0.081 seconds
[2024-03-26T10:15:46.546+0000] {processor.py:161} INFO - Started process (PID=119) to work on /home/airflow/.local/lib/python3.8/site-packages/airflow/example_dags/example_short_circuit_decorator.py
[2024-03-26T10:15:46.547+0000] {processor.py:830} INFO - Processing file /home/airflow/.local/lib/python3.8/site-packages/airflow/example_dags/example_short_circuit_decorator.py for tasks to queue
[2024-03-26T10:15:46.548+0000] {logging_mixin.py:188} INFO - [2024-03-26T10:15:46.548+0000] {dagbag.py:538} INFO - Filling up the DagBag from /home/airflow/.local/lib/python3.8/site-packages/airflow/example_dags/example_short_circuit_decorator.py
[2024-03-26T10:15:46.557+0000] {processor.py:840} INFO - DAG(s) 'example_short_circuit_decorator' retrieved from /home/airflow/.local/lib/python3.8/site-packages/airflow/example_dags/example_short_circuit_decorator.py
[2024-03-26T10:15:46.666+0000] {logging_mixin.py:188} INFO - [2024-03-26T10:15:46.666+0000] {dag.py:3036} INFO - Sync 1 DAGs
[2024-03-26T10:15:46.688+0000] {logging_mixin.py:188} INFO - [2024-03-26T10:15:46.687+0000] {dag.py:3823} INFO - Setting next_dagrun for example_short_circuit_decorator to 2024-03-25 00:00:00+00:00, run_after=2024-03-26 00:00:00+00:00
[2024-03-26T10:15:46.712+0000] {processor.py:183} INFO - Processing /home/airflow/.local/lib/python3.8/site-packages/airflow/example_dags/example_short_circuit_decorator.py took 0.169 seconds
[2024-03-26T10:17:22.736+0000] {processor.py:161} INFO - Started process (PID=62) to work on /home/airflow/.local/lib/python3.8/site-packages/airflow/example_dags/example_short_circuit_decorator.py
[2024-03-26T10:17:22.738+0000] {processor.py:830} INFO - Processing file /home/airflow/.local/lib/python3.8/site-packages/airflow/example_dags/example_short_circuit_decorator.py for tasks to queue
[2024-03-26T10:17:22.739+0000] {logging_mixin.py:188} INFO - [2024-03-26T10:17:22.739+0000] {dagbag.py:538} INFO - Filling up the DagBag from /home/airflow/.local/lib/python3.8/site-packages/airflow/example_dags/example_short_circuit_decorator.py
[2024-03-26T10:17:22.750+0000] {processor.py:840} INFO - DAG(s) 'example_short_circuit_decorator' retrieved from /home/airflow/.local/lib/python3.8/site-packages/airflow/example_dags/example_short_circuit_decorator.py
[2024-03-26T10:17:22.760+0000] {logging_mixin.py:188} INFO - [2024-03-26T10:17:22.759+0000] {dag.py:3036} INFO - Sync 1 DAGs
[2024-03-26T10:17:22.785+0000] {logging_mixin.py:188} INFO - [2024-03-26T10:17:22.785+0000] {dag.py:3823} INFO - Setting next_dagrun for example_short_circuit_decorator to 2024-03-25 00:00:00+00:00, run_after=2024-03-26 00:00:00+00:00
[2024-03-26T10:17:22.810+0000] {processor.py:183} INFO - Processing /home/airflow/.local/lib/python3.8/site-packages/airflow/example_dags/example_short_circuit_decorator.py took 0.076 seconds
[2024-03-26T10:17:53.776+0000] {processor.py:161} INFO - Started process (PID=119) to work on /home/airflow/.local/lib/python3.8/site-packages/airflow/example_dags/example_short_circuit_decorator.py
[2024-03-26T10:17:53.777+0000] {processor.py:830} INFO - Processing file /home/airflow/.local/lib/python3.8/site-packages/airflow/example_dags/example_short_circuit_decorator.py for tasks to queue
[2024-03-26T10:17:53.778+0000] {logging_mixin.py:188} INFO - [2024-03-26T10:17:53.778+0000] {dagbag.py:538} INFO - Filling up the DagBag from /home/airflow/.local/lib/python3.8/site-packages/airflow/example_dags/example_short_circuit_decorator.py
[2024-03-26T10:17:53.789+0000] {processor.py:840} INFO - DAG(s) 'example_short_circuit_decorator' retrieved from /home/airflow/.local/lib/python3.8/site-packages/airflow/example_dags/example_short_circuit_decorator.py
[2024-03-26T10:17:53.901+0000] {logging_mixin.py:188} INFO - [2024-03-26T10:17:53.900+0000] {dag.py:3036} INFO - Sync 1 DAGs
[2024-03-26T10:17:53.924+0000] {logging_mixin.py:188} INFO - [2024-03-26T10:17:53.924+0000] {dag.py:3823} INFO - Setting next_dagrun for example_short_circuit_decorator to 2024-03-25 00:00:00+00:00, run_after=2024-03-26 00:00:00+00:00
[2024-03-26T10:17:53.943+0000] {processor.py:183} INFO - Processing /home/airflow/.local/lib/python3.8/site-packages/airflow/example_dags/example_short_circuit_decorator.py took 0.170 seconds
