[2024-03-26T08:41:06.576+0000] {processor.py:161} INFO - Started process (PID=56) to work on /home/airflow/.local/lib/python3.8/site-packages/airflow/example_dags/example_short_circuit_operator.py
[2024-03-26T08:41:06.577+0000] {processor.py:830} INFO - Processing file /home/airflow/.local/lib/python3.8/site-packages/airflow/example_dags/example_short_circuit_operator.py for tasks to queue
[2024-03-26T08:41:06.579+0000] {logging_mixin.py:188} INFO - [2024-03-26T08:41:06.578+0000] {dagbag.py:538} INFO - Filling up the DagBag from /home/airflow/.local/lib/python3.8/site-packages/airflow/example_dags/example_short_circuit_operator.py
[2024-03-26T08:41:06.590+0000] {processor.py:840} INFO - DAG(s) 'example_short_circuit_operator' retrieved from /home/airflow/.local/lib/python3.8/site-packages/airflow/example_dags/example_short_circuit_operator.py
[2024-03-26T08:41:06.600+0000] {logging_mixin.py:188} INFO - [2024-03-26T08:41:06.600+0000] {dag.py:3036} INFO - Sync 1 DAGs
[2024-03-26T08:41:06.619+0000] {logging_mixin.py:188} INFO - [2024-03-26T08:41:06.619+0000] {dag.py:3823} INFO - Setting next_dagrun for example_short_circuit_operator to 2024-03-25 00:00:00+00:00, run_after=2024-03-26 00:00:00+00:00
[2024-03-26T08:41:06.636+0000] {processor.py:183} INFO - Processing /home/airflow/.local/lib/python3.8/site-packages/airflow/example_dags/example_short_circuit_operator.py took 0.064 seconds
[2024-03-26T08:41:37.759+0000] {processor.py:161} INFO - Started process (PID=112) to work on /home/airflow/.local/lib/python3.8/site-packages/airflow/example_dags/example_short_circuit_operator.py
[2024-03-26T08:41:37.760+0000] {processor.py:830} INFO - Processing file /home/airflow/.local/lib/python3.8/site-packages/airflow/example_dags/example_short_circuit_operator.py for tasks to queue
[2024-03-26T08:41:37.761+0000] {logging_mixin.py:188} INFO - [2024-03-26T08:41:37.761+0000] {dagbag.py:538} INFO - Filling up the DagBag from /home/airflow/.local/lib/python3.8/site-packages/airflow/example_dags/example_short_circuit_operator.py
[2024-03-26T08:41:37.768+0000] {processor.py:840} INFO - DAG(s) 'example_short_circuit_operator' retrieved from /home/airflow/.local/lib/python3.8/site-packages/airflow/example_dags/example_short_circuit_operator.py
[2024-03-26T08:41:37.853+0000] {logging_mixin.py:188} INFO - [2024-03-26T08:41:37.852+0000] {dag.py:3036} INFO - Sync 1 DAGs
[2024-03-26T08:41:37.870+0000] {logging_mixin.py:188} INFO - [2024-03-26T08:41:37.870+0000] {dag.py:3823} INFO - Setting next_dagrun for example_short_circuit_operator to 2024-03-25 00:00:00+00:00, run_after=2024-03-26 00:00:00+00:00
[2024-03-26T08:41:37.888+0000] {processor.py:183} INFO - Processing /home/airflow/.local/lib/python3.8/site-packages/airflow/example_dags/example_short_circuit_operator.py took 0.131 seconds
[2024-03-26T08:43:47.004+0000] {processor.py:161} INFO - Started process (PID=56) to work on /home/airflow/.local/lib/python3.8/site-packages/airflow/example_dags/example_short_circuit_operator.py
[2024-03-26T08:43:47.005+0000] {processor.py:830} INFO - Processing file /home/airflow/.local/lib/python3.8/site-packages/airflow/example_dags/example_short_circuit_operator.py for tasks to queue
[2024-03-26T08:43:47.006+0000] {logging_mixin.py:188} INFO - [2024-03-26T08:43:47.006+0000] {dagbag.py:538} INFO - Filling up the DagBag from /home/airflow/.local/lib/python3.8/site-packages/airflow/example_dags/example_short_circuit_operator.py
[2024-03-26T08:43:47.018+0000] {processor.py:840} INFO - DAG(s) 'example_short_circuit_operator' retrieved from /home/airflow/.local/lib/python3.8/site-packages/airflow/example_dags/example_short_circuit_operator.py
[2024-03-26T08:43:47.028+0000] {logging_mixin.py:188} INFO - [2024-03-26T08:43:47.028+0000] {dag.py:3036} INFO - Sync 1 DAGs
[2024-03-26T08:43:47.049+0000] {logging_mixin.py:188} INFO - [2024-03-26T08:43:47.049+0000] {dag.py:3823} INFO - Setting next_dagrun for example_short_circuit_operator to 2024-03-25 00:00:00+00:00, run_after=2024-03-26 00:00:00+00:00
[2024-03-26T08:43:47.072+0000] {processor.py:183} INFO - Processing /home/airflow/.local/lib/python3.8/site-packages/airflow/example_dags/example_short_circuit_operator.py took 0.071 seconds
[2024-03-26T08:44:17.996+0000] {processor.py:161} INFO - Started process (PID=112) to work on /home/airflow/.local/lib/python3.8/site-packages/airflow/example_dags/example_short_circuit_operator.py
[2024-03-26T08:44:17.997+0000] {processor.py:830} INFO - Processing file /home/airflow/.local/lib/python3.8/site-packages/airflow/example_dags/example_short_circuit_operator.py for tasks to queue
[2024-03-26T08:44:17.999+0000] {logging_mixin.py:188} INFO - [2024-03-26T08:44:17.999+0000] {dagbag.py:538} INFO - Filling up the DagBag from /home/airflow/.local/lib/python3.8/site-packages/airflow/example_dags/example_short_circuit_operator.py
[2024-03-26T08:44:18.005+0000] {processor.py:840} INFO - DAG(s) 'example_short_circuit_operator' retrieved from /home/airflow/.local/lib/python3.8/site-packages/airflow/example_dags/example_short_circuit_operator.py
[2024-03-26T08:44:18.095+0000] {logging_mixin.py:188} INFO - [2024-03-26T08:44:18.095+0000] {dag.py:3036} INFO - Sync 1 DAGs
[2024-03-26T08:44:18.114+0000] {logging_mixin.py:188} INFO - [2024-03-26T08:44:18.113+0000] {dag.py:3823} INFO - Setting next_dagrun for example_short_circuit_operator to 2024-03-25 00:00:00+00:00, run_after=2024-03-26 00:00:00+00:00
[2024-03-26T08:44:18.133+0000] {processor.py:183} INFO - Processing /home/airflow/.local/lib/python3.8/site-packages/airflow/example_dags/example_short_circuit_operator.py took 0.139 seconds
[2024-03-26T08:44:48.782+0000] {processor.py:161} INFO - Started process (PID=168) to work on /home/airflow/.local/lib/python3.8/site-packages/airflow/example_dags/example_short_circuit_operator.py
[2024-03-26T08:44:48.783+0000] {processor.py:830} INFO - Processing file /home/airflow/.local/lib/python3.8/site-packages/airflow/example_dags/example_short_circuit_operator.py for tasks to queue
[2024-03-26T08:44:48.785+0000] {logging_mixin.py:188} INFO - [2024-03-26T08:44:48.785+0000] {dagbag.py:538} INFO - Filling up the DagBag from /home/airflow/.local/lib/python3.8/site-packages/airflow/example_dags/example_short_circuit_operator.py
[2024-03-26T08:44:48.791+0000] {processor.py:840} INFO - DAG(s) 'example_short_circuit_operator' retrieved from /home/airflow/.local/lib/python3.8/site-packages/airflow/example_dags/example_short_circuit_operator.py
[2024-03-26T08:44:48.809+0000] {logging_mixin.py:188} INFO - [2024-03-26T08:44:48.809+0000] {dag.py:3036} INFO - Sync 1 DAGs
[2024-03-26T08:44:48.826+0000] {logging_mixin.py:188} INFO - [2024-03-26T08:44:48.826+0000] {dag.py:3823} INFO - Setting next_dagrun for example_short_circuit_operator to 2024-03-25 00:00:00+00:00, run_after=2024-03-26 00:00:00+00:00
[2024-03-26T08:44:48.841+0000] {processor.py:183} INFO - Processing /home/airflow/.local/lib/python3.8/site-packages/airflow/example_dags/example_short_circuit_operator.py took 0.061 seconds
[2024-03-26T08:45:19.101+0000] {processor.py:161} INFO - Started process (PID=224) to work on /home/airflow/.local/lib/python3.8/site-packages/airflow/example_dags/example_short_circuit_operator.py
[2024-03-26T08:45:19.102+0000] {processor.py:830} INFO - Processing file /home/airflow/.local/lib/python3.8/site-packages/airflow/example_dags/example_short_circuit_operator.py for tasks to queue
[2024-03-26T08:45:19.103+0000] {logging_mixin.py:188} INFO - [2024-03-26T08:45:19.103+0000] {dagbag.py:538} INFO - Filling up the DagBag from /home/airflow/.local/lib/python3.8/site-packages/airflow/example_dags/example_short_circuit_operator.py
[2024-03-26T08:45:19.109+0000] {processor.py:840} INFO - DAG(s) 'example_short_circuit_operator' retrieved from /home/airflow/.local/lib/python3.8/site-packages/airflow/example_dags/example_short_circuit_operator.py
[2024-03-26T08:45:19.126+0000] {logging_mixin.py:188} INFO - [2024-03-26T08:45:19.126+0000] {dag.py:3036} INFO - Sync 1 DAGs
[2024-03-26T08:45:19.144+0000] {logging_mixin.py:188} INFO - [2024-03-26T08:45:19.144+0000] {dag.py:3823} INFO - Setting next_dagrun for example_short_circuit_operator to 2024-03-25 00:00:00+00:00, run_after=2024-03-26 00:00:00+00:00
[2024-03-26T08:45:19.158+0000] {processor.py:183} INFO - Processing /home/airflow/.local/lib/python3.8/site-packages/airflow/example_dags/example_short_circuit_operator.py took 0.059 seconds
[2024-03-26T08:45:49.302+0000] {processor.py:161} INFO - Started process (PID=279) to work on /home/airflow/.local/lib/python3.8/site-packages/airflow/example_dags/example_short_circuit_operator.py
[2024-03-26T08:45:49.303+0000] {processor.py:830} INFO - Processing file /home/airflow/.local/lib/python3.8/site-packages/airflow/example_dags/example_short_circuit_operator.py for tasks to queue
[2024-03-26T08:45:49.304+0000] {logging_mixin.py:188} INFO - [2024-03-26T08:45:49.304+0000] {dagbag.py:538} INFO - Filling up the DagBag from /home/airflow/.local/lib/python3.8/site-packages/airflow/example_dags/example_short_circuit_operator.py
[2024-03-26T08:45:49.310+0000] {processor.py:840} INFO - DAG(s) 'example_short_circuit_operator' retrieved from /home/airflow/.local/lib/python3.8/site-packages/airflow/example_dags/example_short_circuit_operator.py
[2024-03-26T08:45:49.327+0000] {logging_mixin.py:188} INFO - [2024-03-26T08:45:49.327+0000] {dag.py:3036} INFO - Sync 1 DAGs
[2024-03-26T08:45:49.348+0000] {logging_mixin.py:188} INFO - [2024-03-26T08:45:49.348+0000] {dag.py:3823} INFO - Setting next_dagrun for example_short_circuit_operator to 2024-03-25 00:00:00+00:00, run_after=2024-03-26 00:00:00+00:00
[2024-03-26T08:45:49.365+0000] {processor.py:183} INFO - Processing /home/airflow/.local/lib/python3.8/site-packages/airflow/example_dags/example_short_circuit_operator.py took 0.066 seconds
[2024-03-26T08:46:19.484+0000] {processor.py:161} INFO - Started process (PID=335) to work on /home/airflow/.local/lib/python3.8/site-packages/airflow/example_dags/example_short_circuit_operator.py
[2024-03-26T08:46:19.486+0000] {processor.py:830} INFO - Processing file /home/airflow/.local/lib/python3.8/site-packages/airflow/example_dags/example_short_circuit_operator.py for tasks to queue
[2024-03-26T08:46:19.487+0000] {logging_mixin.py:188} INFO - [2024-03-26T08:46:19.487+0000] {dagbag.py:538} INFO - Filling up the DagBag from /home/airflow/.local/lib/python3.8/site-packages/airflow/example_dags/example_short_circuit_operator.py
[2024-03-26T08:46:19.493+0000] {processor.py:840} INFO - DAG(s) 'example_short_circuit_operator' retrieved from /home/airflow/.local/lib/python3.8/site-packages/airflow/example_dags/example_short_circuit_operator.py
[2024-03-26T08:46:19.513+0000] {logging_mixin.py:188} INFO - [2024-03-26T08:46:19.513+0000] {dag.py:3036} INFO - Sync 1 DAGs
[2024-03-26T08:46:19.530+0000] {logging_mixin.py:188} INFO - [2024-03-26T08:46:19.530+0000] {dag.py:3823} INFO - Setting next_dagrun for example_short_circuit_operator to 2024-03-25 00:00:00+00:00, run_after=2024-03-26 00:00:00+00:00
[2024-03-26T08:46:19.547+0000] {processor.py:183} INFO - Processing /home/airflow/.local/lib/python3.8/site-packages/airflow/example_dags/example_short_circuit_operator.py took 0.064 seconds
[2024-03-26T08:46:49.602+0000] {processor.py:161} INFO - Started process (PID=391) to work on /home/airflow/.local/lib/python3.8/site-packages/airflow/example_dags/example_short_circuit_operator.py
[2024-03-26T08:46:49.602+0000] {processor.py:830} INFO - Processing file /home/airflow/.local/lib/python3.8/site-packages/airflow/example_dags/example_short_circuit_operator.py for tasks to queue
[2024-03-26T08:46:49.604+0000] {logging_mixin.py:188} INFO - [2024-03-26T08:46:49.604+0000] {dagbag.py:538} INFO - Filling up the DagBag from /home/airflow/.local/lib/python3.8/site-packages/airflow/example_dags/example_short_circuit_operator.py
[2024-03-26T08:46:49.609+0000] {processor.py:840} INFO - DAG(s) 'example_short_circuit_operator' retrieved from /home/airflow/.local/lib/python3.8/site-packages/airflow/example_dags/example_short_circuit_operator.py
[2024-03-26T08:46:49.627+0000] {logging_mixin.py:188} INFO - [2024-03-26T08:46:49.627+0000] {dag.py:3036} INFO - Sync 1 DAGs
[2024-03-26T08:46:49.644+0000] {logging_mixin.py:188} INFO - [2024-03-26T08:46:49.644+0000] {dag.py:3823} INFO - Setting next_dagrun for example_short_circuit_operator to 2024-03-25 00:00:00+00:00, run_after=2024-03-26 00:00:00+00:00
[2024-03-26T08:46:49.661+0000] {processor.py:183} INFO - Processing /home/airflow/.local/lib/python3.8/site-packages/airflow/example_dags/example_short_circuit_operator.py took 0.061 seconds
[2024-03-26T08:47:19.945+0000] {processor.py:161} INFO - Started process (PID=447) to work on /home/airflow/.local/lib/python3.8/site-packages/airflow/example_dags/example_short_circuit_operator.py
[2024-03-26T08:47:19.946+0000] {processor.py:830} INFO - Processing file /home/airflow/.local/lib/python3.8/site-packages/airflow/example_dags/example_short_circuit_operator.py for tasks to queue
[2024-03-26T08:47:19.948+0000] {logging_mixin.py:188} INFO - [2024-03-26T08:47:19.947+0000] {dagbag.py:538} INFO - Filling up the DagBag from /home/airflow/.local/lib/python3.8/site-packages/airflow/example_dags/example_short_circuit_operator.py
[2024-03-26T08:47:19.953+0000] {processor.py:840} INFO - DAG(s) 'example_short_circuit_operator' retrieved from /home/airflow/.local/lib/python3.8/site-packages/airflow/example_dags/example_short_circuit_operator.py
[2024-03-26T08:47:19.970+0000] {logging_mixin.py:188} INFO - [2024-03-26T08:47:19.970+0000] {dag.py:3036} INFO - Sync 1 DAGs
[2024-03-26T08:47:19.987+0000] {logging_mixin.py:188} INFO - [2024-03-26T08:47:19.987+0000] {dag.py:3823} INFO - Setting next_dagrun for example_short_circuit_operator to 2024-03-25 00:00:00+00:00, run_after=2024-03-26 00:00:00+00:00
[2024-03-26T08:47:20.002+0000] {processor.py:183} INFO - Processing /home/airflow/.local/lib/python3.8/site-packages/airflow/example_dags/example_short_circuit_operator.py took 0.059 seconds
[2024-03-26T08:47:50.165+0000] {processor.py:161} INFO - Started process (PID=503) to work on /home/airflow/.local/lib/python3.8/site-packages/airflow/example_dags/example_short_circuit_operator.py
[2024-03-26T08:47:50.166+0000] {processor.py:830} INFO - Processing file /home/airflow/.local/lib/python3.8/site-packages/airflow/example_dags/example_short_circuit_operator.py for tasks to queue
[2024-03-26T08:47:50.167+0000] {logging_mixin.py:188} INFO - [2024-03-26T08:47:50.167+0000] {dagbag.py:538} INFO - Filling up the DagBag from /home/airflow/.local/lib/python3.8/site-packages/airflow/example_dags/example_short_circuit_operator.py
[2024-03-26T08:47:50.173+0000] {processor.py:840} INFO - DAG(s) 'example_short_circuit_operator' retrieved from /home/airflow/.local/lib/python3.8/site-packages/airflow/example_dags/example_short_circuit_operator.py
[2024-03-26T08:47:50.191+0000] {logging_mixin.py:188} INFO - [2024-03-26T08:47:50.191+0000] {dag.py:3036} INFO - Sync 1 DAGs
[2024-03-26T08:47:50.208+0000] {logging_mixin.py:188} INFO - [2024-03-26T08:47:50.208+0000] {dag.py:3823} INFO - Setting next_dagrun for example_short_circuit_operator to 2024-03-25 00:00:00+00:00, run_after=2024-03-26 00:00:00+00:00
[2024-03-26T08:47:50.224+0000] {processor.py:183} INFO - Processing /home/airflow/.local/lib/python3.8/site-packages/airflow/example_dags/example_short_circuit_operator.py took 0.062 seconds
[2024-03-26T08:48:20.391+0000] {processor.py:161} INFO - Started process (PID=559) to work on /home/airflow/.local/lib/python3.8/site-packages/airflow/example_dags/example_short_circuit_operator.py
[2024-03-26T08:48:20.392+0000] {processor.py:830} INFO - Processing file /home/airflow/.local/lib/python3.8/site-packages/airflow/example_dags/example_short_circuit_operator.py for tasks to queue
[2024-03-26T08:48:20.393+0000] {logging_mixin.py:188} INFO - [2024-03-26T08:48:20.393+0000] {dagbag.py:538} INFO - Filling up the DagBag from /home/airflow/.local/lib/python3.8/site-packages/airflow/example_dags/example_short_circuit_operator.py
[2024-03-26T08:48:20.399+0000] {processor.py:840} INFO - DAG(s) 'example_short_circuit_operator' retrieved from /home/airflow/.local/lib/python3.8/site-packages/airflow/example_dags/example_short_circuit_operator.py
[2024-03-26T08:48:20.417+0000] {logging_mixin.py:188} INFO - [2024-03-26T08:48:20.417+0000] {dag.py:3036} INFO - Sync 1 DAGs
[2024-03-26T08:48:20.435+0000] {logging_mixin.py:188} INFO - [2024-03-26T08:48:20.435+0000] {dag.py:3823} INFO - Setting next_dagrun for example_short_circuit_operator to 2024-03-25 00:00:00+00:00, run_after=2024-03-26 00:00:00+00:00
[2024-03-26T08:48:20.452+0000] {processor.py:183} INFO - Processing /home/airflow/.local/lib/python3.8/site-packages/airflow/example_dags/example_short_circuit_operator.py took 0.063 seconds
[2024-03-26T08:48:50.921+0000] {processor.py:161} INFO - Started process (PID=615) to work on /home/airflow/.local/lib/python3.8/site-packages/airflow/example_dags/example_short_circuit_operator.py
[2024-03-26T08:48:50.922+0000] {processor.py:830} INFO - Processing file /home/airflow/.local/lib/python3.8/site-packages/airflow/example_dags/example_short_circuit_operator.py for tasks to queue
[2024-03-26T08:48:50.923+0000] {logging_mixin.py:188} INFO - [2024-03-26T08:48:50.923+0000] {dagbag.py:538} INFO - Filling up the DagBag from /home/airflow/.local/lib/python3.8/site-packages/airflow/example_dags/example_short_circuit_operator.py
[2024-03-26T08:48:50.929+0000] {processor.py:840} INFO - DAG(s) 'example_short_circuit_operator' retrieved from /home/airflow/.local/lib/python3.8/site-packages/airflow/example_dags/example_short_circuit_operator.py
[2024-03-26T08:48:50.947+0000] {logging_mixin.py:188} INFO - [2024-03-26T08:48:50.946+0000] {dag.py:3036} INFO - Sync 1 DAGs
[2024-03-26T08:48:50.964+0000] {logging_mixin.py:188} INFO - [2024-03-26T08:48:50.963+0000] {dag.py:3823} INFO - Setting next_dagrun for example_short_circuit_operator to 2024-03-25 00:00:00+00:00, run_after=2024-03-26 00:00:00+00:00
[2024-03-26T08:48:50.979+0000] {processor.py:183} INFO - Processing /home/airflow/.local/lib/python3.8/site-packages/airflow/example_dags/example_short_circuit_operator.py took 0.060 seconds
[2024-03-26T08:49:21.261+0000] {processor.py:161} INFO - Started process (PID=671) to work on /home/airflow/.local/lib/python3.8/site-packages/airflow/example_dags/example_short_circuit_operator.py
[2024-03-26T08:49:21.262+0000] {processor.py:830} INFO - Processing file /home/airflow/.local/lib/python3.8/site-packages/airflow/example_dags/example_short_circuit_operator.py for tasks to queue
[2024-03-26T08:49:21.264+0000] {logging_mixin.py:188} INFO - [2024-03-26T08:49:21.263+0000] {dagbag.py:538} INFO - Filling up the DagBag from /home/airflow/.local/lib/python3.8/site-packages/airflow/example_dags/example_short_circuit_operator.py
[2024-03-26T08:49:21.269+0000] {processor.py:840} INFO - DAG(s) 'example_short_circuit_operator' retrieved from /home/airflow/.local/lib/python3.8/site-packages/airflow/example_dags/example_short_circuit_operator.py
[2024-03-26T08:49:21.287+0000] {logging_mixin.py:188} INFO - [2024-03-26T08:49:21.286+0000] {dag.py:3036} INFO - Sync 1 DAGs
[2024-03-26T08:49:21.305+0000] {logging_mixin.py:188} INFO - [2024-03-26T08:49:21.305+0000] {dag.py:3823} INFO - Setting next_dagrun for example_short_circuit_operator to 2024-03-25 00:00:00+00:00, run_after=2024-03-26 00:00:00+00:00
[2024-03-26T08:49:21.322+0000] {processor.py:183} INFO - Processing /home/airflow/.local/lib/python3.8/site-packages/airflow/example_dags/example_short_circuit_operator.py took 0.063 seconds
[2024-03-26T08:49:51.678+0000] {processor.py:161} INFO - Started process (PID=727) to work on /home/airflow/.local/lib/python3.8/site-packages/airflow/example_dags/example_short_circuit_operator.py
[2024-03-26T08:49:51.679+0000] {processor.py:830} INFO - Processing file /home/airflow/.local/lib/python3.8/site-packages/airflow/example_dags/example_short_circuit_operator.py for tasks to queue
[2024-03-26T08:49:51.680+0000] {logging_mixin.py:188} INFO - [2024-03-26T08:49:51.680+0000] {dagbag.py:538} INFO - Filling up the DagBag from /home/airflow/.local/lib/python3.8/site-packages/airflow/example_dags/example_short_circuit_operator.py
[2024-03-26T08:49:51.686+0000] {processor.py:840} INFO - DAG(s) 'example_short_circuit_operator' retrieved from /home/airflow/.local/lib/python3.8/site-packages/airflow/example_dags/example_short_circuit_operator.py
[2024-03-26T08:49:51.706+0000] {logging_mixin.py:188} INFO - [2024-03-26T08:49:51.705+0000] {dag.py:3036} INFO - Sync 1 DAGs
[2024-03-26T08:49:51.725+0000] {logging_mixin.py:188} INFO - [2024-03-26T08:49:51.724+0000] {dag.py:3823} INFO - Setting next_dagrun for example_short_circuit_operator to 2024-03-25 00:00:00+00:00, run_after=2024-03-26 00:00:00+00:00
[2024-03-26T08:49:51.745+0000] {processor.py:183} INFO - Processing /home/airflow/.local/lib/python3.8/site-packages/airflow/example_dags/example_short_circuit_operator.py took 0.070 seconds
[2024-03-26T08:50:22.165+0000] {processor.py:161} INFO - Started process (PID=783) to work on /home/airflow/.local/lib/python3.8/site-packages/airflow/example_dags/example_short_circuit_operator.py
[2024-03-26T08:50:22.166+0000] {processor.py:830} INFO - Processing file /home/airflow/.local/lib/python3.8/site-packages/airflow/example_dags/example_short_circuit_operator.py for tasks to queue
[2024-03-26T08:50:22.167+0000] {logging_mixin.py:188} INFO - [2024-03-26T08:50:22.167+0000] {dagbag.py:538} INFO - Filling up the DagBag from /home/airflow/.local/lib/python3.8/site-packages/airflow/example_dags/example_short_circuit_operator.py
[2024-03-26T08:50:22.173+0000] {processor.py:840} INFO - DAG(s) 'example_short_circuit_operator' retrieved from /home/airflow/.local/lib/python3.8/site-packages/airflow/example_dags/example_short_circuit_operator.py
[2024-03-26T08:50:22.190+0000] {logging_mixin.py:188} INFO - [2024-03-26T08:50:22.190+0000] {dag.py:3036} INFO - Sync 1 DAGs
[2024-03-26T08:50:22.208+0000] {logging_mixin.py:188} INFO - [2024-03-26T08:50:22.208+0000] {dag.py:3823} INFO - Setting next_dagrun for example_short_circuit_operator to 2024-03-25 00:00:00+00:00, run_after=2024-03-26 00:00:00+00:00
[2024-03-26T08:50:22.224+0000] {processor.py:183} INFO - Processing /home/airflow/.local/lib/python3.8/site-packages/airflow/example_dags/example_short_circuit_operator.py took 0.061 seconds
[2024-03-26T08:53:12.483+0000] {processor.py:161} INFO - Started process (PID=56) to work on /home/airflow/.local/lib/python3.8/site-packages/airflow/example_dags/example_short_circuit_operator.py
[2024-03-26T08:53:12.484+0000] {processor.py:830} INFO - Processing file /home/airflow/.local/lib/python3.8/site-packages/airflow/example_dags/example_short_circuit_operator.py for tasks to queue
[2024-03-26T08:53:12.486+0000] {logging_mixin.py:188} INFO - [2024-03-26T08:53:12.485+0000] {dagbag.py:538} INFO - Filling up the DagBag from /home/airflow/.local/lib/python3.8/site-packages/airflow/example_dags/example_short_circuit_operator.py
[2024-03-26T08:53:12.494+0000] {processor.py:840} INFO - DAG(s) 'example_short_circuit_operator' retrieved from /home/airflow/.local/lib/python3.8/site-packages/airflow/example_dags/example_short_circuit_operator.py
[2024-03-26T08:53:12.503+0000] {logging_mixin.py:188} INFO - [2024-03-26T08:53:12.503+0000] {dag.py:3036} INFO - Sync 1 DAGs
[2024-03-26T08:53:12.523+0000] {logging_mixin.py:188} INFO - [2024-03-26T08:53:12.523+0000] {dag.py:3823} INFO - Setting next_dagrun for example_short_circuit_operator to 2024-03-25 00:00:00+00:00, run_after=2024-03-26 00:00:00+00:00
[2024-03-26T08:53:12.540+0000] {processor.py:183} INFO - Processing /home/airflow/.local/lib/python3.8/site-packages/airflow/example_dags/example_short_circuit_operator.py took 0.059 seconds
[2024-03-26T08:53:43.872+0000] {processor.py:161} INFO - Started process (PID=112) to work on /home/airflow/.local/lib/python3.8/site-packages/airflow/example_dags/example_short_circuit_operator.py
[2024-03-26T08:53:43.873+0000] {processor.py:830} INFO - Processing file /home/airflow/.local/lib/python3.8/site-packages/airflow/example_dags/example_short_circuit_operator.py for tasks to queue
[2024-03-26T08:53:43.874+0000] {logging_mixin.py:188} INFO - [2024-03-26T08:53:43.874+0000] {dagbag.py:538} INFO - Filling up the DagBag from /home/airflow/.local/lib/python3.8/site-packages/airflow/example_dags/example_short_circuit_operator.py
[2024-03-26T08:53:43.880+0000] {processor.py:840} INFO - DAG(s) 'example_short_circuit_operator' retrieved from /home/airflow/.local/lib/python3.8/site-packages/airflow/example_dags/example_short_circuit_operator.py
[2024-03-26T08:53:43.963+0000] {logging_mixin.py:188} INFO - [2024-03-26T08:53:43.963+0000] {dag.py:3036} INFO - Sync 1 DAGs
[2024-03-26T08:53:43.981+0000] {logging_mixin.py:188} INFO - [2024-03-26T08:53:43.980+0000] {dag.py:3823} INFO - Setting next_dagrun for example_short_circuit_operator to 2024-03-25 00:00:00+00:00, run_after=2024-03-26 00:00:00+00:00
[2024-03-26T08:53:43.997+0000] {processor.py:183} INFO - Processing /home/airflow/.local/lib/python3.8/site-packages/airflow/example_dags/example_short_circuit_operator.py took 0.130 seconds
[2024-03-26T08:54:14.461+0000] {processor.py:161} INFO - Started process (PID=168) to work on /home/airflow/.local/lib/python3.8/site-packages/airflow/example_dags/example_short_circuit_operator.py
[2024-03-26T08:54:14.462+0000] {processor.py:830} INFO - Processing file /home/airflow/.local/lib/python3.8/site-packages/airflow/example_dags/example_short_circuit_operator.py for tasks to queue
[2024-03-26T08:54:14.464+0000] {logging_mixin.py:188} INFO - [2024-03-26T08:54:14.463+0000] {dagbag.py:538} INFO - Filling up the DagBag from /home/airflow/.local/lib/python3.8/site-packages/airflow/example_dags/example_short_circuit_operator.py
[2024-03-26T08:54:14.469+0000] {processor.py:840} INFO - DAG(s) 'example_short_circuit_operator' retrieved from /home/airflow/.local/lib/python3.8/site-packages/airflow/example_dags/example_short_circuit_operator.py
[2024-03-26T08:54:14.489+0000] {logging_mixin.py:188} INFO - [2024-03-26T08:54:14.489+0000] {dag.py:3036} INFO - Sync 1 DAGs
[2024-03-26T08:54:14.511+0000] {logging_mixin.py:188} INFO - [2024-03-26T08:54:14.511+0000] {dag.py:3823} INFO - Setting next_dagrun for example_short_circuit_operator to 2024-03-25 00:00:00+00:00, run_after=2024-03-26 00:00:00+00:00
[2024-03-26T08:54:14.530+0000] {processor.py:183} INFO - Processing /home/airflow/.local/lib/python3.8/site-packages/airflow/example_dags/example_short_circuit_operator.py took 0.071 seconds
[2024-03-26T08:54:45.227+0000] {processor.py:161} INFO - Started process (PID=223) to work on /home/airflow/.local/lib/python3.8/site-packages/airflow/example_dags/example_short_circuit_operator.py
[2024-03-26T08:54:45.228+0000] {processor.py:830} INFO - Processing file /home/airflow/.local/lib/python3.8/site-packages/airflow/example_dags/example_short_circuit_operator.py for tasks to queue
[2024-03-26T08:54:45.229+0000] {logging_mixin.py:188} INFO - [2024-03-26T08:54:45.229+0000] {dagbag.py:538} INFO - Filling up the DagBag from /home/airflow/.local/lib/python3.8/site-packages/airflow/example_dags/example_short_circuit_operator.py
[2024-03-26T08:54:45.235+0000] {processor.py:840} INFO - DAG(s) 'example_short_circuit_operator' retrieved from /home/airflow/.local/lib/python3.8/site-packages/airflow/example_dags/example_short_circuit_operator.py
[2024-03-26T08:54:45.256+0000] {logging_mixin.py:188} INFO - [2024-03-26T08:54:45.255+0000] {dag.py:3036} INFO - Sync 1 DAGs
[2024-03-26T08:54:45.274+0000] {logging_mixin.py:188} INFO - [2024-03-26T08:54:45.274+0000] {dag.py:3823} INFO - Setting next_dagrun for example_short_circuit_operator to 2024-03-25 00:00:00+00:00, run_after=2024-03-26 00:00:00+00:00
[2024-03-26T08:54:45.289+0000] {processor.py:183} INFO - Processing /home/airflow/.local/lib/python3.8/site-packages/airflow/example_dags/example_short_circuit_operator.py took 0.064 seconds
[2024-03-26T08:55:15.802+0000] {processor.py:161} INFO - Started process (PID=280) to work on /home/airflow/.local/lib/python3.8/site-packages/airflow/example_dags/example_short_circuit_operator.py
[2024-03-26T08:55:15.803+0000] {processor.py:830} INFO - Processing file /home/airflow/.local/lib/python3.8/site-packages/airflow/example_dags/example_short_circuit_operator.py for tasks to queue
[2024-03-26T08:55:15.804+0000] {logging_mixin.py:188} INFO - [2024-03-26T08:55:15.804+0000] {dagbag.py:538} INFO - Filling up the DagBag from /home/airflow/.local/lib/python3.8/site-packages/airflow/example_dags/example_short_circuit_operator.py
[2024-03-26T08:55:15.810+0000] {processor.py:840} INFO - DAG(s) 'example_short_circuit_operator' retrieved from /home/airflow/.local/lib/python3.8/site-packages/airflow/example_dags/example_short_circuit_operator.py
[2024-03-26T08:55:15.828+0000] {logging_mixin.py:188} INFO - [2024-03-26T08:55:15.827+0000] {dag.py:3036} INFO - Sync 1 DAGs
[2024-03-26T08:55:15.845+0000] {logging_mixin.py:188} INFO - [2024-03-26T08:55:15.845+0000] {dag.py:3823} INFO - Setting next_dagrun for example_short_circuit_operator to 2024-03-25 00:00:00+00:00, run_after=2024-03-26 00:00:00+00:00
[2024-03-26T08:55:15.862+0000] {processor.py:183} INFO - Processing /home/airflow/.local/lib/python3.8/site-packages/airflow/example_dags/example_short_circuit_operator.py took 0.063 seconds
[2024-03-26T08:55:46.298+0000] {processor.py:161} INFO - Started process (PID=336) to work on /home/airflow/.local/lib/python3.8/site-packages/airflow/example_dags/example_short_circuit_operator.py
[2024-03-26T08:55:46.299+0000] {processor.py:830} INFO - Processing file /home/airflow/.local/lib/python3.8/site-packages/airflow/example_dags/example_short_circuit_operator.py for tasks to queue
[2024-03-26T08:55:46.300+0000] {logging_mixin.py:188} INFO - [2024-03-26T08:55:46.300+0000] {dagbag.py:538} INFO - Filling up the DagBag from /home/airflow/.local/lib/python3.8/site-packages/airflow/example_dags/example_short_circuit_operator.py
[2024-03-26T08:55:46.306+0000] {processor.py:840} INFO - DAG(s) 'example_short_circuit_operator' retrieved from /home/airflow/.local/lib/python3.8/site-packages/airflow/example_dags/example_short_circuit_operator.py
[2024-03-26T08:55:46.323+0000] {logging_mixin.py:188} INFO - [2024-03-26T08:55:46.323+0000] {dag.py:3036} INFO - Sync 1 DAGs
[2024-03-26T08:55:46.340+0000] {logging_mixin.py:188} INFO - [2024-03-26T08:55:46.340+0000] {dag.py:3823} INFO - Setting next_dagrun for example_short_circuit_operator to 2024-03-25 00:00:00+00:00, run_after=2024-03-26 00:00:00+00:00
[2024-03-26T08:55:46.355+0000] {processor.py:183} INFO - Processing /home/airflow/.local/lib/python3.8/site-packages/airflow/example_dags/example_short_circuit_operator.py took 0.059 seconds
[2024-03-26T08:56:16.535+0000] {processor.py:161} INFO - Started process (PID=392) to work on /home/airflow/.local/lib/python3.8/site-packages/airflow/example_dags/example_short_circuit_operator.py
[2024-03-26T08:56:16.536+0000] {processor.py:830} INFO - Processing file /home/airflow/.local/lib/python3.8/site-packages/airflow/example_dags/example_short_circuit_operator.py for tasks to queue
[2024-03-26T08:56:16.537+0000] {logging_mixin.py:188} INFO - [2024-03-26T08:56:16.537+0000] {dagbag.py:538} INFO - Filling up the DagBag from /home/airflow/.local/lib/python3.8/site-packages/airflow/example_dags/example_short_circuit_operator.py
[2024-03-26T08:56:16.543+0000] {processor.py:840} INFO - DAG(s) 'example_short_circuit_operator' retrieved from /home/airflow/.local/lib/python3.8/site-packages/airflow/example_dags/example_short_circuit_operator.py
[2024-03-26T08:56:16.559+0000] {logging_mixin.py:188} INFO - [2024-03-26T08:56:16.559+0000] {dag.py:3036} INFO - Sync 1 DAGs
[2024-03-26T08:56:16.577+0000] {logging_mixin.py:188} INFO - [2024-03-26T08:56:16.577+0000] {dag.py:3823} INFO - Setting next_dagrun for example_short_circuit_operator to 2024-03-25 00:00:00+00:00, run_after=2024-03-26 00:00:00+00:00
[2024-03-26T08:56:16.592+0000] {processor.py:183} INFO - Processing /home/airflow/.local/lib/python3.8/site-packages/airflow/example_dags/example_short_circuit_operator.py took 0.060 seconds
[2024-03-26T08:56:46.891+0000] {processor.py:161} INFO - Started process (PID=448) to work on /home/airflow/.local/lib/python3.8/site-packages/airflow/example_dags/example_short_circuit_operator.py
[2024-03-26T08:56:46.892+0000] {processor.py:830} INFO - Processing file /home/airflow/.local/lib/python3.8/site-packages/airflow/example_dags/example_short_circuit_operator.py for tasks to queue
[2024-03-26T08:56:46.894+0000] {logging_mixin.py:188} INFO - [2024-03-26T08:56:46.893+0000] {dagbag.py:538} INFO - Filling up the DagBag from /home/airflow/.local/lib/python3.8/site-packages/airflow/example_dags/example_short_circuit_operator.py
[2024-03-26T08:56:46.899+0000] {processor.py:840} INFO - DAG(s) 'example_short_circuit_operator' retrieved from /home/airflow/.local/lib/python3.8/site-packages/airflow/example_dags/example_short_circuit_operator.py
[2024-03-26T08:56:46.915+0000] {logging_mixin.py:188} INFO - [2024-03-26T08:56:46.915+0000] {dag.py:3036} INFO - Sync 1 DAGs
[2024-03-26T08:56:46.932+0000] {logging_mixin.py:188} INFO - [2024-03-26T08:56:46.932+0000] {dag.py:3823} INFO - Setting next_dagrun for example_short_circuit_operator to 2024-03-25 00:00:00+00:00, run_after=2024-03-26 00:00:00+00:00
[2024-03-26T08:56:46.947+0000] {processor.py:183} INFO - Processing /home/airflow/.local/lib/python3.8/site-packages/airflow/example_dags/example_short_circuit_operator.py took 0.058 seconds
[2024-03-26T08:57:17.235+0000] {processor.py:161} INFO - Started process (PID=504) to work on /home/airflow/.local/lib/python3.8/site-packages/airflow/example_dags/example_short_circuit_operator.py
[2024-03-26T08:57:17.236+0000] {processor.py:830} INFO - Processing file /home/airflow/.local/lib/python3.8/site-packages/airflow/example_dags/example_short_circuit_operator.py for tasks to queue
[2024-03-26T08:57:17.237+0000] {logging_mixin.py:188} INFO - [2024-03-26T08:57:17.237+0000] {dagbag.py:538} INFO - Filling up the DagBag from /home/airflow/.local/lib/python3.8/site-packages/airflow/example_dags/example_short_circuit_operator.py
[2024-03-26T08:57:17.243+0000] {processor.py:840} INFO - DAG(s) 'example_short_circuit_operator' retrieved from /home/airflow/.local/lib/python3.8/site-packages/airflow/example_dags/example_short_circuit_operator.py
[2024-03-26T08:57:17.260+0000] {logging_mixin.py:188} INFO - [2024-03-26T08:57:17.260+0000] {dag.py:3036} INFO - Sync 1 DAGs
[2024-03-26T08:57:17.278+0000] {logging_mixin.py:188} INFO - [2024-03-26T08:57:17.278+0000] {dag.py:3823} INFO - Setting next_dagrun for example_short_circuit_operator to 2024-03-25 00:00:00+00:00, run_after=2024-03-26 00:00:00+00:00
[2024-03-26T08:57:17.293+0000] {processor.py:183} INFO - Processing /home/airflow/.local/lib/python3.8/site-packages/airflow/example_dags/example_short_circuit_operator.py took 0.060 seconds
[2024-03-26T08:57:47.751+0000] {processor.py:161} INFO - Started process (PID=560) to work on /home/airflow/.local/lib/python3.8/site-packages/airflow/example_dags/example_short_circuit_operator.py
[2024-03-26T08:57:47.752+0000] {processor.py:830} INFO - Processing file /home/airflow/.local/lib/python3.8/site-packages/airflow/example_dags/example_short_circuit_operator.py for tasks to queue
[2024-03-26T08:57:47.754+0000] {logging_mixin.py:188} INFO - [2024-03-26T08:57:47.753+0000] {dagbag.py:538} INFO - Filling up the DagBag from /home/airflow/.local/lib/python3.8/site-packages/airflow/example_dags/example_short_circuit_operator.py
[2024-03-26T08:57:47.759+0000] {processor.py:840} INFO - DAG(s) 'example_short_circuit_operator' retrieved from /home/airflow/.local/lib/python3.8/site-packages/airflow/example_dags/example_short_circuit_operator.py
[2024-03-26T08:57:47.778+0000] {logging_mixin.py:188} INFO - [2024-03-26T08:57:47.777+0000] {dag.py:3036} INFO - Sync 1 DAGs
[2024-03-26T08:57:47.796+0000] {logging_mixin.py:188} INFO - [2024-03-26T08:57:47.796+0000] {dag.py:3823} INFO - Setting next_dagrun for example_short_circuit_operator to 2024-03-25 00:00:00+00:00, run_after=2024-03-26 00:00:00+00:00
[2024-03-26T08:57:47.815+0000] {processor.py:183} INFO - Processing /home/airflow/.local/lib/python3.8/site-packages/airflow/example_dags/example_short_circuit_operator.py took 0.067 seconds
[2024-03-26T08:58:18.208+0000] {processor.py:161} INFO - Started process (PID=616) to work on /home/airflow/.local/lib/python3.8/site-packages/airflow/example_dags/example_short_circuit_operator.py
[2024-03-26T08:58:18.208+0000] {processor.py:830} INFO - Processing file /home/airflow/.local/lib/python3.8/site-packages/airflow/example_dags/example_short_circuit_operator.py for tasks to queue
[2024-03-26T08:58:18.210+0000] {logging_mixin.py:188} INFO - [2024-03-26T08:58:18.210+0000] {dagbag.py:538} INFO - Filling up the DagBag from /home/airflow/.local/lib/python3.8/site-packages/airflow/example_dags/example_short_circuit_operator.py
[2024-03-26T08:58:18.216+0000] {processor.py:840} INFO - DAG(s) 'example_short_circuit_operator' retrieved from /home/airflow/.local/lib/python3.8/site-packages/airflow/example_dags/example_short_circuit_operator.py
[2024-03-26T08:58:18.234+0000] {logging_mixin.py:188} INFO - [2024-03-26T08:58:18.234+0000] {dag.py:3036} INFO - Sync 1 DAGs
[2024-03-26T08:58:18.252+0000] {logging_mixin.py:188} INFO - [2024-03-26T08:58:18.252+0000] {dag.py:3823} INFO - Setting next_dagrun for example_short_circuit_operator to 2024-03-25 00:00:00+00:00, run_after=2024-03-26 00:00:00+00:00
[2024-03-26T08:58:18.268+0000] {processor.py:183} INFO - Processing /home/airflow/.local/lib/python3.8/site-packages/airflow/example_dags/example_short_circuit_operator.py took 0.063 seconds
[2024-03-26T08:58:48.729+0000] {processor.py:161} INFO - Started process (PID=672) to work on /home/airflow/.local/lib/python3.8/site-packages/airflow/example_dags/example_short_circuit_operator.py
[2024-03-26T08:58:48.730+0000] {processor.py:830} INFO - Processing file /home/airflow/.local/lib/python3.8/site-packages/airflow/example_dags/example_short_circuit_operator.py for tasks to queue
[2024-03-26T08:58:48.732+0000] {logging_mixin.py:188} INFO - [2024-03-26T08:58:48.731+0000] {dagbag.py:538} INFO - Filling up the DagBag from /home/airflow/.local/lib/python3.8/site-packages/airflow/example_dags/example_short_circuit_operator.py
[2024-03-26T08:58:48.737+0000] {processor.py:840} INFO - DAG(s) 'example_short_circuit_operator' retrieved from /home/airflow/.local/lib/python3.8/site-packages/airflow/example_dags/example_short_circuit_operator.py
[2024-03-26T08:58:48.755+0000] {logging_mixin.py:188} INFO - [2024-03-26T08:58:48.755+0000] {dag.py:3036} INFO - Sync 1 DAGs
[2024-03-26T08:58:48.774+0000] {logging_mixin.py:188} INFO - [2024-03-26T08:58:48.774+0000] {dag.py:3823} INFO - Setting next_dagrun for example_short_circuit_operator to 2024-03-25 00:00:00+00:00, run_after=2024-03-26 00:00:00+00:00
[2024-03-26T08:58:48.789+0000] {processor.py:183} INFO - Processing /home/airflow/.local/lib/python3.8/site-packages/airflow/example_dags/example_short_circuit_operator.py took 0.062 seconds
[2024-03-26T09:07:41.024+0000] {processor.py:161} INFO - Started process (PID=57) to work on /home/airflow/.local/lib/python3.8/site-packages/airflow/example_dags/example_short_circuit_operator.py
[2024-03-26T09:07:41.025+0000] {processor.py:830} INFO - Processing file /home/airflow/.local/lib/python3.8/site-packages/airflow/example_dags/example_short_circuit_operator.py for tasks to queue
[2024-03-26T09:07:41.026+0000] {logging_mixin.py:188} INFO - [2024-03-26T09:07:41.026+0000] {dagbag.py:538} INFO - Filling up the DagBag from /home/airflow/.local/lib/python3.8/site-packages/airflow/example_dags/example_short_circuit_operator.py
[2024-03-26T09:07:41.034+0000] {processor.py:840} INFO - DAG(s) 'example_short_circuit_operator' retrieved from /home/airflow/.local/lib/python3.8/site-packages/airflow/example_dags/example_short_circuit_operator.py
[2024-03-26T09:07:41.045+0000] {logging_mixin.py:188} INFO - [2024-03-26T09:07:41.044+0000] {dag.py:3036} INFO - Sync 1 DAGs
[2024-03-26T09:07:41.074+0000] {logging_mixin.py:188} INFO - [2024-03-26T09:07:41.073+0000] {dag.py:3823} INFO - Setting next_dagrun for example_short_circuit_operator to 2024-03-25 00:00:00+00:00, run_after=2024-03-26 00:00:00+00:00
[2024-03-26T09:07:41.094+0000] {processor.py:183} INFO - Processing /home/airflow/.local/lib/python3.8/site-packages/airflow/example_dags/example_short_circuit_operator.py took 0.073 seconds
[2024-03-26T09:08:11.673+0000] {processor.py:161} INFO - Started process (PID=115) to work on /home/airflow/.local/lib/python3.8/site-packages/airflow/example_dags/example_short_circuit_operator.py
[2024-03-26T09:08:11.674+0000] {processor.py:830} INFO - Processing file /home/airflow/.local/lib/python3.8/site-packages/airflow/example_dags/example_short_circuit_operator.py for tasks to queue
[2024-03-26T09:08:11.675+0000] {logging_mixin.py:188} INFO - [2024-03-26T09:08:11.675+0000] {dagbag.py:538} INFO - Filling up the DagBag from /home/airflow/.local/lib/python3.8/site-packages/airflow/example_dags/example_short_circuit_operator.py
[2024-03-26T09:08:11.681+0000] {processor.py:840} INFO - DAG(s) 'example_short_circuit_operator' retrieved from /home/airflow/.local/lib/python3.8/site-packages/airflow/example_dags/example_short_circuit_operator.py
[2024-03-26T09:08:11.767+0000] {logging_mixin.py:188} INFO - [2024-03-26T09:08:11.766+0000] {dag.py:3036} INFO - Sync 1 DAGs
[2024-03-26T09:08:11.784+0000] {logging_mixin.py:188} INFO - [2024-03-26T09:08:11.784+0000] {dag.py:3823} INFO - Setting next_dagrun for example_short_circuit_operator to 2024-03-25 00:00:00+00:00, run_after=2024-03-26 00:00:00+00:00
[2024-03-26T09:08:11.802+0000] {processor.py:183} INFO - Processing /home/airflow/.local/lib/python3.8/site-packages/airflow/example_dags/example_short_circuit_operator.py took 0.131 seconds
[2024-03-26T09:08:42.816+0000] {processor.py:161} INFO - Started process (PID=172) to work on /home/airflow/.local/lib/python3.8/site-packages/airflow/example_dags/example_short_circuit_operator.py
[2024-03-26T09:08:42.817+0000] {processor.py:830} INFO - Processing file /home/airflow/.local/lib/python3.8/site-packages/airflow/example_dags/example_short_circuit_operator.py for tasks to queue
[2024-03-26T09:08:42.819+0000] {logging_mixin.py:188} INFO - [2024-03-26T09:08:42.818+0000] {dagbag.py:538} INFO - Filling up the DagBag from /home/airflow/.local/lib/python3.8/site-packages/airflow/example_dags/example_short_circuit_operator.py
[2024-03-26T09:08:42.824+0000] {processor.py:840} INFO - DAG(s) 'example_short_circuit_operator' retrieved from /home/airflow/.local/lib/python3.8/site-packages/airflow/example_dags/example_short_circuit_operator.py
[2024-03-26T09:08:42.844+0000] {logging_mixin.py:188} INFO - [2024-03-26T09:08:42.843+0000] {dag.py:3036} INFO - Sync 1 DAGs
[2024-03-26T09:08:42.864+0000] {logging_mixin.py:188} INFO - [2024-03-26T09:08:42.863+0000] {dag.py:3823} INFO - Setting next_dagrun for example_short_circuit_operator to 2024-03-25 00:00:00+00:00, run_after=2024-03-26 00:00:00+00:00
[2024-03-26T09:08:42.883+0000] {processor.py:183} INFO - Processing /home/airflow/.local/lib/python3.8/site-packages/airflow/example_dags/example_short_circuit_operator.py took 0.069 seconds
[2024-03-26T09:09:13.307+0000] {processor.py:161} INFO - Started process (PID=229) to work on /home/airflow/.local/lib/python3.8/site-packages/airflow/example_dags/example_short_circuit_operator.py
[2024-03-26T09:09:13.308+0000] {processor.py:830} INFO - Processing file /home/airflow/.local/lib/python3.8/site-packages/airflow/example_dags/example_short_circuit_operator.py for tasks to queue
[2024-03-26T09:09:13.310+0000] {logging_mixin.py:188} INFO - [2024-03-26T09:09:13.309+0000] {dagbag.py:538} INFO - Filling up the DagBag from /home/airflow/.local/lib/python3.8/site-packages/airflow/example_dags/example_short_circuit_operator.py
[2024-03-26T09:09:13.316+0000] {processor.py:840} INFO - DAG(s) 'example_short_circuit_operator' retrieved from /home/airflow/.local/lib/python3.8/site-packages/airflow/example_dags/example_short_circuit_operator.py
[2024-03-26T09:09:13.336+0000] {logging_mixin.py:188} INFO - [2024-03-26T09:09:13.336+0000] {dag.py:3036} INFO - Sync 1 DAGs
[2024-03-26T09:09:13.371+0000] {logging_mixin.py:188} INFO - [2024-03-26T09:09:13.371+0000] {dag.py:3823} INFO - Setting next_dagrun for example_short_circuit_operator to 2024-03-25 00:00:00+00:00, run_after=2024-03-26 00:00:00+00:00
[2024-03-26T09:09:13.393+0000] {processor.py:183} INFO - Processing /home/airflow/.local/lib/python3.8/site-packages/airflow/example_dags/example_short_circuit_operator.py took 0.089 seconds
[2024-03-26T09:09:44.132+0000] {processor.py:161} INFO - Started process (PID=286) to work on /home/airflow/.local/lib/python3.8/site-packages/airflow/example_dags/example_short_circuit_operator.py
[2024-03-26T09:09:44.133+0000] {processor.py:830} INFO - Processing file /home/airflow/.local/lib/python3.8/site-packages/airflow/example_dags/example_short_circuit_operator.py for tasks to queue
[2024-03-26T09:09:44.135+0000] {logging_mixin.py:188} INFO - [2024-03-26T09:09:44.135+0000] {dagbag.py:538} INFO - Filling up the DagBag from /home/airflow/.local/lib/python3.8/site-packages/airflow/example_dags/example_short_circuit_operator.py
[2024-03-26T09:09:44.140+0000] {processor.py:840} INFO - DAG(s) 'example_short_circuit_operator' retrieved from /home/airflow/.local/lib/python3.8/site-packages/airflow/example_dags/example_short_circuit_operator.py
[2024-03-26T09:09:44.160+0000] {logging_mixin.py:188} INFO - [2024-03-26T09:09:44.159+0000] {dag.py:3036} INFO - Sync 1 DAGs
[2024-03-26T09:09:44.178+0000] {logging_mixin.py:188} INFO - [2024-03-26T09:09:44.178+0000] {dag.py:3823} INFO - Setting next_dagrun for example_short_circuit_operator to 2024-03-25 00:00:00+00:00, run_after=2024-03-26 00:00:00+00:00
[2024-03-26T09:09:44.194+0000] {processor.py:183} INFO - Processing /home/airflow/.local/lib/python3.8/site-packages/airflow/example_dags/example_short_circuit_operator.py took 0.064 seconds
[2024-03-26T09:10:14.711+0000] {processor.py:161} INFO - Started process (PID=343) to work on /home/airflow/.local/lib/python3.8/site-packages/airflow/example_dags/example_short_circuit_operator.py
[2024-03-26T09:10:14.712+0000] {processor.py:830} INFO - Processing file /home/airflow/.local/lib/python3.8/site-packages/airflow/example_dags/example_short_circuit_operator.py for tasks to queue
[2024-03-26T09:10:14.714+0000] {logging_mixin.py:188} INFO - [2024-03-26T09:10:14.714+0000] {dagbag.py:538} INFO - Filling up the DagBag from /home/airflow/.local/lib/python3.8/site-packages/airflow/example_dags/example_short_circuit_operator.py
[2024-03-26T09:10:14.720+0000] {processor.py:840} INFO - DAG(s) 'example_short_circuit_operator' retrieved from /home/airflow/.local/lib/python3.8/site-packages/airflow/example_dags/example_short_circuit_operator.py
[2024-03-26T09:10:14.739+0000] {logging_mixin.py:188} INFO - [2024-03-26T09:10:14.739+0000] {dag.py:3036} INFO - Sync 1 DAGs
[2024-03-26T09:10:14.767+0000] {logging_mixin.py:188} INFO - [2024-03-26T09:10:14.766+0000] {dag.py:3823} INFO - Setting next_dagrun for example_short_circuit_operator to 2024-03-25 00:00:00+00:00, run_after=2024-03-26 00:00:00+00:00
[2024-03-26T09:10:14.788+0000] {processor.py:183} INFO - Processing /home/airflow/.local/lib/python3.8/site-packages/airflow/example_dags/example_short_circuit_operator.py took 0.079 seconds
[2024-03-26T09:50:57.370+0000] {processor.py:161} INFO - Started process (PID=57) to work on /home/airflow/.local/lib/python3.8/site-packages/airflow/example_dags/example_short_circuit_operator.py
[2024-03-26T09:50:57.371+0000] {processor.py:830} INFO - Processing file /home/airflow/.local/lib/python3.8/site-packages/airflow/example_dags/example_short_circuit_operator.py for tasks to queue
[2024-03-26T09:50:57.372+0000] {logging_mixin.py:188} INFO - [2024-03-26T09:50:57.372+0000] {dagbag.py:538} INFO - Filling up the DagBag from /home/airflow/.local/lib/python3.8/site-packages/airflow/example_dags/example_short_circuit_operator.py
[2024-03-26T09:50:57.382+0000] {processor.py:840} INFO - DAG(s) 'example_short_circuit_operator' retrieved from /home/airflow/.local/lib/python3.8/site-packages/airflow/example_dags/example_short_circuit_operator.py
[2024-03-26T09:50:57.393+0000] {logging_mixin.py:188} INFO - [2024-03-26T09:50:57.393+0000] {dag.py:3036} INFO - Sync 1 DAGs
[2024-03-26T09:50:57.428+0000] {logging_mixin.py:188} INFO - [2024-03-26T09:50:57.427+0000] {dag.py:3823} INFO - Setting next_dagrun for example_short_circuit_operator to 2024-03-25 00:00:00+00:00, run_after=2024-03-26 00:00:00+00:00
[2024-03-26T09:50:57.454+0000] {processor.py:183} INFO - Processing /home/airflow/.local/lib/python3.8/site-packages/airflow/example_dags/example_short_circuit_operator.py took 0.086 seconds
[2024-03-26T09:51:27.692+0000] {processor.py:161} INFO - Started process (PID=114) to work on /home/airflow/.local/lib/python3.8/site-packages/airflow/example_dags/example_short_circuit_operator.py
[2024-03-26T09:51:27.693+0000] {processor.py:830} INFO - Processing file /home/airflow/.local/lib/python3.8/site-packages/airflow/example_dags/example_short_circuit_operator.py for tasks to queue
[2024-03-26T09:51:27.695+0000] {logging_mixin.py:188} INFO - [2024-03-26T09:51:27.694+0000] {dagbag.py:538} INFO - Filling up the DagBag from /home/airflow/.local/lib/python3.8/site-packages/airflow/example_dags/example_short_circuit_operator.py
[2024-03-26T09:51:27.701+0000] {processor.py:840} INFO - DAG(s) 'example_short_circuit_operator' retrieved from /home/airflow/.local/lib/python3.8/site-packages/airflow/example_dags/example_short_circuit_operator.py
[2024-03-26T09:51:27.786+0000] {logging_mixin.py:188} INFO - [2024-03-26T09:51:27.786+0000] {dag.py:3036} INFO - Sync 1 DAGs
[2024-03-26T09:51:27.804+0000] {logging_mixin.py:188} INFO - [2024-03-26T09:51:27.803+0000] {dag.py:3823} INFO - Setting next_dagrun for example_short_circuit_operator to 2024-03-25 00:00:00+00:00, run_after=2024-03-26 00:00:00+00:00
[2024-03-26T09:51:27.823+0000] {processor.py:183} INFO - Processing /home/airflow/.local/lib/python3.8/site-packages/airflow/example_dags/example_short_circuit_operator.py took 0.133 seconds
[2024-03-26T09:51:58.392+0000] {processor.py:161} INFO - Started process (PID=170) to work on /home/airflow/.local/lib/python3.8/site-packages/airflow/example_dags/example_short_circuit_operator.py
[2024-03-26T09:51:58.393+0000] {processor.py:830} INFO - Processing file /home/airflow/.local/lib/python3.8/site-packages/airflow/example_dags/example_short_circuit_operator.py for tasks to queue
[2024-03-26T09:51:58.394+0000] {logging_mixin.py:188} INFO - [2024-03-26T09:51:58.394+0000] {dagbag.py:538} INFO - Filling up the DagBag from /home/airflow/.local/lib/python3.8/site-packages/airflow/example_dags/example_short_circuit_operator.py
[2024-03-26T09:51:58.400+0000] {processor.py:840} INFO - DAG(s) 'example_short_circuit_operator' retrieved from /home/airflow/.local/lib/python3.8/site-packages/airflow/example_dags/example_short_circuit_operator.py
[2024-03-26T09:51:58.420+0000] {logging_mixin.py:188} INFO - [2024-03-26T09:51:58.419+0000] {dag.py:3036} INFO - Sync 1 DAGs
[2024-03-26T09:51:58.438+0000] {logging_mixin.py:188} INFO - [2024-03-26T09:51:58.438+0000] {dag.py:3823} INFO - Setting next_dagrun for example_short_circuit_operator to 2024-03-25 00:00:00+00:00, run_after=2024-03-26 00:00:00+00:00
[2024-03-26T09:51:58.454+0000] {processor.py:183} INFO - Processing /home/airflow/.local/lib/python3.8/site-packages/airflow/example_dags/example_short_circuit_operator.py took 0.065 seconds
[2024-03-26T09:52:29.121+0000] {processor.py:161} INFO - Started process (PID=227) to work on /home/airflow/.local/lib/python3.8/site-packages/airflow/example_dags/example_short_circuit_operator.py
[2024-03-26T09:52:29.122+0000] {processor.py:830} INFO - Processing file /home/airflow/.local/lib/python3.8/site-packages/airflow/example_dags/example_short_circuit_operator.py for tasks to queue
[2024-03-26T09:52:29.124+0000] {logging_mixin.py:188} INFO - [2024-03-26T09:52:29.124+0000] {dagbag.py:538} INFO - Filling up the DagBag from /home/airflow/.local/lib/python3.8/site-packages/airflow/example_dags/example_short_circuit_operator.py
[2024-03-26T09:52:29.132+0000] {processor.py:840} INFO - DAG(s) 'example_short_circuit_operator' retrieved from /home/airflow/.local/lib/python3.8/site-packages/airflow/example_dags/example_short_circuit_operator.py
[2024-03-26T09:52:29.152+0000] {logging_mixin.py:188} INFO - [2024-03-26T09:52:29.151+0000] {dag.py:3036} INFO - Sync 1 DAGs
[2024-03-26T09:52:29.171+0000] {logging_mixin.py:188} INFO - [2024-03-26T09:52:29.171+0000] {dag.py:3823} INFO - Setting next_dagrun for example_short_circuit_operator to 2024-03-25 00:00:00+00:00, run_after=2024-03-26 00:00:00+00:00
[2024-03-26T09:52:29.190+0000] {processor.py:183} INFO - Processing /home/airflow/.local/lib/python3.8/site-packages/airflow/example_dags/example_short_circuit_operator.py took 0.071 seconds
[2024-03-26T09:53:00.223+0000] {processor.py:161} INFO - Started process (PID=285) to work on /home/airflow/.local/lib/python3.8/site-packages/airflow/example_dags/example_short_circuit_operator.py
[2024-03-26T09:53:00.224+0000] {processor.py:830} INFO - Processing file /home/airflow/.local/lib/python3.8/site-packages/airflow/example_dags/example_short_circuit_operator.py for tasks to queue
[2024-03-26T09:53:00.225+0000] {logging_mixin.py:188} INFO - [2024-03-26T09:53:00.225+0000] {dagbag.py:538} INFO - Filling up the DagBag from /home/airflow/.local/lib/python3.8/site-packages/airflow/example_dags/example_short_circuit_operator.py
[2024-03-26T09:53:00.231+0000] {processor.py:840} INFO - DAG(s) 'example_short_circuit_operator' retrieved from /home/airflow/.local/lib/python3.8/site-packages/airflow/example_dags/example_short_circuit_operator.py
[2024-03-26T09:53:00.249+0000] {logging_mixin.py:188} INFO - [2024-03-26T09:53:00.248+0000] {dag.py:3036} INFO - Sync 1 DAGs
[2024-03-26T09:53:00.267+0000] {logging_mixin.py:188} INFO - [2024-03-26T09:53:00.267+0000] {dag.py:3823} INFO - Setting next_dagrun for example_short_circuit_operator to 2024-03-25 00:00:00+00:00, run_after=2024-03-26 00:00:00+00:00
[2024-03-26T09:53:00.282+0000] {processor.py:183} INFO - Processing /home/airflow/.local/lib/python3.8/site-packages/airflow/example_dags/example_short_circuit_operator.py took 0.062 seconds
[2024-03-26T09:53:30.332+0000] {processor.py:161} INFO - Started process (PID=340) to work on /home/airflow/.local/lib/python3.8/site-packages/airflow/example_dags/example_short_circuit_operator.py
[2024-03-26T09:53:30.333+0000] {processor.py:830} INFO - Processing file /home/airflow/.local/lib/python3.8/site-packages/airflow/example_dags/example_short_circuit_operator.py for tasks to queue
[2024-03-26T09:53:30.335+0000] {logging_mixin.py:188} INFO - [2024-03-26T09:53:30.334+0000] {dagbag.py:538} INFO - Filling up the DagBag from /home/airflow/.local/lib/python3.8/site-packages/airflow/example_dags/example_short_circuit_operator.py
[2024-03-26T09:53:30.340+0000] {processor.py:840} INFO - DAG(s) 'example_short_circuit_operator' retrieved from /home/airflow/.local/lib/python3.8/site-packages/airflow/example_dags/example_short_circuit_operator.py
[2024-03-26T09:53:30.358+0000] {logging_mixin.py:188} INFO - [2024-03-26T09:53:30.357+0000] {dag.py:3036} INFO - Sync 1 DAGs
[2024-03-26T09:53:30.379+0000] {logging_mixin.py:188} INFO - [2024-03-26T09:53:30.378+0000] {dag.py:3823} INFO - Setting next_dagrun for example_short_circuit_operator to 2024-03-25 00:00:00+00:00, run_after=2024-03-26 00:00:00+00:00
[2024-03-26T09:53:30.394+0000] {processor.py:183} INFO - Processing /home/airflow/.local/lib/python3.8/site-packages/airflow/example_dags/example_short_circuit_operator.py took 0.064 seconds
[2024-03-26T09:54:00.458+0000] {processor.py:161} INFO - Started process (PID=396) to work on /home/airflow/.local/lib/python3.8/site-packages/airflow/example_dags/example_short_circuit_operator.py
[2024-03-26T09:54:00.459+0000] {processor.py:830} INFO - Processing file /home/airflow/.local/lib/python3.8/site-packages/airflow/example_dags/example_short_circuit_operator.py for tasks to queue
[2024-03-26T09:54:00.460+0000] {logging_mixin.py:188} INFO - [2024-03-26T09:54:00.460+0000] {dagbag.py:538} INFO - Filling up the DagBag from /home/airflow/.local/lib/python3.8/site-packages/airflow/example_dags/example_short_circuit_operator.py
[2024-03-26T09:54:00.466+0000] {processor.py:840} INFO - DAG(s) 'example_short_circuit_operator' retrieved from /home/airflow/.local/lib/python3.8/site-packages/airflow/example_dags/example_short_circuit_operator.py
[2024-03-26T09:54:00.484+0000] {logging_mixin.py:188} INFO - [2024-03-26T09:54:00.483+0000] {dag.py:3036} INFO - Sync 1 DAGs
[2024-03-26T09:54:00.501+0000] {logging_mixin.py:188} INFO - [2024-03-26T09:54:00.501+0000] {dag.py:3823} INFO - Setting next_dagrun for example_short_circuit_operator to 2024-03-25 00:00:00+00:00, run_after=2024-03-26 00:00:00+00:00
[2024-03-26T09:54:00.516+0000] {processor.py:183} INFO - Processing /home/airflow/.local/lib/python3.8/site-packages/airflow/example_dags/example_short_circuit_operator.py took 0.060 seconds
[2024-03-26T09:54:30.956+0000] {processor.py:161} INFO - Started process (PID=453) to work on /home/airflow/.local/lib/python3.8/site-packages/airflow/example_dags/example_short_circuit_operator.py
[2024-03-26T09:54:30.957+0000] {processor.py:830} INFO - Processing file /home/airflow/.local/lib/python3.8/site-packages/airflow/example_dags/example_short_circuit_operator.py for tasks to queue
[2024-03-26T09:54:30.959+0000] {logging_mixin.py:188} INFO - [2024-03-26T09:54:30.958+0000] {dagbag.py:538} INFO - Filling up the DagBag from /home/airflow/.local/lib/python3.8/site-packages/airflow/example_dags/example_short_circuit_operator.py
[2024-03-26T09:54:30.964+0000] {processor.py:840} INFO - DAG(s) 'example_short_circuit_operator' retrieved from /home/airflow/.local/lib/python3.8/site-packages/airflow/example_dags/example_short_circuit_operator.py
[2024-03-26T09:54:30.982+0000] {logging_mixin.py:188} INFO - [2024-03-26T09:54:30.982+0000] {dag.py:3036} INFO - Sync 1 DAGs
[2024-03-26T09:54:31.000+0000] {logging_mixin.py:188} INFO - [2024-03-26T09:54:31.000+0000] {dag.py:3823} INFO - Setting next_dagrun for example_short_circuit_operator to 2024-03-25 00:00:00+00:00, run_after=2024-03-26 00:00:00+00:00
[2024-03-26T09:54:31.016+0000] {processor.py:183} INFO - Processing /home/airflow/.local/lib/python3.8/site-packages/airflow/example_dags/example_short_circuit_operator.py took 0.061 seconds
[2024-03-26T09:55:01.497+0000] {processor.py:161} INFO - Started process (PID=510) to work on /home/airflow/.local/lib/python3.8/site-packages/airflow/example_dags/example_short_circuit_operator.py
[2024-03-26T09:55:01.498+0000] {processor.py:830} INFO - Processing file /home/airflow/.local/lib/python3.8/site-packages/airflow/example_dags/example_short_circuit_operator.py for tasks to queue
[2024-03-26T09:55:01.499+0000] {logging_mixin.py:188} INFO - [2024-03-26T09:55:01.499+0000] {dagbag.py:538} INFO - Filling up the DagBag from /home/airflow/.local/lib/python3.8/site-packages/airflow/example_dags/example_short_circuit_operator.py
[2024-03-26T09:55:01.505+0000] {processor.py:840} INFO - DAG(s) 'example_short_circuit_operator' retrieved from /home/airflow/.local/lib/python3.8/site-packages/airflow/example_dags/example_short_circuit_operator.py
[2024-03-26T09:55:01.523+0000] {logging_mixin.py:188} INFO - [2024-03-26T09:55:01.522+0000] {dag.py:3036} INFO - Sync 1 DAGs
[2024-03-26T09:55:01.540+0000] {logging_mixin.py:188} INFO - [2024-03-26T09:55:01.540+0000] {dag.py:3823} INFO - Setting next_dagrun for example_short_circuit_operator to 2024-03-25 00:00:00+00:00, run_after=2024-03-26 00:00:00+00:00
[2024-03-26T09:55:01.556+0000] {processor.py:183} INFO - Processing /home/airflow/.local/lib/python3.8/site-packages/airflow/example_dags/example_short_circuit_operator.py took 0.061 seconds
[2024-03-26T09:55:32.090+0000] {processor.py:161} INFO - Started process (PID=567) to work on /home/airflow/.local/lib/python3.8/site-packages/airflow/example_dags/example_short_circuit_operator.py
[2024-03-26T09:55:32.091+0000] {processor.py:830} INFO - Processing file /home/airflow/.local/lib/python3.8/site-packages/airflow/example_dags/example_short_circuit_operator.py for tasks to queue
[2024-03-26T09:55:32.092+0000] {logging_mixin.py:188} INFO - [2024-03-26T09:55:32.092+0000] {dagbag.py:538} INFO - Filling up the DagBag from /home/airflow/.local/lib/python3.8/site-packages/airflow/example_dags/example_short_circuit_operator.py
[2024-03-26T09:55:32.098+0000] {processor.py:840} INFO - DAG(s) 'example_short_circuit_operator' retrieved from /home/airflow/.local/lib/python3.8/site-packages/airflow/example_dags/example_short_circuit_operator.py
[2024-03-26T09:55:32.116+0000] {logging_mixin.py:188} INFO - [2024-03-26T09:55:32.115+0000] {dag.py:3036} INFO - Sync 1 DAGs
[2024-03-26T09:55:32.134+0000] {logging_mixin.py:188} INFO - [2024-03-26T09:55:32.134+0000] {dag.py:3823} INFO - Setting next_dagrun for example_short_circuit_operator to 2024-03-25 00:00:00+00:00, run_after=2024-03-26 00:00:00+00:00
[2024-03-26T09:55:32.151+0000] {processor.py:183} INFO - Processing /home/airflow/.local/lib/python3.8/site-packages/airflow/example_dags/example_short_circuit_operator.py took 0.063 seconds
[2024-03-26T09:56:02.687+0000] {processor.py:161} INFO - Started process (PID=624) to work on /home/airflow/.local/lib/python3.8/site-packages/airflow/example_dags/example_short_circuit_operator.py
[2024-03-26T09:56:02.688+0000] {processor.py:830} INFO - Processing file /home/airflow/.local/lib/python3.8/site-packages/airflow/example_dags/example_short_circuit_operator.py for tasks to queue
[2024-03-26T09:56:02.690+0000] {logging_mixin.py:188} INFO - [2024-03-26T09:56:02.690+0000] {dagbag.py:538} INFO - Filling up the DagBag from /home/airflow/.local/lib/python3.8/site-packages/airflow/example_dags/example_short_circuit_operator.py
[2024-03-26T09:56:02.695+0000] {processor.py:840} INFO - DAG(s) 'example_short_circuit_operator' retrieved from /home/airflow/.local/lib/python3.8/site-packages/airflow/example_dags/example_short_circuit_operator.py
[2024-03-26T09:56:02.715+0000] {logging_mixin.py:188} INFO - [2024-03-26T09:56:02.715+0000] {dag.py:3036} INFO - Sync 1 DAGs
[2024-03-26T09:56:02.735+0000] {logging_mixin.py:188} INFO - [2024-03-26T09:56:02.734+0000] {dag.py:3823} INFO - Setting next_dagrun for example_short_circuit_operator to 2024-03-25 00:00:00+00:00, run_after=2024-03-26 00:00:00+00:00
[2024-03-26T09:56:02.753+0000] {processor.py:183} INFO - Processing /home/airflow/.local/lib/python3.8/site-packages/airflow/example_dags/example_short_circuit_operator.py took 0.068 seconds
[2024-03-26T09:57:47.042+0000] {processor.py:161} INFO - Started process (PID=57) to work on /home/airflow/.local/lib/python3.8/site-packages/airflow/example_dags/example_short_circuit_operator.py
[2024-03-26T09:57:47.043+0000] {processor.py:830} INFO - Processing file /home/airflow/.local/lib/python3.8/site-packages/airflow/example_dags/example_short_circuit_operator.py for tasks to queue
[2024-03-26T09:57:47.045+0000] {logging_mixin.py:188} INFO - [2024-03-26T09:57:47.044+0000] {dagbag.py:538} INFO - Filling up the DagBag from /home/airflow/.local/lib/python3.8/site-packages/airflow/example_dags/example_short_circuit_operator.py
[2024-03-26T09:57:47.053+0000] {processor.py:840} INFO - DAG(s) 'example_short_circuit_operator' retrieved from /home/airflow/.local/lib/python3.8/site-packages/airflow/example_dags/example_short_circuit_operator.py
[2024-03-26T09:57:47.063+0000] {logging_mixin.py:188} INFO - [2024-03-26T09:57:47.063+0000] {dag.py:3036} INFO - Sync 1 DAGs
[2024-03-26T09:57:47.082+0000] {logging_mixin.py:188} INFO - [2024-03-26T09:57:47.081+0000] {dag.py:3823} INFO - Setting next_dagrun for example_short_circuit_operator to 2024-03-25 00:00:00+00:00, run_after=2024-03-26 00:00:00+00:00
[2024-03-26T09:57:47.098+0000] {processor.py:183} INFO - Processing /home/airflow/.local/lib/python3.8/site-packages/airflow/example_dags/example_short_circuit_operator.py took 0.058 seconds
[2024-03-26T09:58:17.431+0000] {processor.py:161} INFO - Started process (PID=114) to work on /home/airflow/.local/lib/python3.8/site-packages/airflow/example_dags/example_short_circuit_operator.py
[2024-03-26T09:58:17.432+0000] {processor.py:830} INFO - Processing file /home/airflow/.local/lib/python3.8/site-packages/airflow/example_dags/example_short_circuit_operator.py for tasks to queue
[2024-03-26T09:58:17.434+0000] {logging_mixin.py:188} INFO - [2024-03-26T09:58:17.434+0000] {dagbag.py:538} INFO - Filling up the DagBag from /home/airflow/.local/lib/python3.8/site-packages/airflow/example_dags/example_short_circuit_operator.py
[2024-03-26T09:58:17.441+0000] {processor.py:840} INFO - DAG(s) 'example_short_circuit_operator' retrieved from /home/airflow/.local/lib/python3.8/site-packages/airflow/example_dags/example_short_circuit_operator.py
[2024-03-26T09:58:17.527+0000] {logging_mixin.py:188} INFO - [2024-03-26T09:58:17.527+0000] {dag.py:3036} INFO - Sync 1 DAGs
[2024-03-26T09:58:17.544+0000] {logging_mixin.py:188} INFO - [2024-03-26T09:58:17.544+0000] {dag.py:3823} INFO - Setting next_dagrun for example_short_circuit_operator to 2024-03-25 00:00:00+00:00, run_after=2024-03-26 00:00:00+00:00
[2024-03-26T09:58:17.560+0000] {processor.py:183} INFO - Processing /home/airflow/.local/lib/python3.8/site-packages/airflow/example_dags/example_short_circuit_operator.py took 0.131 seconds
[2024-03-26T09:58:48.375+0000] {processor.py:161} INFO - Started process (PID=171) to work on /home/airflow/.local/lib/python3.8/site-packages/airflow/example_dags/example_short_circuit_operator.py
[2024-03-26T09:58:48.376+0000] {processor.py:830} INFO - Processing file /home/airflow/.local/lib/python3.8/site-packages/airflow/example_dags/example_short_circuit_operator.py for tasks to queue
[2024-03-26T09:58:48.377+0000] {logging_mixin.py:188} INFO - [2024-03-26T09:58:48.377+0000] {dagbag.py:538} INFO - Filling up the DagBag from /home/airflow/.local/lib/python3.8/site-packages/airflow/example_dags/example_short_circuit_operator.py
[2024-03-26T09:58:48.384+0000] {processor.py:840} INFO - DAG(s) 'example_short_circuit_operator' retrieved from /home/airflow/.local/lib/python3.8/site-packages/airflow/example_dags/example_short_circuit_operator.py
[2024-03-26T09:58:48.403+0000] {logging_mixin.py:188} INFO - [2024-03-26T09:58:48.402+0000] {dag.py:3036} INFO - Sync 1 DAGs
[2024-03-26T09:58:48.425+0000] {logging_mixin.py:188} INFO - [2024-03-26T09:58:48.425+0000] {dag.py:3823} INFO - Setting next_dagrun for example_short_circuit_operator to 2024-03-25 00:00:00+00:00, run_after=2024-03-26 00:00:00+00:00
[2024-03-26T09:58:48.446+0000] {processor.py:183} INFO - Processing /home/airflow/.local/lib/python3.8/site-packages/airflow/example_dags/example_short_circuit_operator.py took 0.074 seconds
[2024-03-26T10:11:02.936+0000] {processor.py:161} INFO - Started process (PID=56) to work on /home/airflow/.local/lib/python3.8/site-packages/airflow/example_dags/example_short_circuit_operator.py
[2024-03-26T10:11:02.938+0000] {processor.py:830} INFO - Processing file /home/airflow/.local/lib/python3.8/site-packages/airflow/example_dags/example_short_circuit_operator.py for tasks to queue
[2024-03-26T10:11:02.941+0000] {logging_mixin.py:188} INFO - [2024-03-26T10:11:02.941+0000] {dagbag.py:538} INFO - Filling up the DagBag from /home/airflow/.local/lib/python3.8/site-packages/airflow/example_dags/example_short_circuit_operator.py
[2024-03-26T10:11:02.955+0000] {processor.py:840} INFO - DAG(s) 'example_short_circuit_operator' retrieved from /home/airflow/.local/lib/python3.8/site-packages/airflow/example_dags/example_short_circuit_operator.py
[2024-03-26T10:11:02.970+0000] {logging_mixin.py:188} INFO - [2024-03-26T10:11:02.969+0000] {dag.py:3036} INFO - Sync 1 DAGs
[2024-03-26T10:11:02.998+0000] {logging_mixin.py:188} INFO - [2024-03-26T10:11:02.998+0000] {dag.py:3823} INFO - Setting next_dagrun for example_short_circuit_operator to 2024-03-25 00:00:00+00:00, run_after=2024-03-26 00:00:00+00:00
[2024-03-26T10:11:03.022+0000] {processor.py:183} INFO - Processing /home/airflow/.local/lib/python3.8/site-packages/airflow/example_dags/example_short_circuit_operator.py took 0.089 seconds
[2024-03-26T10:11:34.346+0000] {processor.py:161} INFO - Started process (PID=111) to work on /home/airflow/.local/lib/python3.8/site-packages/airflow/example_dags/example_short_circuit_operator.py
[2024-03-26T10:11:34.347+0000] {processor.py:830} INFO - Processing file /home/airflow/.local/lib/python3.8/site-packages/airflow/example_dags/example_short_circuit_operator.py for tasks to queue
[2024-03-26T10:11:34.348+0000] {logging_mixin.py:188} INFO - [2024-03-26T10:11:34.348+0000] {dagbag.py:538} INFO - Filling up the DagBag from /home/airflow/.local/lib/python3.8/site-packages/airflow/example_dags/example_short_circuit_operator.py
[2024-03-26T10:11:34.356+0000] {processor.py:840} INFO - DAG(s) 'example_short_circuit_operator' retrieved from /home/airflow/.local/lib/python3.8/site-packages/airflow/example_dags/example_short_circuit_operator.py
[2024-03-26T10:11:34.453+0000] {logging_mixin.py:188} INFO - [2024-03-26T10:11:34.452+0000] {dag.py:3036} INFO - Sync 1 DAGs
[2024-03-26T10:11:34.469+0000] {logging_mixin.py:188} INFO - [2024-03-26T10:11:34.469+0000] {dag.py:3823} INFO - Setting next_dagrun for example_short_circuit_operator to 2024-03-25 00:00:00+00:00, run_after=2024-03-26 00:00:00+00:00
[2024-03-26T10:11:34.485+0000] {processor.py:183} INFO - Processing /home/airflow/.local/lib/python3.8/site-packages/airflow/example_dags/example_short_circuit_operator.py took 0.141 seconds
[2024-03-26T10:12:49.129+0000] {processor.py:161} INFO - Started process (PID=57) to work on /home/airflow/.local/lib/python3.8/site-packages/airflow/example_dags/example_short_circuit_operator.py
[2024-03-26T10:12:49.130+0000] {processor.py:830} INFO - Processing file /home/airflow/.local/lib/python3.8/site-packages/airflow/example_dags/example_short_circuit_operator.py for tasks to queue
[2024-03-26T10:12:49.132+0000] {logging_mixin.py:188} INFO - [2024-03-26T10:12:49.132+0000] {dagbag.py:538} INFO - Filling up the DagBag from /home/airflow/.local/lib/python3.8/site-packages/airflow/example_dags/example_short_circuit_operator.py
[2024-03-26T10:12:49.142+0000] {processor.py:840} INFO - DAG(s) 'example_short_circuit_operator' retrieved from /home/airflow/.local/lib/python3.8/site-packages/airflow/example_dags/example_short_circuit_operator.py
[2024-03-26T10:12:49.153+0000] {logging_mixin.py:188} INFO - [2024-03-26T10:12:49.153+0000] {dag.py:3036} INFO - Sync 1 DAGs
[2024-03-26T10:12:49.175+0000] {logging_mixin.py:188} INFO - [2024-03-26T10:12:49.175+0000] {dag.py:3823} INFO - Setting next_dagrun for example_short_circuit_operator to 2024-03-25 00:00:00+00:00, run_after=2024-03-26 00:00:00+00:00
[2024-03-26T10:12:49.197+0000] {processor.py:183} INFO - Processing /home/airflow/.local/lib/python3.8/site-packages/airflow/example_dags/example_short_circuit_operator.py took 0.071 seconds
[2024-03-26T10:13:19.846+0000] {processor.py:161} INFO - Started process (PID=114) to work on /home/airflow/.local/lib/python3.8/site-packages/airflow/example_dags/example_short_circuit_operator.py
[2024-03-26T10:13:19.847+0000] {processor.py:830} INFO - Processing file /home/airflow/.local/lib/python3.8/site-packages/airflow/example_dags/example_short_circuit_operator.py for tasks to queue
[2024-03-26T10:13:19.848+0000] {logging_mixin.py:188} INFO - [2024-03-26T10:13:19.848+0000] {dagbag.py:538} INFO - Filling up the DagBag from /home/airflow/.local/lib/python3.8/site-packages/airflow/example_dags/example_short_circuit_operator.py
[2024-03-26T10:13:19.854+0000] {processor.py:840} INFO - DAG(s) 'example_short_circuit_operator' retrieved from /home/airflow/.local/lib/python3.8/site-packages/airflow/example_dags/example_short_circuit_operator.py
[2024-03-26T10:13:19.939+0000] {logging_mixin.py:188} INFO - [2024-03-26T10:13:19.938+0000] {dag.py:3036} INFO - Sync 1 DAGs
[2024-03-26T10:13:19.955+0000] {logging_mixin.py:188} INFO - [2024-03-26T10:13:19.954+0000] {dag.py:3823} INFO - Setting next_dagrun for example_short_circuit_operator to 2024-03-25 00:00:00+00:00, run_after=2024-03-26 00:00:00+00:00
[2024-03-26T10:13:19.970+0000] {processor.py:183} INFO - Processing /home/airflow/.local/lib/python3.8/site-packages/airflow/example_dags/example_short_circuit_operator.py took 0.126 seconds
[2024-03-26T10:13:50.632+0000] {processor.py:161} INFO - Started process (PID=171) to work on /home/airflow/.local/lib/python3.8/site-packages/airflow/example_dags/example_short_circuit_operator.py
[2024-03-26T10:13:50.633+0000] {processor.py:830} INFO - Processing file /home/airflow/.local/lib/python3.8/site-packages/airflow/example_dags/example_short_circuit_operator.py for tasks to queue
[2024-03-26T10:13:50.635+0000] {logging_mixin.py:188} INFO - [2024-03-26T10:13:50.635+0000] {dagbag.py:538} INFO - Filling up the DagBag from /home/airflow/.local/lib/python3.8/site-packages/airflow/example_dags/example_short_circuit_operator.py
[2024-03-26T10:13:50.641+0000] {processor.py:840} INFO - DAG(s) 'example_short_circuit_operator' retrieved from /home/airflow/.local/lib/python3.8/site-packages/airflow/example_dags/example_short_circuit_operator.py
[2024-03-26T10:13:50.659+0000] {logging_mixin.py:188} INFO - [2024-03-26T10:13:50.659+0000] {dag.py:3036} INFO - Sync 1 DAGs
[2024-03-26T10:13:50.677+0000] {logging_mixin.py:188} INFO - [2024-03-26T10:13:50.676+0000] {dag.py:3823} INFO - Setting next_dagrun for example_short_circuit_operator to 2024-03-25 00:00:00+00:00, run_after=2024-03-26 00:00:00+00:00
[2024-03-26T10:13:50.692+0000] {processor.py:183} INFO - Processing /home/airflow/.local/lib/python3.8/site-packages/airflow/example_dags/example_short_circuit_operator.py took 0.062 seconds
[2024-03-26T10:14:20.867+0000] {processor.py:161} INFO - Started process (PID=227) to work on /home/airflow/.local/lib/python3.8/site-packages/airflow/example_dags/example_short_circuit_operator.py
[2024-03-26T10:14:20.868+0000] {processor.py:830} INFO - Processing file /home/airflow/.local/lib/python3.8/site-packages/airflow/example_dags/example_short_circuit_operator.py for tasks to queue
[2024-03-26T10:14:20.869+0000] {logging_mixin.py:188} INFO - [2024-03-26T10:14:20.869+0000] {dagbag.py:538} INFO - Filling up the DagBag from /home/airflow/.local/lib/python3.8/site-packages/airflow/example_dags/example_short_circuit_operator.py
[2024-03-26T10:14:20.875+0000] {processor.py:840} INFO - DAG(s) 'example_short_circuit_operator' retrieved from /home/airflow/.local/lib/python3.8/site-packages/airflow/example_dags/example_short_circuit_operator.py
[2024-03-26T10:14:20.896+0000] {logging_mixin.py:188} INFO - [2024-03-26T10:14:20.895+0000] {dag.py:3036} INFO - Sync 1 DAGs
[2024-03-26T10:14:20.916+0000] {logging_mixin.py:188} INFO - [2024-03-26T10:14:20.915+0000] {dag.py:3823} INFO - Setting next_dagrun for example_short_circuit_operator to 2024-03-25 00:00:00+00:00, run_after=2024-03-26 00:00:00+00:00
[2024-03-26T10:14:20.931+0000] {processor.py:183} INFO - Processing /home/airflow/.local/lib/python3.8/site-packages/airflow/example_dags/example_short_circuit_operator.py took 0.067 seconds
[2024-03-26T10:15:15.228+0000] {processor.py:161} INFO - Started process (PID=57) to work on /home/airflow/.local/lib/python3.8/site-packages/airflow/example_dags/example_short_circuit_operator.py
[2024-03-26T10:15:15.232+0000] {processor.py:830} INFO - Processing file /home/airflow/.local/lib/python3.8/site-packages/airflow/example_dags/example_short_circuit_operator.py for tasks to queue
[2024-03-26T10:15:15.235+0000] {logging_mixin.py:188} INFO - [2024-03-26T10:15:15.235+0000] {dagbag.py:538} INFO - Filling up the DagBag from /home/airflow/.local/lib/python3.8/site-packages/airflow/example_dags/example_short_circuit_operator.py
[2024-03-26T10:15:15.247+0000] {processor.py:840} INFO - DAG(s) 'example_short_circuit_operator' retrieved from /home/airflow/.local/lib/python3.8/site-packages/airflow/example_dags/example_short_circuit_operator.py
[2024-03-26T10:15:15.269+0000] {logging_mixin.py:188} INFO - [2024-03-26T10:15:15.268+0000] {dag.py:3036} INFO - Sync 1 DAGs
[2024-03-26T10:15:15.299+0000] {logging_mixin.py:188} INFO - [2024-03-26T10:15:15.298+0000] {dag.py:3823} INFO - Setting next_dagrun for example_short_circuit_operator to 2024-03-25 00:00:00+00:00, run_after=2024-03-26 00:00:00+00:00
[2024-03-26T10:15:15.321+0000] {processor.py:183} INFO - Processing /home/airflow/.local/lib/python3.8/site-packages/airflow/example_dags/example_short_circuit_operator.py took 0.100 seconds
[2024-03-26T10:15:46.043+0000] {processor.py:161} INFO - Started process (PID=114) to work on /home/airflow/.local/lib/python3.8/site-packages/airflow/example_dags/example_short_circuit_operator.py
[2024-03-26T10:15:46.044+0000] {processor.py:830} INFO - Processing file /home/airflow/.local/lib/python3.8/site-packages/airflow/example_dags/example_short_circuit_operator.py for tasks to queue
[2024-03-26T10:15:46.046+0000] {logging_mixin.py:188} INFO - [2024-03-26T10:15:46.046+0000] {dagbag.py:538} INFO - Filling up the DagBag from /home/airflow/.local/lib/python3.8/site-packages/airflow/example_dags/example_short_circuit_operator.py
[2024-03-26T10:15:46.052+0000] {processor.py:840} INFO - DAG(s) 'example_short_circuit_operator' retrieved from /home/airflow/.local/lib/python3.8/site-packages/airflow/example_dags/example_short_circuit_operator.py
[2024-03-26T10:15:46.158+0000] {logging_mixin.py:188} INFO - [2024-03-26T10:15:46.157+0000] {dag.py:3036} INFO - Sync 1 DAGs
[2024-03-26T10:15:46.179+0000] {logging_mixin.py:188} INFO - [2024-03-26T10:15:46.178+0000] {dag.py:3823} INFO - Setting next_dagrun for example_short_circuit_operator to 2024-03-25 00:00:00+00:00, run_after=2024-03-26 00:00:00+00:00
[2024-03-26T10:15:46.200+0000] {processor.py:183} INFO - Processing /home/airflow/.local/lib/python3.8/site-packages/airflow/example_dags/example_short_circuit_operator.py took 0.159 seconds
[2024-03-26T10:17:22.519+0000] {processor.py:161} INFO - Started process (PID=57) to work on /home/airflow/.local/lib/python3.8/site-packages/airflow/example_dags/example_short_circuit_operator.py
[2024-03-26T10:17:22.521+0000] {processor.py:830} INFO - Processing file /home/airflow/.local/lib/python3.8/site-packages/airflow/example_dags/example_short_circuit_operator.py for tasks to queue
[2024-03-26T10:17:22.523+0000] {logging_mixin.py:188} INFO - [2024-03-26T10:17:22.523+0000] {dagbag.py:538} INFO - Filling up the DagBag from /home/airflow/.local/lib/python3.8/site-packages/airflow/example_dags/example_short_circuit_operator.py
[2024-03-26T10:17:22.533+0000] {processor.py:840} INFO - DAG(s) 'example_short_circuit_operator' retrieved from /home/airflow/.local/lib/python3.8/site-packages/airflow/example_dags/example_short_circuit_operator.py
[2024-03-26T10:17:22.544+0000] {logging_mixin.py:188} INFO - [2024-03-26T10:17:22.544+0000] {dag.py:3036} INFO - Sync 1 DAGs
[2024-03-26T10:17:22.567+0000] {logging_mixin.py:188} INFO - [2024-03-26T10:17:22.567+0000] {dag.py:3823} INFO - Setting next_dagrun for example_short_circuit_operator to 2024-03-25 00:00:00+00:00, run_after=2024-03-26 00:00:00+00:00
[2024-03-26T10:17:22.586+0000] {processor.py:183} INFO - Processing /home/airflow/.local/lib/python3.8/site-packages/airflow/example_dags/example_short_circuit_operator.py took 0.069 seconds
[2024-03-26T10:17:53.205+0000] {processor.py:161} INFO - Started process (PID=114) to work on /home/airflow/.local/lib/python3.8/site-packages/airflow/example_dags/example_short_circuit_operator.py
[2024-03-26T10:17:53.207+0000] {processor.py:830} INFO - Processing file /home/airflow/.local/lib/python3.8/site-packages/airflow/example_dags/example_short_circuit_operator.py for tasks to queue
[2024-03-26T10:17:53.209+0000] {logging_mixin.py:188} INFO - [2024-03-26T10:17:53.209+0000] {dagbag.py:538} INFO - Filling up the DagBag from /home/airflow/.local/lib/python3.8/site-packages/airflow/example_dags/example_short_circuit_operator.py
[2024-03-26T10:17:53.217+0000] {processor.py:840} INFO - DAG(s) 'example_short_circuit_operator' retrieved from /home/airflow/.local/lib/python3.8/site-packages/airflow/example_dags/example_short_circuit_operator.py
[2024-03-26T10:17:53.323+0000] {logging_mixin.py:188} INFO - [2024-03-26T10:17:53.323+0000] {dag.py:3036} INFO - Sync 1 DAGs
[2024-03-26T10:17:53.346+0000] {logging_mixin.py:188} INFO - [2024-03-26T10:17:53.346+0000] {dag.py:3823} INFO - Setting next_dagrun for example_short_circuit_operator to 2024-03-25 00:00:00+00:00, run_after=2024-03-26 00:00:00+00:00
[2024-03-26T10:17:53.371+0000] {processor.py:183} INFO - Processing /home/airflow/.local/lib/python3.8/site-packages/airflow/example_dags/example_short_circuit_operator.py took 0.168 seconds
