[2024-03-26T08:41:06.839+0000] {processor.py:161} INFO - Started process (PID=59) to work on /home/airflow/.local/lib/python3.8/site-packages/airflow/example_dags/example_latest_only_with_trigger.py
[2024-03-26T08:41:06.840+0000] {processor.py:830} INFO - Processing file /home/airflow/.local/lib/python3.8/site-packages/airflow/example_dags/example_latest_only_with_trigger.py for tasks to queue
[2024-03-26T08:41:06.841+0000] {logging_mixin.py:188} INFO - [2024-03-26T08:41:06.841+0000] {dagbag.py:538} INFO - Filling up the DagBag from /home/airflow/.local/lib/python3.8/site-packages/airflow/example_dags/example_latest_only_with_trigger.py
[2024-03-26T08:41:06.849+0000] {processor.py:840} INFO - DAG(s) 'latest_only_with_trigger' retrieved from /home/airflow/.local/lib/python3.8/site-packages/airflow/example_dags/example_latest_only_with_trigger.py
[2024-03-26T08:41:06.859+0000] {logging_mixin.py:188} INFO - [2024-03-26T08:41:06.859+0000] {dag.py:3036} INFO - Sync 1 DAGs
[2024-03-26T08:41:06.881+0000] {logging_mixin.py:188} INFO - [2024-03-26T08:41:06.881+0000] {dag.py:3823} INFO - Setting next_dagrun for latest_only_with_trigger to 2024-03-26 04:00:00+00:00, run_after=2024-03-26 08:00:00+00:00
[2024-03-26T08:41:06.898+0000] {processor.py:183} INFO - Processing /home/airflow/.local/lib/python3.8/site-packages/airflow/example_dags/example_latest_only_with_trigger.py took 0.062 seconds
[2024-03-26T08:41:38.028+0000] {processor.py:161} INFO - Started process (PID=115) to work on /home/airflow/.local/lib/python3.8/site-packages/airflow/example_dags/example_latest_only_with_trigger.py
[2024-03-26T08:41:38.029+0000] {processor.py:830} INFO - Processing file /home/airflow/.local/lib/python3.8/site-packages/airflow/example_dags/example_latest_only_with_trigger.py for tasks to queue
[2024-03-26T08:41:38.030+0000] {logging_mixin.py:188} INFO - [2024-03-26T08:41:38.030+0000] {dagbag.py:538} INFO - Filling up the DagBag from /home/airflow/.local/lib/python3.8/site-packages/airflow/example_dags/example_latest_only_with_trigger.py
[2024-03-26T08:41:38.035+0000] {processor.py:840} INFO - DAG(s) 'latest_only_with_trigger' retrieved from /home/airflow/.local/lib/python3.8/site-packages/airflow/example_dags/example_latest_only_with_trigger.py
[2024-03-26T08:41:38.115+0000] {logging_mixin.py:188} INFO - [2024-03-26T08:41:38.115+0000] {dag.py:3036} INFO - Sync 1 DAGs
[2024-03-26T08:41:38.131+0000] {logging_mixin.py:188} INFO - [2024-03-26T08:41:38.131+0000] {dag.py:3823} INFO - Setting next_dagrun for latest_only_with_trigger to 2024-03-26 04:00:00+00:00, run_after=2024-03-26 08:00:00+00:00
[2024-03-26T08:41:38.146+0000] {processor.py:183} INFO - Processing /home/airflow/.local/lib/python3.8/site-packages/airflow/example_dags/example_latest_only_with_trigger.py took 0.121 seconds
[2024-03-26T08:43:47.099+0000] {processor.py:161} INFO - Started process (PID=59) to work on /home/airflow/.local/lib/python3.8/site-packages/airflow/example_dags/example_latest_only_with_trigger.py
[2024-03-26T08:43:47.100+0000] {processor.py:830} INFO - Processing file /home/airflow/.local/lib/python3.8/site-packages/airflow/example_dags/example_latest_only_with_trigger.py for tasks to queue
[2024-03-26T08:43:47.101+0000] {logging_mixin.py:188} INFO - [2024-03-26T08:43:47.101+0000] {dagbag.py:538} INFO - Filling up the DagBag from /home/airflow/.local/lib/python3.8/site-packages/airflow/example_dags/example_latest_only_with_trigger.py
[2024-03-26T08:43:47.108+0000] {processor.py:840} INFO - DAG(s) 'latest_only_with_trigger' retrieved from /home/airflow/.local/lib/python3.8/site-packages/airflow/example_dags/example_latest_only_with_trigger.py
[2024-03-26T08:43:47.117+0000] {logging_mixin.py:188} INFO - [2024-03-26T08:43:47.117+0000] {dag.py:3036} INFO - Sync 1 DAGs
[2024-03-26T08:43:47.136+0000] {logging_mixin.py:188} INFO - [2024-03-26T08:43:47.136+0000] {dag.py:3823} INFO - Setting next_dagrun for latest_only_with_trigger to 2024-03-26 04:00:00+00:00, run_after=2024-03-26 08:00:00+00:00
[2024-03-26T08:43:47.156+0000] {processor.py:183} INFO - Processing /home/airflow/.local/lib/python3.8/site-packages/airflow/example_dags/example_latest_only_with_trigger.py took 0.059 seconds
[2024-03-26T08:44:18.322+0000] {processor.py:161} INFO - Started process (PID=115) to work on /home/airflow/.local/lib/python3.8/site-packages/airflow/example_dags/example_latest_only_with_trigger.py
[2024-03-26T08:44:18.323+0000] {processor.py:830} INFO - Processing file /home/airflow/.local/lib/python3.8/site-packages/airflow/example_dags/example_latest_only_with_trigger.py for tasks to queue
[2024-03-26T08:44:18.324+0000] {logging_mixin.py:188} INFO - [2024-03-26T08:44:18.324+0000] {dagbag.py:538} INFO - Filling up the DagBag from /home/airflow/.local/lib/python3.8/site-packages/airflow/example_dags/example_latest_only_with_trigger.py
[2024-03-26T08:44:18.328+0000] {processor.py:840} INFO - DAG(s) 'latest_only_with_trigger' retrieved from /home/airflow/.local/lib/python3.8/site-packages/airflow/example_dags/example_latest_only_with_trigger.py
[2024-03-26T08:44:18.408+0000] {logging_mixin.py:188} INFO - [2024-03-26T08:44:18.408+0000] {dag.py:3036} INFO - Sync 1 DAGs
[2024-03-26T08:44:18.425+0000] {logging_mixin.py:188} INFO - [2024-03-26T08:44:18.425+0000] {dag.py:3823} INFO - Setting next_dagrun for latest_only_with_trigger to 2024-03-26 04:00:00+00:00, run_after=2024-03-26 08:00:00+00:00
[2024-03-26T08:44:18.440+0000] {processor.py:183} INFO - Processing /home/airflow/.local/lib/python3.8/site-packages/airflow/example_dags/example_latest_only_with_trigger.py took 0.120 seconds
[2024-03-26T08:44:48.954+0000] {processor.py:161} INFO - Started process (PID=171) to work on /home/airflow/.local/lib/python3.8/site-packages/airflow/example_dags/example_latest_only_with_trigger.py
[2024-03-26T08:44:48.955+0000] {processor.py:830} INFO - Processing file /home/airflow/.local/lib/python3.8/site-packages/airflow/example_dags/example_latest_only_with_trigger.py for tasks to queue
[2024-03-26T08:44:48.956+0000] {logging_mixin.py:188} INFO - [2024-03-26T08:44:48.956+0000] {dagbag.py:538} INFO - Filling up the DagBag from /home/airflow/.local/lib/python3.8/site-packages/airflow/example_dags/example_latest_only_with_trigger.py
[2024-03-26T08:44:48.961+0000] {processor.py:840} INFO - DAG(s) 'latest_only_with_trigger' retrieved from /home/airflow/.local/lib/python3.8/site-packages/airflow/example_dags/example_latest_only_with_trigger.py
[2024-03-26T08:44:48.976+0000] {logging_mixin.py:188} INFO - [2024-03-26T08:44:48.976+0000] {dag.py:3036} INFO - Sync 1 DAGs
[2024-03-26T08:44:48.994+0000] {logging_mixin.py:188} INFO - [2024-03-26T08:44:48.993+0000] {dag.py:3823} INFO - Setting next_dagrun for latest_only_with_trigger to 2024-03-26 04:00:00+00:00, run_after=2024-03-26 08:00:00+00:00
[2024-03-26T08:44:49.010+0000] {processor.py:183} INFO - Processing /home/airflow/.local/lib/python3.8/site-packages/airflow/example_dags/example_latest_only_with_trigger.py took 0.058 seconds
[2024-03-26T08:45:19.268+0000] {processor.py:161} INFO - Started process (PID=227) to work on /home/airflow/.local/lib/python3.8/site-packages/airflow/example_dags/example_latest_only_with_trigger.py
[2024-03-26T08:45:19.269+0000] {processor.py:830} INFO - Processing file /home/airflow/.local/lib/python3.8/site-packages/airflow/example_dags/example_latest_only_with_trigger.py for tasks to queue
[2024-03-26T08:45:19.271+0000] {logging_mixin.py:188} INFO - [2024-03-26T08:45:19.270+0000] {dagbag.py:538} INFO - Filling up the DagBag from /home/airflow/.local/lib/python3.8/site-packages/airflow/example_dags/example_latest_only_with_trigger.py
[2024-03-26T08:45:19.275+0000] {processor.py:840} INFO - DAG(s) 'latest_only_with_trigger' retrieved from /home/airflow/.local/lib/python3.8/site-packages/airflow/example_dags/example_latest_only_with_trigger.py
[2024-03-26T08:45:19.291+0000] {logging_mixin.py:188} INFO - [2024-03-26T08:45:19.290+0000] {dag.py:3036} INFO - Sync 1 DAGs
[2024-03-26T08:45:19.309+0000] {logging_mixin.py:188} INFO - [2024-03-26T08:45:19.309+0000] {dag.py:3823} INFO - Setting next_dagrun for latest_only_with_trigger to 2024-03-26 04:00:00+00:00, run_after=2024-03-26 08:00:00+00:00
[2024-03-26T08:45:19.326+0000] {processor.py:183} INFO - Processing /home/airflow/.local/lib/python3.8/site-packages/airflow/example_dags/example_latest_only_with_trigger.py took 0.060 seconds
[2024-03-26T08:45:49.551+0000] {processor.py:161} INFO - Started process (PID=283) to work on /home/airflow/.local/lib/python3.8/site-packages/airflow/example_dags/example_latest_only_with_trigger.py
[2024-03-26T08:45:49.552+0000] {processor.py:830} INFO - Processing file /home/airflow/.local/lib/python3.8/site-packages/airflow/example_dags/example_latest_only_with_trigger.py for tasks to queue
[2024-03-26T08:45:49.553+0000] {logging_mixin.py:188} INFO - [2024-03-26T08:45:49.553+0000] {dagbag.py:538} INFO - Filling up the DagBag from /home/airflow/.local/lib/python3.8/site-packages/airflow/example_dags/example_latest_only_with_trigger.py
[2024-03-26T08:45:49.557+0000] {processor.py:840} INFO - DAG(s) 'latest_only_with_trigger' retrieved from /home/airflow/.local/lib/python3.8/site-packages/airflow/example_dags/example_latest_only_with_trigger.py
[2024-03-26T08:45:49.573+0000] {logging_mixin.py:188} INFO - [2024-03-26T08:45:49.573+0000] {dag.py:3036} INFO - Sync 1 DAGs
[2024-03-26T08:45:49.592+0000] {logging_mixin.py:188} INFO - [2024-03-26T08:45:49.592+0000] {dag.py:3823} INFO - Setting next_dagrun for latest_only_with_trigger to 2024-03-26 04:00:00+00:00, run_after=2024-03-26 08:00:00+00:00
[2024-03-26T08:45:49.607+0000] {processor.py:183} INFO - Processing /home/airflow/.local/lib/python3.8/site-packages/airflow/example_dags/example_latest_only_with_trigger.py took 0.059 seconds
[2024-03-26T08:46:19.656+0000] {processor.py:161} INFO - Started process (PID=339) to work on /home/airflow/.local/lib/python3.8/site-packages/airflow/example_dags/example_latest_only_with_trigger.py
[2024-03-26T08:46:19.657+0000] {processor.py:830} INFO - Processing file /home/airflow/.local/lib/python3.8/site-packages/airflow/example_dags/example_latest_only_with_trigger.py for tasks to queue
[2024-03-26T08:46:19.658+0000] {logging_mixin.py:188} INFO - [2024-03-26T08:46:19.658+0000] {dagbag.py:538} INFO - Filling up the DagBag from /home/airflow/.local/lib/python3.8/site-packages/airflow/example_dags/example_latest_only_with_trigger.py
[2024-03-26T08:46:19.662+0000] {processor.py:840} INFO - DAG(s) 'latest_only_with_trigger' retrieved from /home/airflow/.local/lib/python3.8/site-packages/airflow/example_dags/example_latest_only_with_trigger.py
[2024-03-26T08:46:19.677+0000] {logging_mixin.py:188} INFO - [2024-03-26T08:46:19.677+0000] {dag.py:3036} INFO - Sync 1 DAGs
[2024-03-26T08:46:19.695+0000] {logging_mixin.py:188} INFO - [2024-03-26T08:46:19.695+0000] {dag.py:3823} INFO - Setting next_dagrun for latest_only_with_trigger to 2024-03-26 04:00:00+00:00, run_after=2024-03-26 08:00:00+00:00
[2024-03-26T08:46:19.710+0000] {processor.py:183} INFO - Processing /home/airflow/.local/lib/python3.8/site-packages/airflow/example_dags/example_latest_only_with_trigger.py took 0.057 seconds
[2024-03-26T08:46:49.753+0000] {processor.py:161} INFO - Started process (PID=394) to work on /home/airflow/.local/lib/python3.8/site-packages/airflow/example_dags/example_latest_only_with_trigger.py
[2024-03-26T08:46:49.754+0000] {processor.py:830} INFO - Processing file /home/airflow/.local/lib/python3.8/site-packages/airflow/example_dags/example_latest_only_with_trigger.py for tasks to queue
[2024-03-26T08:46:49.755+0000] {logging_mixin.py:188} INFO - [2024-03-26T08:46:49.755+0000] {dagbag.py:538} INFO - Filling up the DagBag from /home/airflow/.local/lib/python3.8/site-packages/airflow/example_dags/example_latest_only_with_trigger.py
[2024-03-26T08:46:49.759+0000] {processor.py:840} INFO - DAG(s) 'latest_only_with_trigger' retrieved from /home/airflow/.local/lib/python3.8/site-packages/airflow/example_dags/example_latest_only_with_trigger.py
[2024-03-26T08:46:49.775+0000] {logging_mixin.py:188} INFO - [2024-03-26T08:46:49.774+0000] {dag.py:3036} INFO - Sync 1 DAGs
[2024-03-26T08:46:49.792+0000] {logging_mixin.py:188} INFO - [2024-03-26T08:46:49.792+0000] {dag.py:3823} INFO - Setting next_dagrun for latest_only_with_trigger to 2024-03-26 04:00:00+00:00, run_after=2024-03-26 08:00:00+00:00
[2024-03-26T08:46:49.807+0000] {processor.py:183} INFO - Processing /home/airflow/.local/lib/python3.8/site-packages/airflow/example_dags/example_latest_only_with_trigger.py took 0.056 seconds
[2024-03-26T08:47:20.118+0000] {processor.py:161} INFO - Started process (PID=450) to work on /home/airflow/.local/lib/python3.8/site-packages/airflow/example_dags/example_latest_only_with_trigger.py
[2024-03-26T08:47:20.119+0000] {processor.py:830} INFO - Processing file /home/airflow/.local/lib/python3.8/site-packages/airflow/example_dags/example_latest_only_with_trigger.py for tasks to queue
[2024-03-26T08:47:20.120+0000] {logging_mixin.py:188} INFO - [2024-03-26T08:47:20.120+0000] {dagbag.py:538} INFO - Filling up the DagBag from /home/airflow/.local/lib/python3.8/site-packages/airflow/example_dags/example_latest_only_with_trigger.py
[2024-03-26T08:47:20.124+0000] {processor.py:840} INFO - DAG(s) 'latest_only_with_trigger' retrieved from /home/airflow/.local/lib/python3.8/site-packages/airflow/example_dags/example_latest_only_with_trigger.py
[2024-03-26T08:47:20.143+0000] {logging_mixin.py:188} INFO - [2024-03-26T08:47:20.143+0000] {dag.py:3036} INFO - Sync 1 DAGs
[2024-03-26T08:47:20.160+0000] {logging_mixin.py:188} INFO - [2024-03-26T08:47:20.160+0000] {dag.py:3823} INFO - Setting next_dagrun for latest_only_with_trigger to 2024-03-26 04:00:00+00:00, run_after=2024-03-26 08:00:00+00:00
[2024-03-26T08:47:20.174+0000] {processor.py:183} INFO - Processing /home/airflow/.local/lib/python3.8/site-packages/airflow/example_dags/example_latest_only_with_trigger.py took 0.059 seconds
[2024-03-26T08:47:50.318+0000] {processor.py:161} INFO - Started process (PID=506) to work on /home/airflow/.local/lib/python3.8/site-packages/airflow/example_dags/example_latest_only_with_trigger.py
[2024-03-26T08:47:50.319+0000] {processor.py:830} INFO - Processing file /home/airflow/.local/lib/python3.8/site-packages/airflow/example_dags/example_latest_only_with_trigger.py for tasks to queue
[2024-03-26T08:47:50.321+0000] {logging_mixin.py:188} INFO - [2024-03-26T08:47:50.320+0000] {dagbag.py:538} INFO - Filling up the DagBag from /home/airflow/.local/lib/python3.8/site-packages/airflow/example_dags/example_latest_only_with_trigger.py
[2024-03-26T08:47:50.325+0000] {processor.py:840} INFO - DAG(s) 'latest_only_with_trigger' retrieved from /home/airflow/.local/lib/python3.8/site-packages/airflow/example_dags/example_latest_only_with_trigger.py
[2024-03-26T08:47:50.342+0000] {logging_mixin.py:188} INFO - [2024-03-26T08:47:50.342+0000] {dag.py:3036} INFO - Sync 1 DAGs
[2024-03-26T08:47:50.360+0000] {logging_mixin.py:188} INFO - [2024-03-26T08:47:50.360+0000] {dag.py:3823} INFO - Setting next_dagrun for latest_only_with_trigger to 2024-03-26 04:00:00+00:00, run_after=2024-03-26 08:00:00+00:00
[2024-03-26T08:47:50.375+0000] {processor.py:183} INFO - Processing /home/airflow/.local/lib/python3.8/site-packages/airflow/example_dags/example_latest_only_with_trigger.py took 0.059 seconds
[2024-03-26T08:48:20.546+0000] {processor.py:161} INFO - Started process (PID=562) to work on /home/airflow/.local/lib/python3.8/site-packages/airflow/example_dags/example_latest_only_with_trigger.py
[2024-03-26T08:48:20.546+0000] {processor.py:830} INFO - Processing file /home/airflow/.local/lib/python3.8/site-packages/airflow/example_dags/example_latest_only_with_trigger.py for tasks to queue
[2024-03-26T08:48:20.548+0000] {logging_mixin.py:188} INFO - [2024-03-26T08:48:20.548+0000] {dagbag.py:538} INFO - Filling up the DagBag from /home/airflow/.local/lib/python3.8/site-packages/airflow/example_dags/example_latest_only_with_trigger.py
[2024-03-26T08:48:20.553+0000] {processor.py:840} INFO - DAG(s) 'latest_only_with_trigger' retrieved from /home/airflow/.local/lib/python3.8/site-packages/airflow/example_dags/example_latest_only_with_trigger.py
[2024-03-26T08:48:20.569+0000] {logging_mixin.py:188} INFO - [2024-03-26T08:48:20.569+0000] {dag.py:3036} INFO - Sync 1 DAGs
[2024-03-26T08:48:20.587+0000] {logging_mixin.py:188} INFO - [2024-03-26T08:48:20.587+0000] {dag.py:3823} INFO - Setting next_dagrun for latest_only_with_trigger to 2024-03-26 04:00:00+00:00, run_after=2024-03-26 08:00:00+00:00
[2024-03-26T08:48:20.602+0000] {processor.py:183} INFO - Processing /home/airflow/.local/lib/python3.8/site-packages/airflow/example_dags/example_latest_only_with_trigger.py took 0.059 seconds
[2024-03-26T08:48:51.075+0000] {processor.py:161} INFO - Started process (PID=618) to work on /home/airflow/.local/lib/python3.8/site-packages/airflow/example_dags/example_latest_only_with_trigger.py
[2024-03-26T08:48:51.076+0000] {processor.py:830} INFO - Processing file /home/airflow/.local/lib/python3.8/site-packages/airflow/example_dags/example_latest_only_with_trigger.py for tasks to queue
[2024-03-26T08:48:51.077+0000] {logging_mixin.py:188} INFO - [2024-03-26T08:48:51.077+0000] {dagbag.py:538} INFO - Filling up the DagBag from /home/airflow/.local/lib/python3.8/site-packages/airflow/example_dags/example_latest_only_with_trigger.py
[2024-03-26T08:48:51.082+0000] {processor.py:840} INFO - DAG(s) 'latest_only_with_trigger' retrieved from /home/airflow/.local/lib/python3.8/site-packages/airflow/example_dags/example_latest_only_with_trigger.py
[2024-03-26T08:48:51.098+0000] {logging_mixin.py:188} INFO - [2024-03-26T08:48:51.097+0000] {dag.py:3036} INFO - Sync 1 DAGs
[2024-03-26T08:48:51.115+0000] {logging_mixin.py:188} INFO - [2024-03-26T08:48:51.115+0000] {dag.py:3823} INFO - Setting next_dagrun for latest_only_with_trigger to 2024-03-26 04:00:00+00:00, run_after=2024-03-26 08:00:00+00:00
[2024-03-26T08:48:51.130+0000] {processor.py:183} INFO - Processing /home/airflow/.local/lib/python3.8/site-packages/airflow/example_dags/example_latest_only_with_trigger.py took 0.057 seconds
[2024-03-26T08:49:21.412+0000] {processor.py:161} INFO - Started process (PID=674) to work on /home/airflow/.local/lib/python3.8/site-packages/airflow/example_dags/example_latest_only_with_trigger.py
[2024-03-26T08:49:21.413+0000] {processor.py:830} INFO - Processing file /home/airflow/.local/lib/python3.8/site-packages/airflow/example_dags/example_latest_only_with_trigger.py for tasks to queue
[2024-03-26T08:49:21.415+0000] {logging_mixin.py:188} INFO - [2024-03-26T08:49:21.415+0000] {dagbag.py:538} INFO - Filling up the DagBag from /home/airflow/.local/lib/python3.8/site-packages/airflow/example_dags/example_latest_only_with_trigger.py
[2024-03-26T08:49:21.419+0000] {processor.py:840} INFO - DAG(s) 'latest_only_with_trigger' retrieved from /home/airflow/.local/lib/python3.8/site-packages/airflow/example_dags/example_latest_only_with_trigger.py
[2024-03-26T08:49:21.437+0000] {logging_mixin.py:188} INFO - [2024-03-26T08:49:21.437+0000] {dag.py:3036} INFO - Sync 1 DAGs
[2024-03-26T08:49:21.455+0000] {logging_mixin.py:188} INFO - [2024-03-26T08:49:21.455+0000] {dag.py:3823} INFO - Setting next_dagrun for latest_only_with_trigger to 2024-03-26 04:00:00+00:00, run_after=2024-03-26 08:00:00+00:00
[2024-03-26T08:49:21.470+0000] {processor.py:183} INFO - Processing /home/airflow/.local/lib/python3.8/site-packages/airflow/example_dags/example_latest_only_with_trigger.py took 0.060 seconds
[2024-03-26T08:49:51.837+0000] {processor.py:161} INFO - Started process (PID=730) to work on /home/airflow/.local/lib/python3.8/site-packages/airflow/example_dags/example_latest_only_with_trigger.py
[2024-03-26T08:49:51.838+0000] {processor.py:830} INFO - Processing file /home/airflow/.local/lib/python3.8/site-packages/airflow/example_dags/example_latest_only_with_trigger.py for tasks to queue
[2024-03-26T08:49:51.839+0000] {logging_mixin.py:188} INFO - [2024-03-26T08:49:51.839+0000] {dagbag.py:538} INFO - Filling up the DagBag from /home/airflow/.local/lib/python3.8/site-packages/airflow/example_dags/example_latest_only_with_trigger.py
[2024-03-26T08:49:51.844+0000] {processor.py:840} INFO - DAG(s) 'latest_only_with_trigger' retrieved from /home/airflow/.local/lib/python3.8/site-packages/airflow/example_dags/example_latest_only_with_trigger.py
[2024-03-26T08:49:51.862+0000] {logging_mixin.py:188} INFO - [2024-03-26T08:49:51.862+0000] {dag.py:3036} INFO - Sync 1 DAGs
[2024-03-26T08:49:51.882+0000] {logging_mixin.py:188} INFO - [2024-03-26T08:49:51.882+0000] {dag.py:3823} INFO - Setting next_dagrun for latest_only_with_trigger to 2024-03-26 04:00:00+00:00, run_after=2024-03-26 08:00:00+00:00
[2024-03-26T08:49:51.899+0000] {processor.py:183} INFO - Processing /home/airflow/.local/lib/python3.8/site-packages/airflow/example_dags/example_latest_only_with_trigger.py took 0.065 seconds
[2024-03-26T08:50:22.337+0000] {processor.py:161} INFO - Started process (PID=786) to work on /home/airflow/.local/lib/python3.8/site-packages/airflow/example_dags/example_latest_only_with_trigger.py
[2024-03-26T08:50:22.338+0000] {processor.py:830} INFO - Processing file /home/airflow/.local/lib/python3.8/site-packages/airflow/example_dags/example_latest_only_with_trigger.py for tasks to queue
[2024-03-26T08:50:22.340+0000] {logging_mixin.py:188} INFO - [2024-03-26T08:50:22.340+0000] {dagbag.py:538} INFO - Filling up the DagBag from /home/airflow/.local/lib/python3.8/site-packages/airflow/example_dags/example_latest_only_with_trigger.py
[2024-03-26T08:50:22.344+0000] {processor.py:840} INFO - DAG(s) 'latest_only_with_trigger' retrieved from /home/airflow/.local/lib/python3.8/site-packages/airflow/example_dags/example_latest_only_with_trigger.py
[2024-03-26T08:50:22.364+0000] {logging_mixin.py:188} INFO - [2024-03-26T08:50:22.363+0000] {dag.py:3036} INFO - Sync 1 DAGs
[2024-03-26T08:50:22.381+0000] {logging_mixin.py:188} INFO - [2024-03-26T08:50:22.381+0000] {dag.py:3823} INFO - Setting next_dagrun for latest_only_with_trigger to 2024-03-26 04:00:00+00:00, run_after=2024-03-26 08:00:00+00:00
[2024-03-26T08:50:22.396+0000] {processor.py:183} INFO - Processing /home/airflow/.local/lib/python3.8/site-packages/airflow/example_dags/example_latest_only_with_trigger.py took 0.061 seconds
[2024-03-26T08:53:12.718+0000] {processor.py:161} INFO - Started process (PID=59) to work on /home/airflow/.local/lib/python3.8/site-packages/airflow/example_dags/example_latest_only_with_trigger.py
[2024-03-26T08:53:12.719+0000] {processor.py:830} INFO - Processing file /home/airflow/.local/lib/python3.8/site-packages/airflow/example_dags/example_latest_only_with_trigger.py for tasks to queue
[2024-03-26T08:53:12.721+0000] {logging_mixin.py:188} INFO - [2024-03-26T08:53:12.720+0000] {dagbag.py:538} INFO - Filling up the DagBag from /home/airflow/.local/lib/python3.8/site-packages/airflow/example_dags/example_latest_only_with_trigger.py
[2024-03-26T08:53:12.727+0000] {processor.py:840} INFO - DAG(s) 'latest_only_with_trigger' retrieved from /home/airflow/.local/lib/python3.8/site-packages/airflow/example_dags/example_latest_only_with_trigger.py
[2024-03-26T08:53:12.736+0000] {logging_mixin.py:188} INFO - [2024-03-26T08:53:12.736+0000] {dag.py:3036} INFO - Sync 1 DAGs
[2024-03-26T08:53:12.760+0000] {logging_mixin.py:188} INFO - [2024-03-26T08:53:12.760+0000] {dag.py:3823} INFO - Setting next_dagrun for latest_only_with_trigger to 2024-03-26 04:00:00+00:00, run_after=2024-03-26 08:00:00+00:00
[2024-03-26T08:53:12.791+0000] {processor.py:183} INFO - Processing /home/airflow/.local/lib/python3.8/site-packages/airflow/example_dags/example_latest_only_with_trigger.py took 0.075 seconds
[2024-03-26T08:53:44.132+0000] {processor.py:161} INFO - Started process (PID=115) to work on /home/airflow/.local/lib/python3.8/site-packages/airflow/example_dags/example_latest_only_with_trigger.py
[2024-03-26T08:53:44.133+0000] {processor.py:830} INFO - Processing file /home/airflow/.local/lib/python3.8/site-packages/airflow/example_dags/example_latest_only_with_trigger.py for tasks to queue
[2024-03-26T08:53:44.134+0000] {logging_mixin.py:188} INFO - [2024-03-26T08:53:44.134+0000] {dagbag.py:538} INFO - Filling up the DagBag from /home/airflow/.local/lib/python3.8/site-packages/airflow/example_dags/example_latest_only_with_trigger.py
[2024-03-26T08:53:44.138+0000] {processor.py:840} INFO - DAG(s) 'latest_only_with_trigger' retrieved from /home/airflow/.local/lib/python3.8/site-packages/airflow/example_dags/example_latest_only_with_trigger.py
[2024-03-26T08:53:44.221+0000] {logging_mixin.py:188} INFO - [2024-03-26T08:53:44.220+0000] {dag.py:3036} INFO - Sync 1 DAGs
[2024-03-26T08:53:44.237+0000] {logging_mixin.py:188} INFO - [2024-03-26T08:53:44.236+0000] {dag.py:3823} INFO - Setting next_dagrun for latest_only_with_trigger to 2024-03-26 04:00:00+00:00, run_after=2024-03-26 08:00:00+00:00
[2024-03-26T08:53:44.252+0000] {processor.py:183} INFO - Processing /home/airflow/.local/lib/python3.8/site-packages/airflow/example_dags/example_latest_only_with_trigger.py took 0.122 seconds
[2024-03-26T08:54:14.750+0000] {processor.py:161} INFO - Started process (PID=171) to work on /home/airflow/.local/lib/python3.8/site-packages/airflow/example_dags/example_latest_only_with_trigger.py
[2024-03-26T08:54:14.752+0000] {processor.py:830} INFO - Processing file /home/airflow/.local/lib/python3.8/site-packages/airflow/example_dags/example_latest_only_with_trigger.py for tasks to queue
[2024-03-26T08:54:14.754+0000] {logging_mixin.py:188} INFO - [2024-03-26T08:54:14.753+0000] {dagbag.py:538} INFO - Filling up the DagBag from /home/airflow/.local/lib/python3.8/site-packages/airflow/example_dags/example_latest_only_with_trigger.py
[2024-03-26T08:54:14.759+0000] {processor.py:840} INFO - DAG(s) 'latest_only_with_trigger' retrieved from /home/airflow/.local/lib/python3.8/site-packages/airflow/example_dags/example_latest_only_with_trigger.py
[2024-03-26T08:54:14.873+0000] {logging_mixin.py:188} INFO - [2024-03-26T08:54:14.873+0000] {dag.py:3036} INFO - Sync 1 DAGs
[2024-03-26T08:54:14.893+0000] {logging_mixin.py:188} INFO - [2024-03-26T08:54:14.893+0000] {dag.py:3823} INFO - Setting next_dagrun for latest_only_with_trigger to 2024-03-26 04:00:00+00:00, run_after=2024-03-26 08:00:00+00:00
[2024-03-26T08:54:14.915+0000] {processor.py:183} INFO - Processing /home/airflow/.local/lib/python3.8/site-packages/airflow/example_dags/example_latest_only_with_trigger.py took 0.169 seconds
[2024-03-26T08:54:45.559+0000] {processor.py:161} INFO - Started process (PID=227) to work on /home/airflow/.local/lib/python3.8/site-packages/airflow/example_dags/example_latest_only_with_trigger.py
[2024-03-26T08:54:45.561+0000] {processor.py:830} INFO - Processing file /home/airflow/.local/lib/python3.8/site-packages/airflow/example_dags/example_latest_only_with_trigger.py for tasks to queue
[2024-03-26T08:54:45.563+0000] {logging_mixin.py:188} INFO - [2024-03-26T08:54:45.563+0000] {dagbag.py:538} INFO - Filling up the DagBag from /home/airflow/.local/lib/python3.8/site-packages/airflow/example_dags/example_latest_only_with_trigger.py
[2024-03-26T08:54:45.567+0000] {processor.py:840} INFO - DAG(s) 'latest_only_with_trigger' retrieved from /home/airflow/.local/lib/python3.8/site-packages/airflow/example_dags/example_latest_only_with_trigger.py
[2024-03-26T08:54:45.587+0000] {logging_mixin.py:188} INFO - [2024-03-26T08:54:45.586+0000] {dag.py:3036} INFO - Sync 1 DAGs
[2024-03-26T08:54:45.607+0000] {logging_mixin.py:188} INFO - [2024-03-26T08:54:45.607+0000] {dag.py:3823} INFO - Setting next_dagrun for latest_only_with_trigger to 2024-03-26 04:00:00+00:00, run_after=2024-03-26 08:00:00+00:00
[2024-03-26T08:54:45.625+0000] {processor.py:183} INFO - Processing /home/airflow/.local/lib/python3.8/site-packages/airflow/example_dags/example_latest_only_with_trigger.py took 0.068 seconds
[2024-03-26T08:55:15.969+0000] {processor.py:161} INFO - Started process (PID=283) to work on /home/airflow/.local/lib/python3.8/site-packages/airflow/example_dags/example_latest_only_with_trigger.py
[2024-03-26T08:55:15.970+0000] {processor.py:830} INFO - Processing file /home/airflow/.local/lib/python3.8/site-packages/airflow/example_dags/example_latest_only_with_trigger.py for tasks to queue
[2024-03-26T08:55:15.971+0000] {logging_mixin.py:188} INFO - [2024-03-26T08:55:15.971+0000] {dagbag.py:538} INFO - Filling up the DagBag from /home/airflow/.local/lib/python3.8/site-packages/airflow/example_dags/example_latest_only_with_trigger.py
[2024-03-26T08:55:15.976+0000] {processor.py:840} INFO - DAG(s) 'latest_only_with_trigger' retrieved from /home/airflow/.local/lib/python3.8/site-packages/airflow/example_dags/example_latest_only_with_trigger.py
[2024-03-26T08:55:15.993+0000] {logging_mixin.py:188} INFO - [2024-03-26T08:55:15.993+0000] {dag.py:3036} INFO - Sync 1 DAGs
[2024-03-26T08:55:16.012+0000] {logging_mixin.py:188} INFO - [2024-03-26T08:55:16.011+0000] {dag.py:3823} INFO - Setting next_dagrun for latest_only_with_trigger to 2024-03-26 04:00:00+00:00, run_after=2024-03-26 08:00:00+00:00
[2024-03-26T08:55:16.028+0000] {processor.py:183} INFO - Processing /home/airflow/.local/lib/python3.8/site-packages/airflow/example_dags/example_latest_only_with_trigger.py took 0.061 seconds
[2024-03-26T08:55:46.462+0000] {processor.py:161} INFO - Started process (PID=339) to work on /home/airflow/.local/lib/python3.8/site-packages/airflow/example_dags/example_latest_only_with_trigger.py
[2024-03-26T08:55:46.463+0000] {processor.py:830} INFO - Processing file /home/airflow/.local/lib/python3.8/site-packages/airflow/example_dags/example_latest_only_with_trigger.py for tasks to queue
[2024-03-26T08:55:46.464+0000] {logging_mixin.py:188} INFO - [2024-03-26T08:55:46.464+0000] {dagbag.py:538} INFO - Filling up the DagBag from /home/airflow/.local/lib/python3.8/site-packages/airflow/example_dags/example_latest_only_with_trigger.py
[2024-03-26T08:55:46.468+0000] {processor.py:840} INFO - DAG(s) 'latest_only_with_trigger' retrieved from /home/airflow/.local/lib/python3.8/site-packages/airflow/example_dags/example_latest_only_with_trigger.py
[2024-03-26T08:55:46.484+0000] {logging_mixin.py:188} INFO - [2024-03-26T08:55:46.484+0000] {dag.py:3036} INFO - Sync 1 DAGs
[2024-03-26T08:55:46.504+0000] {logging_mixin.py:188} INFO - [2024-03-26T08:55:46.503+0000] {dag.py:3823} INFO - Setting next_dagrun for latest_only_with_trigger to 2024-03-26 04:00:00+00:00, run_after=2024-03-26 08:00:00+00:00
[2024-03-26T08:55:46.518+0000] {processor.py:183} INFO - Processing /home/airflow/.local/lib/python3.8/site-packages/airflow/example_dags/example_latest_only_with_trigger.py took 0.059 seconds
[2024-03-26T08:56:16.700+0000] {processor.py:161} INFO - Started process (PID=395) to work on /home/airflow/.local/lib/python3.8/site-packages/airflow/example_dags/example_latest_only_with_trigger.py
[2024-03-26T08:56:16.701+0000] {processor.py:830} INFO - Processing file /home/airflow/.local/lib/python3.8/site-packages/airflow/example_dags/example_latest_only_with_trigger.py for tasks to queue
[2024-03-26T08:56:16.702+0000] {logging_mixin.py:188} INFO - [2024-03-26T08:56:16.702+0000] {dagbag.py:538} INFO - Filling up the DagBag from /home/airflow/.local/lib/python3.8/site-packages/airflow/example_dags/example_latest_only_with_trigger.py
[2024-03-26T08:56:16.707+0000] {processor.py:840} INFO - DAG(s) 'latest_only_with_trigger' retrieved from /home/airflow/.local/lib/python3.8/site-packages/airflow/example_dags/example_latest_only_with_trigger.py
[2024-03-26T08:56:16.721+0000] {logging_mixin.py:188} INFO - [2024-03-26T08:56:16.721+0000] {dag.py:3036} INFO - Sync 1 DAGs
[2024-03-26T08:56:16.739+0000] {logging_mixin.py:188} INFO - [2024-03-26T08:56:16.739+0000] {dag.py:3823} INFO - Setting next_dagrun for latest_only_with_trigger to 2024-03-26 04:00:00+00:00, run_after=2024-03-26 08:00:00+00:00
[2024-03-26T08:56:16.757+0000] {processor.py:183} INFO - Processing /home/airflow/.local/lib/python3.8/site-packages/airflow/example_dags/example_latest_only_with_trigger.py took 0.058 seconds
[2024-03-26T08:56:47.055+0000] {processor.py:161} INFO - Started process (PID=451) to work on /home/airflow/.local/lib/python3.8/site-packages/airflow/example_dags/example_latest_only_with_trigger.py
[2024-03-26T08:56:47.056+0000] {processor.py:830} INFO - Processing file /home/airflow/.local/lib/python3.8/site-packages/airflow/example_dags/example_latest_only_with_trigger.py for tasks to queue
[2024-03-26T08:56:47.057+0000] {logging_mixin.py:188} INFO - [2024-03-26T08:56:47.057+0000] {dagbag.py:538} INFO - Filling up the DagBag from /home/airflow/.local/lib/python3.8/site-packages/airflow/example_dags/example_latest_only_with_trigger.py
[2024-03-26T08:56:47.061+0000] {processor.py:840} INFO - DAG(s) 'latest_only_with_trigger' retrieved from /home/airflow/.local/lib/python3.8/site-packages/airflow/example_dags/example_latest_only_with_trigger.py
[2024-03-26T08:56:47.077+0000] {logging_mixin.py:188} INFO - [2024-03-26T08:56:47.077+0000] {dag.py:3036} INFO - Sync 1 DAGs
[2024-03-26T08:56:47.099+0000] {logging_mixin.py:188} INFO - [2024-03-26T08:56:47.099+0000] {dag.py:3823} INFO - Setting next_dagrun for latest_only_with_trigger to 2024-03-26 04:00:00+00:00, run_after=2024-03-26 08:00:00+00:00
[2024-03-26T08:56:47.118+0000] {processor.py:183} INFO - Processing /home/airflow/.local/lib/python3.8/site-packages/airflow/example_dags/example_latest_only_with_trigger.py took 0.065 seconds
[2024-03-26T08:57:17.408+0000] {processor.py:161} INFO - Started process (PID=507) to work on /home/airflow/.local/lib/python3.8/site-packages/airflow/example_dags/example_latest_only_with_trigger.py
[2024-03-26T08:57:17.409+0000] {processor.py:830} INFO - Processing file /home/airflow/.local/lib/python3.8/site-packages/airflow/example_dags/example_latest_only_with_trigger.py for tasks to queue
[2024-03-26T08:57:17.410+0000] {logging_mixin.py:188} INFO - [2024-03-26T08:57:17.410+0000] {dagbag.py:538} INFO - Filling up the DagBag from /home/airflow/.local/lib/python3.8/site-packages/airflow/example_dags/example_latest_only_with_trigger.py
[2024-03-26T08:57:17.415+0000] {processor.py:840} INFO - DAG(s) 'latest_only_with_trigger' retrieved from /home/airflow/.local/lib/python3.8/site-packages/airflow/example_dags/example_latest_only_with_trigger.py
[2024-03-26T08:57:17.430+0000] {logging_mixin.py:188} INFO - [2024-03-26T08:57:17.430+0000] {dag.py:3036} INFO - Sync 1 DAGs
[2024-03-26T08:57:17.449+0000] {logging_mixin.py:188} INFO - [2024-03-26T08:57:17.449+0000] {dag.py:3823} INFO - Setting next_dagrun for latest_only_with_trigger to 2024-03-26 04:00:00+00:00, run_after=2024-03-26 08:00:00+00:00
[2024-03-26T08:57:17.465+0000] {processor.py:183} INFO - Processing /home/airflow/.local/lib/python3.8/site-packages/airflow/example_dags/example_latest_only_with_trigger.py took 0.059 seconds
[2024-03-26T08:57:47.929+0000] {processor.py:161} INFO - Started process (PID=563) to work on /home/airflow/.local/lib/python3.8/site-packages/airflow/example_dags/example_latest_only_with_trigger.py
[2024-03-26T08:57:47.930+0000] {processor.py:830} INFO - Processing file /home/airflow/.local/lib/python3.8/site-packages/airflow/example_dags/example_latest_only_with_trigger.py for tasks to queue
[2024-03-26T08:57:47.931+0000] {logging_mixin.py:188} INFO - [2024-03-26T08:57:47.931+0000] {dagbag.py:538} INFO - Filling up the DagBag from /home/airflow/.local/lib/python3.8/site-packages/airflow/example_dags/example_latest_only_with_trigger.py
[2024-03-26T08:57:47.936+0000] {processor.py:840} INFO - DAG(s) 'latest_only_with_trigger' retrieved from /home/airflow/.local/lib/python3.8/site-packages/airflow/example_dags/example_latest_only_with_trigger.py
[2024-03-26T08:57:47.952+0000] {logging_mixin.py:188} INFO - [2024-03-26T08:57:47.952+0000] {dag.py:3036} INFO - Sync 1 DAGs
[2024-03-26T08:57:47.973+0000] {logging_mixin.py:188} INFO - [2024-03-26T08:57:47.973+0000] {dag.py:3823} INFO - Setting next_dagrun for latest_only_with_trigger to 2024-03-26 04:00:00+00:00, run_after=2024-03-26 08:00:00+00:00
[2024-03-26T08:57:47.990+0000] {processor.py:183} INFO - Processing /home/airflow/.local/lib/python3.8/site-packages/airflow/example_dags/example_latest_only_with_trigger.py took 0.063 seconds
[2024-03-26T08:58:18.385+0000] {processor.py:161} INFO - Started process (PID=619) to work on /home/airflow/.local/lib/python3.8/site-packages/airflow/example_dags/example_latest_only_with_trigger.py
[2024-03-26T08:58:18.386+0000] {processor.py:830} INFO - Processing file /home/airflow/.local/lib/python3.8/site-packages/airflow/example_dags/example_latest_only_with_trigger.py for tasks to queue
[2024-03-26T08:58:18.387+0000] {logging_mixin.py:188} INFO - [2024-03-26T08:58:18.387+0000] {dagbag.py:538} INFO - Filling up the DagBag from /home/airflow/.local/lib/python3.8/site-packages/airflow/example_dags/example_latest_only_with_trigger.py
[2024-03-26T08:58:18.391+0000] {processor.py:840} INFO - DAG(s) 'latest_only_with_trigger' retrieved from /home/airflow/.local/lib/python3.8/site-packages/airflow/example_dags/example_latest_only_with_trigger.py
[2024-03-26T08:58:18.408+0000] {logging_mixin.py:188} INFO - [2024-03-26T08:58:18.407+0000] {dag.py:3036} INFO - Sync 1 DAGs
[2024-03-26T08:58:18.429+0000] {logging_mixin.py:188} INFO - [2024-03-26T08:58:18.429+0000] {dag.py:3823} INFO - Setting next_dagrun for latest_only_with_trigger to 2024-03-26 04:00:00+00:00, run_after=2024-03-26 08:00:00+00:00
[2024-03-26T08:58:18.446+0000] {processor.py:183} INFO - Processing /home/airflow/.local/lib/python3.8/site-packages/airflow/example_dags/example_latest_only_with_trigger.py took 0.064 seconds
[2024-03-26T08:58:48.900+0000] {processor.py:161} INFO - Started process (PID=675) to work on /home/airflow/.local/lib/python3.8/site-packages/airflow/example_dags/example_latest_only_with_trigger.py
[2024-03-26T08:58:48.901+0000] {processor.py:830} INFO - Processing file /home/airflow/.local/lib/python3.8/site-packages/airflow/example_dags/example_latest_only_with_trigger.py for tasks to queue
[2024-03-26T08:58:48.903+0000] {logging_mixin.py:188} INFO - [2024-03-26T08:58:48.903+0000] {dagbag.py:538} INFO - Filling up the DagBag from /home/airflow/.local/lib/python3.8/site-packages/airflow/example_dags/example_latest_only_with_trigger.py
[2024-03-26T08:58:48.907+0000] {processor.py:840} INFO - DAG(s) 'latest_only_with_trigger' retrieved from /home/airflow/.local/lib/python3.8/site-packages/airflow/example_dags/example_latest_only_with_trigger.py
[2024-03-26T08:58:48.922+0000] {logging_mixin.py:188} INFO - [2024-03-26T08:58:48.922+0000] {dag.py:3036} INFO - Sync 1 DAGs
[2024-03-26T08:58:48.941+0000] {logging_mixin.py:188} INFO - [2024-03-26T08:58:48.941+0000] {dag.py:3823} INFO - Setting next_dagrun for latest_only_with_trigger to 2024-03-26 04:00:00+00:00, run_after=2024-03-26 08:00:00+00:00
[2024-03-26T08:58:48.956+0000] {processor.py:183} INFO - Processing /home/airflow/.local/lib/python3.8/site-packages/airflow/example_dags/example_latest_only_with_trigger.py took 0.058 seconds
[2024-03-26T09:07:41.221+0000] {processor.py:161} INFO - Started process (PID=60) to work on /home/airflow/.local/lib/python3.8/site-packages/airflow/example_dags/example_latest_only_with_trigger.py
[2024-03-26T09:07:41.222+0000] {processor.py:830} INFO - Processing file /home/airflow/.local/lib/python3.8/site-packages/airflow/example_dags/example_latest_only_with_trigger.py for tasks to queue
[2024-03-26T09:07:41.225+0000] {logging_mixin.py:188} INFO - [2024-03-26T09:07:41.224+0000] {dagbag.py:538} INFO - Filling up the DagBag from /home/airflow/.local/lib/python3.8/site-packages/airflow/example_dags/example_latest_only_with_trigger.py
[2024-03-26T09:07:41.235+0000] {processor.py:840} INFO - DAG(s) 'latest_only_with_trigger' retrieved from /home/airflow/.local/lib/python3.8/site-packages/airflow/example_dags/example_latest_only_with_trigger.py
[2024-03-26T09:07:41.247+0000] {logging_mixin.py:188} INFO - [2024-03-26T09:07:41.247+0000] {dag.py:3036} INFO - Sync 1 DAGs
[2024-03-26T09:07:41.272+0000] {logging_mixin.py:188} INFO - [2024-03-26T09:07:41.272+0000] {dag.py:3823} INFO - Setting next_dagrun for latest_only_with_trigger to 2024-03-26 04:00:00+00:00, run_after=2024-03-26 08:00:00+00:00
[2024-03-26T09:07:41.292+0000] {processor.py:183} INFO - Processing /home/airflow/.local/lib/python3.8/site-packages/airflow/example_dags/example_latest_only_with_trigger.py took 0.074 seconds
[2024-03-26T09:08:11.930+0000] {processor.py:161} INFO - Started process (PID=118) to work on /home/airflow/.local/lib/python3.8/site-packages/airflow/example_dags/example_latest_only_with_trigger.py
[2024-03-26T09:08:11.931+0000] {processor.py:830} INFO - Processing file /home/airflow/.local/lib/python3.8/site-packages/airflow/example_dags/example_latest_only_with_trigger.py for tasks to queue
[2024-03-26T09:08:11.933+0000] {logging_mixin.py:188} INFO - [2024-03-26T09:08:11.933+0000] {dagbag.py:538} INFO - Filling up the DagBag from /home/airflow/.local/lib/python3.8/site-packages/airflow/example_dags/example_latest_only_with_trigger.py
[2024-03-26T09:08:11.938+0000] {processor.py:840} INFO - DAG(s) 'latest_only_with_trigger' retrieved from /home/airflow/.local/lib/python3.8/site-packages/airflow/example_dags/example_latest_only_with_trigger.py
[2024-03-26T09:08:12.024+0000] {logging_mixin.py:188} INFO - [2024-03-26T09:08:12.024+0000] {dag.py:3036} INFO - Sync 1 DAGs
[2024-03-26T09:08:12.041+0000] {logging_mixin.py:188} INFO - [2024-03-26T09:08:12.041+0000] {dag.py:3823} INFO - Setting next_dagrun for latest_only_with_trigger to 2024-03-26 04:00:00+00:00, run_after=2024-03-26 08:00:00+00:00
[2024-03-26T09:08:12.057+0000] {processor.py:183} INFO - Processing /home/airflow/.local/lib/python3.8/site-packages/airflow/example_dags/example_latest_only_with_trigger.py took 0.129 seconds
[2024-03-26T09:08:43.011+0000] {processor.py:161} INFO - Started process (PID=175) to work on /home/airflow/.local/lib/python3.8/site-packages/airflow/example_dags/example_latest_only_with_trigger.py
[2024-03-26T09:08:43.012+0000] {processor.py:830} INFO - Processing file /home/airflow/.local/lib/python3.8/site-packages/airflow/example_dags/example_latest_only_with_trigger.py for tasks to queue
[2024-03-26T09:08:43.014+0000] {logging_mixin.py:188} INFO - [2024-03-26T09:08:43.013+0000] {dagbag.py:538} INFO - Filling up the DagBag from /home/airflow/.local/lib/python3.8/site-packages/airflow/example_dags/example_latest_only_with_trigger.py
[2024-03-26T09:08:43.018+0000] {processor.py:840} INFO - DAG(s) 'latest_only_with_trigger' retrieved from /home/airflow/.local/lib/python3.8/site-packages/airflow/example_dags/example_latest_only_with_trigger.py
[2024-03-26T09:08:43.035+0000] {logging_mixin.py:188} INFO - [2024-03-26T09:08:43.035+0000] {dag.py:3036} INFO - Sync 1 DAGs
[2024-03-26T09:08:43.054+0000] {logging_mixin.py:188} INFO - [2024-03-26T09:08:43.054+0000] {dag.py:3823} INFO - Setting next_dagrun for latest_only_with_trigger to 2024-03-26 04:00:00+00:00, run_after=2024-03-26 08:00:00+00:00
[2024-03-26T09:08:43.073+0000] {processor.py:183} INFO - Processing /home/airflow/.local/lib/python3.8/site-packages/airflow/example_dags/example_latest_only_with_trigger.py took 0.065 seconds
[2024-03-26T09:09:13.575+0000] {processor.py:161} INFO - Started process (PID=232) to work on /home/airflow/.local/lib/python3.8/site-packages/airflow/example_dags/example_latest_only_with_trigger.py
[2024-03-26T09:09:13.576+0000] {processor.py:830} INFO - Processing file /home/airflow/.local/lib/python3.8/site-packages/airflow/example_dags/example_latest_only_with_trigger.py for tasks to queue
[2024-03-26T09:09:13.577+0000] {logging_mixin.py:188} INFO - [2024-03-26T09:09:13.577+0000] {dagbag.py:538} INFO - Filling up the DagBag from /home/airflow/.local/lib/python3.8/site-packages/airflow/example_dags/example_latest_only_with_trigger.py
[2024-03-26T09:09:13.583+0000] {processor.py:840} INFO - DAG(s) 'latest_only_with_trigger' retrieved from /home/airflow/.local/lib/python3.8/site-packages/airflow/example_dags/example_latest_only_with_trigger.py
[2024-03-26T09:09:13.605+0000] {logging_mixin.py:188} INFO - [2024-03-26T09:09:13.605+0000] {dag.py:3036} INFO - Sync 1 DAGs
[2024-03-26T09:09:13.638+0000] {logging_mixin.py:188} INFO - [2024-03-26T09:09:13.638+0000] {dag.py:3823} INFO - Setting next_dagrun for latest_only_with_trigger to 2024-03-26 04:00:00+00:00, run_after=2024-03-26 08:00:00+00:00
[2024-03-26T09:09:13.666+0000] {processor.py:183} INFO - Processing /home/airflow/.local/lib/python3.8/site-packages/airflow/example_dags/example_latest_only_with_trigger.py took 0.094 seconds
[2024-03-26T09:09:44.436+0000] {processor.py:161} INFO - Started process (PID=289) to work on /home/airflow/.local/lib/python3.8/site-packages/airflow/example_dags/example_latest_only_with_trigger.py
[2024-03-26T09:09:44.437+0000] {processor.py:830} INFO - Processing file /home/airflow/.local/lib/python3.8/site-packages/airflow/example_dags/example_latest_only_with_trigger.py for tasks to queue
[2024-03-26T09:09:44.439+0000] {logging_mixin.py:188} INFO - [2024-03-26T09:09:44.438+0000] {dagbag.py:538} INFO - Filling up the DagBag from /home/airflow/.local/lib/python3.8/site-packages/airflow/example_dags/example_latest_only_with_trigger.py
[2024-03-26T09:09:44.444+0000] {processor.py:840} INFO - DAG(s) 'latest_only_with_trigger' retrieved from /home/airflow/.local/lib/python3.8/site-packages/airflow/example_dags/example_latest_only_with_trigger.py
[2024-03-26T09:09:44.462+0000] {logging_mixin.py:188} INFO - [2024-03-26T09:09:44.462+0000] {dag.py:3036} INFO - Sync 1 DAGs
[2024-03-26T09:09:44.482+0000] {logging_mixin.py:188} INFO - [2024-03-26T09:09:44.482+0000] {dag.py:3823} INFO - Setting next_dagrun for latest_only_with_trigger to 2024-03-26 04:00:00+00:00, run_after=2024-03-26 08:00:00+00:00
[2024-03-26T09:09:44.499+0000] {processor.py:183} INFO - Processing /home/airflow/.local/lib/python3.8/site-packages/airflow/example_dags/example_latest_only_with_trigger.py took 0.066 seconds
[2024-03-26T09:10:15.025+0000] {processor.py:161} INFO - Started process (PID=346) to work on /home/airflow/.local/lib/python3.8/site-packages/airflow/example_dags/example_latest_only_with_trigger.py
[2024-03-26T09:10:15.026+0000] {processor.py:830} INFO - Processing file /home/airflow/.local/lib/python3.8/site-packages/airflow/example_dags/example_latest_only_with_trigger.py for tasks to queue
[2024-03-26T09:10:15.028+0000] {logging_mixin.py:188} INFO - [2024-03-26T09:10:15.028+0000] {dagbag.py:538} INFO - Filling up the DagBag from /home/airflow/.local/lib/python3.8/site-packages/airflow/example_dags/example_latest_only_with_trigger.py
[2024-03-26T09:10:15.033+0000] {processor.py:840} INFO - DAG(s) 'latest_only_with_trigger' retrieved from /home/airflow/.local/lib/python3.8/site-packages/airflow/example_dags/example_latest_only_with_trigger.py
[2024-03-26T09:10:15.052+0000] {logging_mixin.py:188} INFO - [2024-03-26T09:10:15.051+0000] {dag.py:3036} INFO - Sync 1 DAGs
[2024-03-26T09:10:15.072+0000] {logging_mixin.py:188} INFO - [2024-03-26T09:10:15.072+0000] {dag.py:3823} INFO - Setting next_dagrun for latest_only_with_trigger to 2024-03-26 04:00:00+00:00, run_after=2024-03-26 08:00:00+00:00
[2024-03-26T09:10:15.091+0000] {processor.py:183} INFO - Processing /home/airflow/.local/lib/python3.8/site-packages/airflow/example_dags/example_latest_only_with_trigger.py took 0.069 seconds
[2024-03-26T09:50:57.496+0000] {processor.py:161} INFO - Started process (PID=60) to work on /home/airflow/.local/lib/python3.8/site-packages/airflow/example_dags/example_latest_only_with_trigger.py
[2024-03-26T09:50:57.497+0000] {processor.py:830} INFO - Processing file /home/airflow/.local/lib/python3.8/site-packages/airflow/example_dags/example_latest_only_with_trigger.py for tasks to queue
[2024-03-26T09:50:57.499+0000] {logging_mixin.py:188} INFO - [2024-03-26T09:50:57.498+0000] {dagbag.py:538} INFO - Filling up the DagBag from /home/airflow/.local/lib/python3.8/site-packages/airflow/example_dags/example_latest_only_with_trigger.py
[2024-03-26T09:50:57.506+0000] {processor.py:840} INFO - DAG(s) 'latest_only_with_trigger' retrieved from /home/airflow/.local/lib/python3.8/site-packages/airflow/example_dags/example_latest_only_with_trigger.py
[2024-03-26T09:50:57.517+0000] {logging_mixin.py:188} INFO - [2024-03-26T09:50:57.517+0000] {dag.py:3036} INFO - Sync 1 DAGs
[2024-03-26T09:50:57.540+0000] {logging_mixin.py:188} INFO - [2024-03-26T09:50:57.540+0000] {dag.py:3823} INFO - Setting next_dagrun for latest_only_with_trigger to 2024-03-26 04:00:00+00:00, run_after=2024-03-26 08:00:00+00:00
[2024-03-26T09:50:57.567+0000] {processor.py:183} INFO - Processing /home/airflow/.local/lib/python3.8/site-packages/airflow/example_dags/example_latest_only_with_trigger.py took 0.073 seconds
[2024-03-26T09:51:28.004+0000] {processor.py:161} INFO - Started process (PID=117) to work on /home/airflow/.local/lib/python3.8/site-packages/airflow/example_dags/example_latest_only_with_trigger.py
[2024-03-26T09:51:28.005+0000] {processor.py:830} INFO - Processing file /home/airflow/.local/lib/python3.8/site-packages/airflow/example_dags/example_latest_only_with_trigger.py for tasks to queue
[2024-03-26T09:51:28.006+0000] {logging_mixin.py:188} INFO - [2024-03-26T09:51:28.006+0000] {dagbag.py:538} INFO - Filling up the DagBag from /home/airflow/.local/lib/python3.8/site-packages/airflow/example_dags/example_latest_only_with_trigger.py
[2024-03-26T09:51:28.010+0000] {processor.py:840} INFO - DAG(s) 'latest_only_with_trigger' retrieved from /home/airflow/.local/lib/python3.8/site-packages/airflow/example_dags/example_latest_only_with_trigger.py
[2024-03-26T09:51:28.091+0000] {logging_mixin.py:188} INFO - [2024-03-26T09:51:28.091+0000] {dag.py:3036} INFO - Sync 1 DAGs
[2024-03-26T09:51:28.109+0000] {logging_mixin.py:188} INFO - [2024-03-26T09:51:28.109+0000] {dag.py:3823} INFO - Setting next_dagrun for latest_only_with_trigger to 2024-03-26 04:00:00+00:00, run_after=2024-03-26 08:00:00+00:00
[2024-03-26T09:51:28.125+0000] {processor.py:183} INFO - Processing /home/airflow/.local/lib/python3.8/site-packages/airflow/example_dags/example_latest_only_with_trigger.py took 0.123 seconds
[2024-03-26T09:51:58.667+0000] {processor.py:161} INFO - Started process (PID=174) to work on /home/airflow/.local/lib/python3.8/site-packages/airflow/example_dags/example_latest_only_with_trigger.py
[2024-03-26T09:51:58.668+0000] {processor.py:830} INFO - Processing file /home/airflow/.local/lib/python3.8/site-packages/airflow/example_dags/example_latest_only_with_trigger.py for tasks to queue
[2024-03-26T09:51:58.669+0000] {logging_mixin.py:188} INFO - [2024-03-26T09:51:58.669+0000] {dagbag.py:538} INFO - Filling up the DagBag from /home/airflow/.local/lib/python3.8/site-packages/airflow/example_dags/example_latest_only_with_trigger.py
[2024-03-26T09:51:58.673+0000] {processor.py:840} INFO - DAG(s) 'latest_only_with_trigger' retrieved from /home/airflow/.local/lib/python3.8/site-packages/airflow/example_dags/example_latest_only_with_trigger.py
[2024-03-26T09:51:58.689+0000] {logging_mixin.py:188} INFO - [2024-03-26T09:51:58.689+0000] {dag.py:3036} INFO - Sync 1 DAGs
[2024-03-26T09:51:58.708+0000] {logging_mixin.py:188} INFO - [2024-03-26T09:51:58.708+0000] {dag.py:3823} INFO - Setting next_dagrun for latest_only_with_trigger to 2024-03-26 04:00:00+00:00, run_after=2024-03-26 08:00:00+00:00
[2024-03-26T09:51:58.724+0000] {processor.py:183} INFO - Processing /home/airflow/.local/lib/python3.8/site-packages/airflow/example_dags/example_latest_only_with_trigger.py took 0.060 seconds
[2024-03-26T09:52:29.445+0000] {processor.py:161} INFO - Started process (PID=231) to work on /home/airflow/.local/lib/python3.8/site-packages/airflow/example_dags/example_latest_only_with_trigger.py
[2024-03-26T09:52:29.446+0000] {processor.py:830} INFO - Processing file /home/airflow/.local/lib/python3.8/site-packages/airflow/example_dags/example_latest_only_with_trigger.py for tasks to queue
[2024-03-26T09:52:29.447+0000] {logging_mixin.py:188} INFO - [2024-03-26T09:52:29.447+0000] {dagbag.py:538} INFO - Filling up the DagBag from /home/airflow/.local/lib/python3.8/site-packages/airflow/example_dags/example_latest_only_with_trigger.py
[2024-03-26T09:52:29.452+0000] {processor.py:840} INFO - DAG(s) 'latest_only_with_trigger' retrieved from /home/airflow/.local/lib/python3.8/site-packages/airflow/example_dags/example_latest_only_with_trigger.py
[2024-03-26T09:52:29.469+0000] {logging_mixin.py:188} INFO - [2024-03-26T09:52:29.468+0000] {dag.py:3036} INFO - Sync 1 DAGs
[2024-03-26T09:52:29.490+0000] {logging_mixin.py:188} INFO - [2024-03-26T09:52:29.489+0000] {dag.py:3823} INFO - Setting next_dagrun for latest_only_with_trigger to 2024-03-26 04:00:00+00:00, run_after=2024-03-26 08:00:00+00:00
[2024-03-26T09:52:29.507+0000] {processor.py:183} INFO - Processing /home/airflow/.local/lib/python3.8/site-packages/airflow/example_dags/example_latest_only_with_trigger.py took 0.065 seconds
[2024-03-26T09:53:00.391+0000] {processor.py:161} INFO - Started process (PID=288) to work on /home/airflow/.local/lib/python3.8/site-packages/airflow/example_dags/example_latest_only_with_trigger.py
[2024-03-26T09:53:00.392+0000] {processor.py:830} INFO - Processing file /home/airflow/.local/lib/python3.8/site-packages/airflow/example_dags/example_latest_only_with_trigger.py for tasks to queue
[2024-03-26T09:53:00.393+0000] {logging_mixin.py:188} INFO - [2024-03-26T09:53:00.393+0000] {dagbag.py:538} INFO - Filling up the DagBag from /home/airflow/.local/lib/python3.8/site-packages/airflow/example_dags/example_latest_only_with_trigger.py
[2024-03-26T09:53:00.397+0000] {processor.py:840} INFO - DAG(s) 'latest_only_with_trigger' retrieved from /home/airflow/.local/lib/python3.8/site-packages/airflow/example_dags/example_latest_only_with_trigger.py
[2024-03-26T09:53:00.413+0000] {logging_mixin.py:188} INFO - [2024-03-26T09:53:00.412+0000] {dag.py:3036} INFO - Sync 1 DAGs
[2024-03-26T09:53:00.432+0000] {logging_mixin.py:188} INFO - [2024-03-26T09:53:00.432+0000] {dag.py:3823} INFO - Setting next_dagrun for latest_only_with_trigger to 2024-03-26 04:00:00+00:00, run_after=2024-03-26 08:00:00+00:00
[2024-03-26T09:53:00.448+0000] {processor.py:183} INFO - Processing /home/airflow/.local/lib/python3.8/site-packages/airflow/example_dags/example_latest_only_with_trigger.py took 0.059 seconds
[2024-03-26T09:53:30.770+0000] {processor.py:161} INFO - Started process (PID=345) to work on /home/airflow/.local/lib/python3.8/site-packages/airflow/example_dags/example_latest_only_with_trigger.py
[2024-03-26T09:53:30.771+0000] {processor.py:830} INFO - Processing file /home/airflow/.local/lib/python3.8/site-packages/airflow/example_dags/example_latest_only_with_trigger.py for tasks to queue
[2024-03-26T09:53:30.772+0000] {logging_mixin.py:188} INFO - [2024-03-26T09:53:30.772+0000] {dagbag.py:538} INFO - Filling up the DagBag from /home/airflow/.local/lib/python3.8/site-packages/airflow/example_dags/example_latest_only_with_trigger.py
[2024-03-26T09:53:30.776+0000] {processor.py:840} INFO - DAG(s) 'latest_only_with_trigger' retrieved from /home/airflow/.local/lib/python3.8/site-packages/airflow/example_dags/example_latest_only_with_trigger.py
[2024-03-26T09:53:30.792+0000] {logging_mixin.py:188} INFO - [2024-03-26T09:53:30.792+0000] {dag.py:3036} INFO - Sync 1 DAGs
[2024-03-26T09:53:30.810+0000] {logging_mixin.py:188} INFO - [2024-03-26T09:53:30.810+0000] {dag.py:3823} INFO - Setting next_dagrun for latest_only_with_trigger to 2024-03-26 04:00:00+00:00, run_after=2024-03-26 08:00:00+00:00
[2024-03-26T09:53:30.827+0000] {processor.py:183} INFO - Processing /home/airflow/.local/lib/python3.8/site-packages/airflow/example_dags/example_latest_only_with_trigger.py took 0.059 seconds
[2024-03-26T09:54:01.866+0000] {processor.py:161} INFO - Started process (PID=402) to work on /home/airflow/.local/lib/python3.8/site-packages/airflow/example_dags/example_latest_only_with_trigger.py
[2024-03-26T09:54:01.867+0000] {processor.py:830} INFO - Processing file /home/airflow/.local/lib/python3.8/site-packages/airflow/example_dags/example_latest_only_with_trigger.py for tasks to queue
[2024-03-26T09:54:01.868+0000] {logging_mixin.py:188} INFO - [2024-03-26T09:54:01.868+0000] {dagbag.py:538} INFO - Filling up the DagBag from /home/airflow/.local/lib/python3.8/site-packages/airflow/example_dags/example_latest_only_with_trigger.py
[2024-03-26T09:54:01.872+0000] {processor.py:840} INFO - DAG(s) 'latest_only_with_trigger' retrieved from /home/airflow/.local/lib/python3.8/site-packages/airflow/example_dags/example_latest_only_with_trigger.py
[2024-03-26T09:54:01.887+0000] {logging_mixin.py:188} INFO - [2024-03-26T09:54:01.887+0000] {dag.py:3036} INFO - Sync 1 DAGs
[2024-03-26T09:54:01.904+0000] {logging_mixin.py:188} INFO - [2024-03-26T09:54:01.904+0000] {dag.py:3823} INFO - Setting next_dagrun for latest_only_with_trigger to 2024-03-26 04:00:00+00:00, run_after=2024-03-26 08:00:00+00:00
[2024-03-26T09:54:01.920+0000] {processor.py:183} INFO - Processing /home/airflow/.local/lib/python3.8/site-packages/airflow/example_dags/example_latest_only_with_trigger.py took 0.056 seconds
[2024-03-26T09:54:32.397+0000] {processor.py:161} INFO - Started process (PID=459) to work on /home/airflow/.local/lib/python3.8/site-packages/airflow/example_dags/example_latest_only_with_trigger.py
[2024-03-26T09:54:32.398+0000] {processor.py:830} INFO - Processing file /home/airflow/.local/lib/python3.8/site-packages/airflow/example_dags/example_latest_only_with_trigger.py for tasks to queue
[2024-03-26T09:54:32.400+0000] {logging_mixin.py:188} INFO - [2024-03-26T09:54:32.399+0000] {dagbag.py:538} INFO - Filling up the DagBag from /home/airflow/.local/lib/python3.8/site-packages/airflow/example_dags/example_latest_only_with_trigger.py
[2024-03-26T09:54:32.404+0000] {processor.py:840} INFO - DAG(s) 'latest_only_with_trigger' retrieved from /home/airflow/.local/lib/python3.8/site-packages/airflow/example_dags/example_latest_only_with_trigger.py
[2024-03-26T09:54:32.419+0000] {logging_mixin.py:188} INFO - [2024-03-26T09:54:32.419+0000] {dag.py:3036} INFO - Sync 1 DAGs
[2024-03-26T09:54:32.437+0000] {logging_mixin.py:188} INFO - [2024-03-26T09:54:32.437+0000] {dag.py:3823} INFO - Setting next_dagrun for latest_only_with_trigger to 2024-03-26 04:00:00+00:00, run_after=2024-03-26 08:00:00+00:00
[2024-03-26T09:54:32.452+0000] {processor.py:183} INFO - Processing /home/airflow/.local/lib/python3.8/site-packages/airflow/example_dags/example_latest_only_with_trigger.py took 0.057 seconds
[2024-03-26T09:55:02.752+0000] {processor.py:161} INFO - Started process (PID=514) to work on /home/airflow/.local/lib/python3.8/site-packages/airflow/example_dags/example_latest_only_with_trigger.py
[2024-03-26T09:55:02.752+0000] {processor.py:830} INFO - Processing file /home/airflow/.local/lib/python3.8/site-packages/airflow/example_dags/example_latest_only_with_trigger.py for tasks to queue
[2024-03-26T09:55:02.754+0000] {logging_mixin.py:188} INFO - [2024-03-26T09:55:02.754+0000] {dagbag.py:538} INFO - Filling up the DagBag from /home/airflow/.local/lib/python3.8/site-packages/airflow/example_dags/example_latest_only_with_trigger.py
[2024-03-26T09:55:02.758+0000] {processor.py:840} INFO - DAG(s) 'latest_only_with_trigger' retrieved from /home/airflow/.local/lib/python3.8/site-packages/airflow/example_dags/example_latest_only_with_trigger.py
[2024-03-26T09:55:02.774+0000] {logging_mixin.py:188} INFO - [2024-03-26T09:55:02.774+0000] {dag.py:3036} INFO - Sync 1 DAGs
[2024-03-26T09:55:02.792+0000] {logging_mixin.py:188} INFO - [2024-03-26T09:55:02.792+0000] {dag.py:3823} INFO - Setting next_dagrun for latest_only_with_trigger to 2024-03-26 04:00:00+00:00, run_after=2024-03-26 08:00:00+00:00
[2024-03-26T09:55:02.808+0000] {processor.py:183} INFO - Processing /home/airflow/.local/lib/python3.8/site-packages/airflow/example_dags/example_latest_only_with_trigger.py took 0.059 seconds
[2024-03-26T09:55:33.290+0000] {processor.py:161} INFO - Started process (PID=571) to work on /home/airflow/.local/lib/python3.8/site-packages/airflow/example_dags/example_latest_only_with_trigger.py
[2024-03-26T09:55:33.291+0000] {processor.py:830} INFO - Processing file /home/airflow/.local/lib/python3.8/site-packages/airflow/example_dags/example_latest_only_with_trigger.py for tasks to queue
[2024-03-26T09:55:33.293+0000] {logging_mixin.py:188} INFO - [2024-03-26T09:55:33.292+0000] {dagbag.py:538} INFO - Filling up the DagBag from /home/airflow/.local/lib/python3.8/site-packages/airflow/example_dags/example_latest_only_with_trigger.py
[2024-03-26T09:55:33.298+0000] {processor.py:840} INFO - DAG(s) 'latest_only_with_trigger' retrieved from /home/airflow/.local/lib/python3.8/site-packages/airflow/example_dags/example_latest_only_with_trigger.py
[2024-03-26T09:55:33.321+0000] {logging_mixin.py:188} INFO - [2024-03-26T09:55:33.321+0000] {dag.py:3036} INFO - Sync 1 DAGs
[2024-03-26T09:55:33.344+0000] {logging_mixin.py:188} INFO - [2024-03-26T09:55:33.343+0000] {dag.py:3823} INFO - Setting next_dagrun for latest_only_with_trigger to 2024-03-26 04:00:00+00:00, run_after=2024-03-26 08:00:00+00:00
[2024-03-26T09:55:33.375+0000] {processor.py:183} INFO - Processing /home/airflow/.local/lib/python3.8/site-packages/airflow/example_dags/example_latest_only_with_trigger.py took 0.088 seconds
[2024-03-26T09:56:03.979+0000] {processor.py:161} INFO - Started process (PID=628) to work on /home/airflow/.local/lib/python3.8/site-packages/airflow/example_dags/example_latest_only_with_trigger.py
[2024-03-26T09:56:03.981+0000] {processor.py:830} INFO - Processing file /home/airflow/.local/lib/python3.8/site-packages/airflow/example_dags/example_latest_only_with_trigger.py for tasks to queue
[2024-03-26T09:56:03.982+0000] {logging_mixin.py:188} INFO - [2024-03-26T09:56:03.982+0000] {dagbag.py:538} INFO - Filling up the DagBag from /home/airflow/.local/lib/python3.8/site-packages/airflow/example_dags/example_latest_only_with_trigger.py
[2024-03-26T09:56:03.986+0000] {processor.py:840} INFO - DAG(s) 'latest_only_with_trigger' retrieved from /home/airflow/.local/lib/python3.8/site-packages/airflow/example_dags/example_latest_only_with_trigger.py
[2024-03-26T09:56:04.004+0000] {logging_mixin.py:188} INFO - [2024-03-26T09:56:04.004+0000] {dag.py:3036} INFO - Sync 1 DAGs
[2024-03-26T09:56:04.028+0000] {logging_mixin.py:188} INFO - [2024-03-26T09:56:04.028+0000] {dag.py:3823} INFO - Setting next_dagrun for latest_only_with_trigger to 2024-03-26 04:00:00+00:00, run_after=2024-03-26 08:00:00+00:00
[2024-03-26T09:56:04.047+0000] {processor.py:183} INFO - Processing /home/airflow/.local/lib/python3.8/site-packages/airflow/example_dags/example_latest_only_with_trigger.py took 0.070 seconds
[2024-03-26T09:57:47.227+0000] {processor.py:161} INFO - Started process (PID=60) to work on /home/airflow/.local/lib/python3.8/site-packages/airflow/example_dags/example_latest_only_with_trigger.py
[2024-03-26T09:57:47.228+0000] {processor.py:830} INFO - Processing file /home/airflow/.local/lib/python3.8/site-packages/airflow/example_dags/example_latest_only_with_trigger.py for tasks to queue
[2024-03-26T09:57:47.230+0000] {logging_mixin.py:188} INFO - [2024-03-26T09:57:47.230+0000] {dagbag.py:538} INFO - Filling up the DagBag from /home/airflow/.local/lib/python3.8/site-packages/airflow/example_dags/example_latest_only_with_trigger.py
[2024-03-26T09:57:47.237+0000] {processor.py:840} INFO - DAG(s) 'latest_only_with_trigger' retrieved from /home/airflow/.local/lib/python3.8/site-packages/airflow/example_dags/example_latest_only_with_trigger.py
[2024-03-26T09:57:47.247+0000] {logging_mixin.py:188} INFO - [2024-03-26T09:57:47.247+0000] {dag.py:3036} INFO - Sync 1 DAGs
[2024-03-26T09:57:47.269+0000] {logging_mixin.py:188} INFO - [2024-03-26T09:57:47.269+0000] {dag.py:3823} INFO - Setting next_dagrun for latest_only_with_trigger to 2024-03-26 04:00:00+00:00, run_after=2024-03-26 08:00:00+00:00
[2024-03-26T09:57:47.287+0000] {processor.py:183} INFO - Processing /home/airflow/.local/lib/python3.8/site-packages/airflow/example_dags/example_latest_only_with_trigger.py took 0.062 seconds
[2024-03-26T09:58:17.740+0000] {processor.py:161} INFO - Started process (PID=117) to work on /home/airflow/.local/lib/python3.8/site-packages/airflow/example_dags/example_latest_only_with_trigger.py
[2024-03-26T09:58:17.741+0000] {processor.py:830} INFO - Processing file /home/airflow/.local/lib/python3.8/site-packages/airflow/example_dags/example_latest_only_with_trigger.py for tasks to queue
[2024-03-26T09:58:17.743+0000] {logging_mixin.py:188} INFO - [2024-03-26T09:58:17.743+0000] {dagbag.py:538} INFO - Filling up the DagBag from /home/airflow/.local/lib/python3.8/site-packages/airflow/example_dags/example_latest_only_with_trigger.py
[2024-03-26T09:58:17.747+0000] {processor.py:840} INFO - DAG(s) 'latest_only_with_trigger' retrieved from /home/airflow/.local/lib/python3.8/site-packages/airflow/example_dags/example_latest_only_with_trigger.py
[2024-03-26T09:58:17.831+0000] {logging_mixin.py:188} INFO - [2024-03-26T09:58:17.830+0000] {dag.py:3036} INFO - Sync 1 DAGs
[2024-03-26T09:58:17.848+0000] {logging_mixin.py:188} INFO - [2024-03-26T09:58:17.848+0000] {dag.py:3823} INFO - Setting next_dagrun for latest_only_with_trigger to 2024-03-26 04:00:00+00:00, run_after=2024-03-26 08:00:00+00:00
[2024-03-26T09:58:17.864+0000] {processor.py:183} INFO - Processing /home/airflow/.local/lib/python3.8/site-packages/airflow/example_dags/example_latest_only_with_trigger.py took 0.126 seconds
[2024-03-26T09:58:48.571+0000] {processor.py:161} INFO - Started process (PID=174) to work on /home/airflow/.local/lib/python3.8/site-packages/airflow/example_dags/example_latest_only_with_trigger.py
[2024-03-26T09:58:48.572+0000] {processor.py:830} INFO - Processing file /home/airflow/.local/lib/python3.8/site-packages/airflow/example_dags/example_latest_only_with_trigger.py for tasks to queue
[2024-03-26T09:58:48.573+0000] {logging_mixin.py:188} INFO - [2024-03-26T09:58:48.573+0000] {dagbag.py:538} INFO - Filling up the DagBag from /home/airflow/.local/lib/python3.8/site-packages/airflow/example_dags/example_latest_only_with_trigger.py
[2024-03-26T09:58:48.578+0000] {processor.py:840} INFO - DAG(s) 'latest_only_with_trigger' retrieved from /home/airflow/.local/lib/python3.8/site-packages/airflow/example_dags/example_latest_only_with_trigger.py
[2024-03-26T09:58:48.596+0000] {logging_mixin.py:188} INFO - [2024-03-26T09:58:48.596+0000] {dag.py:3036} INFO - Sync 1 DAGs
[2024-03-26T09:58:48.616+0000] {logging_mixin.py:188} INFO - [2024-03-26T09:58:48.616+0000] {dag.py:3823} INFO - Setting next_dagrun for latest_only_with_trigger to 2024-03-26 04:00:00+00:00, run_after=2024-03-26 08:00:00+00:00
[2024-03-26T09:58:48.638+0000] {processor.py:183} INFO - Processing /home/airflow/.local/lib/python3.8/site-packages/airflow/example_dags/example_latest_only_with_trigger.py took 0.069 seconds
[2024-03-26T10:11:03.206+0000] {processor.py:161} INFO - Started process (PID=59) to work on /home/airflow/.local/lib/python3.8/site-packages/airflow/example_dags/example_latest_only_with_trigger.py
[2024-03-26T10:11:03.207+0000] {processor.py:830} INFO - Processing file /home/airflow/.local/lib/python3.8/site-packages/airflow/example_dags/example_latest_only_with_trigger.py for tasks to queue
[2024-03-26T10:11:03.209+0000] {logging_mixin.py:188} INFO - [2024-03-26T10:11:03.208+0000] {dagbag.py:538} INFO - Filling up the DagBag from /home/airflow/.local/lib/python3.8/site-packages/airflow/example_dags/example_latest_only_with_trigger.py
[2024-03-26T10:11:03.215+0000] {processor.py:840} INFO - DAG(s) 'latest_only_with_trigger' retrieved from /home/airflow/.local/lib/python3.8/site-packages/airflow/example_dags/example_latest_only_with_trigger.py
[2024-03-26T10:11:03.226+0000] {logging_mixin.py:188} INFO - [2024-03-26T10:11:03.226+0000] {dag.py:3036} INFO - Sync 1 DAGs
[2024-03-26T10:11:03.253+0000] {logging_mixin.py:188} INFO - [2024-03-26T10:11:03.253+0000] {dag.py:3823} INFO - Setting next_dagrun for latest_only_with_trigger to 2024-03-26 04:00:00+00:00, run_after=2024-03-26 08:00:00+00:00
[2024-03-26T10:11:03.274+0000] {processor.py:183} INFO - Processing /home/airflow/.local/lib/python3.8/site-packages/airflow/example_dags/example_latest_only_with_trigger.py took 0.071 seconds
[2024-03-26T10:11:34.729+0000] {processor.py:161} INFO - Started process (PID=115) to work on /home/airflow/.local/lib/python3.8/site-packages/airflow/example_dags/example_latest_only_with_trigger.py
[2024-03-26T10:11:34.730+0000] {processor.py:830} INFO - Processing file /home/airflow/.local/lib/python3.8/site-packages/airflow/example_dags/example_latest_only_with_trigger.py for tasks to queue
[2024-03-26T10:11:34.732+0000] {logging_mixin.py:188} INFO - [2024-03-26T10:11:34.731+0000] {dagbag.py:538} INFO - Filling up the DagBag from /home/airflow/.local/lib/python3.8/site-packages/airflow/example_dags/example_latest_only_with_trigger.py
[2024-03-26T10:11:34.736+0000] {processor.py:840} INFO - DAG(s) 'latest_only_with_trigger' retrieved from /home/airflow/.local/lib/python3.8/site-packages/airflow/example_dags/example_latest_only_with_trigger.py
[2024-03-26T10:11:34.819+0000] {logging_mixin.py:188} INFO - [2024-03-26T10:11:34.819+0000] {dag.py:3036} INFO - Sync 1 DAGs
[2024-03-26T10:11:34.836+0000] {logging_mixin.py:188} INFO - [2024-03-26T10:11:34.836+0000] {dag.py:3823} INFO - Setting next_dagrun for latest_only_with_trigger to 2024-03-26 04:00:00+00:00, run_after=2024-03-26 08:00:00+00:00
[2024-03-26T10:11:34.851+0000] {processor.py:183} INFO - Processing /home/airflow/.local/lib/python3.8/site-packages/airflow/example_dags/example_latest_only_with_trigger.py took 0.125 seconds
[2024-03-26T10:12:49.336+0000] {processor.py:161} INFO - Started process (PID=60) to work on /home/airflow/.local/lib/python3.8/site-packages/airflow/example_dags/example_latest_only_with_trigger.py
[2024-03-26T10:12:49.337+0000] {processor.py:830} INFO - Processing file /home/airflow/.local/lib/python3.8/site-packages/airflow/example_dags/example_latest_only_with_trigger.py for tasks to queue
[2024-03-26T10:12:49.339+0000] {logging_mixin.py:188} INFO - [2024-03-26T10:12:49.339+0000] {dagbag.py:538} INFO - Filling up the DagBag from /home/airflow/.local/lib/python3.8/site-packages/airflow/example_dags/example_latest_only_with_trigger.py
[2024-03-26T10:12:49.347+0000] {processor.py:840} INFO - DAG(s) 'latest_only_with_trigger' retrieved from /home/airflow/.local/lib/python3.8/site-packages/airflow/example_dags/example_latest_only_with_trigger.py
[2024-03-26T10:12:49.360+0000] {logging_mixin.py:188} INFO - [2024-03-26T10:12:49.360+0000] {dag.py:3036} INFO - Sync 1 DAGs
[2024-03-26T10:12:49.383+0000] {logging_mixin.py:188} INFO - [2024-03-26T10:12:49.383+0000] {dag.py:3823} INFO - Setting next_dagrun for latest_only_with_trigger to 2024-03-26 04:00:00+00:00, run_after=2024-03-26 08:00:00+00:00
[2024-03-26T10:12:49.409+0000] {processor.py:183} INFO - Processing /home/airflow/.local/lib/python3.8/site-packages/airflow/example_dags/example_latest_only_with_trigger.py took 0.076 seconds
[2024-03-26T10:13:20.047+0000] {processor.py:161} INFO - Started process (PID=117) to work on /home/airflow/.local/lib/python3.8/site-packages/airflow/example_dags/example_latest_only_with_trigger.py
[2024-03-26T10:13:20.047+0000] {processor.py:830} INFO - Processing file /home/airflow/.local/lib/python3.8/site-packages/airflow/example_dags/example_latest_only_with_trigger.py for tasks to queue
[2024-03-26T10:13:20.049+0000] {logging_mixin.py:188} INFO - [2024-03-26T10:13:20.049+0000] {dagbag.py:538} INFO - Filling up the DagBag from /home/airflow/.local/lib/python3.8/site-packages/airflow/example_dags/example_latest_only_with_trigger.py
[2024-03-26T10:13:20.053+0000] {processor.py:840} INFO - DAG(s) 'latest_only_with_trigger' retrieved from /home/airflow/.local/lib/python3.8/site-packages/airflow/example_dags/example_latest_only_with_trigger.py
[2024-03-26T10:13:20.139+0000] {logging_mixin.py:188} INFO - [2024-03-26T10:13:20.139+0000] {dag.py:3036} INFO - Sync 1 DAGs
[2024-03-26T10:13:20.159+0000] {logging_mixin.py:188} INFO - [2024-03-26T10:13:20.159+0000] {dag.py:3823} INFO - Setting next_dagrun for latest_only_with_trigger to 2024-03-26 04:00:00+00:00, run_after=2024-03-26 08:00:00+00:00
[2024-03-26T10:13:20.176+0000] {processor.py:183} INFO - Processing /home/airflow/.local/lib/python3.8/site-packages/airflow/example_dags/example_latest_only_with_trigger.py took 0.132 seconds
[2024-03-26T10:13:50.803+0000] {processor.py:161} INFO - Started process (PID=174) to work on /home/airflow/.local/lib/python3.8/site-packages/airflow/example_dags/example_latest_only_with_trigger.py
[2024-03-26T10:13:50.804+0000] {processor.py:830} INFO - Processing file /home/airflow/.local/lib/python3.8/site-packages/airflow/example_dags/example_latest_only_with_trigger.py for tasks to queue
[2024-03-26T10:13:50.805+0000] {logging_mixin.py:188} INFO - [2024-03-26T10:13:50.805+0000] {dagbag.py:538} INFO - Filling up the DagBag from /home/airflow/.local/lib/python3.8/site-packages/airflow/example_dags/example_latest_only_with_trigger.py
[2024-03-26T10:13:50.809+0000] {processor.py:840} INFO - DAG(s) 'latest_only_with_trigger' retrieved from /home/airflow/.local/lib/python3.8/site-packages/airflow/example_dags/example_latest_only_with_trigger.py
[2024-03-26T10:13:50.827+0000] {logging_mixin.py:188} INFO - [2024-03-26T10:13:50.826+0000] {dag.py:3036} INFO - Sync 1 DAGs
[2024-03-26T10:13:50.846+0000] {logging_mixin.py:188} INFO - [2024-03-26T10:13:50.846+0000] {dag.py:3823} INFO - Setting next_dagrun for latest_only_with_trigger to 2024-03-26 04:00:00+00:00, run_after=2024-03-26 08:00:00+00:00
[2024-03-26T10:13:50.864+0000] {processor.py:183} INFO - Processing /home/airflow/.local/lib/python3.8/site-packages/airflow/example_dags/example_latest_only_with_trigger.py took 0.063 seconds
[2024-03-26T10:14:21.207+0000] {processor.py:161} INFO - Started process (PID=231) to work on /home/airflow/.local/lib/python3.8/site-packages/airflow/example_dags/example_latest_only_with_trigger.py
[2024-03-26T10:14:21.208+0000] {processor.py:830} INFO - Processing file /home/airflow/.local/lib/python3.8/site-packages/airflow/example_dags/example_latest_only_with_trigger.py for tasks to queue
[2024-03-26T10:14:21.209+0000] {logging_mixin.py:188} INFO - [2024-03-26T10:14:21.209+0000] {dagbag.py:538} INFO - Filling up the DagBag from /home/airflow/.local/lib/python3.8/site-packages/airflow/example_dags/example_latest_only_with_trigger.py
[2024-03-26T10:14:21.213+0000] {processor.py:840} INFO - DAG(s) 'latest_only_with_trigger' retrieved from /home/airflow/.local/lib/python3.8/site-packages/airflow/example_dags/example_latest_only_with_trigger.py
[2024-03-26T10:14:21.229+0000] {logging_mixin.py:188} INFO - [2024-03-26T10:14:21.229+0000] {dag.py:3036} INFO - Sync 1 DAGs
[2024-03-26T10:14:21.248+0000] {logging_mixin.py:188} INFO - [2024-03-26T10:14:21.248+0000] {dag.py:3823} INFO - Setting next_dagrun for latest_only_with_trigger to 2024-03-26 04:00:00+00:00, run_after=2024-03-26 08:00:00+00:00
[2024-03-26T10:14:21.264+0000] {processor.py:183} INFO - Processing /home/airflow/.local/lib/python3.8/site-packages/airflow/example_dags/example_latest_only_with_trigger.py took 0.059 seconds
[2024-03-26T10:15:15.449+0000] {processor.py:161} INFO - Started process (PID=60) to work on /home/airflow/.local/lib/python3.8/site-packages/airflow/example_dags/example_latest_only_with_trigger.py
[2024-03-26T10:15:15.451+0000] {processor.py:830} INFO - Processing file /home/airflow/.local/lib/python3.8/site-packages/airflow/example_dags/example_latest_only_with_trigger.py for tasks to queue
[2024-03-26T10:15:15.453+0000] {logging_mixin.py:188} INFO - [2024-03-26T10:15:15.452+0000] {dagbag.py:538} INFO - Filling up the DagBag from /home/airflow/.local/lib/python3.8/site-packages/airflow/example_dags/example_latest_only_with_trigger.py
[2024-03-26T10:15:15.461+0000] {processor.py:840} INFO - DAG(s) 'latest_only_with_trigger' retrieved from /home/airflow/.local/lib/python3.8/site-packages/airflow/example_dags/example_latest_only_with_trigger.py
[2024-03-26T10:15:15.472+0000] {logging_mixin.py:188} INFO - [2024-03-26T10:15:15.472+0000] {dag.py:3036} INFO - Sync 1 DAGs
[2024-03-26T10:15:15.493+0000] {logging_mixin.py:188} INFO - [2024-03-26T10:15:15.493+0000] {dag.py:3823} INFO - Setting next_dagrun for latest_only_with_trigger to 2024-03-26 04:00:00+00:00, run_after=2024-03-26 08:00:00+00:00
[2024-03-26T10:15:15.511+0000] {processor.py:183} INFO - Processing /home/airflow/.local/lib/python3.8/site-packages/airflow/example_dags/example_latest_only_with_trigger.py took 0.064 seconds
[2024-03-26T10:15:46.355+0000] {processor.py:161} INFO - Started process (PID=117) to work on /home/airflow/.local/lib/python3.8/site-packages/airflow/example_dags/example_latest_only_with_trigger.py
[2024-03-26T10:15:46.357+0000] {processor.py:830} INFO - Processing file /home/airflow/.local/lib/python3.8/site-packages/airflow/example_dags/example_latest_only_with_trigger.py for tasks to queue
[2024-03-26T10:15:46.359+0000] {logging_mixin.py:188} INFO - [2024-03-26T10:15:46.359+0000] {dagbag.py:538} INFO - Filling up the DagBag from /home/airflow/.local/lib/python3.8/site-packages/airflow/example_dags/example_latest_only_with_trigger.py
[2024-03-26T10:15:46.368+0000] {processor.py:840} INFO - DAG(s) 'latest_only_with_trigger' retrieved from /home/airflow/.local/lib/python3.8/site-packages/airflow/example_dags/example_latest_only_with_trigger.py
[2024-03-26T10:15:46.473+0000] {logging_mixin.py:188} INFO - [2024-03-26T10:15:46.473+0000] {dag.py:3036} INFO - Sync 1 DAGs
[2024-03-26T10:15:46.493+0000] {logging_mixin.py:188} INFO - [2024-03-26T10:15:46.493+0000] {dag.py:3823} INFO - Setting next_dagrun for latest_only_with_trigger to 2024-03-26 04:00:00+00:00, run_after=2024-03-26 08:00:00+00:00
[2024-03-26T10:15:46.518+0000] {processor.py:183} INFO - Processing /home/airflow/.local/lib/python3.8/site-packages/airflow/example_dags/example_latest_only_with_trigger.py took 0.167 seconds
[2024-03-26T10:17:22.630+0000] {processor.py:161} INFO - Started process (PID=60) to work on /home/airflow/.local/lib/python3.8/site-packages/airflow/example_dags/example_latest_only_with_trigger.py
[2024-03-26T10:17:22.631+0000] {processor.py:830} INFO - Processing file /home/airflow/.local/lib/python3.8/site-packages/airflow/example_dags/example_latest_only_with_trigger.py for tasks to queue
[2024-03-26T10:17:22.633+0000] {logging_mixin.py:188} INFO - [2024-03-26T10:17:22.633+0000] {dagbag.py:538} INFO - Filling up the DagBag from /home/airflow/.local/lib/python3.8/site-packages/airflow/example_dags/example_latest_only_with_trigger.py
[2024-03-26T10:17:22.641+0000] {processor.py:840} INFO - DAG(s) 'latest_only_with_trigger' retrieved from /home/airflow/.local/lib/python3.8/site-packages/airflow/example_dags/example_latest_only_with_trigger.py
[2024-03-26T10:17:22.653+0000] {logging_mixin.py:188} INFO - [2024-03-26T10:17:22.652+0000] {dag.py:3036} INFO - Sync 1 DAGs
[2024-03-26T10:17:22.683+0000] {logging_mixin.py:188} INFO - [2024-03-26T10:17:22.683+0000] {dag.py:3823} INFO - Setting next_dagrun for latest_only_with_trigger to 2024-03-26 04:00:00+00:00, run_after=2024-03-26 08:00:00+00:00
[2024-03-26T10:17:22.708+0000] {processor.py:183} INFO - Processing /home/airflow/.local/lib/python3.8/site-packages/airflow/example_dags/example_latest_only_with_trigger.py took 0.080 seconds
[2024-03-26T10:17:53.605+0000] {processor.py:161} INFO - Started process (PID=117) to work on /home/airflow/.local/lib/python3.8/site-packages/airflow/example_dags/example_latest_only_with_trigger.py
[2024-03-26T10:17:53.606+0000] {processor.py:830} INFO - Processing file /home/airflow/.local/lib/python3.8/site-packages/airflow/example_dags/example_latest_only_with_trigger.py for tasks to queue
[2024-03-26T10:17:53.608+0000] {logging_mixin.py:188} INFO - [2024-03-26T10:17:53.608+0000] {dagbag.py:538} INFO - Filling up the DagBag from /home/airflow/.local/lib/python3.8/site-packages/airflow/example_dags/example_latest_only_with_trigger.py
[2024-03-26T10:17:53.613+0000] {processor.py:840} INFO - DAG(s) 'latest_only_with_trigger' retrieved from /home/airflow/.local/lib/python3.8/site-packages/airflow/example_dags/example_latest_only_with_trigger.py
[2024-03-26T10:17:53.711+0000] {logging_mixin.py:188} INFO - [2024-03-26T10:17:53.711+0000] {dag.py:3036} INFO - Sync 1 DAGs
[2024-03-26T10:17:53.730+0000] {logging_mixin.py:188} INFO - [2024-03-26T10:17:53.730+0000] {dag.py:3823} INFO - Setting next_dagrun for latest_only_with_trigger to 2024-03-26 04:00:00+00:00, run_after=2024-03-26 08:00:00+00:00
[2024-03-26T10:17:53.749+0000] {processor.py:183} INFO - Processing /home/airflow/.local/lib/python3.8/site-packages/airflow/example_dags/example_latest_only_with_trigger.py took 0.147 seconds
