[2024-03-26T08:41:07.369+0000] {processor.py:161} INFO - Started process (PID=70) to work on /home/airflow/.local/lib/python3.8/site-packages/airflow/example_dags/example_xcomargs.py
[2024-03-26T08:41:07.371+0000] {processor.py:830} INFO - Processing file /home/airflow/.local/lib/python3.8/site-packages/airflow/example_dags/example_xcomargs.py for tasks to queue
[2024-03-26T08:41:07.373+0000] {logging_mixin.py:188} INFO - [2024-03-26T08:41:07.373+0000] {dagbag.py:538} INFO - Filling up the DagBag from /home/airflow/.local/lib/python3.8/site-packages/airflow/example_dags/example_xcomargs.py
[2024-03-26T08:41:07.386+0000] {processor.py:840} INFO - DAG(s) 'example_xcom_args_with_operators', 'example_xcom_args' retrieved from /home/airflow/.local/lib/python3.8/site-packages/airflow/example_dags/example_xcomargs.py
[2024-03-26T08:41:07.400+0000] {logging_mixin.py:188} INFO - [2024-03-26T08:41:07.399+0000] {dag.py:3036} INFO - Sync 2 DAGs
[2024-03-26T08:41:07.418+0000] {logging_mixin.py:188} INFO - [2024-03-26T08:41:07.417+0000] {dag.py:3823} INFO - Setting next_dagrun for example_xcom_args to None, run_after=None
[2024-03-26T08:41:07.422+0000] {logging_mixin.py:188} INFO - [2024-03-26T08:41:07.422+0000] {dag.py:3823} INFO - Setting next_dagrun for example_xcom_args_with_operators to None, run_after=None
[2024-03-26T08:41:07.437+0000] {processor.py:183} INFO - Processing /home/airflow/.local/lib/python3.8/site-packages/airflow/example_dags/example_xcomargs.py took 0.070 seconds
[2024-03-26T08:41:38.853+0000] {processor.py:161} INFO - Started process (PID=126) to work on /home/airflow/.local/lib/python3.8/site-packages/airflow/example_dags/example_xcomargs.py
[2024-03-26T08:41:38.855+0000] {processor.py:830} INFO - Processing file /home/airflow/.local/lib/python3.8/site-packages/airflow/example_dags/example_xcomargs.py for tasks to queue
[2024-03-26T08:41:38.856+0000] {logging_mixin.py:188} INFO - [2024-03-26T08:41:38.856+0000] {dagbag.py:538} INFO - Filling up the DagBag from /home/airflow/.local/lib/python3.8/site-packages/airflow/example_dags/example_xcomargs.py
[2024-03-26T08:41:38.864+0000] {processor.py:840} INFO - DAG(s) 'example_xcom_args', 'example_xcom_args_with_operators' retrieved from /home/airflow/.local/lib/python3.8/site-packages/airflow/example_dags/example_xcomargs.py
[2024-03-26T08:41:38.968+0000] {logging_mixin.py:188} INFO - [2024-03-26T08:41:38.968+0000] {dag.py:3036} INFO - Sync 2 DAGs
[2024-03-26T08:41:38.978+0000] {logging_mixin.py:188} INFO - [2024-03-26T08:41:38.978+0000] {dag.py:3823} INFO - Setting next_dagrun for example_xcom_args to None, run_after=None
[2024-03-26T08:41:38.981+0000] {logging_mixin.py:188} INFO - [2024-03-26T08:41:38.981+0000] {dag.py:3823} INFO - Setting next_dagrun for example_xcom_args_with_operators to None, run_after=None
[2024-03-26T08:41:38.998+0000] {processor.py:183} INFO - Processing /home/airflow/.local/lib/python3.8/site-packages/airflow/example_dags/example_xcomargs.py took 0.148 seconds
[2024-03-26T08:43:47.596+0000] {processor.py:161} INFO - Started process (PID=70) to work on /home/airflow/.local/lib/python3.8/site-packages/airflow/example_dags/example_xcomargs.py
[2024-03-26T08:43:47.598+0000] {processor.py:830} INFO - Processing file /home/airflow/.local/lib/python3.8/site-packages/airflow/example_dags/example_xcomargs.py for tasks to queue
[2024-03-26T08:43:47.599+0000] {logging_mixin.py:188} INFO - [2024-03-26T08:43:47.599+0000] {dagbag.py:538} INFO - Filling up the DagBag from /home/airflow/.local/lib/python3.8/site-packages/airflow/example_dags/example_xcomargs.py
[2024-03-26T08:43:47.608+0000] {processor.py:840} INFO - DAG(s) 'example_xcom_args', 'example_xcom_args_with_operators' retrieved from /home/airflow/.local/lib/python3.8/site-packages/airflow/example_dags/example_xcomargs.py
[2024-03-26T08:43:47.622+0000] {logging_mixin.py:188} INFO - [2024-03-26T08:43:47.621+0000] {dag.py:3036} INFO - Sync 2 DAGs
[2024-03-26T08:43:47.634+0000] {logging_mixin.py:188} INFO - [2024-03-26T08:43:47.634+0000] {dag.py:3823} INFO - Setting next_dagrun for example_xcom_args to None, run_after=None
[2024-03-26T08:43:47.638+0000] {logging_mixin.py:188} INFO - [2024-03-26T08:43:47.638+0000] {dag.py:3823} INFO - Setting next_dagrun for example_xcom_args_with_operators to None, run_after=None
[2024-03-26T08:43:47.653+0000] {processor.py:183} INFO - Processing /home/airflow/.local/lib/python3.8/site-packages/airflow/example_dags/example_xcomargs.py took 0.059 seconds
[2024-03-26T08:44:19.244+0000] {processor.py:161} INFO - Started process (PID=126) to work on /home/airflow/.local/lib/python3.8/site-packages/airflow/example_dags/example_xcomargs.py
[2024-03-26T08:44:19.245+0000] {processor.py:830} INFO - Processing file /home/airflow/.local/lib/python3.8/site-packages/airflow/example_dags/example_xcomargs.py for tasks to queue
[2024-03-26T08:44:19.246+0000] {logging_mixin.py:188} INFO - [2024-03-26T08:44:19.246+0000] {dagbag.py:538} INFO - Filling up the DagBag from /home/airflow/.local/lib/python3.8/site-packages/airflow/example_dags/example_xcomargs.py
[2024-03-26T08:44:19.253+0000] {processor.py:840} INFO - DAG(s) 'example_xcom_args_with_operators', 'example_xcom_args' retrieved from /home/airflow/.local/lib/python3.8/site-packages/airflow/example_dags/example_xcomargs.py
[2024-03-26T08:44:19.346+0000] {logging_mixin.py:188} INFO - [2024-03-26T08:44:19.346+0000] {dag.py:3036} INFO - Sync 2 DAGs
[2024-03-26T08:44:19.358+0000] {logging_mixin.py:188} INFO - [2024-03-26T08:44:19.358+0000] {dag.py:3823} INFO - Setting next_dagrun for example_xcom_args to None, run_after=None
[2024-03-26T08:44:19.362+0000] {logging_mixin.py:188} INFO - [2024-03-26T08:44:19.362+0000] {dag.py:3823} INFO - Setting next_dagrun for example_xcom_args_with_operators to None, run_after=None
[2024-03-26T08:44:19.383+0000] {processor.py:183} INFO - Processing /home/airflow/.local/lib/python3.8/site-packages/airflow/example_dags/example_xcomargs.py took 0.142 seconds
[2024-03-26T08:44:49.527+0000] {processor.py:161} INFO - Started process (PID=182) to work on /home/airflow/.local/lib/python3.8/site-packages/airflow/example_dags/example_xcomargs.py
[2024-03-26T08:44:49.528+0000] {processor.py:830} INFO - Processing file /home/airflow/.local/lib/python3.8/site-packages/airflow/example_dags/example_xcomargs.py for tasks to queue
[2024-03-26T08:44:49.530+0000] {logging_mixin.py:188} INFO - [2024-03-26T08:44:49.529+0000] {dagbag.py:538} INFO - Filling up the DagBag from /home/airflow/.local/lib/python3.8/site-packages/airflow/example_dags/example_xcomargs.py
[2024-03-26T08:44:49.536+0000] {processor.py:840} INFO - DAG(s) 'example_xcom_args_with_operators', 'example_xcom_args' retrieved from /home/airflow/.local/lib/python3.8/site-packages/airflow/example_dags/example_xcomargs.py
[2024-03-26T08:44:49.553+0000] {logging_mixin.py:188} INFO - [2024-03-26T08:44:49.553+0000] {dag.py:3036} INFO - Sync 2 DAGs
[2024-03-26T08:44:49.564+0000] {logging_mixin.py:188} INFO - [2024-03-26T08:44:49.563+0000] {dag.py:3823} INFO - Setting next_dagrun for example_xcom_args to None, run_after=None
[2024-03-26T08:44:49.567+0000] {logging_mixin.py:188} INFO - [2024-03-26T08:44:49.567+0000] {dag.py:3823} INFO - Setting next_dagrun for example_xcom_args_with_operators to None, run_after=None
[2024-03-26T08:44:49.580+0000] {processor.py:183} INFO - Processing /home/airflow/.local/lib/python3.8/site-packages/airflow/example_dags/example_xcomargs.py took 0.055 seconds
[2024-03-26T08:45:19.762+0000] {processor.py:161} INFO - Started process (PID=238) to work on /home/airflow/.local/lib/python3.8/site-packages/airflow/example_dags/example_xcomargs.py
[2024-03-26T08:45:19.763+0000] {processor.py:830} INFO - Processing file /home/airflow/.local/lib/python3.8/site-packages/airflow/example_dags/example_xcomargs.py for tasks to queue
[2024-03-26T08:45:19.764+0000] {logging_mixin.py:188} INFO - [2024-03-26T08:45:19.764+0000] {dagbag.py:538} INFO - Filling up the DagBag from /home/airflow/.local/lib/python3.8/site-packages/airflow/example_dags/example_xcomargs.py
[2024-03-26T08:45:19.771+0000] {processor.py:840} INFO - DAG(s) 'example_xcom_args_with_operators', 'example_xcom_args' retrieved from /home/airflow/.local/lib/python3.8/site-packages/airflow/example_dags/example_xcomargs.py
[2024-03-26T08:45:19.792+0000] {logging_mixin.py:188} INFO - [2024-03-26T08:45:19.791+0000] {dag.py:3036} INFO - Sync 2 DAGs
[2024-03-26T08:45:19.803+0000] {logging_mixin.py:188} INFO - [2024-03-26T08:45:19.802+0000] {dag.py:3823} INFO - Setting next_dagrun for example_xcom_args to None, run_after=None
[2024-03-26T08:45:19.807+0000] {logging_mixin.py:188} INFO - [2024-03-26T08:45:19.806+0000] {dag.py:3823} INFO - Setting next_dagrun for example_xcom_args_with_operators to None, run_after=None
[2024-03-26T08:45:19.821+0000] {processor.py:183} INFO - Processing /home/airflow/.local/lib/python3.8/site-packages/airflow/example_dags/example_xcomargs.py took 0.062 seconds
[2024-03-26T08:45:50.007+0000] {processor.py:161} INFO - Started process (PID=294) to work on /home/airflow/.local/lib/python3.8/site-packages/airflow/example_dags/example_xcomargs.py
[2024-03-26T08:45:50.008+0000] {processor.py:830} INFO - Processing file /home/airflow/.local/lib/python3.8/site-packages/airflow/example_dags/example_xcomargs.py for tasks to queue
[2024-03-26T08:45:50.010+0000] {logging_mixin.py:188} INFO - [2024-03-26T08:45:50.009+0000] {dagbag.py:538} INFO - Filling up the DagBag from /home/airflow/.local/lib/python3.8/site-packages/airflow/example_dags/example_xcomargs.py
[2024-03-26T08:45:50.016+0000] {processor.py:840} INFO - DAG(s) 'example_xcom_args_with_operators', 'example_xcom_args' retrieved from /home/airflow/.local/lib/python3.8/site-packages/airflow/example_dags/example_xcomargs.py
[2024-03-26T08:45:50.035+0000] {logging_mixin.py:188} INFO - [2024-03-26T08:45:50.034+0000] {dag.py:3036} INFO - Sync 2 DAGs
[2024-03-26T08:45:50.045+0000] {logging_mixin.py:188} INFO - [2024-03-26T08:45:50.044+0000] {dag.py:3823} INFO - Setting next_dagrun for example_xcom_args to None, run_after=None
[2024-03-26T08:45:50.048+0000] {logging_mixin.py:188} INFO - [2024-03-26T08:45:50.048+0000] {dag.py:3823} INFO - Setting next_dagrun for example_xcom_args_with_operators to None, run_after=None
[2024-03-26T08:45:50.061+0000] {processor.py:183} INFO - Processing /home/airflow/.local/lib/python3.8/site-packages/airflow/example_dags/example_xcomargs.py took 0.056 seconds
[2024-03-26T08:46:20.210+0000] {processor.py:161} INFO - Started process (PID=350) to work on /home/airflow/.local/lib/python3.8/site-packages/airflow/example_dags/example_xcomargs.py
[2024-03-26T08:46:20.211+0000] {processor.py:830} INFO - Processing file /home/airflow/.local/lib/python3.8/site-packages/airflow/example_dags/example_xcomargs.py for tasks to queue
[2024-03-26T08:46:20.213+0000] {logging_mixin.py:188} INFO - [2024-03-26T08:46:20.213+0000] {dagbag.py:538} INFO - Filling up the DagBag from /home/airflow/.local/lib/python3.8/site-packages/airflow/example_dags/example_xcomargs.py
[2024-03-26T08:46:20.219+0000] {processor.py:840} INFO - DAG(s) 'example_xcom_args_with_operators', 'example_xcom_args' retrieved from /home/airflow/.local/lib/python3.8/site-packages/airflow/example_dags/example_xcomargs.py
[2024-03-26T08:46:20.237+0000] {logging_mixin.py:188} INFO - [2024-03-26T08:46:20.237+0000] {dag.py:3036} INFO - Sync 2 DAGs
[2024-03-26T08:46:20.248+0000] {logging_mixin.py:188} INFO - [2024-03-26T08:46:20.247+0000] {dag.py:3823} INFO - Setting next_dagrun for example_xcom_args to None, run_after=None
[2024-03-26T08:46:20.251+0000] {logging_mixin.py:188} INFO - [2024-03-26T08:46:20.251+0000] {dag.py:3823} INFO - Setting next_dagrun for example_xcom_args_with_operators to None, run_after=None
[2024-03-26T08:46:20.264+0000] {processor.py:183} INFO - Processing /home/airflow/.local/lib/python3.8/site-packages/airflow/example_dags/example_xcomargs.py took 0.056 seconds
[2024-03-26T08:46:50.415+0000] {processor.py:161} INFO - Started process (PID=406) to work on /home/airflow/.local/lib/python3.8/site-packages/airflow/example_dags/example_xcomargs.py
[2024-03-26T08:46:50.416+0000] {processor.py:830} INFO - Processing file /home/airflow/.local/lib/python3.8/site-packages/airflow/example_dags/example_xcomargs.py for tasks to queue
[2024-03-26T08:46:50.418+0000] {logging_mixin.py:188} INFO - [2024-03-26T08:46:50.418+0000] {dagbag.py:538} INFO - Filling up the DagBag from /home/airflow/.local/lib/python3.8/site-packages/airflow/example_dags/example_xcomargs.py
[2024-03-26T08:46:50.424+0000] {processor.py:840} INFO - DAG(s) 'example_xcom_args', 'example_xcom_args_with_operators' retrieved from /home/airflow/.local/lib/python3.8/site-packages/airflow/example_dags/example_xcomargs.py
[2024-03-26T08:46:50.441+0000] {logging_mixin.py:188} INFO - [2024-03-26T08:46:50.441+0000] {dag.py:3036} INFO - Sync 2 DAGs
[2024-03-26T08:46:50.451+0000] {logging_mixin.py:188} INFO - [2024-03-26T08:46:50.451+0000] {dag.py:3823} INFO - Setting next_dagrun for example_xcom_args to None, run_after=None
[2024-03-26T08:46:50.455+0000] {logging_mixin.py:188} INFO - [2024-03-26T08:46:50.455+0000] {dag.py:3823} INFO - Setting next_dagrun for example_xcom_args_with_operators to None, run_after=None
[2024-03-26T08:46:50.468+0000] {processor.py:183} INFO - Processing /home/airflow/.local/lib/python3.8/site-packages/airflow/example_dags/example_xcomargs.py took 0.055 seconds
[2024-03-26T08:47:20.698+0000] {processor.py:161} INFO - Started process (PID=462) to work on /home/airflow/.local/lib/python3.8/site-packages/airflow/example_dags/example_xcomargs.py
[2024-03-26T08:47:20.699+0000] {processor.py:830} INFO - Processing file /home/airflow/.local/lib/python3.8/site-packages/airflow/example_dags/example_xcomargs.py for tasks to queue
[2024-03-26T08:47:20.701+0000] {logging_mixin.py:188} INFO - [2024-03-26T08:47:20.701+0000] {dagbag.py:538} INFO - Filling up the DagBag from /home/airflow/.local/lib/python3.8/site-packages/airflow/example_dags/example_xcomargs.py
[2024-03-26T08:47:20.707+0000] {processor.py:840} INFO - DAG(s) 'example_xcom_args_with_operators', 'example_xcom_args' retrieved from /home/airflow/.local/lib/python3.8/site-packages/airflow/example_dags/example_xcomargs.py
[2024-03-26T08:47:20.726+0000] {logging_mixin.py:188} INFO - [2024-03-26T08:47:20.726+0000] {dag.py:3036} INFO - Sync 2 DAGs
[2024-03-26T08:47:20.737+0000] {logging_mixin.py:188} INFO - [2024-03-26T08:47:20.737+0000] {dag.py:3823} INFO - Setting next_dagrun for example_xcom_args to None, run_after=None
[2024-03-26T08:47:20.740+0000] {logging_mixin.py:188} INFO - [2024-03-26T08:47:20.740+0000] {dag.py:3823} INFO - Setting next_dagrun for example_xcom_args_with_operators to None, run_after=None
[2024-03-26T08:47:20.753+0000] {processor.py:183} INFO - Processing /home/airflow/.local/lib/python3.8/site-packages/airflow/example_dags/example_xcomargs.py took 0.057 seconds
[2024-03-26T08:47:50.917+0000] {processor.py:161} INFO - Started process (PID=518) to work on /home/airflow/.local/lib/python3.8/site-packages/airflow/example_dags/example_xcomargs.py
[2024-03-26T08:47:50.918+0000] {processor.py:830} INFO - Processing file /home/airflow/.local/lib/python3.8/site-packages/airflow/example_dags/example_xcomargs.py for tasks to queue
[2024-03-26T08:47:50.920+0000] {logging_mixin.py:188} INFO - [2024-03-26T08:47:50.920+0000] {dagbag.py:538} INFO - Filling up the DagBag from /home/airflow/.local/lib/python3.8/site-packages/airflow/example_dags/example_xcomargs.py
[2024-03-26T08:47:50.926+0000] {processor.py:840} INFO - DAG(s) 'example_xcom_args_with_operators', 'example_xcom_args' retrieved from /home/airflow/.local/lib/python3.8/site-packages/airflow/example_dags/example_xcomargs.py
[2024-03-26T08:47:50.946+0000] {logging_mixin.py:188} INFO - [2024-03-26T08:47:50.945+0000] {dag.py:3036} INFO - Sync 2 DAGs
[2024-03-26T08:47:50.956+0000] {logging_mixin.py:188} INFO - [2024-03-26T08:47:50.956+0000] {dag.py:3823} INFO - Setting next_dagrun for example_xcom_args to None, run_after=None
[2024-03-26T08:47:50.960+0000] {logging_mixin.py:188} INFO - [2024-03-26T08:47:50.960+0000] {dag.py:3823} INFO - Setting next_dagrun for example_xcom_args_with_operators to None, run_after=None
[2024-03-26T08:47:50.976+0000] {processor.py:183} INFO - Processing /home/airflow/.local/lib/python3.8/site-packages/airflow/example_dags/example_xcomargs.py took 0.061 seconds
[2024-03-26T08:48:21.213+0000] {processor.py:161} INFO - Started process (PID=574) to work on /home/airflow/.local/lib/python3.8/site-packages/airflow/example_dags/example_xcomargs.py
[2024-03-26T08:48:21.215+0000] {processor.py:830} INFO - Processing file /home/airflow/.local/lib/python3.8/site-packages/airflow/example_dags/example_xcomargs.py for tasks to queue
[2024-03-26T08:48:21.216+0000] {logging_mixin.py:188} INFO - [2024-03-26T08:48:21.216+0000] {dagbag.py:538} INFO - Filling up the DagBag from /home/airflow/.local/lib/python3.8/site-packages/airflow/example_dags/example_xcomargs.py
[2024-03-26T08:48:21.222+0000] {processor.py:840} INFO - DAG(s) 'example_xcom_args', 'example_xcom_args_with_operators' retrieved from /home/airflow/.local/lib/python3.8/site-packages/airflow/example_dags/example_xcomargs.py
[2024-03-26T08:48:21.240+0000] {logging_mixin.py:188} INFO - [2024-03-26T08:48:21.239+0000] {dag.py:3036} INFO - Sync 2 DAGs
[2024-03-26T08:48:21.253+0000] {logging_mixin.py:188} INFO - [2024-03-26T08:48:21.253+0000] {dag.py:3823} INFO - Setting next_dagrun for example_xcom_args to None, run_after=None
[2024-03-26T08:48:21.256+0000] {logging_mixin.py:188} INFO - [2024-03-26T08:48:21.256+0000] {dag.py:3823} INFO - Setting next_dagrun for example_xcom_args_with_operators to None, run_after=None
[2024-03-26T08:48:21.269+0000] {processor.py:183} INFO - Processing /home/airflow/.local/lib/python3.8/site-packages/airflow/example_dags/example_xcomargs.py took 0.058 seconds
[2024-03-26T08:48:51.646+0000] {processor.py:161} INFO - Started process (PID=630) to work on /home/airflow/.local/lib/python3.8/site-packages/airflow/example_dags/example_xcomargs.py
[2024-03-26T08:48:51.647+0000] {processor.py:830} INFO - Processing file /home/airflow/.local/lib/python3.8/site-packages/airflow/example_dags/example_xcomargs.py for tasks to queue
[2024-03-26T08:48:51.648+0000] {logging_mixin.py:188} INFO - [2024-03-26T08:48:51.648+0000] {dagbag.py:538} INFO - Filling up the DagBag from /home/airflow/.local/lib/python3.8/site-packages/airflow/example_dags/example_xcomargs.py
[2024-03-26T08:48:51.655+0000] {processor.py:840} INFO - DAG(s) 'example_xcom_args_with_operators', 'example_xcom_args' retrieved from /home/airflow/.local/lib/python3.8/site-packages/airflow/example_dags/example_xcomargs.py
[2024-03-26T08:48:51.678+0000] {logging_mixin.py:188} INFO - [2024-03-26T08:48:51.678+0000] {dag.py:3036} INFO - Sync 2 DAGs
[2024-03-26T08:48:51.689+0000] {logging_mixin.py:188} INFO - [2024-03-26T08:48:51.689+0000] {dag.py:3823} INFO - Setting next_dagrun for example_xcom_args to None, run_after=None
[2024-03-26T08:48:51.692+0000] {logging_mixin.py:188} INFO - [2024-03-26T08:48:51.692+0000] {dag.py:3823} INFO - Setting next_dagrun for example_xcom_args_with_operators to None, run_after=None
[2024-03-26T08:48:51.705+0000] {processor.py:183} INFO - Processing /home/airflow/.local/lib/python3.8/site-packages/airflow/example_dags/example_xcomargs.py took 0.062 seconds
[2024-03-26T08:49:21.983+0000] {processor.py:161} INFO - Started process (PID=686) to work on /home/airflow/.local/lib/python3.8/site-packages/airflow/example_dags/example_xcomargs.py
[2024-03-26T08:49:21.984+0000] {processor.py:830} INFO - Processing file /home/airflow/.local/lib/python3.8/site-packages/airflow/example_dags/example_xcomargs.py for tasks to queue
[2024-03-26T08:49:21.985+0000] {logging_mixin.py:188} INFO - [2024-03-26T08:49:21.985+0000] {dagbag.py:538} INFO - Filling up the DagBag from /home/airflow/.local/lib/python3.8/site-packages/airflow/example_dags/example_xcomargs.py
[2024-03-26T08:49:21.992+0000] {processor.py:840} INFO - DAG(s) 'example_xcom_args', 'example_xcom_args_with_operators' retrieved from /home/airflow/.local/lib/python3.8/site-packages/airflow/example_dags/example_xcomargs.py
[2024-03-26T08:49:22.009+0000] {logging_mixin.py:188} INFO - [2024-03-26T08:49:22.009+0000] {dag.py:3036} INFO - Sync 2 DAGs
[2024-03-26T08:49:22.020+0000] {logging_mixin.py:188} INFO - [2024-03-26T08:49:22.020+0000] {dag.py:3823} INFO - Setting next_dagrun for example_xcom_args to None, run_after=None
[2024-03-26T08:49:22.024+0000] {logging_mixin.py:188} INFO - [2024-03-26T08:49:22.024+0000] {dag.py:3823} INFO - Setting next_dagrun for example_xcom_args_with_operators to None, run_after=None
[2024-03-26T08:49:22.037+0000] {processor.py:183} INFO - Processing /home/airflow/.local/lib/python3.8/site-packages/airflow/example_dags/example_xcomargs.py took 0.057 seconds
[2024-03-26T08:49:52.442+0000] {processor.py:161} INFO - Started process (PID=742) to work on /home/airflow/.local/lib/python3.8/site-packages/airflow/example_dags/example_xcomargs.py
[2024-03-26T08:49:52.443+0000] {processor.py:830} INFO - Processing file /home/airflow/.local/lib/python3.8/site-packages/airflow/example_dags/example_xcomargs.py for tasks to queue
[2024-03-26T08:49:52.445+0000] {logging_mixin.py:188} INFO - [2024-03-26T08:49:52.444+0000] {dagbag.py:538} INFO - Filling up the DagBag from /home/airflow/.local/lib/python3.8/site-packages/airflow/example_dags/example_xcomargs.py
[2024-03-26T08:49:52.451+0000] {processor.py:840} INFO - DAG(s) 'example_xcom_args', 'example_xcom_args_with_operators' retrieved from /home/airflow/.local/lib/python3.8/site-packages/airflow/example_dags/example_xcomargs.py
[2024-03-26T08:49:52.470+0000] {logging_mixin.py:188} INFO - [2024-03-26T08:49:52.469+0000] {dag.py:3036} INFO - Sync 2 DAGs
[2024-03-26T08:49:52.481+0000] {logging_mixin.py:188} INFO - [2024-03-26T08:49:52.480+0000] {dag.py:3823} INFO - Setting next_dagrun for example_xcom_args to None, run_after=None
[2024-03-26T08:49:52.484+0000] {logging_mixin.py:188} INFO - [2024-03-26T08:49:52.484+0000] {dag.py:3823} INFO - Setting next_dagrun for example_xcom_args_with_operators to None, run_after=None
[2024-03-26T08:49:52.497+0000] {processor.py:183} INFO - Processing /home/airflow/.local/lib/python3.8/site-packages/airflow/example_dags/example_xcomargs.py took 0.058 seconds
[2024-03-26T08:50:23.001+0000] {processor.py:161} INFO - Started process (PID=798) to work on /home/airflow/.local/lib/python3.8/site-packages/airflow/example_dags/example_xcomargs.py
[2024-03-26T08:50:23.002+0000] {processor.py:830} INFO - Processing file /home/airflow/.local/lib/python3.8/site-packages/airflow/example_dags/example_xcomargs.py for tasks to queue
[2024-03-26T08:50:23.004+0000] {logging_mixin.py:188} INFO - [2024-03-26T08:50:23.004+0000] {dagbag.py:538} INFO - Filling up the DagBag from /home/airflow/.local/lib/python3.8/site-packages/airflow/example_dags/example_xcomargs.py
[2024-03-26T08:50:23.010+0000] {processor.py:840} INFO - DAG(s) 'example_xcom_args_with_operators', 'example_xcom_args' retrieved from /home/airflow/.local/lib/python3.8/site-packages/airflow/example_dags/example_xcomargs.py
[2024-03-26T08:50:23.030+0000] {logging_mixin.py:188} INFO - [2024-03-26T08:50:23.030+0000] {dag.py:3036} INFO - Sync 2 DAGs
[2024-03-26T08:50:23.041+0000] {logging_mixin.py:188} INFO - [2024-03-26T08:50:23.040+0000] {dag.py:3823} INFO - Setting next_dagrun for example_xcom_args to None, run_after=None
[2024-03-26T08:50:23.044+0000] {logging_mixin.py:188} INFO - [2024-03-26T08:50:23.044+0000] {dag.py:3823} INFO - Setting next_dagrun for example_xcom_args_with_operators to None, run_after=None
[2024-03-26T08:50:23.058+0000] {processor.py:183} INFO - Processing /home/airflow/.local/lib/python3.8/site-packages/airflow/example_dags/example_xcomargs.py took 0.059 seconds
[2024-03-26T08:53:13.242+0000] {processor.py:161} INFO - Started process (PID=70) to work on /home/airflow/.local/lib/python3.8/site-packages/airflow/example_dags/example_xcomargs.py
[2024-03-26T08:53:13.244+0000] {processor.py:830} INFO - Processing file /home/airflow/.local/lib/python3.8/site-packages/airflow/example_dags/example_xcomargs.py for tasks to queue
[2024-03-26T08:53:13.247+0000] {logging_mixin.py:188} INFO - [2024-03-26T08:53:13.246+0000] {dagbag.py:538} INFO - Filling up the DagBag from /home/airflow/.local/lib/python3.8/site-packages/airflow/example_dags/example_xcomargs.py
[2024-03-26T08:53:13.257+0000] {processor.py:840} INFO - DAG(s) 'example_xcom_args_with_operators', 'example_xcom_args' retrieved from /home/airflow/.local/lib/python3.8/site-packages/airflow/example_dags/example_xcomargs.py
[2024-03-26T08:53:13.269+0000] {logging_mixin.py:188} INFO - [2024-03-26T08:53:13.269+0000] {dag.py:3036} INFO - Sync 2 DAGs
[2024-03-26T08:53:13.284+0000] {logging_mixin.py:188} INFO - [2024-03-26T08:53:13.283+0000] {dag.py:3823} INFO - Setting next_dagrun for example_xcom_args to None, run_after=None
[2024-03-26T08:53:13.288+0000] {logging_mixin.py:188} INFO - [2024-03-26T08:53:13.288+0000] {dag.py:3823} INFO - Setting next_dagrun for example_xcom_args_with_operators to None, run_after=None
[2024-03-26T08:53:13.307+0000] {processor.py:183} INFO - Processing /home/airflow/.local/lib/python3.8/site-packages/airflow/example_dags/example_xcomargs.py took 0.067 seconds
[2024-03-26T08:53:45.058+0000] {processor.py:161} INFO - Started process (PID=126) to work on /home/airflow/.local/lib/python3.8/site-packages/airflow/example_dags/example_xcomargs.py
[2024-03-26T08:53:45.059+0000] {processor.py:830} INFO - Processing file /home/airflow/.local/lib/python3.8/site-packages/airflow/example_dags/example_xcomargs.py for tasks to queue
[2024-03-26T08:53:45.060+0000] {logging_mixin.py:188} INFO - [2024-03-26T08:53:45.060+0000] {dagbag.py:538} INFO - Filling up the DagBag from /home/airflow/.local/lib/python3.8/site-packages/airflow/example_dags/example_xcomargs.py
[2024-03-26T08:53:45.066+0000] {processor.py:840} INFO - DAG(s) 'example_xcom_args_with_operators', 'example_xcom_args' retrieved from /home/airflow/.local/lib/python3.8/site-packages/airflow/example_dags/example_xcomargs.py
[2024-03-26T08:53:45.159+0000] {logging_mixin.py:188} INFO - [2024-03-26T08:53:45.158+0000] {dag.py:3036} INFO - Sync 2 DAGs
[2024-03-26T08:53:45.169+0000] {logging_mixin.py:188} INFO - [2024-03-26T08:53:45.168+0000] {dag.py:3823} INFO - Setting next_dagrun for example_xcom_args to None, run_after=None
[2024-03-26T08:53:45.172+0000] {logging_mixin.py:188} INFO - [2024-03-26T08:53:45.172+0000] {dag.py:3823} INFO - Setting next_dagrun for example_xcom_args_with_operators to None, run_after=None
[2024-03-26T08:53:45.189+0000] {processor.py:183} INFO - Processing /home/airflow/.local/lib/python3.8/site-packages/airflow/example_dags/example_xcomargs.py took 0.133 seconds
[2024-03-26T08:54:15.369+0000] {processor.py:161} INFO - Started process (PID=182) to work on /home/airflow/.local/lib/python3.8/site-packages/airflow/example_dags/example_xcomargs.py
[2024-03-26T08:54:15.370+0000] {processor.py:830} INFO - Processing file /home/airflow/.local/lib/python3.8/site-packages/airflow/example_dags/example_xcomargs.py for tasks to queue
[2024-03-26T08:54:15.371+0000] {logging_mixin.py:188} INFO - [2024-03-26T08:54:15.371+0000] {dagbag.py:538} INFO - Filling up the DagBag from /home/airflow/.local/lib/python3.8/site-packages/airflow/example_dags/example_xcomargs.py
[2024-03-26T08:54:15.377+0000] {processor.py:840} INFO - DAG(s) 'example_xcom_args', 'example_xcom_args_with_operators' retrieved from /home/airflow/.local/lib/python3.8/site-packages/airflow/example_dags/example_xcomargs.py
[2024-03-26T08:54:15.395+0000] {logging_mixin.py:188} INFO - [2024-03-26T08:54:15.395+0000] {dag.py:3036} INFO - Sync 2 DAGs
[2024-03-26T08:54:15.407+0000] {logging_mixin.py:188} INFO - [2024-03-26T08:54:15.407+0000] {dag.py:3823} INFO - Setting next_dagrun for example_xcom_args to None, run_after=None
[2024-03-26T08:54:15.410+0000] {logging_mixin.py:188} INFO - [2024-03-26T08:54:15.410+0000] {dag.py:3823} INFO - Setting next_dagrun for example_xcom_args_with_operators to None, run_after=None
[2024-03-26T08:54:15.424+0000] {processor.py:183} INFO - Processing /home/airflow/.local/lib/python3.8/site-packages/airflow/example_dags/example_xcomargs.py took 0.058 seconds
[2024-03-26T08:54:46.128+0000] {processor.py:161} INFO - Started process (PID=238) to work on /home/airflow/.local/lib/python3.8/site-packages/airflow/example_dags/example_xcomargs.py
[2024-03-26T08:54:46.130+0000] {processor.py:830} INFO - Processing file /home/airflow/.local/lib/python3.8/site-packages/airflow/example_dags/example_xcomargs.py for tasks to queue
[2024-03-26T08:54:46.132+0000] {logging_mixin.py:188} INFO - [2024-03-26T08:54:46.131+0000] {dagbag.py:538} INFO - Filling up the DagBag from /home/airflow/.local/lib/python3.8/site-packages/airflow/example_dags/example_xcomargs.py
[2024-03-26T08:54:46.139+0000] {processor.py:840} INFO - DAG(s) 'example_xcom_args_with_operators', 'example_xcom_args' retrieved from /home/airflow/.local/lib/python3.8/site-packages/airflow/example_dags/example_xcomargs.py
[2024-03-26T08:54:46.162+0000] {logging_mixin.py:188} INFO - [2024-03-26T08:54:46.161+0000] {dag.py:3036} INFO - Sync 2 DAGs
[2024-03-26T08:54:46.173+0000] {logging_mixin.py:188} INFO - [2024-03-26T08:54:46.173+0000] {dag.py:3823} INFO - Setting next_dagrun for example_xcom_args to None, run_after=None
[2024-03-26T08:54:46.177+0000] {logging_mixin.py:188} INFO - [2024-03-26T08:54:46.177+0000] {dag.py:3823} INFO - Setting next_dagrun for example_xcom_args_with_operators to None, run_after=None
[2024-03-26T08:54:46.191+0000] {processor.py:183} INFO - Processing /home/airflow/.local/lib/python3.8/site-packages/airflow/example_dags/example_xcomargs.py took 0.067 seconds
[2024-03-26T08:55:16.500+0000] {processor.py:161} INFO - Started process (PID=294) to work on /home/airflow/.local/lib/python3.8/site-packages/airflow/example_dags/example_xcomargs.py
[2024-03-26T08:55:16.501+0000] {processor.py:830} INFO - Processing file /home/airflow/.local/lib/python3.8/site-packages/airflow/example_dags/example_xcomargs.py for tasks to queue
[2024-03-26T08:55:16.503+0000] {logging_mixin.py:188} INFO - [2024-03-26T08:55:16.502+0000] {dagbag.py:538} INFO - Filling up the DagBag from /home/airflow/.local/lib/python3.8/site-packages/airflow/example_dags/example_xcomargs.py
[2024-03-26T08:55:16.510+0000] {processor.py:840} INFO - DAG(s) 'example_xcom_args', 'example_xcom_args_with_operators' retrieved from /home/airflow/.local/lib/python3.8/site-packages/airflow/example_dags/example_xcomargs.py
[2024-03-26T08:55:16.528+0000] {logging_mixin.py:188} INFO - [2024-03-26T08:55:16.528+0000] {dag.py:3036} INFO - Sync 2 DAGs
[2024-03-26T08:55:16.539+0000] {logging_mixin.py:188} INFO - [2024-03-26T08:55:16.539+0000] {dag.py:3823} INFO - Setting next_dagrun for example_xcom_args to None, run_after=None
[2024-03-26T08:55:16.543+0000] {logging_mixin.py:188} INFO - [2024-03-26T08:55:16.543+0000] {dag.py:3823} INFO - Setting next_dagrun for example_xcom_args_with_operators to None, run_after=None
[2024-03-26T08:55:16.557+0000] {processor.py:183} INFO - Processing /home/airflow/.local/lib/python3.8/site-packages/airflow/example_dags/example_xcomargs.py took 0.060 seconds
[2024-03-26T08:55:46.916+0000] {processor.py:161} INFO - Started process (PID=350) to work on /home/airflow/.local/lib/python3.8/site-packages/airflow/example_dags/example_xcomargs.py
[2024-03-26T08:55:46.917+0000] {processor.py:830} INFO - Processing file /home/airflow/.local/lib/python3.8/site-packages/airflow/example_dags/example_xcomargs.py for tasks to queue
[2024-03-26T08:55:46.918+0000] {logging_mixin.py:188} INFO - [2024-03-26T08:55:46.918+0000] {dagbag.py:538} INFO - Filling up the DagBag from /home/airflow/.local/lib/python3.8/site-packages/airflow/example_dags/example_xcomargs.py
[2024-03-26T08:55:46.925+0000] {processor.py:840} INFO - DAG(s) 'example_xcom_args', 'example_xcom_args_with_operators' retrieved from /home/airflow/.local/lib/python3.8/site-packages/airflow/example_dags/example_xcomargs.py
[2024-03-26T08:55:46.944+0000] {logging_mixin.py:188} INFO - [2024-03-26T08:55:46.944+0000] {dag.py:3036} INFO - Sync 2 DAGs
[2024-03-26T08:55:46.954+0000] {logging_mixin.py:188} INFO - [2024-03-26T08:55:46.954+0000] {dag.py:3823} INFO - Setting next_dagrun for example_xcom_args to None, run_after=None
[2024-03-26T08:55:46.957+0000] {logging_mixin.py:188} INFO - [2024-03-26T08:55:46.957+0000] {dag.py:3823} INFO - Setting next_dagrun for example_xcom_args_with_operators to None, run_after=None
[2024-03-26T08:55:46.971+0000] {processor.py:183} INFO - Processing /home/airflow/.local/lib/python3.8/site-packages/airflow/example_dags/example_xcomargs.py took 0.057 seconds
[2024-03-26T08:56:17.179+0000] {processor.py:161} INFO - Started process (PID=406) to work on /home/airflow/.local/lib/python3.8/site-packages/airflow/example_dags/example_xcomargs.py
[2024-03-26T08:56:17.180+0000] {processor.py:830} INFO - Processing file /home/airflow/.local/lib/python3.8/site-packages/airflow/example_dags/example_xcomargs.py for tasks to queue
[2024-03-26T08:56:17.181+0000] {logging_mixin.py:188} INFO - [2024-03-26T08:56:17.181+0000] {dagbag.py:538} INFO - Filling up the DagBag from /home/airflow/.local/lib/python3.8/site-packages/airflow/example_dags/example_xcomargs.py
[2024-03-26T08:56:17.187+0000] {processor.py:840} INFO - DAG(s) 'example_xcom_args', 'example_xcom_args_with_operators' retrieved from /home/airflow/.local/lib/python3.8/site-packages/airflow/example_dags/example_xcomargs.py
[2024-03-26T08:56:17.205+0000] {logging_mixin.py:188} INFO - [2024-03-26T08:56:17.205+0000] {dag.py:3036} INFO - Sync 2 DAGs
[2024-03-26T08:56:17.215+0000] {logging_mixin.py:188} INFO - [2024-03-26T08:56:17.215+0000] {dag.py:3823} INFO - Setting next_dagrun for example_xcom_args to None, run_after=None
[2024-03-26T08:56:17.219+0000] {logging_mixin.py:188} INFO - [2024-03-26T08:56:17.218+0000] {dag.py:3823} INFO - Setting next_dagrun for example_xcom_args_with_operators to None, run_after=None
[2024-03-26T08:56:17.231+0000] {processor.py:183} INFO - Processing /home/airflow/.local/lib/python3.8/site-packages/airflow/example_dags/example_xcomargs.py took 0.055 seconds
[2024-03-26T08:56:47.547+0000] {processor.py:161} INFO - Started process (PID=462) to work on /home/airflow/.local/lib/python3.8/site-packages/airflow/example_dags/example_xcomargs.py
[2024-03-26T08:56:47.547+0000] {processor.py:830} INFO - Processing file /home/airflow/.local/lib/python3.8/site-packages/airflow/example_dags/example_xcomargs.py for tasks to queue
[2024-03-26T08:56:47.549+0000] {logging_mixin.py:188} INFO - [2024-03-26T08:56:47.549+0000] {dagbag.py:538} INFO - Filling up the DagBag from /home/airflow/.local/lib/python3.8/site-packages/airflow/example_dags/example_xcomargs.py
[2024-03-26T08:56:47.555+0000] {processor.py:840} INFO - DAG(s) 'example_xcom_args_with_operators', 'example_xcom_args' retrieved from /home/airflow/.local/lib/python3.8/site-packages/airflow/example_dags/example_xcomargs.py
[2024-03-26T08:56:47.572+0000] {logging_mixin.py:188} INFO - [2024-03-26T08:56:47.572+0000] {dag.py:3036} INFO - Sync 2 DAGs
[2024-03-26T08:56:47.582+0000] {logging_mixin.py:188} INFO - [2024-03-26T08:56:47.582+0000] {dag.py:3823} INFO - Setting next_dagrun for example_xcom_args to None, run_after=None
[2024-03-26T08:56:47.585+0000] {logging_mixin.py:188} INFO - [2024-03-26T08:56:47.585+0000] {dag.py:3823} INFO - Setting next_dagrun for example_xcom_args_with_operators to None, run_after=None
[2024-03-26T08:56:47.599+0000] {processor.py:183} INFO - Processing /home/airflow/.local/lib/python3.8/site-packages/airflow/example_dags/example_xcomargs.py took 0.054 seconds
[2024-03-26T08:57:17.893+0000] {processor.py:161} INFO - Started process (PID=518) to work on /home/airflow/.local/lib/python3.8/site-packages/airflow/example_dags/example_xcomargs.py
[2024-03-26T08:57:17.894+0000] {processor.py:830} INFO - Processing file /home/airflow/.local/lib/python3.8/site-packages/airflow/example_dags/example_xcomargs.py for tasks to queue
[2024-03-26T08:57:17.896+0000] {logging_mixin.py:188} INFO - [2024-03-26T08:57:17.896+0000] {dagbag.py:538} INFO - Filling up the DagBag from /home/airflow/.local/lib/python3.8/site-packages/airflow/example_dags/example_xcomargs.py
[2024-03-26T08:57:17.902+0000] {processor.py:840} INFO - DAG(s) 'example_xcom_args_with_operators', 'example_xcom_args' retrieved from /home/airflow/.local/lib/python3.8/site-packages/airflow/example_dags/example_xcomargs.py
[2024-03-26T08:57:17.920+0000] {logging_mixin.py:188} INFO - [2024-03-26T08:57:17.920+0000] {dag.py:3036} INFO - Sync 2 DAGs
[2024-03-26T08:57:17.931+0000] {logging_mixin.py:188} INFO - [2024-03-26T08:57:17.930+0000] {dag.py:3823} INFO - Setting next_dagrun for example_xcom_args to None, run_after=None
[2024-03-26T08:57:17.935+0000] {logging_mixin.py:188} INFO - [2024-03-26T08:57:17.934+0000] {dag.py:3823} INFO - Setting next_dagrun for example_xcom_args_with_operators to None, run_after=None
[2024-03-26T08:57:17.950+0000] {processor.py:183} INFO - Processing /home/airflow/.local/lib/python3.8/site-packages/airflow/example_dags/example_xcomargs.py took 0.058 seconds
[2024-03-26T08:57:48.420+0000] {processor.py:161} INFO - Started process (PID=574) to work on /home/airflow/.local/lib/python3.8/site-packages/airflow/example_dags/example_xcomargs.py
[2024-03-26T08:57:48.421+0000] {processor.py:830} INFO - Processing file /home/airflow/.local/lib/python3.8/site-packages/airflow/example_dags/example_xcomargs.py for tasks to queue
[2024-03-26T08:57:48.422+0000] {logging_mixin.py:188} INFO - [2024-03-26T08:57:48.422+0000] {dagbag.py:538} INFO - Filling up the DagBag from /home/airflow/.local/lib/python3.8/site-packages/airflow/example_dags/example_xcomargs.py
[2024-03-26T08:57:48.429+0000] {processor.py:840} INFO - DAG(s) 'example_xcom_args', 'example_xcom_args_with_operators' retrieved from /home/airflow/.local/lib/python3.8/site-packages/airflow/example_dags/example_xcomargs.py
[2024-03-26T08:57:48.450+0000] {logging_mixin.py:188} INFO - [2024-03-26T08:57:48.449+0000] {dag.py:3036} INFO - Sync 2 DAGs
[2024-03-26T08:57:48.461+0000] {logging_mixin.py:188} INFO - [2024-03-26T08:57:48.460+0000] {dag.py:3823} INFO - Setting next_dagrun for example_xcom_args to None, run_after=None
[2024-03-26T08:57:48.464+0000] {logging_mixin.py:188} INFO - [2024-03-26T08:57:48.464+0000] {dag.py:3823} INFO - Setting next_dagrun for example_xcom_args_with_operators to None, run_after=None
[2024-03-26T08:57:48.478+0000] {processor.py:183} INFO - Processing /home/airflow/.local/lib/python3.8/site-packages/airflow/example_dags/example_xcomargs.py took 0.061 seconds
[2024-03-26T08:58:18.945+0000] {processor.py:161} INFO - Started process (PID=630) to work on /home/airflow/.local/lib/python3.8/site-packages/airflow/example_dags/example_xcomargs.py
[2024-03-26T08:58:18.946+0000] {processor.py:830} INFO - Processing file /home/airflow/.local/lib/python3.8/site-packages/airflow/example_dags/example_xcomargs.py for tasks to queue
[2024-03-26T08:58:18.947+0000] {logging_mixin.py:188} INFO - [2024-03-26T08:58:18.947+0000] {dagbag.py:538} INFO - Filling up the DagBag from /home/airflow/.local/lib/python3.8/site-packages/airflow/example_dags/example_xcomargs.py
[2024-03-26T08:58:18.953+0000] {processor.py:840} INFO - DAG(s) 'example_xcom_args_with_operators', 'example_xcom_args' retrieved from /home/airflow/.local/lib/python3.8/site-packages/airflow/example_dags/example_xcomargs.py
[2024-03-26T08:58:18.975+0000] {logging_mixin.py:188} INFO - [2024-03-26T08:58:18.975+0000] {dag.py:3036} INFO - Sync 2 DAGs
[2024-03-26T08:58:18.986+0000] {logging_mixin.py:188} INFO - [2024-03-26T08:58:18.986+0000] {dag.py:3823} INFO - Setting next_dagrun for example_xcom_args to None, run_after=None
[2024-03-26T08:58:18.991+0000] {logging_mixin.py:188} INFO - [2024-03-26T08:58:18.991+0000] {dag.py:3823} INFO - Setting next_dagrun for example_xcom_args_with_operators to None, run_after=None
[2024-03-26T08:58:19.007+0000] {processor.py:183} INFO - Processing /home/airflow/.local/lib/python3.8/site-packages/airflow/example_dags/example_xcomargs.py took 0.065 seconds
[2024-03-26T08:58:49.412+0000] {processor.py:161} INFO - Started process (PID=686) to work on /home/airflow/.local/lib/python3.8/site-packages/airflow/example_dags/example_xcomargs.py
[2024-03-26T08:58:49.413+0000] {processor.py:830} INFO - Processing file /home/airflow/.local/lib/python3.8/site-packages/airflow/example_dags/example_xcomargs.py for tasks to queue
[2024-03-26T08:58:49.415+0000] {logging_mixin.py:188} INFO - [2024-03-26T08:58:49.414+0000] {dagbag.py:538} INFO - Filling up the DagBag from /home/airflow/.local/lib/python3.8/site-packages/airflow/example_dags/example_xcomargs.py
[2024-03-26T08:58:49.421+0000] {processor.py:840} INFO - DAG(s) 'example_xcom_args_with_operators', 'example_xcom_args' retrieved from /home/airflow/.local/lib/python3.8/site-packages/airflow/example_dags/example_xcomargs.py
[2024-03-26T08:58:49.439+0000] {logging_mixin.py:188} INFO - [2024-03-26T08:58:49.439+0000] {dag.py:3036} INFO - Sync 2 DAGs
[2024-03-26T08:58:49.453+0000] {logging_mixin.py:188} INFO - [2024-03-26T08:58:49.453+0000] {dag.py:3823} INFO - Setting next_dagrun for example_xcom_args to None, run_after=None
[2024-03-26T08:58:49.457+0000] {logging_mixin.py:188} INFO - [2024-03-26T08:58:49.457+0000] {dag.py:3823} INFO - Setting next_dagrun for example_xcom_args_with_operators to None, run_after=None
[2024-03-26T08:58:49.471+0000] {processor.py:183} INFO - Processing /home/airflow/.local/lib/python3.8/site-packages/airflow/example_dags/example_xcomargs.py took 0.061 seconds
[2024-03-26T09:07:41.853+0000] {processor.py:161} INFO - Started process (PID=71) to work on /home/airflow/.local/lib/python3.8/site-packages/airflow/example_dags/example_xcomargs.py
[2024-03-26T09:07:41.854+0000] {processor.py:830} INFO - Processing file /home/airflow/.local/lib/python3.8/site-packages/airflow/example_dags/example_xcomargs.py for tasks to queue
[2024-03-26T09:07:41.856+0000] {logging_mixin.py:188} INFO - [2024-03-26T09:07:41.856+0000] {dagbag.py:538} INFO - Filling up the DagBag from /home/airflow/.local/lib/python3.8/site-packages/airflow/example_dags/example_xcomargs.py
[2024-03-26T09:07:41.865+0000] {processor.py:840} INFO - DAG(s) 'example_xcom_args', 'example_xcom_args_with_operators' retrieved from /home/airflow/.local/lib/python3.8/site-packages/airflow/example_dags/example_xcomargs.py
[2024-03-26T09:07:41.876+0000] {logging_mixin.py:188} INFO - [2024-03-26T09:07:41.876+0000] {dag.py:3036} INFO - Sync 2 DAGs
[2024-03-26T09:07:41.889+0000] {logging_mixin.py:188} INFO - [2024-03-26T09:07:41.889+0000] {dag.py:3823} INFO - Setting next_dagrun for example_xcom_args to None, run_after=None
[2024-03-26T09:07:41.893+0000] {logging_mixin.py:188} INFO - [2024-03-26T09:07:41.893+0000] {dag.py:3823} INFO - Setting next_dagrun for example_xcom_args_with_operators to None, run_after=None
[2024-03-26T09:07:41.908+0000] {processor.py:183} INFO - Processing /home/airflow/.local/lib/python3.8/site-packages/airflow/example_dags/example_xcomargs.py took 0.058 seconds
[2024-03-26T09:08:12.771+0000] {processor.py:161} INFO - Started process (PID=129) to work on /home/airflow/.local/lib/python3.8/site-packages/airflow/example_dags/example_xcomargs.py
[2024-03-26T09:08:12.772+0000] {processor.py:830} INFO - Processing file /home/airflow/.local/lib/python3.8/site-packages/airflow/example_dags/example_xcomargs.py for tasks to queue
[2024-03-26T09:08:12.774+0000] {logging_mixin.py:188} INFO - [2024-03-26T09:08:12.774+0000] {dagbag.py:538} INFO - Filling up the DagBag from /home/airflow/.local/lib/python3.8/site-packages/airflow/example_dags/example_xcomargs.py
[2024-03-26T09:08:12.781+0000] {processor.py:840} INFO - DAG(s) 'example_xcom_args_with_operators', 'example_xcom_args' retrieved from /home/airflow/.local/lib/python3.8/site-packages/airflow/example_dags/example_xcomargs.py
[2024-03-26T09:08:12.879+0000] {logging_mixin.py:188} INFO - [2024-03-26T09:08:12.879+0000] {dag.py:3036} INFO - Sync 2 DAGs
[2024-03-26T09:08:12.890+0000] {logging_mixin.py:188} INFO - [2024-03-26T09:08:12.889+0000] {dag.py:3823} INFO - Setting next_dagrun for example_xcom_args to None, run_after=None
[2024-03-26T09:08:12.893+0000] {logging_mixin.py:188} INFO - [2024-03-26T09:08:12.892+0000] {dag.py:3823} INFO - Setting next_dagrun for example_xcom_args_with_operators to None, run_after=None
[2024-03-26T09:08:12.909+0000] {processor.py:183} INFO - Processing /home/airflow/.local/lib/python3.8/site-packages/airflow/example_dags/example_xcomargs.py took 0.140 seconds
[2024-03-26T09:08:43.569+0000] {processor.py:161} INFO - Started process (PID=186) to work on /home/airflow/.local/lib/python3.8/site-packages/airflow/example_dags/example_xcomargs.py
[2024-03-26T09:08:43.570+0000] {processor.py:830} INFO - Processing file /home/airflow/.local/lib/python3.8/site-packages/airflow/example_dags/example_xcomargs.py for tasks to queue
[2024-03-26T09:08:43.571+0000] {logging_mixin.py:188} INFO - [2024-03-26T09:08:43.571+0000] {dagbag.py:538} INFO - Filling up the DagBag from /home/airflow/.local/lib/python3.8/site-packages/airflow/example_dags/example_xcomargs.py
[2024-03-26T09:08:43.578+0000] {processor.py:840} INFO - DAG(s) 'example_xcom_args_with_operators', 'example_xcom_args' retrieved from /home/airflow/.local/lib/python3.8/site-packages/airflow/example_dags/example_xcomargs.py
[2024-03-26T09:08:43.597+0000] {logging_mixin.py:188} INFO - [2024-03-26T09:08:43.597+0000] {dag.py:3036} INFO - Sync 2 DAGs
[2024-03-26T09:08:43.609+0000] {logging_mixin.py:188} INFO - [2024-03-26T09:08:43.608+0000] {dag.py:3823} INFO - Setting next_dagrun for example_xcom_args to None, run_after=None
[2024-03-26T09:08:43.612+0000] {logging_mixin.py:188} INFO - [2024-03-26T09:08:43.612+0000] {dag.py:3823} INFO - Setting next_dagrun for example_xcom_args_with_operators to None, run_after=None
[2024-03-26T09:08:43.629+0000] {processor.py:183} INFO - Processing /home/airflow/.local/lib/python3.8/site-packages/airflow/example_dags/example_xcomargs.py took 0.062 seconds
[2024-03-26T09:09:14.178+0000] {processor.py:161} INFO - Started process (PID=243) to work on /home/airflow/.local/lib/python3.8/site-packages/airflow/example_dags/example_xcomargs.py
[2024-03-26T09:09:14.179+0000] {processor.py:830} INFO - Processing file /home/airflow/.local/lib/python3.8/site-packages/airflow/example_dags/example_xcomargs.py for tasks to queue
[2024-03-26T09:09:14.181+0000] {logging_mixin.py:188} INFO - [2024-03-26T09:09:14.181+0000] {dagbag.py:538} INFO - Filling up the DagBag from /home/airflow/.local/lib/python3.8/site-packages/airflow/example_dags/example_xcomargs.py
[2024-03-26T09:09:14.189+0000] {processor.py:840} INFO - DAG(s) 'example_xcom_args', 'example_xcom_args_with_operators' retrieved from /home/airflow/.local/lib/python3.8/site-packages/airflow/example_dags/example_xcomargs.py
[2024-03-26T09:09:14.212+0000] {logging_mixin.py:188} INFO - [2024-03-26T09:09:14.212+0000] {dag.py:3036} INFO - Sync 2 DAGs
[2024-03-26T09:09:14.226+0000] {logging_mixin.py:188} INFO - [2024-03-26T09:09:14.225+0000] {dag.py:3823} INFO - Setting next_dagrun for example_xcom_args to None, run_after=None
[2024-03-26T09:09:14.230+0000] {logging_mixin.py:188} INFO - [2024-03-26T09:09:14.230+0000] {dag.py:3823} INFO - Setting next_dagrun for example_xcom_args_with_operators to None, run_after=None
[2024-03-26T09:09:14.249+0000] {processor.py:183} INFO - Processing /home/airflow/.local/lib/python3.8/site-packages/airflow/example_dags/example_xcomargs.py took 0.074 seconds
[2024-03-26T09:09:44.989+0000] {processor.py:161} INFO - Started process (PID=300) to work on /home/airflow/.local/lib/python3.8/site-packages/airflow/example_dags/example_xcomargs.py
[2024-03-26T09:09:44.990+0000] {processor.py:830} INFO - Processing file /home/airflow/.local/lib/python3.8/site-packages/airflow/example_dags/example_xcomargs.py for tasks to queue
[2024-03-26T09:09:44.992+0000] {logging_mixin.py:188} INFO - [2024-03-26T09:09:44.992+0000] {dagbag.py:538} INFO - Filling up the DagBag from /home/airflow/.local/lib/python3.8/site-packages/airflow/example_dags/example_xcomargs.py
[2024-03-26T09:09:44.999+0000] {processor.py:840} INFO - DAG(s) 'example_xcom_args', 'example_xcom_args_with_operators' retrieved from /home/airflow/.local/lib/python3.8/site-packages/airflow/example_dags/example_xcomargs.py
[2024-03-26T09:09:45.017+0000] {logging_mixin.py:188} INFO - [2024-03-26T09:09:45.017+0000] {dag.py:3036} INFO - Sync 2 DAGs
[2024-03-26T09:09:45.028+0000] {logging_mixin.py:188} INFO - [2024-03-26T09:09:45.028+0000] {dag.py:3823} INFO - Setting next_dagrun for example_xcom_args to None, run_after=None
[2024-03-26T09:09:45.031+0000] {logging_mixin.py:188} INFO - [2024-03-26T09:09:45.031+0000] {dag.py:3823} INFO - Setting next_dagrun for example_xcom_args_with_operators to None, run_after=None
[2024-03-26T09:09:45.044+0000] {processor.py:183} INFO - Processing /home/airflow/.local/lib/python3.8/site-packages/airflow/example_dags/example_xcomargs.py took 0.057 seconds
[2024-03-26T09:10:15.703+0000] {processor.py:161} INFO - Started process (PID=357) to work on /home/airflow/.local/lib/python3.8/site-packages/airflow/example_dags/example_xcomargs.py
[2024-03-26T09:10:15.704+0000] {processor.py:830} INFO - Processing file /home/airflow/.local/lib/python3.8/site-packages/airflow/example_dags/example_xcomargs.py for tasks to queue
[2024-03-26T09:10:15.706+0000] {logging_mixin.py:188} INFO - [2024-03-26T09:10:15.706+0000] {dagbag.py:538} INFO - Filling up the DagBag from /home/airflow/.local/lib/python3.8/site-packages/airflow/example_dags/example_xcomargs.py
[2024-03-26T09:10:15.712+0000] {processor.py:840} INFO - DAG(s) 'example_xcom_args_with_operators', 'example_xcom_args' retrieved from /home/airflow/.local/lib/python3.8/site-packages/airflow/example_dags/example_xcomargs.py
[2024-03-26T09:10:15.732+0000] {logging_mixin.py:188} INFO - [2024-03-26T09:10:15.732+0000] {dag.py:3036} INFO - Sync 2 DAGs
[2024-03-26T09:10:15.744+0000] {logging_mixin.py:188} INFO - [2024-03-26T09:10:15.744+0000] {dag.py:3823} INFO - Setting next_dagrun for example_xcom_args to None, run_after=None
[2024-03-26T09:10:15.748+0000] {logging_mixin.py:188} INFO - [2024-03-26T09:10:15.747+0000] {dag.py:3823} INFO - Setting next_dagrun for example_xcom_args_with_operators to None, run_after=None
[2024-03-26T09:10:15.764+0000] {processor.py:183} INFO - Processing /home/airflow/.local/lib/python3.8/site-packages/airflow/example_dags/example_xcomargs.py took 0.063 seconds
[2024-03-26T09:50:58.053+0000] {processor.py:161} INFO - Started process (PID=71) to work on /home/airflow/.local/lib/python3.8/site-packages/airflow/example_dags/example_xcomargs.py
[2024-03-26T09:50:58.054+0000] {processor.py:830} INFO - Processing file /home/airflow/.local/lib/python3.8/site-packages/airflow/example_dags/example_xcomargs.py for tasks to queue
[2024-03-26T09:50:58.056+0000] {logging_mixin.py:188} INFO - [2024-03-26T09:50:58.056+0000] {dagbag.py:538} INFO - Filling up the DagBag from /home/airflow/.local/lib/python3.8/site-packages/airflow/example_dags/example_xcomargs.py
[2024-03-26T09:50:58.065+0000] {processor.py:840} INFO - DAG(s) 'example_xcom_args', 'example_xcom_args_with_operators' retrieved from /home/airflow/.local/lib/python3.8/site-packages/airflow/example_dags/example_xcomargs.py
[2024-03-26T09:50:58.076+0000] {logging_mixin.py:188} INFO - [2024-03-26T09:50:58.076+0000] {dag.py:3036} INFO - Sync 2 DAGs
[2024-03-26T09:50:58.088+0000] {logging_mixin.py:188} INFO - [2024-03-26T09:50:58.088+0000] {dag.py:3823} INFO - Setting next_dagrun for example_xcom_args to None, run_after=None
[2024-03-26T09:50:58.092+0000] {logging_mixin.py:188} INFO - [2024-03-26T09:50:58.092+0000] {dag.py:3823} INFO - Setting next_dagrun for example_xcom_args_with_operators to None, run_after=None
[2024-03-26T09:50:58.111+0000] {processor.py:183} INFO - Processing /home/airflow/.local/lib/python3.8/site-packages/airflow/example_dags/example_xcomargs.py took 0.060 seconds
[2024-03-26T09:51:28.856+0000] {processor.py:161} INFO - Started process (PID=128) to work on /home/airflow/.local/lib/python3.8/site-packages/airflow/example_dags/example_xcomargs.py
[2024-03-26T09:51:28.857+0000] {processor.py:830} INFO - Processing file /home/airflow/.local/lib/python3.8/site-packages/airflow/example_dags/example_xcomargs.py for tasks to queue
[2024-03-26T09:51:28.858+0000] {logging_mixin.py:188} INFO - [2024-03-26T09:51:28.858+0000] {dagbag.py:538} INFO - Filling up the DagBag from /home/airflow/.local/lib/python3.8/site-packages/airflow/example_dags/example_xcomargs.py
[2024-03-26T09:51:28.864+0000] {processor.py:840} INFO - DAG(s) 'example_xcom_args_with_operators', 'example_xcom_args' retrieved from /home/airflow/.local/lib/python3.8/site-packages/airflow/example_dags/example_xcomargs.py
[2024-03-26T09:51:28.954+0000] {logging_mixin.py:188} INFO - [2024-03-26T09:51:28.953+0000] {dag.py:3036} INFO - Sync 2 DAGs
[2024-03-26T09:51:28.963+0000] {logging_mixin.py:188} INFO - [2024-03-26T09:51:28.963+0000] {dag.py:3823} INFO - Setting next_dagrun for example_xcom_args to None, run_after=None
[2024-03-26T09:51:28.966+0000] {logging_mixin.py:188} INFO - [2024-03-26T09:51:28.966+0000] {dag.py:3823} INFO - Setting next_dagrun for example_xcom_args_with_operators to None, run_after=None
[2024-03-26T09:51:28.980+0000] {processor.py:183} INFO - Processing /home/airflow/.local/lib/python3.8/site-packages/airflow/example_dags/example_xcomargs.py took 0.126 seconds
[2024-03-26T09:51:59.185+0000] {processor.py:161} INFO - Started process (PID=185) to work on /home/airflow/.local/lib/python3.8/site-packages/airflow/example_dags/example_xcomargs.py
[2024-03-26T09:51:59.186+0000] {processor.py:830} INFO - Processing file /home/airflow/.local/lib/python3.8/site-packages/airflow/example_dags/example_xcomargs.py for tasks to queue
[2024-03-26T09:51:59.187+0000] {logging_mixin.py:188} INFO - [2024-03-26T09:51:59.187+0000] {dagbag.py:538} INFO - Filling up the DagBag from /home/airflow/.local/lib/python3.8/site-packages/airflow/example_dags/example_xcomargs.py
[2024-03-26T09:51:59.193+0000] {processor.py:840} INFO - DAG(s) 'example_xcom_args', 'example_xcom_args_with_operators' retrieved from /home/airflow/.local/lib/python3.8/site-packages/airflow/example_dags/example_xcomargs.py
[2024-03-26T09:51:59.213+0000] {logging_mixin.py:188} INFO - [2024-03-26T09:51:59.212+0000] {dag.py:3036} INFO - Sync 2 DAGs
[2024-03-26T09:51:59.225+0000] {logging_mixin.py:188} INFO - [2024-03-26T09:51:59.225+0000] {dag.py:3823} INFO - Setting next_dagrun for example_xcom_args to None, run_after=None
[2024-03-26T09:51:59.228+0000] {logging_mixin.py:188} INFO - [2024-03-26T09:51:59.228+0000] {dag.py:3823} INFO - Setting next_dagrun for example_xcom_args_with_operators to None, run_after=None
[2024-03-26T09:51:59.241+0000] {processor.py:183} INFO - Processing /home/airflow/.local/lib/python3.8/site-packages/airflow/example_dags/example_xcomargs.py took 0.059 seconds
[2024-03-26T09:52:29.990+0000] {processor.py:161} INFO - Started process (PID=242) to work on /home/airflow/.local/lib/python3.8/site-packages/airflow/example_dags/example_xcomargs.py
[2024-03-26T09:52:29.991+0000] {processor.py:830} INFO - Processing file /home/airflow/.local/lib/python3.8/site-packages/airflow/example_dags/example_xcomargs.py for tasks to queue
[2024-03-26T09:52:29.993+0000] {logging_mixin.py:188} INFO - [2024-03-26T09:52:29.992+0000] {dagbag.py:538} INFO - Filling up the DagBag from /home/airflow/.local/lib/python3.8/site-packages/airflow/example_dags/example_xcomargs.py
[2024-03-26T09:52:29.999+0000] {processor.py:840} INFO - DAG(s) 'example_xcom_args', 'example_xcom_args_with_operators' retrieved from /home/airflow/.local/lib/python3.8/site-packages/airflow/example_dags/example_xcomargs.py
[2024-03-26T09:52:30.018+0000] {logging_mixin.py:188} INFO - [2024-03-26T09:52:30.018+0000] {dag.py:3036} INFO - Sync 2 DAGs
[2024-03-26T09:52:30.028+0000] {logging_mixin.py:188} INFO - [2024-03-26T09:52:30.028+0000] {dag.py:3823} INFO - Setting next_dagrun for example_xcom_args to None, run_after=None
[2024-03-26T09:52:30.032+0000] {logging_mixin.py:188} INFO - [2024-03-26T09:52:30.032+0000] {dag.py:3823} INFO - Setting next_dagrun for example_xcom_args_with_operators to None, run_after=None
[2024-03-26T09:52:30.045+0000] {processor.py:183} INFO - Processing /home/airflow/.local/lib/python3.8/site-packages/airflow/example_dags/example_xcomargs.py took 0.057 seconds
[2024-03-26T09:53:00.851+0000] {processor.py:161} INFO - Started process (PID=299) to work on /home/airflow/.local/lib/python3.8/site-packages/airflow/example_dags/example_xcomargs.py
[2024-03-26T09:53:00.852+0000] {processor.py:830} INFO - Processing file /home/airflow/.local/lib/python3.8/site-packages/airflow/example_dags/example_xcomargs.py for tasks to queue
[2024-03-26T09:53:00.854+0000] {logging_mixin.py:188} INFO - [2024-03-26T09:53:00.853+0000] {dagbag.py:538} INFO - Filling up the DagBag from /home/airflow/.local/lib/python3.8/site-packages/airflow/example_dags/example_xcomargs.py
[2024-03-26T09:53:00.860+0000] {processor.py:840} INFO - DAG(s) 'example_xcom_args_with_operators', 'example_xcom_args' retrieved from /home/airflow/.local/lib/python3.8/site-packages/airflow/example_dags/example_xcomargs.py
[2024-03-26T09:53:00.878+0000] {logging_mixin.py:188} INFO - [2024-03-26T09:53:00.877+0000] {dag.py:3036} INFO - Sync 2 DAGs
[2024-03-26T09:53:00.888+0000] {logging_mixin.py:188} INFO - [2024-03-26T09:53:00.888+0000] {dag.py:3823} INFO - Setting next_dagrun for example_xcom_args to None, run_after=None
[2024-03-26T09:53:00.891+0000] {logging_mixin.py:188} INFO - [2024-03-26T09:53:00.891+0000] {dag.py:3823} INFO - Setting next_dagrun for example_xcom_args_with_operators to None, run_after=None
[2024-03-26T09:53:00.904+0000] {processor.py:183} INFO - Processing /home/airflow/.local/lib/python3.8/site-packages/airflow/example_dags/example_xcomargs.py took 0.055 seconds
[2024-03-26T09:53:31.264+0000] {processor.py:161} INFO - Started process (PID=356) to work on /home/airflow/.local/lib/python3.8/site-packages/airflow/example_dags/example_xcomargs.py
[2024-03-26T09:53:31.265+0000] {processor.py:830} INFO - Processing file /home/airflow/.local/lib/python3.8/site-packages/airflow/example_dags/example_xcomargs.py for tasks to queue
[2024-03-26T09:53:31.267+0000] {logging_mixin.py:188} INFO - [2024-03-26T09:53:31.267+0000] {dagbag.py:538} INFO - Filling up the DagBag from /home/airflow/.local/lib/python3.8/site-packages/airflow/example_dags/example_xcomargs.py
[2024-03-26T09:53:31.273+0000] {processor.py:840} INFO - DAG(s) 'example_xcom_args', 'example_xcom_args_with_operators' retrieved from /home/airflow/.local/lib/python3.8/site-packages/airflow/example_dags/example_xcomargs.py
[2024-03-26T09:53:31.291+0000] {logging_mixin.py:188} INFO - [2024-03-26T09:53:31.291+0000] {dag.py:3036} INFO - Sync 2 DAGs
[2024-03-26T09:53:31.302+0000] {logging_mixin.py:188} INFO - [2024-03-26T09:53:31.302+0000] {dag.py:3823} INFO - Setting next_dagrun for example_xcom_args to None, run_after=None
[2024-03-26T09:53:31.305+0000] {logging_mixin.py:188} INFO - [2024-03-26T09:53:31.305+0000] {dag.py:3823} INFO - Setting next_dagrun for example_xcom_args_with_operators to None, run_after=None
[2024-03-26T09:53:31.318+0000] {processor.py:183} INFO - Processing /home/airflow/.local/lib/python3.8/site-packages/airflow/example_dags/example_xcomargs.py took 0.056 seconds
[2024-03-26T09:54:02.355+0000] {processor.py:161} INFO - Started process (PID=413) to work on /home/airflow/.local/lib/python3.8/site-packages/airflow/example_dags/example_xcomargs.py
[2024-03-26T09:54:02.356+0000] {processor.py:830} INFO - Processing file /home/airflow/.local/lib/python3.8/site-packages/airflow/example_dags/example_xcomargs.py for tasks to queue
[2024-03-26T09:54:02.357+0000] {logging_mixin.py:188} INFO - [2024-03-26T09:54:02.357+0000] {dagbag.py:538} INFO - Filling up the DagBag from /home/airflow/.local/lib/python3.8/site-packages/airflow/example_dags/example_xcomargs.py
[2024-03-26T09:54:02.363+0000] {processor.py:840} INFO - DAG(s) 'example_xcom_args', 'example_xcom_args_with_operators' retrieved from /home/airflow/.local/lib/python3.8/site-packages/airflow/example_dags/example_xcomargs.py
[2024-03-26T09:54:02.381+0000] {logging_mixin.py:188} INFO - [2024-03-26T09:54:02.381+0000] {dag.py:3036} INFO - Sync 2 DAGs
[2024-03-26T09:54:02.392+0000] {logging_mixin.py:188} INFO - [2024-03-26T09:54:02.391+0000] {dag.py:3823} INFO - Setting next_dagrun for example_xcom_args to None, run_after=None
[2024-03-26T09:54:02.395+0000] {logging_mixin.py:188} INFO - [2024-03-26T09:54:02.395+0000] {dag.py:3823} INFO - Setting next_dagrun for example_xcom_args_with_operators to None, run_after=None
[2024-03-26T09:54:02.408+0000] {processor.py:183} INFO - Processing /home/airflow/.local/lib/python3.8/site-packages/airflow/example_dags/example_xcomargs.py took 0.055 seconds
[2024-03-26T09:54:32.950+0000] {processor.py:161} INFO - Started process (PID=470) to work on /home/airflow/.local/lib/python3.8/site-packages/airflow/example_dags/example_xcomargs.py
[2024-03-26T09:54:32.951+0000] {processor.py:830} INFO - Processing file /home/airflow/.local/lib/python3.8/site-packages/airflow/example_dags/example_xcomargs.py for tasks to queue
[2024-03-26T09:54:32.953+0000] {logging_mixin.py:188} INFO - [2024-03-26T09:54:32.953+0000] {dagbag.py:538} INFO - Filling up the DagBag from /home/airflow/.local/lib/python3.8/site-packages/airflow/example_dags/example_xcomargs.py
[2024-03-26T09:54:32.960+0000] {processor.py:840} INFO - DAG(s) 'example_xcom_args', 'example_xcom_args_with_operators' retrieved from /home/airflow/.local/lib/python3.8/site-packages/airflow/example_dags/example_xcomargs.py
[2024-03-26T09:54:32.985+0000] {logging_mixin.py:188} INFO - [2024-03-26T09:54:32.985+0000] {dag.py:3036} INFO - Sync 2 DAGs
[2024-03-26T09:54:32.996+0000] {logging_mixin.py:188} INFO - [2024-03-26T09:54:32.996+0000] {dag.py:3823} INFO - Setting next_dagrun for example_xcom_args to None, run_after=None
[2024-03-26T09:54:33.001+0000] {logging_mixin.py:188} INFO - [2024-03-26T09:54:33.000+0000] {dag.py:3823} INFO - Setting next_dagrun for example_xcom_args_with_operators to None, run_after=None
[2024-03-26T09:54:33.017+0000] {processor.py:183} INFO - Processing /home/airflow/.local/lib/python3.8/site-packages/airflow/example_dags/example_xcomargs.py took 0.069 seconds
[2024-03-26T09:55:03.515+0000] {processor.py:161} INFO - Started process (PID=527) to work on /home/airflow/.local/lib/python3.8/site-packages/airflow/example_dags/example_xcomargs.py
[2024-03-26T09:55:03.516+0000] {processor.py:830} INFO - Processing file /home/airflow/.local/lib/python3.8/site-packages/airflow/example_dags/example_xcomargs.py for tasks to queue
[2024-03-26T09:55:03.518+0000] {logging_mixin.py:188} INFO - [2024-03-26T09:55:03.518+0000] {dagbag.py:538} INFO - Filling up the DagBag from /home/airflow/.local/lib/python3.8/site-packages/airflow/example_dags/example_xcomargs.py
[2024-03-26T09:55:03.526+0000] {processor.py:840} INFO - DAG(s) 'example_xcom_args', 'example_xcom_args_with_operators' retrieved from /home/airflow/.local/lib/python3.8/site-packages/airflow/example_dags/example_xcomargs.py
[2024-03-26T09:55:03.547+0000] {logging_mixin.py:188} INFO - [2024-03-26T09:55:03.547+0000] {dag.py:3036} INFO - Sync 2 DAGs
[2024-03-26T09:55:03.558+0000] {logging_mixin.py:188} INFO - [2024-03-26T09:55:03.558+0000] {dag.py:3823} INFO - Setting next_dagrun for example_xcom_args to None, run_after=None
[2024-03-26T09:55:03.562+0000] {logging_mixin.py:188} INFO - [2024-03-26T09:55:03.561+0000] {dag.py:3823} INFO - Setting next_dagrun for example_xcom_args_with_operators to None, run_after=None
[2024-03-26T09:55:03.575+0000] {processor.py:183} INFO - Processing /home/airflow/.local/lib/python3.8/site-packages/airflow/example_dags/example_xcomargs.py took 0.063 seconds
[2024-03-26T09:55:34.098+0000] {processor.py:161} INFO - Started process (PID=584) to work on /home/airflow/.local/lib/python3.8/site-packages/airflow/example_dags/example_xcomargs.py
[2024-03-26T09:55:34.098+0000] {processor.py:830} INFO - Processing file /home/airflow/.local/lib/python3.8/site-packages/airflow/example_dags/example_xcomargs.py for tasks to queue
[2024-03-26T09:55:34.100+0000] {logging_mixin.py:188} INFO - [2024-03-26T09:55:34.100+0000] {dagbag.py:538} INFO - Filling up the DagBag from /home/airflow/.local/lib/python3.8/site-packages/airflow/example_dags/example_xcomargs.py
[2024-03-26T09:55:34.106+0000] {processor.py:840} INFO - DAG(s) 'example_xcom_args_with_operators', 'example_xcom_args' retrieved from /home/airflow/.local/lib/python3.8/site-packages/airflow/example_dags/example_xcomargs.py
[2024-03-26T09:55:34.125+0000] {logging_mixin.py:188} INFO - [2024-03-26T09:55:34.124+0000] {dag.py:3036} INFO - Sync 2 DAGs
[2024-03-26T09:55:34.136+0000] {logging_mixin.py:188} INFO - [2024-03-26T09:55:34.136+0000] {dag.py:3823} INFO - Setting next_dagrun for example_xcom_args to None, run_after=None
[2024-03-26T09:55:34.139+0000] {logging_mixin.py:188} INFO - [2024-03-26T09:55:34.139+0000] {dag.py:3823} INFO - Setting next_dagrun for example_xcom_args_with_operators to None, run_after=None
[2024-03-26T09:55:34.152+0000] {processor.py:183} INFO - Processing /home/airflow/.local/lib/python3.8/site-packages/airflow/example_dags/example_xcomargs.py took 0.057 seconds
[2024-03-26T09:56:04.841+0000] {processor.py:161} INFO - Started process (PID=641) to work on /home/airflow/.local/lib/python3.8/site-packages/airflow/example_dags/example_xcomargs.py
[2024-03-26T09:56:04.842+0000] {processor.py:830} INFO - Processing file /home/airflow/.local/lib/python3.8/site-packages/airflow/example_dags/example_xcomargs.py for tasks to queue
[2024-03-26T09:56:04.844+0000] {logging_mixin.py:188} INFO - [2024-03-26T09:56:04.844+0000] {dagbag.py:538} INFO - Filling up the DagBag from /home/airflow/.local/lib/python3.8/site-packages/airflow/example_dags/example_xcomargs.py
[2024-03-26T09:56:04.851+0000] {processor.py:840} INFO - DAG(s) 'example_xcom_args', 'example_xcom_args_with_operators' retrieved from /home/airflow/.local/lib/python3.8/site-packages/airflow/example_dags/example_xcomargs.py
[2024-03-26T09:56:04.871+0000] {logging_mixin.py:188} INFO - [2024-03-26T09:56:04.871+0000] {dag.py:3036} INFO - Sync 2 DAGs
[2024-03-26T09:56:04.882+0000] {logging_mixin.py:188} INFO - [2024-03-26T09:56:04.882+0000] {dag.py:3823} INFO - Setting next_dagrun for example_xcom_args to None, run_after=None
[2024-03-26T09:56:04.886+0000] {logging_mixin.py:188} INFO - [2024-03-26T09:56:04.886+0000] {dag.py:3823} INFO - Setting next_dagrun for example_xcom_args_with_operators to None, run_after=None
[2024-03-26T09:56:04.901+0000] {processor.py:183} INFO - Processing /home/airflow/.local/lib/python3.8/site-packages/airflow/example_dags/example_xcomargs.py took 0.062 seconds
[2024-03-26T09:57:47.716+0000] {processor.py:161} INFO - Started process (PID=71) to work on /home/airflow/.local/lib/python3.8/site-packages/airflow/example_dags/example_xcomargs.py
[2024-03-26T09:57:47.717+0000] {processor.py:830} INFO - Processing file /home/airflow/.local/lib/python3.8/site-packages/airflow/example_dags/example_xcomargs.py for tasks to queue
[2024-03-26T09:57:47.719+0000] {logging_mixin.py:188} INFO - [2024-03-26T09:57:47.719+0000] {dagbag.py:538} INFO - Filling up the DagBag from /home/airflow/.local/lib/python3.8/site-packages/airflow/example_dags/example_xcomargs.py
[2024-03-26T09:57:47.727+0000] {processor.py:840} INFO - DAG(s) 'example_xcom_args_with_operators', 'example_xcom_args' retrieved from /home/airflow/.local/lib/python3.8/site-packages/airflow/example_dags/example_xcomargs.py
[2024-03-26T09:57:47.737+0000] {logging_mixin.py:188} INFO - [2024-03-26T09:57:47.736+0000] {dag.py:3036} INFO - Sync 2 DAGs
[2024-03-26T09:57:47.749+0000] {logging_mixin.py:188} INFO - [2024-03-26T09:57:47.749+0000] {dag.py:3823} INFO - Setting next_dagrun for example_xcom_args to None, run_after=None
[2024-03-26T09:57:47.752+0000] {logging_mixin.py:188} INFO - [2024-03-26T09:57:47.752+0000] {dag.py:3823} INFO - Setting next_dagrun for example_xcom_args_with_operators to None, run_after=None
[2024-03-26T09:57:47.767+0000] {processor.py:183} INFO - Processing /home/airflow/.local/lib/python3.8/site-packages/airflow/example_dags/example_xcomargs.py took 0.053 seconds
[2024-03-26T09:58:18.559+0000] {processor.py:161} INFO - Started process (PID=128) to work on /home/airflow/.local/lib/python3.8/site-packages/airflow/example_dags/example_xcomargs.py
[2024-03-26T09:58:18.560+0000] {processor.py:830} INFO - Processing file /home/airflow/.local/lib/python3.8/site-packages/airflow/example_dags/example_xcomargs.py for tasks to queue
[2024-03-26T09:58:18.562+0000] {logging_mixin.py:188} INFO - [2024-03-26T09:58:18.562+0000] {dagbag.py:538} INFO - Filling up the DagBag from /home/airflow/.local/lib/python3.8/site-packages/airflow/example_dags/example_xcomargs.py
[2024-03-26T09:58:18.570+0000] {processor.py:840} INFO - DAG(s) 'example_xcom_args_with_operators', 'example_xcom_args' retrieved from /home/airflow/.local/lib/python3.8/site-packages/airflow/example_dags/example_xcomargs.py
[2024-03-26T09:58:18.687+0000] {logging_mixin.py:188} INFO - [2024-03-26T09:58:18.686+0000] {dag.py:3036} INFO - Sync 2 DAGs
[2024-03-26T09:58:18.700+0000] {logging_mixin.py:188} INFO - [2024-03-26T09:58:18.699+0000] {dag.py:3823} INFO - Setting next_dagrun for example_xcom_args to None, run_after=None
[2024-03-26T09:58:18.705+0000] {logging_mixin.py:188} INFO - [2024-03-26T09:58:18.705+0000] {dag.py:3823} INFO - Setting next_dagrun for example_xcom_args_with_operators to None, run_after=None
[2024-03-26T09:58:18.736+0000] {processor.py:183} INFO - Processing /home/airflow/.local/lib/python3.8/site-packages/airflow/example_dags/example_xcomargs.py took 0.179 seconds
[2024-03-26T09:58:49.155+0000] {processor.py:161} INFO - Started process (PID=185) to work on /home/airflow/.local/lib/python3.8/site-packages/airflow/example_dags/example_xcomargs.py
[2024-03-26T09:58:49.156+0000] {processor.py:830} INFO - Processing file /home/airflow/.local/lib/python3.8/site-packages/airflow/example_dags/example_xcomargs.py for tasks to queue
[2024-03-26T09:58:49.157+0000] {logging_mixin.py:188} INFO - [2024-03-26T09:58:49.157+0000] {dagbag.py:538} INFO - Filling up the DagBag from /home/airflow/.local/lib/python3.8/site-packages/airflow/example_dags/example_xcomargs.py
[2024-03-26T09:58:49.164+0000] {processor.py:840} INFO - DAG(s) 'example_xcom_args_with_operators', 'example_xcom_args' retrieved from /home/airflow/.local/lib/python3.8/site-packages/airflow/example_dags/example_xcomargs.py
[2024-03-26T09:58:49.186+0000] {logging_mixin.py:188} INFO - [2024-03-26T09:58:49.185+0000] {dag.py:3036} INFO - Sync 2 DAGs
[2024-03-26T09:58:49.199+0000] {logging_mixin.py:188} INFO - [2024-03-26T09:58:49.199+0000] {dag.py:3823} INFO - Setting next_dagrun for example_xcom_args to None, run_after=None
[2024-03-26T09:58:49.204+0000] {logging_mixin.py:188} INFO - [2024-03-26T09:58:49.203+0000] {dag.py:3823} INFO - Setting next_dagrun for example_xcom_args_with_operators to None, run_after=None
[2024-03-26T09:58:49.219+0000] {processor.py:183} INFO - Processing /home/airflow/.local/lib/python3.8/site-packages/airflow/example_dags/example_xcomargs.py took 0.067 seconds
[2024-03-26T10:11:03.761+0000] {processor.py:161} INFO - Started process (PID=70) to work on /home/airflow/.local/lib/python3.8/site-packages/airflow/example_dags/example_xcomargs.py
[2024-03-26T10:11:03.762+0000] {processor.py:830} INFO - Processing file /home/airflow/.local/lib/python3.8/site-packages/airflow/example_dags/example_xcomargs.py for tasks to queue
[2024-03-26T10:11:03.764+0000] {logging_mixin.py:188} INFO - [2024-03-26T10:11:03.764+0000] {dagbag.py:538} INFO - Filling up the DagBag from /home/airflow/.local/lib/python3.8/site-packages/airflow/example_dags/example_xcomargs.py
[2024-03-26T10:11:03.776+0000] {processor.py:840} INFO - DAG(s) 'example_xcom_args_with_operators', 'example_xcom_args' retrieved from /home/airflow/.local/lib/python3.8/site-packages/airflow/example_dags/example_xcomargs.py
[2024-03-26T10:11:03.790+0000] {logging_mixin.py:188} INFO - [2024-03-26T10:11:03.790+0000] {dag.py:3036} INFO - Sync 2 DAGs
[2024-03-26T10:11:03.811+0000] {logging_mixin.py:188} INFO - [2024-03-26T10:11:03.811+0000] {dag.py:3823} INFO - Setting next_dagrun for example_xcom_args to None, run_after=None
[2024-03-26T10:11:03.817+0000] {logging_mixin.py:188} INFO - [2024-03-26T10:11:03.816+0000] {dag.py:3823} INFO - Setting next_dagrun for example_xcom_args_with_operators to None, run_after=None
[2024-03-26T10:11:03.838+0000] {processor.py:183} INFO - Processing /home/airflow/.local/lib/python3.8/site-packages/airflow/example_dags/example_xcomargs.py took 0.080 seconds
[2024-03-26T10:11:35.685+0000] {processor.py:161} INFO - Started process (PID=126) to work on /home/airflow/.local/lib/python3.8/site-packages/airflow/example_dags/example_xcomargs.py
[2024-03-26T10:11:35.685+0000] {processor.py:830} INFO - Processing file /home/airflow/.local/lib/python3.8/site-packages/airflow/example_dags/example_xcomargs.py for tasks to queue
[2024-03-26T10:11:35.687+0000] {logging_mixin.py:188} INFO - [2024-03-26T10:11:35.687+0000] {dagbag.py:538} INFO - Filling up the DagBag from /home/airflow/.local/lib/python3.8/site-packages/airflow/example_dags/example_xcomargs.py
[2024-03-26T10:11:35.694+0000] {processor.py:840} INFO - DAG(s) 'example_xcom_args', 'example_xcom_args_with_operators' retrieved from /home/airflow/.local/lib/python3.8/site-packages/airflow/example_dags/example_xcomargs.py
[2024-03-26T10:11:35.788+0000] {logging_mixin.py:188} INFO - [2024-03-26T10:11:35.788+0000] {dag.py:3036} INFO - Sync 2 DAGs
[2024-03-26T10:11:35.798+0000] {logging_mixin.py:188} INFO - [2024-03-26T10:11:35.798+0000] {dag.py:3823} INFO - Setting next_dagrun for example_xcom_args to None, run_after=None
[2024-03-26T10:11:35.802+0000] {logging_mixin.py:188} INFO - [2024-03-26T10:11:35.802+0000] {dag.py:3823} INFO - Setting next_dagrun for example_xcom_args_with_operators to None, run_after=None
[2024-03-26T10:11:35.817+0000] {processor.py:183} INFO - Processing /home/airflow/.local/lib/python3.8/site-packages/airflow/example_dags/example_xcomargs.py took 0.135 seconds
[2024-03-26T10:12:49.960+0000] {processor.py:161} INFO - Started process (PID=71) to work on /home/airflow/.local/lib/python3.8/site-packages/airflow/example_dags/example_xcomargs.py
[2024-03-26T10:12:49.961+0000] {processor.py:830} INFO - Processing file /home/airflow/.local/lib/python3.8/site-packages/airflow/example_dags/example_xcomargs.py for tasks to queue
[2024-03-26T10:12:49.963+0000] {logging_mixin.py:188} INFO - [2024-03-26T10:12:49.963+0000] {dagbag.py:538} INFO - Filling up the DagBag from /home/airflow/.local/lib/python3.8/site-packages/airflow/example_dags/example_xcomargs.py
[2024-03-26T10:12:49.973+0000] {processor.py:840} INFO - DAG(s) 'example_xcom_args', 'example_xcom_args_with_operators' retrieved from /home/airflow/.local/lib/python3.8/site-packages/airflow/example_dags/example_xcomargs.py
[2024-03-26T10:12:49.987+0000] {logging_mixin.py:188} INFO - [2024-03-26T10:12:49.986+0000] {dag.py:3036} INFO - Sync 2 DAGs
[2024-03-26T10:12:50.002+0000] {logging_mixin.py:188} INFO - [2024-03-26T10:12:50.001+0000] {dag.py:3823} INFO - Setting next_dagrun for example_xcom_args to None, run_after=None
[2024-03-26T10:12:50.006+0000] {logging_mixin.py:188} INFO - [2024-03-26T10:12:50.006+0000] {dag.py:3823} INFO - Setting next_dagrun for example_xcom_args_with_operators to None, run_after=None
[2024-03-26T10:12:50.027+0000] {processor.py:183} INFO - Processing /home/airflow/.local/lib/python3.8/site-packages/airflow/example_dags/example_xcomargs.py took 0.069 seconds
[2024-03-26T10:13:20.918+0000] {processor.py:161} INFO - Started process (PID=128) to work on /home/airflow/.local/lib/python3.8/site-packages/airflow/example_dags/example_xcomargs.py
[2024-03-26T10:13:20.919+0000] {processor.py:830} INFO - Processing file /home/airflow/.local/lib/python3.8/site-packages/airflow/example_dags/example_xcomargs.py for tasks to queue
[2024-03-26T10:13:20.920+0000] {logging_mixin.py:188} INFO - [2024-03-26T10:13:20.920+0000] {dagbag.py:538} INFO - Filling up the DagBag from /home/airflow/.local/lib/python3.8/site-packages/airflow/example_dags/example_xcomargs.py
[2024-03-26T10:13:20.926+0000] {processor.py:840} INFO - DAG(s) 'example_xcom_args', 'example_xcom_args_with_operators' retrieved from /home/airflow/.local/lib/python3.8/site-packages/airflow/example_dags/example_xcomargs.py
[2024-03-26T10:13:21.021+0000] {logging_mixin.py:188} INFO - [2024-03-26T10:13:21.021+0000] {dag.py:3036} INFO - Sync 2 DAGs
[2024-03-26T10:13:21.032+0000] {logging_mixin.py:188} INFO - [2024-03-26T10:13:21.031+0000] {dag.py:3823} INFO - Setting next_dagrun for example_xcom_args to None, run_after=None
[2024-03-26T10:13:21.035+0000] {logging_mixin.py:188} INFO - [2024-03-26T10:13:21.035+0000] {dag.py:3823} INFO - Setting next_dagrun for example_xcom_args_with_operators to None, run_after=None
[2024-03-26T10:13:21.051+0000] {processor.py:183} INFO - Processing /home/airflow/.local/lib/python3.8/site-packages/airflow/example_dags/example_xcomargs.py took 0.136 seconds
[2024-03-26T10:13:51.262+0000] {processor.py:161} INFO - Started process (PID=185) to work on /home/airflow/.local/lib/python3.8/site-packages/airflow/example_dags/example_xcomargs.py
[2024-03-26T10:13:51.263+0000] {processor.py:830} INFO - Processing file /home/airflow/.local/lib/python3.8/site-packages/airflow/example_dags/example_xcomargs.py for tasks to queue
[2024-03-26T10:13:51.264+0000] {logging_mixin.py:188} INFO - [2024-03-26T10:13:51.264+0000] {dagbag.py:538} INFO - Filling up the DagBag from /home/airflow/.local/lib/python3.8/site-packages/airflow/example_dags/example_xcomargs.py
[2024-03-26T10:13:51.270+0000] {processor.py:840} INFO - DAG(s) 'example_xcom_args', 'example_xcom_args_with_operators' retrieved from /home/airflow/.local/lib/python3.8/site-packages/airflow/example_dags/example_xcomargs.py
[2024-03-26T10:13:51.289+0000] {logging_mixin.py:188} INFO - [2024-03-26T10:13:51.289+0000] {dag.py:3036} INFO - Sync 2 DAGs
[2024-03-26T10:13:51.299+0000] {logging_mixin.py:188} INFO - [2024-03-26T10:13:51.299+0000] {dag.py:3823} INFO - Setting next_dagrun for example_xcom_args to None, run_after=None
[2024-03-26T10:13:51.303+0000] {logging_mixin.py:188} INFO - [2024-03-26T10:13:51.303+0000] {dag.py:3823} INFO - Setting next_dagrun for example_xcom_args_with_operators to None, run_after=None
[2024-03-26T10:13:51.316+0000] {processor.py:183} INFO - Processing /home/airflow/.local/lib/python3.8/site-packages/airflow/example_dags/example_xcomargs.py took 0.056 seconds
[2024-03-26T10:14:21.709+0000] {processor.py:161} INFO - Started process (PID=242) to work on /home/airflow/.local/lib/python3.8/site-packages/airflow/example_dags/example_xcomargs.py
[2024-03-26T10:14:21.710+0000] {processor.py:830} INFO - Processing file /home/airflow/.local/lib/python3.8/site-packages/airflow/example_dags/example_xcomargs.py for tasks to queue
[2024-03-26T10:14:21.711+0000] {logging_mixin.py:188} INFO - [2024-03-26T10:14:21.711+0000] {dagbag.py:538} INFO - Filling up the DagBag from /home/airflow/.local/lib/python3.8/site-packages/airflow/example_dags/example_xcomargs.py
[2024-03-26T10:14:21.718+0000] {processor.py:840} INFO - DAG(s) 'example_xcom_args', 'example_xcom_args_with_operators' retrieved from /home/airflow/.local/lib/python3.8/site-packages/airflow/example_dags/example_xcomargs.py
[2024-03-26T10:14:21.737+0000] {logging_mixin.py:188} INFO - [2024-03-26T10:14:21.736+0000] {dag.py:3036} INFO - Sync 2 DAGs
[2024-03-26T10:14:21.748+0000] {logging_mixin.py:188} INFO - [2024-03-26T10:14:21.748+0000] {dag.py:3823} INFO - Setting next_dagrun for example_xcom_args to None, run_after=None
[2024-03-26T10:14:21.752+0000] {logging_mixin.py:188} INFO - [2024-03-26T10:14:21.752+0000] {dag.py:3823} INFO - Setting next_dagrun for example_xcom_args_with_operators to None, run_after=None
[2024-03-26T10:14:21.766+0000] {processor.py:183} INFO - Processing /home/airflow/.local/lib/python3.8/site-packages/airflow/example_dags/example_xcomargs.py took 0.059 seconds
[2024-03-26T10:15:16.028+0000] {processor.py:161} INFO - Started process (PID=71) to work on /home/airflow/.local/lib/python3.8/site-packages/airflow/example_dags/example_xcomargs.py
[2024-03-26T10:15:16.029+0000] {processor.py:830} INFO - Processing file /home/airflow/.local/lib/python3.8/site-packages/airflow/example_dags/example_xcomargs.py for tasks to queue
[2024-03-26T10:15:16.031+0000] {logging_mixin.py:188} INFO - [2024-03-26T10:15:16.031+0000] {dagbag.py:538} INFO - Filling up the DagBag from /home/airflow/.local/lib/python3.8/site-packages/airflow/example_dags/example_xcomargs.py
[2024-03-26T10:15:16.041+0000] {processor.py:840} INFO - DAG(s) 'example_xcom_args', 'example_xcom_args_with_operators' retrieved from /home/airflow/.local/lib/python3.8/site-packages/airflow/example_dags/example_xcomargs.py
[2024-03-26T10:15:16.059+0000] {logging_mixin.py:188} INFO - [2024-03-26T10:15:16.059+0000] {dag.py:3036} INFO - Sync 2 DAGs
[2024-03-26T10:15:16.080+0000] {logging_mixin.py:188} INFO - [2024-03-26T10:15:16.079+0000] {dag.py:3823} INFO - Setting next_dagrun for example_xcom_args to None, run_after=None
[2024-03-26T10:15:16.087+0000] {logging_mixin.py:188} INFO - [2024-03-26T10:15:16.087+0000] {dag.py:3823} INFO - Setting next_dagrun for example_xcom_args_with_operators to None, run_after=None
[2024-03-26T10:15:16.107+0000] {processor.py:183} INFO - Processing /home/airflow/.local/lib/python3.8/site-packages/airflow/example_dags/example_xcomargs.py took 0.082 seconds
[2024-03-26T10:17:23.211+0000] {processor.py:161} INFO - Started process (PID=71) to work on /home/airflow/.local/lib/python3.8/site-packages/airflow/example_dags/example_xcomargs.py
[2024-03-26T10:17:23.212+0000] {processor.py:830} INFO - Processing file /home/airflow/.local/lib/python3.8/site-packages/airflow/example_dags/example_xcomargs.py for tasks to queue
[2024-03-26T10:17:23.214+0000] {logging_mixin.py:188} INFO - [2024-03-26T10:17:23.214+0000] {dagbag.py:538} INFO - Filling up the DagBag from /home/airflow/.local/lib/python3.8/site-packages/airflow/example_dags/example_xcomargs.py
[2024-03-26T10:17:23.225+0000] {processor.py:840} INFO - DAG(s) 'example_xcom_args_with_operators', 'example_xcom_args' retrieved from /home/airflow/.local/lib/python3.8/site-packages/airflow/example_dags/example_xcomargs.py
[2024-03-26T10:17:23.237+0000] {logging_mixin.py:188} INFO - [2024-03-26T10:17:23.236+0000] {dag.py:3036} INFO - Sync 2 DAGs
[2024-03-26T10:17:23.254+0000] {logging_mixin.py:188} INFO - [2024-03-26T10:17:23.254+0000] {dag.py:3823} INFO - Setting next_dagrun for example_xcom_args to None, run_after=None
[2024-03-26T10:17:23.258+0000] {logging_mixin.py:188} INFO - [2024-03-26T10:17:23.258+0000] {dag.py:3823} INFO - Setting next_dagrun for example_xcom_args_with_operators to None, run_after=None
[2024-03-26T10:17:23.278+0000] {processor.py:183} INFO - Processing /home/airflow/.local/lib/python3.8/site-packages/airflow/example_dags/example_xcomargs.py took 0.069 seconds
[2024-03-26T10:17:54.563+0000] {processor.py:161} INFO - Started process (PID=128) to work on /home/airflow/.local/lib/python3.8/site-packages/airflow/example_dags/example_xcomargs.py
[2024-03-26T10:17:54.564+0000] {processor.py:830} INFO - Processing file /home/airflow/.local/lib/python3.8/site-packages/airflow/example_dags/example_xcomargs.py for tasks to queue
[2024-03-26T10:17:54.566+0000] {logging_mixin.py:188} INFO - [2024-03-26T10:17:54.565+0000] {dagbag.py:538} INFO - Filling up the DagBag from /home/airflow/.local/lib/python3.8/site-packages/airflow/example_dags/example_xcomargs.py
[2024-03-26T10:17:54.572+0000] {processor.py:840} INFO - DAG(s) 'example_xcom_args', 'example_xcom_args_with_operators' retrieved from /home/airflow/.local/lib/python3.8/site-packages/airflow/example_dags/example_xcomargs.py
[2024-03-26T10:17:54.682+0000] {logging_mixin.py:188} INFO - [2024-03-26T10:17:54.682+0000] {dag.py:3036} INFO - Sync 2 DAGs
[2024-03-26T10:17:54.695+0000] {logging_mixin.py:188} INFO - [2024-03-26T10:17:54.695+0000] {dag.py:3823} INFO - Setting next_dagrun for example_xcom_args to None, run_after=None
[2024-03-26T10:17:54.699+0000] {logging_mixin.py:188} INFO - [2024-03-26T10:17:54.698+0000] {dag.py:3823} INFO - Setting next_dagrun for example_xcom_args_with_operators to None, run_after=None
[2024-03-26T10:17:54.716+0000] {processor.py:183} INFO - Processing /home/airflow/.local/lib/python3.8/site-packages/airflow/example_dags/example_xcomargs.py took 0.155 seconds
