[2024-03-26T08:41:05.754+0000] {processor.py:161} INFO - Started process (PID=43) to work on /home/airflow/.local/lib/python3.8/site-packages/airflow/example_dags/tutorial_taskflow_api.py
[2024-03-26T08:41:05.755+0000] {processor.py:830} INFO - Processing file /home/airflow/.local/lib/python3.8/site-packages/airflow/example_dags/tutorial_taskflow_api.py for tasks to queue
[2024-03-26T08:41:05.757+0000] {logging_mixin.py:188} INFO - [2024-03-26T08:41:05.757+0000] {dagbag.py:538} INFO - Filling up the DagBag from /home/airflow/.local/lib/python3.8/site-packages/airflow/example_dags/tutorial_taskflow_api.py
[2024-03-26T08:41:05.768+0000] {processor.py:840} INFO - DAG(s) 'tutorial_taskflow_api' retrieved from /home/airflow/.local/lib/python3.8/site-packages/airflow/example_dags/tutorial_taskflow_api.py
[2024-03-26T08:41:05.793+0000] {logging_mixin.py:188} INFO - [2024-03-26T08:41:05.792+0000] {dag.py:3036} INFO - Sync 1 DAGs
[2024-03-26T08:41:05.803+0000] {logging_mixin.py:188} INFO - [2024-03-26T08:41:05.803+0000] {dag.py:3823} INFO - Setting next_dagrun for tutorial_taskflow_api to None, run_after=None
[2024-03-26T08:41:05.822+0000] {processor.py:183} INFO - Processing /home/airflow/.local/lib/python3.8/site-packages/airflow/example_dags/tutorial_taskflow_api.py took 0.070 seconds
[2024-03-26T08:41:36.599+0000] {processor.py:161} INFO - Started process (PID=99) to work on /home/airflow/.local/lib/python3.8/site-packages/airflow/example_dags/tutorial_taskflow_api.py
[2024-03-26T08:41:36.600+0000] {processor.py:830} INFO - Processing file /home/airflow/.local/lib/python3.8/site-packages/airflow/example_dags/tutorial_taskflow_api.py for tasks to queue
[2024-03-26T08:41:36.601+0000] {logging_mixin.py:188} INFO - [2024-03-26T08:41:36.601+0000] {dagbag.py:538} INFO - Filling up the DagBag from /home/airflow/.local/lib/python3.8/site-packages/airflow/example_dags/tutorial_taskflow_api.py
[2024-03-26T08:41:36.606+0000] {processor.py:840} INFO - DAG(s) 'tutorial_taskflow_api' retrieved from /home/airflow/.local/lib/python3.8/site-packages/airflow/example_dags/tutorial_taskflow_api.py
[2024-03-26T08:41:36.761+0000] {logging_mixin.py:188} INFO - [2024-03-26T08:41:36.761+0000] {dag.py:3036} INFO - Sync 1 DAGs
[2024-03-26T08:41:36.771+0000] {logging_mixin.py:188} INFO - [2024-03-26T08:41:36.771+0000] {dag.py:3823} INFO - Setting next_dagrun for tutorial_taskflow_api to None, run_after=None
[2024-03-26T08:41:36.789+0000] {processor.py:183} INFO - Processing /home/airflow/.local/lib/python3.8/site-packages/airflow/example_dags/tutorial_taskflow_api.py took 0.191 seconds
[2024-03-26T08:43:46.028+0000] {processor.py:161} INFO - Started process (PID=43) to work on /home/airflow/.local/lib/python3.8/site-packages/airflow/example_dags/tutorial_taskflow_api.py
[2024-03-26T08:43:46.029+0000] {processor.py:830} INFO - Processing file /home/airflow/.local/lib/python3.8/site-packages/airflow/example_dags/tutorial_taskflow_api.py for tasks to queue
[2024-03-26T08:43:46.032+0000] {logging_mixin.py:188} INFO - [2024-03-26T08:43:46.031+0000] {dagbag.py:538} INFO - Filling up the DagBag from /home/airflow/.local/lib/python3.8/site-packages/airflow/example_dags/tutorial_taskflow_api.py
[2024-03-26T08:43:46.048+0000] {processor.py:840} INFO - DAG(s) 'tutorial_taskflow_api' retrieved from /home/airflow/.local/lib/python3.8/site-packages/airflow/example_dags/tutorial_taskflow_api.py
[2024-03-26T08:43:46.075+0000] {logging_mixin.py:188} INFO - [2024-03-26T08:43:46.075+0000] {dag.py:3036} INFO - Sync 1 DAGs
[2024-03-26T08:43:46.087+0000] {logging_mixin.py:188} INFO - [2024-03-26T08:43:46.087+0000] {dag.py:3823} INFO - Setting next_dagrun for tutorial_taskflow_api to None, run_after=None
[2024-03-26T08:43:46.108+0000] {processor.py:183} INFO - Processing /home/airflow/.local/lib/python3.8/site-packages/airflow/example_dags/tutorial_taskflow_api.py took 0.082 seconds
[2024-03-26T08:44:16.797+0000] {processor.py:161} INFO - Started process (PID=99) to work on /home/airflow/.local/lib/python3.8/site-packages/airflow/example_dags/tutorial_taskflow_api.py
[2024-03-26T08:44:16.797+0000] {processor.py:830} INFO - Processing file /home/airflow/.local/lib/python3.8/site-packages/airflow/example_dags/tutorial_taskflow_api.py for tasks to queue
[2024-03-26T08:44:16.799+0000] {logging_mixin.py:188} INFO - [2024-03-26T08:44:16.799+0000] {dagbag.py:538} INFO - Filling up the DagBag from /home/airflow/.local/lib/python3.8/site-packages/airflow/example_dags/tutorial_taskflow_api.py
[2024-03-26T08:44:16.804+0000] {processor.py:840} INFO - DAG(s) 'tutorial_taskflow_api' retrieved from /home/airflow/.local/lib/python3.8/site-packages/airflow/example_dags/tutorial_taskflow_api.py
[2024-03-26T08:44:16.950+0000] {logging_mixin.py:188} INFO - [2024-03-26T08:44:16.950+0000] {dag.py:3036} INFO - Sync 1 DAGs
[2024-03-26T08:44:16.959+0000] {logging_mixin.py:188} INFO - [2024-03-26T08:44:16.959+0000] {dag.py:3823} INFO - Setting next_dagrun for tutorial_taskflow_api to None, run_after=None
[2024-03-26T08:44:16.974+0000] {processor.py:183} INFO - Processing /home/airflow/.local/lib/python3.8/site-packages/airflow/example_dags/tutorial_taskflow_api.py took 0.180 seconds
[2024-03-26T08:44:47.155+0000] {processor.py:161} INFO - Started process (PID=155) to work on /home/airflow/.local/lib/python3.8/site-packages/airflow/example_dags/tutorial_taskflow_api.py
[2024-03-26T08:44:47.156+0000] {processor.py:830} INFO - Processing file /home/airflow/.local/lib/python3.8/site-packages/airflow/example_dags/tutorial_taskflow_api.py for tasks to queue
[2024-03-26T08:44:47.157+0000] {logging_mixin.py:188} INFO - [2024-03-26T08:44:47.157+0000] {dagbag.py:538} INFO - Filling up the DagBag from /home/airflow/.local/lib/python3.8/site-packages/airflow/example_dags/tutorial_taskflow_api.py
[2024-03-26T08:44:47.162+0000] {processor.py:840} INFO - DAG(s) 'tutorial_taskflow_api' retrieved from /home/airflow/.local/lib/python3.8/site-packages/airflow/example_dags/tutorial_taskflow_api.py
[2024-03-26T08:44:47.179+0000] {logging_mixin.py:188} INFO - [2024-03-26T08:44:47.178+0000] {dag.py:3036} INFO - Sync 1 DAGs
[2024-03-26T08:44:47.189+0000] {logging_mixin.py:188} INFO - [2024-03-26T08:44:47.188+0000] {dag.py:3823} INFO - Setting next_dagrun for tutorial_taskflow_api to None, run_after=None
[2024-03-26T08:44:47.209+0000] {processor.py:183} INFO - Processing /home/airflow/.local/lib/python3.8/site-packages/airflow/example_dags/tutorial_taskflow_api.py took 0.056 seconds
[2024-03-26T08:45:17.502+0000] {processor.py:161} INFO - Started process (PID=211) to work on /home/airflow/.local/lib/python3.8/site-packages/airflow/example_dags/tutorial_taskflow_api.py
[2024-03-26T08:45:17.503+0000] {processor.py:830} INFO - Processing file /home/airflow/.local/lib/python3.8/site-packages/airflow/example_dags/tutorial_taskflow_api.py for tasks to queue
[2024-03-26T08:45:17.504+0000] {logging_mixin.py:188} INFO - [2024-03-26T08:45:17.504+0000] {dagbag.py:538} INFO - Filling up the DagBag from /home/airflow/.local/lib/python3.8/site-packages/airflow/example_dags/tutorial_taskflow_api.py
[2024-03-26T08:45:17.510+0000] {processor.py:840} INFO - DAG(s) 'tutorial_taskflow_api' retrieved from /home/airflow/.local/lib/python3.8/site-packages/airflow/example_dags/tutorial_taskflow_api.py
[2024-03-26T08:45:17.529+0000] {logging_mixin.py:188} INFO - [2024-03-26T08:45:17.529+0000] {dag.py:3036} INFO - Sync 1 DAGs
[2024-03-26T08:45:17.539+0000] {logging_mixin.py:188} INFO - [2024-03-26T08:45:17.538+0000] {dag.py:3823} INFO - Setting next_dagrun for tutorial_taskflow_api to None, run_after=None
[2024-03-26T08:45:17.554+0000] {processor.py:183} INFO - Processing /home/airflow/.local/lib/python3.8/site-packages/airflow/example_dags/tutorial_taskflow_api.py took 0.054 seconds
[2024-03-26T08:45:47.780+0000] {processor.py:161} INFO - Started process (PID=267) to work on /home/airflow/.local/lib/python3.8/site-packages/airflow/example_dags/tutorial_taskflow_api.py
[2024-03-26T08:45:47.781+0000] {processor.py:830} INFO - Processing file /home/airflow/.local/lib/python3.8/site-packages/airflow/example_dags/tutorial_taskflow_api.py for tasks to queue
[2024-03-26T08:45:47.782+0000] {logging_mixin.py:188} INFO - [2024-03-26T08:45:47.782+0000] {dagbag.py:538} INFO - Filling up the DagBag from /home/airflow/.local/lib/python3.8/site-packages/airflow/example_dags/tutorial_taskflow_api.py
[2024-03-26T08:45:47.787+0000] {processor.py:840} INFO - DAG(s) 'tutorial_taskflow_api' retrieved from /home/airflow/.local/lib/python3.8/site-packages/airflow/example_dags/tutorial_taskflow_api.py
[2024-03-26T08:45:47.805+0000] {logging_mixin.py:188} INFO - [2024-03-26T08:45:47.805+0000] {dag.py:3036} INFO - Sync 1 DAGs
[2024-03-26T08:45:47.815+0000] {logging_mixin.py:188} INFO - [2024-03-26T08:45:47.815+0000] {dag.py:3823} INFO - Setting next_dagrun for tutorial_taskflow_api to None, run_after=None
[2024-03-26T08:45:47.831+0000] {processor.py:183} INFO - Processing /home/airflow/.local/lib/python3.8/site-packages/airflow/example_dags/tutorial_taskflow_api.py took 0.054 seconds
[2024-03-26T08:46:17.949+0000] {processor.py:161} INFO - Started process (PID=323) to work on /home/airflow/.local/lib/python3.8/site-packages/airflow/example_dags/tutorial_taskflow_api.py
[2024-03-26T08:46:17.950+0000] {processor.py:830} INFO - Processing file /home/airflow/.local/lib/python3.8/site-packages/airflow/example_dags/tutorial_taskflow_api.py for tasks to queue
[2024-03-26T08:46:17.951+0000] {logging_mixin.py:188} INFO - [2024-03-26T08:46:17.951+0000] {dagbag.py:538} INFO - Filling up the DagBag from /home/airflow/.local/lib/python3.8/site-packages/airflow/example_dags/tutorial_taskflow_api.py
[2024-03-26T08:46:17.956+0000] {processor.py:840} INFO - DAG(s) 'tutorial_taskflow_api' retrieved from /home/airflow/.local/lib/python3.8/site-packages/airflow/example_dags/tutorial_taskflow_api.py
[2024-03-26T08:46:17.972+0000] {logging_mixin.py:188} INFO - [2024-03-26T08:46:17.971+0000] {dag.py:3036} INFO - Sync 1 DAGs
[2024-03-26T08:46:17.982+0000] {logging_mixin.py:188} INFO - [2024-03-26T08:46:17.981+0000] {dag.py:3823} INFO - Setting next_dagrun for tutorial_taskflow_api to None, run_after=None
[2024-03-26T08:46:17.997+0000] {processor.py:183} INFO - Processing /home/airflow/.local/lib/python3.8/site-packages/airflow/example_dags/tutorial_taskflow_api.py took 0.051 seconds
[2024-03-26T08:46:48.149+0000] {processor.py:161} INFO - Started process (PID=379) to work on /home/airflow/.local/lib/python3.8/site-packages/airflow/example_dags/tutorial_taskflow_api.py
[2024-03-26T08:46:48.150+0000] {processor.py:830} INFO - Processing file /home/airflow/.local/lib/python3.8/site-packages/airflow/example_dags/tutorial_taskflow_api.py for tasks to queue
[2024-03-26T08:46:48.151+0000] {logging_mixin.py:188} INFO - [2024-03-26T08:46:48.151+0000] {dagbag.py:538} INFO - Filling up the DagBag from /home/airflow/.local/lib/python3.8/site-packages/airflow/example_dags/tutorial_taskflow_api.py
[2024-03-26T08:46:48.157+0000] {processor.py:840} INFO - DAG(s) 'tutorial_taskflow_api' retrieved from /home/airflow/.local/lib/python3.8/site-packages/airflow/example_dags/tutorial_taskflow_api.py
[2024-03-26T08:46:48.174+0000] {logging_mixin.py:188} INFO - [2024-03-26T08:46:48.173+0000] {dag.py:3036} INFO - Sync 1 DAGs
[2024-03-26T08:46:48.183+0000] {logging_mixin.py:188} INFO - [2024-03-26T08:46:48.183+0000] {dag.py:3823} INFO - Setting next_dagrun for tutorial_taskflow_api to None, run_after=None
[2024-03-26T08:46:48.202+0000] {processor.py:183} INFO - Processing /home/airflow/.local/lib/python3.8/site-packages/airflow/example_dags/tutorial_taskflow_api.py took 0.056 seconds
[2024-03-26T08:47:18.498+0000] {processor.py:161} INFO - Started process (PID=435) to work on /home/airflow/.local/lib/python3.8/site-packages/airflow/example_dags/tutorial_taskflow_api.py
[2024-03-26T08:47:18.499+0000] {processor.py:830} INFO - Processing file /home/airflow/.local/lib/python3.8/site-packages/airflow/example_dags/tutorial_taskflow_api.py for tasks to queue
[2024-03-26T08:47:18.500+0000] {logging_mixin.py:188} INFO - [2024-03-26T08:47:18.500+0000] {dagbag.py:538} INFO - Filling up the DagBag from /home/airflow/.local/lib/python3.8/site-packages/airflow/example_dags/tutorial_taskflow_api.py
[2024-03-26T08:47:18.505+0000] {processor.py:840} INFO - DAG(s) 'tutorial_taskflow_api' retrieved from /home/airflow/.local/lib/python3.8/site-packages/airflow/example_dags/tutorial_taskflow_api.py
[2024-03-26T08:47:18.520+0000] {logging_mixin.py:188} INFO - [2024-03-26T08:47:18.520+0000] {dag.py:3036} INFO - Sync 1 DAGs
[2024-03-26T08:47:18.530+0000] {logging_mixin.py:188} INFO - [2024-03-26T08:47:18.530+0000] {dag.py:3823} INFO - Setting next_dagrun for tutorial_taskflow_api to None, run_after=None
[2024-03-26T08:47:18.547+0000] {processor.py:183} INFO - Processing /home/airflow/.local/lib/python3.8/site-packages/airflow/example_dags/tutorial_taskflow_api.py took 0.052 seconds
[2024-03-26T08:47:48.625+0000] {processor.py:161} INFO - Started process (PID=491) to work on /home/airflow/.local/lib/python3.8/site-packages/airflow/example_dags/tutorial_taskflow_api.py
[2024-03-26T08:47:48.625+0000] {processor.py:830} INFO - Processing file /home/airflow/.local/lib/python3.8/site-packages/airflow/example_dags/tutorial_taskflow_api.py for tasks to queue
[2024-03-26T08:47:48.627+0000] {logging_mixin.py:188} INFO - [2024-03-26T08:47:48.627+0000] {dagbag.py:538} INFO - Filling up the DagBag from /home/airflow/.local/lib/python3.8/site-packages/airflow/example_dags/tutorial_taskflow_api.py
[2024-03-26T08:47:48.633+0000] {processor.py:840} INFO - DAG(s) 'tutorial_taskflow_api' retrieved from /home/airflow/.local/lib/python3.8/site-packages/airflow/example_dags/tutorial_taskflow_api.py
[2024-03-26T08:47:48.649+0000] {logging_mixin.py:188} INFO - [2024-03-26T08:47:48.649+0000] {dag.py:3036} INFO - Sync 1 DAGs
[2024-03-26T08:47:48.659+0000] {logging_mixin.py:188} INFO - [2024-03-26T08:47:48.659+0000] {dag.py:3823} INFO - Setting next_dagrun for tutorial_taskflow_api to None, run_after=None
[2024-03-26T08:47:48.677+0000] {processor.py:183} INFO - Processing /home/airflow/.local/lib/python3.8/site-packages/airflow/example_dags/tutorial_taskflow_api.py took 0.055 seconds
[2024-03-26T08:48:18.860+0000] {processor.py:161} INFO - Started process (PID=547) to work on /home/airflow/.local/lib/python3.8/site-packages/airflow/example_dags/tutorial_taskflow_api.py
[2024-03-26T08:48:18.860+0000] {processor.py:830} INFO - Processing file /home/airflow/.local/lib/python3.8/site-packages/airflow/example_dags/tutorial_taskflow_api.py for tasks to queue
[2024-03-26T08:48:18.862+0000] {logging_mixin.py:188} INFO - [2024-03-26T08:48:18.862+0000] {dagbag.py:538} INFO - Filling up the DagBag from /home/airflow/.local/lib/python3.8/site-packages/airflow/example_dags/tutorial_taskflow_api.py
[2024-03-26T08:48:18.868+0000] {processor.py:840} INFO - DAG(s) 'tutorial_taskflow_api' retrieved from /home/airflow/.local/lib/python3.8/site-packages/airflow/example_dags/tutorial_taskflow_api.py
[2024-03-26T08:48:18.884+0000] {logging_mixin.py:188} INFO - [2024-03-26T08:48:18.884+0000] {dag.py:3036} INFO - Sync 1 DAGs
[2024-03-26T08:48:18.894+0000] {logging_mixin.py:188} INFO - [2024-03-26T08:48:18.894+0000] {dag.py:3823} INFO - Setting next_dagrun for tutorial_taskflow_api to None, run_after=None
[2024-03-26T08:48:18.910+0000] {processor.py:183} INFO - Processing /home/airflow/.local/lib/python3.8/site-packages/airflow/example_dags/tutorial_taskflow_api.py took 0.053 seconds
[2024-03-26T08:48:49.394+0000] {processor.py:161} INFO - Started process (PID=603) to work on /home/airflow/.local/lib/python3.8/site-packages/airflow/example_dags/tutorial_taskflow_api.py
[2024-03-26T08:48:49.395+0000] {processor.py:830} INFO - Processing file /home/airflow/.local/lib/python3.8/site-packages/airflow/example_dags/tutorial_taskflow_api.py for tasks to queue
[2024-03-26T08:48:49.396+0000] {logging_mixin.py:188} INFO - [2024-03-26T08:48:49.396+0000] {dagbag.py:538} INFO - Filling up the DagBag from /home/airflow/.local/lib/python3.8/site-packages/airflow/example_dags/tutorial_taskflow_api.py
[2024-03-26T08:48:49.402+0000] {processor.py:840} INFO - DAG(s) 'tutorial_taskflow_api' retrieved from /home/airflow/.local/lib/python3.8/site-packages/airflow/example_dags/tutorial_taskflow_api.py
[2024-03-26T08:48:49.419+0000] {logging_mixin.py:188} INFO - [2024-03-26T08:48:49.418+0000] {dag.py:3036} INFO - Sync 1 DAGs
[2024-03-26T08:48:49.429+0000] {logging_mixin.py:188} INFO - [2024-03-26T08:48:49.429+0000] {dag.py:3823} INFO - Setting next_dagrun for tutorial_taskflow_api to None, run_after=None
[2024-03-26T08:48:49.447+0000] {processor.py:183} INFO - Processing /home/airflow/.local/lib/python3.8/site-packages/airflow/example_dags/tutorial_taskflow_api.py took 0.056 seconds
[2024-03-26T08:49:19.714+0000] {processor.py:161} INFO - Started process (PID=659) to work on /home/airflow/.local/lib/python3.8/site-packages/airflow/example_dags/tutorial_taskflow_api.py
[2024-03-26T08:49:19.714+0000] {processor.py:830} INFO - Processing file /home/airflow/.local/lib/python3.8/site-packages/airflow/example_dags/tutorial_taskflow_api.py for tasks to queue
[2024-03-26T08:49:19.716+0000] {logging_mixin.py:188} INFO - [2024-03-26T08:49:19.716+0000] {dagbag.py:538} INFO - Filling up the DagBag from /home/airflow/.local/lib/python3.8/site-packages/airflow/example_dags/tutorial_taskflow_api.py
[2024-03-26T08:49:19.721+0000] {processor.py:840} INFO - DAG(s) 'tutorial_taskflow_api' retrieved from /home/airflow/.local/lib/python3.8/site-packages/airflow/example_dags/tutorial_taskflow_api.py
[2024-03-26T08:49:19.737+0000] {logging_mixin.py:188} INFO - [2024-03-26T08:49:19.737+0000] {dag.py:3036} INFO - Sync 1 DAGs
[2024-03-26T08:49:19.754+0000] {logging_mixin.py:188} INFO - [2024-03-26T08:49:19.754+0000] {dag.py:3823} INFO - Setting next_dagrun for tutorial_taskflow_api to None, run_after=None
[2024-03-26T08:49:19.772+0000] {processor.py:183} INFO - Processing /home/airflow/.local/lib/python3.8/site-packages/airflow/example_dags/tutorial_taskflow_api.py took 0.061 seconds
[2024-03-26T08:49:50.100+0000] {processor.py:161} INFO - Started process (PID=715) to work on /home/airflow/.local/lib/python3.8/site-packages/airflow/example_dags/tutorial_taskflow_api.py
[2024-03-26T08:49:50.101+0000] {processor.py:830} INFO - Processing file /home/airflow/.local/lib/python3.8/site-packages/airflow/example_dags/tutorial_taskflow_api.py for tasks to queue
[2024-03-26T08:49:50.103+0000] {logging_mixin.py:188} INFO - [2024-03-26T08:49:50.103+0000] {dagbag.py:538} INFO - Filling up the DagBag from /home/airflow/.local/lib/python3.8/site-packages/airflow/example_dags/tutorial_taskflow_api.py
[2024-03-26T08:49:50.108+0000] {processor.py:840} INFO - DAG(s) 'tutorial_taskflow_api' retrieved from /home/airflow/.local/lib/python3.8/site-packages/airflow/example_dags/tutorial_taskflow_api.py
[2024-03-26T08:49:50.123+0000] {logging_mixin.py:188} INFO - [2024-03-26T08:49:50.123+0000] {dag.py:3036} INFO - Sync 1 DAGs
[2024-03-26T08:49:50.133+0000] {logging_mixin.py:188} INFO - [2024-03-26T08:49:50.133+0000] {dag.py:3823} INFO - Setting next_dagrun for tutorial_taskflow_api to None, run_after=None
[2024-03-26T08:49:50.150+0000] {processor.py:183} INFO - Processing /home/airflow/.local/lib/python3.8/site-packages/airflow/example_dags/tutorial_taskflow_api.py took 0.052 seconds
[2024-03-26T08:50:20.518+0000] {processor.py:161} INFO - Started process (PID=771) to work on /home/airflow/.local/lib/python3.8/site-packages/airflow/example_dags/tutorial_taskflow_api.py
[2024-03-26T08:50:20.520+0000] {processor.py:830} INFO - Processing file /home/airflow/.local/lib/python3.8/site-packages/airflow/example_dags/tutorial_taskflow_api.py for tasks to queue
[2024-03-26T08:50:20.523+0000] {logging_mixin.py:188} INFO - [2024-03-26T08:50:20.523+0000] {dagbag.py:538} INFO - Filling up the DagBag from /home/airflow/.local/lib/python3.8/site-packages/airflow/example_dags/tutorial_taskflow_api.py
[2024-03-26T08:50:20.530+0000] {processor.py:840} INFO - DAG(s) 'tutorial_taskflow_api' retrieved from /home/airflow/.local/lib/python3.8/site-packages/airflow/example_dags/tutorial_taskflow_api.py
[2024-03-26T08:50:20.552+0000] {logging_mixin.py:188} INFO - [2024-03-26T08:50:20.552+0000] {dag.py:3036} INFO - Sync 1 DAGs
[2024-03-26T08:50:20.566+0000] {logging_mixin.py:188} INFO - [2024-03-26T08:50:20.565+0000] {dag.py:3823} INFO - Setting next_dagrun for tutorial_taskflow_api to None, run_after=None
[2024-03-26T08:50:20.595+0000] {processor.py:183} INFO - Processing /home/airflow/.local/lib/python3.8/site-packages/airflow/example_dags/tutorial_taskflow_api.py took 0.079 seconds
[2024-03-26T08:53:11.883+0000] {processor.py:161} INFO - Started process (PID=43) to work on /home/airflow/.local/lib/python3.8/site-packages/airflow/example_dags/tutorial_taskflow_api.py
[2024-03-26T08:53:11.884+0000] {processor.py:830} INFO - Processing file /home/airflow/.local/lib/python3.8/site-packages/airflow/example_dags/tutorial_taskflow_api.py for tasks to queue
[2024-03-26T08:53:11.886+0000] {logging_mixin.py:188} INFO - [2024-03-26T08:53:11.885+0000] {dagbag.py:538} INFO - Filling up the DagBag from /home/airflow/.local/lib/python3.8/site-packages/airflow/example_dags/tutorial_taskflow_api.py
[2024-03-26T08:53:11.896+0000] {processor.py:840} INFO - DAG(s) 'tutorial_taskflow_api' retrieved from /home/airflow/.local/lib/python3.8/site-packages/airflow/example_dags/tutorial_taskflow_api.py
[2024-03-26T08:53:11.917+0000] {logging_mixin.py:188} INFO - [2024-03-26T08:53:11.917+0000] {dag.py:3036} INFO - Sync 1 DAGs
[2024-03-26T08:53:11.927+0000] {logging_mixin.py:188} INFO - [2024-03-26T08:53:11.927+0000] {dag.py:3823} INFO - Setting next_dagrun for tutorial_taskflow_api to None, run_after=None
[2024-03-26T08:53:11.943+0000] {processor.py:183} INFO - Processing /home/airflow/.local/lib/python3.8/site-packages/airflow/example_dags/tutorial_taskflow_api.py took 0.062 seconds
[2024-03-26T08:53:42.454+0000] {processor.py:161} INFO - Started process (PID=99) to work on /home/airflow/.local/lib/python3.8/site-packages/airflow/example_dags/tutorial_taskflow_api.py
[2024-03-26T08:53:42.455+0000] {processor.py:830} INFO - Processing file /home/airflow/.local/lib/python3.8/site-packages/airflow/example_dags/tutorial_taskflow_api.py for tasks to queue
[2024-03-26T08:53:42.456+0000] {logging_mixin.py:188} INFO - [2024-03-26T08:53:42.456+0000] {dagbag.py:538} INFO - Filling up the DagBag from /home/airflow/.local/lib/python3.8/site-packages/airflow/example_dags/tutorial_taskflow_api.py
[2024-03-26T08:53:42.461+0000] {processor.py:840} INFO - DAG(s) 'tutorial_taskflow_api' retrieved from /home/airflow/.local/lib/python3.8/site-packages/airflow/example_dags/tutorial_taskflow_api.py
[2024-03-26T08:53:42.646+0000] {logging_mixin.py:188} INFO - [2024-03-26T08:53:42.646+0000] {dag.py:3036} INFO - Sync 1 DAGs
[2024-03-26T08:53:42.658+0000] {logging_mixin.py:188} INFO - [2024-03-26T08:53:42.658+0000] {dag.py:3823} INFO - Setting next_dagrun for tutorial_taskflow_api to None, run_after=None
[2024-03-26T08:53:42.676+0000] {processor.py:183} INFO - Processing /home/airflow/.local/lib/python3.8/site-packages/airflow/example_dags/tutorial_taskflow_api.py took 0.224 seconds
[2024-03-26T08:54:12.788+0000] {processor.py:161} INFO - Started process (PID=155) to work on /home/airflow/.local/lib/python3.8/site-packages/airflow/example_dags/tutorial_taskflow_api.py
[2024-03-26T08:54:12.789+0000] {processor.py:830} INFO - Processing file /home/airflow/.local/lib/python3.8/site-packages/airflow/example_dags/tutorial_taskflow_api.py for tasks to queue
[2024-03-26T08:54:12.791+0000] {logging_mixin.py:188} INFO - [2024-03-26T08:54:12.790+0000] {dagbag.py:538} INFO - Filling up the DagBag from /home/airflow/.local/lib/python3.8/site-packages/airflow/example_dags/tutorial_taskflow_api.py
[2024-03-26T08:54:12.796+0000] {processor.py:840} INFO - DAG(s) 'tutorial_taskflow_api' retrieved from /home/airflow/.local/lib/python3.8/site-packages/airflow/example_dags/tutorial_taskflow_api.py
[2024-03-26T08:54:12.814+0000] {logging_mixin.py:188} INFO - [2024-03-26T08:54:12.814+0000] {dag.py:3036} INFO - Sync 1 DAGs
[2024-03-26T08:54:12.824+0000] {logging_mixin.py:188} INFO - [2024-03-26T08:54:12.824+0000] {dag.py:3823} INFO - Setting next_dagrun for tutorial_taskflow_api to None, run_after=None
[2024-03-26T08:54:12.846+0000] {processor.py:183} INFO - Processing /home/airflow/.local/lib/python3.8/site-packages/airflow/example_dags/tutorial_taskflow_api.py took 0.060 seconds
[2024-03-26T08:54:43.462+0000] {processor.py:161} INFO - Started process (PID=211) to work on /home/airflow/.local/lib/python3.8/site-packages/airflow/example_dags/tutorial_taskflow_api.py
[2024-03-26T08:54:43.463+0000] {processor.py:830} INFO - Processing file /home/airflow/.local/lib/python3.8/site-packages/airflow/example_dags/tutorial_taskflow_api.py for tasks to queue
[2024-03-26T08:54:43.466+0000] {logging_mixin.py:188} INFO - [2024-03-26T08:54:43.465+0000] {dagbag.py:538} INFO - Filling up the DagBag from /home/airflow/.local/lib/python3.8/site-packages/airflow/example_dags/tutorial_taskflow_api.py
[2024-03-26T08:54:43.473+0000] {processor.py:840} INFO - DAG(s) 'tutorial_taskflow_api' retrieved from /home/airflow/.local/lib/python3.8/site-packages/airflow/example_dags/tutorial_taskflow_api.py
[2024-03-26T08:54:43.501+0000] {logging_mixin.py:188} INFO - [2024-03-26T08:54:43.500+0000] {dag.py:3036} INFO - Sync 1 DAGs
[2024-03-26T08:54:43.514+0000] {logging_mixin.py:188} INFO - [2024-03-26T08:54:43.513+0000] {dag.py:3823} INFO - Setting next_dagrun for tutorial_taskflow_api to None, run_after=None
[2024-03-26T08:54:43.532+0000] {processor.py:183} INFO - Processing /home/airflow/.local/lib/python3.8/site-packages/airflow/example_dags/tutorial_taskflow_api.py took 0.073 seconds
[2024-03-26T08:55:14.104+0000] {processor.py:161} INFO - Started process (PID=267) to work on /home/airflow/.local/lib/python3.8/site-packages/airflow/example_dags/tutorial_taskflow_api.py
[2024-03-26T08:55:14.105+0000] {processor.py:830} INFO - Processing file /home/airflow/.local/lib/python3.8/site-packages/airflow/example_dags/tutorial_taskflow_api.py for tasks to queue
[2024-03-26T08:55:14.107+0000] {logging_mixin.py:188} INFO - [2024-03-26T08:55:14.106+0000] {dagbag.py:538} INFO - Filling up the DagBag from /home/airflow/.local/lib/python3.8/site-packages/airflow/example_dags/tutorial_taskflow_api.py
[2024-03-26T08:55:14.112+0000] {processor.py:840} INFO - DAG(s) 'tutorial_taskflow_api' retrieved from /home/airflow/.local/lib/python3.8/site-packages/airflow/example_dags/tutorial_taskflow_api.py
[2024-03-26T08:55:14.127+0000] {logging_mixin.py:188} INFO - [2024-03-26T08:55:14.127+0000] {dag.py:3036} INFO - Sync 1 DAGs
[2024-03-26T08:55:14.137+0000] {logging_mixin.py:188} INFO - [2024-03-26T08:55:14.137+0000] {dag.py:3823} INFO - Setting next_dagrun for tutorial_taskflow_api to None, run_after=None
[2024-03-26T08:55:14.154+0000] {processor.py:183} INFO - Processing /home/airflow/.local/lib/python3.8/site-packages/airflow/example_dags/tutorial_taskflow_api.py took 0.052 seconds
[2024-03-26T08:55:44.618+0000] {processor.py:161} INFO - Started process (PID=323) to work on /home/airflow/.local/lib/python3.8/site-packages/airflow/example_dags/tutorial_taskflow_api.py
[2024-03-26T08:55:44.619+0000] {processor.py:830} INFO - Processing file /home/airflow/.local/lib/python3.8/site-packages/airflow/example_dags/tutorial_taskflow_api.py for tasks to queue
[2024-03-26T08:55:44.620+0000] {logging_mixin.py:188} INFO - [2024-03-26T08:55:44.620+0000] {dagbag.py:538} INFO - Filling up the DagBag from /home/airflow/.local/lib/python3.8/site-packages/airflow/example_dags/tutorial_taskflow_api.py
[2024-03-26T08:55:44.625+0000] {processor.py:840} INFO - DAG(s) 'tutorial_taskflow_api' retrieved from /home/airflow/.local/lib/python3.8/site-packages/airflow/example_dags/tutorial_taskflow_api.py
[2024-03-26T08:55:44.642+0000] {logging_mixin.py:188} INFO - [2024-03-26T08:55:44.641+0000] {dag.py:3036} INFO - Sync 1 DAGs
[2024-03-26T08:55:44.652+0000] {logging_mixin.py:188} INFO - [2024-03-26T08:55:44.652+0000] {dag.py:3823} INFO - Setting next_dagrun for tutorial_taskflow_api to None, run_after=None
[2024-03-26T08:55:44.670+0000] {processor.py:183} INFO - Processing /home/airflow/.local/lib/python3.8/site-packages/airflow/example_dags/tutorial_taskflow_api.py took 0.054 seconds
[2024-03-26T08:56:14.874+0000] {processor.py:161} INFO - Started process (PID=379) to work on /home/airflow/.local/lib/python3.8/site-packages/airflow/example_dags/tutorial_taskflow_api.py
[2024-03-26T08:56:14.875+0000] {processor.py:830} INFO - Processing file /home/airflow/.local/lib/python3.8/site-packages/airflow/example_dags/tutorial_taskflow_api.py for tasks to queue
[2024-03-26T08:56:14.876+0000] {logging_mixin.py:188} INFO - [2024-03-26T08:56:14.876+0000] {dagbag.py:538} INFO - Filling up the DagBag from /home/airflow/.local/lib/python3.8/site-packages/airflow/example_dags/tutorial_taskflow_api.py
[2024-03-26T08:56:14.881+0000] {processor.py:840} INFO - DAG(s) 'tutorial_taskflow_api' retrieved from /home/airflow/.local/lib/python3.8/site-packages/airflow/example_dags/tutorial_taskflow_api.py
[2024-03-26T08:56:14.897+0000] {logging_mixin.py:188} INFO - [2024-03-26T08:56:14.897+0000] {dag.py:3036} INFO - Sync 1 DAGs
[2024-03-26T08:56:14.907+0000] {logging_mixin.py:188} INFO - [2024-03-26T08:56:14.907+0000] {dag.py:3823} INFO - Setting next_dagrun for tutorial_taskflow_api to None, run_after=None
[2024-03-26T08:56:14.925+0000] {processor.py:183} INFO - Processing /home/airflow/.local/lib/python3.8/site-packages/airflow/example_dags/tutorial_taskflow_api.py took 0.053 seconds
[2024-03-26T08:56:45.278+0000] {processor.py:161} INFO - Started process (PID=435) to work on /home/airflow/.local/lib/python3.8/site-packages/airflow/example_dags/tutorial_taskflow_api.py
[2024-03-26T08:56:45.278+0000] {processor.py:830} INFO - Processing file /home/airflow/.local/lib/python3.8/site-packages/airflow/example_dags/tutorial_taskflow_api.py for tasks to queue
[2024-03-26T08:56:45.280+0000] {logging_mixin.py:188} INFO - [2024-03-26T08:56:45.280+0000] {dagbag.py:538} INFO - Filling up the DagBag from /home/airflow/.local/lib/python3.8/site-packages/airflow/example_dags/tutorial_taskflow_api.py
[2024-03-26T08:56:45.284+0000] {processor.py:840} INFO - DAG(s) 'tutorial_taskflow_api' retrieved from /home/airflow/.local/lib/python3.8/site-packages/airflow/example_dags/tutorial_taskflow_api.py
[2024-03-26T08:56:45.301+0000] {logging_mixin.py:188} INFO - [2024-03-26T08:56:45.300+0000] {dag.py:3036} INFO - Sync 1 DAGs
[2024-03-26T08:56:45.311+0000] {logging_mixin.py:188} INFO - [2024-03-26T08:56:45.310+0000] {dag.py:3823} INFO - Setting next_dagrun for tutorial_taskflow_api to None, run_after=None
[2024-03-26T08:56:45.328+0000] {processor.py:183} INFO - Processing /home/airflow/.local/lib/python3.8/site-packages/airflow/example_dags/tutorial_taskflow_api.py took 0.052 seconds
[2024-03-26T08:57:15.633+0000] {processor.py:161} INFO - Started process (PID=491) to work on /home/airflow/.local/lib/python3.8/site-packages/airflow/example_dags/tutorial_taskflow_api.py
[2024-03-26T08:57:15.634+0000] {processor.py:830} INFO - Processing file /home/airflow/.local/lib/python3.8/site-packages/airflow/example_dags/tutorial_taskflow_api.py for tasks to queue
[2024-03-26T08:57:15.635+0000] {logging_mixin.py:188} INFO - [2024-03-26T08:57:15.635+0000] {dagbag.py:538} INFO - Filling up the DagBag from /home/airflow/.local/lib/python3.8/site-packages/airflow/example_dags/tutorial_taskflow_api.py
[2024-03-26T08:57:15.641+0000] {processor.py:840} INFO - DAG(s) 'tutorial_taskflow_api' retrieved from /home/airflow/.local/lib/python3.8/site-packages/airflow/example_dags/tutorial_taskflow_api.py
[2024-03-26T08:57:15.660+0000] {logging_mixin.py:188} INFO - [2024-03-26T08:57:15.660+0000] {dag.py:3036} INFO - Sync 1 DAGs
[2024-03-26T08:57:15.671+0000] {logging_mixin.py:188} INFO - [2024-03-26T08:57:15.671+0000] {dag.py:3823} INFO - Setting next_dagrun for tutorial_taskflow_api to None, run_after=None
[2024-03-26T08:57:15.689+0000] {processor.py:183} INFO - Processing /home/airflow/.local/lib/python3.8/site-packages/airflow/example_dags/tutorial_taskflow_api.py took 0.060 seconds
[2024-03-26T08:57:46.011+0000] {processor.py:161} INFO - Started process (PID=547) to work on /home/airflow/.local/lib/python3.8/site-packages/airflow/example_dags/tutorial_taskflow_api.py
[2024-03-26T08:57:46.012+0000] {processor.py:830} INFO - Processing file /home/airflow/.local/lib/python3.8/site-packages/airflow/example_dags/tutorial_taskflow_api.py for tasks to queue
[2024-03-26T08:57:46.013+0000] {logging_mixin.py:188} INFO - [2024-03-26T08:57:46.013+0000] {dagbag.py:538} INFO - Filling up the DagBag from /home/airflow/.local/lib/python3.8/site-packages/airflow/example_dags/tutorial_taskflow_api.py
[2024-03-26T08:57:46.018+0000] {processor.py:840} INFO - DAG(s) 'tutorial_taskflow_api' retrieved from /home/airflow/.local/lib/python3.8/site-packages/airflow/example_dags/tutorial_taskflow_api.py
[2024-03-26T08:57:46.038+0000] {logging_mixin.py:188} INFO - [2024-03-26T08:57:46.038+0000] {dag.py:3036} INFO - Sync 1 DAGs
[2024-03-26T08:57:46.049+0000] {logging_mixin.py:188} INFO - [2024-03-26T08:57:46.049+0000] {dag.py:3823} INFO - Setting next_dagrun for tutorial_taskflow_api to None, run_after=None
[2024-03-26T08:57:46.066+0000] {processor.py:183} INFO - Processing /home/airflow/.local/lib/python3.8/site-packages/airflow/example_dags/tutorial_taskflow_api.py took 0.057 seconds
[2024-03-26T08:58:16.505+0000] {processor.py:161} INFO - Started process (PID=603) to work on /home/airflow/.local/lib/python3.8/site-packages/airflow/example_dags/tutorial_taskflow_api.py
[2024-03-26T08:58:16.506+0000] {processor.py:830} INFO - Processing file /home/airflow/.local/lib/python3.8/site-packages/airflow/example_dags/tutorial_taskflow_api.py for tasks to queue
[2024-03-26T08:58:16.508+0000] {logging_mixin.py:188} INFO - [2024-03-26T08:58:16.507+0000] {dagbag.py:538} INFO - Filling up the DagBag from /home/airflow/.local/lib/python3.8/site-packages/airflow/example_dags/tutorial_taskflow_api.py
[2024-03-26T08:58:16.512+0000] {processor.py:840} INFO - DAG(s) 'tutorial_taskflow_api' retrieved from /home/airflow/.local/lib/python3.8/site-packages/airflow/example_dags/tutorial_taskflow_api.py
[2024-03-26T08:58:16.527+0000] {logging_mixin.py:188} INFO - [2024-03-26T08:58:16.527+0000] {dag.py:3036} INFO - Sync 1 DAGs
[2024-03-26T08:58:16.538+0000] {logging_mixin.py:188} INFO - [2024-03-26T08:58:16.537+0000] {dag.py:3823} INFO - Setting next_dagrun for tutorial_taskflow_api to None, run_after=None
[2024-03-26T08:58:16.554+0000] {processor.py:183} INFO - Processing /home/airflow/.local/lib/python3.8/site-packages/airflow/example_dags/tutorial_taskflow_api.py took 0.051 seconds
[2024-03-26T08:58:47.131+0000] {processor.py:161} INFO - Started process (PID=659) to work on /home/airflow/.local/lib/python3.8/site-packages/airflow/example_dags/tutorial_taskflow_api.py
[2024-03-26T08:58:47.132+0000] {processor.py:830} INFO - Processing file /home/airflow/.local/lib/python3.8/site-packages/airflow/example_dags/tutorial_taskflow_api.py for tasks to queue
[2024-03-26T08:58:47.134+0000] {logging_mixin.py:188} INFO - [2024-03-26T08:58:47.133+0000] {dagbag.py:538} INFO - Filling up the DagBag from /home/airflow/.local/lib/python3.8/site-packages/airflow/example_dags/tutorial_taskflow_api.py
[2024-03-26T08:58:47.138+0000] {processor.py:840} INFO - DAG(s) 'tutorial_taskflow_api' retrieved from /home/airflow/.local/lib/python3.8/site-packages/airflow/example_dags/tutorial_taskflow_api.py
[2024-03-26T08:58:47.153+0000] {logging_mixin.py:188} INFO - [2024-03-26T08:58:47.153+0000] {dag.py:3036} INFO - Sync 1 DAGs
[2024-03-26T08:58:47.164+0000] {logging_mixin.py:188} INFO - [2024-03-26T08:58:47.163+0000] {dag.py:3823} INFO - Setting next_dagrun for tutorial_taskflow_api to None, run_after=None
[2024-03-26T08:58:47.179+0000] {processor.py:183} INFO - Processing /home/airflow/.local/lib/python3.8/site-packages/airflow/example_dags/tutorial_taskflow_api.py took 0.050 seconds
[2024-03-26T09:07:39.907+0000] {processor.py:161} INFO - Started process (PID=43) to work on /home/airflow/.local/lib/python3.8/site-packages/airflow/example_dags/tutorial_taskflow_api.py
[2024-03-26T09:07:39.908+0000] {processor.py:830} INFO - Processing file /home/airflow/.local/lib/python3.8/site-packages/airflow/example_dags/tutorial_taskflow_api.py for tasks to queue
[2024-03-26T09:07:39.910+0000] {logging_mixin.py:188} INFO - [2024-03-26T09:07:39.909+0000] {dagbag.py:538} INFO - Filling up the DagBag from /home/airflow/.local/lib/python3.8/site-packages/airflow/example_dags/tutorial_taskflow_api.py
[2024-03-26T09:07:39.919+0000] {processor.py:840} INFO - DAG(s) 'tutorial_taskflow_api' retrieved from /home/airflow/.local/lib/python3.8/site-packages/airflow/example_dags/tutorial_taskflow_api.py
[2024-03-26T09:07:39.946+0000] {logging_mixin.py:188} INFO - [2024-03-26T09:07:39.946+0000] {dag.py:3036} INFO - Sync 1 DAGs
[2024-03-26T09:07:39.959+0000] {logging_mixin.py:188} INFO - [2024-03-26T09:07:39.958+0000] {dag.py:3823} INFO - Setting next_dagrun for tutorial_taskflow_api to None, run_after=None
[2024-03-26T09:07:39.979+0000] {processor.py:183} INFO - Processing /home/airflow/.local/lib/python3.8/site-packages/airflow/example_dags/tutorial_taskflow_api.py took 0.075 seconds
[2024-03-26T09:08:10.022+0000] {processor.py:161} INFO - Started process (PID=100) to work on /home/airflow/.local/lib/python3.8/site-packages/airflow/example_dags/tutorial_taskflow_api.py
[2024-03-26T09:08:10.023+0000] {processor.py:830} INFO - Processing file /home/airflow/.local/lib/python3.8/site-packages/airflow/example_dags/tutorial_taskflow_api.py for tasks to queue
[2024-03-26T09:08:10.024+0000] {logging_mixin.py:188} INFO - [2024-03-26T09:08:10.024+0000] {dagbag.py:538} INFO - Filling up the DagBag from /home/airflow/.local/lib/python3.8/site-packages/airflow/example_dags/tutorial_taskflow_api.py
[2024-03-26T09:08:10.029+0000] {processor.py:840} INFO - DAG(s) 'tutorial_taskflow_api' retrieved from /home/airflow/.local/lib/python3.8/site-packages/airflow/example_dags/tutorial_taskflow_api.py
[2024-03-26T09:08:10.111+0000] {logging_mixin.py:188} INFO - [2024-03-26T09:08:10.110+0000] {dag.py:3036} INFO - Sync 1 DAGs
[2024-03-26T09:08:10.119+0000] {logging_mixin.py:188} INFO - [2024-03-26T09:08:10.119+0000] {dag.py:3823} INFO - Setting next_dagrun for tutorial_taskflow_api to None, run_after=None
[2024-03-26T09:08:10.134+0000] {processor.py:183} INFO - Processing /home/airflow/.local/lib/python3.8/site-packages/airflow/example_dags/tutorial_taskflow_api.py took 0.114 seconds
[2024-03-26T09:08:40.764+0000] {processor.py:161} INFO - Started process (PID=157) to work on /home/airflow/.local/lib/python3.8/site-packages/airflow/example_dags/tutorial_taskflow_api.py
[2024-03-26T09:08:40.765+0000] {processor.py:830} INFO - Processing file /home/airflow/.local/lib/python3.8/site-packages/airflow/example_dags/tutorial_taskflow_api.py for tasks to queue
[2024-03-26T09:08:40.766+0000] {logging_mixin.py:188} INFO - [2024-03-26T09:08:40.766+0000] {dagbag.py:538} INFO - Filling up the DagBag from /home/airflow/.local/lib/python3.8/site-packages/airflow/example_dags/tutorial_taskflow_api.py
[2024-03-26T09:08:40.771+0000] {processor.py:840} INFO - DAG(s) 'tutorial_taskflow_api' retrieved from /home/airflow/.local/lib/python3.8/site-packages/airflow/example_dags/tutorial_taskflow_api.py
[2024-03-26T09:08:40.785+0000] {logging_mixin.py:188} INFO - [2024-03-26T09:08:40.785+0000] {dag.py:3036} INFO - Sync 1 DAGs
[2024-03-26T09:08:40.795+0000] {logging_mixin.py:188} INFO - [2024-03-26T09:08:40.795+0000] {dag.py:3823} INFO - Setting next_dagrun for tutorial_taskflow_api to None, run_after=None
[2024-03-26T09:08:40.811+0000] {processor.py:183} INFO - Processing /home/airflow/.local/lib/python3.8/site-packages/airflow/example_dags/tutorial_taskflow_api.py took 0.049 seconds
[2024-03-26T09:09:10.847+0000] {processor.py:161} INFO - Started process (PID=214) to work on /home/airflow/.local/lib/python3.8/site-packages/airflow/example_dags/tutorial_taskflow_api.py
[2024-03-26T09:09:10.848+0000] {processor.py:830} INFO - Processing file /home/airflow/.local/lib/python3.8/site-packages/airflow/example_dags/tutorial_taskflow_api.py for tasks to queue
[2024-03-26T09:09:10.849+0000] {logging_mixin.py:188} INFO - [2024-03-26T09:09:10.849+0000] {dagbag.py:538} INFO - Filling up the DagBag from /home/airflow/.local/lib/python3.8/site-packages/airflow/example_dags/tutorial_taskflow_api.py
[2024-03-26T09:09:10.854+0000] {processor.py:840} INFO - DAG(s) 'tutorial_taskflow_api' retrieved from /home/airflow/.local/lib/python3.8/site-packages/airflow/example_dags/tutorial_taskflow_api.py
[2024-03-26T09:09:10.869+0000] {logging_mixin.py:188} INFO - [2024-03-26T09:09:10.869+0000] {dag.py:3036} INFO - Sync 1 DAGs
[2024-03-26T09:09:10.879+0000] {logging_mixin.py:188} INFO - [2024-03-26T09:09:10.879+0000] {dag.py:3823} INFO - Setting next_dagrun for tutorial_taskflow_api to None, run_after=None
[2024-03-26T09:09:10.895+0000] {processor.py:183} INFO - Processing /home/airflow/.local/lib/python3.8/site-packages/airflow/example_dags/tutorial_taskflow_api.py took 0.051 seconds
[2024-03-26T09:09:41.365+0000] {processor.py:161} INFO - Started process (PID=271) to work on /home/airflow/.local/lib/python3.8/site-packages/airflow/example_dags/tutorial_taskflow_api.py
[2024-03-26T09:09:41.366+0000] {processor.py:830} INFO - Processing file /home/airflow/.local/lib/python3.8/site-packages/airflow/example_dags/tutorial_taskflow_api.py for tasks to queue
[2024-03-26T09:09:41.368+0000] {logging_mixin.py:188} INFO - [2024-03-26T09:09:41.367+0000] {dagbag.py:538} INFO - Filling up the DagBag from /home/airflow/.local/lib/python3.8/site-packages/airflow/example_dags/tutorial_taskflow_api.py
[2024-03-26T09:09:41.373+0000] {processor.py:840} INFO - DAG(s) 'tutorial_taskflow_api' retrieved from /home/airflow/.local/lib/python3.8/site-packages/airflow/example_dags/tutorial_taskflow_api.py
[2024-03-26T09:09:41.390+0000] {logging_mixin.py:188} INFO - [2024-03-26T09:09:41.390+0000] {dag.py:3036} INFO - Sync 1 DAGs
[2024-03-26T09:09:41.403+0000] {logging_mixin.py:188} INFO - [2024-03-26T09:09:41.403+0000] {dag.py:3823} INFO - Setting next_dagrun for tutorial_taskflow_api to None, run_after=None
[2024-03-26T09:09:41.421+0000] {processor.py:183} INFO - Processing /home/airflow/.local/lib/python3.8/site-packages/airflow/example_dags/tutorial_taskflow_api.py took 0.059 seconds
[2024-03-26T09:10:11.957+0000] {processor.py:161} INFO - Started process (PID=328) to work on /home/airflow/.local/lib/python3.8/site-packages/airflow/example_dags/tutorial_taskflow_api.py
[2024-03-26T09:10:11.958+0000] {processor.py:830} INFO - Processing file /home/airflow/.local/lib/python3.8/site-packages/airflow/example_dags/tutorial_taskflow_api.py for tasks to queue
[2024-03-26T09:10:11.960+0000] {logging_mixin.py:188} INFO - [2024-03-26T09:10:11.959+0000] {dagbag.py:538} INFO - Filling up the DagBag from /home/airflow/.local/lib/python3.8/site-packages/airflow/example_dags/tutorial_taskflow_api.py
[2024-03-26T09:10:11.964+0000] {processor.py:840} INFO - DAG(s) 'tutorial_taskflow_api' retrieved from /home/airflow/.local/lib/python3.8/site-packages/airflow/example_dags/tutorial_taskflow_api.py
[2024-03-26T09:10:11.979+0000] {logging_mixin.py:188} INFO - [2024-03-26T09:10:11.979+0000] {dag.py:3036} INFO - Sync 1 DAGs
[2024-03-26T09:10:11.989+0000] {logging_mixin.py:188} INFO - [2024-03-26T09:10:11.989+0000] {dag.py:3823} INFO - Setting next_dagrun for tutorial_taskflow_api to None, run_after=None
[2024-03-26T09:10:12.004+0000] {processor.py:183} INFO - Processing /home/airflow/.local/lib/python3.8/site-packages/airflow/example_dags/tutorial_taskflow_api.py took 0.049 seconds
[2024-03-26T09:50:55.675+0000] {processor.py:161} INFO - Started process (PID=43) to work on /home/airflow/.local/lib/python3.8/site-packages/airflow/example_dags/tutorial_taskflow_api.py
[2024-03-26T09:50:55.676+0000] {processor.py:830} INFO - Processing file /home/airflow/.local/lib/python3.8/site-packages/airflow/example_dags/tutorial_taskflow_api.py for tasks to queue
[2024-03-26T09:50:55.678+0000] {logging_mixin.py:188} INFO - [2024-03-26T09:50:55.678+0000] {dagbag.py:538} INFO - Filling up the DagBag from /home/airflow/.local/lib/python3.8/site-packages/airflow/example_dags/tutorial_taskflow_api.py
[2024-03-26T09:50:55.694+0000] {processor.py:840} INFO - DAG(s) 'tutorial_taskflow_api' retrieved from /home/airflow/.local/lib/python3.8/site-packages/airflow/example_dags/tutorial_taskflow_api.py
[2024-03-26T09:50:55.720+0000] {logging_mixin.py:188} INFO - [2024-03-26T09:50:55.720+0000] {dag.py:3036} INFO - Sync 1 DAGs
[2024-03-26T09:50:55.736+0000] {logging_mixin.py:188} INFO - [2024-03-26T09:50:55.736+0000] {dag.py:3823} INFO - Setting next_dagrun for tutorial_taskflow_api to None, run_after=None
[2024-03-26T09:50:55.759+0000] {processor.py:183} INFO - Processing /home/airflow/.local/lib/python3.8/site-packages/airflow/example_dags/tutorial_taskflow_api.py took 0.088 seconds
[2024-03-26T09:51:26.175+0000] {processor.py:161} INFO - Started process (PID=99) to work on /home/airflow/.local/lib/python3.8/site-packages/airflow/example_dags/tutorial_taskflow_api.py
[2024-03-26T09:51:26.176+0000] {processor.py:830} INFO - Processing file /home/airflow/.local/lib/python3.8/site-packages/airflow/example_dags/tutorial_taskflow_api.py for tasks to queue
[2024-03-26T09:51:26.177+0000] {logging_mixin.py:188} INFO - [2024-03-26T09:51:26.177+0000] {dagbag.py:538} INFO - Filling up the DagBag from /home/airflow/.local/lib/python3.8/site-packages/airflow/example_dags/tutorial_taskflow_api.py
[2024-03-26T09:51:26.182+0000] {processor.py:840} INFO - DAG(s) 'tutorial_taskflow_api' retrieved from /home/airflow/.local/lib/python3.8/site-packages/airflow/example_dags/tutorial_taskflow_api.py
[2024-03-26T09:51:26.335+0000] {logging_mixin.py:188} INFO - [2024-03-26T09:51:26.335+0000] {dag.py:3036} INFO - Sync 1 DAGs
[2024-03-26T09:51:26.345+0000] {logging_mixin.py:188} INFO - [2024-03-26T09:51:26.344+0000] {dag.py:3823} INFO - Setting next_dagrun for tutorial_taskflow_api to None, run_after=None
[2024-03-26T09:51:26.361+0000] {processor.py:183} INFO - Processing /home/airflow/.local/lib/python3.8/site-packages/airflow/example_dags/tutorial_taskflow_api.py took 0.189 seconds
[2024-03-26T09:51:56.674+0000] {processor.py:161} INFO - Started process (PID=156) to work on /home/airflow/.local/lib/python3.8/site-packages/airflow/example_dags/tutorial_taskflow_api.py
[2024-03-26T09:51:56.675+0000] {processor.py:830} INFO - Processing file /home/airflow/.local/lib/python3.8/site-packages/airflow/example_dags/tutorial_taskflow_api.py for tasks to queue
[2024-03-26T09:51:56.676+0000] {logging_mixin.py:188} INFO - [2024-03-26T09:51:56.676+0000] {dagbag.py:538} INFO - Filling up the DagBag from /home/airflow/.local/lib/python3.8/site-packages/airflow/example_dags/tutorial_taskflow_api.py
[2024-03-26T09:51:56.681+0000] {processor.py:840} INFO - DAG(s) 'tutorial_taskflow_api' retrieved from /home/airflow/.local/lib/python3.8/site-packages/airflow/example_dags/tutorial_taskflow_api.py
[2024-03-26T09:51:56.697+0000] {logging_mixin.py:188} INFO - [2024-03-26T09:51:56.697+0000] {dag.py:3036} INFO - Sync 1 DAGs
[2024-03-26T09:51:56.707+0000] {logging_mixin.py:188} INFO - [2024-03-26T09:51:56.707+0000] {dag.py:3823} INFO - Setting next_dagrun for tutorial_taskflow_api to None, run_after=None
[2024-03-26T09:51:56.724+0000] {processor.py:183} INFO - Processing /home/airflow/.local/lib/python3.8/site-packages/airflow/example_dags/tutorial_taskflow_api.py took 0.052 seconds
[2024-03-26T09:52:27.303+0000] {processor.py:161} INFO - Started process (PID=213) to work on /home/airflow/.local/lib/python3.8/site-packages/airflow/example_dags/tutorial_taskflow_api.py
[2024-03-26T09:52:27.304+0000] {processor.py:830} INFO - Processing file /home/airflow/.local/lib/python3.8/site-packages/airflow/example_dags/tutorial_taskflow_api.py for tasks to queue
[2024-03-26T09:52:27.306+0000] {logging_mixin.py:188} INFO - [2024-03-26T09:52:27.306+0000] {dagbag.py:538} INFO - Filling up the DagBag from /home/airflow/.local/lib/python3.8/site-packages/airflow/example_dags/tutorial_taskflow_api.py
[2024-03-26T09:52:27.311+0000] {processor.py:840} INFO - DAG(s) 'tutorial_taskflow_api' retrieved from /home/airflow/.local/lib/python3.8/site-packages/airflow/example_dags/tutorial_taskflow_api.py
[2024-03-26T09:52:27.329+0000] {logging_mixin.py:188} INFO - [2024-03-26T09:52:27.329+0000] {dag.py:3036} INFO - Sync 1 DAGs
[2024-03-26T09:52:27.339+0000] {logging_mixin.py:188} INFO - [2024-03-26T09:52:27.339+0000] {dag.py:3823} INFO - Setting next_dagrun for tutorial_taskflow_api to None, run_after=None
[2024-03-26T09:52:27.355+0000] {processor.py:183} INFO - Processing /home/airflow/.local/lib/python3.8/site-packages/airflow/example_dags/tutorial_taskflow_api.py took 0.055 seconds
[2024-03-26T09:52:57.432+0000] {processor.py:161} INFO - Started process (PID=270) to work on /home/airflow/.local/lib/python3.8/site-packages/airflow/example_dags/tutorial_taskflow_api.py
[2024-03-26T09:52:57.433+0000] {processor.py:830} INFO - Processing file /home/airflow/.local/lib/python3.8/site-packages/airflow/example_dags/tutorial_taskflow_api.py for tasks to queue
[2024-03-26T09:52:57.434+0000] {logging_mixin.py:188} INFO - [2024-03-26T09:52:57.434+0000] {dagbag.py:538} INFO - Filling up the DagBag from /home/airflow/.local/lib/python3.8/site-packages/airflow/example_dags/tutorial_taskflow_api.py
[2024-03-26T09:52:57.439+0000] {processor.py:840} INFO - DAG(s) 'tutorial_taskflow_api' retrieved from /home/airflow/.local/lib/python3.8/site-packages/airflow/example_dags/tutorial_taskflow_api.py
[2024-03-26T09:52:57.454+0000] {logging_mixin.py:188} INFO - [2024-03-26T09:52:57.454+0000] {dag.py:3036} INFO - Sync 1 DAGs
[2024-03-26T09:52:57.464+0000] {logging_mixin.py:188} INFO - [2024-03-26T09:52:57.464+0000] {dag.py:3823} INFO - Setting next_dagrun for tutorial_taskflow_api to None, run_after=None
[2024-03-26T09:52:57.479+0000] {processor.py:183} INFO - Processing /home/airflow/.local/lib/python3.8/site-packages/airflow/example_dags/tutorial_taskflow_api.py took 0.050 seconds
[2024-03-26T09:53:27.832+0000] {processor.py:161} INFO - Started process (PID=327) to work on /home/airflow/.local/lib/python3.8/site-packages/airflow/example_dags/tutorial_taskflow_api.py
[2024-03-26T09:53:27.833+0000] {processor.py:830} INFO - Processing file /home/airflow/.local/lib/python3.8/site-packages/airflow/example_dags/tutorial_taskflow_api.py for tasks to queue
[2024-03-26T09:53:27.835+0000] {logging_mixin.py:188} INFO - [2024-03-26T09:53:27.835+0000] {dagbag.py:538} INFO - Filling up the DagBag from /home/airflow/.local/lib/python3.8/site-packages/airflow/example_dags/tutorial_taskflow_api.py
[2024-03-26T09:53:27.839+0000] {processor.py:840} INFO - DAG(s) 'tutorial_taskflow_api' retrieved from /home/airflow/.local/lib/python3.8/site-packages/airflow/example_dags/tutorial_taskflow_api.py
[2024-03-26T09:53:27.854+0000] {logging_mixin.py:188} INFO - [2024-03-26T09:53:27.854+0000] {dag.py:3036} INFO - Sync 1 DAGs
[2024-03-26T09:53:27.864+0000] {logging_mixin.py:188} INFO - [2024-03-26T09:53:27.864+0000] {dag.py:3823} INFO - Setting next_dagrun for tutorial_taskflow_api to None, run_after=None
[2024-03-26T09:53:27.879+0000] {processor.py:183} INFO - Processing /home/airflow/.local/lib/python3.8/site-packages/airflow/example_dags/tutorial_taskflow_api.py took 0.049 seconds
[2024-03-26T09:53:57.955+0000] {processor.py:161} INFO - Started process (PID=384) to work on /home/airflow/.local/lib/python3.8/site-packages/airflow/example_dags/tutorial_taskflow_api.py
[2024-03-26T09:53:57.956+0000] {processor.py:830} INFO - Processing file /home/airflow/.local/lib/python3.8/site-packages/airflow/example_dags/tutorial_taskflow_api.py for tasks to queue
[2024-03-26T09:53:57.957+0000] {logging_mixin.py:188} INFO - [2024-03-26T09:53:57.957+0000] {dagbag.py:538} INFO - Filling up the DagBag from /home/airflow/.local/lib/python3.8/site-packages/airflow/example_dags/tutorial_taskflow_api.py
[2024-03-26T09:53:57.962+0000] {processor.py:840} INFO - DAG(s) 'tutorial_taskflow_api' retrieved from /home/airflow/.local/lib/python3.8/site-packages/airflow/example_dags/tutorial_taskflow_api.py
[2024-03-26T09:53:57.977+0000] {logging_mixin.py:188} INFO - [2024-03-26T09:53:57.976+0000] {dag.py:3036} INFO - Sync 1 DAGs
[2024-03-26T09:53:57.987+0000] {logging_mixin.py:188} INFO - [2024-03-26T09:53:57.986+0000] {dag.py:3823} INFO - Setting next_dagrun for tutorial_taskflow_api to None, run_after=None
[2024-03-26T09:53:58.001+0000] {processor.py:183} INFO - Processing /home/airflow/.local/lib/python3.8/site-packages/airflow/example_dags/tutorial_taskflow_api.py took 0.048 seconds
[2024-03-26T09:54:28.425+0000] {processor.py:161} INFO - Started process (PID=441) to work on /home/airflow/.local/lib/python3.8/site-packages/airflow/example_dags/tutorial_taskflow_api.py
[2024-03-26T09:54:28.426+0000] {processor.py:830} INFO - Processing file /home/airflow/.local/lib/python3.8/site-packages/airflow/example_dags/tutorial_taskflow_api.py for tasks to queue
[2024-03-26T09:54:28.427+0000] {logging_mixin.py:188} INFO - [2024-03-26T09:54:28.427+0000] {dagbag.py:538} INFO - Filling up the DagBag from /home/airflow/.local/lib/python3.8/site-packages/airflow/example_dags/tutorial_taskflow_api.py
[2024-03-26T09:54:28.432+0000] {processor.py:840} INFO - DAG(s) 'tutorial_taskflow_api' retrieved from /home/airflow/.local/lib/python3.8/site-packages/airflow/example_dags/tutorial_taskflow_api.py
[2024-03-26T09:54:28.447+0000] {logging_mixin.py:188} INFO - [2024-03-26T09:54:28.447+0000] {dag.py:3036} INFO - Sync 1 DAGs
[2024-03-26T09:54:28.457+0000] {logging_mixin.py:188} INFO - [2024-03-26T09:54:28.457+0000] {dag.py:3823} INFO - Setting next_dagrun for tutorial_taskflow_api to None, run_after=None
[2024-03-26T09:54:28.473+0000] {processor.py:183} INFO - Processing /home/airflow/.local/lib/python3.8/site-packages/airflow/example_dags/tutorial_taskflow_api.py took 0.050 seconds
[2024-03-26T09:54:58.988+0000] {processor.py:161} INFO - Started process (PID=498) to work on /home/airflow/.local/lib/python3.8/site-packages/airflow/example_dags/tutorial_taskflow_api.py
[2024-03-26T09:54:58.990+0000] {processor.py:830} INFO - Processing file /home/airflow/.local/lib/python3.8/site-packages/airflow/example_dags/tutorial_taskflow_api.py for tasks to queue
[2024-03-26T09:54:58.991+0000] {logging_mixin.py:188} INFO - [2024-03-26T09:54:58.991+0000] {dagbag.py:538} INFO - Filling up the DagBag from /home/airflow/.local/lib/python3.8/site-packages/airflow/example_dags/tutorial_taskflow_api.py
[2024-03-26T09:54:58.996+0000] {processor.py:840} INFO - DAG(s) 'tutorial_taskflow_api' retrieved from /home/airflow/.local/lib/python3.8/site-packages/airflow/example_dags/tutorial_taskflow_api.py
[2024-03-26T09:54:59.012+0000] {logging_mixin.py:188} INFO - [2024-03-26T09:54:59.012+0000] {dag.py:3036} INFO - Sync 1 DAGs
[2024-03-26T09:54:59.022+0000] {logging_mixin.py:188} INFO - [2024-03-26T09:54:59.022+0000] {dag.py:3823} INFO - Setting next_dagrun for tutorial_taskflow_api to None, run_after=None
[2024-03-26T09:54:59.039+0000] {processor.py:183} INFO - Processing /home/airflow/.local/lib/python3.8/site-packages/airflow/example_dags/tutorial_taskflow_api.py took 0.053 seconds
[2024-03-26T09:55:29.658+0000] {processor.py:161} INFO - Started process (PID=555) to work on /home/airflow/.local/lib/python3.8/site-packages/airflow/example_dags/tutorial_taskflow_api.py
[2024-03-26T09:55:29.659+0000] {processor.py:830} INFO - Processing file /home/airflow/.local/lib/python3.8/site-packages/airflow/example_dags/tutorial_taskflow_api.py for tasks to queue
[2024-03-26T09:55:29.660+0000] {logging_mixin.py:188} INFO - [2024-03-26T09:55:29.660+0000] {dagbag.py:538} INFO - Filling up the DagBag from /home/airflow/.local/lib/python3.8/site-packages/airflow/example_dags/tutorial_taskflow_api.py
[2024-03-26T09:55:29.665+0000] {processor.py:840} INFO - DAG(s) 'tutorial_taskflow_api' retrieved from /home/airflow/.local/lib/python3.8/site-packages/airflow/example_dags/tutorial_taskflow_api.py
[2024-03-26T09:55:29.681+0000] {logging_mixin.py:188} INFO - [2024-03-26T09:55:29.681+0000] {dag.py:3036} INFO - Sync 1 DAGs
[2024-03-26T09:55:29.693+0000] {logging_mixin.py:188} INFO - [2024-03-26T09:55:29.692+0000] {dag.py:3823} INFO - Setting next_dagrun for tutorial_taskflow_api to None, run_after=None
[2024-03-26T09:55:29.708+0000] {processor.py:183} INFO - Processing /home/airflow/.local/lib/python3.8/site-packages/airflow/example_dags/tutorial_taskflow_api.py took 0.053 seconds
[2024-03-26T09:56:00.133+0000] {processor.py:161} INFO - Started process (PID=612) to work on /home/airflow/.local/lib/python3.8/site-packages/airflow/example_dags/tutorial_taskflow_api.py
[2024-03-26T09:56:00.134+0000] {processor.py:830} INFO - Processing file /home/airflow/.local/lib/python3.8/site-packages/airflow/example_dags/tutorial_taskflow_api.py for tasks to queue
[2024-03-26T09:56:00.135+0000] {logging_mixin.py:188} INFO - [2024-03-26T09:56:00.135+0000] {dagbag.py:538} INFO - Filling up the DagBag from /home/airflow/.local/lib/python3.8/site-packages/airflow/example_dags/tutorial_taskflow_api.py
[2024-03-26T09:56:00.140+0000] {processor.py:840} INFO - DAG(s) 'tutorial_taskflow_api' retrieved from /home/airflow/.local/lib/python3.8/site-packages/airflow/example_dags/tutorial_taskflow_api.py
[2024-03-26T09:56:00.161+0000] {logging_mixin.py:188} INFO - [2024-03-26T09:56:00.160+0000] {dag.py:3036} INFO - Sync 1 DAGs
[2024-03-26T09:56:00.172+0000] {logging_mixin.py:188} INFO - [2024-03-26T09:56:00.171+0000] {dag.py:3823} INFO - Setting next_dagrun for tutorial_taskflow_api to None, run_after=None
[2024-03-26T09:56:00.186+0000] {processor.py:183} INFO - Processing /home/airflow/.local/lib/python3.8/site-packages/airflow/example_dags/tutorial_taskflow_api.py took 0.056 seconds
[2024-03-26T09:57:45.438+0000] {processor.py:161} INFO - Started process (PID=43) to work on /home/airflow/.local/lib/python3.8/site-packages/airflow/example_dags/tutorial_taskflow_api.py
[2024-03-26T09:57:45.439+0000] {processor.py:830} INFO - Processing file /home/airflow/.local/lib/python3.8/site-packages/airflow/example_dags/tutorial_taskflow_api.py for tasks to queue
[2024-03-26T09:57:45.441+0000] {logging_mixin.py:188} INFO - [2024-03-26T09:57:45.440+0000] {dagbag.py:538} INFO - Filling up the DagBag from /home/airflow/.local/lib/python3.8/site-packages/airflow/example_dags/tutorial_taskflow_api.py
[2024-03-26T09:57:45.454+0000] {processor.py:840} INFO - DAG(s) 'tutorial_taskflow_api' retrieved from /home/airflow/.local/lib/python3.8/site-packages/airflow/example_dags/tutorial_taskflow_api.py
[2024-03-26T09:57:45.480+0000] {logging_mixin.py:188} INFO - [2024-03-26T09:57:45.480+0000] {dag.py:3036} INFO - Sync 1 DAGs
[2024-03-26T09:57:45.492+0000] {logging_mixin.py:188} INFO - [2024-03-26T09:57:45.492+0000] {dag.py:3823} INFO - Setting next_dagrun for tutorial_taskflow_api to None, run_after=None
[2024-03-26T09:57:45.519+0000] {processor.py:183} INFO - Processing /home/airflow/.local/lib/python3.8/site-packages/airflow/example_dags/tutorial_taskflow_api.py took 0.085 seconds
[2024-03-26T09:58:15.856+0000] {processor.py:161} INFO - Started process (PID=99) to work on /home/airflow/.local/lib/python3.8/site-packages/airflow/example_dags/tutorial_taskflow_api.py
[2024-03-26T09:58:15.857+0000] {processor.py:830} INFO - Processing file /home/airflow/.local/lib/python3.8/site-packages/airflow/example_dags/tutorial_taskflow_api.py for tasks to queue
[2024-03-26T09:58:15.859+0000] {logging_mixin.py:188} INFO - [2024-03-26T09:58:15.858+0000] {dagbag.py:538} INFO - Filling up the DagBag from /home/airflow/.local/lib/python3.8/site-packages/airflow/example_dags/tutorial_taskflow_api.py
[2024-03-26T09:58:15.865+0000] {processor.py:840} INFO - DAG(s) 'tutorial_taskflow_api' retrieved from /home/airflow/.local/lib/python3.8/site-packages/airflow/example_dags/tutorial_taskflow_api.py
[2024-03-26T09:58:16.026+0000] {logging_mixin.py:188} INFO - [2024-03-26T09:58:16.026+0000] {dag.py:3036} INFO - Sync 1 DAGs
[2024-03-26T09:58:16.035+0000] {logging_mixin.py:188} INFO - [2024-03-26T09:58:16.035+0000] {dag.py:3823} INFO - Setting next_dagrun for tutorial_taskflow_api to None, run_after=None
[2024-03-26T09:58:16.055+0000] {processor.py:183} INFO - Processing /home/airflow/.local/lib/python3.8/site-packages/airflow/example_dags/tutorial_taskflow_api.py took 0.200 seconds
[2024-03-26T09:58:46.457+0000] {processor.py:161} INFO - Started process (PID=156) to work on /home/airflow/.local/lib/python3.8/site-packages/airflow/example_dags/tutorial_taskflow_api.py
[2024-03-26T09:58:46.458+0000] {processor.py:830} INFO - Processing file /home/airflow/.local/lib/python3.8/site-packages/airflow/example_dags/tutorial_taskflow_api.py for tasks to queue
[2024-03-26T09:58:46.460+0000] {logging_mixin.py:188} INFO - [2024-03-26T09:58:46.460+0000] {dagbag.py:538} INFO - Filling up the DagBag from /home/airflow/.local/lib/python3.8/site-packages/airflow/example_dags/tutorial_taskflow_api.py
[2024-03-26T09:58:46.465+0000] {processor.py:840} INFO - DAG(s) 'tutorial_taskflow_api' retrieved from /home/airflow/.local/lib/python3.8/site-packages/airflow/example_dags/tutorial_taskflow_api.py
[2024-03-26T09:58:46.482+0000] {logging_mixin.py:188} INFO - [2024-03-26T09:58:46.482+0000] {dag.py:3036} INFO - Sync 1 DAGs
[2024-03-26T09:58:46.493+0000] {logging_mixin.py:188} INFO - [2024-03-26T09:58:46.493+0000] {dag.py:3823} INFO - Setting next_dagrun for tutorial_taskflow_api to None, run_after=None
[2024-03-26T09:58:46.510+0000] {processor.py:183} INFO - Processing /home/airflow/.local/lib/python3.8/site-packages/airflow/example_dags/tutorial_taskflow_api.py took 0.056 seconds
[2024-03-26T10:11:02.280+0000] {processor.py:161} INFO - Started process (PID=43) to work on /home/airflow/.local/lib/python3.8/site-packages/airflow/example_dags/tutorial_taskflow_api.py
[2024-03-26T10:11:02.281+0000] {processor.py:830} INFO - Processing file /home/airflow/.local/lib/python3.8/site-packages/airflow/example_dags/tutorial_taskflow_api.py for tasks to queue
[2024-03-26T10:11:02.283+0000] {logging_mixin.py:188} INFO - [2024-03-26T10:11:02.283+0000] {dagbag.py:538} INFO - Filling up the DagBag from /home/airflow/.local/lib/python3.8/site-packages/airflow/example_dags/tutorial_taskflow_api.py
[2024-03-26T10:11:02.297+0000] {processor.py:840} INFO - DAG(s) 'tutorial_taskflow_api' retrieved from /home/airflow/.local/lib/python3.8/site-packages/airflow/example_dags/tutorial_taskflow_api.py
[2024-03-26T10:11:02.323+0000] {logging_mixin.py:188} INFO - [2024-03-26T10:11:02.323+0000] {dag.py:3036} INFO - Sync 1 DAGs
[2024-03-26T10:11:02.336+0000] {logging_mixin.py:188} INFO - [2024-03-26T10:11:02.336+0000] {dag.py:3823} INFO - Setting next_dagrun for tutorial_taskflow_api to None, run_after=None
[2024-03-26T10:11:02.359+0000] {processor.py:183} INFO - Processing /home/airflow/.local/lib/python3.8/site-packages/airflow/example_dags/tutorial_taskflow_api.py took 0.081 seconds
[2024-03-26T10:11:33.194+0000] {processor.py:161} INFO - Started process (PID=99) to work on /home/airflow/.local/lib/python3.8/site-packages/airflow/example_dags/tutorial_taskflow_api.py
[2024-03-26T10:11:33.195+0000] {processor.py:830} INFO - Processing file /home/airflow/.local/lib/python3.8/site-packages/airflow/example_dags/tutorial_taskflow_api.py for tasks to queue
[2024-03-26T10:11:33.196+0000] {logging_mixin.py:188} INFO - [2024-03-26T10:11:33.196+0000] {dagbag.py:538} INFO - Filling up the DagBag from /home/airflow/.local/lib/python3.8/site-packages/airflow/example_dags/tutorial_taskflow_api.py
[2024-03-26T10:11:33.201+0000] {processor.py:840} INFO - DAG(s) 'tutorial_taskflow_api' retrieved from /home/airflow/.local/lib/python3.8/site-packages/airflow/example_dags/tutorial_taskflow_api.py
[2024-03-26T10:11:33.351+0000] {logging_mixin.py:188} INFO - [2024-03-26T10:11:33.351+0000] {dag.py:3036} INFO - Sync 1 DAGs
[2024-03-26T10:11:33.360+0000] {logging_mixin.py:188} INFO - [2024-03-26T10:11:33.360+0000] {dag.py:3823} INFO - Setting next_dagrun for tutorial_taskflow_api to None, run_after=None
[2024-03-26T10:11:33.386+0000] {processor.py:183} INFO - Processing /home/airflow/.local/lib/python3.8/site-packages/airflow/example_dags/tutorial_taskflow_api.py took 0.194 seconds
[2024-03-26T10:12:48.099+0000] {processor.py:161} INFO - Started process (PID=43) to work on /home/airflow/.local/lib/python3.8/site-packages/airflow/example_dags/tutorial_taskflow_api.py
[2024-03-26T10:12:48.100+0000] {processor.py:830} INFO - Processing file /home/airflow/.local/lib/python3.8/site-packages/airflow/example_dags/tutorial_taskflow_api.py for tasks to queue
[2024-03-26T10:12:48.102+0000] {logging_mixin.py:188} INFO - [2024-03-26T10:12:48.101+0000] {dagbag.py:538} INFO - Filling up the DagBag from /home/airflow/.local/lib/python3.8/site-packages/airflow/example_dags/tutorial_taskflow_api.py
[2024-03-26T10:12:48.109+0000] {processor.py:840} INFO - DAG(s) 'tutorial_taskflow_api' retrieved from /home/airflow/.local/lib/python3.8/site-packages/airflow/example_dags/tutorial_taskflow_api.py
[2024-03-26T10:12:48.143+0000] {logging_mixin.py:188} INFO - [2024-03-26T10:12:48.142+0000] {dag.py:3036} INFO - Sync 1 DAGs
[2024-03-26T10:12:48.162+0000] {logging_mixin.py:188} INFO - [2024-03-26T10:12:48.162+0000] {dag.py:3823} INFO - Setting next_dagrun for tutorial_taskflow_api to None, run_after=None
[2024-03-26T10:12:48.185+0000] {processor.py:183} INFO - Processing /home/airflow/.local/lib/python3.8/site-packages/airflow/example_dags/tutorial_taskflow_api.py took 0.088 seconds
[2024-03-26T10:13:18.349+0000] {processor.py:161} INFO - Started process (PID=99) to work on /home/airflow/.local/lib/python3.8/site-packages/airflow/example_dags/tutorial_taskflow_api.py
[2024-03-26T10:13:18.350+0000] {processor.py:830} INFO - Processing file /home/airflow/.local/lib/python3.8/site-packages/airflow/example_dags/tutorial_taskflow_api.py for tasks to queue
[2024-03-26T10:13:18.351+0000] {logging_mixin.py:188} INFO - [2024-03-26T10:13:18.351+0000] {dagbag.py:538} INFO - Filling up the DagBag from /home/airflow/.local/lib/python3.8/site-packages/airflow/example_dags/tutorial_taskflow_api.py
[2024-03-26T10:13:18.356+0000] {processor.py:840} INFO - DAG(s) 'tutorial_taskflow_api' retrieved from /home/airflow/.local/lib/python3.8/site-packages/airflow/example_dags/tutorial_taskflow_api.py
[2024-03-26T10:13:18.440+0000] {logging_mixin.py:188} INFO - [2024-03-26T10:13:18.440+0000] {dag.py:3036} INFO - Sync 1 DAGs
[2024-03-26T10:13:18.450+0000] {logging_mixin.py:188} INFO - [2024-03-26T10:13:18.450+0000] {dag.py:3823} INFO - Setting next_dagrun for tutorial_taskflow_api to None, run_after=None
[2024-03-26T10:13:18.466+0000] {processor.py:183} INFO - Processing /home/airflow/.local/lib/python3.8/site-packages/airflow/example_dags/tutorial_taskflow_api.py took 0.120 seconds
[2024-03-26T10:13:48.753+0000] {processor.py:161} INFO - Started process (PID=156) to work on /home/airflow/.local/lib/python3.8/site-packages/airflow/example_dags/tutorial_taskflow_api.py
[2024-03-26T10:13:48.754+0000] {processor.py:830} INFO - Processing file /home/airflow/.local/lib/python3.8/site-packages/airflow/example_dags/tutorial_taskflow_api.py for tasks to queue
[2024-03-26T10:13:48.755+0000] {logging_mixin.py:188} INFO - [2024-03-26T10:13:48.755+0000] {dagbag.py:538} INFO - Filling up the DagBag from /home/airflow/.local/lib/python3.8/site-packages/airflow/example_dags/tutorial_taskflow_api.py
[2024-03-26T10:13:48.760+0000] {processor.py:840} INFO - DAG(s) 'tutorial_taskflow_api' retrieved from /home/airflow/.local/lib/python3.8/site-packages/airflow/example_dags/tutorial_taskflow_api.py
[2024-03-26T10:13:48.775+0000] {logging_mixin.py:188} INFO - [2024-03-26T10:13:48.774+0000] {dag.py:3036} INFO - Sync 1 DAGs
[2024-03-26T10:13:48.785+0000] {logging_mixin.py:188} INFO - [2024-03-26T10:13:48.784+0000] {dag.py:3823} INFO - Setting next_dagrun for tutorial_taskflow_api to None, run_after=None
[2024-03-26T10:13:48.799+0000] {processor.py:183} INFO - Processing /home/airflow/.local/lib/python3.8/site-packages/airflow/example_dags/tutorial_taskflow_api.py took 0.048 seconds
[2024-03-26T10:14:18.867+0000] {processor.py:161} INFO - Started process (PID=213) to work on /home/airflow/.local/lib/python3.8/site-packages/airflow/example_dags/tutorial_taskflow_api.py
[2024-03-26T10:14:18.868+0000] {processor.py:830} INFO - Processing file /home/airflow/.local/lib/python3.8/site-packages/airflow/example_dags/tutorial_taskflow_api.py for tasks to queue
[2024-03-26T10:14:18.870+0000] {logging_mixin.py:188} INFO - [2024-03-26T10:14:18.869+0000] {dagbag.py:538} INFO - Filling up the DagBag from /home/airflow/.local/lib/python3.8/site-packages/airflow/example_dags/tutorial_taskflow_api.py
[2024-03-26T10:14:18.874+0000] {processor.py:840} INFO - DAG(s) 'tutorial_taskflow_api' retrieved from /home/airflow/.local/lib/python3.8/site-packages/airflow/example_dags/tutorial_taskflow_api.py
[2024-03-26T10:14:18.889+0000] {logging_mixin.py:188} INFO - [2024-03-26T10:14:18.889+0000] {dag.py:3036} INFO - Sync 1 DAGs
[2024-03-26T10:14:18.902+0000] {logging_mixin.py:188} INFO - [2024-03-26T10:14:18.902+0000] {dag.py:3823} INFO - Setting next_dagrun for tutorial_taskflow_api to None, run_after=None
[2024-03-26T10:14:18.919+0000] {processor.py:183} INFO - Processing /home/airflow/.local/lib/python3.8/site-packages/airflow/example_dags/tutorial_taskflow_api.py took 0.054 seconds
[2024-03-26T10:15:14.079+0000] {processor.py:161} INFO - Started process (PID=43) to work on /home/airflow/.local/lib/python3.8/site-packages/airflow/example_dags/tutorial_taskflow_api.py
[2024-03-26T10:15:14.080+0000] {processor.py:830} INFO - Processing file /home/airflow/.local/lib/python3.8/site-packages/airflow/example_dags/tutorial_taskflow_api.py for tasks to queue
[2024-03-26T10:15:14.082+0000] {logging_mixin.py:188} INFO - [2024-03-26T10:15:14.081+0000] {dagbag.py:538} INFO - Filling up the DagBag from /home/airflow/.local/lib/python3.8/site-packages/airflow/example_dags/tutorial_taskflow_api.py
[2024-03-26T10:15:14.091+0000] {processor.py:840} INFO - DAG(s) 'tutorial_taskflow_api' retrieved from /home/airflow/.local/lib/python3.8/site-packages/airflow/example_dags/tutorial_taskflow_api.py
[2024-03-26T10:15:14.125+0000] {logging_mixin.py:188} INFO - [2024-03-26T10:15:14.124+0000] {dag.py:3036} INFO - Sync 1 DAGs
[2024-03-26T10:15:14.146+0000] {logging_mixin.py:188} INFO - [2024-03-26T10:15:14.146+0000] {dag.py:3823} INFO - Setting next_dagrun for tutorial_taskflow_api to None, run_after=None
[2024-03-26T10:15:14.175+0000] {processor.py:183} INFO - Processing /home/airflow/.local/lib/python3.8/site-packages/airflow/example_dags/tutorial_taskflow_api.py took 0.098 seconds
[2024-03-26T10:15:44.273+0000] {processor.py:161} INFO - Started process (PID=99) to work on /home/airflow/.local/lib/python3.8/site-packages/airflow/example_dags/tutorial_taskflow_api.py
[2024-03-26T10:15:44.273+0000] {processor.py:830} INFO - Processing file /home/airflow/.local/lib/python3.8/site-packages/airflow/example_dags/tutorial_taskflow_api.py for tasks to queue
[2024-03-26T10:15:44.275+0000] {logging_mixin.py:188} INFO - [2024-03-26T10:15:44.275+0000] {dagbag.py:538} INFO - Filling up the DagBag from /home/airflow/.local/lib/python3.8/site-packages/airflow/example_dags/tutorial_taskflow_api.py
[2024-03-26T10:15:44.280+0000] {processor.py:840} INFO - DAG(s) 'tutorial_taskflow_api' retrieved from /home/airflow/.local/lib/python3.8/site-packages/airflow/example_dags/tutorial_taskflow_api.py
[2024-03-26T10:15:44.378+0000] {logging_mixin.py:188} INFO - [2024-03-26T10:15:44.378+0000] {dag.py:3036} INFO - Sync 1 DAGs
[2024-03-26T10:15:44.389+0000] {logging_mixin.py:188} INFO - [2024-03-26T10:15:44.389+0000] {dag.py:3823} INFO - Setting next_dagrun for tutorial_taskflow_api to None, run_after=None
[2024-03-26T10:15:44.421+0000] {processor.py:183} INFO - Processing /home/airflow/.local/lib/python3.8/site-packages/airflow/example_dags/tutorial_taskflow_api.py took 0.151 seconds
[2024-03-26T10:17:20.851+0000] {processor.py:161} INFO - Started process (PID=43) to work on /home/airflow/.local/lib/python3.8/site-packages/airflow/example_dags/tutorial_taskflow_api.py
[2024-03-26T10:17:20.852+0000] {processor.py:830} INFO - Processing file /home/airflow/.local/lib/python3.8/site-packages/airflow/example_dags/tutorial_taskflow_api.py for tasks to queue
[2024-03-26T10:17:20.854+0000] {logging_mixin.py:188} INFO - [2024-03-26T10:17:20.854+0000] {dagbag.py:538} INFO - Filling up the DagBag from /home/airflow/.local/lib/python3.8/site-packages/airflow/example_dags/tutorial_taskflow_api.py
[2024-03-26T10:17:20.868+0000] {processor.py:840} INFO - DAG(s) 'tutorial_taskflow_api' retrieved from /home/airflow/.local/lib/python3.8/site-packages/airflow/example_dags/tutorial_taskflow_api.py
[2024-03-26T10:17:20.892+0000] {logging_mixin.py:188} INFO - [2024-03-26T10:17:20.892+0000] {dag.py:3036} INFO - Sync 1 DAGs
[2024-03-26T10:17:20.903+0000] {logging_mixin.py:188} INFO - [2024-03-26T10:17:20.903+0000] {dag.py:3823} INFO - Setting next_dagrun for tutorial_taskflow_api to None, run_after=None
[2024-03-26T10:17:20.924+0000] {processor.py:183} INFO - Processing /home/airflow/.local/lib/python3.8/site-packages/airflow/example_dags/tutorial_taskflow_api.py took 0.075 seconds
[2024-03-26T10:17:51.637+0000] {processor.py:161} INFO - Started process (PID=99) to work on /home/airflow/.local/lib/python3.8/site-packages/airflow/example_dags/tutorial_taskflow_api.py
[2024-03-26T10:17:51.638+0000] {processor.py:830} INFO - Processing file /home/airflow/.local/lib/python3.8/site-packages/airflow/example_dags/tutorial_taskflow_api.py for tasks to queue
[2024-03-26T10:17:51.639+0000] {logging_mixin.py:188} INFO - [2024-03-26T10:17:51.639+0000] {dagbag.py:538} INFO - Filling up the DagBag from /home/airflow/.local/lib/python3.8/site-packages/airflow/example_dags/tutorial_taskflow_api.py
[2024-03-26T10:17:51.644+0000] {processor.py:840} INFO - DAG(s) 'tutorial_taskflow_api' retrieved from /home/airflow/.local/lib/python3.8/site-packages/airflow/example_dags/tutorial_taskflow_api.py
[2024-03-26T10:17:51.802+0000] {logging_mixin.py:188} INFO - [2024-03-26T10:17:51.802+0000] {dag.py:3036} INFO - Sync 1 DAGs
[2024-03-26T10:17:51.812+0000] {logging_mixin.py:188} INFO - [2024-03-26T10:17:51.811+0000] {dag.py:3823} INFO - Setting next_dagrun for tutorial_taskflow_api to None, run_after=None
[2024-03-26T10:17:51.829+0000] {processor.py:183} INFO - Processing /home/airflow/.local/lib/python3.8/site-packages/airflow/example_dags/tutorial_taskflow_api.py took 0.195 seconds
