[2024-03-26T08:41:07.656+0000] {processor.py:161} INFO - Started process (PID=74) to work on /home/airflow/.local/lib/python3.8/site-packages/airflow/example_dags/tutorial_objectstorage.py
[2024-03-26T08:41:07.657+0000] {processor.py:830} INFO - Processing file /home/airflow/.local/lib/python3.8/site-packages/airflow/example_dags/tutorial_objectstorage.py for tasks to queue
[2024-03-26T08:41:07.658+0000] {logging_mixin.py:188} INFO - [2024-03-26T08:41:07.658+0000] {dagbag.py:538} INFO - Filling up the DagBag from /home/airflow/.local/lib/python3.8/site-packages/airflow/example_dags/tutorial_objectstorage.py
[2024-03-26T08:41:07.666+0000] {processor.py:840} INFO - DAG(s) 'tutorial_objectstorage' retrieved from /home/airflow/.local/lib/python3.8/site-packages/airflow/example_dags/tutorial_objectstorage.py
[2024-03-26T08:41:07.675+0000] {logging_mixin.py:188} INFO - [2024-03-26T08:41:07.675+0000] {dag.py:3036} INFO - Sync 1 DAGs
[2024-03-26T08:41:07.686+0000] {logging_mixin.py:188} INFO - [2024-03-26T08:41:07.686+0000] {dag.py:3823} INFO - Setting next_dagrun for tutorial_objectstorage to None, run_after=None
[2024-03-26T08:41:07.701+0000] {processor.py:183} INFO - Processing /home/airflow/.local/lib/python3.8/site-packages/airflow/example_dags/tutorial_objectstorage.py took 0.048 seconds
[2024-03-26T08:41:39.189+0000] {processor.py:161} INFO - Started process (PID=130) to work on /home/airflow/.local/lib/python3.8/site-packages/airflow/example_dags/tutorial_objectstorage.py
[2024-03-26T08:41:39.190+0000] {processor.py:830} INFO - Processing file /home/airflow/.local/lib/python3.8/site-packages/airflow/example_dags/tutorial_objectstorage.py for tasks to queue
[2024-03-26T08:41:39.192+0000] {logging_mixin.py:188} INFO - [2024-03-26T08:41:39.192+0000] {dagbag.py:538} INFO - Filling up the DagBag from /home/airflow/.local/lib/python3.8/site-packages/airflow/example_dags/tutorial_objectstorage.py
[2024-03-26T08:41:39.197+0000] {processor.py:840} INFO - DAG(s) 'tutorial_objectstorage' retrieved from /home/airflow/.local/lib/python3.8/site-packages/airflow/example_dags/tutorial_objectstorage.py
[2024-03-26T08:41:39.287+0000] {logging_mixin.py:188} INFO - [2024-03-26T08:41:39.287+0000] {dag.py:3036} INFO - Sync 1 DAGs
[2024-03-26T08:41:39.297+0000] {logging_mixin.py:188} INFO - [2024-03-26T08:41:39.297+0000] {dag.py:3823} INFO - Setting next_dagrun for tutorial_objectstorage to None, run_after=None
[2024-03-26T08:41:39.317+0000] {processor.py:183} INFO - Processing /home/airflow/.local/lib/python3.8/site-packages/airflow/example_dags/tutorial_objectstorage.py took 0.131 seconds
[2024-03-26T08:43:47.856+0000] {processor.py:161} INFO - Started process (PID=74) to work on /home/airflow/.local/lib/python3.8/site-packages/airflow/example_dags/tutorial_objectstorage.py
[2024-03-26T08:43:47.857+0000] {processor.py:830} INFO - Processing file /home/airflow/.local/lib/python3.8/site-packages/airflow/example_dags/tutorial_objectstorage.py for tasks to queue
[2024-03-26T08:43:47.858+0000] {logging_mixin.py:188} INFO - [2024-03-26T08:43:47.858+0000] {dagbag.py:538} INFO - Filling up the DagBag from /home/airflow/.local/lib/python3.8/site-packages/airflow/example_dags/tutorial_objectstorage.py
[2024-03-26T08:43:47.865+0000] {processor.py:840} INFO - DAG(s) 'tutorial_objectstorage' retrieved from /home/airflow/.local/lib/python3.8/site-packages/airflow/example_dags/tutorial_objectstorage.py
[2024-03-26T08:43:47.875+0000] {logging_mixin.py:188} INFO - [2024-03-26T08:43:47.874+0000] {dag.py:3036} INFO - Sync 1 DAGs
[2024-03-26T08:43:47.887+0000] {logging_mixin.py:188} INFO - [2024-03-26T08:43:47.887+0000] {dag.py:3823} INFO - Setting next_dagrun for tutorial_objectstorage to None, run_after=None
[2024-03-26T08:43:47.907+0000] {processor.py:183} INFO - Processing /home/airflow/.local/lib/python3.8/site-packages/airflow/example_dags/tutorial_objectstorage.py took 0.054 seconds
[2024-03-26T08:44:19.563+0000] {processor.py:161} INFO - Started process (PID=130) to work on /home/airflow/.local/lib/python3.8/site-packages/airflow/example_dags/tutorial_objectstorage.py
[2024-03-26T08:44:19.564+0000] {processor.py:830} INFO - Processing file /home/airflow/.local/lib/python3.8/site-packages/airflow/example_dags/tutorial_objectstorage.py for tasks to queue
[2024-03-26T08:44:19.565+0000] {logging_mixin.py:188} INFO - [2024-03-26T08:44:19.565+0000] {dagbag.py:538} INFO - Filling up the DagBag from /home/airflow/.local/lib/python3.8/site-packages/airflow/example_dags/tutorial_objectstorage.py
[2024-03-26T08:44:19.571+0000] {processor.py:840} INFO - DAG(s) 'tutorial_objectstorage' retrieved from /home/airflow/.local/lib/python3.8/site-packages/airflow/example_dags/tutorial_objectstorage.py
[2024-03-26T08:44:19.656+0000] {logging_mixin.py:188} INFO - [2024-03-26T08:44:19.655+0000] {dag.py:3036} INFO - Sync 1 DAGs
[2024-03-26T08:44:19.665+0000] {logging_mixin.py:188} INFO - [2024-03-26T08:44:19.664+0000] {dag.py:3823} INFO - Setting next_dagrun for tutorial_objectstorage to None, run_after=None
[2024-03-26T08:44:19.681+0000] {processor.py:183} INFO - Processing /home/airflow/.local/lib/python3.8/site-packages/airflow/example_dags/tutorial_objectstorage.py took 0.120 seconds
[2024-03-26T08:44:49.719+0000] {processor.py:161} INFO - Started process (PID=186) to work on /home/airflow/.local/lib/python3.8/site-packages/airflow/example_dags/tutorial_objectstorage.py
[2024-03-26T08:44:49.720+0000] {processor.py:830} INFO - Processing file /home/airflow/.local/lib/python3.8/site-packages/airflow/example_dags/tutorial_objectstorage.py for tasks to queue
[2024-03-26T08:44:49.721+0000] {logging_mixin.py:188} INFO - [2024-03-26T08:44:49.721+0000] {dagbag.py:538} INFO - Filling up the DagBag from /home/airflow/.local/lib/python3.8/site-packages/airflow/example_dags/tutorial_objectstorage.py
[2024-03-26T08:44:49.726+0000] {processor.py:840} INFO - DAG(s) 'tutorial_objectstorage' retrieved from /home/airflow/.local/lib/python3.8/site-packages/airflow/example_dags/tutorial_objectstorage.py
[2024-03-26T08:44:49.741+0000] {logging_mixin.py:188} INFO - [2024-03-26T08:44:49.740+0000] {dag.py:3036} INFO - Sync 1 DAGs
[2024-03-26T08:44:49.750+0000] {logging_mixin.py:188} INFO - [2024-03-26T08:44:49.750+0000] {dag.py:3823} INFO - Setting next_dagrun for tutorial_objectstorage to None, run_after=None
[2024-03-26T08:44:49.765+0000] {processor.py:183} INFO - Processing /home/airflow/.local/lib/python3.8/site-packages/airflow/example_dags/tutorial_objectstorage.py took 0.049 seconds
[2024-03-26T08:45:19.938+0000] {processor.py:161} INFO - Started process (PID=242) to work on /home/airflow/.local/lib/python3.8/site-packages/airflow/example_dags/tutorial_objectstorage.py
[2024-03-26T08:45:19.939+0000] {processor.py:830} INFO - Processing file /home/airflow/.local/lib/python3.8/site-packages/airflow/example_dags/tutorial_objectstorage.py for tasks to queue
[2024-03-26T08:45:19.941+0000] {logging_mixin.py:188} INFO - [2024-03-26T08:45:19.941+0000] {dagbag.py:538} INFO - Filling up the DagBag from /home/airflow/.local/lib/python3.8/site-packages/airflow/example_dags/tutorial_objectstorage.py
[2024-03-26T08:45:19.947+0000] {processor.py:840} INFO - DAG(s) 'tutorial_objectstorage' retrieved from /home/airflow/.local/lib/python3.8/site-packages/airflow/example_dags/tutorial_objectstorage.py
[2024-03-26T08:45:19.963+0000] {logging_mixin.py:188} INFO - [2024-03-26T08:45:19.962+0000] {dag.py:3036} INFO - Sync 1 DAGs
[2024-03-26T08:45:19.974+0000] {logging_mixin.py:188} INFO - [2024-03-26T08:45:19.974+0000] {dag.py:3823} INFO - Setting next_dagrun for tutorial_objectstorage to None, run_after=None
[2024-03-26T08:45:19.992+0000] {processor.py:183} INFO - Processing /home/airflow/.local/lib/python3.8/site-packages/airflow/example_dags/tutorial_objectstorage.py took 0.056 seconds
[2024-03-26T08:45:50.162+0000] {processor.py:161} INFO - Started process (PID=298) to work on /home/airflow/.local/lib/python3.8/site-packages/airflow/example_dags/tutorial_objectstorage.py
[2024-03-26T08:45:50.163+0000] {processor.py:830} INFO - Processing file /home/airflow/.local/lib/python3.8/site-packages/airflow/example_dags/tutorial_objectstorage.py for tasks to queue
[2024-03-26T08:45:50.164+0000] {logging_mixin.py:188} INFO - [2024-03-26T08:45:50.164+0000] {dagbag.py:538} INFO - Filling up the DagBag from /home/airflow/.local/lib/python3.8/site-packages/airflow/example_dags/tutorial_objectstorage.py
[2024-03-26T08:45:50.169+0000] {processor.py:840} INFO - DAG(s) 'tutorial_objectstorage' retrieved from /home/airflow/.local/lib/python3.8/site-packages/airflow/example_dags/tutorial_objectstorage.py
[2024-03-26T08:45:50.184+0000] {logging_mixin.py:188} INFO - [2024-03-26T08:45:50.184+0000] {dag.py:3036} INFO - Sync 1 DAGs
[2024-03-26T08:45:50.194+0000] {logging_mixin.py:188} INFO - [2024-03-26T08:45:50.194+0000] {dag.py:3823} INFO - Setting next_dagrun for tutorial_objectstorage to None, run_after=None
[2024-03-26T08:45:50.210+0000] {processor.py:183} INFO - Processing /home/airflow/.local/lib/python3.8/site-packages/airflow/example_dags/tutorial_objectstorage.py took 0.050 seconds
[2024-03-26T08:46:20.383+0000] {processor.py:161} INFO - Started process (PID=354) to work on /home/airflow/.local/lib/python3.8/site-packages/airflow/example_dags/tutorial_objectstorage.py
[2024-03-26T08:46:20.384+0000] {processor.py:830} INFO - Processing file /home/airflow/.local/lib/python3.8/site-packages/airflow/example_dags/tutorial_objectstorage.py for tasks to queue
[2024-03-26T08:46:20.386+0000] {logging_mixin.py:188} INFO - [2024-03-26T08:46:20.385+0000] {dagbag.py:538} INFO - Filling up the DagBag from /home/airflow/.local/lib/python3.8/site-packages/airflow/example_dags/tutorial_objectstorage.py
[2024-03-26T08:46:20.391+0000] {processor.py:840} INFO - DAG(s) 'tutorial_objectstorage' retrieved from /home/airflow/.local/lib/python3.8/site-packages/airflow/example_dags/tutorial_objectstorage.py
[2024-03-26T08:46:20.405+0000] {logging_mixin.py:188} INFO - [2024-03-26T08:46:20.404+0000] {dag.py:3036} INFO - Sync 1 DAGs
[2024-03-26T08:46:20.415+0000] {logging_mixin.py:188} INFO - [2024-03-26T08:46:20.415+0000] {dag.py:3823} INFO - Setting next_dagrun for tutorial_objectstorage to None, run_after=None
[2024-03-26T08:46:20.429+0000] {processor.py:183} INFO - Processing /home/airflow/.local/lib/python3.8/site-packages/airflow/example_dags/tutorial_objectstorage.py took 0.048 seconds
[2024-03-26T08:46:50.670+0000] {processor.py:161} INFO - Started process (PID=410) to work on /home/airflow/.local/lib/python3.8/site-packages/airflow/example_dags/tutorial_objectstorage.py
[2024-03-26T08:46:50.671+0000] {processor.py:830} INFO - Processing file /home/airflow/.local/lib/python3.8/site-packages/airflow/example_dags/tutorial_objectstorage.py for tasks to queue
[2024-03-26T08:46:50.673+0000] {logging_mixin.py:188} INFO - [2024-03-26T08:46:50.672+0000] {dagbag.py:538} INFO - Filling up the DagBag from /home/airflow/.local/lib/python3.8/site-packages/airflow/example_dags/tutorial_objectstorage.py
[2024-03-26T08:46:50.678+0000] {processor.py:840} INFO - DAG(s) 'tutorial_objectstorage' retrieved from /home/airflow/.local/lib/python3.8/site-packages/airflow/example_dags/tutorial_objectstorage.py
[2024-03-26T08:46:50.692+0000] {logging_mixin.py:188} INFO - [2024-03-26T08:46:50.692+0000] {dag.py:3036} INFO - Sync 1 DAGs
[2024-03-26T08:46:50.702+0000] {logging_mixin.py:188} INFO - [2024-03-26T08:46:50.702+0000] {dag.py:3823} INFO - Setting next_dagrun for tutorial_objectstorage to None, run_after=None
[2024-03-26T08:46:50.717+0000] {processor.py:183} INFO - Processing /home/airflow/.local/lib/python3.8/site-packages/airflow/example_dags/tutorial_objectstorage.py took 0.050 seconds
[2024-03-26T08:47:20.856+0000] {processor.py:161} INFO - Started process (PID=466) to work on /home/airflow/.local/lib/python3.8/site-packages/airflow/example_dags/tutorial_objectstorage.py
[2024-03-26T08:47:20.856+0000] {processor.py:830} INFO - Processing file /home/airflow/.local/lib/python3.8/site-packages/airflow/example_dags/tutorial_objectstorage.py for tasks to queue
[2024-03-26T08:47:20.858+0000] {logging_mixin.py:188} INFO - [2024-03-26T08:47:20.858+0000] {dagbag.py:538} INFO - Filling up the DagBag from /home/airflow/.local/lib/python3.8/site-packages/airflow/example_dags/tutorial_objectstorage.py
[2024-03-26T08:47:20.863+0000] {processor.py:840} INFO - DAG(s) 'tutorial_objectstorage' retrieved from /home/airflow/.local/lib/python3.8/site-packages/airflow/example_dags/tutorial_objectstorage.py
[2024-03-26T08:47:20.877+0000] {logging_mixin.py:188} INFO - [2024-03-26T08:47:20.876+0000] {dag.py:3036} INFO - Sync 1 DAGs
[2024-03-26T08:47:20.886+0000] {logging_mixin.py:188} INFO - [2024-03-26T08:47:20.886+0000] {dag.py:3823} INFO - Setting next_dagrun for tutorial_objectstorage to None, run_after=None
[2024-03-26T08:47:20.905+0000] {processor.py:183} INFO - Processing /home/airflow/.local/lib/python3.8/site-packages/airflow/example_dags/tutorial_objectstorage.py took 0.051 seconds
[2024-03-26T08:47:51.079+0000] {processor.py:161} INFO - Started process (PID=522) to work on /home/airflow/.local/lib/python3.8/site-packages/airflow/example_dags/tutorial_objectstorage.py
[2024-03-26T08:47:51.080+0000] {processor.py:830} INFO - Processing file /home/airflow/.local/lib/python3.8/site-packages/airflow/example_dags/tutorial_objectstorage.py for tasks to queue
[2024-03-26T08:47:51.082+0000] {logging_mixin.py:188} INFO - [2024-03-26T08:47:51.082+0000] {dagbag.py:538} INFO - Filling up the DagBag from /home/airflow/.local/lib/python3.8/site-packages/airflow/example_dags/tutorial_objectstorage.py
[2024-03-26T08:47:51.087+0000] {processor.py:840} INFO - DAG(s) 'tutorial_objectstorage' retrieved from /home/airflow/.local/lib/python3.8/site-packages/airflow/example_dags/tutorial_objectstorage.py
[2024-03-26T08:47:51.101+0000] {logging_mixin.py:188} INFO - [2024-03-26T08:47:51.101+0000] {dag.py:3036} INFO - Sync 1 DAGs
[2024-03-26T08:47:51.112+0000] {logging_mixin.py:188} INFO - [2024-03-26T08:47:51.111+0000] {dag.py:3823} INFO - Setting next_dagrun for tutorial_objectstorage to None, run_after=None
[2024-03-26T08:47:51.128+0000] {processor.py:183} INFO - Processing /home/airflow/.local/lib/python3.8/site-packages/airflow/example_dags/tutorial_objectstorage.py took 0.051 seconds
[2024-03-26T08:48:21.475+0000] {processor.py:161} INFO - Started process (PID=578) to work on /home/airflow/.local/lib/python3.8/site-packages/airflow/example_dags/tutorial_objectstorage.py
[2024-03-26T08:48:21.476+0000] {processor.py:830} INFO - Processing file /home/airflow/.local/lib/python3.8/site-packages/airflow/example_dags/tutorial_objectstorage.py for tasks to queue
[2024-03-26T08:48:21.478+0000] {logging_mixin.py:188} INFO - [2024-03-26T08:48:21.477+0000] {dagbag.py:538} INFO - Filling up the DagBag from /home/airflow/.local/lib/python3.8/site-packages/airflow/example_dags/tutorial_objectstorage.py
[2024-03-26T08:48:21.483+0000] {processor.py:840} INFO - DAG(s) 'tutorial_objectstorage' retrieved from /home/airflow/.local/lib/python3.8/site-packages/airflow/example_dags/tutorial_objectstorage.py
[2024-03-26T08:48:21.499+0000] {logging_mixin.py:188} INFO - [2024-03-26T08:48:21.498+0000] {dag.py:3036} INFO - Sync 1 DAGs
[2024-03-26T08:48:21.509+0000] {logging_mixin.py:188} INFO - [2024-03-26T08:48:21.508+0000] {dag.py:3823} INFO - Setting next_dagrun for tutorial_objectstorage to None, run_after=None
[2024-03-26T08:48:21.525+0000] {processor.py:183} INFO - Processing /home/airflow/.local/lib/python3.8/site-packages/airflow/example_dags/tutorial_objectstorage.py took 0.052 seconds
[2024-03-26T08:48:51.865+0000] {processor.py:161} INFO - Started process (PID=634) to work on /home/airflow/.local/lib/python3.8/site-packages/airflow/example_dags/tutorial_objectstorage.py
[2024-03-26T08:48:51.866+0000] {processor.py:830} INFO - Processing file /home/airflow/.local/lib/python3.8/site-packages/airflow/example_dags/tutorial_objectstorage.py for tasks to queue
[2024-03-26T08:48:51.867+0000] {logging_mixin.py:188} INFO - [2024-03-26T08:48:51.867+0000] {dagbag.py:538} INFO - Filling up the DagBag from /home/airflow/.local/lib/python3.8/site-packages/airflow/example_dags/tutorial_objectstorage.py
[2024-03-26T08:48:51.872+0000] {processor.py:840} INFO - DAG(s) 'tutorial_objectstorage' retrieved from /home/airflow/.local/lib/python3.8/site-packages/airflow/example_dags/tutorial_objectstorage.py
[2024-03-26T08:48:51.887+0000] {logging_mixin.py:188} INFO - [2024-03-26T08:48:51.886+0000] {dag.py:3036} INFO - Sync 1 DAGs
[2024-03-26T08:48:51.896+0000] {logging_mixin.py:188} INFO - [2024-03-26T08:48:51.896+0000] {dag.py:3823} INFO - Setting next_dagrun for tutorial_objectstorage to None, run_after=None
[2024-03-26T08:48:51.911+0000] {processor.py:183} INFO - Processing /home/airflow/.local/lib/python3.8/site-packages/airflow/example_dags/tutorial_objectstorage.py took 0.048 seconds
[2024-03-26T08:49:22.161+0000] {processor.py:161} INFO - Started process (PID=690) to work on /home/airflow/.local/lib/python3.8/site-packages/airflow/example_dags/tutorial_objectstorage.py
[2024-03-26T08:49:22.162+0000] {processor.py:830} INFO - Processing file /home/airflow/.local/lib/python3.8/site-packages/airflow/example_dags/tutorial_objectstorage.py for tasks to queue
[2024-03-26T08:49:22.164+0000] {logging_mixin.py:188} INFO - [2024-03-26T08:49:22.164+0000] {dagbag.py:538} INFO - Filling up the DagBag from /home/airflow/.local/lib/python3.8/site-packages/airflow/example_dags/tutorial_objectstorage.py
[2024-03-26T08:49:22.169+0000] {processor.py:840} INFO - DAG(s) 'tutorial_objectstorage' retrieved from /home/airflow/.local/lib/python3.8/site-packages/airflow/example_dags/tutorial_objectstorage.py
[2024-03-26T08:49:22.183+0000] {logging_mixin.py:188} INFO - [2024-03-26T08:49:22.183+0000] {dag.py:3036} INFO - Sync 1 DAGs
[2024-03-26T08:49:22.193+0000] {logging_mixin.py:188} INFO - [2024-03-26T08:49:22.193+0000] {dag.py:3823} INFO - Setting next_dagrun for tutorial_objectstorage to None, run_after=None
[2024-03-26T08:49:22.208+0000] {processor.py:183} INFO - Processing /home/airflow/.local/lib/python3.8/site-packages/airflow/example_dags/tutorial_objectstorage.py took 0.049 seconds
[2024-03-26T08:49:52.610+0000] {processor.py:161} INFO - Started process (PID=746) to work on /home/airflow/.local/lib/python3.8/site-packages/airflow/example_dags/tutorial_objectstorage.py
[2024-03-26T08:49:52.611+0000] {processor.py:830} INFO - Processing file /home/airflow/.local/lib/python3.8/site-packages/airflow/example_dags/tutorial_objectstorage.py for tasks to queue
[2024-03-26T08:49:52.613+0000] {logging_mixin.py:188} INFO - [2024-03-26T08:49:52.612+0000] {dagbag.py:538} INFO - Filling up the DagBag from /home/airflow/.local/lib/python3.8/site-packages/airflow/example_dags/tutorial_objectstorage.py
[2024-03-26T08:49:52.618+0000] {processor.py:840} INFO - DAG(s) 'tutorial_objectstorage' retrieved from /home/airflow/.local/lib/python3.8/site-packages/airflow/example_dags/tutorial_objectstorage.py
[2024-03-26T08:49:52.633+0000] {logging_mixin.py:188} INFO - [2024-03-26T08:49:52.633+0000] {dag.py:3036} INFO - Sync 1 DAGs
[2024-03-26T08:49:52.644+0000] {logging_mixin.py:188} INFO - [2024-03-26T08:49:52.644+0000] {dag.py:3823} INFO - Setting next_dagrun for tutorial_objectstorage to None, run_after=None
[2024-03-26T08:49:52.660+0000] {processor.py:183} INFO - Processing /home/airflow/.local/lib/python3.8/site-packages/airflow/example_dags/tutorial_objectstorage.py took 0.052 seconds
[2024-03-26T08:50:23.172+0000] {processor.py:161} INFO - Started process (PID=802) to work on /home/airflow/.local/lib/python3.8/site-packages/airflow/example_dags/tutorial_objectstorage.py
[2024-03-26T08:50:23.173+0000] {processor.py:830} INFO - Processing file /home/airflow/.local/lib/python3.8/site-packages/airflow/example_dags/tutorial_objectstorage.py for tasks to queue
[2024-03-26T08:50:23.175+0000] {logging_mixin.py:188} INFO - [2024-03-26T08:50:23.174+0000] {dagbag.py:538} INFO - Filling up the DagBag from /home/airflow/.local/lib/python3.8/site-packages/airflow/example_dags/tutorial_objectstorage.py
[2024-03-26T08:50:23.180+0000] {processor.py:840} INFO - DAG(s) 'tutorial_objectstorage' retrieved from /home/airflow/.local/lib/python3.8/site-packages/airflow/example_dags/tutorial_objectstorage.py
[2024-03-26T08:50:23.196+0000] {logging_mixin.py:188} INFO - [2024-03-26T08:50:23.195+0000] {dag.py:3036} INFO - Sync 1 DAGs
[2024-03-26T08:50:23.207+0000] {logging_mixin.py:188} INFO - [2024-03-26T08:50:23.206+0000] {dag.py:3823} INFO - Setting next_dagrun for tutorial_objectstorage to None, run_after=None
[2024-03-26T08:50:23.224+0000] {processor.py:183} INFO - Processing /home/airflow/.local/lib/python3.8/site-packages/airflow/example_dags/tutorial_objectstorage.py took 0.054 seconds
[2024-03-26T08:53:13.514+0000] {processor.py:161} INFO - Started process (PID=74) to work on /home/airflow/.local/lib/python3.8/site-packages/airflow/example_dags/tutorial_objectstorage.py
[2024-03-26T08:53:13.515+0000] {processor.py:830} INFO - Processing file /home/airflow/.local/lib/python3.8/site-packages/airflow/example_dags/tutorial_objectstorage.py for tasks to queue
[2024-03-26T08:53:13.517+0000] {logging_mixin.py:188} INFO - [2024-03-26T08:53:13.517+0000] {dagbag.py:538} INFO - Filling up the DagBag from /home/airflow/.local/lib/python3.8/site-packages/airflow/example_dags/tutorial_objectstorage.py
[2024-03-26T08:53:13.526+0000] {processor.py:840} INFO - DAG(s) 'tutorial_objectstorage' retrieved from /home/airflow/.local/lib/python3.8/site-packages/airflow/example_dags/tutorial_objectstorage.py
[2024-03-26T08:53:13.537+0000] {logging_mixin.py:188} INFO - [2024-03-26T08:53:13.537+0000] {dag.py:3036} INFO - Sync 1 DAGs
[2024-03-26T08:53:13.550+0000] {logging_mixin.py:188} INFO - [2024-03-26T08:53:13.550+0000] {dag.py:3823} INFO - Setting next_dagrun for tutorial_objectstorage to None, run_after=None
[2024-03-26T08:53:13.571+0000] {processor.py:183} INFO - Processing /home/airflow/.local/lib/python3.8/site-packages/airflow/example_dags/tutorial_objectstorage.py took 0.060 seconds
[2024-03-26T08:53:45.353+0000] {processor.py:161} INFO - Started process (PID=130) to work on /home/airflow/.local/lib/python3.8/site-packages/airflow/example_dags/tutorial_objectstorage.py
[2024-03-26T08:53:45.355+0000] {processor.py:830} INFO - Processing file /home/airflow/.local/lib/python3.8/site-packages/airflow/example_dags/tutorial_objectstorage.py for tasks to queue
[2024-03-26T08:53:45.356+0000] {logging_mixin.py:188} INFO - [2024-03-26T08:53:45.356+0000] {dagbag.py:538} INFO - Filling up the DagBag from /home/airflow/.local/lib/python3.8/site-packages/airflow/example_dags/tutorial_objectstorage.py
[2024-03-26T08:53:45.361+0000] {processor.py:840} INFO - DAG(s) 'tutorial_objectstorage' retrieved from /home/airflow/.local/lib/python3.8/site-packages/airflow/example_dags/tutorial_objectstorage.py
[2024-03-26T08:53:45.442+0000] {logging_mixin.py:188} INFO - [2024-03-26T08:53:45.442+0000] {dag.py:3036} INFO - Sync 1 DAGs
[2024-03-26T08:53:45.451+0000] {logging_mixin.py:188} INFO - [2024-03-26T08:53:45.451+0000] {dag.py:3823} INFO - Setting next_dagrun for tutorial_objectstorage to None, run_after=None
[2024-03-26T08:53:45.468+0000] {processor.py:183} INFO - Processing /home/airflow/.local/lib/python3.8/site-packages/airflow/example_dags/tutorial_objectstorage.py took 0.117 seconds
[2024-03-26T08:54:15.529+0000] {processor.py:161} INFO - Started process (PID=186) to work on /home/airflow/.local/lib/python3.8/site-packages/airflow/example_dags/tutorial_objectstorage.py
[2024-03-26T08:54:15.530+0000] {processor.py:830} INFO - Processing file /home/airflow/.local/lib/python3.8/site-packages/airflow/example_dags/tutorial_objectstorage.py for tasks to queue
[2024-03-26T08:54:15.532+0000] {logging_mixin.py:188} INFO - [2024-03-26T08:54:15.532+0000] {dagbag.py:538} INFO - Filling up the DagBag from /home/airflow/.local/lib/python3.8/site-packages/airflow/example_dags/tutorial_objectstorage.py
[2024-03-26T08:54:15.537+0000] {processor.py:840} INFO - DAG(s) 'tutorial_objectstorage' retrieved from /home/airflow/.local/lib/python3.8/site-packages/airflow/example_dags/tutorial_objectstorage.py
[2024-03-26T08:54:15.552+0000] {logging_mixin.py:188} INFO - [2024-03-26T08:54:15.552+0000] {dag.py:3036} INFO - Sync 1 DAGs
[2024-03-26T08:54:15.562+0000] {logging_mixin.py:188} INFO - [2024-03-26T08:54:15.561+0000] {dag.py:3823} INFO - Setting next_dagrun for tutorial_objectstorage to None, run_after=None
[2024-03-26T08:54:15.577+0000] {processor.py:183} INFO - Processing /home/airflow/.local/lib/python3.8/site-packages/airflow/example_dags/tutorial_objectstorage.py took 0.050 seconds
[2024-03-26T08:54:46.300+0000] {processor.py:161} INFO - Started process (PID=242) to work on /home/airflow/.local/lib/python3.8/site-packages/airflow/example_dags/tutorial_objectstorage.py
[2024-03-26T08:54:46.300+0000] {processor.py:830} INFO - Processing file /home/airflow/.local/lib/python3.8/site-packages/airflow/example_dags/tutorial_objectstorage.py for tasks to queue
[2024-03-26T08:54:46.303+0000] {logging_mixin.py:188} INFO - [2024-03-26T08:54:46.302+0000] {dagbag.py:538} INFO - Filling up the DagBag from /home/airflow/.local/lib/python3.8/site-packages/airflow/example_dags/tutorial_objectstorage.py
[2024-03-26T08:54:46.308+0000] {processor.py:840} INFO - DAG(s) 'tutorial_objectstorage' retrieved from /home/airflow/.local/lib/python3.8/site-packages/airflow/example_dags/tutorial_objectstorage.py
[2024-03-26T08:54:46.324+0000] {logging_mixin.py:188} INFO - [2024-03-26T08:54:46.324+0000] {dag.py:3036} INFO - Sync 1 DAGs
[2024-03-26T08:54:46.336+0000] {logging_mixin.py:188} INFO - [2024-03-26T08:54:46.336+0000] {dag.py:3823} INFO - Setting next_dagrun for tutorial_objectstorage to None, run_after=None
[2024-03-26T08:54:46.355+0000] {processor.py:183} INFO - Processing /home/airflow/.local/lib/python3.8/site-packages/airflow/example_dags/tutorial_objectstorage.py took 0.057 seconds
[2024-03-26T08:55:16.664+0000] {processor.py:161} INFO - Started process (PID=298) to work on /home/airflow/.local/lib/python3.8/site-packages/airflow/example_dags/tutorial_objectstorage.py
[2024-03-26T08:55:16.665+0000] {processor.py:830} INFO - Processing file /home/airflow/.local/lib/python3.8/site-packages/airflow/example_dags/tutorial_objectstorage.py for tasks to queue
[2024-03-26T08:55:16.667+0000] {logging_mixin.py:188} INFO - [2024-03-26T08:55:16.666+0000] {dagbag.py:538} INFO - Filling up the DagBag from /home/airflow/.local/lib/python3.8/site-packages/airflow/example_dags/tutorial_objectstorage.py
[2024-03-26T08:55:16.672+0000] {processor.py:840} INFO - DAG(s) 'tutorial_objectstorage' retrieved from /home/airflow/.local/lib/python3.8/site-packages/airflow/example_dags/tutorial_objectstorage.py
[2024-03-26T08:55:16.687+0000] {logging_mixin.py:188} INFO - [2024-03-26T08:55:16.686+0000] {dag.py:3036} INFO - Sync 1 DAGs
[2024-03-26T08:55:16.699+0000] {logging_mixin.py:188} INFO - [2024-03-26T08:55:16.699+0000] {dag.py:3823} INFO - Setting next_dagrun for tutorial_objectstorage to None, run_after=None
[2024-03-26T08:55:16.716+0000] {processor.py:183} INFO - Processing /home/airflow/.local/lib/python3.8/site-packages/airflow/example_dags/tutorial_objectstorage.py took 0.055 seconds
[2024-03-26T08:55:47.076+0000] {processor.py:161} INFO - Started process (PID=354) to work on /home/airflow/.local/lib/python3.8/site-packages/airflow/example_dags/tutorial_objectstorage.py
[2024-03-26T08:55:47.077+0000] {processor.py:830} INFO - Processing file /home/airflow/.local/lib/python3.8/site-packages/airflow/example_dags/tutorial_objectstorage.py for tasks to queue
[2024-03-26T08:55:47.079+0000] {logging_mixin.py:188} INFO - [2024-03-26T08:55:47.078+0000] {dagbag.py:538} INFO - Filling up the DagBag from /home/airflow/.local/lib/python3.8/site-packages/airflow/example_dags/tutorial_objectstorage.py
[2024-03-26T08:55:47.083+0000] {processor.py:840} INFO - DAG(s) 'tutorial_objectstorage' retrieved from /home/airflow/.local/lib/python3.8/site-packages/airflow/example_dags/tutorial_objectstorage.py
[2024-03-26T08:55:47.097+0000] {logging_mixin.py:188} INFO - [2024-03-26T08:55:47.097+0000] {dag.py:3036} INFO - Sync 1 DAGs
[2024-03-26T08:55:47.108+0000] {logging_mixin.py:188} INFO - [2024-03-26T08:55:47.107+0000] {dag.py:3823} INFO - Setting next_dagrun for tutorial_objectstorage to None, run_after=None
[2024-03-26T08:55:47.124+0000] {processor.py:183} INFO - Processing /home/airflow/.local/lib/python3.8/site-packages/airflow/example_dags/tutorial_objectstorage.py took 0.050 seconds
[2024-03-26T08:56:17.355+0000] {processor.py:161} INFO - Started process (PID=410) to work on /home/airflow/.local/lib/python3.8/site-packages/airflow/example_dags/tutorial_objectstorage.py
[2024-03-26T08:56:17.356+0000] {processor.py:830} INFO - Processing file /home/airflow/.local/lib/python3.8/site-packages/airflow/example_dags/tutorial_objectstorage.py for tasks to queue
[2024-03-26T08:56:17.358+0000] {logging_mixin.py:188} INFO - [2024-03-26T08:56:17.357+0000] {dagbag.py:538} INFO - Filling up the DagBag from /home/airflow/.local/lib/python3.8/site-packages/airflow/example_dags/tutorial_objectstorage.py
[2024-03-26T08:56:17.363+0000] {processor.py:840} INFO - DAG(s) 'tutorial_objectstorage' retrieved from /home/airflow/.local/lib/python3.8/site-packages/airflow/example_dags/tutorial_objectstorage.py
[2024-03-26T08:56:17.377+0000] {logging_mixin.py:188} INFO - [2024-03-26T08:56:17.376+0000] {dag.py:3036} INFO - Sync 1 DAGs
[2024-03-26T08:56:17.386+0000] {logging_mixin.py:188} INFO - [2024-03-26T08:56:17.386+0000] {dag.py:3823} INFO - Setting next_dagrun for tutorial_objectstorage to None, run_after=None
[2024-03-26T08:56:17.401+0000] {processor.py:183} INFO - Processing /home/airflow/.local/lib/python3.8/site-packages/airflow/example_dags/tutorial_objectstorage.py took 0.048 seconds
[2024-03-26T08:56:47.717+0000] {processor.py:161} INFO - Started process (PID=466) to work on /home/airflow/.local/lib/python3.8/site-packages/airflow/example_dags/tutorial_objectstorage.py
[2024-03-26T08:56:47.718+0000] {processor.py:830} INFO - Processing file /home/airflow/.local/lib/python3.8/site-packages/airflow/example_dags/tutorial_objectstorage.py for tasks to queue
[2024-03-26T08:56:47.720+0000] {logging_mixin.py:188} INFO - [2024-03-26T08:56:47.719+0000] {dagbag.py:538} INFO - Filling up the DagBag from /home/airflow/.local/lib/python3.8/site-packages/airflow/example_dags/tutorial_objectstorage.py
[2024-03-26T08:56:47.724+0000] {processor.py:840} INFO - DAG(s) 'tutorial_objectstorage' retrieved from /home/airflow/.local/lib/python3.8/site-packages/airflow/example_dags/tutorial_objectstorage.py
[2024-03-26T08:56:47.738+0000] {logging_mixin.py:188} INFO - [2024-03-26T08:56:47.738+0000] {dag.py:3036} INFO - Sync 1 DAGs
[2024-03-26T08:56:47.749+0000] {logging_mixin.py:188} INFO - [2024-03-26T08:56:47.749+0000] {dag.py:3823} INFO - Setting next_dagrun for tutorial_objectstorage to None, run_after=None
[2024-03-26T08:56:47.765+0000] {processor.py:183} INFO - Processing /home/airflow/.local/lib/python3.8/site-packages/airflow/example_dags/tutorial_objectstorage.py took 0.050 seconds
[2024-03-26T08:57:18.158+0000] {processor.py:161} INFO - Started process (PID=522) to work on /home/airflow/.local/lib/python3.8/site-packages/airflow/example_dags/tutorial_objectstorage.py
[2024-03-26T08:57:18.159+0000] {processor.py:830} INFO - Processing file /home/airflow/.local/lib/python3.8/site-packages/airflow/example_dags/tutorial_objectstorage.py for tasks to queue
[2024-03-26T08:57:18.160+0000] {logging_mixin.py:188} INFO - [2024-03-26T08:57:18.160+0000] {dagbag.py:538} INFO - Filling up the DagBag from /home/airflow/.local/lib/python3.8/site-packages/airflow/example_dags/tutorial_objectstorage.py
[2024-03-26T08:57:18.165+0000] {processor.py:840} INFO - DAG(s) 'tutorial_objectstorage' retrieved from /home/airflow/.local/lib/python3.8/site-packages/airflow/example_dags/tutorial_objectstorage.py
[2024-03-26T08:57:18.180+0000] {logging_mixin.py:188} INFO - [2024-03-26T08:57:18.180+0000] {dag.py:3036} INFO - Sync 1 DAGs
[2024-03-26T08:57:18.191+0000] {logging_mixin.py:188} INFO - [2024-03-26T08:57:18.190+0000] {dag.py:3823} INFO - Setting next_dagrun for tutorial_objectstorage to None, run_after=None
[2024-03-26T08:57:18.206+0000] {processor.py:183} INFO - Processing /home/airflow/.local/lib/python3.8/site-packages/airflow/example_dags/tutorial_objectstorage.py took 0.050 seconds
[2024-03-26T08:57:48.588+0000] {processor.py:161} INFO - Started process (PID=578) to work on /home/airflow/.local/lib/python3.8/site-packages/airflow/example_dags/tutorial_objectstorage.py
[2024-03-26T08:57:48.590+0000] {processor.py:830} INFO - Processing file /home/airflow/.local/lib/python3.8/site-packages/airflow/example_dags/tutorial_objectstorage.py for tasks to queue
[2024-03-26T08:57:48.591+0000] {logging_mixin.py:188} INFO - [2024-03-26T08:57:48.591+0000] {dagbag.py:538} INFO - Filling up the DagBag from /home/airflow/.local/lib/python3.8/site-packages/airflow/example_dags/tutorial_objectstorage.py
[2024-03-26T08:57:48.600+0000] {processor.py:840} INFO - DAG(s) 'tutorial_objectstorage' retrieved from /home/airflow/.local/lib/python3.8/site-packages/airflow/example_dags/tutorial_objectstorage.py
[2024-03-26T08:57:48.615+0000] {logging_mixin.py:188} INFO - [2024-03-26T08:57:48.615+0000] {dag.py:3036} INFO - Sync 1 DAGs
[2024-03-26T08:57:48.626+0000] {logging_mixin.py:188} INFO - [2024-03-26T08:57:48.626+0000] {dag.py:3823} INFO - Setting next_dagrun for tutorial_objectstorage to None, run_after=None
[2024-03-26T08:57:48.648+0000] {processor.py:183} INFO - Processing /home/airflow/.local/lib/python3.8/site-packages/airflow/example_dags/tutorial_objectstorage.py took 0.062 seconds
[2024-03-26T08:58:19.122+0000] {processor.py:161} INFO - Started process (PID=634) to work on /home/airflow/.local/lib/python3.8/site-packages/airflow/example_dags/tutorial_objectstorage.py
[2024-03-26T08:58:19.123+0000] {processor.py:830} INFO - Processing file /home/airflow/.local/lib/python3.8/site-packages/airflow/example_dags/tutorial_objectstorage.py for tasks to queue
[2024-03-26T08:58:19.125+0000] {logging_mixin.py:188} INFO - [2024-03-26T08:58:19.125+0000] {dagbag.py:538} INFO - Filling up the DagBag from /home/airflow/.local/lib/python3.8/site-packages/airflow/example_dags/tutorial_objectstorage.py
[2024-03-26T08:58:19.130+0000] {processor.py:840} INFO - DAG(s) 'tutorial_objectstorage' retrieved from /home/airflow/.local/lib/python3.8/site-packages/airflow/example_dags/tutorial_objectstorage.py
[2024-03-26T08:58:19.148+0000] {logging_mixin.py:188} INFO - [2024-03-26T08:58:19.147+0000] {dag.py:3036} INFO - Sync 1 DAGs
[2024-03-26T08:58:19.159+0000] {logging_mixin.py:188} INFO - [2024-03-26T08:58:19.159+0000] {dag.py:3823} INFO - Setting next_dagrun for tutorial_objectstorage to None, run_after=None
[2024-03-26T08:58:19.179+0000] {processor.py:183} INFO - Processing /home/airflow/.local/lib/python3.8/site-packages/airflow/example_dags/tutorial_objectstorage.py took 0.059 seconds
[2024-03-26T08:58:49.572+0000] {processor.py:161} INFO - Started process (PID=690) to work on /home/airflow/.local/lib/python3.8/site-packages/airflow/example_dags/tutorial_objectstorage.py
[2024-03-26T08:58:49.573+0000] {processor.py:830} INFO - Processing file /home/airflow/.local/lib/python3.8/site-packages/airflow/example_dags/tutorial_objectstorage.py for tasks to queue
[2024-03-26T08:58:49.575+0000] {logging_mixin.py:188} INFO - [2024-03-26T08:58:49.575+0000] {dagbag.py:538} INFO - Filling up the DagBag from /home/airflow/.local/lib/python3.8/site-packages/airflow/example_dags/tutorial_objectstorage.py
[2024-03-26T08:58:49.580+0000] {processor.py:840} INFO - DAG(s) 'tutorial_objectstorage' retrieved from /home/airflow/.local/lib/python3.8/site-packages/airflow/example_dags/tutorial_objectstorage.py
[2024-03-26T08:58:49.594+0000] {logging_mixin.py:188} INFO - [2024-03-26T08:58:49.594+0000] {dag.py:3036} INFO - Sync 1 DAGs
[2024-03-26T08:58:49.605+0000] {logging_mixin.py:188} INFO - [2024-03-26T08:58:49.604+0000] {dag.py:3823} INFO - Setting next_dagrun for tutorial_objectstorage to None, run_after=None
[2024-03-26T08:58:49.621+0000] {processor.py:183} INFO - Processing /home/airflow/.local/lib/python3.8/site-packages/airflow/example_dags/tutorial_objectstorage.py took 0.051 seconds
[2024-03-26T09:07:42.098+0000] {processor.py:161} INFO - Started process (PID=75) to work on /home/airflow/.local/lib/python3.8/site-packages/airflow/example_dags/tutorial_objectstorage.py
[2024-03-26T09:07:42.099+0000] {processor.py:830} INFO - Processing file /home/airflow/.local/lib/python3.8/site-packages/airflow/example_dags/tutorial_objectstorage.py for tasks to queue
[2024-03-26T09:07:42.100+0000] {logging_mixin.py:188} INFO - [2024-03-26T09:07:42.100+0000] {dagbag.py:538} INFO - Filling up the DagBag from /home/airflow/.local/lib/python3.8/site-packages/airflow/example_dags/tutorial_objectstorage.py
[2024-03-26T09:07:42.107+0000] {processor.py:840} INFO - DAG(s) 'tutorial_objectstorage' retrieved from /home/airflow/.local/lib/python3.8/site-packages/airflow/example_dags/tutorial_objectstorage.py
[2024-03-26T09:07:42.117+0000] {logging_mixin.py:188} INFO - [2024-03-26T09:07:42.116+0000] {dag.py:3036} INFO - Sync 1 DAGs
[2024-03-26T09:07:42.128+0000] {logging_mixin.py:188} INFO - [2024-03-26T09:07:42.128+0000] {dag.py:3823} INFO - Setting next_dagrun for tutorial_objectstorage to None, run_after=None
[2024-03-26T09:07:42.146+0000] {processor.py:183} INFO - Processing /home/airflow/.local/lib/python3.8/site-packages/airflow/example_dags/tutorial_objectstorage.py took 0.050 seconds
[2024-03-26T09:08:13.080+0000] {processor.py:161} INFO - Started process (PID=133) to work on /home/airflow/.local/lib/python3.8/site-packages/airflow/example_dags/tutorial_objectstorage.py
[2024-03-26T09:08:13.081+0000] {processor.py:830} INFO - Processing file /home/airflow/.local/lib/python3.8/site-packages/airflow/example_dags/tutorial_objectstorage.py for tasks to queue
[2024-03-26T09:08:13.082+0000] {logging_mixin.py:188} INFO - [2024-03-26T09:08:13.082+0000] {dagbag.py:538} INFO - Filling up the DagBag from /home/airflow/.local/lib/python3.8/site-packages/airflow/example_dags/tutorial_objectstorage.py
[2024-03-26T09:08:13.087+0000] {processor.py:840} INFO - DAG(s) 'tutorial_objectstorage' retrieved from /home/airflow/.local/lib/python3.8/site-packages/airflow/example_dags/tutorial_objectstorage.py
[2024-03-26T09:08:13.171+0000] {logging_mixin.py:188} INFO - [2024-03-26T09:08:13.171+0000] {dag.py:3036} INFO - Sync 1 DAGs
[2024-03-26T09:08:13.181+0000] {logging_mixin.py:188} INFO - [2024-03-26T09:08:13.180+0000] {dag.py:3823} INFO - Setting next_dagrun for tutorial_objectstorage to None, run_after=None
[2024-03-26T09:08:13.197+0000] {processor.py:183} INFO - Processing /home/airflow/.local/lib/python3.8/site-packages/airflow/example_dags/tutorial_objectstorage.py took 0.120 seconds
[2024-03-26T09:08:43.744+0000] {processor.py:161} INFO - Started process (PID=190) to work on /home/airflow/.local/lib/python3.8/site-packages/airflow/example_dags/tutorial_objectstorage.py
[2024-03-26T09:08:43.745+0000] {processor.py:830} INFO - Processing file /home/airflow/.local/lib/python3.8/site-packages/airflow/example_dags/tutorial_objectstorage.py for tasks to queue
[2024-03-26T09:08:43.747+0000] {logging_mixin.py:188} INFO - [2024-03-26T09:08:43.747+0000] {dagbag.py:538} INFO - Filling up the DagBag from /home/airflow/.local/lib/python3.8/site-packages/airflow/example_dags/tutorial_objectstorage.py
[2024-03-26T09:08:43.752+0000] {processor.py:840} INFO - DAG(s) 'tutorial_objectstorage' retrieved from /home/airflow/.local/lib/python3.8/site-packages/airflow/example_dags/tutorial_objectstorage.py
[2024-03-26T09:08:43.769+0000] {logging_mixin.py:188} INFO - [2024-03-26T09:08:43.769+0000] {dag.py:3036} INFO - Sync 1 DAGs
[2024-03-26T09:08:43.780+0000] {logging_mixin.py:188} INFO - [2024-03-26T09:08:43.779+0000] {dag.py:3823} INFO - Setting next_dagrun for tutorial_objectstorage to None, run_after=None
[2024-03-26T09:08:43.796+0000] {processor.py:183} INFO - Processing /home/airflow/.local/lib/python3.8/site-packages/airflow/example_dags/tutorial_objectstorage.py took 0.054 seconds
[2024-03-26T09:09:14.308+0000] {processor.py:161} INFO - Started process (PID=246) to work on /home/airflow/.local/lib/python3.8/site-packages/airflow/example_dags/tutorial_objectstorage.py
[2024-03-26T09:09:14.309+0000] {processor.py:830} INFO - Processing file /home/airflow/.local/lib/python3.8/site-packages/airflow/example_dags/tutorial_objectstorage.py for tasks to queue
[2024-03-26T09:09:14.311+0000] {logging_mixin.py:188} INFO - [2024-03-26T09:09:14.310+0000] {dagbag.py:538} INFO - Filling up the DagBag from /home/airflow/.local/lib/python3.8/site-packages/airflow/example_dags/tutorial_objectstorage.py
[2024-03-26T09:09:14.317+0000] {processor.py:840} INFO - DAG(s) 'tutorial_objectstorage' retrieved from /home/airflow/.local/lib/python3.8/site-packages/airflow/example_dags/tutorial_objectstorage.py
[2024-03-26T09:09:14.334+0000] {logging_mixin.py:188} INFO - [2024-03-26T09:09:14.334+0000] {dag.py:3036} INFO - Sync 1 DAGs
[2024-03-26T09:09:14.345+0000] {logging_mixin.py:188} INFO - [2024-03-26T09:09:14.345+0000] {dag.py:3823} INFO - Setting next_dagrun for tutorial_objectstorage to None, run_after=None
[2024-03-26T09:09:14.366+0000] {processor.py:183} INFO - Processing /home/airflow/.local/lib/python3.8/site-packages/airflow/example_dags/tutorial_objectstorage.py took 0.061 seconds
[2024-03-26T09:09:45.150+0000] {processor.py:161} INFO - Started process (PID=304) to work on /home/airflow/.local/lib/python3.8/site-packages/airflow/example_dags/tutorial_objectstorage.py
[2024-03-26T09:09:45.151+0000] {processor.py:830} INFO - Processing file /home/airflow/.local/lib/python3.8/site-packages/airflow/example_dags/tutorial_objectstorage.py for tasks to queue
[2024-03-26T09:09:45.153+0000] {logging_mixin.py:188} INFO - [2024-03-26T09:09:45.152+0000] {dagbag.py:538} INFO - Filling up the DagBag from /home/airflow/.local/lib/python3.8/site-packages/airflow/example_dags/tutorial_objectstorage.py
[2024-03-26T09:09:45.158+0000] {processor.py:840} INFO - DAG(s) 'tutorial_objectstorage' retrieved from /home/airflow/.local/lib/python3.8/site-packages/airflow/example_dags/tutorial_objectstorage.py
[2024-03-26T09:09:45.174+0000] {logging_mixin.py:188} INFO - [2024-03-26T09:09:45.173+0000] {dag.py:3036} INFO - Sync 1 DAGs
[2024-03-26T09:09:45.185+0000] {logging_mixin.py:188} INFO - [2024-03-26T09:09:45.185+0000] {dag.py:3823} INFO - Setting next_dagrun for tutorial_objectstorage to None, run_after=None
[2024-03-26T09:09:45.201+0000] {processor.py:183} INFO - Processing /home/airflow/.local/lib/python3.8/site-packages/airflow/example_dags/tutorial_objectstorage.py took 0.053 seconds
[2024-03-26T09:10:15.873+0000] {processor.py:161} INFO - Started process (PID=361) to work on /home/airflow/.local/lib/python3.8/site-packages/airflow/example_dags/tutorial_objectstorage.py
[2024-03-26T09:10:15.874+0000] {processor.py:830} INFO - Processing file /home/airflow/.local/lib/python3.8/site-packages/airflow/example_dags/tutorial_objectstorage.py for tasks to queue
[2024-03-26T09:10:15.875+0000] {logging_mixin.py:188} INFO - [2024-03-26T09:10:15.875+0000] {dagbag.py:538} INFO - Filling up the DagBag from /home/airflow/.local/lib/python3.8/site-packages/airflow/example_dags/tutorial_objectstorage.py
[2024-03-26T09:10:15.880+0000] {processor.py:840} INFO - DAG(s) 'tutorial_objectstorage' retrieved from /home/airflow/.local/lib/python3.8/site-packages/airflow/example_dags/tutorial_objectstorage.py
[2024-03-26T09:10:15.900+0000] {logging_mixin.py:188} INFO - [2024-03-26T09:10:15.900+0000] {dag.py:3036} INFO - Sync 1 DAGs
[2024-03-26T09:10:15.911+0000] {logging_mixin.py:188} INFO - [2024-03-26T09:10:15.911+0000] {dag.py:3823} INFO - Setting next_dagrun for tutorial_objectstorage to None, run_after=None
[2024-03-26T09:10:15.931+0000] {processor.py:183} INFO - Processing /home/airflow/.local/lib/python3.8/site-packages/airflow/example_dags/tutorial_objectstorage.py took 0.060 seconds
[2024-03-26T09:50:58.305+0000] {processor.py:161} INFO - Started process (PID=75) to work on /home/airflow/.local/lib/python3.8/site-packages/airflow/example_dags/tutorial_objectstorage.py
[2024-03-26T09:50:58.306+0000] {processor.py:830} INFO - Processing file /home/airflow/.local/lib/python3.8/site-packages/airflow/example_dags/tutorial_objectstorage.py for tasks to queue
[2024-03-26T09:50:58.307+0000] {logging_mixin.py:188} INFO - [2024-03-26T09:50:58.307+0000] {dagbag.py:538} INFO - Filling up the DagBag from /home/airflow/.local/lib/python3.8/site-packages/airflow/example_dags/tutorial_objectstorage.py
[2024-03-26T09:50:58.315+0000] {processor.py:840} INFO - DAG(s) 'tutorial_objectstorage' retrieved from /home/airflow/.local/lib/python3.8/site-packages/airflow/example_dags/tutorial_objectstorage.py
[2024-03-26T09:50:58.324+0000] {logging_mixin.py:188} INFO - [2024-03-26T09:50:58.323+0000] {dag.py:3036} INFO - Sync 1 DAGs
[2024-03-26T09:50:58.335+0000] {logging_mixin.py:188} INFO - [2024-03-26T09:50:58.335+0000] {dag.py:3823} INFO - Setting next_dagrun for tutorial_objectstorage to None, run_after=None
[2024-03-26T09:50:58.351+0000] {processor.py:183} INFO - Processing /home/airflow/.local/lib/python3.8/site-packages/airflow/example_dags/tutorial_objectstorage.py took 0.048 seconds
[2024-03-26T09:51:29.145+0000] {processor.py:161} INFO - Started process (PID=132) to work on /home/airflow/.local/lib/python3.8/site-packages/airflow/example_dags/tutorial_objectstorage.py
[2024-03-26T09:51:29.146+0000] {processor.py:830} INFO - Processing file /home/airflow/.local/lib/python3.8/site-packages/airflow/example_dags/tutorial_objectstorage.py for tasks to queue
[2024-03-26T09:51:29.147+0000] {logging_mixin.py:188} INFO - [2024-03-26T09:51:29.147+0000] {dagbag.py:538} INFO - Filling up the DagBag from /home/airflow/.local/lib/python3.8/site-packages/airflow/example_dags/tutorial_objectstorage.py
[2024-03-26T09:51:29.152+0000] {processor.py:840} INFO - DAG(s) 'tutorial_objectstorage' retrieved from /home/airflow/.local/lib/python3.8/site-packages/airflow/example_dags/tutorial_objectstorage.py
[2024-03-26T09:51:29.232+0000] {logging_mixin.py:188} INFO - [2024-03-26T09:51:29.232+0000] {dag.py:3036} INFO - Sync 1 DAGs
[2024-03-26T09:51:29.241+0000] {logging_mixin.py:188} INFO - [2024-03-26T09:51:29.241+0000] {dag.py:3823} INFO - Setting next_dagrun for tutorial_objectstorage to None, run_after=None
[2024-03-26T09:51:29.256+0000] {processor.py:183} INFO - Processing /home/airflow/.local/lib/python3.8/site-packages/airflow/example_dags/tutorial_objectstorage.py took 0.113 seconds
[2024-03-26T09:51:59.344+0000] {processor.py:161} INFO - Started process (PID=189) to work on /home/airflow/.local/lib/python3.8/site-packages/airflow/example_dags/tutorial_objectstorage.py
[2024-03-26T09:51:59.345+0000] {processor.py:830} INFO - Processing file /home/airflow/.local/lib/python3.8/site-packages/airflow/example_dags/tutorial_objectstorage.py for tasks to queue
[2024-03-26T09:51:59.346+0000] {logging_mixin.py:188} INFO - [2024-03-26T09:51:59.346+0000] {dagbag.py:538} INFO - Filling up the DagBag from /home/airflow/.local/lib/python3.8/site-packages/airflow/example_dags/tutorial_objectstorage.py
[2024-03-26T09:51:59.351+0000] {processor.py:840} INFO - DAG(s) 'tutorial_objectstorage' retrieved from /home/airflow/.local/lib/python3.8/site-packages/airflow/example_dags/tutorial_objectstorage.py
[2024-03-26T09:51:59.365+0000] {logging_mixin.py:188} INFO - [2024-03-26T09:51:59.365+0000] {dag.py:3036} INFO - Sync 1 DAGs
[2024-03-26T09:51:59.375+0000] {logging_mixin.py:188} INFO - [2024-03-26T09:51:59.375+0000] {dag.py:3823} INFO - Setting next_dagrun for tutorial_objectstorage to None, run_after=None
[2024-03-26T09:51:59.392+0000] {processor.py:183} INFO - Processing /home/airflow/.local/lib/python3.8/site-packages/airflow/example_dags/tutorial_objectstorage.py took 0.050 seconds
[2024-03-26T09:52:30.164+0000] {processor.py:161} INFO - Started process (PID=246) to work on /home/airflow/.local/lib/python3.8/site-packages/airflow/example_dags/tutorial_objectstorage.py
[2024-03-26T09:52:30.165+0000] {processor.py:830} INFO - Processing file /home/airflow/.local/lib/python3.8/site-packages/airflow/example_dags/tutorial_objectstorage.py for tasks to queue
[2024-03-26T09:52:30.167+0000] {logging_mixin.py:188} INFO - [2024-03-26T09:52:30.166+0000] {dagbag.py:538} INFO - Filling up the DagBag from /home/airflow/.local/lib/python3.8/site-packages/airflow/example_dags/tutorial_objectstorage.py
[2024-03-26T09:52:30.172+0000] {processor.py:840} INFO - DAG(s) 'tutorial_objectstorage' retrieved from /home/airflow/.local/lib/python3.8/site-packages/airflow/example_dags/tutorial_objectstorage.py
[2024-03-26T09:52:30.186+0000] {logging_mixin.py:188} INFO - [2024-03-26T09:52:30.186+0000] {dag.py:3036} INFO - Sync 1 DAGs
[2024-03-26T09:52:30.196+0000] {logging_mixin.py:188} INFO - [2024-03-26T09:52:30.196+0000] {dag.py:3823} INFO - Setting next_dagrun for tutorial_objectstorage to None, run_after=None
[2024-03-26T09:52:30.211+0000] {processor.py:183} INFO - Processing /home/airflow/.local/lib/python3.8/site-packages/airflow/example_dags/tutorial_objectstorage.py took 0.049 seconds
[2024-03-26T09:53:01.005+0000] {processor.py:161} INFO - Started process (PID=303) to work on /home/airflow/.local/lib/python3.8/site-packages/airflow/example_dags/tutorial_objectstorage.py
[2024-03-26T09:53:01.006+0000] {processor.py:830} INFO - Processing file /home/airflow/.local/lib/python3.8/site-packages/airflow/example_dags/tutorial_objectstorage.py for tasks to queue
[2024-03-26T09:53:01.007+0000] {logging_mixin.py:188} INFO - [2024-03-26T09:53:01.007+0000] {dagbag.py:538} INFO - Filling up the DagBag from /home/airflow/.local/lib/python3.8/site-packages/airflow/example_dags/tutorial_objectstorage.py
[2024-03-26T09:53:01.012+0000] {processor.py:840} INFO - DAG(s) 'tutorial_objectstorage' retrieved from /home/airflow/.local/lib/python3.8/site-packages/airflow/example_dags/tutorial_objectstorage.py
[2024-03-26T09:53:01.027+0000] {logging_mixin.py:188} INFO - [2024-03-26T09:53:01.027+0000] {dag.py:3036} INFO - Sync 1 DAGs
[2024-03-26T09:53:01.038+0000] {logging_mixin.py:188} INFO - [2024-03-26T09:53:01.038+0000] {dag.py:3823} INFO - Setting next_dagrun for tutorial_objectstorage to None, run_after=None
[2024-03-26T09:53:01.053+0000] {processor.py:183} INFO - Processing /home/airflow/.local/lib/python3.8/site-packages/airflow/example_dags/tutorial_objectstorage.py took 0.051 seconds
[2024-03-26T09:53:31.441+0000] {processor.py:161} INFO - Started process (PID=360) to work on /home/airflow/.local/lib/python3.8/site-packages/airflow/example_dags/tutorial_objectstorage.py
[2024-03-26T09:53:31.442+0000] {processor.py:830} INFO - Processing file /home/airflow/.local/lib/python3.8/site-packages/airflow/example_dags/tutorial_objectstorage.py for tasks to queue
[2024-03-26T09:53:31.443+0000] {logging_mixin.py:188} INFO - [2024-03-26T09:53:31.443+0000] {dagbag.py:538} INFO - Filling up the DagBag from /home/airflow/.local/lib/python3.8/site-packages/airflow/example_dags/tutorial_objectstorage.py
[2024-03-26T09:53:31.448+0000] {processor.py:840} INFO - DAG(s) 'tutorial_objectstorage' retrieved from /home/airflow/.local/lib/python3.8/site-packages/airflow/example_dags/tutorial_objectstorage.py
[2024-03-26T09:53:31.462+0000] {logging_mixin.py:188} INFO - [2024-03-26T09:53:31.462+0000] {dag.py:3036} INFO - Sync 1 DAGs
[2024-03-26T09:53:31.473+0000] {logging_mixin.py:188} INFO - [2024-03-26T09:53:31.472+0000] {dag.py:3823} INFO - Setting next_dagrun for tutorial_objectstorage to None, run_after=None
[2024-03-26T09:53:31.488+0000] {processor.py:183} INFO - Processing /home/airflow/.local/lib/python3.8/site-packages/airflow/example_dags/tutorial_objectstorage.py took 0.049 seconds
[2024-03-26T09:54:02.511+0000] {processor.py:161} INFO - Started process (PID=417) to work on /home/airflow/.local/lib/python3.8/site-packages/airflow/example_dags/tutorial_objectstorage.py
[2024-03-26T09:54:02.511+0000] {processor.py:830} INFO - Processing file /home/airflow/.local/lib/python3.8/site-packages/airflow/example_dags/tutorial_objectstorage.py for tasks to queue
[2024-03-26T09:54:02.513+0000] {logging_mixin.py:188} INFO - [2024-03-26T09:54:02.513+0000] {dagbag.py:538} INFO - Filling up the DagBag from /home/airflow/.local/lib/python3.8/site-packages/airflow/example_dags/tutorial_objectstorage.py
[2024-03-26T09:54:02.518+0000] {processor.py:840} INFO - DAG(s) 'tutorial_objectstorage' retrieved from /home/airflow/.local/lib/python3.8/site-packages/airflow/example_dags/tutorial_objectstorage.py
[2024-03-26T09:54:02.532+0000] {logging_mixin.py:188} INFO - [2024-03-26T09:54:02.531+0000] {dag.py:3036} INFO - Sync 1 DAGs
[2024-03-26T09:54:02.542+0000] {logging_mixin.py:188} INFO - [2024-03-26T09:54:02.542+0000] {dag.py:3823} INFO - Setting next_dagrun for tutorial_objectstorage to None, run_after=None
[2024-03-26T09:54:02.560+0000] {processor.py:183} INFO - Processing /home/airflow/.local/lib/python3.8/site-packages/airflow/example_dags/tutorial_objectstorage.py took 0.051 seconds
[2024-03-26T09:54:33.130+0000] {processor.py:161} INFO - Started process (PID=474) to work on /home/airflow/.local/lib/python3.8/site-packages/airflow/example_dags/tutorial_objectstorage.py
[2024-03-26T09:54:33.131+0000] {processor.py:830} INFO - Processing file /home/airflow/.local/lib/python3.8/site-packages/airflow/example_dags/tutorial_objectstorage.py for tasks to queue
[2024-03-26T09:54:33.133+0000] {logging_mixin.py:188} INFO - [2024-03-26T09:54:33.133+0000] {dagbag.py:538} INFO - Filling up the DagBag from /home/airflow/.local/lib/python3.8/site-packages/airflow/example_dags/tutorial_objectstorage.py
[2024-03-26T09:54:33.139+0000] {processor.py:840} INFO - DAG(s) 'tutorial_objectstorage' retrieved from /home/airflow/.local/lib/python3.8/site-packages/airflow/example_dags/tutorial_objectstorage.py
[2024-03-26T09:54:33.156+0000] {logging_mixin.py:188} INFO - [2024-03-26T09:54:33.155+0000] {dag.py:3036} INFO - Sync 1 DAGs
[2024-03-26T09:54:33.169+0000] {logging_mixin.py:188} INFO - [2024-03-26T09:54:33.169+0000] {dag.py:3823} INFO - Setting next_dagrun for tutorial_objectstorage to None, run_after=None
[2024-03-26T09:54:33.189+0000] {processor.py:183} INFO - Processing /home/airflow/.local/lib/python3.8/site-packages/airflow/example_dags/tutorial_objectstorage.py took 0.062 seconds
[2024-03-26T09:55:03.684+0000] {processor.py:161} INFO - Started process (PID=531) to work on /home/airflow/.local/lib/python3.8/site-packages/airflow/example_dags/tutorial_objectstorage.py
[2024-03-26T09:55:03.686+0000] {processor.py:830} INFO - Processing file /home/airflow/.local/lib/python3.8/site-packages/airflow/example_dags/tutorial_objectstorage.py for tasks to queue
[2024-03-26T09:55:03.687+0000] {logging_mixin.py:188} INFO - [2024-03-26T09:55:03.687+0000] {dagbag.py:538} INFO - Filling up the DagBag from /home/airflow/.local/lib/python3.8/site-packages/airflow/example_dags/tutorial_objectstorage.py
[2024-03-26T09:55:03.693+0000] {processor.py:840} INFO - DAG(s) 'tutorial_objectstorage' retrieved from /home/airflow/.local/lib/python3.8/site-packages/airflow/example_dags/tutorial_objectstorage.py
[2024-03-26T09:55:03.713+0000] {logging_mixin.py:188} INFO - [2024-03-26T09:55:03.713+0000] {dag.py:3036} INFO - Sync 1 DAGs
[2024-03-26T09:55:03.727+0000] {logging_mixin.py:188} INFO - [2024-03-26T09:55:03.726+0000] {dag.py:3823} INFO - Setting next_dagrun for tutorial_objectstorage to None, run_after=None
[2024-03-26T09:55:03.748+0000] {processor.py:183} INFO - Processing /home/airflow/.local/lib/python3.8/site-packages/airflow/example_dags/tutorial_objectstorage.py took 0.067 seconds
[2024-03-26T09:55:34.254+0000] {processor.py:161} INFO - Started process (PID=588) to work on /home/airflow/.local/lib/python3.8/site-packages/airflow/example_dags/tutorial_objectstorage.py
[2024-03-26T09:55:34.255+0000] {processor.py:830} INFO - Processing file /home/airflow/.local/lib/python3.8/site-packages/airflow/example_dags/tutorial_objectstorage.py for tasks to queue
[2024-03-26T09:55:34.258+0000] {logging_mixin.py:188} INFO - [2024-03-26T09:55:34.257+0000] {dagbag.py:538} INFO - Filling up the DagBag from /home/airflow/.local/lib/python3.8/site-packages/airflow/example_dags/tutorial_objectstorage.py
[2024-03-26T09:55:34.264+0000] {processor.py:840} INFO - DAG(s) 'tutorial_objectstorage' retrieved from /home/airflow/.local/lib/python3.8/site-packages/airflow/example_dags/tutorial_objectstorage.py
[2024-03-26T09:55:34.279+0000] {logging_mixin.py:188} INFO - [2024-03-26T09:55:34.279+0000] {dag.py:3036} INFO - Sync 1 DAGs
[2024-03-26T09:55:34.290+0000] {logging_mixin.py:188} INFO - [2024-03-26T09:55:34.290+0000] {dag.py:3823} INFO - Setting next_dagrun for tutorial_objectstorage to None, run_after=None
[2024-03-26T09:55:34.308+0000] {processor.py:183} INFO - Processing /home/airflow/.local/lib/python3.8/site-packages/airflow/example_dags/tutorial_objectstorage.py took 0.056 seconds
[2024-03-26T09:56:05.012+0000] {processor.py:161} INFO - Started process (PID=645) to work on /home/airflow/.local/lib/python3.8/site-packages/airflow/example_dags/tutorial_objectstorage.py
[2024-03-26T09:56:05.013+0000] {processor.py:830} INFO - Processing file /home/airflow/.local/lib/python3.8/site-packages/airflow/example_dags/tutorial_objectstorage.py for tasks to queue
[2024-03-26T09:56:05.014+0000] {logging_mixin.py:188} INFO - [2024-03-26T09:56:05.014+0000] {dagbag.py:538} INFO - Filling up the DagBag from /home/airflow/.local/lib/python3.8/site-packages/airflow/example_dags/tutorial_objectstorage.py
[2024-03-26T09:56:05.019+0000] {processor.py:840} INFO - DAG(s) 'tutorial_objectstorage' retrieved from /home/airflow/.local/lib/python3.8/site-packages/airflow/example_dags/tutorial_objectstorage.py
[2024-03-26T09:56:05.034+0000] {logging_mixin.py:188} INFO - [2024-03-26T09:56:05.034+0000] {dag.py:3036} INFO - Sync 1 DAGs
[2024-03-26T09:56:05.047+0000] {logging_mixin.py:188} INFO - [2024-03-26T09:56:05.046+0000] {dag.py:3823} INFO - Setting next_dagrun for tutorial_objectstorage to None, run_after=None
[2024-03-26T09:56:05.072+0000] {processor.py:183} INFO - Processing /home/airflow/.local/lib/python3.8/site-packages/airflow/example_dags/tutorial_objectstorage.py took 0.062 seconds
[2024-03-26T09:57:47.957+0000] {processor.py:161} INFO - Started process (PID=75) to work on /home/airflow/.local/lib/python3.8/site-packages/airflow/example_dags/tutorial_objectstorage.py
[2024-03-26T09:57:47.958+0000] {processor.py:830} INFO - Processing file /home/airflow/.local/lib/python3.8/site-packages/airflow/example_dags/tutorial_objectstorage.py for tasks to queue
[2024-03-26T09:57:47.960+0000] {logging_mixin.py:188} INFO - [2024-03-26T09:57:47.960+0000] {dagbag.py:538} INFO - Filling up the DagBag from /home/airflow/.local/lib/python3.8/site-packages/airflow/example_dags/tutorial_objectstorage.py
[2024-03-26T09:57:47.967+0000] {processor.py:840} INFO - DAG(s) 'tutorial_objectstorage' retrieved from /home/airflow/.local/lib/python3.8/site-packages/airflow/example_dags/tutorial_objectstorage.py
[2024-03-26T09:57:47.976+0000] {logging_mixin.py:188} INFO - [2024-03-26T09:57:47.976+0000] {dag.py:3036} INFO - Sync 1 DAGs
[2024-03-26T09:57:47.987+0000] {logging_mixin.py:188} INFO - [2024-03-26T09:57:47.987+0000] {dag.py:3823} INFO - Setting next_dagrun for tutorial_objectstorage to None, run_after=None
[2024-03-26T09:57:48.003+0000] {processor.py:183} INFO - Processing /home/airflow/.local/lib/python3.8/site-packages/airflow/example_dags/tutorial_objectstorage.py took 0.048 seconds
[2024-03-26T09:58:18.957+0000] {processor.py:161} INFO - Started process (PID=132) to work on /home/airflow/.local/lib/python3.8/site-packages/airflow/example_dags/tutorial_objectstorage.py
[2024-03-26T09:58:18.958+0000] {processor.py:830} INFO - Processing file /home/airflow/.local/lib/python3.8/site-packages/airflow/example_dags/tutorial_objectstorage.py for tasks to queue
[2024-03-26T09:58:18.960+0000] {logging_mixin.py:188} INFO - [2024-03-26T09:58:18.960+0000] {dagbag.py:538} INFO - Filling up the DagBag from /home/airflow/.local/lib/python3.8/site-packages/airflow/example_dags/tutorial_objectstorage.py
[2024-03-26T09:58:18.966+0000] {processor.py:840} INFO - DAG(s) 'tutorial_objectstorage' retrieved from /home/airflow/.local/lib/python3.8/site-packages/airflow/example_dags/tutorial_objectstorage.py
[2024-03-26T09:58:19.057+0000] {logging_mixin.py:188} INFO - [2024-03-26T09:58:19.057+0000] {dag.py:3036} INFO - Sync 1 DAGs
[2024-03-26T09:58:19.069+0000] {logging_mixin.py:188} INFO - [2024-03-26T09:58:19.068+0000] {dag.py:3823} INFO - Setting next_dagrun for tutorial_objectstorage to None, run_after=None
[2024-03-26T09:58:19.092+0000] {processor.py:183} INFO - Processing /home/airflow/.local/lib/python3.8/site-packages/airflow/example_dags/tutorial_objectstorage.py took 0.137 seconds
[2024-03-26T09:58:49.359+0000] {processor.py:161} INFO - Started process (PID=189) to work on /home/airflow/.local/lib/python3.8/site-packages/airflow/example_dags/tutorial_objectstorage.py
[2024-03-26T09:58:49.360+0000] {processor.py:830} INFO - Processing file /home/airflow/.local/lib/python3.8/site-packages/airflow/example_dags/tutorial_objectstorage.py for tasks to queue
[2024-03-26T09:58:49.362+0000] {logging_mixin.py:188} INFO - [2024-03-26T09:58:49.362+0000] {dagbag.py:538} INFO - Filling up the DagBag from /home/airflow/.local/lib/python3.8/site-packages/airflow/example_dags/tutorial_objectstorage.py
[2024-03-26T09:58:49.368+0000] {processor.py:840} INFO - DAG(s) 'tutorial_objectstorage' retrieved from /home/airflow/.local/lib/python3.8/site-packages/airflow/example_dags/tutorial_objectstorage.py
[2024-03-26T09:58:49.386+0000] {logging_mixin.py:188} INFO - [2024-03-26T09:58:49.386+0000] {dag.py:3036} INFO - Sync 1 DAGs
[2024-03-26T09:58:49.398+0000] {logging_mixin.py:188} INFO - [2024-03-26T09:58:49.398+0000] {dag.py:3823} INFO - Setting next_dagrun for tutorial_objectstorage to None, run_after=None
[2024-03-26T09:58:49.422+0000] {processor.py:183} INFO - Processing /home/airflow/.local/lib/python3.8/site-packages/airflow/example_dags/tutorial_objectstorage.py took 0.066 seconds
[2024-03-26T10:11:04.099+0000] {processor.py:161} INFO - Started process (PID=74) to work on /home/airflow/.local/lib/python3.8/site-packages/airflow/example_dags/tutorial_objectstorage.py
[2024-03-26T10:11:04.101+0000] {processor.py:830} INFO - Processing file /home/airflow/.local/lib/python3.8/site-packages/airflow/example_dags/tutorial_objectstorage.py for tasks to queue
[2024-03-26T10:11:04.103+0000] {logging_mixin.py:188} INFO - [2024-03-26T10:11:04.103+0000] {dagbag.py:538} INFO - Filling up the DagBag from /home/airflow/.local/lib/python3.8/site-packages/airflow/example_dags/tutorial_objectstorage.py
[2024-03-26T10:11:04.111+0000] {processor.py:840} INFO - DAG(s) 'tutorial_objectstorage' retrieved from /home/airflow/.local/lib/python3.8/site-packages/airflow/example_dags/tutorial_objectstorage.py
[2024-03-26T10:11:04.124+0000] {logging_mixin.py:188} INFO - [2024-03-26T10:11:04.124+0000] {dag.py:3036} INFO - Sync 1 DAGs
[2024-03-26T10:11:04.138+0000] {logging_mixin.py:188} INFO - [2024-03-26T10:11:04.137+0000] {dag.py:3823} INFO - Setting next_dagrun for tutorial_objectstorage to None, run_after=None
[2024-03-26T10:11:04.164+0000] {processor.py:183} INFO - Processing /home/airflow/.local/lib/python3.8/site-packages/airflow/example_dags/tutorial_objectstorage.py took 0.068 seconds
[2024-03-26T10:11:36.007+0000] {processor.py:161} INFO - Started process (PID=130) to work on /home/airflow/.local/lib/python3.8/site-packages/airflow/example_dags/tutorial_objectstorage.py
[2024-03-26T10:11:36.008+0000] {processor.py:830} INFO - Processing file /home/airflow/.local/lib/python3.8/site-packages/airflow/example_dags/tutorial_objectstorage.py for tasks to queue
[2024-03-26T10:11:36.010+0000] {logging_mixin.py:188} INFO - [2024-03-26T10:11:36.010+0000] {dagbag.py:538} INFO - Filling up the DagBag from /home/airflow/.local/lib/python3.8/site-packages/airflow/example_dags/tutorial_objectstorage.py
[2024-03-26T10:11:36.015+0000] {processor.py:840} INFO - DAG(s) 'tutorial_objectstorage' retrieved from /home/airflow/.local/lib/python3.8/site-packages/airflow/example_dags/tutorial_objectstorage.py
[2024-03-26T10:11:36.108+0000] {logging_mixin.py:188} INFO - [2024-03-26T10:11:36.108+0000] {dag.py:3036} INFO - Sync 1 DAGs
[2024-03-26T10:11:36.118+0000] {logging_mixin.py:188} INFO - [2024-03-26T10:11:36.117+0000] {dag.py:3823} INFO - Setting next_dagrun for tutorial_objectstorage to None, run_after=None
[2024-03-26T10:11:36.135+0000] {processor.py:183} INFO - Processing /home/airflow/.local/lib/python3.8/site-packages/airflow/example_dags/tutorial_objectstorage.py took 0.130 seconds
[2024-03-26T10:12:50.219+0000] {processor.py:161} INFO - Started process (PID=75) to work on /home/airflow/.local/lib/python3.8/site-packages/airflow/example_dags/tutorial_objectstorage.py
[2024-03-26T10:12:50.221+0000] {processor.py:830} INFO - Processing file /home/airflow/.local/lib/python3.8/site-packages/airflow/example_dags/tutorial_objectstorage.py for tasks to queue
[2024-03-26T10:12:50.224+0000] {logging_mixin.py:188} INFO - [2024-03-26T10:12:50.223+0000] {dagbag.py:538} INFO - Filling up the DagBag from /home/airflow/.local/lib/python3.8/site-packages/airflow/example_dags/tutorial_objectstorage.py
[2024-03-26T10:12:50.234+0000] {processor.py:840} INFO - DAG(s) 'tutorial_objectstorage' retrieved from /home/airflow/.local/lib/python3.8/site-packages/airflow/example_dags/tutorial_objectstorage.py
[2024-03-26T10:12:50.246+0000] {logging_mixin.py:188} INFO - [2024-03-26T10:12:50.245+0000] {dag.py:3036} INFO - Sync 1 DAGs
[2024-03-26T10:12:50.259+0000] {logging_mixin.py:188} INFO - [2024-03-26T10:12:50.259+0000] {dag.py:3823} INFO - Setting next_dagrun for tutorial_objectstorage to None, run_after=None
[2024-03-26T10:12:50.281+0000] {processor.py:183} INFO - Processing /home/airflow/.local/lib/python3.8/site-packages/airflow/example_dags/tutorial_objectstorage.py took 0.066 seconds
[2024-03-26T10:13:21.224+0000] {processor.py:161} INFO - Started process (PID=132) to work on /home/airflow/.local/lib/python3.8/site-packages/airflow/example_dags/tutorial_objectstorage.py
[2024-03-26T10:13:21.225+0000] {processor.py:830} INFO - Processing file /home/airflow/.local/lib/python3.8/site-packages/airflow/example_dags/tutorial_objectstorage.py for tasks to queue
[2024-03-26T10:13:21.227+0000] {logging_mixin.py:188} INFO - [2024-03-26T10:13:21.226+0000] {dagbag.py:538} INFO - Filling up the DagBag from /home/airflow/.local/lib/python3.8/site-packages/airflow/example_dags/tutorial_objectstorage.py
[2024-03-26T10:13:21.232+0000] {processor.py:840} INFO - DAG(s) 'tutorial_objectstorage' retrieved from /home/airflow/.local/lib/python3.8/site-packages/airflow/example_dags/tutorial_objectstorage.py
[2024-03-26T10:13:21.315+0000] {logging_mixin.py:188} INFO - [2024-03-26T10:13:21.314+0000] {dag.py:3036} INFO - Sync 1 DAGs
[2024-03-26T10:13:21.324+0000] {logging_mixin.py:188} INFO - [2024-03-26T10:13:21.324+0000] {dag.py:3823} INFO - Setting next_dagrun for tutorial_objectstorage to None, run_after=None
[2024-03-26T10:13:21.340+0000] {processor.py:183} INFO - Processing /home/airflow/.local/lib/python3.8/site-packages/airflow/example_dags/tutorial_objectstorage.py took 0.118 seconds
[2024-03-26T10:13:51.429+0000] {processor.py:161} INFO - Started process (PID=189) to work on /home/airflow/.local/lib/python3.8/site-packages/airflow/example_dags/tutorial_objectstorage.py
[2024-03-26T10:13:51.430+0000] {processor.py:830} INFO - Processing file /home/airflow/.local/lib/python3.8/site-packages/airflow/example_dags/tutorial_objectstorage.py for tasks to queue
[2024-03-26T10:13:51.432+0000] {logging_mixin.py:188} INFO - [2024-03-26T10:13:51.432+0000] {dagbag.py:538} INFO - Filling up the DagBag from /home/airflow/.local/lib/python3.8/site-packages/airflow/example_dags/tutorial_objectstorage.py
[2024-03-26T10:13:51.437+0000] {processor.py:840} INFO - DAG(s) 'tutorial_objectstorage' retrieved from /home/airflow/.local/lib/python3.8/site-packages/airflow/example_dags/tutorial_objectstorage.py
[2024-03-26T10:13:51.453+0000] {logging_mixin.py:188} INFO - [2024-03-26T10:13:51.453+0000] {dag.py:3036} INFO - Sync 1 DAGs
[2024-03-26T10:13:51.464+0000] {logging_mixin.py:188} INFO - [2024-03-26T10:13:51.464+0000] {dag.py:3823} INFO - Setting next_dagrun for tutorial_objectstorage to None, run_after=None
[2024-03-26T10:13:51.484+0000] {processor.py:183} INFO - Processing /home/airflow/.local/lib/python3.8/site-packages/airflow/example_dags/tutorial_objectstorage.py took 0.057 seconds
[2024-03-26T10:14:21.892+0000] {processor.py:161} INFO - Started process (PID=246) to work on /home/airflow/.local/lib/python3.8/site-packages/airflow/example_dags/tutorial_objectstorage.py
[2024-03-26T10:14:21.893+0000] {processor.py:830} INFO - Processing file /home/airflow/.local/lib/python3.8/site-packages/airflow/example_dags/tutorial_objectstorage.py for tasks to queue
[2024-03-26T10:14:21.894+0000] {logging_mixin.py:188} INFO - [2024-03-26T10:14:21.894+0000] {dagbag.py:538} INFO - Filling up the DagBag from /home/airflow/.local/lib/python3.8/site-packages/airflow/example_dags/tutorial_objectstorage.py
[2024-03-26T10:14:21.899+0000] {processor.py:840} INFO - DAG(s) 'tutorial_objectstorage' retrieved from /home/airflow/.local/lib/python3.8/site-packages/airflow/example_dags/tutorial_objectstorage.py
[2024-03-26T10:14:21.914+0000] {logging_mixin.py:188} INFO - [2024-03-26T10:14:21.914+0000] {dag.py:3036} INFO - Sync 1 DAGs
[2024-03-26T10:14:21.925+0000] {logging_mixin.py:188} INFO - [2024-03-26T10:14:21.925+0000] {dag.py:3823} INFO - Setting next_dagrun for tutorial_objectstorage to None, run_after=None
[2024-03-26T10:14:21.941+0000] {processor.py:183} INFO - Processing /home/airflow/.local/lib/python3.8/site-packages/airflow/example_dags/tutorial_objectstorage.py took 0.052 seconds
[2024-03-26T10:15:16.287+0000] {processor.py:161} INFO - Started process (PID=75) to work on /home/airflow/.local/lib/python3.8/site-packages/airflow/example_dags/tutorial_objectstorage.py
[2024-03-26T10:15:16.289+0000] {processor.py:830} INFO - Processing file /home/airflow/.local/lib/python3.8/site-packages/airflow/example_dags/tutorial_objectstorage.py for tasks to queue
[2024-03-26T10:15:16.291+0000] {logging_mixin.py:188} INFO - [2024-03-26T10:15:16.290+0000] {dagbag.py:538} INFO - Filling up the DagBag from /home/airflow/.local/lib/python3.8/site-packages/airflow/example_dags/tutorial_objectstorage.py
[2024-03-26T10:15:16.299+0000] {processor.py:840} INFO - DAG(s) 'tutorial_objectstorage' retrieved from /home/airflow/.local/lib/python3.8/site-packages/airflow/example_dags/tutorial_objectstorage.py
[2024-03-26T10:15:16.313+0000] {logging_mixin.py:188} INFO - [2024-03-26T10:15:16.312+0000] {dag.py:3036} INFO - Sync 1 DAGs
[2024-03-26T10:15:16.330+0000] {logging_mixin.py:188} INFO - [2024-03-26T10:15:16.330+0000] {dag.py:3823} INFO - Setting next_dagrun for tutorial_objectstorage to None, run_after=None
[2024-03-26T10:15:16.357+0000] {processor.py:183} INFO - Processing /home/airflow/.local/lib/python3.8/site-packages/airflow/example_dags/tutorial_objectstorage.py took 0.072 seconds
[2024-03-26T10:17:23.509+0000] {processor.py:161} INFO - Started process (PID=75) to work on /home/airflow/.local/lib/python3.8/site-packages/airflow/example_dags/tutorial_objectstorage.py
[2024-03-26T10:17:23.510+0000] {processor.py:830} INFO - Processing file /home/airflow/.local/lib/python3.8/site-packages/airflow/example_dags/tutorial_objectstorage.py for tasks to queue
[2024-03-26T10:17:23.512+0000] {logging_mixin.py:188} INFO - [2024-03-26T10:17:23.511+0000] {dagbag.py:538} INFO - Filling up the DagBag from /home/airflow/.local/lib/python3.8/site-packages/airflow/example_dags/tutorial_objectstorage.py
[2024-03-26T10:17:23.519+0000] {processor.py:840} INFO - DAG(s) 'tutorial_objectstorage' retrieved from /home/airflow/.local/lib/python3.8/site-packages/airflow/example_dags/tutorial_objectstorage.py
[2024-03-26T10:17:23.530+0000] {logging_mixin.py:188} INFO - [2024-03-26T10:17:23.529+0000] {dag.py:3036} INFO - Sync 1 DAGs
[2024-03-26T10:17:23.545+0000] {logging_mixin.py:188} INFO - [2024-03-26T10:17:23.545+0000] {dag.py:3823} INFO - Setting next_dagrun for tutorial_objectstorage to None, run_after=None
[2024-03-26T10:17:23.565+0000] {processor.py:183} INFO - Processing /home/airflow/.local/lib/python3.8/site-packages/airflow/example_dags/tutorial_objectstorage.py took 0.059 seconds
[2024-03-26T10:17:54.908+0000] {processor.py:161} INFO - Started process (PID=132) to work on /home/airflow/.local/lib/python3.8/site-packages/airflow/example_dags/tutorial_objectstorage.py
[2024-03-26T10:17:54.909+0000] {processor.py:830} INFO - Processing file /home/airflow/.local/lib/python3.8/site-packages/airflow/example_dags/tutorial_objectstorage.py for tasks to queue
[2024-03-26T10:17:54.910+0000] {logging_mixin.py:188} INFO - [2024-03-26T10:17:54.910+0000] {dagbag.py:538} INFO - Filling up the DagBag from /home/airflow/.local/lib/python3.8/site-packages/airflow/example_dags/tutorial_objectstorage.py
[2024-03-26T10:17:54.916+0000] {processor.py:840} INFO - DAG(s) 'tutorial_objectstorage' retrieved from /home/airflow/.local/lib/python3.8/site-packages/airflow/example_dags/tutorial_objectstorage.py
[2024-03-26T10:17:55.002+0000] {logging_mixin.py:188} INFO - [2024-03-26T10:17:55.002+0000] {dag.py:3036} INFO - Sync 1 DAGs
[2024-03-26T10:17:55.013+0000] {logging_mixin.py:188} INFO - [2024-03-26T10:17:55.012+0000] {dag.py:3823} INFO - Setting next_dagrun for tutorial_objectstorage to None, run_after=None
[2024-03-26T10:17:55.032+0000] {processor.py:183} INFO - Processing /home/airflow/.local/lib/python3.8/site-packages/airflow/example_dags/tutorial_objectstorage.py took 0.127 seconds
