[2024-03-26T08:41:07.462+0000] {processor.py:161} INFO - Started process (PID=72) to work on /home/airflow/.local/lib/python3.8/site-packages/airflow/example_dags/tutorial.py
[2024-03-26T08:41:07.463+0000] {processor.py:830} INFO - Processing file /home/airflow/.local/lib/python3.8/site-packages/airflow/example_dags/tutorial.py for tasks to queue
[2024-03-26T08:41:07.464+0000] {logging_mixin.py:188} INFO - [2024-03-26T08:41:07.464+0000] {dagbag.py:538} INFO - Filling up the DagBag from /home/airflow/.local/lib/python3.8/site-packages/airflow/example_dags/tutorial.py
[2024-03-26T08:41:07.471+0000] {processor.py:840} INFO - DAG(s) 'tutorial' retrieved from /home/airflow/.local/lib/python3.8/site-packages/airflow/example_dags/tutorial.py
[2024-03-26T08:41:07.481+0000] {logging_mixin.py:188} INFO - [2024-03-26T08:41:07.481+0000] {dag.py:3036} INFO - Sync 1 DAGs
[2024-03-26T08:41:07.503+0000] {logging_mixin.py:188} INFO - [2024-03-26T08:41:07.503+0000] {dag.py:3823} INFO - Setting next_dagrun for tutorial to 2024-03-25 00:00:00+00:00, run_after=2024-03-26 00:00:00+00:00
[2024-03-26T08:41:07.525+0000] {processor.py:183} INFO - Processing /home/airflow/.local/lib/python3.8/site-packages/airflow/example_dags/tutorial.py took 0.065 seconds
[2024-03-26T08:41:39.022+0000] {processor.py:161} INFO - Started process (PID=128) to work on /home/airflow/.local/lib/python3.8/site-packages/airflow/example_dags/tutorial.py
[2024-03-26T08:41:39.023+0000] {processor.py:830} INFO - Processing file /home/airflow/.local/lib/python3.8/site-packages/airflow/example_dags/tutorial.py for tasks to queue
[2024-03-26T08:41:39.024+0000] {logging_mixin.py:188} INFO - [2024-03-26T08:41:39.024+0000] {dagbag.py:538} INFO - Filling up the DagBag from /home/airflow/.local/lib/python3.8/site-packages/airflow/example_dags/tutorial.py
[2024-03-26T08:41:39.028+0000] {processor.py:840} INFO - DAG(s) 'tutorial' retrieved from /home/airflow/.local/lib/python3.8/site-packages/airflow/example_dags/tutorial.py
[2024-03-26T08:41:39.115+0000] {logging_mixin.py:188} INFO - [2024-03-26T08:41:39.114+0000] {dag.py:3036} INFO - Sync 1 DAGs
[2024-03-26T08:41:39.135+0000] {logging_mixin.py:188} INFO - [2024-03-26T08:41:39.134+0000] {dag.py:3823} INFO - Setting next_dagrun for tutorial to 2024-03-25 00:00:00+00:00, run_after=2024-03-26 00:00:00+00:00
[2024-03-26T08:41:39.161+0000] {processor.py:183} INFO - Processing /home/airflow/.local/lib/python3.8/site-packages/airflow/example_dags/tutorial.py took 0.142 seconds
[2024-03-26T08:43:47.677+0000] {processor.py:161} INFO - Started process (PID=72) to work on /home/airflow/.local/lib/python3.8/site-packages/airflow/example_dags/tutorial.py
[2024-03-26T08:43:47.678+0000] {processor.py:830} INFO - Processing file /home/airflow/.local/lib/python3.8/site-packages/airflow/example_dags/tutorial.py for tasks to queue
[2024-03-26T08:43:47.679+0000] {logging_mixin.py:188} INFO - [2024-03-26T08:43:47.679+0000] {dagbag.py:538} INFO - Filling up the DagBag from /home/airflow/.local/lib/python3.8/site-packages/airflow/example_dags/tutorial.py
[2024-03-26T08:43:47.686+0000] {processor.py:840} INFO - DAG(s) 'tutorial' retrieved from /home/airflow/.local/lib/python3.8/site-packages/airflow/example_dags/tutorial.py
[2024-03-26T08:43:47.696+0000] {logging_mixin.py:188} INFO - [2024-03-26T08:43:47.696+0000] {dag.py:3036} INFO - Sync 1 DAGs
[2024-03-26T08:43:47.719+0000] {logging_mixin.py:188} INFO - [2024-03-26T08:43:47.718+0000] {dag.py:3823} INFO - Setting next_dagrun for tutorial to 2024-03-25 00:00:00+00:00, run_after=2024-03-26 00:00:00+00:00
[2024-03-26T08:43:47.735+0000] {processor.py:183} INFO - Processing /home/airflow/.local/lib/python3.8/site-packages/airflow/example_dags/tutorial.py took 0.061 seconds
[2024-03-26T08:44:19.418+0000] {processor.py:161} INFO - Started process (PID=128) to work on /home/airflow/.local/lib/python3.8/site-packages/airflow/example_dags/tutorial.py
[2024-03-26T08:44:19.419+0000] {processor.py:830} INFO - Processing file /home/airflow/.local/lib/python3.8/site-packages/airflow/example_dags/tutorial.py for tasks to queue
[2024-03-26T08:44:19.420+0000] {logging_mixin.py:188} INFO - [2024-03-26T08:44:19.420+0000] {dagbag.py:538} INFO - Filling up the DagBag from /home/airflow/.local/lib/python3.8/site-packages/airflow/example_dags/tutorial.py
[2024-03-26T08:44:19.425+0000] {processor.py:840} INFO - DAG(s) 'tutorial' retrieved from /home/airflow/.local/lib/python3.8/site-packages/airflow/example_dags/tutorial.py
[2024-03-26T08:44:19.506+0000] {logging_mixin.py:188} INFO - [2024-03-26T08:44:19.506+0000] {dag.py:3036} INFO - Sync 1 DAGs
[2024-03-26T08:44:19.522+0000] {logging_mixin.py:188} INFO - [2024-03-26T08:44:19.522+0000] {dag.py:3823} INFO - Setting next_dagrun for tutorial to 2024-03-25 00:00:00+00:00, run_after=2024-03-26 00:00:00+00:00
[2024-03-26T08:44:19.538+0000] {processor.py:183} INFO - Processing /home/airflow/.local/lib/python3.8/site-packages/airflow/example_dags/tutorial.py took 0.123 seconds
[2024-03-26T08:44:49.604+0000] {processor.py:161} INFO - Started process (PID=184) to work on /home/airflow/.local/lib/python3.8/site-packages/airflow/example_dags/tutorial.py
[2024-03-26T08:44:49.605+0000] {processor.py:830} INFO - Processing file /home/airflow/.local/lib/python3.8/site-packages/airflow/example_dags/tutorial.py for tasks to queue
[2024-03-26T08:44:49.606+0000] {logging_mixin.py:188} INFO - [2024-03-26T08:44:49.606+0000] {dagbag.py:538} INFO - Filling up the DagBag from /home/airflow/.local/lib/python3.8/site-packages/airflow/example_dags/tutorial.py
[2024-03-26T08:44:49.611+0000] {processor.py:840} INFO - DAG(s) 'tutorial' retrieved from /home/airflow/.local/lib/python3.8/site-packages/airflow/example_dags/tutorial.py
[2024-03-26T08:44:49.627+0000] {logging_mixin.py:188} INFO - [2024-03-26T08:44:49.626+0000] {dag.py:3036} INFO - Sync 1 DAGs
[2024-03-26T08:44:49.644+0000] {logging_mixin.py:188} INFO - [2024-03-26T08:44:49.644+0000] {dag.py:3823} INFO - Setting next_dagrun for tutorial to 2024-03-25 00:00:00+00:00, run_after=2024-03-26 00:00:00+00:00
[2024-03-26T08:44:49.659+0000] {processor.py:183} INFO - Processing /home/airflow/.local/lib/python3.8/site-packages/airflow/example_dags/tutorial.py took 0.057 seconds
[2024-03-26T08:45:19.844+0000] {processor.py:161} INFO - Started process (PID=240) to work on /home/airflow/.local/lib/python3.8/site-packages/airflow/example_dags/tutorial.py
[2024-03-26T08:45:19.845+0000] {processor.py:830} INFO - Processing file /home/airflow/.local/lib/python3.8/site-packages/airflow/example_dags/tutorial.py for tasks to queue
[2024-03-26T08:45:19.847+0000] {logging_mixin.py:188} INFO - [2024-03-26T08:45:19.847+0000] {dagbag.py:538} INFO - Filling up the DagBag from /home/airflow/.local/lib/python3.8/site-packages/airflow/example_dags/tutorial.py
[2024-03-26T08:45:19.852+0000] {processor.py:840} INFO - DAG(s) 'tutorial' retrieved from /home/airflow/.local/lib/python3.8/site-packages/airflow/example_dags/tutorial.py
[2024-03-26T08:45:19.869+0000] {logging_mixin.py:188} INFO - [2024-03-26T08:45:19.869+0000] {dag.py:3036} INFO - Sync 1 DAGs
[2024-03-26T08:45:19.891+0000] {logging_mixin.py:188} INFO - [2024-03-26T08:45:19.890+0000] {dag.py:3823} INFO - Setting next_dagrun for tutorial to 2024-03-25 00:00:00+00:00, run_after=2024-03-26 00:00:00+00:00
[2024-03-26T08:45:19.911+0000] {processor.py:183} INFO - Processing /home/airflow/.local/lib/python3.8/site-packages/airflow/example_dags/tutorial.py took 0.069 seconds
[2024-03-26T08:45:50.083+0000] {processor.py:161} INFO - Started process (PID=296) to work on /home/airflow/.local/lib/python3.8/site-packages/airflow/example_dags/tutorial.py
[2024-03-26T08:45:50.084+0000] {processor.py:830} INFO - Processing file /home/airflow/.local/lib/python3.8/site-packages/airflow/example_dags/tutorial.py for tasks to queue
[2024-03-26T08:45:50.085+0000] {logging_mixin.py:188} INFO - [2024-03-26T08:45:50.085+0000] {dagbag.py:538} INFO - Filling up the DagBag from /home/airflow/.local/lib/python3.8/site-packages/airflow/example_dags/tutorial.py
[2024-03-26T08:45:50.089+0000] {processor.py:840} INFO - DAG(s) 'tutorial' retrieved from /home/airflow/.local/lib/python3.8/site-packages/airflow/example_dags/tutorial.py
[2024-03-26T08:45:50.105+0000] {logging_mixin.py:188} INFO - [2024-03-26T08:45:50.105+0000] {dag.py:3036} INFO - Sync 1 DAGs
[2024-03-26T08:45:50.123+0000] {logging_mixin.py:188} INFO - [2024-03-26T08:45:50.123+0000] {dag.py:3823} INFO - Setting next_dagrun for tutorial to 2024-03-25 00:00:00+00:00, run_after=2024-03-26 00:00:00+00:00
[2024-03-26T08:45:50.138+0000] {processor.py:183} INFO - Processing /home/airflow/.local/lib/python3.8/site-packages/airflow/example_dags/tutorial.py took 0.058 seconds
[2024-03-26T08:46:20.294+0000] {processor.py:161} INFO - Started process (PID=352) to work on /home/airflow/.local/lib/python3.8/site-packages/airflow/example_dags/tutorial.py
[2024-03-26T08:46:20.295+0000] {processor.py:830} INFO - Processing file /home/airflow/.local/lib/python3.8/site-packages/airflow/example_dags/tutorial.py for tasks to queue
[2024-03-26T08:46:20.297+0000] {logging_mixin.py:188} INFO - [2024-03-26T08:46:20.296+0000] {dagbag.py:538} INFO - Filling up the DagBag from /home/airflow/.local/lib/python3.8/site-packages/airflow/example_dags/tutorial.py
[2024-03-26T08:46:20.301+0000] {processor.py:840} INFO - DAG(s) 'tutorial' retrieved from /home/airflow/.local/lib/python3.8/site-packages/airflow/example_dags/tutorial.py
[2024-03-26T08:46:20.316+0000] {logging_mixin.py:188} INFO - [2024-03-26T08:46:20.316+0000] {dag.py:3036} INFO - Sync 1 DAGs
[2024-03-26T08:46:20.334+0000] {logging_mixin.py:188} INFO - [2024-03-26T08:46:20.334+0000] {dag.py:3823} INFO - Setting next_dagrun for tutorial to 2024-03-25 00:00:00+00:00, run_after=2024-03-26 00:00:00+00:00
[2024-03-26T08:46:20.349+0000] {processor.py:183} INFO - Processing /home/airflow/.local/lib/python3.8/site-packages/airflow/example_dags/tutorial.py took 0.057 seconds
[2024-03-26T08:46:50.594+0000] {processor.py:161} INFO - Started process (PID=408) to work on /home/airflow/.local/lib/python3.8/site-packages/airflow/example_dags/tutorial.py
[2024-03-26T08:46:50.595+0000] {processor.py:830} INFO - Processing file /home/airflow/.local/lib/python3.8/site-packages/airflow/example_dags/tutorial.py for tasks to queue
[2024-03-26T08:46:50.597+0000] {logging_mixin.py:188} INFO - [2024-03-26T08:46:50.596+0000] {dagbag.py:538} INFO - Filling up the DagBag from /home/airflow/.local/lib/python3.8/site-packages/airflow/example_dags/tutorial.py
[2024-03-26T08:46:50.601+0000] {processor.py:840} INFO - DAG(s) 'tutorial' retrieved from /home/airflow/.local/lib/python3.8/site-packages/airflow/example_dags/tutorial.py
[2024-03-26T08:46:50.616+0000] {logging_mixin.py:188} INFO - [2024-03-26T08:46:50.615+0000] {dag.py:3036} INFO - Sync 1 DAGs
[2024-03-26T08:46:50.634+0000] {logging_mixin.py:188} INFO - [2024-03-26T08:46:50.634+0000] {dag.py:3823} INFO - Setting next_dagrun for tutorial to 2024-03-25 00:00:00+00:00, run_after=2024-03-26 00:00:00+00:00
[2024-03-26T08:46:50.648+0000] {processor.py:183} INFO - Processing /home/airflow/.local/lib/python3.8/site-packages/airflow/example_dags/tutorial.py took 0.056 seconds
[2024-03-26T08:47:20.777+0000] {processor.py:161} INFO - Started process (PID=464) to work on /home/airflow/.local/lib/python3.8/site-packages/airflow/example_dags/tutorial.py
[2024-03-26T08:47:20.778+0000] {processor.py:830} INFO - Processing file /home/airflow/.local/lib/python3.8/site-packages/airflow/example_dags/tutorial.py for tasks to queue
[2024-03-26T08:47:20.779+0000] {logging_mixin.py:188} INFO - [2024-03-26T08:47:20.779+0000] {dagbag.py:538} INFO - Filling up the DagBag from /home/airflow/.local/lib/python3.8/site-packages/airflow/example_dags/tutorial.py
[2024-03-26T08:47:20.783+0000] {processor.py:840} INFO - DAG(s) 'tutorial' retrieved from /home/airflow/.local/lib/python3.8/site-packages/airflow/example_dags/tutorial.py
[2024-03-26T08:47:20.798+0000] {logging_mixin.py:188} INFO - [2024-03-26T08:47:20.798+0000] {dag.py:3036} INFO - Sync 1 DAGs
[2024-03-26T08:47:20.818+0000] {logging_mixin.py:188} INFO - [2024-03-26T08:47:20.818+0000] {dag.py:3823} INFO - Setting next_dagrun for tutorial to 2024-03-25 00:00:00+00:00, run_after=2024-03-26 00:00:00+00:00
[2024-03-26T08:47:20.834+0000] {processor.py:183} INFO - Processing /home/airflow/.local/lib/python3.8/site-packages/airflow/example_dags/tutorial.py took 0.059 seconds
[2024-03-26T08:47:50.998+0000] {processor.py:161} INFO - Started process (PID=520) to work on /home/airflow/.local/lib/python3.8/site-packages/airflow/example_dags/tutorial.py
[2024-03-26T08:47:50.999+0000] {processor.py:830} INFO - Processing file /home/airflow/.local/lib/python3.8/site-packages/airflow/example_dags/tutorial.py for tasks to queue
[2024-03-26T08:47:51.001+0000] {logging_mixin.py:188} INFO - [2024-03-26T08:47:51.000+0000] {dagbag.py:538} INFO - Filling up the DagBag from /home/airflow/.local/lib/python3.8/site-packages/airflow/example_dags/tutorial.py
[2024-03-26T08:47:51.005+0000] {processor.py:840} INFO - DAG(s) 'tutorial' retrieved from /home/airflow/.local/lib/python3.8/site-packages/airflow/example_dags/tutorial.py
[2024-03-26T08:47:51.022+0000] {logging_mixin.py:188} INFO - [2024-03-26T08:47:51.021+0000] {dag.py:3036} INFO - Sync 1 DAGs
[2024-03-26T08:47:51.040+0000] {logging_mixin.py:188} INFO - [2024-03-26T08:47:51.040+0000] {dag.py:3823} INFO - Setting next_dagrun for tutorial to 2024-03-25 00:00:00+00:00, run_after=2024-03-26 00:00:00+00:00
[2024-03-26T08:47:51.055+0000] {processor.py:183} INFO - Processing /home/airflow/.local/lib/python3.8/site-packages/airflow/example_dags/tutorial.py took 0.059 seconds
[2024-03-26T08:48:21.397+0000] {processor.py:161} INFO - Started process (PID=576) to work on /home/airflow/.local/lib/python3.8/site-packages/airflow/example_dags/tutorial.py
[2024-03-26T08:48:21.398+0000] {processor.py:830} INFO - Processing file /home/airflow/.local/lib/python3.8/site-packages/airflow/example_dags/tutorial.py for tasks to queue
[2024-03-26T08:48:21.399+0000] {logging_mixin.py:188} INFO - [2024-03-26T08:48:21.399+0000] {dagbag.py:538} INFO - Filling up the DagBag from /home/airflow/.local/lib/python3.8/site-packages/airflow/example_dags/tutorial.py
[2024-03-26T08:48:21.404+0000] {processor.py:840} INFO - DAG(s) 'tutorial' retrieved from /home/airflow/.local/lib/python3.8/site-packages/airflow/example_dags/tutorial.py
[2024-03-26T08:48:21.419+0000] {logging_mixin.py:188} INFO - [2024-03-26T08:48:21.419+0000] {dag.py:3036} INFO - Sync 1 DAGs
[2024-03-26T08:48:21.437+0000] {logging_mixin.py:188} INFO - [2024-03-26T08:48:21.437+0000] {dag.py:3823} INFO - Setting next_dagrun for tutorial to 2024-03-25 00:00:00+00:00, run_after=2024-03-26 00:00:00+00:00
[2024-03-26T08:48:21.453+0000] {processor.py:183} INFO - Processing /home/airflow/.local/lib/python3.8/site-packages/airflow/example_dags/tutorial.py took 0.058 seconds
[2024-03-26T08:48:51.786+0000] {processor.py:161} INFO - Started process (PID=632) to work on /home/airflow/.local/lib/python3.8/site-packages/airflow/example_dags/tutorial.py
[2024-03-26T08:48:51.787+0000] {processor.py:830} INFO - Processing file /home/airflow/.local/lib/python3.8/site-packages/airflow/example_dags/tutorial.py for tasks to queue
[2024-03-26T08:48:51.788+0000] {logging_mixin.py:188} INFO - [2024-03-26T08:48:51.788+0000] {dagbag.py:538} INFO - Filling up the DagBag from /home/airflow/.local/lib/python3.8/site-packages/airflow/example_dags/tutorial.py
[2024-03-26T08:48:51.792+0000] {processor.py:840} INFO - DAG(s) 'tutorial' retrieved from /home/airflow/.local/lib/python3.8/site-packages/airflow/example_dags/tutorial.py
[2024-03-26T08:48:51.807+0000] {logging_mixin.py:188} INFO - [2024-03-26T08:48:51.807+0000] {dag.py:3036} INFO - Sync 1 DAGs
[2024-03-26T08:48:51.826+0000] {logging_mixin.py:188} INFO - [2024-03-26T08:48:51.825+0000] {dag.py:3823} INFO - Setting next_dagrun for tutorial to 2024-03-25 00:00:00+00:00, run_after=2024-03-26 00:00:00+00:00
[2024-03-26T08:48:51.842+0000] {processor.py:183} INFO - Processing /home/airflow/.local/lib/python3.8/site-packages/airflow/example_dags/tutorial.py took 0.058 seconds
[2024-03-26T08:49:22.070+0000] {processor.py:161} INFO - Started process (PID=688) to work on /home/airflow/.local/lib/python3.8/site-packages/airflow/example_dags/tutorial.py
[2024-03-26T08:49:22.071+0000] {processor.py:830} INFO - Processing file /home/airflow/.local/lib/python3.8/site-packages/airflow/example_dags/tutorial.py for tasks to queue
[2024-03-26T08:49:22.073+0000] {logging_mixin.py:188} INFO - [2024-03-26T08:49:22.072+0000] {dagbag.py:538} INFO - Filling up the DagBag from /home/airflow/.local/lib/python3.8/site-packages/airflow/example_dags/tutorial.py
[2024-03-26T08:49:22.077+0000] {processor.py:840} INFO - DAG(s) 'tutorial' retrieved from /home/airflow/.local/lib/python3.8/site-packages/airflow/example_dags/tutorial.py
[2024-03-26T08:49:22.093+0000] {logging_mixin.py:188} INFO - [2024-03-26T08:49:22.092+0000] {dag.py:3036} INFO - Sync 1 DAGs
[2024-03-26T08:49:22.110+0000] {logging_mixin.py:188} INFO - [2024-03-26T08:49:22.110+0000] {dag.py:3823} INFO - Setting next_dagrun for tutorial to 2024-03-25 00:00:00+00:00, run_after=2024-03-26 00:00:00+00:00
[2024-03-26T08:49:22.125+0000] {processor.py:183} INFO - Processing /home/airflow/.local/lib/python3.8/site-packages/airflow/example_dags/tutorial.py took 0.057 seconds
[2024-03-26T08:49:52.520+0000] {processor.py:161} INFO - Started process (PID=744) to work on /home/airflow/.local/lib/python3.8/site-packages/airflow/example_dags/tutorial.py
[2024-03-26T08:49:52.521+0000] {processor.py:830} INFO - Processing file /home/airflow/.local/lib/python3.8/site-packages/airflow/example_dags/tutorial.py for tasks to queue
[2024-03-26T08:49:52.522+0000] {logging_mixin.py:188} INFO - [2024-03-26T08:49:52.522+0000] {dagbag.py:538} INFO - Filling up the DagBag from /home/airflow/.local/lib/python3.8/site-packages/airflow/example_dags/tutorial.py
[2024-03-26T08:49:52.527+0000] {processor.py:840} INFO - DAG(s) 'tutorial' retrieved from /home/airflow/.local/lib/python3.8/site-packages/airflow/example_dags/tutorial.py
[2024-03-26T08:49:52.545+0000] {logging_mixin.py:188} INFO - [2024-03-26T08:49:52.544+0000] {dag.py:3036} INFO - Sync 1 DAGs
[2024-03-26T08:49:52.566+0000] {logging_mixin.py:188} INFO - [2024-03-26T08:49:52.565+0000] {dag.py:3823} INFO - Setting next_dagrun for tutorial to 2024-03-25 00:00:00+00:00, run_after=2024-03-26 00:00:00+00:00
[2024-03-26T08:49:52.586+0000] {processor.py:183} INFO - Processing /home/airflow/.local/lib/python3.8/site-packages/airflow/example_dags/tutorial.py took 0.068 seconds
[2024-03-26T08:50:23.082+0000] {processor.py:161} INFO - Started process (PID=800) to work on /home/airflow/.local/lib/python3.8/site-packages/airflow/example_dags/tutorial.py
[2024-03-26T08:50:23.083+0000] {processor.py:830} INFO - Processing file /home/airflow/.local/lib/python3.8/site-packages/airflow/example_dags/tutorial.py for tasks to queue
[2024-03-26T08:50:23.084+0000] {logging_mixin.py:188} INFO - [2024-03-26T08:50:23.084+0000] {dagbag.py:538} INFO - Filling up the DagBag from /home/airflow/.local/lib/python3.8/site-packages/airflow/example_dags/tutorial.py
[2024-03-26T08:50:23.089+0000] {processor.py:840} INFO - DAG(s) 'tutorial' retrieved from /home/airflow/.local/lib/python3.8/site-packages/airflow/example_dags/tutorial.py
[2024-03-26T08:50:23.106+0000] {logging_mixin.py:188} INFO - [2024-03-26T08:50:23.106+0000] {dag.py:3036} INFO - Sync 1 DAGs
[2024-03-26T08:50:23.127+0000] {logging_mixin.py:188} INFO - [2024-03-26T08:50:23.127+0000] {dag.py:3823} INFO - Setting next_dagrun for tutorial to 2024-03-25 00:00:00+00:00, run_after=2024-03-26 00:00:00+00:00
[2024-03-26T08:50:23.147+0000] {processor.py:183} INFO - Processing /home/airflow/.local/lib/python3.8/site-packages/airflow/example_dags/tutorial.py took 0.068 seconds
[2024-03-26T08:53:13.334+0000] {processor.py:161} INFO - Started process (PID=72) to work on /home/airflow/.local/lib/python3.8/site-packages/airflow/example_dags/tutorial.py
[2024-03-26T08:53:13.335+0000] {processor.py:830} INFO - Processing file /home/airflow/.local/lib/python3.8/site-packages/airflow/example_dags/tutorial.py for tasks to queue
[2024-03-26T08:53:13.336+0000] {logging_mixin.py:188} INFO - [2024-03-26T08:53:13.336+0000] {dagbag.py:538} INFO - Filling up the DagBag from /home/airflow/.local/lib/python3.8/site-packages/airflow/example_dags/tutorial.py
[2024-03-26T08:53:13.342+0000] {processor.py:840} INFO - DAG(s) 'tutorial' retrieved from /home/airflow/.local/lib/python3.8/site-packages/airflow/example_dags/tutorial.py
[2024-03-26T08:53:13.351+0000] {logging_mixin.py:188} INFO - [2024-03-26T08:53:13.351+0000] {dag.py:3036} INFO - Sync 1 DAGs
[2024-03-26T08:53:13.377+0000] {logging_mixin.py:188} INFO - [2024-03-26T08:53:13.376+0000] {dag.py:3823} INFO - Setting next_dagrun for tutorial to 2024-03-25 00:00:00+00:00, run_after=2024-03-26 00:00:00+00:00
[2024-03-26T08:53:13.397+0000] {processor.py:183} INFO - Processing /home/airflow/.local/lib/python3.8/site-packages/airflow/example_dags/tutorial.py took 0.065 seconds
[2024-03-26T08:53:45.212+0000] {processor.py:161} INFO - Started process (PID=128) to work on /home/airflow/.local/lib/python3.8/site-packages/airflow/example_dags/tutorial.py
[2024-03-26T08:53:45.213+0000] {processor.py:830} INFO - Processing file /home/airflow/.local/lib/python3.8/site-packages/airflow/example_dags/tutorial.py for tasks to queue
[2024-03-26T08:53:45.214+0000] {logging_mixin.py:188} INFO - [2024-03-26T08:53:45.214+0000] {dagbag.py:538} INFO - Filling up the DagBag from /home/airflow/.local/lib/python3.8/site-packages/airflow/example_dags/tutorial.py
[2024-03-26T08:53:45.218+0000] {processor.py:840} INFO - DAG(s) 'tutorial' retrieved from /home/airflow/.local/lib/python3.8/site-packages/airflow/example_dags/tutorial.py
[2024-03-26T08:53:45.298+0000] {logging_mixin.py:188} INFO - [2024-03-26T08:53:45.298+0000] {dag.py:3036} INFO - Sync 1 DAGs
[2024-03-26T08:53:45.315+0000] {logging_mixin.py:188} INFO - [2024-03-26T08:53:45.315+0000] {dag.py:3823} INFO - Setting next_dagrun for tutorial to 2024-03-25 00:00:00+00:00, run_after=2024-03-26 00:00:00+00:00
[2024-03-26T08:53:45.331+0000] {processor.py:183} INFO - Processing /home/airflow/.local/lib/python3.8/site-packages/airflow/example_dags/tutorial.py took 0.121 seconds
[2024-03-26T08:54:15.446+0000] {processor.py:161} INFO - Started process (PID=184) to work on /home/airflow/.local/lib/python3.8/site-packages/airflow/example_dags/tutorial.py
[2024-03-26T08:54:15.447+0000] {processor.py:830} INFO - Processing file /home/airflow/.local/lib/python3.8/site-packages/airflow/example_dags/tutorial.py for tasks to queue
[2024-03-26T08:54:15.448+0000] {logging_mixin.py:188} INFO - [2024-03-26T08:54:15.448+0000] {dagbag.py:538} INFO - Filling up the DagBag from /home/airflow/.local/lib/python3.8/site-packages/airflow/example_dags/tutorial.py
[2024-03-26T08:54:15.453+0000] {processor.py:840} INFO - DAG(s) 'tutorial' retrieved from /home/airflow/.local/lib/python3.8/site-packages/airflow/example_dags/tutorial.py
[2024-03-26T08:54:15.467+0000] {logging_mixin.py:188} INFO - [2024-03-26T08:54:15.466+0000] {dag.py:3036} INFO - Sync 1 DAGs
[2024-03-26T08:54:15.484+0000] {logging_mixin.py:188} INFO - [2024-03-26T08:54:15.484+0000] {dag.py:3823} INFO - Setting next_dagrun for tutorial to 2024-03-25 00:00:00+00:00, run_after=2024-03-26 00:00:00+00:00
[2024-03-26T08:54:15.500+0000] {processor.py:183} INFO - Processing /home/airflow/.local/lib/python3.8/site-packages/airflow/example_dags/tutorial.py took 0.057 seconds
[2024-03-26T08:54:46.215+0000] {processor.py:161} INFO - Started process (PID=240) to work on /home/airflow/.local/lib/python3.8/site-packages/airflow/example_dags/tutorial.py
[2024-03-26T08:54:46.215+0000] {processor.py:830} INFO - Processing file /home/airflow/.local/lib/python3.8/site-packages/airflow/example_dags/tutorial.py for tasks to queue
[2024-03-26T08:54:46.217+0000] {logging_mixin.py:188} INFO - [2024-03-26T08:54:46.217+0000] {dagbag.py:538} INFO - Filling up the DagBag from /home/airflow/.local/lib/python3.8/site-packages/airflow/example_dags/tutorial.py
[2024-03-26T08:54:46.222+0000] {processor.py:840} INFO - DAG(s) 'tutorial' retrieved from /home/airflow/.local/lib/python3.8/site-packages/airflow/example_dags/tutorial.py
[2024-03-26T08:54:46.238+0000] {logging_mixin.py:188} INFO - [2024-03-26T08:54:46.238+0000] {dag.py:3036} INFO - Sync 1 DAGs
[2024-03-26T08:54:46.257+0000] {logging_mixin.py:188} INFO - [2024-03-26T08:54:46.257+0000] {dag.py:3823} INFO - Setting next_dagrun for tutorial to 2024-03-25 00:00:00+00:00, run_after=2024-03-26 00:00:00+00:00
[2024-03-26T08:54:46.276+0000] {processor.py:183} INFO - Processing /home/airflow/.local/lib/python3.8/site-packages/airflow/example_dags/tutorial.py took 0.064 seconds
[2024-03-26T08:55:16.581+0000] {processor.py:161} INFO - Started process (PID=296) to work on /home/airflow/.local/lib/python3.8/site-packages/airflow/example_dags/tutorial.py
[2024-03-26T08:55:16.582+0000] {processor.py:830} INFO - Processing file /home/airflow/.local/lib/python3.8/site-packages/airflow/example_dags/tutorial.py for tasks to queue
[2024-03-26T08:55:16.583+0000] {logging_mixin.py:188} INFO - [2024-03-26T08:55:16.583+0000] {dagbag.py:538} INFO - Filling up the DagBag from /home/airflow/.local/lib/python3.8/site-packages/airflow/example_dags/tutorial.py
[2024-03-26T08:55:16.588+0000] {processor.py:840} INFO - DAG(s) 'tutorial' retrieved from /home/airflow/.local/lib/python3.8/site-packages/airflow/example_dags/tutorial.py
[2024-03-26T08:55:16.605+0000] {logging_mixin.py:188} INFO - [2024-03-26T08:55:16.605+0000] {dag.py:3036} INFO - Sync 1 DAGs
[2024-03-26T08:55:16.625+0000] {logging_mixin.py:188} INFO - [2024-03-26T08:55:16.625+0000] {dag.py:3823} INFO - Setting next_dagrun for tutorial to 2024-03-25 00:00:00+00:00, run_after=2024-03-26 00:00:00+00:00
[2024-03-26T08:55:16.641+0000] {processor.py:183} INFO - Processing /home/airflow/.local/lib/python3.8/site-packages/airflow/example_dags/tutorial.py took 0.063 seconds
[2024-03-26T08:55:46.993+0000] {processor.py:161} INFO - Started process (PID=352) to work on /home/airflow/.local/lib/python3.8/site-packages/airflow/example_dags/tutorial.py
[2024-03-26T08:55:46.994+0000] {processor.py:830} INFO - Processing file /home/airflow/.local/lib/python3.8/site-packages/airflow/example_dags/tutorial.py for tasks to queue
[2024-03-26T08:55:46.996+0000] {logging_mixin.py:188} INFO - [2024-03-26T08:55:46.995+0000] {dagbag.py:538} INFO - Filling up the DagBag from /home/airflow/.local/lib/python3.8/site-packages/airflow/example_dags/tutorial.py
[2024-03-26T08:55:47.000+0000] {processor.py:840} INFO - DAG(s) 'tutorial' retrieved from /home/airflow/.local/lib/python3.8/site-packages/airflow/example_dags/tutorial.py
[2024-03-26T08:55:47.015+0000] {logging_mixin.py:188} INFO - [2024-03-26T08:55:47.015+0000] {dag.py:3036} INFO - Sync 1 DAGs
[2024-03-26T08:55:47.035+0000] {logging_mixin.py:188} INFO - [2024-03-26T08:55:47.034+0000] {dag.py:3823} INFO - Setting next_dagrun for tutorial to 2024-03-25 00:00:00+00:00, run_after=2024-03-26 00:00:00+00:00
[2024-03-26T08:55:47.051+0000] {processor.py:183} INFO - Processing /home/airflow/.local/lib/python3.8/site-packages/airflow/example_dags/tutorial.py took 0.060 seconds
[2024-03-26T08:56:17.261+0000] {processor.py:161} INFO - Started process (PID=408) to work on /home/airflow/.local/lib/python3.8/site-packages/airflow/example_dags/tutorial.py
[2024-03-26T08:56:17.262+0000] {processor.py:830} INFO - Processing file /home/airflow/.local/lib/python3.8/site-packages/airflow/example_dags/tutorial.py for tasks to queue
[2024-03-26T08:56:17.264+0000] {logging_mixin.py:188} INFO - [2024-03-26T08:56:17.264+0000] {dagbag.py:538} INFO - Filling up the DagBag from /home/airflow/.local/lib/python3.8/site-packages/airflow/example_dags/tutorial.py
[2024-03-26T08:56:17.268+0000] {processor.py:840} INFO - DAG(s) 'tutorial' retrieved from /home/airflow/.local/lib/python3.8/site-packages/airflow/example_dags/tutorial.py
[2024-03-26T08:56:17.283+0000] {logging_mixin.py:188} INFO - [2024-03-26T08:56:17.283+0000] {dag.py:3036} INFO - Sync 1 DAGs
[2024-03-26T08:56:17.301+0000] {logging_mixin.py:188} INFO - [2024-03-26T08:56:17.301+0000] {dag.py:3823} INFO - Setting next_dagrun for tutorial to 2024-03-25 00:00:00+00:00, run_after=2024-03-26 00:00:00+00:00
[2024-03-26T08:56:17.316+0000] {processor.py:183} INFO - Processing /home/airflow/.local/lib/python3.8/site-packages/airflow/example_dags/tutorial.py took 0.057 seconds
[2024-03-26T08:56:47.628+0000] {processor.py:161} INFO - Started process (PID=463) to work on /home/airflow/.local/lib/python3.8/site-packages/airflow/example_dags/tutorial.py
[2024-03-26T08:56:47.629+0000] {processor.py:830} INFO - Processing file /home/airflow/.local/lib/python3.8/site-packages/airflow/example_dags/tutorial.py for tasks to queue
[2024-03-26T08:56:47.631+0000] {logging_mixin.py:188} INFO - [2024-03-26T08:56:47.630+0000] {dagbag.py:538} INFO - Filling up the DagBag from /home/airflow/.local/lib/python3.8/site-packages/airflow/example_dags/tutorial.py
[2024-03-26T08:56:47.635+0000] {processor.py:840} INFO - DAG(s) 'tutorial' retrieved from /home/airflow/.local/lib/python3.8/site-packages/airflow/example_dags/tutorial.py
[2024-03-26T08:56:47.649+0000] {logging_mixin.py:188} INFO - [2024-03-26T08:56:47.649+0000] {dag.py:3036} INFO - Sync 1 DAGs
[2024-03-26T08:56:47.667+0000] {logging_mixin.py:188} INFO - [2024-03-26T08:56:47.666+0000] {dag.py:3823} INFO - Setting next_dagrun for tutorial to 2024-03-25 00:00:00+00:00, run_after=2024-03-26 00:00:00+00:00
[2024-03-26T08:56:47.681+0000] {processor.py:183} INFO - Processing /home/airflow/.local/lib/python3.8/site-packages/airflow/example_dags/tutorial.py took 0.056 seconds
[2024-03-26T08:57:17.975+0000] {processor.py:161} INFO - Started process (PID=520) to work on /home/airflow/.local/lib/python3.8/site-packages/airflow/example_dags/tutorial.py
[2024-03-26T08:57:17.975+0000] {processor.py:830} INFO - Processing file /home/airflow/.local/lib/python3.8/site-packages/airflow/example_dags/tutorial.py for tasks to queue
[2024-03-26T08:57:17.977+0000] {logging_mixin.py:188} INFO - [2024-03-26T08:57:17.976+0000] {dagbag.py:538} INFO - Filling up the DagBag from /home/airflow/.local/lib/python3.8/site-packages/airflow/example_dags/tutorial.py
[2024-03-26T08:57:17.981+0000] {processor.py:840} INFO - DAG(s) 'tutorial' retrieved from /home/airflow/.local/lib/python3.8/site-packages/airflow/example_dags/tutorial.py
[2024-03-26T08:57:17.995+0000] {logging_mixin.py:188} INFO - [2024-03-26T08:57:17.995+0000] {dag.py:3036} INFO - Sync 1 DAGs
[2024-03-26T08:57:18.012+0000] {logging_mixin.py:188} INFO - [2024-03-26T08:57:18.012+0000] {dag.py:3823} INFO - Setting next_dagrun for tutorial to 2024-03-25 00:00:00+00:00, run_after=2024-03-26 00:00:00+00:00
[2024-03-26T08:57:18.027+0000] {processor.py:183} INFO - Processing /home/airflow/.local/lib/python3.8/site-packages/airflow/example_dags/tutorial.py took 0.055 seconds
[2024-03-26T08:57:48.502+0000] {processor.py:161} INFO - Started process (PID=576) to work on /home/airflow/.local/lib/python3.8/site-packages/airflow/example_dags/tutorial.py
[2024-03-26T08:57:48.503+0000] {processor.py:830} INFO - Processing file /home/airflow/.local/lib/python3.8/site-packages/airflow/example_dags/tutorial.py for tasks to queue
[2024-03-26T08:57:48.504+0000] {logging_mixin.py:188} INFO - [2024-03-26T08:57:48.504+0000] {dagbag.py:538} INFO - Filling up the DagBag from /home/airflow/.local/lib/python3.8/site-packages/airflow/example_dags/tutorial.py
[2024-03-26T08:57:48.509+0000] {processor.py:840} INFO - DAG(s) 'tutorial' retrieved from /home/airflow/.local/lib/python3.8/site-packages/airflow/example_dags/tutorial.py
[2024-03-26T08:57:48.526+0000] {logging_mixin.py:188} INFO - [2024-03-26T08:57:48.526+0000] {dag.py:3036} INFO - Sync 1 DAGs
[2024-03-26T08:57:48.547+0000] {logging_mixin.py:188} INFO - [2024-03-26T08:57:48.546+0000] {dag.py:3823} INFO - Setting next_dagrun for tutorial to 2024-03-25 00:00:00+00:00, run_after=2024-03-26 00:00:00+00:00
[2024-03-26T08:57:48.563+0000] {processor.py:183} INFO - Processing /home/airflow/.local/lib/python3.8/site-packages/airflow/example_dags/tutorial.py took 0.064 seconds
[2024-03-26T08:58:19.032+0000] {processor.py:161} INFO - Started process (PID=632) to work on /home/airflow/.local/lib/python3.8/site-packages/airflow/example_dags/tutorial.py
[2024-03-26T08:58:19.033+0000] {processor.py:830} INFO - Processing file /home/airflow/.local/lib/python3.8/site-packages/airflow/example_dags/tutorial.py for tasks to queue
[2024-03-26T08:58:19.034+0000] {logging_mixin.py:188} INFO - [2024-03-26T08:58:19.034+0000] {dagbag.py:538} INFO - Filling up the DagBag from /home/airflow/.local/lib/python3.8/site-packages/airflow/example_dags/tutorial.py
[2024-03-26T08:58:19.038+0000] {processor.py:840} INFO - DAG(s) 'tutorial' retrieved from /home/airflow/.local/lib/python3.8/site-packages/airflow/example_dags/tutorial.py
[2024-03-26T08:58:19.055+0000] {logging_mixin.py:188} INFO - [2024-03-26T08:58:19.055+0000] {dag.py:3036} INFO - Sync 1 DAGs
[2024-03-26T08:58:19.076+0000] {logging_mixin.py:188} INFO - [2024-03-26T08:58:19.075+0000] {dag.py:3823} INFO - Setting next_dagrun for tutorial to 2024-03-25 00:00:00+00:00, run_after=2024-03-26 00:00:00+00:00
[2024-03-26T08:58:19.094+0000] {processor.py:183} INFO - Processing /home/airflow/.local/lib/python3.8/site-packages/airflow/example_dags/tutorial.py took 0.065 seconds
[2024-03-26T08:58:49.494+0000] {processor.py:161} INFO - Started process (PID=688) to work on /home/airflow/.local/lib/python3.8/site-packages/airflow/example_dags/tutorial.py
[2024-03-26T08:58:49.495+0000] {processor.py:830} INFO - Processing file /home/airflow/.local/lib/python3.8/site-packages/airflow/example_dags/tutorial.py for tasks to queue
[2024-03-26T08:58:49.496+0000] {logging_mixin.py:188} INFO - [2024-03-26T08:58:49.496+0000] {dagbag.py:538} INFO - Filling up the DagBag from /home/airflow/.local/lib/python3.8/site-packages/airflow/example_dags/tutorial.py
[2024-03-26T08:58:49.501+0000] {processor.py:840} INFO - DAG(s) 'tutorial' retrieved from /home/airflow/.local/lib/python3.8/site-packages/airflow/example_dags/tutorial.py
[2024-03-26T08:58:49.517+0000] {logging_mixin.py:188} INFO - [2024-03-26T08:58:49.517+0000] {dag.py:3036} INFO - Sync 1 DAGs
[2024-03-26T08:58:49.536+0000] {logging_mixin.py:188} INFO - [2024-03-26T08:58:49.535+0000] {dag.py:3823} INFO - Setting next_dagrun for tutorial to 2024-03-25 00:00:00+00:00, run_after=2024-03-26 00:00:00+00:00
[2024-03-26T08:58:49.550+0000] {processor.py:183} INFO - Processing /home/airflow/.local/lib/python3.8/site-packages/airflow/example_dags/tutorial.py took 0.059 seconds
[2024-03-26T09:07:41.935+0000] {processor.py:161} INFO - Started process (PID=73) to work on /home/airflow/.local/lib/python3.8/site-packages/airflow/example_dags/tutorial.py
[2024-03-26T09:07:41.936+0000] {processor.py:830} INFO - Processing file /home/airflow/.local/lib/python3.8/site-packages/airflow/example_dags/tutorial.py for tasks to queue
[2024-03-26T09:07:41.939+0000] {logging_mixin.py:188} INFO - [2024-03-26T09:07:41.938+0000] {dagbag.py:538} INFO - Filling up the DagBag from /home/airflow/.local/lib/python3.8/site-packages/airflow/example_dags/tutorial.py
[2024-03-26T09:07:41.947+0000] {processor.py:840} INFO - DAG(s) 'tutorial' retrieved from /home/airflow/.local/lib/python3.8/site-packages/airflow/example_dags/tutorial.py
[2024-03-26T09:07:41.960+0000] {logging_mixin.py:188} INFO - [2024-03-26T09:07:41.960+0000] {dag.py:3036} INFO - Sync 1 DAGs
[2024-03-26T09:07:41.986+0000] {logging_mixin.py:188} INFO - [2024-03-26T09:07:41.985+0000] {dag.py:3823} INFO - Setting next_dagrun for tutorial to 2024-03-25 00:00:00+00:00, run_after=2024-03-26 00:00:00+00:00
[2024-03-26T09:07:42.006+0000] {processor.py:183} INFO - Processing /home/airflow/.local/lib/python3.8/site-packages/airflow/example_dags/tutorial.py took 0.074 seconds
[2024-03-26T09:08:12.933+0000] {processor.py:161} INFO - Started process (PID=131) to work on /home/airflow/.local/lib/python3.8/site-packages/airflow/example_dags/tutorial.py
[2024-03-26T09:08:12.934+0000] {processor.py:830} INFO - Processing file /home/airflow/.local/lib/python3.8/site-packages/airflow/example_dags/tutorial.py for tasks to queue
[2024-03-26T09:08:12.936+0000] {logging_mixin.py:188} INFO - [2024-03-26T09:08:12.936+0000] {dagbag.py:538} INFO - Filling up the DagBag from /home/airflow/.local/lib/python3.8/site-packages/airflow/example_dags/tutorial.py
[2024-03-26T09:08:12.940+0000] {processor.py:840} INFO - DAG(s) 'tutorial' retrieved from /home/airflow/.local/lib/python3.8/site-packages/airflow/example_dags/tutorial.py
[2024-03-26T09:08:13.023+0000] {logging_mixin.py:188} INFO - [2024-03-26T09:08:13.023+0000] {dag.py:3036} INFO - Sync 1 DAGs
[2024-03-26T09:08:13.040+0000] {logging_mixin.py:188} INFO - [2024-03-26T09:08:13.040+0000] {dag.py:3823} INFO - Setting next_dagrun for tutorial to 2024-03-25 00:00:00+00:00, run_after=2024-03-26 00:00:00+00:00
[2024-03-26T09:08:13.057+0000] {processor.py:183} INFO - Processing /home/airflow/.local/lib/python3.8/site-packages/airflow/example_dags/tutorial.py took 0.126 seconds
[2024-03-26T09:08:43.658+0000] {processor.py:161} INFO - Started process (PID=188) to work on /home/airflow/.local/lib/python3.8/site-packages/airflow/example_dags/tutorial.py
[2024-03-26T09:08:43.659+0000] {processor.py:830} INFO - Processing file /home/airflow/.local/lib/python3.8/site-packages/airflow/example_dags/tutorial.py for tasks to queue
[2024-03-26T09:08:43.661+0000] {logging_mixin.py:188} INFO - [2024-03-26T09:08:43.661+0000] {dagbag.py:538} INFO - Filling up the DagBag from /home/airflow/.local/lib/python3.8/site-packages/airflow/example_dags/tutorial.py
[2024-03-26T09:08:43.665+0000] {processor.py:840} INFO - DAG(s) 'tutorial' retrieved from /home/airflow/.local/lib/python3.8/site-packages/airflow/example_dags/tutorial.py
[2024-03-26T09:08:43.681+0000] {logging_mixin.py:188} INFO - [2024-03-26T09:08:43.681+0000] {dag.py:3036} INFO - Sync 1 DAGs
[2024-03-26T09:08:43.699+0000] {logging_mixin.py:188} INFO - [2024-03-26T09:08:43.699+0000] {dag.py:3823} INFO - Setting next_dagrun for tutorial to 2024-03-25 00:00:00+00:00, run_after=2024-03-26 00:00:00+00:00
[2024-03-26T09:08:43.714+0000] {processor.py:183} INFO - Processing /home/airflow/.local/lib/python3.8/site-packages/airflow/example_dags/tutorial.py took 0.058 seconds
[2024-03-26T09:09:14.277+0000] {processor.py:161} INFO - Started process (PID=245) to work on /home/airflow/.local/lib/python3.8/site-packages/airflow/example_dags/tutorial.py
[2024-03-26T09:09:14.278+0000] {processor.py:830} INFO - Processing file /home/airflow/.local/lib/python3.8/site-packages/airflow/example_dags/tutorial.py for tasks to queue
[2024-03-26T09:09:14.280+0000] {logging_mixin.py:188} INFO - [2024-03-26T09:09:14.279+0000] {dagbag.py:538} INFO - Filling up the DagBag from /home/airflow/.local/lib/python3.8/site-packages/airflow/example_dags/tutorial.py
[2024-03-26T09:09:14.285+0000] {processor.py:840} INFO - DAG(s) 'tutorial' retrieved from /home/airflow/.local/lib/python3.8/site-packages/airflow/example_dags/tutorial.py
[2024-03-26T09:09:14.306+0000] {logging_mixin.py:188} INFO - [2024-03-26T09:09:14.305+0000] {dag.py:3036} INFO - Sync 1 DAGs
[2024-03-26T09:09:14.329+0000] {logging_mixin.py:188} INFO - [2024-03-26T09:09:14.328+0000] {dag.py:3823} INFO - Setting next_dagrun for tutorial to 2024-03-25 00:00:00+00:00, run_after=2024-03-26 00:00:00+00:00
[2024-03-26T09:09:14.347+0000] {processor.py:183} INFO - Processing /home/airflow/.local/lib/python3.8/site-packages/airflow/example_dags/tutorial.py took 0.073 seconds
[2024-03-26T09:09:45.068+0000] {processor.py:161} INFO - Started process (PID=302) to work on /home/airflow/.local/lib/python3.8/site-packages/airflow/example_dags/tutorial.py
[2024-03-26T09:09:45.069+0000] {processor.py:830} INFO - Processing file /home/airflow/.local/lib/python3.8/site-packages/airflow/example_dags/tutorial.py for tasks to queue
[2024-03-26T09:09:45.070+0000] {logging_mixin.py:188} INFO - [2024-03-26T09:09:45.070+0000] {dagbag.py:538} INFO - Filling up the DagBag from /home/airflow/.local/lib/python3.8/site-packages/airflow/example_dags/tutorial.py
[2024-03-26T09:09:45.075+0000] {processor.py:840} INFO - DAG(s) 'tutorial' retrieved from /home/airflow/.local/lib/python3.8/site-packages/airflow/example_dags/tutorial.py
[2024-03-26T09:09:45.094+0000] {logging_mixin.py:188} INFO - [2024-03-26T09:09:45.094+0000] {dag.py:3036} INFO - Sync 1 DAGs
[2024-03-26T09:09:45.112+0000] {logging_mixin.py:188} INFO - [2024-03-26T09:09:45.112+0000] {dag.py:3823} INFO - Setting next_dagrun for tutorial to 2024-03-25 00:00:00+00:00, run_after=2024-03-26 00:00:00+00:00
[2024-03-26T09:09:45.128+0000] {processor.py:183} INFO - Processing /home/airflow/.local/lib/python3.8/site-packages/airflow/example_dags/tutorial.py took 0.062 seconds
[2024-03-26T09:10:15.789+0000] {processor.py:161} INFO - Started process (PID=359) to work on /home/airflow/.local/lib/python3.8/site-packages/airflow/example_dags/tutorial.py
[2024-03-26T09:10:15.790+0000] {processor.py:830} INFO - Processing file /home/airflow/.local/lib/python3.8/site-packages/airflow/example_dags/tutorial.py for tasks to queue
[2024-03-26T09:10:15.792+0000] {logging_mixin.py:188} INFO - [2024-03-26T09:10:15.791+0000] {dagbag.py:538} INFO - Filling up the DagBag from /home/airflow/.local/lib/python3.8/site-packages/airflow/example_dags/tutorial.py
[2024-03-26T09:10:15.797+0000] {processor.py:840} INFO - DAG(s) 'tutorial' retrieved from /home/airflow/.local/lib/python3.8/site-packages/airflow/example_dags/tutorial.py
[2024-03-26T09:10:15.814+0000] {logging_mixin.py:188} INFO - [2024-03-26T09:10:15.813+0000] {dag.py:3036} INFO - Sync 1 DAGs
[2024-03-26T09:10:15.834+0000] {logging_mixin.py:188} INFO - [2024-03-26T09:10:15.834+0000] {dag.py:3823} INFO - Setting next_dagrun for tutorial to 2024-03-25 00:00:00+00:00, run_after=2024-03-26 00:00:00+00:00
[2024-03-26T09:10:15.849+0000] {processor.py:183} INFO - Processing /home/airflow/.local/lib/python3.8/site-packages/airflow/example_dags/tutorial.py took 0.063 seconds
[2024-03-26T09:50:58.135+0000] {processor.py:161} INFO - Started process (PID=73) to work on /home/airflow/.local/lib/python3.8/site-packages/airflow/example_dags/tutorial.py
[2024-03-26T09:50:58.136+0000] {processor.py:830} INFO - Processing file /home/airflow/.local/lib/python3.8/site-packages/airflow/example_dags/tutorial.py for tasks to queue
[2024-03-26T09:50:58.138+0000] {logging_mixin.py:188} INFO - [2024-03-26T09:50:58.137+0000] {dagbag.py:538} INFO - Filling up the DagBag from /home/airflow/.local/lib/python3.8/site-packages/airflow/example_dags/tutorial.py
[2024-03-26T09:50:58.144+0000] {processor.py:840} INFO - DAG(s) 'tutorial' retrieved from /home/airflow/.local/lib/python3.8/site-packages/airflow/example_dags/tutorial.py
[2024-03-26T09:50:58.154+0000] {logging_mixin.py:188} INFO - [2024-03-26T09:50:58.154+0000] {dag.py:3036} INFO - Sync 1 DAGs
[2024-03-26T09:50:58.179+0000] {logging_mixin.py:188} INFO - [2024-03-26T09:50:58.178+0000] {dag.py:3823} INFO - Setting next_dagrun for tutorial to 2024-03-25 00:00:00+00:00, run_after=2024-03-26 00:00:00+00:00
[2024-03-26T09:50:58.196+0000] {processor.py:183} INFO - Processing /home/airflow/.local/lib/python3.8/site-packages/airflow/example_dags/tutorial.py took 0.064 seconds
[2024-03-26T09:51:29.002+0000] {processor.py:161} INFO - Started process (PID=130) to work on /home/airflow/.local/lib/python3.8/site-packages/airflow/example_dags/tutorial.py
[2024-03-26T09:51:29.003+0000] {processor.py:830} INFO - Processing file /home/airflow/.local/lib/python3.8/site-packages/airflow/example_dags/tutorial.py for tasks to queue
[2024-03-26T09:51:29.005+0000] {logging_mixin.py:188} INFO - [2024-03-26T09:51:29.004+0000] {dagbag.py:538} INFO - Filling up the DagBag from /home/airflow/.local/lib/python3.8/site-packages/airflow/example_dags/tutorial.py
[2024-03-26T09:51:29.009+0000] {processor.py:840} INFO - DAG(s) 'tutorial' retrieved from /home/airflow/.local/lib/python3.8/site-packages/airflow/example_dags/tutorial.py
[2024-03-26T09:51:29.091+0000] {logging_mixin.py:188} INFO - [2024-03-26T09:51:29.090+0000] {dag.py:3036} INFO - Sync 1 DAGs
[2024-03-26T09:51:29.107+0000] {logging_mixin.py:188} INFO - [2024-03-26T09:51:29.106+0000] {dag.py:3823} INFO - Setting next_dagrun for tutorial to 2024-03-25 00:00:00+00:00, run_after=2024-03-26 00:00:00+00:00
[2024-03-26T09:51:29.122+0000] {processor.py:183} INFO - Processing /home/airflow/.local/lib/python3.8/site-packages/airflow/example_dags/tutorial.py took 0.122 seconds
[2024-03-26T09:51:59.264+0000] {processor.py:161} INFO - Started process (PID=187) to work on /home/airflow/.local/lib/python3.8/site-packages/airflow/example_dags/tutorial.py
[2024-03-26T09:51:59.265+0000] {processor.py:830} INFO - Processing file /home/airflow/.local/lib/python3.8/site-packages/airflow/example_dags/tutorial.py for tasks to queue
[2024-03-26T09:51:59.266+0000] {logging_mixin.py:188} INFO - [2024-03-26T09:51:59.266+0000] {dagbag.py:538} INFO - Filling up the DagBag from /home/airflow/.local/lib/python3.8/site-packages/airflow/example_dags/tutorial.py
[2024-03-26T09:51:59.271+0000] {processor.py:840} INFO - DAG(s) 'tutorial' retrieved from /home/airflow/.local/lib/python3.8/site-packages/airflow/example_dags/tutorial.py
[2024-03-26T09:51:59.286+0000] {logging_mixin.py:188} INFO - [2024-03-26T09:51:59.285+0000] {dag.py:3036} INFO - Sync 1 DAGs
[2024-03-26T09:51:59.304+0000] {logging_mixin.py:188} INFO - [2024-03-26T09:51:59.304+0000] {dag.py:3823} INFO - Setting next_dagrun for tutorial to 2024-03-25 00:00:00+00:00, run_after=2024-03-26 00:00:00+00:00
[2024-03-26T09:51:59.320+0000] {processor.py:183} INFO - Processing /home/airflow/.local/lib/python3.8/site-packages/airflow/example_dags/tutorial.py took 0.058 seconds
[2024-03-26T09:52:30.073+0000] {processor.py:161} INFO - Started process (PID=244) to work on /home/airflow/.local/lib/python3.8/site-packages/airflow/example_dags/tutorial.py
[2024-03-26T09:52:30.074+0000] {processor.py:830} INFO - Processing file /home/airflow/.local/lib/python3.8/site-packages/airflow/example_dags/tutorial.py for tasks to queue
[2024-03-26T09:52:30.076+0000] {logging_mixin.py:188} INFO - [2024-03-26T09:52:30.076+0000] {dagbag.py:538} INFO - Filling up the DagBag from /home/airflow/.local/lib/python3.8/site-packages/airflow/example_dags/tutorial.py
[2024-03-26T09:52:30.080+0000] {processor.py:840} INFO - DAG(s) 'tutorial' retrieved from /home/airflow/.local/lib/python3.8/site-packages/airflow/example_dags/tutorial.py
[2024-03-26T09:52:30.095+0000] {logging_mixin.py:188} INFO - [2024-03-26T09:52:30.095+0000] {dag.py:3036} INFO - Sync 1 DAGs
[2024-03-26T09:52:30.113+0000] {logging_mixin.py:188} INFO - [2024-03-26T09:52:30.113+0000] {dag.py:3823} INFO - Setting next_dagrun for tutorial to 2024-03-25 00:00:00+00:00, run_after=2024-03-26 00:00:00+00:00
[2024-03-26T09:52:30.128+0000] {processor.py:183} INFO - Processing /home/airflow/.local/lib/python3.8/site-packages/airflow/example_dags/tutorial.py took 0.057 seconds
[2024-03-26T09:53:00.926+0000] {processor.py:161} INFO - Started process (PID=301) to work on /home/airflow/.local/lib/python3.8/site-packages/airflow/example_dags/tutorial.py
[2024-03-26T09:53:00.927+0000] {processor.py:830} INFO - Processing file /home/airflow/.local/lib/python3.8/site-packages/airflow/example_dags/tutorial.py for tasks to queue
[2024-03-26T09:53:00.929+0000] {logging_mixin.py:188} INFO - [2024-03-26T09:53:00.929+0000] {dagbag.py:538} INFO - Filling up the DagBag from /home/airflow/.local/lib/python3.8/site-packages/airflow/example_dags/tutorial.py
[2024-03-26T09:53:00.933+0000] {processor.py:840} INFO - DAG(s) 'tutorial' retrieved from /home/airflow/.local/lib/python3.8/site-packages/airflow/example_dags/tutorial.py
[2024-03-26T09:53:00.949+0000] {logging_mixin.py:188} INFO - [2024-03-26T09:53:00.949+0000] {dag.py:3036} INFO - Sync 1 DAGs
[2024-03-26T09:53:00.967+0000] {logging_mixin.py:188} INFO - [2024-03-26T09:53:00.967+0000] {dag.py:3823} INFO - Setting next_dagrun for tutorial to 2024-03-25 00:00:00+00:00, run_after=2024-03-26 00:00:00+00:00
[2024-03-26T09:53:00.982+0000] {processor.py:183} INFO - Processing /home/airflow/.local/lib/python3.8/site-packages/airflow/example_dags/tutorial.py took 0.058 seconds
[2024-03-26T09:53:31.346+0000] {processor.py:161} INFO - Started process (PID=358) to work on /home/airflow/.local/lib/python3.8/site-packages/airflow/example_dags/tutorial.py
[2024-03-26T09:53:31.347+0000] {processor.py:830} INFO - Processing file /home/airflow/.local/lib/python3.8/site-packages/airflow/example_dags/tutorial.py for tasks to queue
[2024-03-26T09:53:31.348+0000] {logging_mixin.py:188} INFO - [2024-03-26T09:53:31.348+0000] {dagbag.py:538} INFO - Filling up the DagBag from /home/airflow/.local/lib/python3.8/site-packages/airflow/example_dags/tutorial.py
[2024-03-26T09:53:31.353+0000] {processor.py:840} INFO - DAG(s) 'tutorial' retrieved from /home/airflow/.local/lib/python3.8/site-packages/airflow/example_dags/tutorial.py
[2024-03-26T09:53:31.367+0000] {logging_mixin.py:188} INFO - [2024-03-26T09:53:31.367+0000] {dag.py:3036} INFO - Sync 1 DAGs
[2024-03-26T09:53:31.389+0000] {logging_mixin.py:188} INFO - [2024-03-26T09:53:31.389+0000] {dag.py:3823} INFO - Setting next_dagrun for tutorial to 2024-03-25 00:00:00+00:00, run_after=2024-03-26 00:00:00+00:00
[2024-03-26T09:53:31.403+0000] {processor.py:183} INFO - Processing /home/airflow/.local/lib/python3.8/site-packages/airflow/example_dags/tutorial.py took 0.059 seconds
[2024-03-26T09:54:02.429+0000] {processor.py:161} INFO - Started process (PID=415) to work on /home/airflow/.local/lib/python3.8/site-packages/airflow/example_dags/tutorial.py
[2024-03-26T09:54:02.431+0000] {processor.py:830} INFO - Processing file /home/airflow/.local/lib/python3.8/site-packages/airflow/example_dags/tutorial.py for tasks to queue
[2024-03-26T09:54:02.432+0000] {logging_mixin.py:188} INFO - [2024-03-26T09:54:02.432+0000] {dagbag.py:538} INFO - Filling up the DagBag from /home/airflow/.local/lib/python3.8/site-packages/airflow/example_dags/tutorial.py
[2024-03-26T09:54:02.436+0000] {processor.py:840} INFO - DAG(s) 'tutorial' retrieved from /home/airflow/.local/lib/python3.8/site-packages/airflow/example_dags/tutorial.py
[2024-03-26T09:54:02.453+0000] {logging_mixin.py:188} INFO - [2024-03-26T09:54:02.453+0000] {dag.py:3036} INFO - Sync 1 DAGs
[2024-03-26T09:54:02.473+0000] {logging_mixin.py:188} INFO - [2024-03-26T09:54:02.472+0000] {dag.py:3823} INFO - Setting next_dagrun for tutorial to 2024-03-25 00:00:00+00:00, run_after=2024-03-26 00:00:00+00:00
[2024-03-26T09:54:02.488+0000] {processor.py:183} INFO - Processing /home/airflow/.local/lib/python3.8/site-packages/airflow/example_dags/tutorial.py took 0.061 seconds
[2024-03-26T09:54:33.040+0000] {processor.py:161} INFO - Started process (PID=472) to work on /home/airflow/.local/lib/python3.8/site-packages/airflow/example_dags/tutorial.py
[2024-03-26T09:54:33.041+0000] {processor.py:830} INFO - Processing file /home/airflow/.local/lib/python3.8/site-packages/airflow/example_dags/tutorial.py for tasks to queue
[2024-03-26T09:54:33.043+0000] {logging_mixin.py:188} INFO - [2024-03-26T09:54:33.043+0000] {dagbag.py:538} INFO - Filling up the DagBag from /home/airflow/.local/lib/python3.8/site-packages/airflow/example_dags/tutorial.py
[2024-03-26T09:54:33.048+0000] {processor.py:840} INFO - DAG(s) 'tutorial' retrieved from /home/airflow/.local/lib/python3.8/site-packages/airflow/example_dags/tutorial.py
[2024-03-26T09:54:33.065+0000] {logging_mixin.py:188} INFO - [2024-03-26T09:54:33.065+0000] {dag.py:3036} INFO - Sync 1 DAGs
[2024-03-26T09:54:33.086+0000] {logging_mixin.py:188} INFO - [2024-03-26T09:54:33.086+0000] {dag.py:3823} INFO - Setting next_dagrun for tutorial to 2024-03-25 00:00:00+00:00, run_after=2024-03-26 00:00:00+00:00
[2024-03-26T09:54:33.103+0000] {processor.py:183} INFO - Processing /home/airflow/.local/lib/python3.8/site-packages/airflow/example_dags/tutorial.py took 0.065 seconds
[2024-03-26T09:55:03.598+0000] {processor.py:161} INFO - Started process (PID=529) to work on /home/airflow/.local/lib/python3.8/site-packages/airflow/example_dags/tutorial.py
[2024-03-26T09:55:03.599+0000] {processor.py:830} INFO - Processing file /home/airflow/.local/lib/python3.8/site-packages/airflow/example_dags/tutorial.py for tasks to queue
[2024-03-26T09:55:03.600+0000] {logging_mixin.py:188} INFO - [2024-03-26T09:55:03.600+0000] {dagbag.py:538} INFO - Filling up the DagBag from /home/airflow/.local/lib/python3.8/site-packages/airflow/example_dags/tutorial.py
[2024-03-26T09:55:03.604+0000] {processor.py:840} INFO - DAG(s) 'tutorial' retrieved from /home/airflow/.local/lib/python3.8/site-packages/airflow/example_dags/tutorial.py
[2024-03-26T09:55:03.621+0000] {logging_mixin.py:188} INFO - [2024-03-26T09:55:03.621+0000] {dag.py:3036} INFO - Sync 1 DAGs
[2024-03-26T09:55:03.640+0000] {logging_mixin.py:188} INFO - [2024-03-26T09:55:03.640+0000] {dag.py:3823} INFO - Setting next_dagrun for tutorial to 2024-03-25 00:00:00+00:00, run_after=2024-03-26 00:00:00+00:00
[2024-03-26T09:55:03.656+0000] {processor.py:183} INFO - Processing /home/airflow/.local/lib/python3.8/site-packages/airflow/example_dags/tutorial.py took 0.061 seconds
[2024-03-26T09:55:34.175+0000] {processor.py:161} INFO - Started process (PID=586) to work on /home/airflow/.local/lib/python3.8/site-packages/airflow/example_dags/tutorial.py
[2024-03-26T09:55:34.176+0000] {processor.py:830} INFO - Processing file /home/airflow/.local/lib/python3.8/site-packages/airflow/example_dags/tutorial.py for tasks to queue
[2024-03-26T09:55:34.177+0000] {logging_mixin.py:188} INFO - [2024-03-26T09:55:34.177+0000] {dagbag.py:538} INFO - Filling up the DagBag from /home/airflow/.local/lib/python3.8/site-packages/airflow/example_dags/tutorial.py
[2024-03-26T09:55:34.181+0000] {processor.py:840} INFO - DAG(s) 'tutorial' retrieved from /home/airflow/.local/lib/python3.8/site-packages/airflow/example_dags/tutorial.py
[2024-03-26T09:55:34.197+0000] {logging_mixin.py:188} INFO - [2024-03-26T09:55:34.197+0000] {dag.py:3036} INFO - Sync 1 DAGs
[2024-03-26T09:55:34.215+0000] {logging_mixin.py:188} INFO - [2024-03-26T09:55:34.215+0000] {dag.py:3823} INFO - Setting next_dagrun for tutorial to 2024-03-25 00:00:00+00:00, run_after=2024-03-26 00:00:00+00:00
[2024-03-26T09:55:34.231+0000] {processor.py:183} INFO - Processing /home/airflow/.local/lib/python3.8/site-packages/airflow/example_dags/tutorial.py took 0.058 seconds
[2024-03-26T09:56:04.928+0000] {processor.py:161} INFO - Started process (PID=643) to work on /home/airflow/.local/lib/python3.8/site-packages/airflow/example_dags/tutorial.py
[2024-03-26T09:56:04.929+0000] {processor.py:830} INFO - Processing file /home/airflow/.local/lib/python3.8/site-packages/airflow/example_dags/tutorial.py for tasks to queue
[2024-03-26T09:56:04.930+0000] {logging_mixin.py:188} INFO - [2024-03-26T09:56:04.930+0000] {dagbag.py:538} INFO - Filling up the DagBag from /home/airflow/.local/lib/python3.8/site-packages/airflow/example_dags/tutorial.py
[2024-03-26T09:56:04.935+0000] {processor.py:840} INFO - DAG(s) 'tutorial' retrieved from /home/airflow/.local/lib/python3.8/site-packages/airflow/example_dags/tutorial.py
[2024-03-26T09:56:04.952+0000] {logging_mixin.py:188} INFO - [2024-03-26T09:56:04.952+0000] {dag.py:3036} INFO - Sync 1 DAGs
[2024-03-26T09:56:04.973+0000] {logging_mixin.py:188} INFO - [2024-03-26T09:56:04.973+0000] {dag.py:3823} INFO - Setting next_dagrun for tutorial to 2024-03-25 00:00:00+00:00, run_after=2024-03-26 00:00:00+00:00
[2024-03-26T09:56:04.989+0000] {processor.py:183} INFO - Processing /home/airflow/.local/lib/python3.8/site-packages/airflow/example_dags/tutorial.py took 0.063 seconds
[2024-03-26T09:57:47.790+0000] {processor.py:161} INFO - Started process (PID=73) to work on /home/airflow/.local/lib/python3.8/site-packages/airflow/example_dags/tutorial.py
[2024-03-26T09:57:47.791+0000] {processor.py:830} INFO - Processing file /home/airflow/.local/lib/python3.8/site-packages/airflow/example_dags/tutorial.py for tasks to queue
[2024-03-26T09:57:47.792+0000] {logging_mixin.py:188} INFO - [2024-03-26T09:57:47.792+0000] {dagbag.py:538} INFO - Filling up the DagBag from /home/airflow/.local/lib/python3.8/site-packages/airflow/example_dags/tutorial.py
[2024-03-26T09:57:47.799+0000] {processor.py:840} INFO - DAG(s) 'tutorial' retrieved from /home/airflow/.local/lib/python3.8/site-packages/airflow/example_dags/tutorial.py
[2024-03-26T09:57:47.809+0000] {logging_mixin.py:188} INFO - [2024-03-26T09:57:47.808+0000] {dag.py:3036} INFO - Sync 1 DAGs
[2024-03-26T09:57:47.830+0000] {logging_mixin.py:188} INFO - [2024-03-26T09:57:47.829+0000] {dag.py:3823} INFO - Setting next_dagrun for tutorial to 2024-03-25 00:00:00+00:00, run_after=2024-03-26 00:00:00+00:00
[2024-03-26T09:57:47.846+0000] {processor.py:183} INFO - Processing /home/airflow/.local/lib/python3.8/site-packages/airflow/example_dags/tutorial.py took 0.059 seconds
[2024-03-26T09:58:18.773+0000] {processor.py:161} INFO - Started process (PID=130) to work on /home/airflow/.local/lib/python3.8/site-packages/airflow/example_dags/tutorial.py
[2024-03-26T09:58:18.775+0000] {processor.py:830} INFO - Processing file /home/airflow/.local/lib/python3.8/site-packages/airflow/example_dags/tutorial.py for tasks to queue
[2024-03-26T09:58:18.777+0000] {logging_mixin.py:188} INFO - [2024-03-26T09:58:18.777+0000] {dagbag.py:538} INFO - Filling up the DagBag from /home/airflow/.local/lib/python3.8/site-packages/airflow/example_dags/tutorial.py
[2024-03-26T09:58:18.782+0000] {processor.py:840} INFO - DAG(s) 'tutorial' retrieved from /home/airflow/.local/lib/python3.8/site-packages/airflow/example_dags/tutorial.py
[2024-03-26T09:58:18.887+0000] {logging_mixin.py:188} INFO - [2024-03-26T09:58:18.887+0000] {dag.py:3036} INFO - Sync 1 DAGs
[2024-03-26T09:58:18.911+0000] {logging_mixin.py:188} INFO - [2024-03-26T09:58:18.911+0000] {dag.py:3823} INFO - Setting next_dagrun for tutorial to 2024-03-25 00:00:00+00:00, run_after=2024-03-26 00:00:00+00:00
[2024-03-26T09:58:18.930+0000] {processor.py:183} INFO - Processing /home/airflow/.local/lib/python3.8/site-packages/airflow/example_dags/tutorial.py took 0.167 seconds
[2024-03-26T09:58:49.251+0000] {processor.py:161} INFO - Started process (PID=187) to work on /home/airflow/.local/lib/python3.8/site-packages/airflow/example_dags/tutorial.py
[2024-03-26T09:58:49.252+0000] {processor.py:830} INFO - Processing file /home/airflow/.local/lib/python3.8/site-packages/airflow/example_dags/tutorial.py for tasks to queue
[2024-03-26T09:58:49.254+0000] {logging_mixin.py:188} INFO - [2024-03-26T09:58:49.254+0000] {dagbag.py:538} INFO - Filling up the DagBag from /home/airflow/.local/lib/python3.8/site-packages/airflow/example_dags/tutorial.py
[2024-03-26T09:58:49.258+0000] {processor.py:840} INFO - DAG(s) 'tutorial' retrieved from /home/airflow/.local/lib/python3.8/site-packages/airflow/example_dags/tutorial.py
[2024-03-26T09:58:49.275+0000] {logging_mixin.py:188} INFO - [2024-03-26T09:58:49.275+0000] {dag.py:3036} INFO - Sync 1 DAGs
[2024-03-26T09:58:49.295+0000] {logging_mixin.py:188} INFO - [2024-03-26T09:58:49.295+0000] {dag.py:3823} INFO - Setting next_dagrun for tutorial to 2024-03-25 00:00:00+00:00, run_after=2024-03-26 00:00:00+00:00
[2024-03-26T09:58:49.312+0000] {processor.py:183} INFO - Processing /home/airflow/.local/lib/python3.8/site-packages/airflow/example_dags/tutorial.py took 0.063 seconds
[2024-03-26T10:11:03.873+0000] {processor.py:161} INFO - Started process (PID=72) to work on /home/airflow/.local/lib/python3.8/site-packages/airflow/example_dags/tutorial.py
[2024-03-26T10:11:03.874+0000] {processor.py:830} INFO - Processing file /home/airflow/.local/lib/python3.8/site-packages/airflow/example_dags/tutorial.py for tasks to queue
[2024-03-26T10:11:03.877+0000] {logging_mixin.py:188} INFO - [2024-03-26T10:11:03.876+0000] {dagbag.py:538} INFO - Filling up the DagBag from /home/airflow/.local/lib/python3.8/site-packages/airflow/example_dags/tutorial.py
[2024-03-26T10:11:03.887+0000] {processor.py:840} INFO - DAG(s) 'tutorial' retrieved from /home/airflow/.local/lib/python3.8/site-packages/airflow/example_dags/tutorial.py
[2024-03-26T10:11:03.900+0000] {logging_mixin.py:188} INFO - [2024-03-26T10:11:03.900+0000] {dag.py:3036} INFO - Sync 1 DAGs
[2024-03-26T10:11:03.930+0000] {logging_mixin.py:188} INFO - [2024-03-26T10:11:03.930+0000] {dag.py:3823} INFO - Setting next_dagrun for tutorial to 2024-03-25 00:00:00+00:00, run_after=2024-03-26 00:00:00+00:00
[2024-03-26T10:11:03.962+0000] {processor.py:183} INFO - Processing /home/airflow/.local/lib/python3.8/site-packages/airflow/example_dags/tutorial.py took 0.093 seconds
[2024-03-26T10:11:35.846+0000] {processor.py:161} INFO - Started process (PID=128) to work on /home/airflow/.local/lib/python3.8/site-packages/airflow/example_dags/tutorial.py
[2024-03-26T10:11:35.847+0000] {processor.py:830} INFO - Processing file /home/airflow/.local/lib/python3.8/site-packages/airflow/example_dags/tutorial.py for tasks to queue
[2024-03-26T10:11:35.848+0000] {logging_mixin.py:188} INFO - [2024-03-26T10:11:35.848+0000] {dagbag.py:538} INFO - Filling up the DagBag from /home/airflow/.local/lib/python3.8/site-packages/airflow/example_dags/tutorial.py
[2024-03-26T10:11:35.853+0000] {processor.py:840} INFO - DAG(s) 'tutorial' retrieved from /home/airflow/.local/lib/python3.8/site-packages/airflow/example_dags/tutorial.py
[2024-03-26T10:11:35.936+0000] {logging_mixin.py:188} INFO - [2024-03-26T10:11:35.936+0000] {dag.py:3036} INFO - Sync 1 DAGs
[2024-03-26T10:11:35.953+0000] {logging_mixin.py:188} INFO - [2024-03-26T10:11:35.953+0000] {dag.py:3823} INFO - Setting next_dagrun for tutorial to 2024-03-25 00:00:00+00:00, run_after=2024-03-26 00:00:00+00:00
[2024-03-26T10:11:35.970+0000] {processor.py:183} INFO - Processing /home/airflow/.local/lib/python3.8/site-packages/airflow/example_dags/tutorial.py took 0.127 seconds
[2024-03-26T10:12:50.058+0000] {processor.py:161} INFO - Started process (PID=73) to work on /home/airflow/.local/lib/python3.8/site-packages/airflow/example_dags/tutorial.py
[2024-03-26T10:12:50.059+0000] {processor.py:830} INFO - Processing file /home/airflow/.local/lib/python3.8/site-packages/airflow/example_dags/tutorial.py for tasks to queue
[2024-03-26T10:12:50.061+0000] {logging_mixin.py:188} INFO - [2024-03-26T10:12:50.060+0000] {dagbag.py:538} INFO - Filling up the DagBag from /home/airflow/.local/lib/python3.8/site-packages/airflow/example_dags/tutorial.py
[2024-03-26T10:12:50.068+0000] {processor.py:840} INFO - DAG(s) 'tutorial' retrieved from /home/airflow/.local/lib/python3.8/site-packages/airflow/example_dags/tutorial.py
[2024-03-26T10:12:50.080+0000] {logging_mixin.py:188} INFO - [2024-03-26T10:12:50.079+0000] {dag.py:3036} INFO - Sync 1 DAGs
[2024-03-26T10:12:50.110+0000] {logging_mixin.py:188} INFO - [2024-03-26T10:12:50.110+0000] {dag.py:3823} INFO - Setting next_dagrun for tutorial to 2024-03-25 00:00:00+00:00, run_after=2024-03-26 00:00:00+00:00
[2024-03-26T10:12:50.130+0000] {processor.py:183} INFO - Processing /home/airflow/.local/lib/python3.8/site-packages/airflow/example_dags/tutorial.py took 0.075 seconds
[2024-03-26T10:13:21.075+0000] {processor.py:161} INFO - Started process (PID=130) to work on /home/airflow/.local/lib/python3.8/site-packages/airflow/example_dags/tutorial.py
[2024-03-26T10:13:21.076+0000] {processor.py:830} INFO - Processing file /home/airflow/.local/lib/python3.8/site-packages/airflow/example_dags/tutorial.py for tasks to queue
[2024-03-26T10:13:21.078+0000] {logging_mixin.py:188} INFO - [2024-03-26T10:13:21.077+0000] {dagbag.py:538} INFO - Filling up the DagBag from /home/airflow/.local/lib/python3.8/site-packages/airflow/example_dags/tutorial.py
[2024-03-26T10:13:21.083+0000] {processor.py:840} INFO - DAG(s) 'tutorial' retrieved from /home/airflow/.local/lib/python3.8/site-packages/airflow/example_dags/tutorial.py
[2024-03-26T10:13:21.166+0000] {logging_mixin.py:188} INFO - [2024-03-26T10:13:21.166+0000] {dag.py:3036} INFO - Sync 1 DAGs
[2024-03-26T10:13:21.183+0000] {logging_mixin.py:188} INFO - [2024-03-26T10:13:21.183+0000] {dag.py:3823} INFO - Setting next_dagrun for tutorial to 2024-03-25 00:00:00+00:00, run_after=2024-03-26 00:00:00+00:00
[2024-03-26T10:13:21.200+0000] {processor.py:183} INFO - Processing /home/airflow/.local/lib/python3.8/site-packages/airflow/example_dags/tutorial.py took 0.127 seconds
[2024-03-26T10:13:51.338+0000] {processor.py:161} INFO - Started process (PID=187) to work on /home/airflow/.local/lib/python3.8/site-packages/airflow/example_dags/tutorial.py
[2024-03-26T10:13:51.338+0000] {processor.py:830} INFO - Processing file /home/airflow/.local/lib/python3.8/site-packages/airflow/example_dags/tutorial.py for tasks to queue
[2024-03-26T10:13:51.340+0000] {logging_mixin.py:188} INFO - [2024-03-26T10:13:51.340+0000] {dagbag.py:538} INFO - Filling up the DagBag from /home/airflow/.local/lib/python3.8/site-packages/airflow/example_dags/tutorial.py
[2024-03-26T10:13:51.344+0000] {processor.py:840} INFO - DAG(s) 'tutorial' retrieved from /home/airflow/.local/lib/python3.8/site-packages/airflow/example_dags/tutorial.py
[2024-03-26T10:13:51.360+0000] {logging_mixin.py:188} INFO - [2024-03-26T10:13:51.360+0000] {dag.py:3036} INFO - Sync 1 DAGs
[2024-03-26T10:13:51.387+0000] {logging_mixin.py:188} INFO - [2024-03-26T10:13:51.387+0000] {dag.py:3823} INFO - Setting next_dagrun for tutorial to 2024-03-25 00:00:00+00:00, run_after=2024-03-26 00:00:00+00:00
[2024-03-26T10:13:51.405+0000] {processor.py:183} INFO - Processing /home/airflow/.local/lib/python3.8/site-packages/airflow/example_dags/tutorial.py took 0.070 seconds
[2024-03-26T10:14:21.795+0000] {processor.py:161} INFO - Started process (PID=244) to work on /home/airflow/.local/lib/python3.8/site-packages/airflow/example_dags/tutorial.py
[2024-03-26T10:14:21.796+0000] {processor.py:830} INFO - Processing file /home/airflow/.local/lib/python3.8/site-packages/airflow/example_dags/tutorial.py for tasks to queue
[2024-03-26T10:14:21.798+0000] {logging_mixin.py:188} INFO - [2024-03-26T10:14:21.797+0000] {dagbag.py:538} INFO - Filling up the DagBag from /home/airflow/.local/lib/python3.8/site-packages/airflow/example_dags/tutorial.py
[2024-03-26T10:14:21.802+0000] {processor.py:840} INFO - DAG(s) 'tutorial' retrieved from /home/airflow/.local/lib/python3.8/site-packages/airflow/example_dags/tutorial.py
[2024-03-26T10:14:21.819+0000] {logging_mixin.py:188} INFO - [2024-03-26T10:14:21.819+0000] {dag.py:3036} INFO - Sync 1 DAGs
[2024-03-26T10:14:21.839+0000] {logging_mixin.py:188} INFO - [2024-03-26T10:14:21.839+0000] {dag.py:3823} INFO - Setting next_dagrun for tutorial to 2024-03-25 00:00:00+00:00, run_after=2024-03-26 00:00:00+00:00
[2024-03-26T10:14:21.860+0000] {processor.py:183} INFO - Processing /home/airflow/.local/lib/python3.8/site-packages/airflow/example_dags/tutorial.py took 0.067 seconds
[2024-03-26T10:15:16.135+0000] {processor.py:161} INFO - Started process (PID=73) to work on /home/airflow/.local/lib/python3.8/site-packages/airflow/example_dags/tutorial.py
[2024-03-26T10:15:16.136+0000] {processor.py:830} INFO - Processing file /home/airflow/.local/lib/python3.8/site-packages/airflow/example_dags/tutorial.py for tasks to queue
[2024-03-26T10:15:16.138+0000] {logging_mixin.py:188} INFO - [2024-03-26T10:15:16.138+0000] {dagbag.py:538} INFO - Filling up the DagBag from /home/airflow/.local/lib/python3.8/site-packages/airflow/example_dags/tutorial.py
[2024-03-26T10:15:16.146+0000] {processor.py:840} INFO - DAG(s) 'tutorial' retrieved from /home/airflow/.local/lib/python3.8/site-packages/airflow/example_dags/tutorial.py
[2024-03-26T10:15:16.156+0000] {logging_mixin.py:188} INFO - [2024-03-26T10:15:16.156+0000] {dag.py:3036} INFO - Sync 1 DAGs
[2024-03-26T10:15:16.188+0000] {logging_mixin.py:188} INFO - [2024-03-26T10:15:16.187+0000] {dag.py:3823} INFO - Setting next_dagrun for tutorial to 2024-03-25 00:00:00+00:00, run_after=2024-03-26 00:00:00+00:00
[2024-03-26T10:15:16.209+0000] {processor.py:183} INFO - Processing /home/airflow/.local/lib/python3.8/site-packages/airflow/example_dags/tutorial.py took 0.077 seconds
[2024-03-26T10:17:23.306+0000] {processor.py:161} INFO - Started process (PID=73) to work on /home/airflow/.local/lib/python3.8/site-packages/airflow/example_dags/tutorial.py
[2024-03-26T10:17:23.307+0000] {processor.py:830} INFO - Processing file /home/airflow/.local/lib/python3.8/site-packages/airflow/example_dags/tutorial.py for tasks to queue
[2024-03-26T10:17:23.309+0000] {logging_mixin.py:188} INFO - [2024-03-26T10:17:23.309+0000] {dagbag.py:538} INFO - Filling up the DagBag from /home/airflow/.local/lib/python3.8/site-packages/airflow/example_dags/tutorial.py
[2024-03-26T10:17:23.317+0000] {processor.py:840} INFO - DAG(s) 'tutorial' retrieved from /home/airflow/.local/lib/python3.8/site-packages/airflow/example_dags/tutorial.py
[2024-03-26T10:17:23.328+0000] {logging_mixin.py:188} INFO - [2024-03-26T10:17:23.328+0000] {dag.py:3036} INFO - Sync 1 DAGs
[2024-03-26T10:17:23.351+0000] {logging_mixin.py:188} INFO - [2024-03-26T10:17:23.350+0000] {dag.py:3823} INFO - Setting next_dagrun for tutorial to 2024-03-25 00:00:00+00:00, run_after=2024-03-26 00:00:00+00:00
[2024-03-26T10:17:23.374+0000] {processor.py:183} INFO - Processing /home/airflow/.local/lib/python3.8/site-packages/airflow/example_dags/tutorial.py took 0.071 seconds
[2024-03-26T10:17:54.742+0000] {processor.py:161} INFO - Started process (PID=130) to work on /home/airflow/.local/lib/python3.8/site-packages/airflow/example_dags/tutorial.py
[2024-03-26T10:17:54.743+0000] {processor.py:830} INFO - Processing file /home/airflow/.local/lib/python3.8/site-packages/airflow/example_dags/tutorial.py for tasks to queue
[2024-03-26T10:17:54.745+0000] {logging_mixin.py:188} INFO - [2024-03-26T10:17:54.744+0000] {dagbag.py:538} INFO - Filling up the DagBag from /home/airflow/.local/lib/python3.8/site-packages/airflow/example_dags/tutorial.py
[2024-03-26T10:17:54.750+0000] {processor.py:840} INFO - DAG(s) 'tutorial' retrieved from /home/airflow/.local/lib/python3.8/site-packages/airflow/example_dags/tutorial.py
[2024-03-26T10:17:54.841+0000] {logging_mixin.py:188} INFO - [2024-03-26T10:17:54.841+0000] {dag.py:3036} INFO - Sync 1 DAGs
[2024-03-26T10:17:54.862+0000] {logging_mixin.py:188} INFO - [2024-03-26T10:17:54.861+0000] {dag.py:3823} INFO - Setting next_dagrun for tutorial to 2024-03-25 00:00:00+00:00, run_after=2024-03-26 00:00:00+00:00
[2024-03-26T10:17:54.881+0000] {processor.py:183} INFO - Processing /home/airflow/.local/lib/python3.8/site-packages/airflow/example_dags/tutorial.py took 0.141 seconds
