[2024-03-26T08:41:07.953+0000] {processor.py:161} INFO - Started process (PID=78) to work on /home/airflow/.local/lib/python3.8/site-packages/airflow/example_dags/tutorial_dag.py
[2024-03-26T08:41:07.954+0000] {processor.py:830} INFO - Processing file /home/airflow/.local/lib/python3.8/site-packages/airflow/example_dags/tutorial_dag.py for tasks to queue
[2024-03-26T08:41:07.956+0000] {logging_mixin.py:188} INFO - [2024-03-26T08:41:07.956+0000] {dagbag.py:538} INFO - Filling up the DagBag from /home/airflow/.local/lib/python3.8/site-packages/airflow/example_dags/tutorial_dag.py
[2024-03-26T08:41:07.964+0000] {processor.py:840} INFO - DAG(s) 'tutorial_dag' retrieved from /home/airflow/.local/lib/python3.8/site-packages/airflow/example_dags/tutorial_dag.py
[2024-03-26T08:41:07.973+0000] {logging_mixin.py:188} INFO - [2024-03-26T08:41:07.973+0000] {dag.py:3036} INFO - Sync 1 DAGs
[2024-03-26T08:41:07.986+0000] {logging_mixin.py:188} INFO - [2024-03-26T08:41:07.986+0000] {dag.py:3823} INFO - Setting next_dagrun for tutorial_dag to None, run_after=None
[2024-03-26T08:41:08.010+0000] {processor.py:183} INFO - Processing /home/airflow/.local/lib/python3.8/site-packages/airflow/example_dags/tutorial_dag.py took 0.059 seconds
[2024-03-26T08:41:39.514+0000] {processor.py:161} INFO - Started process (PID=134) to work on /home/airflow/.local/lib/python3.8/site-packages/airflow/example_dags/tutorial_dag.py
[2024-03-26T08:41:39.515+0000] {processor.py:830} INFO - Processing file /home/airflow/.local/lib/python3.8/site-packages/airflow/example_dags/tutorial_dag.py for tasks to queue
[2024-03-26T08:41:39.517+0000] {logging_mixin.py:188} INFO - [2024-03-26T08:41:39.517+0000] {dagbag.py:538} INFO - Filling up the DagBag from /home/airflow/.local/lib/python3.8/site-packages/airflow/example_dags/tutorial_dag.py
[2024-03-26T08:41:39.521+0000] {processor.py:840} INFO - DAG(s) 'tutorial_dag' retrieved from /home/airflow/.local/lib/python3.8/site-packages/airflow/example_dags/tutorial_dag.py
[2024-03-26T08:41:39.611+0000] {logging_mixin.py:188} INFO - [2024-03-26T08:41:39.611+0000] {dag.py:3036} INFO - Sync 1 DAGs
[2024-03-26T08:41:39.621+0000] {logging_mixin.py:188} INFO - [2024-03-26T08:41:39.621+0000] {dag.py:3823} INFO - Setting next_dagrun for tutorial_dag to None, run_after=None
[2024-03-26T08:41:39.638+0000] {processor.py:183} INFO - Processing /home/airflow/.local/lib/python3.8/site-packages/airflow/example_dags/tutorial_dag.py took 0.127 seconds
[2024-03-26T08:43:48.117+0000] {processor.py:161} INFO - Started process (PID=78) to work on /home/airflow/.local/lib/python3.8/site-packages/airflow/example_dags/tutorial_dag.py
[2024-03-26T08:43:48.118+0000] {processor.py:830} INFO - Processing file /home/airflow/.local/lib/python3.8/site-packages/airflow/example_dags/tutorial_dag.py for tasks to queue
[2024-03-26T08:43:48.119+0000] {logging_mixin.py:188} INFO - [2024-03-26T08:43:48.119+0000] {dagbag.py:538} INFO - Filling up the DagBag from /home/airflow/.local/lib/python3.8/site-packages/airflow/example_dags/tutorial_dag.py
[2024-03-26T08:43:48.126+0000] {processor.py:840} INFO - DAG(s) 'tutorial_dag' retrieved from /home/airflow/.local/lib/python3.8/site-packages/airflow/example_dags/tutorial_dag.py
[2024-03-26T08:43:48.136+0000] {logging_mixin.py:188} INFO - [2024-03-26T08:43:48.136+0000] {dag.py:3036} INFO - Sync 1 DAGs
[2024-03-26T08:43:48.149+0000] {logging_mixin.py:188} INFO - [2024-03-26T08:43:48.148+0000] {dag.py:3823} INFO - Setting next_dagrun for tutorial_dag to None, run_after=None
[2024-03-26T08:43:48.166+0000] {processor.py:183} INFO - Processing /home/airflow/.local/lib/python3.8/site-packages/airflow/example_dags/tutorial_dag.py took 0.052 seconds
[2024-03-26T08:44:19.850+0000] {processor.py:161} INFO - Started process (PID=134) to work on /home/airflow/.local/lib/python3.8/site-packages/airflow/example_dags/tutorial_dag.py
[2024-03-26T08:44:19.852+0000] {processor.py:830} INFO - Processing file /home/airflow/.local/lib/python3.8/site-packages/airflow/example_dags/tutorial_dag.py for tasks to queue
[2024-03-26T08:44:19.854+0000] {logging_mixin.py:188} INFO - [2024-03-26T08:44:19.853+0000] {dagbag.py:538} INFO - Filling up the DagBag from /home/airflow/.local/lib/python3.8/site-packages/airflow/example_dags/tutorial_dag.py
[2024-03-26T08:44:19.858+0000] {processor.py:840} INFO - DAG(s) 'tutorial_dag' retrieved from /home/airflow/.local/lib/python3.8/site-packages/airflow/example_dags/tutorial_dag.py
[2024-03-26T08:44:19.941+0000] {logging_mixin.py:188} INFO - [2024-03-26T08:44:19.941+0000] {dag.py:3036} INFO - Sync 1 DAGs
[2024-03-26T08:44:19.950+0000] {logging_mixin.py:188} INFO - [2024-03-26T08:44:19.950+0000] {dag.py:3823} INFO - Setting next_dagrun for tutorial_dag to None, run_after=None
[2024-03-26T08:44:19.966+0000] {processor.py:183} INFO - Processing /home/airflow/.local/lib/python3.8/site-packages/airflow/example_dags/tutorial_dag.py took 0.119 seconds
[2024-03-26T08:44:50.905+0000] {processor.py:161} INFO - Started process (PID=190) to work on /home/airflow/.local/lib/python3.8/site-packages/airflow/example_dags/tutorial_dag.py
[2024-03-26T08:44:50.906+0000] {processor.py:830} INFO - Processing file /home/airflow/.local/lib/python3.8/site-packages/airflow/example_dags/tutorial_dag.py for tasks to queue
[2024-03-26T08:44:50.908+0000] {logging_mixin.py:188} INFO - [2024-03-26T08:44:50.908+0000] {dagbag.py:538} INFO - Filling up the DagBag from /home/airflow/.local/lib/python3.8/site-packages/airflow/example_dags/tutorial_dag.py
[2024-03-26T08:44:50.912+0000] {processor.py:840} INFO - DAG(s) 'tutorial_dag' retrieved from /home/airflow/.local/lib/python3.8/site-packages/airflow/example_dags/tutorial_dag.py
[2024-03-26T08:44:50.927+0000] {logging_mixin.py:188} INFO - [2024-03-26T08:44:50.926+0000] {dag.py:3036} INFO - Sync 1 DAGs
[2024-03-26T08:44:50.936+0000] {logging_mixin.py:188} INFO - [2024-03-26T08:44:50.936+0000] {dag.py:3823} INFO - Setting next_dagrun for tutorial_dag to None, run_after=None
[2024-03-26T08:44:50.950+0000] {processor.py:183} INFO - Processing /home/airflow/.local/lib/python3.8/site-packages/airflow/example_dags/tutorial_dag.py took 0.047 seconds
[2024-03-26T08:45:21.113+0000] {processor.py:161} INFO - Started process (PID=246) to work on /home/airflow/.local/lib/python3.8/site-packages/airflow/example_dags/tutorial_dag.py
[2024-03-26T08:45:21.114+0000] {processor.py:830} INFO - Processing file /home/airflow/.local/lib/python3.8/site-packages/airflow/example_dags/tutorial_dag.py for tasks to queue
[2024-03-26T08:45:21.116+0000] {logging_mixin.py:188} INFO - [2024-03-26T08:45:21.116+0000] {dagbag.py:538} INFO - Filling up the DagBag from /home/airflow/.local/lib/python3.8/site-packages/airflow/example_dags/tutorial_dag.py
[2024-03-26T08:45:21.124+0000] {processor.py:840} INFO - DAG(s) 'tutorial_dag' retrieved from /home/airflow/.local/lib/python3.8/site-packages/airflow/example_dags/tutorial_dag.py
[2024-03-26T08:45:21.139+0000] {logging_mixin.py:188} INFO - [2024-03-26T08:45:21.139+0000] {dag.py:3036} INFO - Sync 1 DAGs
[2024-03-26T08:45:21.150+0000] {logging_mixin.py:188} INFO - [2024-03-26T08:45:21.149+0000] {dag.py:3823} INFO - Setting next_dagrun for tutorial_dag to None, run_after=None
[2024-03-26T08:45:21.165+0000] {processor.py:183} INFO - Processing /home/airflow/.local/lib/python3.8/site-packages/airflow/example_dags/tutorial_dag.py took 0.054 seconds
[2024-03-26T08:45:51.327+0000] {processor.py:161} INFO - Started process (PID=302) to work on /home/airflow/.local/lib/python3.8/site-packages/airflow/example_dags/tutorial_dag.py
[2024-03-26T08:45:51.328+0000] {processor.py:830} INFO - Processing file /home/airflow/.local/lib/python3.8/site-packages/airflow/example_dags/tutorial_dag.py for tasks to queue
[2024-03-26T08:45:51.330+0000] {logging_mixin.py:188} INFO - [2024-03-26T08:45:51.329+0000] {dagbag.py:538} INFO - Filling up the DagBag from /home/airflow/.local/lib/python3.8/site-packages/airflow/example_dags/tutorial_dag.py
[2024-03-26T08:45:51.333+0000] {processor.py:840} INFO - DAG(s) 'tutorial_dag' retrieved from /home/airflow/.local/lib/python3.8/site-packages/airflow/example_dags/tutorial_dag.py
[2024-03-26T08:45:51.348+0000] {logging_mixin.py:188} INFO - [2024-03-26T08:45:51.348+0000] {dag.py:3036} INFO - Sync 1 DAGs
[2024-03-26T08:45:51.358+0000] {logging_mixin.py:188} INFO - [2024-03-26T08:45:51.358+0000] {dag.py:3823} INFO - Setting next_dagrun for tutorial_dag to None, run_after=None
[2024-03-26T08:45:51.376+0000] {processor.py:183} INFO - Processing /home/airflow/.local/lib/python3.8/site-packages/airflow/example_dags/tutorial_dag.py took 0.051 seconds
[2024-03-26T08:46:21.550+0000] {processor.py:161} INFO - Started process (PID=358) to work on /home/airflow/.local/lib/python3.8/site-packages/airflow/example_dags/tutorial_dag.py
[2024-03-26T08:46:21.551+0000] {processor.py:830} INFO - Processing file /home/airflow/.local/lib/python3.8/site-packages/airflow/example_dags/tutorial_dag.py for tasks to queue
[2024-03-26T08:46:21.552+0000] {logging_mixin.py:188} INFO - [2024-03-26T08:46:21.552+0000] {dagbag.py:538} INFO - Filling up the DagBag from /home/airflow/.local/lib/python3.8/site-packages/airflow/example_dags/tutorial_dag.py
[2024-03-26T08:46:21.556+0000] {processor.py:840} INFO - DAG(s) 'tutorial_dag' retrieved from /home/airflow/.local/lib/python3.8/site-packages/airflow/example_dags/tutorial_dag.py
[2024-03-26T08:46:21.571+0000] {logging_mixin.py:188} INFO - [2024-03-26T08:46:21.571+0000] {dag.py:3036} INFO - Sync 1 DAGs
[2024-03-26T08:46:21.581+0000] {logging_mixin.py:188} INFO - [2024-03-26T08:46:21.581+0000] {dag.py:3823} INFO - Setting next_dagrun for tutorial_dag to None, run_after=None
[2024-03-26T08:46:21.596+0000] {processor.py:183} INFO - Processing /home/airflow/.local/lib/python3.8/site-packages/airflow/example_dags/tutorial_dag.py took 0.048 seconds
[2024-03-26T08:46:51.830+0000] {processor.py:161} INFO - Started process (PID=414) to work on /home/airflow/.local/lib/python3.8/site-packages/airflow/example_dags/tutorial_dag.py
[2024-03-26T08:46:51.831+0000] {processor.py:830} INFO - Processing file /home/airflow/.local/lib/python3.8/site-packages/airflow/example_dags/tutorial_dag.py for tasks to queue
[2024-03-26T08:46:51.833+0000] {logging_mixin.py:188} INFO - [2024-03-26T08:46:51.832+0000] {dagbag.py:538} INFO - Filling up the DagBag from /home/airflow/.local/lib/python3.8/site-packages/airflow/example_dags/tutorial_dag.py
[2024-03-26T08:46:51.836+0000] {processor.py:840} INFO - DAG(s) 'tutorial_dag' retrieved from /home/airflow/.local/lib/python3.8/site-packages/airflow/example_dags/tutorial_dag.py
[2024-03-26T08:46:51.851+0000] {logging_mixin.py:188} INFO - [2024-03-26T08:46:51.851+0000] {dag.py:3036} INFO - Sync 1 DAGs
[2024-03-26T08:46:51.861+0000] {logging_mixin.py:188} INFO - [2024-03-26T08:46:51.861+0000] {dag.py:3823} INFO - Setting next_dagrun for tutorial_dag to None, run_after=None
[2024-03-26T08:46:51.876+0000] {processor.py:183} INFO - Processing /home/airflow/.local/lib/python3.8/site-packages/airflow/example_dags/tutorial_dag.py took 0.049 seconds
[2024-03-26T08:47:22.024+0000] {processor.py:161} INFO - Started process (PID=470) to work on /home/airflow/.local/lib/python3.8/site-packages/airflow/example_dags/tutorial_dag.py
[2024-03-26T08:47:22.025+0000] {processor.py:830} INFO - Processing file /home/airflow/.local/lib/python3.8/site-packages/airflow/example_dags/tutorial_dag.py for tasks to queue
[2024-03-26T08:47:22.026+0000] {logging_mixin.py:188} INFO - [2024-03-26T08:47:22.026+0000] {dagbag.py:538} INFO - Filling up the DagBag from /home/airflow/.local/lib/python3.8/site-packages/airflow/example_dags/tutorial_dag.py
[2024-03-26T08:47:22.030+0000] {processor.py:840} INFO - DAG(s) 'tutorial_dag' retrieved from /home/airflow/.local/lib/python3.8/site-packages/airflow/example_dags/tutorial_dag.py
[2024-03-26T08:47:22.044+0000] {logging_mixin.py:188} INFO - [2024-03-26T08:47:22.044+0000] {dag.py:3036} INFO - Sync 1 DAGs
[2024-03-26T08:47:22.054+0000] {logging_mixin.py:188} INFO - [2024-03-26T08:47:22.054+0000] {dag.py:3823} INFO - Setting next_dagrun for tutorial_dag to None, run_after=None
[2024-03-26T08:47:22.069+0000] {processor.py:183} INFO - Processing /home/airflow/.local/lib/python3.8/site-packages/airflow/example_dags/tutorial_dag.py took 0.048 seconds
[2024-03-26T08:47:52.246+0000] {processor.py:161} INFO - Started process (PID=526) to work on /home/airflow/.local/lib/python3.8/site-packages/airflow/example_dags/tutorial_dag.py
[2024-03-26T08:47:52.247+0000] {processor.py:830} INFO - Processing file /home/airflow/.local/lib/python3.8/site-packages/airflow/example_dags/tutorial_dag.py for tasks to queue
[2024-03-26T08:47:52.248+0000] {logging_mixin.py:188} INFO - [2024-03-26T08:47:52.248+0000] {dagbag.py:538} INFO - Filling up the DagBag from /home/airflow/.local/lib/python3.8/site-packages/airflow/example_dags/tutorial_dag.py
[2024-03-26T08:47:52.252+0000] {processor.py:840} INFO - DAG(s) 'tutorial_dag' retrieved from /home/airflow/.local/lib/python3.8/site-packages/airflow/example_dags/tutorial_dag.py
[2024-03-26T08:47:52.267+0000] {logging_mixin.py:188} INFO - [2024-03-26T08:47:52.267+0000] {dag.py:3036} INFO - Sync 1 DAGs
[2024-03-26T08:47:52.277+0000] {logging_mixin.py:188} INFO - [2024-03-26T08:47:52.276+0000] {dag.py:3823} INFO - Setting next_dagrun for tutorial_dag to None, run_after=None
[2024-03-26T08:47:52.291+0000] {processor.py:183} INFO - Processing /home/airflow/.local/lib/python3.8/site-packages/airflow/example_dags/tutorial_dag.py took 0.048 seconds
[2024-03-26T08:48:22.734+0000] {processor.py:161} INFO - Started process (PID=582) to work on /home/airflow/.local/lib/python3.8/site-packages/airflow/example_dags/tutorial_dag.py
[2024-03-26T08:48:22.735+0000] {processor.py:830} INFO - Processing file /home/airflow/.local/lib/python3.8/site-packages/airflow/example_dags/tutorial_dag.py for tasks to queue
[2024-03-26T08:48:22.737+0000] {logging_mixin.py:188} INFO - [2024-03-26T08:48:22.736+0000] {dagbag.py:538} INFO - Filling up the DagBag from /home/airflow/.local/lib/python3.8/site-packages/airflow/example_dags/tutorial_dag.py
[2024-03-26T08:48:22.741+0000] {processor.py:840} INFO - DAG(s) 'tutorial_dag' retrieved from /home/airflow/.local/lib/python3.8/site-packages/airflow/example_dags/tutorial_dag.py
[2024-03-26T08:48:22.755+0000] {logging_mixin.py:188} INFO - [2024-03-26T08:48:22.755+0000] {dag.py:3036} INFO - Sync 1 DAGs
[2024-03-26T08:48:22.765+0000] {logging_mixin.py:188} INFO - [2024-03-26T08:48:22.765+0000] {dag.py:3823} INFO - Setting next_dagrun for tutorial_dag to None, run_after=None
[2024-03-26T08:48:22.780+0000] {processor.py:183} INFO - Processing /home/airflow/.local/lib/python3.8/site-packages/airflow/example_dags/tutorial_dag.py took 0.048 seconds
[2024-03-26T08:48:53.051+0000] {processor.py:161} INFO - Started process (PID=638) to work on /home/airflow/.local/lib/python3.8/site-packages/airflow/example_dags/tutorial_dag.py
[2024-03-26T08:48:53.052+0000] {processor.py:830} INFO - Processing file /home/airflow/.local/lib/python3.8/site-packages/airflow/example_dags/tutorial_dag.py for tasks to queue
[2024-03-26T08:48:53.053+0000] {logging_mixin.py:188} INFO - [2024-03-26T08:48:53.053+0000] {dagbag.py:538} INFO - Filling up the DagBag from /home/airflow/.local/lib/python3.8/site-packages/airflow/example_dags/tutorial_dag.py
[2024-03-26T08:48:53.057+0000] {processor.py:840} INFO - DAG(s) 'tutorial_dag' retrieved from /home/airflow/.local/lib/python3.8/site-packages/airflow/example_dags/tutorial_dag.py
[2024-03-26T08:48:53.072+0000] {logging_mixin.py:188} INFO - [2024-03-26T08:48:53.072+0000] {dag.py:3036} INFO - Sync 1 DAGs
[2024-03-26T08:48:53.086+0000] {logging_mixin.py:188} INFO - [2024-03-26T08:48:53.085+0000] {dag.py:3823} INFO - Setting next_dagrun for tutorial_dag to None, run_after=None
[2024-03-26T08:48:53.101+0000] {processor.py:183} INFO - Processing /home/airflow/.local/lib/python3.8/site-packages/airflow/example_dags/tutorial_dag.py took 0.052 seconds
[2024-03-26T08:49:23.339+0000] {processor.py:161} INFO - Started process (PID=694) to work on /home/airflow/.local/lib/python3.8/site-packages/airflow/example_dags/tutorial_dag.py
[2024-03-26T08:49:23.340+0000] {processor.py:830} INFO - Processing file /home/airflow/.local/lib/python3.8/site-packages/airflow/example_dags/tutorial_dag.py for tasks to queue
[2024-03-26T08:49:23.341+0000] {logging_mixin.py:188} INFO - [2024-03-26T08:49:23.341+0000] {dagbag.py:538} INFO - Filling up the DagBag from /home/airflow/.local/lib/python3.8/site-packages/airflow/example_dags/tutorial_dag.py
[2024-03-26T08:49:23.345+0000] {processor.py:840} INFO - DAG(s) 'tutorial_dag' retrieved from /home/airflow/.local/lib/python3.8/site-packages/airflow/example_dags/tutorial_dag.py
[2024-03-26T08:49:23.360+0000] {logging_mixin.py:188} INFO - [2024-03-26T08:49:23.360+0000] {dag.py:3036} INFO - Sync 1 DAGs
[2024-03-26T08:49:23.370+0000] {logging_mixin.py:188} INFO - [2024-03-26T08:49:23.370+0000] {dag.py:3823} INFO - Setting next_dagrun for tutorial_dag to None, run_after=None
[2024-03-26T08:49:23.388+0000] {processor.py:183} INFO - Processing /home/airflow/.local/lib/python3.8/site-packages/airflow/example_dags/tutorial_dag.py took 0.052 seconds
[2024-03-26T08:49:53.780+0000] {processor.py:161} INFO - Started process (PID=750) to work on /home/airflow/.local/lib/python3.8/site-packages/airflow/example_dags/tutorial_dag.py
[2024-03-26T08:49:53.781+0000] {processor.py:830} INFO - Processing file /home/airflow/.local/lib/python3.8/site-packages/airflow/example_dags/tutorial_dag.py for tasks to queue
[2024-03-26T08:49:53.783+0000] {logging_mixin.py:188} INFO - [2024-03-26T08:49:53.782+0000] {dagbag.py:538} INFO - Filling up the DagBag from /home/airflow/.local/lib/python3.8/site-packages/airflow/example_dags/tutorial_dag.py
[2024-03-26T08:49:53.787+0000] {processor.py:840} INFO - DAG(s) 'tutorial_dag' retrieved from /home/airflow/.local/lib/python3.8/site-packages/airflow/example_dags/tutorial_dag.py
[2024-03-26T08:49:53.804+0000] {logging_mixin.py:188} INFO - [2024-03-26T08:49:53.804+0000] {dag.py:3036} INFO - Sync 1 DAGs
[2024-03-26T08:49:53.815+0000] {logging_mixin.py:188} INFO - [2024-03-26T08:49:53.815+0000] {dag.py:3823} INFO - Setting next_dagrun for tutorial_dag to None, run_after=None
[2024-03-26T08:49:53.832+0000] {processor.py:183} INFO - Processing /home/airflow/.local/lib/python3.8/site-packages/airflow/example_dags/tutorial_dag.py took 0.054 seconds
[2024-03-26T08:50:24.342+0000] {processor.py:161} INFO - Started process (PID=806) to work on /home/airflow/.local/lib/python3.8/site-packages/airflow/example_dags/tutorial_dag.py
[2024-03-26T08:50:24.343+0000] {processor.py:830} INFO - Processing file /home/airflow/.local/lib/python3.8/site-packages/airflow/example_dags/tutorial_dag.py for tasks to queue
[2024-03-26T08:50:24.345+0000] {logging_mixin.py:188} INFO - [2024-03-26T08:50:24.344+0000] {dagbag.py:538} INFO - Filling up the DagBag from /home/airflow/.local/lib/python3.8/site-packages/airflow/example_dags/tutorial_dag.py
[2024-03-26T08:50:24.349+0000] {processor.py:840} INFO - DAG(s) 'tutorial_dag' retrieved from /home/airflow/.local/lib/python3.8/site-packages/airflow/example_dags/tutorial_dag.py
[2024-03-26T08:50:24.365+0000] {logging_mixin.py:188} INFO - [2024-03-26T08:50:24.364+0000] {dag.py:3036} INFO - Sync 1 DAGs
[2024-03-26T08:50:24.375+0000] {logging_mixin.py:188} INFO - [2024-03-26T08:50:24.375+0000] {dag.py:3823} INFO - Setting next_dagrun for tutorial_dag to None, run_after=None
[2024-03-26T08:50:24.394+0000] {processor.py:183} INFO - Processing /home/airflow/.local/lib/python3.8/site-packages/airflow/example_dags/tutorial_dag.py took 0.054 seconds
[2024-03-26T08:53:13.703+0000] {processor.py:161} INFO - Started process (PID=78) to work on /home/airflow/.local/lib/python3.8/site-packages/airflow/example_dags/tutorial_dag.py
[2024-03-26T08:53:13.704+0000] {processor.py:830} INFO - Processing file /home/airflow/.local/lib/python3.8/site-packages/airflow/example_dags/tutorial_dag.py for tasks to queue
[2024-03-26T08:53:13.707+0000] {logging_mixin.py:188} INFO - [2024-03-26T08:53:13.706+0000] {dagbag.py:538} INFO - Filling up the DagBag from /home/airflow/.local/lib/python3.8/site-packages/airflow/example_dags/tutorial_dag.py
[2024-03-26T08:53:13.714+0000] {processor.py:840} INFO - DAG(s) 'tutorial_dag' retrieved from /home/airflow/.local/lib/python3.8/site-packages/airflow/example_dags/tutorial_dag.py
[2024-03-26T08:53:13.723+0000] {logging_mixin.py:188} INFO - [2024-03-26T08:53:13.723+0000] {dag.py:3036} INFO - Sync 1 DAGs
[2024-03-26T08:53:13.735+0000] {logging_mixin.py:188} INFO - [2024-03-26T08:53:13.734+0000] {dag.py:3823} INFO - Setting next_dagrun for tutorial_dag to None, run_after=None
[2024-03-26T08:53:13.751+0000] {processor.py:183} INFO - Processing /home/airflow/.local/lib/python3.8/site-packages/airflow/example_dags/tutorial_dag.py took 0.051 seconds
[2024-03-26T08:53:45.634+0000] {processor.py:161} INFO - Started process (PID=134) to work on /home/airflow/.local/lib/python3.8/site-packages/airflow/example_dags/tutorial_dag.py
[2024-03-26T08:53:45.635+0000] {processor.py:830} INFO - Processing file /home/airflow/.local/lib/python3.8/site-packages/airflow/example_dags/tutorial_dag.py for tasks to queue
[2024-03-26T08:53:45.636+0000] {logging_mixin.py:188} INFO - [2024-03-26T08:53:45.636+0000] {dagbag.py:538} INFO - Filling up the DagBag from /home/airflow/.local/lib/python3.8/site-packages/airflow/example_dags/tutorial_dag.py
[2024-03-26T08:53:45.640+0000] {processor.py:840} INFO - DAG(s) 'tutorial_dag' retrieved from /home/airflow/.local/lib/python3.8/site-packages/airflow/example_dags/tutorial_dag.py
[2024-03-26T08:53:45.719+0000] {logging_mixin.py:188} INFO - [2024-03-26T08:53:45.718+0000] {dag.py:3036} INFO - Sync 1 DAGs
[2024-03-26T08:53:45.727+0000] {logging_mixin.py:188} INFO - [2024-03-26T08:53:45.727+0000] {dag.py:3823} INFO - Setting next_dagrun for tutorial_dag to None, run_after=None
[2024-03-26T08:53:45.742+0000] {processor.py:183} INFO - Processing /home/airflow/.local/lib/python3.8/site-packages/airflow/example_dags/tutorial_dag.py took 0.111 seconds
[2024-03-26T08:54:15.825+0000] {processor.py:161} INFO - Started process (PID=190) to work on /home/airflow/.local/lib/python3.8/site-packages/airflow/example_dags/tutorial_dag.py
[2024-03-26T08:54:15.826+0000] {processor.py:830} INFO - Processing file /home/airflow/.local/lib/python3.8/site-packages/airflow/example_dags/tutorial_dag.py for tasks to queue
[2024-03-26T08:54:15.827+0000] {logging_mixin.py:188} INFO - [2024-03-26T08:54:15.827+0000] {dagbag.py:538} INFO - Filling up the DagBag from /home/airflow/.local/lib/python3.8/site-packages/airflow/example_dags/tutorial_dag.py
[2024-03-26T08:54:15.831+0000] {processor.py:840} INFO - DAG(s) 'tutorial_dag' retrieved from /home/airflow/.local/lib/python3.8/site-packages/airflow/example_dags/tutorial_dag.py
[2024-03-26T08:54:15.847+0000] {logging_mixin.py:188} INFO - [2024-03-26T08:54:15.847+0000] {dag.py:3036} INFO - Sync 1 DAGs
[2024-03-26T08:54:15.858+0000] {logging_mixin.py:188} INFO - [2024-03-26T08:54:15.857+0000] {dag.py:3823} INFO - Setting next_dagrun for tutorial_dag to None, run_after=None
[2024-03-26T08:54:15.873+0000] {processor.py:183} INFO - Processing /home/airflow/.local/lib/python3.8/site-packages/airflow/example_dags/tutorial_dag.py took 0.050 seconds
[2024-03-26T08:54:46.468+0000] {processor.py:161} INFO - Started process (PID=246) to work on /home/airflow/.local/lib/python3.8/site-packages/airflow/example_dags/tutorial_dag.py
[2024-03-26T08:54:46.469+0000] {processor.py:830} INFO - Processing file /home/airflow/.local/lib/python3.8/site-packages/airflow/example_dags/tutorial_dag.py for tasks to queue
[2024-03-26T08:54:46.470+0000] {logging_mixin.py:188} INFO - [2024-03-26T08:54:46.470+0000] {dagbag.py:538} INFO - Filling up the DagBag from /home/airflow/.local/lib/python3.8/site-packages/airflow/example_dags/tutorial_dag.py
[2024-03-26T08:54:46.475+0000] {processor.py:840} INFO - DAG(s) 'tutorial_dag' retrieved from /home/airflow/.local/lib/python3.8/site-packages/airflow/example_dags/tutorial_dag.py
[2024-03-26T08:54:46.495+0000] {logging_mixin.py:188} INFO - [2024-03-26T08:54:46.494+0000] {dag.py:3036} INFO - Sync 1 DAGs
[2024-03-26T08:54:46.506+0000] {logging_mixin.py:188} INFO - [2024-03-26T08:54:46.505+0000] {dag.py:3823} INFO - Setting next_dagrun for tutorial_dag to None, run_after=None
[2024-03-26T08:54:46.521+0000] {processor.py:183} INFO - Processing /home/airflow/.local/lib/python3.8/site-packages/airflow/example_dags/tutorial_dag.py took 0.056 seconds
[2024-03-26T08:55:16.826+0000] {processor.py:161} INFO - Started process (PID=302) to work on /home/airflow/.local/lib/python3.8/site-packages/airflow/example_dags/tutorial_dag.py
[2024-03-26T08:55:16.827+0000] {processor.py:830} INFO - Processing file /home/airflow/.local/lib/python3.8/site-packages/airflow/example_dags/tutorial_dag.py for tasks to queue
[2024-03-26T08:55:16.829+0000] {logging_mixin.py:188} INFO - [2024-03-26T08:55:16.829+0000] {dagbag.py:538} INFO - Filling up the DagBag from /home/airflow/.local/lib/python3.8/site-packages/airflow/example_dags/tutorial_dag.py
[2024-03-26T08:55:16.833+0000] {processor.py:840} INFO - DAG(s) 'tutorial_dag' retrieved from /home/airflow/.local/lib/python3.8/site-packages/airflow/example_dags/tutorial_dag.py
[2024-03-26T08:55:16.848+0000] {logging_mixin.py:188} INFO - [2024-03-26T08:55:16.848+0000] {dag.py:3036} INFO - Sync 1 DAGs
[2024-03-26T08:55:16.859+0000] {logging_mixin.py:188} INFO - [2024-03-26T08:55:16.859+0000] {dag.py:3823} INFO - Setting next_dagrun for tutorial_dag to None, run_after=None
[2024-03-26T08:55:16.875+0000] {processor.py:183} INFO - Processing /home/airflow/.local/lib/python3.8/site-packages/airflow/example_dags/tutorial_dag.py took 0.051 seconds
[2024-03-26T08:55:47.228+0000] {processor.py:161} INFO - Started process (PID=358) to work on /home/airflow/.local/lib/python3.8/site-packages/airflow/example_dags/tutorial_dag.py
[2024-03-26T08:55:47.229+0000] {processor.py:830} INFO - Processing file /home/airflow/.local/lib/python3.8/site-packages/airflow/example_dags/tutorial_dag.py for tasks to queue
[2024-03-26T08:55:47.230+0000] {logging_mixin.py:188} INFO - [2024-03-26T08:55:47.230+0000] {dagbag.py:538} INFO - Filling up the DagBag from /home/airflow/.local/lib/python3.8/site-packages/airflow/example_dags/tutorial_dag.py
[2024-03-26T08:55:47.234+0000] {processor.py:840} INFO - DAG(s) 'tutorial_dag' retrieved from /home/airflow/.local/lib/python3.8/site-packages/airflow/example_dags/tutorial_dag.py
[2024-03-26T08:55:47.248+0000] {logging_mixin.py:188} INFO - [2024-03-26T08:55:47.248+0000] {dag.py:3036} INFO - Sync 1 DAGs
[2024-03-26T08:55:47.258+0000] {logging_mixin.py:188} INFO - [2024-03-26T08:55:47.257+0000] {dag.py:3823} INFO - Setting next_dagrun for tutorial_dag to None, run_after=None
[2024-03-26T08:55:47.274+0000] {processor.py:183} INFO - Processing /home/airflow/.local/lib/python3.8/site-packages/airflow/example_dags/tutorial_dag.py took 0.048 seconds
[2024-03-26T08:56:17.519+0000] {processor.py:161} INFO - Started process (PID=414) to work on /home/airflow/.local/lib/python3.8/site-packages/airflow/example_dags/tutorial_dag.py
[2024-03-26T08:56:17.520+0000] {processor.py:830} INFO - Processing file /home/airflow/.local/lib/python3.8/site-packages/airflow/example_dags/tutorial_dag.py for tasks to queue
[2024-03-26T08:56:17.521+0000] {logging_mixin.py:188} INFO - [2024-03-26T08:56:17.521+0000] {dagbag.py:538} INFO - Filling up the DagBag from /home/airflow/.local/lib/python3.8/site-packages/airflow/example_dags/tutorial_dag.py
[2024-03-26T08:56:17.525+0000] {processor.py:840} INFO - DAG(s) 'tutorial_dag' retrieved from /home/airflow/.local/lib/python3.8/site-packages/airflow/example_dags/tutorial_dag.py
[2024-03-26T08:56:17.539+0000] {logging_mixin.py:188} INFO - [2024-03-26T08:56:17.539+0000] {dag.py:3036} INFO - Sync 1 DAGs
[2024-03-26T08:56:17.549+0000] {logging_mixin.py:188} INFO - [2024-03-26T08:56:17.548+0000] {dag.py:3823} INFO - Setting next_dagrun for tutorial_dag to None, run_after=None
[2024-03-26T08:56:17.565+0000] {processor.py:183} INFO - Processing /home/airflow/.local/lib/python3.8/site-packages/airflow/example_dags/tutorial_dag.py took 0.048 seconds
[2024-03-26T08:56:47.965+0000] {processor.py:161} INFO - Started process (PID=470) to work on /home/airflow/.local/lib/python3.8/site-packages/airflow/example_dags/tutorial_dag.py
[2024-03-26T08:56:47.966+0000] {processor.py:830} INFO - Processing file /home/airflow/.local/lib/python3.8/site-packages/airflow/example_dags/tutorial_dag.py for tasks to queue
[2024-03-26T08:56:47.968+0000] {logging_mixin.py:188} INFO - [2024-03-26T08:56:47.968+0000] {dagbag.py:538} INFO - Filling up the DagBag from /home/airflow/.local/lib/python3.8/site-packages/airflow/example_dags/tutorial_dag.py
[2024-03-26T08:56:47.972+0000] {processor.py:840} INFO - DAG(s) 'tutorial_dag' retrieved from /home/airflow/.local/lib/python3.8/site-packages/airflow/example_dags/tutorial_dag.py
[2024-03-26T08:56:47.988+0000] {logging_mixin.py:188} INFO - [2024-03-26T08:56:47.987+0000] {dag.py:3036} INFO - Sync 1 DAGs
[2024-03-26T08:56:47.998+0000] {logging_mixin.py:188} INFO - [2024-03-26T08:56:47.997+0000] {dag.py:3823} INFO - Setting next_dagrun for tutorial_dag to None, run_after=None
[2024-03-26T08:56:48.012+0000] {processor.py:183} INFO - Processing /home/airflow/.local/lib/python3.8/site-packages/airflow/example_dags/tutorial_dag.py took 0.049 seconds
[2024-03-26T08:57:18.323+0000] {processor.py:161} INFO - Started process (PID=526) to work on /home/airflow/.local/lib/python3.8/site-packages/airflow/example_dags/tutorial_dag.py
[2024-03-26T08:57:18.324+0000] {processor.py:830} INFO - Processing file /home/airflow/.local/lib/python3.8/site-packages/airflow/example_dags/tutorial_dag.py for tasks to queue
[2024-03-26T08:57:18.325+0000] {logging_mixin.py:188} INFO - [2024-03-26T08:57:18.325+0000] {dagbag.py:538} INFO - Filling up the DagBag from /home/airflow/.local/lib/python3.8/site-packages/airflow/example_dags/tutorial_dag.py
[2024-03-26T08:57:18.329+0000] {processor.py:840} INFO - DAG(s) 'tutorial_dag' retrieved from /home/airflow/.local/lib/python3.8/site-packages/airflow/example_dags/tutorial_dag.py
[2024-03-26T08:57:18.347+0000] {logging_mixin.py:188} INFO - [2024-03-26T08:57:18.347+0000] {dag.py:3036} INFO - Sync 1 DAGs
[2024-03-26T08:57:18.357+0000] {logging_mixin.py:188} INFO - [2024-03-26T08:57:18.356+0000] {dag.py:3823} INFO - Setting next_dagrun for tutorial_dag to None, run_after=None
[2024-03-26T08:57:18.372+0000] {processor.py:183} INFO - Processing /home/airflow/.local/lib/python3.8/site-packages/airflow/example_dags/tutorial_dag.py took 0.051 seconds
[2024-03-26T08:57:48.763+0000] {processor.py:161} INFO - Started process (PID=582) to work on /home/airflow/.local/lib/python3.8/site-packages/airflow/example_dags/tutorial_dag.py
[2024-03-26T08:57:48.765+0000] {processor.py:830} INFO - Processing file /home/airflow/.local/lib/python3.8/site-packages/airflow/example_dags/tutorial_dag.py for tasks to queue
[2024-03-26T08:57:48.766+0000] {logging_mixin.py:188} INFO - [2024-03-26T08:57:48.766+0000] {dagbag.py:538} INFO - Filling up the DagBag from /home/airflow/.local/lib/python3.8/site-packages/airflow/example_dags/tutorial_dag.py
[2024-03-26T08:57:48.771+0000] {processor.py:840} INFO - DAG(s) 'tutorial_dag' retrieved from /home/airflow/.local/lib/python3.8/site-packages/airflow/example_dags/tutorial_dag.py
[2024-03-26T08:57:48.787+0000] {logging_mixin.py:188} INFO - [2024-03-26T08:57:48.787+0000] {dag.py:3036} INFO - Sync 1 DAGs
[2024-03-26T08:57:48.798+0000] {logging_mixin.py:188} INFO - [2024-03-26T08:57:48.798+0000] {dag.py:3823} INFO - Setting next_dagrun for tutorial_dag to None, run_after=None
[2024-03-26T08:57:48.815+0000] {processor.py:183} INFO - Processing /home/airflow/.local/lib/python3.8/site-packages/airflow/example_dags/tutorial_dag.py took 0.054 seconds
[2024-03-26T08:58:19.406+0000] {processor.py:161} INFO - Started process (PID=638) to work on /home/airflow/.local/lib/python3.8/site-packages/airflow/example_dags/tutorial_dag.py
[2024-03-26T08:58:19.407+0000] {processor.py:830} INFO - Processing file /home/airflow/.local/lib/python3.8/site-packages/airflow/example_dags/tutorial_dag.py for tasks to queue
[2024-03-26T08:58:19.409+0000] {logging_mixin.py:188} INFO - [2024-03-26T08:58:19.408+0000] {dagbag.py:538} INFO - Filling up the DagBag from /home/airflow/.local/lib/python3.8/site-packages/airflow/example_dags/tutorial_dag.py
[2024-03-26T08:58:19.413+0000] {processor.py:840} INFO - DAG(s) 'tutorial_dag' retrieved from /home/airflow/.local/lib/python3.8/site-packages/airflow/example_dags/tutorial_dag.py
[2024-03-26T08:58:19.430+0000] {logging_mixin.py:188} INFO - [2024-03-26T08:58:19.429+0000] {dag.py:3036} INFO - Sync 1 DAGs
[2024-03-26T08:58:19.442+0000] {logging_mixin.py:188} INFO - [2024-03-26T08:58:19.441+0000] {dag.py:3823} INFO - Setting next_dagrun for tutorial_dag to None, run_after=None
[2024-03-26T08:58:19.459+0000] {processor.py:183} INFO - Processing /home/airflow/.local/lib/python3.8/site-packages/airflow/example_dags/tutorial_dag.py took 0.055 seconds
[2024-03-26T08:58:49.729+0000] {processor.py:161} INFO - Started process (PID=694) to work on /home/airflow/.local/lib/python3.8/site-packages/airflow/example_dags/tutorial_dag.py
[2024-03-26T08:58:49.730+0000] {processor.py:830} INFO - Processing file /home/airflow/.local/lib/python3.8/site-packages/airflow/example_dags/tutorial_dag.py for tasks to queue
[2024-03-26T08:58:49.732+0000] {logging_mixin.py:188} INFO - [2024-03-26T08:58:49.732+0000] {dagbag.py:538} INFO - Filling up the DagBag from /home/airflow/.local/lib/python3.8/site-packages/airflow/example_dags/tutorial_dag.py
[2024-03-26T08:58:49.736+0000] {processor.py:840} INFO - DAG(s) 'tutorial_dag' retrieved from /home/airflow/.local/lib/python3.8/site-packages/airflow/example_dags/tutorial_dag.py
[2024-03-26T08:58:49.751+0000] {logging_mixin.py:188} INFO - [2024-03-26T08:58:49.751+0000] {dag.py:3036} INFO - Sync 1 DAGs
[2024-03-26T08:58:49.761+0000] {logging_mixin.py:188} INFO - [2024-03-26T08:58:49.761+0000] {dag.py:3823} INFO - Setting next_dagrun for tutorial_dag to None, run_after=None
[2024-03-26T08:58:49.778+0000] {processor.py:183} INFO - Processing /home/airflow/.local/lib/python3.8/site-packages/airflow/example_dags/tutorial_dag.py took 0.050 seconds
[2024-03-26T09:07:42.273+0000] {processor.py:161} INFO - Started process (PID=79) to work on /home/airflow/.local/lib/python3.8/site-packages/airflow/example_dags/tutorial_dag.py
[2024-03-26T09:07:42.274+0000] {processor.py:830} INFO - Processing file /home/airflow/.local/lib/python3.8/site-packages/airflow/example_dags/tutorial_dag.py for tasks to queue
[2024-03-26T09:07:42.275+0000] {logging_mixin.py:188} INFO - [2024-03-26T09:07:42.275+0000] {dagbag.py:538} INFO - Filling up the DagBag from /home/airflow/.local/lib/python3.8/site-packages/airflow/example_dags/tutorial_dag.py
[2024-03-26T09:07:42.281+0000] {processor.py:840} INFO - DAG(s) 'tutorial_dag' retrieved from /home/airflow/.local/lib/python3.8/site-packages/airflow/example_dags/tutorial_dag.py
[2024-03-26T09:07:42.290+0000] {logging_mixin.py:188} INFO - [2024-03-26T09:07:42.290+0000] {dag.py:3036} INFO - Sync 1 DAGs
[2024-03-26T09:07:42.302+0000] {logging_mixin.py:188} INFO - [2024-03-26T09:07:42.302+0000] {dag.py:3823} INFO - Setting next_dagrun for tutorial_dag to None, run_after=None
[2024-03-26T09:07:42.319+0000] {processor.py:183} INFO - Processing /home/airflow/.local/lib/python3.8/site-packages/airflow/example_dags/tutorial_dag.py took 0.049 seconds
[2024-03-26T09:08:13.402+0000] {processor.py:161} INFO - Started process (PID=137) to work on /home/airflow/.local/lib/python3.8/site-packages/airflow/example_dags/tutorial_dag.py
[2024-03-26T09:08:13.403+0000] {processor.py:830} INFO - Processing file /home/airflow/.local/lib/python3.8/site-packages/airflow/example_dags/tutorial_dag.py for tasks to queue
[2024-03-26T09:08:13.405+0000] {logging_mixin.py:188} INFO - [2024-03-26T09:08:13.405+0000] {dagbag.py:538} INFO - Filling up the DagBag from /home/airflow/.local/lib/python3.8/site-packages/airflow/example_dags/tutorial_dag.py
[2024-03-26T09:08:13.409+0000] {processor.py:840} INFO - DAG(s) 'tutorial_dag' retrieved from /home/airflow/.local/lib/python3.8/site-packages/airflow/example_dags/tutorial_dag.py
[2024-03-26T09:08:13.491+0000] {logging_mixin.py:188} INFO - [2024-03-26T09:08:13.491+0000] {dag.py:3036} INFO - Sync 1 DAGs
[2024-03-26T09:08:13.501+0000] {logging_mixin.py:188} INFO - [2024-03-26T09:08:13.501+0000] {dag.py:3823} INFO - Setting next_dagrun for tutorial_dag to None, run_after=None
[2024-03-26T09:08:13.519+0000] {processor.py:183} INFO - Processing /home/airflow/.local/lib/python3.8/site-packages/airflow/example_dags/tutorial_dag.py took 0.119 seconds
[2024-03-26T09:08:43.964+0000] {processor.py:161} INFO - Started process (PID=194) to work on /home/airflow/.local/lib/python3.8/site-packages/airflow/example_dags/tutorial_dag.py
[2024-03-26T09:08:43.965+0000] {processor.py:830} INFO - Processing file /home/airflow/.local/lib/python3.8/site-packages/airflow/example_dags/tutorial_dag.py for tasks to queue
[2024-03-26T09:08:43.967+0000] {logging_mixin.py:188} INFO - [2024-03-26T09:08:43.967+0000] {dagbag.py:538} INFO - Filling up the DagBag from /home/airflow/.local/lib/python3.8/site-packages/airflow/example_dags/tutorial_dag.py
[2024-03-26T09:08:43.973+0000] {processor.py:840} INFO - DAG(s) 'tutorial_dag' retrieved from /home/airflow/.local/lib/python3.8/site-packages/airflow/example_dags/tutorial_dag.py
[2024-03-26T09:08:43.998+0000] {logging_mixin.py:188} INFO - [2024-03-26T09:08:43.997+0000] {dag.py:3036} INFO - Sync 1 DAGs
[2024-03-26T09:08:44.009+0000] {logging_mixin.py:188} INFO - [2024-03-26T09:08:44.009+0000] {dag.py:3823} INFO - Setting next_dagrun for tutorial_dag to None, run_after=None
[2024-03-26T09:08:44.031+0000] {processor.py:183} INFO - Processing /home/airflow/.local/lib/python3.8/site-packages/airflow/example_dags/tutorial_dag.py took 0.070 seconds
[2024-03-26T09:09:14.589+0000] {processor.py:161} INFO - Started process (PID=251) to work on /home/airflow/.local/lib/python3.8/site-packages/airflow/example_dags/tutorial_dag.py
[2024-03-26T09:09:14.590+0000] {processor.py:830} INFO - Processing file /home/airflow/.local/lib/python3.8/site-packages/airflow/example_dags/tutorial_dag.py for tasks to queue
[2024-03-26T09:09:14.592+0000] {logging_mixin.py:188} INFO - [2024-03-26T09:09:14.592+0000] {dagbag.py:538} INFO - Filling up the DagBag from /home/airflow/.local/lib/python3.8/site-packages/airflow/example_dags/tutorial_dag.py
[2024-03-26T09:09:14.596+0000] {processor.py:840} INFO - DAG(s) 'tutorial_dag' retrieved from /home/airflow/.local/lib/python3.8/site-packages/airflow/example_dags/tutorial_dag.py
[2024-03-26T09:09:14.614+0000] {logging_mixin.py:188} INFO - [2024-03-26T09:09:14.614+0000] {dag.py:3036} INFO - Sync 1 DAGs
[2024-03-26T09:09:14.626+0000] {logging_mixin.py:188} INFO - [2024-03-26T09:09:14.626+0000] {dag.py:3823} INFO - Setting next_dagrun for tutorial_dag to None, run_after=None
[2024-03-26T09:09:14.644+0000] {processor.py:183} INFO - Processing /home/airflow/.local/lib/python3.8/site-packages/airflow/example_dags/tutorial_dag.py took 0.058 seconds
[2024-03-26T09:09:45.306+0000] {processor.py:161} INFO - Started process (PID=308) to work on /home/airflow/.local/lib/python3.8/site-packages/airflow/example_dags/tutorial_dag.py
[2024-03-26T09:09:45.307+0000] {processor.py:830} INFO - Processing file /home/airflow/.local/lib/python3.8/site-packages/airflow/example_dags/tutorial_dag.py for tasks to queue
[2024-03-26T09:09:45.308+0000] {logging_mixin.py:188} INFO - [2024-03-26T09:09:45.308+0000] {dagbag.py:538} INFO - Filling up the DagBag from /home/airflow/.local/lib/python3.8/site-packages/airflow/example_dags/tutorial_dag.py
[2024-03-26T09:09:45.313+0000] {processor.py:840} INFO - DAG(s) 'tutorial_dag' retrieved from /home/airflow/.local/lib/python3.8/site-packages/airflow/example_dags/tutorial_dag.py
[2024-03-26T09:09:45.329+0000] {logging_mixin.py:188} INFO - [2024-03-26T09:09:45.329+0000] {dag.py:3036} INFO - Sync 1 DAGs
[2024-03-26T09:09:45.340+0000] {logging_mixin.py:188} INFO - [2024-03-26T09:09:45.340+0000] {dag.py:3823} INFO - Setting next_dagrun for tutorial_dag to None, run_after=None
[2024-03-26T09:09:45.357+0000] {processor.py:183} INFO - Processing /home/airflow/.local/lib/python3.8/site-packages/airflow/example_dags/tutorial_dag.py took 0.055 seconds
[2024-03-26T09:10:16.046+0000] {processor.py:161} INFO - Started process (PID=365) to work on /home/airflow/.local/lib/python3.8/site-packages/airflow/example_dags/tutorial_dag.py
[2024-03-26T09:10:16.047+0000] {processor.py:830} INFO - Processing file /home/airflow/.local/lib/python3.8/site-packages/airflow/example_dags/tutorial_dag.py for tasks to queue
[2024-03-26T09:10:16.048+0000] {logging_mixin.py:188} INFO - [2024-03-26T09:10:16.048+0000] {dagbag.py:538} INFO - Filling up the DagBag from /home/airflow/.local/lib/python3.8/site-packages/airflow/example_dags/tutorial_dag.py
[2024-03-26T09:10:16.052+0000] {processor.py:840} INFO - DAG(s) 'tutorial_dag' retrieved from /home/airflow/.local/lib/python3.8/site-packages/airflow/example_dags/tutorial_dag.py
[2024-03-26T09:10:16.068+0000] {logging_mixin.py:188} INFO - [2024-03-26T09:10:16.068+0000] {dag.py:3036} INFO - Sync 1 DAGs
[2024-03-26T09:10:16.079+0000] {logging_mixin.py:188} INFO - [2024-03-26T09:10:16.079+0000] {dag.py:3823} INFO - Setting next_dagrun for tutorial_dag to None, run_after=None
[2024-03-26T09:10:16.097+0000] {processor.py:183} INFO - Processing /home/airflow/.local/lib/python3.8/site-packages/airflow/example_dags/tutorial_dag.py took 0.054 seconds
[2024-03-26T09:50:58.484+0000] {processor.py:161} INFO - Started process (PID=79) to work on /home/airflow/.local/lib/python3.8/site-packages/airflow/example_dags/tutorial_dag.py
[2024-03-26T09:50:58.485+0000] {processor.py:830} INFO - Processing file /home/airflow/.local/lib/python3.8/site-packages/airflow/example_dags/tutorial_dag.py for tasks to queue
[2024-03-26T09:50:58.486+0000] {logging_mixin.py:188} INFO - [2024-03-26T09:50:58.486+0000] {dagbag.py:538} INFO - Filling up the DagBag from /home/airflow/.local/lib/python3.8/site-packages/airflow/example_dags/tutorial_dag.py
[2024-03-26T09:50:58.492+0000] {processor.py:840} INFO - DAG(s) 'tutorial_dag' retrieved from /home/airflow/.local/lib/python3.8/site-packages/airflow/example_dags/tutorial_dag.py
[2024-03-26T09:50:58.503+0000] {logging_mixin.py:188} INFO - [2024-03-26T09:50:58.503+0000] {dag.py:3036} INFO - Sync 1 DAGs
[2024-03-26T09:50:58.515+0000] {logging_mixin.py:188} INFO - [2024-03-26T09:50:58.515+0000] {dag.py:3823} INFO - Setting next_dagrun for tutorial_dag to None, run_after=None
[2024-03-26T09:50:58.534+0000] {processor.py:183} INFO - Processing /home/airflow/.local/lib/python3.8/site-packages/airflow/example_dags/tutorial_dag.py took 0.053 seconds
[2024-03-26T09:51:29.425+0000] {processor.py:161} INFO - Started process (PID=136) to work on /home/airflow/.local/lib/python3.8/site-packages/airflow/example_dags/tutorial_dag.py
[2024-03-26T09:51:29.426+0000] {processor.py:830} INFO - Processing file /home/airflow/.local/lib/python3.8/site-packages/airflow/example_dags/tutorial_dag.py for tasks to queue
[2024-03-26T09:51:29.428+0000] {logging_mixin.py:188} INFO - [2024-03-26T09:51:29.427+0000] {dagbag.py:538} INFO - Filling up the DagBag from /home/airflow/.local/lib/python3.8/site-packages/airflow/example_dags/tutorial_dag.py
[2024-03-26T09:51:29.432+0000] {processor.py:840} INFO - DAG(s) 'tutorial_dag' retrieved from /home/airflow/.local/lib/python3.8/site-packages/airflow/example_dags/tutorial_dag.py
[2024-03-26T09:51:29.512+0000] {logging_mixin.py:188} INFO - [2024-03-26T09:51:29.512+0000] {dag.py:3036} INFO - Sync 1 DAGs
[2024-03-26T09:51:29.521+0000] {logging_mixin.py:188} INFO - [2024-03-26T09:51:29.521+0000] {dag.py:3823} INFO - Setting next_dagrun for tutorial_dag to None, run_after=None
[2024-03-26T09:51:29.537+0000] {processor.py:183} INFO - Processing /home/airflow/.local/lib/python3.8/site-packages/airflow/example_dags/tutorial_dag.py took 0.114 seconds
[2024-03-26T09:51:59.581+0000] {processor.py:161} INFO - Started process (PID=193) to work on /home/airflow/.local/lib/python3.8/site-packages/airflow/example_dags/tutorial_dag.py
[2024-03-26T09:51:59.582+0000] {processor.py:830} INFO - Processing file /home/airflow/.local/lib/python3.8/site-packages/airflow/example_dags/tutorial_dag.py for tasks to queue
[2024-03-26T09:51:59.583+0000] {logging_mixin.py:188} INFO - [2024-03-26T09:51:59.583+0000] {dagbag.py:538} INFO - Filling up the DagBag from /home/airflow/.local/lib/python3.8/site-packages/airflow/example_dags/tutorial_dag.py
[2024-03-26T09:51:59.587+0000] {processor.py:840} INFO - DAG(s) 'tutorial_dag' retrieved from /home/airflow/.local/lib/python3.8/site-packages/airflow/example_dags/tutorial_dag.py
[2024-03-26T09:51:59.602+0000] {logging_mixin.py:188} INFO - [2024-03-26T09:51:59.602+0000] {dag.py:3036} INFO - Sync 1 DAGs
[2024-03-26T09:51:59.612+0000] {logging_mixin.py:188} INFO - [2024-03-26T09:51:59.611+0000] {dag.py:3823} INFO - Setting next_dagrun for tutorial_dag to None, run_after=None
[2024-03-26T09:51:59.631+0000] {processor.py:183} INFO - Processing /home/airflow/.local/lib/python3.8/site-packages/airflow/example_dags/tutorial_dag.py took 0.052 seconds
[2024-03-26T09:52:30.332+0000] {processor.py:161} INFO - Started process (PID=250) to work on /home/airflow/.local/lib/python3.8/site-packages/airflow/example_dags/tutorial_dag.py
[2024-03-26T09:52:30.333+0000] {processor.py:830} INFO - Processing file /home/airflow/.local/lib/python3.8/site-packages/airflow/example_dags/tutorial_dag.py for tasks to queue
[2024-03-26T09:52:30.337+0000] {logging_mixin.py:188} INFO - [2024-03-26T09:52:30.337+0000] {dagbag.py:538} INFO - Filling up the DagBag from /home/airflow/.local/lib/python3.8/site-packages/airflow/example_dags/tutorial_dag.py
[2024-03-26T09:52:30.341+0000] {processor.py:840} INFO - DAG(s) 'tutorial_dag' retrieved from /home/airflow/.local/lib/python3.8/site-packages/airflow/example_dags/tutorial_dag.py
[2024-03-26T09:52:30.356+0000] {logging_mixin.py:188} INFO - [2024-03-26T09:52:30.355+0000] {dag.py:3036} INFO - Sync 1 DAGs
[2024-03-26T09:52:30.366+0000] {logging_mixin.py:188} INFO - [2024-03-26T09:52:30.365+0000] {dag.py:3823} INFO - Setting next_dagrun for tutorial_dag to None, run_after=None
[2024-03-26T09:52:30.381+0000] {processor.py:183} INFO - Processing /home/airflow/.local/lib/python3.8/site-packages/airflow/example_dags/tutorial_dag.py took 0.051 seconds
[2024-03-26T09:53:01.160+0000] {processor.py:161} INFO - Started process (PID=307) to work on /home/airflow/.local/lib/python3.8/site-packages/airflow/example_dags/tutorial_dag.py
[2024-03-26T09:53:01.161+0000] {processor.py:830} INFO - Processing file /home/airflow/.local/lib/python3.8/site-packages/airflow/example_dags/tutorial_dag.py for tasks to queue
[2024-03-26T09:53:01.162+0000] {logging_mixin.py:188} INFO - [2024-03-26T09:53:01.162+0000] {dagbag.py:538} INFO - Filling up the DagBag from /home/airflow/.local/lib/python3.8/site-packages/airflow/example_dags/tutorial_dag.py
[2024-03-26T09:53:01.167+0000] {processor.py:840} INFO - DAG(s) 'tutorial_dag' retrieved from /home/airflow/.local/lib/python3.8/site-packages/airflow/example_dags/tutorial_dag.py
[2024-03-26T09:53:01.182+0000] {logging_mixin.py:188} INFO - [2024-03-26T09:53:01.182+0000] {dag.py:3036} INFO - Sync 1 DAGs
[2024-03-26T09:53:01.193+0000] {logging_mixin.py:188} INFO - [2024-03-26T09:53:01.193+0000] {dag.py:3823} INFO - Setting next_dagrun for tutorial_dag to None, run_after=None
[2024-03-26T09:53:01.208+0000] {processor.py:183} INFO - Processing /home/airflow/.local/lib/python3.8/site-packages/airflow/example_dags/tutorial_dag.py took 0.051 seconds
[2024-03-26T09:53:31.709+0000] {processor.py:161} INFO - Started process (PID=364) to work on /home/airflow/.local/lib/python3.8/site-packages/airflow/example_dags/tutorial_dag.py
[2024-03-26T09:53:31.710+0000] {processor.py:830} INFO - Processing file /home/airflow/.local/lib/python3.8/site-packages/airflow/example_dags/tutorial_dag.py for tasks to queue
[2024-03-26T09:53:31.712+0000] {logging_mixin.py:188} INFO - [2024-03-26T09:53:31.711+0000] {dagbag.py:538} INFO - Filling up the DagBag from /home/airflow/.local/lib/python3.8/site-packages/airflow/example_dags/tutorial_dag.py
[2024-03-26T09:53:31.716+0000] {processor.py:840} INFO - DAG(s) 'tutorial_dag' retrieved from /home/airflow/.local/lib/python3.8/site-packages/airflow/example_dags/tutorial_dag.py
[2024-03-26T09:53:31.732+0000] {logging_mixin.py:188} INFO - [2024-03-26T09:53:31.731+0000] {dag.py:3036} INFO - Sync 1 DAGs
[2024-03-26T09:53:31.742+0000] {logging_mixin.py:188} INFO - [2024-03-26T09:53:31.742+0000] {dag.py:3823} INFO - Setting next_dagrun for tutorial_dag to None, run_after=None
[2024-03-26T09:53:31.759+0000] {processor.py:183} INFO - Processing /home/airflow/.local/lib/python3.8/site-packages/airflow/example_dags/tutorial_dag.py took 0.051 seconds
[2024-03-26T09:54:02.665+0000] {processor.py:161} INFO - Started process (PID=421) to work on /home/airflow/.local/lib/python3.8/site-packages/airflow/example_dags/tutorial_dag.py
[2024-03-26T09:54:02.666+0000] {processor.py:830} INFO - Processing file /home/airflow/.local/lib/python3.8/site-packages/airflow/example_dags/tutorial_dag.py for tasks to queue
[2024-03-26T09:54:02.667+0000] {logging_mixin.py:188} INFO - [2024-03-26T09:54:02.667+0000] {dagbag.py:538} INFO - Filling up the DagBag from /home/airflow/.local/lib/python3.8/site-packages/airflow/example_dags/tutorial_dag.py
[2024-03-26T09:54:02.671+0000] {processor.py:840} INFO - DAG(s) 'tutorial_dag' retrieved from /home/airflow/.local/lib/python3.8/site-packages/airflow/example_dags/tutorial_dag.py
[2024-03-26T09:54:02.686+0000] {logging_mixin.py:188} INFO - [2024-03-26T09:54:02.686+0000] {dag.py:3036} INFO - Sync 1 DAGs
[2024-03-26T09:54:02.696+0000] {logging_mixin.py:188} INFO - [2024-03-26T09:54:02.696+0000] {dag.py:3823} INFO - Setting next_dagrun for tutorial_dag to None, run_after=None
[2024-03-26T09:54:02.711+0000] {processor.py:183} INFO - Processing /home/airflow/.local/lib/python3.8/site-packages/airflow/example_dags/tutorial_dag.py took 0.049 seconds
[2024-03-26T09:54:33.310+0000] {processor.py:161} INFO - Started process (PID=478) to work on /home/airflow/.local/lib/python3.8/site-packages/airflow/example_dags/tutorial_dag.py
[2024-03-26T09:54:33.311+0000] {processor.py:830} INFO - Processing file /home/airflow/.local/lib/python3.8/site-packages/airflow/example_dags/tutorial_dag.py for tasks to queue
[2024-03-26T09:54:33.313+0000] {logging_mixin.py:188} INFO - [2024-03-26T09:54:33.313+0000] {dagbag.py:538} INFO - Filling up the DagBag from /home/airflow/.local/lib/python3.8/site-packages/airflow/example_dags/tutorial_dag.py
[2024-03-26T09:54:33.317+0000] {processor.py:840} INFO - DAG(s) 'tutorial_dag' retrieved from /home/airflow/.local/lib/python3.8/site-packages/airflow/example_dags/tutorial_dag.py
[2024-03-26T09:54:33.333+0000] {logging_mixin.py:188} INFO - [2024-03-26T09:54:33.333+0000] {dag.py:3036} INFO - Sync 1 DAGs
[2024-03-26T09:54:33.344+0000] {logging_mixin.py:188} INFO - [2024-03-26T09:54:33.344+0000] {dag.py:3823} INFO - Setting next_dagrun for tutorial_dag to None, run_after=None
[2024-03-26T09:54:33.360+0000] {processor.py:183} INFO - Processing /home/airflow/.local/lib/python3.8/site-packages/airflow/example_dags/tutorial_dag.py took 0.052 seconds
[2024-03-26T09:55:03.865+0000] {processor.py:161} INFO - Started process (PID=535) to work on /home/airflow/.local/lib/python3.8/site-packages/airflow/example_dags/tutorial_dag.py
[2024-03-26T09:55:03.866+0000] {processor.py:830} INFO - Processing file /home/airflow/.local/lib/python3.8/site-packages/airflow/example_dags/tutorial_dag.py for tasks to queue
[2024-03-26T09:55:03.868+0000] {logging_mixin.py:188} INFO - [2024-03-26T09:55:03.867+0000] {dagbag.py:538} INFO - Filling up the DagBag from /home/airflow/.local/lib/python3.8/site-packages/airflow/example_dags/tutorial_dag.py
[2024-03-26T09:55:03.873+0000] {processor.py:840} INFO - DAG(s) 'tutorial_dag' retrieved from /home/airflow/.local/lib/python3.8/site-packages/airflow/example_dags/tutorial_dag.py
[2024-03-26T09:55:03.892+0000] {logging_mixin.py:188} INFO - [2024-03-26T09:55:03.892+0000] {dag.py:3036} INFO - Sync 1 DAGs
[2024-03-26T09:55:03.905+0000] {logging_mixin.py:188} INFO - [2024-03-26T09:55:03.904+0000] {dag.py:3823} INFO - Setting next_dagrun for tutorial_dag to None, run_after=None
[2024-03-26T09:55:03.925+0000] {processor.py:183} INFO - Processing /home/airflow/.local/lib/python3.8/site-packages/airflow/example_dags/tutorial_dag.py took 0.062 seconds
[2024-03-26T09:55:34.556+0000] {processor.py:161} INFO - Started process (PID=592) to work on /home/airflow/.local/lib/python3.8/site-packages/airflow/example_dags/tutorial_dag.py
[2024-03-26T09:55:34.557+0000] {processor.py:830} INFO - Processing file /home/airflow/.local/lib/python3.8/site-packages/airflow/example_dags/tutorial_dag.py for tasks to queue
[2024-03-26T09:55:34.559+0000] {logging_mixin.py:188} INFO - [2024-03-26T09:55:34.558+0000] {dagbag.py:538} INFO - Filling up the DagBag from /home/airflow/.local/lib/python3.8/site-packages/airflow/example_dags/tutorial_dag.py
[2024-03-26T09:55:34.563+0000] {processor.py:840} INFO - DAG(s) 'tutorial_dag' retrieved from /home/airflow/.local/lib/python3.8/site-packages/airflow/example_dags/tutorial_dag.py
[2024-03-26T09:55:34.578+0000] {logging_mixin.py:188} INFO - [2024-03-26T09:55:34.578+0000] {dag.py:3036} INFO - Sync 1 DAGs
[2024-03-26T09:55:34.588+0000] {logging_mixin.py:188} INFO - [2024-03-26T09:55:34.588+0000] {dag.py:3823} INFO - Setting next_dagrun for tutorial_dag to None, run_after=None
[2024-03-26T09:55:34.603+0000] {processor.py:183} INFO - Processing /home/airflow/.local/lib/python3.8/site-packages/airflow/example_dags/tutorial_dag.py took 0.049 seconds
[2024-03-26T09:56:05.217+0000] {processor.py:161} INFO - Started process (PID=649) to work on /home/airflow/.local/lib/python3.8/site-packages/airflow/example_dags/tutorial_dag.py
[2024-03-26T09:56:05.218+0000] {processor.py:830} INFO - Processing file /home/airflow/.local/lib/python3.8/site-packages/airflow/example_dags/tutorial_dag.py for tasks to queue
[2024-03-26T09:56:05.220+0000] {logging_mixin.py:188} INFO - [2024-03-26T09:56:05.220+0000] {dagbag.py:538} INFO - Filling up the DagBag from /home/airflow/.local/lib/python3.8/site-packages/airflow/example_dags/tutorial_dag.py
[2024-03-26T09:56:05.224+0000] {processor.py:840} INFO - DAG(s) 'tutorial_dag' retrieved from /home/airflow/.local/lib/python3.8/site-packages/airflow/example_dags/tutorial_dag.py
[2024-03-26T09:56:05.240+0000] {logging_mixin.py:188} INFO - [2024-03-26T09:56:05.239+0000] {dag.py:3036} INFO - Sync 1 DAGs
[2024-03-26T09:56:05.249+0000] {logging_mixin.py:188} INFO - [2024-03-26T09:56:05.249+0000] {dag.py:3823} INFO - Setting next_dagrun for tutorial_dag to None, run_after=None
[2024-03-26T09:56:05.265+0000] {processor.py:183} INFO - Processing /home/airflow/.local/lib/python3.8/site-packages/airflow/example_dags/tutorial_dag.py took 0.050 seconds
[2024-03-26T09:57:48.205+0000] {processor.py:161} INFO - Started process (PID=79) to work on /home/airflow/.local/lib/python3.8/site-packages/airflow/example_dags/tutorial_dag.py
[2024-03-26T09:57:48.206+0000] {processor.py:830} INFO - Processing file /home/airflow/.local/lib/python3.8/site-packages/airflow/example_dags/tutorial_dag.py for tasks to queue
[2024-03-26T09:57:48.208+0000] {logging_mixin.py:188} INFO - [2024-03-26T09:57:48.208+0000] {dagbag.py:538} INFO - Filling up the DagBag from /home/airflow/.local/lib/python3.8/site-packages/airflow/example_dags/tutorial_dag.py
[2024-03-26T09:57:48.214+0000] {processor.py:840} INFO - DAG(s) 'tutorial_dag' retrieved from /home/airflow/.local/lib/python3.8/site-packages/airflow/example_dags/tutorial_dag.py
[2024-03-26T09:57:48.222+0000] {logging_mixin.py:188} INFO - [2024-03-26T09:57:48.222+0000] {dag.py:3036} INFO - Sync 1 DAGs
[2024-03-26T09:57:48.235+0000] {logging_mixin.py:188} INFO - [2024-03-26T09:57:48.234+0000] {dag.py:3823} INFO - Setting next_dagrun for tutorial_dag to None, run_after=None
[2024-03-26T09:57:48.254+0000] {processor.py:183} INFO - Processing /home/airflow/.local/lib/python3.8/site-packages/airflow/example_dags/tutorial_dag.py took 0.051 seconds
[2024-03-26T09:58:19.309+0000] {processor.py:161} INFO - Started process (PID=136) to work on /home/airflow/.local/lib/python3.8/site-packages/airflow/example_dags/tutorial_dag.py
[2024-03-26T09:58:19.310+0000] {processor.py:830} INFO - Processing file /home/airflow/.local/lib/python3.8/site-packages/airflow/example_dags/tutorial_dag.py for tasks to queue
[2024-03-26T09:58:19.312+0000] {logging_mixin.py:188} INFO - [2024-03-26T09:58:19.312+0000] {dagbag.py:538} INFO - Filling up the DagBag from /home/airflow/.local/lib/python3.8/site-packages/airflow/example_dags/tutorial_dag.py
[2024-03-26T09:58:19.317+0000] {processor.py:840} INFO - DAG(s) 'tutorial_dag' retrieved from /home/airflow/.local/lib/python3.8/site-packages/airflow/example_dags/tutorial_dag.py
[2024-03-26T09:58:19.431+0000] {logging_mixin.py:188} INFO - [2024-03-26T09:58:19.431+0000] {dag.py:3036} INFO - Sync 1 DAGs
[2024-03-26T09:58:19.441+0000] {logging_mixin.py:188} INFO - [2024-03-26T09:58:19.441+0000] {dag.py:3823} INFO - Setting next_dagrun for tutorial_dag to None, run_after=None
[2024-03-26T09:58:19.461+0000] {processor.py:183} INFO - Processing /home/airflow/.local/lib/python3.8/site-packages/airflow/example_dags/tutorial_dag.py took 0.154 seconds
[2024-03-26T09:58:49.678+0000] {processor.py:161} INFO - Started process (PID=193) to work on /home/airflow/.local/lib/python3.8/site-packages/airflow/example_dags/tutorial_dag.py
[2024-03-26T09:58:49.679+0000] {processor.py:830} INFO - Processing file /home/airflow/.local/lib/python3.8/site-packages/airflow/example_dags/tutorial_dag.py for tasks to queue
[2024-03-26T09:58:49.681+0000] {logging_mixin.py:188} INFO - [2024-03-26T09:58:49.680+0000] {dagbag.py:538} INFO - Filling up the DagBag from /home/airflow/.local/lib/python3.8/site-packages/airflow/example_dags/tutorial_dag.py
[2024-03-26T09:58:49.685+0000] {processor.py:840} INFO - DAG(s) 'tutorial_dag' retrieved from /home/airflow/.local/lib/python3.8/site-packages/airflow/example_dags/tutorial_dag.py
[2024-03-26T09:58:49.705+0000] {logging_mixin.py:188} INFO - [2024-03-26T09:58:49.705+0000] {dag.py:3036} INFO - Sync 1 DAGs
[2024-03-26T09:58:49.716+0000] {logging_mixin.py:188} INFO - [2024-03-26T09:58:49.716+0000] {dag.py:3823} INFO - Setting next_dagrun for tutorial_dag to None, run_after=None
[2024-03-26T09:58:49.733+0000] {processor.py:183} INFO - Processing /home/airflow/.local/lib/python3.8/site-packages/airflow/example_dags/tutorial_dag.py took 0.058 seconds
[2024-03-26T10:11:04.424+0000] {processor.py:161} INFO - Started process (PID=78) to work on /home/airflow/.local/lib/python3.8/site-packages/airflow/example_dags/tutorial_dag.py
[2024-03-26T10:11:04.425+0000] {processor.py:830} INFO - Processing file /home/airflow/.local/lib/python3.8/site-packages/airflow/example_dags/tutorial_dag.py for tasks to queue
[2024-03-26T10:11:04.427+0000] {logging_mixin.py:188} INFO - [2024-03-26T10:11:04.426+0000] {dagbag.py:538} INFO - Filling up the DagBag from /home/airflow/.local/lib/python3.8/site-packages/airflow/example_dags/tutorial_dag.py
[2024-03-26T10:11:04.436+0000] {processor.py:840} INFO - DAG(s) 'tutorial_dag' retrieved from /home/airflow/.local/lib/python3.8/site-packages/airflow/example_dags/tutorial_dag.py
[2024-03-26T10:11:04.447+0000] {logging_mixin.py:188} INFO - [2024-03-26T10:11:04.446+0000] {dag.py:3036} INFO - Sync 1 DAGs
[2024-03-26T10:11:04.462+0000] {logging_mixin.py:188} INFO - [2024-03-26T10:11:04.461+0000] {dag.py:3823} INFO - Setting next_dagrun for tutorial_dag to None, run_after=None
[2024-03-26T10:11:04.482+0000] {processor.py:183} INFO - Processing /home/airflow/.local/lib/python3.8/site-packages/airflow/example_dags/tutorial_dag.py took 0.061 seconds
[2024-03-26T10:11:36.351+0000] {processor.py:161} INFO - Started process (PID=134) to work on /home/airflow/.local/lib/python3.8/site-packages/airflow/example_dags/tutorial_dag.py
[2024-03-26T10:11:36.352+0000] {processor.py:830} INFO - Processing file /home/airflow/.local/lib/python3.8/site-packages/airflow/example_dags/tutorial_dag.py for tasks to queue
[2024-03-26T10:11:36.353+0000] {logging_mixin.py:188} INFO - [2024-03-26T10:11:36.353+0000] {dagbag.py:538} INFO - Filling up the DagBag from /home/airflow/.local/lib/python3.8/site-packages/airflow/example_dags/tutorial_dag.py
[2024-03-26T10:11:36.357+0000] {processor.py:840} INFO - DAG(s) 'tutorial_dag' retrieved from /home/airflow/.local/lib/python3.8/site-packages/airflow/example_dags/tutorial_dag.py
[2024-03-26T10:11:36.449+0000] {logging_mixin.py:188} INFO - [2024-03-26T10:11:36.449+0000] {dag.py:3036} INFO - Sync 1 DAGs
[2024-03-26T10:11:36.459+0000] {logging_mixin.py:188} INFO - [2024-03-26T10:11:36.459+0000] {dag.py:3823} INFO - Setting next_dagrun for tutorial_dag to None, run_after=None
[2024-03-26T10:11:36.478+0000] {processor.py:183} INFO - Processing /home/airflow/.local/lib/python3.8/site-packages/airflow/example_dags/tutorial_dag.py took 0.130 seconds
[2024-03-26T10:12:50.437+0000] {processor.py:161} INFO - Started process (PID=79) to work on /home/airflow/.local/lib/python3.8/site-packages/airflow/example_dags/tutorial_dag.py
[2024-03-26T10:12:50.438+0000] {processor.py:830} INFO - Processing file /home/airflow/.local/lib/python3.8/site-packages/airflow/example_dags/tutorial_dag.py for tasks to queue
[2024-03-26T10:12:50.440+0000] {logging_mixin.py:188} INFO - [2024-03-26T10:12:50.440+0000] {dagbag.py:538} INFO - Filling up the DagBag from /home/airflow/.local/lib/python3.8/site-packages/airflow/example_dags/tutorial_dag.py
[2024-03-26T10:12:50.447+0000] {processor.py:840} INFO - DAG(s) 'tutorial_dag' retrieved from /home/airflow/.local/lib/python3.8/site-packages/airflow/example_dags/tutorial_dag.py
[2024-03-26T10:12:50.457+0000] {logging_mixin.py:188} INFO - [2024-03-26T10:12:50.457+0000] {dag.py:3036} INFO - Sync 1 DAGs
[2024-03-26T10:12:50.469+0000] {logging_mixin.py:188} INFO - [2024-03-26T10:12:50.468+0000] {dag.py:3823} INFO - Setting next_dagrun for tutorial_dag to None, run_after=None
[2024-03-26T10:12:50.488+0000] {processor.py:183} INFO - Processing /home/airflow/.local/lib/python3.8/site-packages/airflow/example_dags/tutorial_dag.py took 0.054 seconds
[2024-03-26T10:13:21.514+0000] {processor.py:161} INFO - Started process (PID=136) to work on /home/airflow/.local/lib/python3.8/site-packages/airflow/example_dags/tutorial_dag.py
[2024-03-26T10:13:21.515+0000] {processor.py:830} INFO - Processing file /home/airflow/.local/lib/python3.8/site-packages/airflow/example_dags/tutorial_dag.py for tasks to queue
[2024-03-26T10:13:21.516+0000] {logging_mixin.py:188} INFO - [2024-03-26T10:13:21.516+0000] {dagbag.py:538} INFO - Filling up the DagBag from /home/airflow/.local/lib/python3.8/site-packages/airflow/example_dags/tutorial_dag.py
[2024-03-26T10:13:21.521+0000] {processor.py:840} INFO - DAG(s) 'tutorial_dag' retrieved from /home/airflow/.local/lib/python3.8/site-packages/airflow/example_dags/tutorial_dag.py
[2024-03-26T10:13:21.605+0000] {logging_mixin.py:188} INFO - [2024-03-26T10:13:21.605+0000] {dag.py:3036} INFO - Sync 1 DAGs
[2024-03-26T10:13:21.615+0000] {logging_mixin.py:188} INFO - [2024-03-26T10:13:21.615+0000] {dag.py:3823} INFO - Setting next_dagrun for tutorial_dag to None, run_after=None
[2024-03-26T10:13:21.632+0000] {processor.py:183} INFO - Processing /home/airflow/.local/lib/python3.8/site-packages/airflow/example_dags/tutorial_dag.py took 0.121 seconds
[2024-03-26T10:13:51.721+0000] {processor.py:161} INFO - Started process (PID=193) to work on /home/airflow/.local/lib/python3.8/site-packages/airflow/example_dags/tutorial_dag.py
[2024-03-26T10:13:51.722+0000] {processor.py:830} INFO - Processing file /home/airflow/.local/lib/python3.8/site-packages/airflow/example_dags/tutorial_dag.py for tasks to queue
[2024-03-26T10:13:51.724+0000] {logging_mixin.py:188} INFO - [2024-03-26T10:13:51.724+0000] {dagbag.py:538} INFO - Filling up the DagBag from /home/airflow/.local/lib/python3.8/site-packages/airflow/example_dags/tutorial_dag.py
[2024-03-26T10:13:51.729+0000] {processor.py:840} INFO - DAG(s) 'tutorial_dag' retrieved from /home/airflow/.local/lib/python3.8/site-packages/airflow/example_dags/tutorial_dag.py
[2024-03-26T10:13:51.759+0000] {logging_mixin.py:188} INFO - [2024-03-26T10:13:51.759+0000] {dag.py:3036} INFO - Sync 1 DAGs
[2024-03-26T10:13:51.776+0000] {logging_mixin.py:188} INFO - [2024-03-26T10:13:51.776+0000] {dag.py:3823} INFO - Setting next_dagrun for tutorial_dag to None, run_after=None
[2024-03-26T10:13:51.799+0000] {processor.py:183} INFO - Processing /home/airflow/.local/lib/python3.8/site-packages/airflow/example_dags/tutorial_dag.py took 0.081 seconds
[2024-03-26T10:14:22.071+0000] {processor.py:161} INFO - Started process (PID=250) to work on /home/airflow/.local/lib/python3.8/site-packages/airflow/example_dags/tutorial_dag.py
[2024-03-26T10:14:22.072+0000] {processor.py:830} INFO - Processing file /home/airflow/.local/lib/python3.8/site-packages/airflow/example_dags/tutorial_dag.py for tasks to queue
[2024-03-26T10:14:22.074+0000] {logging_mixin.py:188} INFO - [2024-03-26T10:14:22.074+0000] {dagbag.py:538} INFO - Filling up the DagBag from /home/airflow/.local/lib/python3.8/site-packages/airflow/example_dags/tutorial_dag.py
[2024-03-26T10:14:22.078+0000] {processor.py:840} INFO - DAG(s) 'tutorial_dag' retrieved from /home/airflow/.local/lib/python3.8/site-packages/airflow/example_dags/tutorial_dag.py
[2024-03-26T10:14:22.093+0000] {logging_mixin.py:188} INFO - [2024-03-26T10:14:22.093+0000] {dag.py:3036} INFO - Sync 1 DAGs
[2024-03-26T10:14:22.104+0000] {logging_mixin.py:188} INFO - [2024-03-26T10:14:22.104+0000] {dag.py:3823} INFO - Setting next_dagrun for tutorial_dag to None, run_after=None
[2024-03-26T10:14:22.121+0000] {processor.py:183} INFO - Processing /home/airflow/.local/lib/python3.8/site-packages/airflow/example_dags/tutorial_dag.py took 0.052 seconds
[2024-03-26T10:15:16.510+0000] {processor.py:161} INFO - Started process (PID=79) to work on /home/airflow/.local/lib/python3.8/site-packages/airflow/example_dags/tutorial_dag.py
[2024-03-26T10:15:16.511+0000] {processor.py:830} INFO - Processing file /home/airflow/.local/lib/python3.8/site-packages/airflow/example_dags/tutorial_dag.py for tasks to queue
[2024-03-26T10:15:16.513+0000] {logging_mixin.py:188} INFO - [2024-03-26T10:15:16.513+0000] {dagbag.py:538} INFO - Filling up the DagBag from /home/airflow/.local/lib/python3.8/site-packages/airflow/example_dags/tutorial_dag.py
[2024-03-26T10:15:16.519+0000] {processor.py:840} INFO - DAG(s) 'tutorial_dag' retrieved from /home/airflow/.local/lib/python3.8/site-packages/airflow/example_dags/tutorial_dag.py
[2024-03-26T10:15:16.531+0000] {logging_mixin.py:188} INFO - [2024-03-26T10:15:16.531+0000] {dag.py:3036} INFO - Sync 1 DAGs
[2024-03-26T10:15:16.548+0000] {logging_mixin.py:188} INFO - [2024-03-26T10:15:16.547+0000] {dag.py:3823} INFO - Setting next_dagrun for tutorial_dag to None, run_after=None
[2024-03-26T10:15:16.570+0000] {processor.py:183} INFO - Processing /home/airflow/.local/lib/python3.8/site-packages/airflow/example_dags/tutorial_dag.py took 0.063 seconds
[2024-03-26T10:17:23.820+0000] {processor.py:161} INFO - Started process (PID=79) to work on /home/airflow/.local/lib/python3.8/site-packages/airflow/example_dags/tutorial_dag.py
[2024-03-26T10:17:23.822+0000] {processor.py:830} INFO - Processing file /home/airflow/.local/lib/python3.8/site-packages/airflow/example_dags/tutorial_dag.py for tasks to queue
[2024-03-26T10:17:23.824+0000] {logging_mixin.py:188} INFO - [2024-03-26T10:17:23.823+0000] {dagbag.py:538} INFO - Filling up the DagBag from /home/airflow/.local/lib/python3.8/site-packages/airflow/example_dags/tutorial_dag.py
[2024-03-26T10:17:23.831+0000] {processor.py:840} INFO - DAG(s) 'tutorial_dag' retrieved from /home/airflow/.local/lib/python3.8/site-packages/airflow/example_dags/tutorial_dag.py
[2024-03-26T10:17:23.849+0000] {logging_mixin.py:188} INFO - [2024-03-26T10:17:23.849+0000] {dag.py:3036} INFO - Sync 1 DAGs
[2024-03-26T10:17:23.868+0000] {logging_mixin.py:188} INFO - [2024-03-26T10:17:23.868+0000] {dag.py:3823} INFO - Setting next_dagrun for tutorial_dag to None, run_after=None
[2024-03-26T10:17:23.892+0000] {processor.py:183} INFO - Processing /home/airflow/.local/lib/python3.8/site-packages/airflow/example_dags/tutorial_dag.py took 0.075 seconds
[2024-03-26T10:17:55.413+0000] {processor.py:161} INFO - Started process (PID=136) to work on /home/airflow/.local/lib/python3.8/site-packages/airflow/example_dags/tutorial_dag.py
[2024-03-26T10:17:55.414+0000] {processor.py:830} INFO - Processing file /home/airflow/.local/lib/python3.8/site-packages/airflow/example_dags/tutorial_dag.py for tasks to queue
[2024-03-26T10:17:55.416+0000] {logging_mixin.py:188} INFO - [2024-03-26T10:17:55.416+0000] {dagbag.py:538} INFO - Filling up the DagBag from /home/airflow/.local/lib/python3.8/site-packages/airflow/example_dags/tutorial_dag.py
[2024-03-26T10:17:55.421+0000] {processor.py:840} INFO - DAG(s) 'tutorial_dag' retrieved from /home/airflow/.local/lib/python3.8/site-packages/airflow/example_dags/tutorial_dag.py
[2024-03-26T10:17:55.513+0000] {logging_mixin.py:188} INFO - [2024-03-26T10:17:55.513+0000] {dag.py:3036} INFO - Sync 1 DAGs
[2024-03-26T10:17:55.527+0000] {logging_mixin.py:188} INFO - [2024-03-26T10:17:55.527+0000] {dag.py:3823} INFO - Setting next_dagrun for tutorial_dag to None, run_after=None
[2024-03-26T10:17:55.546+0000] {processor.py:183} INFO - Processing /home/airflow/.local/lib/python3.8/site-packages/airflow/example_dags/tutorial_dag.py took 0.135 seconds
