[2024-04-08T16:21:36.999+0000] {taskinstance.py:1956} INFO - Dependencies all met for dep_context=non-requeueable deps ti=<TaskInstance: liver_disease_pipeline_2.creating_feature_store scheduled__2024-04-07T00:00:00+00:00 [queued]>
[2024-04-08T16:21:37.007+0000] {taskinstance.py:1956} INFO - Dependencies all met for dep_context=requeueable deps ti=<TaskInstance: liver_disease_pipeline_2.creating_feature_store scheduled__2024-04-07T00:00:00+00:00 [queued]>
[2024-04-08T16:21:37.008+0000] {taskinstance.py:2170} INFO - Starting attempt 1 of 2
[2024-04-08T16:21:37.020+0000] {taskinstance.py:2191} INFO - Executing <Task(PythonOperator): creating_feature_store> on 2024-04-07 00:00:00+00:00
[2024-04-08T16:21:37.026+0000] {standard_task_runner.py:60} INFO - Started process 320 to run task
[2024-04-08T16:21:37.028+0000] {standard_task_runner.py:87} INFO - Running: ['***', 'tasks', 'run', 'liver_disease_pipeline_2', 'creating_feature_store', 'scheduled__2024-04-07T00:00:00+00:00', '--job-id', '208', '--raw', '--subdir', 'DAGS_FOLDER/pipeline.py', '--cfg-path', '/tmp/tmphtlakmcn']
[2024-04-08T16:21:37.030+0000] {standard_task_runner.py:88} INFO - Job 208: Subtask creating_feature_store
[2024-04-08T16:21:37.068+0000] {task_command.py:423} INFO - Running <TaskInstance: liver_disease_pipeline_2.creating_feature_store scheduled__2024-04-07T00:00:00+00:00 [running]> on host 60be0e44a1a9
[2024-04-08T16:21:37.133+0000] {taskinstance.py:2480} INFO - Exporting env vars: AIRFLOW_CTX_DAG_EMAIL='admin@localhost.com' AIRFLOW_CTX_DAG_OWNER='***' AIRFLOW_CTX_DAG_ID='liver_disease_pipeline_2' AIRFLOW_CTX_TASK_ID='creating_feature_store' AIRFLOW_CTX_EXECUTION_DATE='2024-04-07T00:00:00+00:00' AIRFLOW_CTX_TRY_NUMBER='1' AIRFLOW_CTX_DAG_RUN_ID='scheduled__2024-04-07T00:00:00+00:00'
[2024-04-08T16:21:43.690+0000] {logging_mixin.py:188} INFO - Uploaded X_train.csv to feature_store/X_train.csv.
[2024-04-08T16:21:44.988+0000] {logging_mixin.py:188} INFO - Uploaded X_test.csv to feature_store/X_test.csv.
[2024-04-08T16:21:45.527+0000] {logging_mixin.py:188} INFO - Uploaded y_train.csv to feature_store/y_train.csv.
[2024-04-08T16:21:46.295+0000] {logging_mixin.py:188} INFO - Uploaded y_test.csv to feature_store/y_test.csv.
[2024-04-08T16:21:46.296+0000] {logging_mixin.py:188} INFO - File X_train.csv removed successfully.
[2024-04-08T16:21:46.297+0000] {logging_mixin.py:188} INFO - File X_test.csv removed successfully.
[2024-04-08T16:21:46.297+0000] {logging_mixin.py:188} INFO - File y_train.csv removed successfully.
[2024-04-08T16:21:46.298+0000] {logging_mixin.py:188} INFO - File y_test.csv removed successfully.
[2024-04-08T16:21:46.300+0000] {python.py:201} INFO - Done. Returned value was: None
[2024-04-08T16:21:46.311+0000] {taskinstance.py:1138} INFO - Marking task as SUCCESS. dag_id=liver_disease_pipeline_2, task_id=creating_feature_store, execution_date=20240407T000000, start_date=20240408T162137, end_date=20240408T162146
[2024-04-08T16:21:46.486+0000] {local_task_job_runner.py:234} INFO - Task exited with return code 0
[2024-04-08T16:21:46.743+0000] {taskinstance.py:3280} INFO - 1 downstream tasks scheduled from follow-on schedule check
