[2024-04-07T17:32:00.855+0000] {taskinstance.py:1956} INFO - Dependencies all met for dep_context=non-requeueable deps ti=<TaskInstance: liver_disease_pipeline_2.creating_feature_store manual__2024-04-07T17:31:46.222224+00:00 [queued]>
[2024-04-07T17:32:00.866+0000] {taskinstance.py:1956} INFO - Dependencies all met for dep_context=requeueable deps ti=<TaskInstance: liver_disease_pipeline_2.creating_feature_store manual__2024-04-07T17:31:46.222224+00:00 [queued]>
[2024-04-07T17:32:00.867+0000] {taskinstance.py:2170} INFO - Starting attempt 1 of 2
[2024-04-07T17:32:00.884+0000] {taskinstance.py:2191} INFO - Executing <Task(PythonOperator): creating_feature_store> on 2024-04-07 17:31:46.222224+00:00
[2024-04-07T17:32:00.891+0000] {standard_task_runner.py:60} INFO - Started process 503 to run task
[2024-04-07T17:32:00.895+0000] {standard_task_runner.py:87} INFO - Running: ['***', 'tasks', 'run', 'liver_disease_pipeline_2', 'creating_feature_store', 'manual__2024-04-07T17:31:46.222224+00:00', '--job-id', '179', '--raw', '--subdir', 'DAGS_FOLDER/pipeline.py', '--cfg-path', '/tmp/tmpdhww3tb1']
[2024-04-07T17:32:00.897+0000] {standard_task_runner.py:88} INFO - Job 179: Subtask creating_feature_store
[2024-04-07T17:32:00.947+0000] {task_command.py:423} INFO - Running <TaskInstance: liver_disease_pipeline_2.creating_feature_store manual__2024-04-07T17:31:46.222224+00:00 [running]> on host 60be0e44a1a9
[2024-04-07T17:32:01.030+0000] {taskinstance.py:2480} INFO - Exporting env vars: AIRFLOW_CTX_DAG_EMAIL='admin@localhost.com' AIRFLOW_CTX_DAG_OWNER='***' AIRFLOW_CTX_DAG_ID='liver_disease_pipeline_2' AIRFLOW_CTX_TASK_ID='creating_feature_store' AIRFLOW_CTX_EXECUTION_DATE='2024-04-07T17:31:46.222224+00:00' AIRFLOW_CTX_TRY_NUMBER='1' AIRFLOW_CTX_DAG_RUN_ID='manual__2024-04-07T17:31:46.222224+00:00'
[2024-04-07T17:32:04.497+0000] {logging_mixin.py:188} INFO - Uploaded X_train.csv to feature_store/X_train.csv.
[2024-04-07T17:32:05.640+0000] {logging_mixin.py:188} INFO - Uploaded X_test.csv to feature_store/X_test.csv.
[2024-04-07T17:32:06.069+0000] {logging_mixin.py:188} INFO - Uploaded y_train.csv to feature_store/y_train.csv.
[2024-04-07T17:32:06.525+0000] {logging_mixin.py:188} INFO - Uploaded y_test.csv to feature_store/y_test.csv.
[2024-04-07T17:32:06.526+0000] {logging_mixin.py:188} INFO - File X_train.csv removed successfully.
[2024-04-07T17:32:06.527+0000] {logging_mixin.py:188} INFO - File X_test.csv removed successfully.
[2024-04-07T17:32:06.527+0000] {logging_mixin.py:188} INFO - File y_train.csv removed successfully.
[2024-04-07T17:32:06.528+0000] {logging_mixin.py:188} INFO - File y_test.csv removed successfully.
[2024-04-07T17:32:06.529+0000] {python.py:201} INFO - Done. Returned value was: None
[2024-04-07T17:32:06.539+0000] {taskinstance.py:1138} INFO - Marking task as SUCCESS. dag_id=liver_disease_pipeline_2, task_id=creating_feature_store, execution_date=20240407T173146, start_date=20240407T173200, end_date=20240407T173206
[2024-04-07T17:32:06.597+0000] {local_task_job_runner.py:234} INFO - Task exited with return code 0
[2024-04-07T17:32:06.622+0000] {taskinstance.py:3280} INFO - 1 downstream tasks scheduled from follow-on schedule check
