[2024-03-26T12:41:35.911+0000] {taskinstance.py:1956} INFO - Dependencies all met for dep_context=non-requeueable deps ti=<TaskInstance: liver_disease_pipeline.model_evaluator manual__2024-03-26T12:41:08.274698+00:00 [queued]>
[2024-03-26T12:41:35.919+0000] {taskinstance.py:1956} INFO - Dependencies all met for dep_context=requeueable deps ti=<TaskInstance: liver_disease_pipeline.model_evaluator manual__2024-03-26T12:41:08.274698+00:00 [queued]>
[2024-03-26T12:41:35.919+0000] {taskinstance.py:2170} INFO - Starting attempt 1 of 2
[2024-03-26T12:41:35.930+0000] {taskinstance.py:2191} INFO - Executing <Task(PythonOperator): model_evaluator> on 2024-03-26 12:41:08.274698+00:00
[2024-03-26T12:41:35.935+0000] {standard_task_runner.py:60} INFO - Started process 504 to run task
[2024-03-26T12:41:35.937+0000] {standard_task_runner.py:87} INFO - Running: ['***', 'tasks', 'run', 'liver_disease_pipeline', 'model_evaluator', 'manual__2024-03-26T12:41:08.274698+00:00', '--job-id', '98', '--raw', '--subdir', 'DAGS_FOLDER/pipeline.py', '--cfg-path', '/tmp/tmp20mmdys8']
[2024-03-26T12:41:35.939+0000] {standard_task_runner.py:88} INFO - Job 98: Subtask model_evaluator
[2024-03-26T12:41:36.047+0000] {task_command.py:423} INFO - Running <TaskInstance: liver_disease_pipeline.model_evaluator manual__2024-03-26T12:41:08.274698+00:00 [running]> on host 26e863625f16
[2024-03-26T12:41:36.112+0000] {taskinstance.py:2480} INFO - Exporting env vars: AIRFLOW_CTX_DAG_EMAIL='admin@localhost.com' AIRFLOW_CTX_DAG_OWNER='***' AIRFLOW_CTX_DAG_ID='liver_disease_pipeline' AIRFLOW_CTX_TASK_ID='model_evaluator' AIRFLOW_CTX_EXECUTION_DATE='2024-03-26T12:41:08.274698+00:00' AIRFLOW_CTX_TRY_NUMBER='1' AIRFLOW_CTX_DAG_RUN_ID='manual__2024-03-26T12:41:08.274698+00:00'
[2024-03-26T12:41:38.090+0000] {logging_mixin.py:188} WARNING - Downloading artifacts:   0%|          | 0/5 [00:00<?, ?it/s]
[2024-03-26T12:41:38.468+0000] {logging_mixin.py:188} WARNING - Downloading artifacts:  20%|##        | 1/5 [00:00<00:01,  2.65it/s]
[2024-03-26T12:41:38.469+0000] {logging_mixin.py:188} WARNING - Downloading artifacts:  20%|##        | 1/5 [00:00<00:01,  2.65it/s]
[2024-03-26T12:41:38.477+0000] {logging_mixin.py:188} WARNING - Downloading artifacts:  40%|####      | 2/5 [00:00<00:01,  2.65it/s]
[2024-03-26T12:41:38.478+0000] {logging_mixin.py:188} WARNING - Downloading artifacts:  60%|######    | 3/5 [00:00<00:00,  2.65it/s]
[2024-03-26T12:41:38.482+0000] {logging_mixin.py:188} WARNING - Downloading artifacts:  80%|########  | 4/5 [00:00<00:00,  2.65it/s]
[2024-03-26T12:41:40.922+0000] {logging_mixin.py:188} WARNING - Downloading artifacts: 100%|##########| 5/5 [00:02<00:00,  1.73it/s]
[2024-03-26T12:41:40.923+0000] {logging_mixin.py:188} WARNING - Downloading artifacts: 100%|##########| 5/5 [00:02<00:00,  1.73it/s]
[2024-03-26T12:41:40.923+0000] {logging_mixin.py:188} WARNING - Downloading artifacts: 100%|##########| 5/5 [00:02<00:00,  1.77it/s]
[2024-03-26T12:41:41.411+0000] {logging_mixin.py:188} WARNING - /home/***/.local/lib/python3.8/site-packages/sklearn/base.py:348 InconsistentVersionWarning: Trying to unpickle estimator DecisionTreeClassifier from version 1.4.1.post1 when using version 1.3.2. This might lead to breaking code or invalid results. Use at your own risk. For more info please refer to:
https://scikit-learn.org/stable/model_persistence.html#security-maintainability-limitations
[2024-03-26T12:41:41.416+0000] {logging_mixin.py:188} WARNING - /home/***/.local/lib/python3.8/site-packages/sklearn/base.py:348 InconsistentVersionWarning: Trying to unpickle estimator RandomForestClassifier from version 1.4.1.post1 when using version 1.3.2. This might lead to breaking code or invalid results. Use at your own risk. For more info please refer to:
https://scikit-learn.org/stable/model_persistence.html#security-maintainability-limitations
[2024-03-26T12:41:41.420+0000] {logging_mixin.py:188} INFO - Error finding model with lowest accuracy: name 'os' is not defined
[2024-03-26T12:41:41.420+0000] {python.py:201} INFO - Done. Returned value was: None
[2024-03-26T12:41:41.428+0000] {taskinstance.py:1138} INFO - Marking task as SUCCESS. dag_id=liver_disease_pipeline, task_id=model_evaluator, execution_date=20240326T124108, start_date=20240326T124135, end_date=20240326T124141
[2024-03-26T12:41:41.478+0000] {local_task_job_runner.py:234} INFO - Task exited with return code 0
[2024-03-26T12:41:41.494+0000] {taskinstance.py:3280} INFO - 0 downstream tasks scheduled from follow-on schedule check
