[2024-04-09T05:37:53.753+0000] {processor.py:161} INFO - Started process (PID=15063) to work on /opt/airflow/dags/pipeline.py
[2024-04-09T05:37:53.756+0000] {processor.py:830} INFO - Processing file /opt/airflow/dags/pipeline.py for tasks to queue
[2024-04-09T05:37:53.759+0000] {logging_mixin.py:188} INFO - [2024-04-09T05:37:53.758+0000] {dagbag.py:538} INFO - Filling up the DagBag from /opt/airflow/dags/pipeline.py
[2024-04-09T05:37:56.225+0000] {processor.py:840} INFO - DAG(s) 'liver_disease_pipeline_2' retrieved from /opt/airflow/dags/pipeline.py
[2024-04-09T05:37:56.260+0000] {logging_mixin.py:188} INFO - [2024-04-09T05:37:56.260+0000] {dag.py:3036} INFO - Sync 1 DAGs
[2024-04-09T05:37:56.289+0000] {logging_mixin.py:188} INFO - [2024-04-09T05:37:56.288+0000] {dag.py:3823} INFO - Setting next_dagrun for liver_disease_pipeline_2 to 2024-04-09 00:00:00+00:00, run_after=2024-04-10 00:00:00+00:00
[2024-04-09T05:37:56.318+0000] {processor.py:183} INFO - Processing /opt/airflow/dags/pipeline.py took 2.578 seconds
[2024-04-09T05:38:26.682+0000] {processor.py:161} INFO - Started process (PID=15268) to work on /opt/airflow/dags/pipeline.py
[2024-04-09T05:38:26.683+0000] {processor.py:830} INFO - Processing file /opt/airflow/dags/pipeline.py for tasks to queue
[2024-04-09T05:38:26.684+0000] {logging_mixin.py:188} INFO - [2024-04-09T05:38:26.684+0000] {dagbag.py:538} INFO - Filling up the DagBag from /opt/airflow/dags/pipeline.py
[2024-04-09T05:38:27.725+0000] {processor.py:840} INFO - DAG(s) 'liver_disease_pipeline_2' retrieved from /opt/airflow/dags/pipeline.py
[2024-04-09T05:38:27.754+0000] {logging_mixin.py:188} INFO - [2024-04-09T05:38:27.754+0000] {dag.py:3036} INFO - Sync 1 DAGs
[2024-04-09T05:38:27.777+0000] {logging_mixin.py:188} INFO - [2024-04-09T05:38:27.776+0000] {dag.py:3823} INFO - Setting next_dagrun for liver_disease_pipeline_2 to 2024-04-09 00:00:00+00:00, run_after=2024-04-10 00:00:00+00:00
[2024-04-09T05:38:27.797+0000] {processor.py:183} INFO - Processing /opt/airflow/dags/pipeline.py took 1.118 seconds
[2024-04-09T05:38:58.541+0000] {processor.py:161} INFO - Started process (PID=15316) to work on /opt/airflow/dags/pipeline.py
[2024-04-09T05:38:58.542+0000] {processor.py:830} INFO - Processing file /opt/airflow/dags/pipeline.py for tasks to queue
[2024-04-09T05:38:58.544+0000] {logging_mixin.py:188} INFO - [2024-04-09T05:38:58.543+0000] {dagbag.py:538} INFO - Filling up the DagBag from /opt/airflow/dags/pipeline.py
[2024-04-09T05:38:59.137+0000] {processor.py:840} INFO - DAG(s) 'liver_disease_pipeline_2' retrieved from /opt/airflow/dags/pipeline.py
[2024-04-09T05:38:59.168+0000] {logging_mixin.py:188} INFO - [2024-04-09T05:38:59.168+0000] {dag.py:3036} INFO - Sync 1 DAGs
[2024-04-09T05:38:59.190+0000] {logging_mixin.py:188} INFO - [2024-04-09T05:38:59.189+0000] {dag.py:3823} INFO - Setting next_dagrun for liver_disease_pipeline_2 to 2024-04-09 00:00:00+00:00, run_after=2024-04-10 00:00:00+00:00
[2024-04-09T05:38:59.209+0000] {processor.py:183} INFO - Processing /opt/airflow/dags/pipeline.py took 1.133 seconds
[2024-04-09T05:39:30.132+0000] {processor.py:161} INFO - Started process (PID=15370) to work on /opt/airflow/dags/pipeline.py
[2024-04-09T05:39:30.133+0000] {processor.py:830} INFO - Processing file /opt/airflow/dags/pipeline.py for tasks to queue
[2024-04-09T05:39:30.134+0000] {logging_mixin.py:188} INFO - [2024-04-09T05:39:30.134+0000] {dagbag.py:538} INFO - Filling up the DagBag from /opt/airflow/dags/pipeline.py
[2024-04-09T05:39:31.250+0000] {processor.py:840} INFO - DAG(s) 'liver_disease_pipeline_2' retrieved from /opt/airflow/dags/pipeline.py
[2024-04-09T05:39:31.279+0000] {logging_mixin.py:188} INFO - [2024-04-09T05:39:31.278+0000] {dag.py:3036} INFO - Sync 1 DAGs
[2024-04-09T05:39:31.301+0000] {logging_mixin.py:188} INFO - [2024-04-09T05:39:31.301+0000] {dag.py:3823} INFO - Setting next_dagrun for liver_disease_pipeline_2 to 2024-04-09 00:00:00+00:00, run_after=2024-04-10 00:00:00+00:00
[2024-04-09T05:39:31.321+0000] {processor.py:183} INFO - Processing /opt/airflow/dags/pipeline.py took 1.191 seconds
[2024-04-09T05:40:02.206+0000] {processor.py:161} INFO - Started process (PID=15418) to work on /opt/airflow/dags/pipeline.py
[2024-04-09T05:40:02.208+0000] {processor.py:830} INFO - Processing file /opt/airflow/dags/pipeline.py for tasks to queue
[2024-04-09T05:40:02.210+0000] {logging_mixin.py:188} INFO - [2024-04-09T05:40:02.210+0000] {dagbag.py:538} INFO - Filling up the DagBag from /opt/airflow/dags/pipeline.py
[2024-04-09T05:40:03.455+0000] {processor.py:840} INFO - DAG(s) 'liver_disease_pipeline_2' retrieved from /opt/airflow/dags/pipeline.py
[2024-04-09T05:40:03.484+0000] {logging_mixin.py:188} INFO - [2024-04-09T05:40:03.483+0000] {dag.py:3036} INFO - Sync 1 DAGs
[2024-04-09T05:40:03.503+0000] {logging_mixin.py:188} INFO - [2024-04-09T05:40:03.503+0000] {dag.py:3823} INFO - Setting next_dagrun for liver_disease_pipeline_2 to 2024-04-09 00:00:00+00:00, run_after=2024-04-10 00:00:00+00:00
[2024-04-09T05:40:03.527+0000] {processor.py:183} INFO - Processing /opt/airflow/dags/pipeline.py took 1.324 seconds
[2024-04-09T05:40:33.632+0000] {processor.py:161} INFO - Started process (PID=15466) to work on /opt/airflow/dags/pipeline.py
[2024-04-09T05:40:33.634+0000] {processor.py:830} INFO - Processing file /opt/airflow/dags/pipeline.py for tasks to queue
[2024-04-09T05:40:33.635+0000] {logging_mixin.py:188} INFO - [2024-04-09T05:40:33.635+0000] {dagbag.py:538} INFO - Filling up the DagBag from /opt/airflow/dags/pipeline.py
[2024-04-09T05:40:34.712+0000] {processor.py:840} INFO - DAG(s) 'liver_disease_pipeline_2' retrieved from /opt/airflow/dags/pipeline.py
[2024-04-09T05:40:34.740+0000] {logging_mixin.py:188} INFO - [2024-04-09T05:40:34.740+0000] {dag.py:3036} INFO - Sync 1 DAGs
[2024-04-09T05:40:34.764+0000] {logging_mixin.py:188} INFO - [2024-04-09T05:40:34.764+0000] {dag.py:3823} INFO - Setting next_dagrun for liver_disease_pipeline_2 to 2024-04-09 00:00:00+00:00, run_after=2024-04-10 00:00:00+00:00
[2024-04-09T05:40:34.785+0000] {processor.py:183} INFO - Processing /opt/airflow/dags/pipeline.py took 1.158 seconds
[2024-04-09T05:41:04.985+0000] {processor.py:161} INFO - Started process (PID=15514) to work on /opt/airflow/dags/pipeline.py
[2024-04-09T05:41:04.987+0000] {processor.py:830} INFO - Processing file /opt/airflow/dags/pipeline.py for tasks to queue
[2024-04-09T05:41:04.988+0000] {logging_mixin.py:188} INFO - [2024-04-09T05:41:04.988+0000] {dagbag.py:538} INFO - Filling up the DagBag from /opt/airflow/dags/pipeline.py
[2024-04-09T05:41:06.160+0000] {processor.py:840} INFO - DAG(s) 'liver_disease_pipeline_2' retrieved from /opt/airflow/dags/pipeline.py
[2024-04-09T05:41:06.187+0000] {logging_mixin.py:188} INFO - [2024-04-09T05:41:06.187+0000] {dag.py:3036} INFO - Sync 1 DAGs
[2024-04-09T05:41:06.208+0000] {logging_mixin.py:188} INFO - [2024-04-09T05:41:06.208+0000] {dag.py:3823} INFO - Setting next_dagrun for liver_disease_pipeline_2 to 2024-04-09 00:00:00+00:00, run_after=2024-04-10 00:00:00+00:00
[2024-04-09T05:41:06.227+0000] {processor.py:183} INFO - Processing /opt/airflow/dags/pipeline.py took 1.245 seconds
[2024-04-09T05:41:36.333+0000] {processor.py:161} INFO - Started process (PID=15562) to work on /opt/airflow/dags/pipeline.py
[2024-04-09T05:41:36.335+0000] {processor.py:830} INFO - Processing file /opt/airflow/dags/pipeline.py for tasks to queue
[2024-04-09T05:41:36.336+0000] {logging_mixin.py:188} INFO - [2024-04-09T05:41:36.335+0000] {dagbag.py:538} INFO - Filling up the DagBag from /opt/airflow/dags/pipeline.py
[2024-04-09T05:41:37.276+0000] {processor.py:840} INFO - DAG(s) 'liver_disease_pipeline_2' retrieved from /opt/airflow/dags/pipeline.py
[2024-04-09T05:41:37.303+0000] {logging_mixin.py:188} INFO - [2024-04-09T05:41:37.303+0000] {dag.py:3036} INFO - Sync 1 DAGs
[2024-04-09T05:41:37.322+0000] {logging_mixin.py:188} INFO - [2024-04-09T05:41:37.322+0000] {dag.py:3823} INFO - Setting next_dagrun for liver_disease_pipeline_2 to 2024-04-09 00:00:00+00:00, run_after=2024-04-10 00:00:00+00:00
[2024-04-09T05:41:37.343+0000] {processor.py:183} INFO - Processing /opt/airflow/dags/pipeline.py took 1.013 seconds
[2024-04-09T05:42:07.557+0000] {processor.py:161} INFO - Started process (PID=15610) to work on /opt/airflow/dags/pipeline.py
[2024-04-09T05:42:07.559+0000] {processor.py:830} INFO - Processing file /opt/airflow/dags/pipeline.py for tasks to queue
[2024-04-09T05:42:07.560+0000] {logging_mixin.py:188} INFO - [2024-04-09T05:42:07.560+0000] {dagbag.py:538} INFO - Filling up the DagBag from /opt/airflow/dags/pipeline.py
[2024-04-09T05:42:08.785+0000] {processor.py:840} INFO - DAG(s) 'liver_disease_pipeline_2' retrieved from /opt/airflow/dags/pipeline.py
[2024-04-09T05:42:08.809+0000] {logging_mixin.py:188} INFO - [2024-04-09T05:42:08.808+0000] {dag.py:3036} INFO - Sync 1 DAGs
[2024-04-09T05:42:08.826+0000] {logging_mixin.py:188} INFO - [2024-04-09T05:42:08.826+0000] {dag.py:3823} INFO - Setting next_dagrun for liver_disease_pipeline_2 to 2024-04-09 00:00:00+00:00, run_after=2024-04-10 00:00:00+00:00
[2024-04-09T05:42:08.846+0000] {processor.py:183} INFO - Processing /opt/airflow/dags/pipeline.py took 1.292 seconds
[2024-04-09T05:42:39.013+0000] {processor.py:161} INFO - Started process (PID=15658) to work on /opt/airflow/dags/pipeline.py
[2024-04-09T05:42:39.014+0000] {processor.py:830} INFO - Processing file /opt/airflow/dags/pipeline.py for tasks to queue
[2024-04-09T05:42:39.016+0000] {logging_mixin.py:188} INFO - [2024-04-09T05:42:39.016+0000] {dagbag.py:538} INFO - Filling up the DagBag from /opt/airflow/dags/pipeline.py
[2024-04-09T05:42:40.285+0000] {processor.py:840} INFO - DAG(s) 'liver_disease_pipeline_2' retrieved from /opt/airflow/dags/pipeline.py
[2024-04-09T05:42:40.313+0000] {logging_mixin.py:188} INFO - [2024-04-09T05:42:40.313+0000] {dag.py:3036} INFO - Sync 1 DAGs
[2024-04-09T05:42:40.335+0000] {logging_mixin.py:188} INFO - [2024-04-09T05:42:40.334+0000] {dag.py:3823} INFO - Setting next_dagrun for liver_disease_pipeline_2 to 2024-04-09 00:00:00+00:00, run_after=2024-04-10 00:00:00+00:00
[2024-04-09T05:42:40.355+0000] {processor.py:183} INFO - Processing /opt/airflow/dags/pipeline.py took 1.346 seconds
[2024-04-09T05:43:10.514+0000] {processor.py:161} INFO - Started process (PID=15706) to work on /opt/airflow/dags/pipeline.py
[2024-04-09T05:43:10.516+0000] {processor.py:830} INFO - Processing file /opt/airflow/dags/pipeline.py for tasks to queue
[2024-04-09T05:43:10.518+0000] {logging_mixin.py:188} INFO - [2024-04-09T05:43:10.517+0000] {dagbag.py:538} INFO - Filling up the DagBag from /opt/airflow/dags/pipeline.py
[2024-04-09T05:43:11.619+0000] {processor.py:840} INFO - DAG(s) 'liver_disease_pipeline_2' retrieved from /opt/airflow/dags/pipeline.py
[2024-04-09T05:43:11.648+0000] {logging_mixin.py:188} INFO - [2024-04-09T05:43:11.648+0000] {dag.py:3036} INFO - Sync 1 DAGs
[2024-04-09T05:43:11.669+0000] {logging_mixin.py:188} INFO - [2024-04-09T05:43:11.668+0000] {dag.py:3823} INFO - Setting next_dagrun for liver_disease_pipeline_2 to 2024-04-09 00:00:00+00:00, run_after=2024-04-10 00:00:00+00:00
[2024-04-09T05:43:11.691+0000] {processor.py:183} INFO - Processing /opt/airflow/dags/pipeline.py took 1.180 seconds
[2024-04-09T05:50:42.321+0000] {processor.py:161} INFO - Started process (PID=15739) to work on /opt/airflow/dags/pipeline.py
[2024-04-09T05:50:42.332+0000] {processor.py:830} INFO - Processing file /opt/airflow/dags/pipeline.py for tasks to queue
[2024-04-09T05:50:42.335+0000] {logging_mixin.py:188} INFO - [2024-04-09T05:50:42.334+0000] {dagbag.py:538} INFO - Filling up the DagBag from /opt/airflow/dags/pipeline.py
[2024-04-09T05:50:44.555+0000] {processor.py:840} INFO - DAG(s) 'liver_disease_pipeline_2' retrieved from /opt/airflow/dags/pipeline.py
[2024-04-09T05:50:44.593+0000] {logging_mixin.py:188} INFO - [2024-04-09T05:50:44.593+0000] {dag.py:3036} INFO - Sync 1 DAGs
[2024-04-09T05:50:44.622+0000] {logging_mixin.py:188} INFO - [2024-04-09T05:50:44.622+0000] {dag.py:3823} INFO - Setting next_dagrun for liver_disease_pipeline_2 to 2024-04-09 00:00:00+00:00, run_after=2024-04-10 00:00:00+00:00
[2024-04-09T05:50:44.649+0000] {processor.py:183} INFO - Processing /opt/airflow/dags/pipeline.py took 2.333 seconds
[2024-04-09T05:51:14.853+0000] {processor.py:161} INFO - Started process (PID=15787) to work on /opt/airflow/dags/pipeline.py
[2024-04-09T05:51:14.854+0000] {processor.py:830} INFO - Processing file /opt/airflow/dags/pipeline.py for tasks to queue
[2024-04-09T05:51:14.855+0000] {logging_mixin.py:188} INFO - [2024-04-09T05:51:14.854+0000] {dagbag.py:538} INFO - Filling up the DagBag from /opt/airflow/dags/pipeline.py
[2024-04-09T05:51:15.718+0000] {processor.py:840} INFO - DAG(s) 'liver_disease_pipeline_2' retrieved from /opt/airflow/dags/pipeline.py
[2024-04-09T05:51:15.741+0000] {logging_mixin.py:188} INFO - [2024-04-09T05:51:15.741+0000] {dag.py:3036} INFO - Sync 1 DAGs
[2024-04-09T05:51:15.758+0000] {logging_mixin.py:188} INFO - [2024-04-09T05:51:15.758+0000] {dag.py:3823} INFO - Setting next_dagrun for liver_disease_pipeline_2 to 2024-04-09 00:00:00+00:00, run_after=2024-04-10 00:00:00+00:00
[2024-04-09T05:51:15.774+0000] {processor.py:183} INFO - Processing /opt/airflow/dags/pipeline.py took 0.923 seconds
[2024-04-09T05:51:46.124+0000] {processor.py:161} INFO - Started process (PID=15835) to work on /opt/airflow/dags/pipeline.py
[2024-04-09T05:51:46.125+0000] {processor.py:830} INFO - Processing file /opt/airflow/dags/pipeline.py for tasks to queue
[2024-04-09T05:51:46.126+0000] {logging_mixin.py:188} INFO - [2024-04-09T05:51:46.126+0000] {dagbag.py:538} INFO - Filling up the DagBag from /opt/airflow/dags/pipeline.py
[2024-04-09T05:51:47.320+0000] {processor.py:840} INFO - DAG(s) 'liver_disease_pipeline_2' retrieved from /opt/airflow/dags/pipeline.py
[2024-04-09T05:51:47.348+0000] {logging_mixin.py:188} INFO - [2024-04-09T05:51:47.347+0000] {dag.py:3036} INFO - Sync 1 DAGs
[2024-04-09T05:51:47.367+0000] {logging_mixin.py:188} INFO - [2024-04-09T05:51:47.367+0000] {dag.py:3823} INFO - Setting next_dagrun for liver_disease_pipeline_2 to 2024-04-09 00:00:00+00:00, run_after=2024-04-10 00:00:00+00:00
[2024-04-09T05:51:47.388+0000] {processor.py:183} INFO - Processing /opt/airflow/dags/pipeline.py took 1.266 seconds
