[2024-04-08T16:23:23.316+0000] {taskinstance.py:1956} INFO - Dependencies all met for dep_context=non-requeueable deps ti=<TaskInstance: liver_disease_pipeline_2.creating_feature_store manual__2024-04-08T16:23:01.900148+00:00 [queued]>
[2024-04-08T16:23:23.327+0000] {taskinstance.py:1956} INFO - Dependencies all met for dep_context=requeueable deps ti=<TaskInstance: liver_disease_pipeline_2.creating_feature_store manual__2024-04-08T16:23:01.900148+00:00 [queued]>
[2024-04-08T16:23:23.327+0000] {taskinstance.py:2170} INFO - Starting attempt 1 of 2
[2024-04-08T16:23:23.342+0000] {taskinstance.py:2191} INFO - Executing <Task(PythonOperator): creating_feature_store> on 2024-04-08 16:23:01.900148+00:00
[2024-04-08T16:23:23.348+0000] {standard_task_runner.py:60} INFO - Started process 624 to run task
[2024-04-08T16:23:23.350+0000] {standard_task_runner.py:87} INFO - Running: ['***', 'tasks', 'run', 'liver_disease_pipeline_2', 'creating_feature_store', 'manual__2024-04-08T16:23:01.900148+00:00', '--job-id', '216', '--raw', '--subdir', 'DAGS_FOLDER/pipeline.py', '--cfg-path', '/tmp/tmpv728_w3y']
[2024-04-08T16:23:23.352+0000] {standard_task_runner.py:88} INFO - Job 216: Subtask creating_feature_store
[2024-04-08T16:23:23.390+0000] {task_command.py:423} INFO - Running <TaskInstance: liver_disease_pipeline_2.creating_feature_store manual__2024-04-08T16:23:01.900148+00:00 [running]> on host 60be0e44a1a9
[2024-04-08T16:23:23.467+0000] {taskinstance.py:2480} INFO - Exporting env vars: AIRFLOW_CTX_DAG_EMAIL='admin@localhost.com' AIRFLOW_CTX_DAG_OWNER='***' AIRFLOW_CTX_DAG_ID='liver_disease_pipeline_2' AIRFLOW_CTX_TASK_ID='creating_feature_store' AIRFLOW_CTX_EXECUTION_DATE='2024-04-08T16:23:01.900148+00:00' AIRFLOW_CTX_TRY_NUMBER='1' AIRFLOW_CTX_DAG_RUN_ID='manual__2024-04-08T16:23:01.900148+00:00'
[2024-04-08T16:23:31.077+0000] {logging_mixin.py:188} INFO - Uploaded X_train.csv to feature_store/X_train.csv.
[2024-04-08T16:23:31.988+0000] {logging_mixin.py:188} INFO - Uploaded X_test.csv to feature_store/X_test.csv.
[2024-04-08T16:23:34.896+0000] {logging_mixin.py:188} INFO - Uploaded y_train.csv to feature_store/y_train.csv.
[2024-04-08T16:23:36.246+0000] {logging_mixin.py:188} INFO - Uploaded y_test.csv to feature_store/y_test.csv.
[2024-04-08T16:23:36.247+0000] {logging_mixin.py:188} INFO - File X_train.csv removed successfully.
[2024-04-08T16:23:36.248+0000] {logging_mixin.py:188} INFO - File X_test.csv removed successfully.
[2024-04-08T16:23:36.249+0000] {logging_mixin.py:188} INFO - File y_train.csv removed successfully.
[2024-04-08T16:23:36.250+0000] {logging_mixin.py:188} INFO - File y_test.csv removed successfully.
[2024-04-08T16:23:36.251+0000] {python.py:201} INFO - Done. Returned value was: None
[2024-04-08T16:23:36.261+0000] {taskinstance.py:1138} INFO - Marking task as SUCCESS. dag_id=liver_disease_pipeline_2, task_id=creating_feature_store, execution_date=20240408T162301, start_date=20240408T162323, end_date=20240408T162336
[2024-04-08T16:23:36.383+0000] {local_task_job_runner.py:234} INFO - Task exited with return code 0
[2024-04-08T16:23:36.406+0000] {taskinstance.py:3280} INFO - 1 downstream tasks scheduled from follow-on schedule check
